     1 00000000                                 [FORMAT "WCOFF"]
     2 00000000                                 [INSTRSET "i486p"]
     3 00000000                                 [OPTIMIZE 1]
     4 00000000                                 [OPTION 1]
     5 00000000                                 [BITS 32]
     6 00000000                                 	EXTERN	_init_gdtidt
     7 00000000                                 	EXTERN	_init_pic
     8 00000000                                 	EXTERN	_io_sti
     9 00000000                                 	EXTERN	_fifo32_init
    10 00000000                                 	EXTERN	_init_pit
    11 00000000                                 	EXTERN	_init_keyboard
    12 00000000                                 	EXTERN	_enable_mouse
    13 00000000                                 	EXTERN	_io_out8
    14 00000000                                 	EXTERN	_timer_alloc
    15 00000000                                 	EXTERN	_timer_init
    16 00000000                                 	EXTERN	_timer_settime
    17 00000000                                 	EXTERN	_memtest
    18 00000000                                 	EXTERN	_memman_init
    19 00000000                                 	EXTERN	_memman_free
    20 00000000                                 	EXTERN	_init_palette
    21 00000000                                 	EXTERN	_shtctl_init
    22 00000000                                 	EXTERN	_sheet_alloc
    23 00000000                                 	EXTERN	_memman_alloc_4k
    24 00000000                                 	EXTERN	_sheet_setbuf
    25 00000000                                 	EXTERN	_init_screen8
    26 00000000                                 	EXTERN	_init_mouse_cursor8
    27 00000000                                 	EXTERN	_sheet_slide
    28 00000000                                 	EXTERN	_sheet_updown
    29 00000000                                 	EXTERN	_sprintf
    30 00000000                                 	EXTERN	_memman_total
    31 00000000                                 	EXTERN	_io_cli
    32 00000000                                 	EXTERN	_fifo32_status
    33 00000000                                 	EXTERN	_fifo32_get
    34 00000000                                 	EXTERN	_boxfill8
    35 00000000                                 	EXTERN	_sheet_refresh
    36 00000000                                 	EXTERN	_mouse_decode
    37 00000000                                 	EXTERN	_keytable.0
    38 00000000                                 	EXTERN	_io_stihlt
    39 00000000                                 	EXTERN	_putfonts8_asc
    40 00000000                                 [FILE "bootpack.c"]
    41                                          [SECTION .data]
    42 00000000                                 _keytable.0:
    43 00000000 00                              	DB	0
    44 00000001 00                              	DB	0
    45 00000002 31                              	DB	49
    46 00000003 32                              	DB	50
    47 00000004 33                              	DB	51
    48 00000005 34                              	DB	52
    49 00000006 35                              	DB	53
    50 00000007 36                              	DB	54
    51 00000008 37                              	DB	55
    52 00000009 38                              	DB	56
    53 0000000A 39                              	DB	57
    54 0000000B 30                              	DB	48
    55 0000000C 2D                              	DB	45
    56 0000000D 5E                              	DB	94
    57 0000000E 00                              	DB	0
    58 0000000F 00                              	DB	0
    59 00000010 51                              	DB	81
    60 00000011 57                              	DB	87
    61 00000012 45                              	DB	69
    62 00000013 52                              	DB	82
    63 00000014 54                              	DB	84
    64 00000015 59                              	DB	89
    65 00000016 55                              	DB	85
    66 00000017 49                              	DB	73
    67 00000018 4F                              	DB	79
    68 00000019 50                              	DB	80
    69 0000001A 40                              	DB	64
    70 0000001B 5B                              	DB	91
    71 0000001C 00                              	DB	0
    72 0000001D 00                              	DB	0
    73 0000001E 41                              	DB	65
    74 0000001F 53                              	DB	83
    75 00000020 44                              	DB	68
    76 00000021 46                              	DB	70
    77 00000022 47                              	DB	71
    78 00000023 48                              	DB	72
    79 00000024 4A                              	DB	74
    80 00000025 4B                              	DB	75
    81 00000026 4C                              	DB	76
    82 00000027 3B                              	DB	59
    83 00000028 3A                              	DB	58
    84 00000029 00                              	DB	0
    85 0000002A 00                              	DB	0
    86 0000002B 5D                              	DB	93
    87 0000002C 5A                              	DB	90
    88 0000002D 58                              	DB	88
    89 0000002E 43                              	DB	67
    90 0000002F 56                              	DB	86
    91 00000030 42                              	DB	66
    92 00000031 4E                              	DB	78
    93 00000032 4D                              	DB	77
    94 00000033 2C                              	DB	44
    95 00000034 2E                              	DB	46
    96 00000035 2F                              	DB	47
    97 00000036 00                              	DB	0
    98 00000037 2A                              	DB	42
    99 00000038 00                              	DB	0
   100 00000039 20                              	DB	32
   101 0000003A 00                              	DB	0
   102 0000003B 00                              	DB	0
   103 0000003C 00                              	DB	0
   104 0000003D 00                              	DB	0
   105 0000003E 00                              	DB	0
   106 0000003F 00                              	DB	0
   107 00000040 00                              	DB	0
   108 00000041 00                              	DB	0
   109 00000042 00                              	DB	0
   110 00000043 00                              	DB	0
   111 00000044 00                              	DB	0
   112 00000045 00                              	DB	0
   113 00000046 00                              	DB	0
   114 00000047 37                              	DB	55
   115 00000048 38                              	DB	56
   116 00000049 39                              	DB	57
   117 0000004A 2D                              	DB	45
   118 0000004B 34                              	DB	52
   119 0000004C 35                              	DB	53
   120 0000004D 36                              	DB	54
   121 0000004E 2B                              	DB	43
   122 0000004F 31                              	DB	49
   123 00000050 32                              	DB	50
   124 00000051 33                              	DB	51
   125 00000052 30                              	DB	48
   126 00000053 2E                              	DB	46
   127 00000054                                 LC0:
   128 00000054 77 69 6E 64 6F 77 00            	DB	"window",0x00
   129 0000005B                                 LC1:
   130 0000005B 28 25 33 64 2C 20 25 33 64 29   	DB	"(%3d, %3d)",0x00
       00000065 00 
   131 00000066                                 LC2:
   132 00000066 6D 65 6D 6F 72 79 20 25 64 4D   	DB	"memory %dMB   free : %dKB",0x00
       00000070 42 20 20 20 66 72 65 65 20 3A 
       0000007A 20 25 64 4B 42 00 
   133 00000080                                 LC7:
   134 00000080 33 5B 73 65 63 5D 00            	DB	"3[sec]",0x00
   135 00000087                                 LC6:
   136 00000087 31 30 5B 73 65 63 5D 00         	DB	"10[sec]",0x00
   137 0000008F                                 LC5:
   138 0000008F 5B 6C 63 72 20 25 34 64 20 25   	DB	"[lcr %4d %4d]",0x00
       00000099 34 64 5D 00 
   139 0000009D                                 LC3:
   140 0000009D 25 30 32 58 00                  	DB	"%02X",0x00
   141 000000A2                                 LC4:
   142 000000A2 20 00                           	DB	" ",0x00
   143                                          [SECTION .text]
   144 00000000                                 	GLOBAL	_HariMain
   145 00000000                                 _HariMain:
   146 00000000 55                              	PUSH	EBP
   147 00000001 89 E5                           	MOV	EBP,ESP
   148 00000003 57                              	PUSH	EDI
   149 00000004 56                              	PUSH	ESI
   150 00000005 53                              	PUSH	EBX
   151 00000006 8D 75 D4                        	LEA	ESI,DWORD [-44+EBP]
   152 00000009 81 EC 00000388                  	SUB	ESP,904
   153 0000000F E8 [00000000]                   	CALL	_init_gdtidt
   154 00000014 E8 [00000000]                   	CALL	_init_pic
   155 00000019 E8 [00000000]                   	CALL	_io_sti
   156 0000001E 8D 85 FFFFFDA4                  	LEA	EAX,DWORD [-604+EBP]
   157 00000024 50                              	PUSH	EAX
   158 00000025 68 00000080                     	PUSH	128
   159 0000002A 56                              	PUSH	ESI
   160 0000002B E8 [00000000]                   	CALL	_fifo32_init
   161 00000030 E8 [00000000]                   	CALL	_init_pit
   162 00000035 68 00000100                     	PUSH	256
   163 0000003A 56                              	PUSH	ESI
   164 0000003B E8 [00000000]                   	CALL	_init_keyboard
   165 00000040 8D 85 FFFFFD94                  	LEA	EAX,DWORD [-620+EBP]
   166 00000046 50                              	PUSH	EAX
   167 00000047 68 00000200                     	PUSH	512
   168 0000004C 56                              	PUSH	ESI
   169 0000004D E8 [00000000]                   	CALL	_enable_mouse
   170 00000052 83 C4 20                        	ADD	ESP,32
   171 00000055 68 000000F8                     	PUSH	248
   172 0000005A 6A 21                           	PUSH	33
   173 0000005C E8 [00000000]                   	CALL	_io_out8
   174 00000061 68 000000EF                     	PUSH	239
   175 00000066 68 000000A1                     	PUSH	161
   176 0000006B E8 [00000000]                   	CALL	_io_out8
   177 00000070 E8 [00000000]                   	CALL	_timer_alloc
   178 00000075 6A 0A                           	PUSH	10
   179 00000077 56                              	PUSH	ESI
   180 00000078 89 C3                           	MOV	EBX,EAX
   181 0000007A 50                              	PUSH	EAX
   182 0000007B E8 [00000000]                   	CALL	_timer_init
   183 00000080 68 000003E8                     	PUSH	1000
   184 00000085 53                              	PUSH	EBX
   185 00000086 E8 [00000000]                   	CALL	_timer_settime
   186 0000008B 83 C4 24                        	ADD	ESP,36
   187 0000008E E8 [00000000]                   	CALL	_timer_alloc
   188 00000093 6A 03                           	PUSH	3
   189 00000095 89 C3                           	MOV	EBX,EAX
   190 00000097 56                              	PUSH	ESI
   191 00000098 50                              	PUSH	EAX
   192 00000099 E8 [00000000]                   	CALL	_timer_init
   193 0000009E 68 0000012C                     	PUSH	300
   194 000000A3 53                              	PUSH	EBX
   195 000000A4 E8 [00000000]                   	CALL	_timer_settime
   196 000000A9 E8 [00000000]                   	CALL	_timer_alloc
   197 000000AE 6A 01                           	PUSH	1
   198 000000B0 56                              	PUSH	ESI
   199 000000B1 50                              	PUSH	EAX
   200 000000B2 89 85 FFFFFC90                  	MOV	DWORD [-880+EBP],EAX
   201 000000B8 E8 [00000000]                   	CALL	_timer_init
   202 000000BD 83 C4 20                        	ADD	ESP,32
   203 000000C0 6A 32                           	PUSH	50
   204 000000C2 FF B5 FFFFFC90                  	PUSH	DWORD [-880+EBP]
   205 000000C8 E8 [00000000]                   	CALL	_timer_settime
   206 000000CD 68 BFFFFFFF                     	PUSH	-1073741825
   207 000000D2 68 00400000                     	PUSH	4194304
   208 000000D7 E8 [00000000]                   	CALL	_memtest
   209 000000DC 68 003C0000                     	PUSH	3932160
   210 000000E1 89 85 FFFFFC80                  	MOV	DWORD [-896+EBP],EAX
   211 000000E7 E8 [00000000]                   	CALL	_memman_init
   212 000000EC 68 0009E000                     	PUSH	647168
   213 000000F1 68 00001000                     	PUSH	4096
   214 000000F6 68 003C0000                     	PUSH	3932160
   215 000000FB E8 [00000000]                   	CALL	_memman_free
   216 00000100 8B 85 FFFFFC80                  	MOV	EAX,DWORD [-896+EBP]
   217 00000106 83 C4 20                        	ADD	ESP,32
   218 00000109 2D 00400000                     	SUB	EAX,4194304
   219 0000010E 50                              	PUSH	EAX
   220 0000010F 68 00400000                     	PUSH	4194304
   221 00000114 68 003C0000                     	PUSH	3932160
   222 00000119 E8 [00000000]                   	CALL	_memman_free
   223 0000011E E8 [00000000]                   	CALL	_init_palette
   224 00000123 0F BF 05 00000FF6               	MOVSX	EAX,WORD [4086]
   225 0000012A 50                              	PUSH	EAX
   226 0000012B 0F BF 05 00000FF4               	MOVSX	EAX,WORD [4084]
   227 00000132 50                              	PUSH	EAX
   228 00000133 FF 35 00000FF8                  	PUSH	DWORD [4088]
   229 00000139 68 003C0000                     	PUSH	3932160
   230 0000013E E8 [00000000]                   	CALL	_shtctl_init
   231 00000143 89 C3                           	MOV	EBX,EAX
   232 00000145 50                              	PUSH	EAX
   233 00000146 E8 [00000000]                   	CALL	_sheet_alloc
   234 0000014B 83 C4 20                        	ADD	ESP,32
   235 0000014E 53                              	PUSH	EBX
   236 0000014F 89 85 FFFFFC7C                  	MOV	DWORD [-900+EBP],EAX
   237 00000155 E8 [00000000]                   	CALL	_sheet_alloc
   238 0000015A 53                              	PUSH	EBX
   239 0000015B 8D 9D FFFFFC94                  	LEA	EBX,DWORD [-876+EBP]
   240 00000161 89 85 FFFFFC78                  	MOV	DWORD [-904+EBP],EAX
   241 00000167 E8 [00000000]                   	CALL	_sheet_alloc
   242 0000016C 0F BF 15 00000FF6               	MOVSX	EDX,WORD [4086]
   243 00000173 89 85 FFFFFC74                  	MOV	DWORD [-908+EBP],EAX
   244 00000179 0F BF 05 00000FF4               	MOVSX	EAX,WORD [4084]
   245 00000180 0F AF C2                        	IMUL	EAX,EDX
   246 00000183 50                              	PUSH	EAX
   247 00000184 68 003C0000                     	PUSH	3932160
   248 00000189 E8 [00000000]                   	CALL	_memman_alloc_4k
   249 0000018E 68 00002080                     	PUSH	8320
   250 00000193 68 003C0000                     	PUSH	3932160
   251 00000198 89 C6                           	MOV	ESI,EAX
   252 0000019A E8 [00000000]                   	CALL	_memman_alloc_4k
   253 0000019F 6A FF                           	PUSH	-1
   254 000001A1 89 C7                           	MOV	EDI,EAX
   255 000001A3 0F BF 05 00000FF6               	MOVSX	EAX,WORD [4086]
   256 000001AA 50                              	PUSH	EAX
   257 000001AB 0F BF 05 00000FF4               	MOVSX	EAX,WORD [4084]
   258 000001B2 50                              	PUSH	EAX
   259 000001B3 56                              	PUSH	ESI
   260 000001B4 FF B5 FFFFFC7C                  	PUSH	DWORD [-900+EBP]
   261 000001BA E8 [00000000]                   	CALL	_sheet_setbuf
   262 000001BF 83 C4 2C                        	ADD	ESP,44
   263 000001C2 6A 63                           	PUSH	99
   264 000001C4 6A 10                           	PUSH	16
   265 000001C6 6A 10                           	PUSH	16
   266 000001C8 53                              	PUSH	EBX
   267 000001C9 FF B5 FFFFFC78                  	PUSH	DWORD [-904+EBP]
   268 000001CF E8 [00000000]                   	CALL	_sheet_setbuf
   269 000001D4 6A FF                           	PUSH	-1
   270 000001D6 6A 34                           	PUSH	52
   271 000001D8 68 000000A0                     	PUSH	160
   272 000001DD 57                              	PUSH	EDI
   273 000001DE FF B5 FFFFFC74                  	PUSH	DWORD [-908+EBP]
   274 000001E4 E8 [00000000]                   	CALL	_sheet_setbuf
   275 000001E9 83 C4 28                        	ADD	ESP,40
   276 000001EC 0F BF 05 00000FF6               	MOVSX	EAX,WORD [4086]
   277 000001F3 50                              	PUSH	EAX
   278 000001F4 0F BF 05 00000FF4               	MOVSX	EAX,WORD [4084]
   279 000001FB 50                              	PUSH	EAX
   280 000001FC 56                              	PUSH	ESI
   281 000001FD E8 [00000000]                   	CALL	_init_screen8
   282 00000202 6A 63                           	PUSH	99
   283 00000204 53                              	PUSH	EBX
   284 00000205 BB 00000002                     	MOV	EBX,2
   285 0000020A E8 [00000000]                   	CALL	_init_mouse_cursor8
   286 0000020F 68 [00000054]                   	PUSH	LC0
   287 00000214 6A 34                           	PUSH	52
   288 00000216 68 000000A0                     	PUSH	160
   289 0000021B 57                              	PUSH	EDI
   290 0000021C E8 0000044E                     	CALL	_make_window8
   291 00000221 83 C4 24                        	ADD	ESP,36
   292 00000224 6A 07                           	PUSH	7
   293 00000226 6A 10                           	PUSH	16
   294 00000228 68 00000090                     	PUSH	144
   295 0000022D 6A 1C                           	PUSH	28
   296 0000022F 6A 08                           	PUSH	8
   297 00000231 FF B5 FFFFFC74                  	PUSH	DWORD [-908+EBP]
   298 00000237 E8 00000626                     	CALL	_make_textbox8
   299 0000023C 6A 00                           	PUSH	0
   300 0000023E 6A 00                           	PUSH	0
   301 00000240 FF B5 FFFFFC7C                  	PUSH	DWORD [-900+EBP]
   302 00000246 C7 85 FFFFFC88 00000008         	MOV	DWORD [-888+EBP],8
   303 00000250 C7 85 FFFFFC84 00000007         	MOV	DWORD [-892+EBP],7
   304 0000025A E8 [00000000]                   	CALL	_sheet_slide
   305 0000025F 83 C4 24                        	ADD	ESP,36
   306 00000262 0F BF 05 00000FF4               	MOVSX	EAX,WORD [4084]
   307 00000269 8D 48 F0                        	LEA	ECX,DWORD [-16+EAX]
   308 0000026C 89 C8                           	MOV	EAX,ECX
   309 0000026E 99                              	CDQ
   310 0000026F F7 FB                           	IDIV	EBX
   311 00000271 89 85 FFFFFC8C                  	MOV	DWORD [-884+EBP],EAX
   312 00000277 0F BF 05 00000FF6               	MOVSX	EAX,WORD [4086]
   313 0000027E 8D 48 D4                        	LEA	ECX,DWORD [-44+EAX]
   314 00000281 89 C8                           	MOV	EAX,ECX
   315 00000283 99                              	CDQ
   316 00000284 F7 FB                           	IDIV	EBX
   317 00000286 50                              	PUSH	EAX
   318 00000287 89 C7                           	MOV	EDI,EAX
   319 00000289 FF B5 FFFFFC8C                  	PUSH	DWORD [-884+EBP]
   320 0000028F FF B5 FFFFFC78                  	PUSH	DWORD [-904+EBP]
   321 00000295 8D 5D A4                        	LEA	EBX,DWORD [-92+EBP]
   322 00000298 E8 [00000000]                   	CALL	_sheet_slide
   323 0000029D 6A 48                           	PUSH	72
   324 0000029F 6A 50                           	PUSH	80
   325 000002A1 FF B5 FFFFFC74                  	PUSH	DWORD [-908+EBP]
   326 000002A7 E8 [00000000]                   	CALL	_sheet_slide
   327 000002AC 6A 00                           	PUSH	0
   328 000002AE FF B5 FFFFFC7C                  	PUSH	DWORD [-900+EBP]
   329 000002B4 E8 [00000000]                   	CALL	_sheet_updown
   330 000002B9 83 C4 20                        	ADD	ESP,32
   331 000002BC 6A 01                           	PUSH	1
   332 000002BE FF B5 FFFFFC74                  	PUSH	DWORD [-908+EBP]
   333 000002C4 E8 [00000000]                   	CALL	_sheet_updown
   334 000002C9 6A 02                           	PUSH	2
   335 000002CB FF B5 FFFFFC78                  	PUSH	DWORD [-904+EBP]
   336 000002D1 E8 [00000000]                   	CALL	_sheet_updown
   337 000002D6 57                              	PUSH	EDI
   338 000002D7 FF B5 FFFFFC8C                  	PUSH	DWORD [-884+EBP]
   339 000002DD 68 [0000005B]                   	PUSH	LC1
   340 000002E2 53                              	PUSH	EBX
   341 000002E3 E8 [00000000]                   	CALL	_sprintf
   342 000002E8 83 C4 20                        	ADD	ESP,32
   343 000002EB 6A 0A                           	PUSH	10
   344 000002ED 53                              	PUSH	EBX
   345 000002EE 6A 0E                           	PUSH	14
   346 000002F0 6A 07                           	PUSH	7
   347 000002F2 6A 00                           	PUSH	0
   348 000002F4 6A 00                           	PUSH	0
   349 000002F6 FF B5 FFFFFC7C                  	PUSH	DWORD [-900+EBP]
   350 000002FC E8 000004DA                     	CALL	_putfonts8_asc_sht
   351 00000301 68 003C0000                     	PUSH	3932160
   352 00000306 E8 [00000000]                   	CALL	_memman_total
   353 0000030B C1 AD FFFFFC80 14               	SHR	DWORD [-896+EBP],20
   354 00000312 C1 E8 0A                        	SHR	EAX,10
   355 00000315 89 04 24                        	MOV	DWORD [ESP],EAX
   356 00000318 FF B5 FFFFFC80                  	PUSH	DWORD [-896+EBP]
   357 0000031E 68 [00000066]                   	PUSH	LC2
   358 00000323 53                              	PUSH	EBX
   359 00000324 E8 [00000000]                   	CALL	_sprintf
   360 00000329 83 C4 2C                        	ADD	ESP,44
   361 0000032C 6A 28                           	PUSH	40
   362 0000032E 53                              	PUSH	EBX
   363 0000032F 6A 0E                           	PUSH	14
   364 00000331 6A 07                           	PUSH	7
   365 00000333 6A 20                           	PUSH	32
   366 00000335                                 L29:
   367 00000335 6A 00                           	PUSH	0
   368 00000337 FF B5 FFFFFC7C                  	PUSH	DWORD [-900+EBP]
   369 0000033D E8 00000499                     	CALL	_putfonts8_asc_sht
   370 00000342 83 C4 1C                        	ADD	ESP,28
   371 00000345                                 L2:
   372 00000345 8D 75 D4                        	LEA	ESI,DWORD [-44+EBP]
   373 00000348 E8 [00000000]                   	CALL	_io_cli
   374 0000034D 56                              	PUSH	ESI
   375 0000034E E8 [00000000]                   	CALL	_fifo32_status
   376 00000353 59                              	POP	ECX
   377 00000354 85 C0                           	TEST	EAX,EAX
   378 00000356 0F 84 00000309                  	JE	L31
   379 0000035C 56                              	PUSH	ESI
   380 0000035D E8 [00000000]                   	CALL	_fifo32_get
   381 00000362 89 C3                           	MOV	EBX,EAX
   382 00000364 E8 [00000000]                   	CALL	_io_sti
   383 00000369 5A                              	POP	EDX
   384 0000036A 8D 83 FFFFFF00                  	LEA	EAX,DWORD [-256+EBX]
   385 00000370 3D 000000FF                     	CMP	EAX,255
   386 00000375 0F 86 000001EF                  	JBE	L32
   387 0000037B 8D 83 FFFFFE00                  	LEA	EAX,DWORD [-512+EBX]
   388 00000381 3D 000000FF                     	CMP	EAX,255
   389 00000386 0F 86 000000D8                  	JBE	L33
   390 0000038C 83 FB 0A                        	CMP	EBX,10
   391 0000038F 0F 84 000000BD                  	JE	L34
   392 00000395 83 FB 03                        	CMP	EBX,3
   393 00000398 0F 84 000000A2                  	JE	L35
   394 0000039E 83 FB 01                        	CMP	EBX,1
   395 000003A1 7F A2                           	JG	L2
   396 000003A3 85 DB                           	TEST	EBX,EBX
   397 000003A5 74 7C                           	JE	L27
   398 000003A7 6A 00                           	PUSH	0
   399 000003A9 56                              	PUSH	ESI
   400 000003AA FF B5 FFFFFC90                  	PUSH	DWORD [-880+EBP]
   401 000003B0 E8 [00000000]                   	CALL	_timer_init
   402 000003B5 C7 85 FFFFFC84 00000000         	MOV	DWORD [-892+EBP],0
   403 000003BF                                 L30:
   404 000003BF 83 C4 0C                        	ADD	ESP,12
   405 000003C2 6A 32                           	PUSH	50
   406 000003C4 FF B5 FFFFFC90                  	PUSH	DWORD [-880+EBP]
   407 000003CA E8 [00000000]                   	CALL	_timer_settime
   408 000003CF 8B 95 FFFFFC74                  	MOV	EDX,DWORD [-908+EBP]
   409 000003D5 8B 85 FFFFFC88                  	MOV	EAX,DWORD [-888+EBP]
   410 000003DB 6A 2B                           	PUSH	43
   411 000003DD 83 C0 07                        	ADD	EAX,7
   412 000003E0 50                              	PUSH	EAX
   413 000003E1 6A 1C                           	PUSH	28
   414 000003E3 FF B5 FFFFFC88                  	PUSH	DWORD [-888+EBP]
   415 000003E9 FF B5 FFFFFC84                  	PUSH	DWORD [-892+EBP]
   416 000003EF FF 72 04                        	PUSH	DWORD [4+EDX]
   417 000003F2 FF 32                           	PUSH	DWORD [EDX]
   418 000003F4 E8 [00000000]                   	CALL	_boxfill8
   419 000003F9 8B 85 FFFFFC88                  	MOV	EAX,DWORD [-888+EBP]
   420 000003FF 83 C4 24                        	ADD	ESP,36
   421 00000402 83 C0 08                        	ADD	EAX,8
   422 00000405 6A 2C                           	PUSH	44
   423 00000407 50                              	PUSH	EAX
   424 00000408 6A 1C                           	PUSH	28
   425 0000040A FF B5 FFFFFC88                  	PUSH	DWORD [-888+EBP]
   426 00000410 FF B5 FFFFFC74                  	PUSH	DWORD [-908+EBP]
   427 00000416 E8 [00000000]                   	CALL	_sheet_refresh
   428 0000041B 83 C4 14                        	ADD	ESP,20
   429 0000041E E9 FFFFFF22                     	JMP	L2
   430 00000423                                 L27:
   431 00000423 6A 01                           	PUSH	1
   432 00000425 56                              	PUSH	ESI
   433 00000426 FF B5 FFFFFC90                  	PUSH	DWORD [-880+EBP]
   434 0000042C E8 [00000000]                   	CALL	_timer_init
   435 00000431 C7 85 FFFFFC84 00000007         	MOV	DWORD [-892+EBP],7
   436 0000043B E9 FFFFFF7F                     	JMP	L30
   437 00000440                                 L35:
   438 00000440 6A 06                           	PUSH	6
   439 00000442 68 [00000080]                   	PUSH	LC7
   440 00000447 6A 0E                           	PUSH	14
   441 00000449 6A 07                           	PUSH	7
   442 0000044B 6A 50                           	PUSH	80
   443 0000044D E9 FFFFFEE3                     	JMP	L29
   444 00000452                                 L34:
   445 00000452 6A 07                           	PUSH	7
   446 00000454 68 [00000087]                   	PUSH	LC6
   447 00000459 6A 0E                           	PUSH	14
   448 0000045B 6A 07                           	PUSH	7
   449 0000045D 6A 40                           	PUSH	64
   450 0000045F E9 FFFFFED1                     	JMP	L29
   451 00000464                                 L33:
   452 00000464 0F B6 C3                        	MOVZX	EAX,BL
   453 00000467 50                              	PUSH	EAX
   454 00000468 8D 85 FFFFFD94                  	LEA	EAX,DWORD [-620+EBP]
   455 0000046E 50                              	PUSH	EAX
   456 0000046F E8 [00000000]                   	CALL	_mouse_decode
   457 00000474 5A                              	POP	EDX
   458 00000475 59                              	POP	ECX
   459 00000476 85 C0                           	TEST	EAX,EAX
   460 00000478 0F 84 FFFFFEC7                  	JE	L2
   461 0000047E FF B5 FFFFFD9C                  	PUSH	DWORD [-612+EBP]
   462 00000484 FF B5 FFFFFD98                  	PUSH	DWORD [-616+EBP]
   463 0000048A 68 [0000008F]                   	PUSH	LC5
   464 0000048F 8D 5D A4                        	LEA	EBX,DWORD [-92+EBP]
   465 00000492 53                              	PUSH	EBX
   466 00000493 E8 [00000000]                   	CALL	_sprintf
   467 00000498 83 C4 10                        	ADD	ESP,16
   468 0000049B 8B 85 FFFFFDA0                  	MOV	EAX,DWORD [-608+EBP]
   469 000004A1 A9 00000001                     	TEST	EAX,1
   470 000004A6 74 04                           	JE	L14
   471 000004A8 C6 45 A5 4C                     	MOV	BYTE [-91+EBP],76
   472 000004AC                                 L14:
   473 000004AC A9 00000002                     	TEST	EAX,2
   474 000004B1 74 04                           	JE	L15
   475 000004B3 C6 45 A7 52                     	MOV	BYTE [-89+EBP],82
   476 000004B7                                 L15:
   477 000004B7 83 E0 04                        	AND	EAX,4
   478 000004BA 74 04                           	JE	L16
   479 000004BC C6 45 A6 43                     	MOV	BYTE [-90+EBP],67
   480 000004C0                                 L16:
   481 000004C0 6A 0F                           	PUSH	15
   482 000004C2 53                              	PUSH	EBX
   483 000004C3 6A 0E                           	PUSH	14
   484 000004C5 6A 07                           	PUSH	7
   485 000004C7 6A 10                           	PUSH	16
   486 000004C9 6A 20                           	PUSH	32
   487 000004CB FF B5 FFFFFC7C                  	PUSH	DWORD [-900+EBP]
   488 000004D1 E8 00000305                     	CALL	_putfonts8_asc_sht
   489 000004D6 8B 85 FFFFFD98                  	MOV	EAX,DWORD [-616+EBP]
   490 000004DC 03 BD FFFFFD9C                  	ADD	EDI,DWORD [-612+EBP]
   491 000004E2 83 C4 1C                        	ADD	ESP,28
   492 000004E5 01 85 FFFFFC8C                  	ADD	DWORD [-884+EBP],EAX
   493 000004EB 78 71                           	JS	L36
   494 000004ED                                 L17:
   495 000004ED 85 FF                           	TEST	EDI,EDI
   496 000004EF 78 69                           	JS	L37
   497 000004F1                                 L18:
   498 000004F1 0F BF 05 00000FF4               	MOVSX	EAX,WORD [4084]
   499 000004F8 48                              	DEC	EAX
   500 000004F9 39 85 FFFFFC8C                  	CMP	DWORD [-884+EBP],EAX
   501 000004FF 7E 06                           	JLE	L19
   502 00000501 89 85 FFFFFC8C                  	MOV	DWORD [-884+EBP],EAX
   503 00000507                                 L19:
   504 00000507 0F BF 05 00000FF6               	MOVSX	EAX,WORD [4086]
   505 0000050E 48                              	DEC	EAX
   506 0000050F 39 C7                           	CMP	EDI,EAX
   507 00000511 7E 02                           	JLE	L20
   508 00000513 89 C7                           	MOV	EDI,EAX
   509 00000515                                 L20:
   510 00000515 57                              	PUSH	EDI
   511 00000516 FF B5 FFFFFC8C                  	PUSH	DWORD [-884+EBP]
   512 0000051C 68 [0000005B]                   	PUSH	LC1
   513 00000521 53                              	PUSH	EBX
   514 00000522 E8 [00000000]                   	CALL	_sprintf
   515 00000527 6A 0A                           	PUSH	10
   516 00000529 53                              	PUSH	EBX
   517 0000052A 6A 0E                           	PUSH	14
   518 0000052C 6A 07                           	PUSH	7
   519 0000052E 6A 00                           	PUSH	0
   520 00000530 6A 00                           	PUSH	0
   521 00000532 FF B5 FFFFFC7C                  	PUSH	DWORD [-900+EBP]
   522 00000538 E8 0000029E                     	CALL	_putfonts8_asc_sht
   523 0000053D 83 C4 2C                        	ADD	ESP,44
   524 00000540 57                              	PUSH	EDI
   525 00000541 FF B5 FFFFFC8C                  	PUSH	DWORD [-884+EBP]
   526 00000547 FF B5 FFFFFC78                  	PUSH	DWORD [-904+EBP]
   527 0000054D E8 [00000000]                   	CALL	_sheet_slide
   528 00000552 83 C4 0C                        	ADD	ESP,12
   529 00000555 E9 FFFFFDEB                     	JMP	L2
   530 0000055A                                 L37:
   531 0000055A 31 FF                           	XOR	EDI,EDI
   532 0000055C EB 93                           	JMP	L18
   533 0000055E                                 L36:
   534 0000055E C7 85 FFFFFC8C 00000000         	MOV	DWORD [-884+EBP],0
   535 00000568 EB 83                           	JMP	L17
   536 0000056A                                 L32:
   537 0000056A 50                              	PUSH	EAX
   538 0000056B 8D 75 A4                        	LEA	ESI,DWORD [-92+EBP]
   539 0000056E 68 [0000009D]                   	PUSH	LC3
   540 00000573 56                              	PUSH	ESI
   541 00000574 E8 [00000000]                   	CALL	_sprintf
   542 00000579 6A 02                           	PUSH	2
   543 0000057B 56                              	PUSH	ESI
   544 0000057C 6A 0E                           	PUSH	14
   545 0000057E 6A 07                           	PUSH	7
   546 00000580 6A 10                           	PUSH	16
   547 00000582 6A 00                           	PUSH	0
   548 00000584 FF B5 FFFFFC7C                  	PUSH	DWORD [-900+EBP]
   549 0000058A E8 0000024C                     	CALL	_putfonts8_asc_sht
   550 0000058F 83 C4 28                        	ADD	ESP,40
   551 00000592 81 FB 00000153                  	CMP	EBX,339
   552 00000598 7F 41                           	JG	L8
   553 0000059A 8A 83 [FFFFFF00]                	MOV	AL,BYTE [_keytable.0-256+EBX]
   554 000005A0 84 C0                           	TEST	AL,AL
   555 000005A2 74 37                           	JE	L8
   556 000005A4 81 BD FFFFFC88 0000008F         	CMP	DWORD [-888+EBP],143
   557 000005AE 7F 2B                           	JG	L8
   558 000005B0 6A 01                           	PUSH	1
   559 000005B2 88 45 A4                        	MOV	BYTE [-92+EBP],AL
   560 000005B5 56                              	PUSH	ESI
   561 000005B6 6A 07                           	PUSH	7
   562 000005B8 6A 00                           	PUSH	0
   563 000005BA 6A 1C                           	PUSH	28
   564 000005BC FF B5 FFFFFC88                  	PUSH	DWORD [-888+EBP]
   565 000005C2 FF B5 FFFFFC74                  	PUSH	DWORD [-908+EBP]
   566 000005C8 C6 45 A5 00                     	MOV	BYTE [-91+EBP],0
   567 000005CC E8 0000020A                     	CALL	_putfonts8_asc_sht
   568 000005D1 83 C4 1C                        	ADD	ESP,28
   569 000005D4 83 85 FFFFFC88 08               	ADD	DWORD [-888+EBP],8
   570 000005DB                                 L8:
   571 000005DB 81 FB 0000010E                  	CMP	EBX,270
   572 000005E1 74 4C                           	JE	L38
   573 000005E3                                 L10:
   574 000005E3 8B 85 FFFFFC88                  	MOV	EAX,DWORD [-888+EBP]
   575 000005E9 6A 2B                           	PUSH	43
   576 000005EB 83 C0 07                        	ADD	EAX,7
   577 000005EE 8B 9D FFFFFC74                  	MOV	EBX,DWORD [-908+EBP]
   578 000005F4 50                              	PUSH	EAX
   579 000005F5 6A 1C                           	PUSH	28
   580 000005F7 FF B5 FFFFFC88                  	PUSH	DWORD [-888+EBP]
   581 000005FD FF B5 FFFFFC84                  	PUSH	DWORD [-892+EBP]
   582 00000603 FF 73 04                        	PUSH	DWORD [4+EBX]
   583 00000606 FF 33                           	PUSH	DWORD [EBX]
   584 00000608 E8 [00000000]                   	CALL	_boxfill8
   585 0000060D 8B 85 FFFFFC88                  	MOV	EAX,DWORD [-888+EBP]
   586 00000613 6A 2C                           	PUSH	44
   587 00000615 83 C0 08                        	ADD	EAX,8
   588 00000618 50                              	PUSH	EAX
   589 00000619 6A 1C                           	PUSH	28
   590 0000061B FF B5 FFFFFC88                  	PUSH	DWORD [-888+EBP]
   591 00000621 53                              	PUSH	EBX
   592 00000622 E8 [00000000]                   	CALL	_sheet_refresh
   593 00000627 83 C4 30                        	ADD	ESP,48
   594 0000062A E9 FFFFFD16                     	JMP	L2
   595 0000062F                                 L38:
   596 0000062F 83 BD FFFFFC88 08               	CMP	DWORD [-888+EBP],8
   597 00000636 7E AB                           	JLE	L10
   598 00000638 6A 01                           	PUSH	1
   599 0000063A 68 [000000A2]                   	PUSH	LC4
   600 0000063F 6A 07                           	PUSH	7
   601 00000641 6A 00                           	PUSH	0
   602 00000643 6A 1C                           	PUSH	28
   603 00000645 FF B5 FFFFFC88                  	PUSH	DWORD [-888+EBP]
   604 0000064B FF B5 FFFFFC74                  	PUSH	DWORD [-908+EBP]
   605 00000651 E8 00000185                     	CALL	_putfonts8_asc_sht
   606 00000656 83 C4 1C                        	ADD	ESP,28
   607 00000659 83 AD FFFFFC88 08               	SUB	DWORD [-888+EBP],8
   608 00000660 E9 FFFFFF7E                     	JMP	L10
   609 00000665                                 L31:
   610 00000665 E8 [00000000]                   	CALL	_io_stihlt
   611 0000066A E9 FFFFFCD6                     	JMP	L2
   612                                          [SECTION .data]
   613 000000A4                                 _closebtn.1:
   614 000000A4 4F 4F 4F 4F 4F 4F 4F 4F 4F 4F   	DB	"OOOOOOOOOOOOOOO@"
       000000AE 4F 4F 4F 4F 4F 40 
   615 000000B4 4F 51 51 51 51 51 51 51 51 51   	DB	"OQQQQQQQQQQQQQ$@"
       000000BE 51 51 51 51 24 40 
   616 000000C4 4F 51 51 51 51 51 51 51 51 51   	DB	"OQQQQQQQQQQQQQ$@"
       000000CE 51 51 51 51 24 40 
   617 000000D4 4F 51 51 51 40 40 51 51 51 51   	DB	"OQQQ@@QQQQ@@QQ$@"
       000000DE 40 40 51 51 24 40 
   618 000000E4 4F 51 51 51 51 40 40 51 51 40   	DB	"OQQQQ@@QQ@@QQQ$@"
       000000EE 40 51 51 51 24 40 
   619 000000F4 4F 51 51 51 51 51 40 40 40 40   	DB	"OQQQQQ@@@@QQQQ$@"
       000000FE 51 51 51 51 24 40 
   620 00000104 4F 51 51 51 51 51 51 40 40 51   	DB	"OQQQQQQ@@QQQQQ$@"
       0000010E 51 51 51 51 24 40 
   621 00000114 4F 51 51 51 51 51 40 40 40 40   	DB	"OQQQQQ@@@@QQQQ$@"
       0000011E 51 51 51 51 24 40 
   622 00000124 4F 51 51 51 51 40 40 51 51 40   	DB	"OQQQQ@@QQ@@QQQ$@"
       0000012E 40 51 51 51 24 40 
   623 00000134 4F 51 51 51 40 40 51 51 51 51   	DB	"OQQQ@@QQQQ@@QQ$@"
       0000013E 40 40 51 51 24 40 
   624 00000144 4F 51 51 51 51 51 51 51 51 51   	DB	"OQQQQQQQQQQQQQ$@"
       0000014E 51 51 51 51 24 40 
   625 00000154 4F 51 51 51 51 51 51 51 51 51   	DB	"OQQQQQQQQQQQQQ$@"
       0000015E 51 51 51 51 24 40 
   626 00000164 4F 24 24 24 24 24 24 24 24 24   	DB	"O$$$$$$$$$$$$$$@"
       0000016E 24 24 24 24 24 40 
   627 00000174 40 40 40 40 40 40 40 40 40 40   	DB	"@@@@@@@@@@@@@@@@"
       0000017E 40 40 40 40 40 40 
   628                                          [SECTION .text]
   629 0000066F                                 	GLOBAL	_make_window8
   630 0000066F                                 _make_window8:
   631 0000066F 55                              	PUSH	EBP
   632 00000670 89 E5                           	MOV	EBP,ESP
   633 00000672 57                              	PUSH	EDI
   634 00000673 56                              	PUSH	ESI
   635 00000674 53                              	PUSH	EBX
   636 00000675 83 EC 14                        	SUB	ESP,20
   637 00000678 8B 5D 0C                        	MOV	EBX,DWORD [12+EBP]
   638 0000067B 6A 00                           	PUSH	0
   639 0000067D 8D 43 FF                        	LEA	EAX,DWORD [-1+EBX]
   640 00000680 8D 7B FE                        	LEA	EDI,DWORD [-2+EBX]
   641 00000683 50                              	PUSH	EAX
   642 00000684 89 45 EC                        	MOV	DWORD [-20+EBP],EAX
   643 00000687 6A 00                           	PUSH	0
   644 00000689 6A 00                           	PUSH	0
   645 0000068B 6A 08                           	PUSH	8
   646 0000068D 53                              	PUSH	EBX
   647 0000068E FF 75 08                        	PUSH	DWORD [8+EBP]
   648 00000691 E8 [00000000]                   	CALL	_boxfill8
   649 00000696 6A 01                           	PUSH	1
   650 00000698 57                              	PUSH	EDI
   651 00000699 6A 01                           	PUSH	1
   652 0000069B 6A 01                           	PUSH	1
   653 0000069D 6A 07                           	PUSH	7
   654 0000069F 53                              	PUSH	EBX
   655 000006A0 FF 75 08                        	PUSH	DWORD [8+EBP]
   656 000006A3 E8 [00000000]                   	CALL	_boxfill8
   657 000006A8 8B 55 10                        	MOV	EDX,DWORD [16+EBP]
   658 000006AB 83 C4 38                        	ADD	ESP,56
   659 000006AE 4A                              	DEC	EDX
   660 000006AF 89 55 E8                        	MOV	DWORD [-24+EBP],EDX
   661 000006B2 52                              	PUSH	EDX
   662 000006B3 6A 00                           	PUSH	0
   663 000006B5 6A 00                           	PUSH	0
   664 000006B7 6A 00                           	PUSH	0
   665 000006B9 6A 08                           	PUSH	8
   666 000006BB 53                              	PUSH	EBX
   667 000006BC FF 75 08                        	PUSH	DWORD [8+EBP]
   668 000006BF E8 [00000000]                   	CALL	_boxfill8
   669 000006C4 8B 75 10                        	MOV	ESI,DWORD [16+EBP]
   670 000006C7 83 EE 02                        	SUB	ESI,2
   671 000006CA 56                              	PUSH	ESI
   672 000006CB 6A 01                           	PUSH	1
   673 000006CD 6A 01                           	PUSH	1
   674 000006CF 6A 01                           	PUSH	1
   675 000006D1 6A 07                           	PUSH	7
   676 000006D3 53                              	PUSH	EBX
   677 000006D4 FF 75 08                        	PUSH	DWORD [8+EBP]
   678 000006D7 E8 [00000000]                   	CALL	_boxfill8
   679 000006DC 83 C4 38                        	ADD	ESP,56
   680 000006DF 56                              	PUSH	ESI
   681 000006E0 57                              	PUSH	EDI
   682 000006E1 6A 01                           	PUSH	1
   683 000006E3 57                              	PUSH	EDI
   684 000006E4 6A 0F                           	PUSH	15
   685 000006E6 53                              	PUSH	EBX
   686 000006E7 FF 75 08                        	PUSH	DWORD [8+EBP]
   687 000006EA E8 [00000000]                   	CALL	_boxfill8
   688 000006EF FF 75 E8                        	PUSH	DWORD [-24+EBP]
   689 000006F2 FF 75 EC                        	PUSH	DWORD [-20+EBP]
   690 000006F5 6A 00                           	PUSH	0
   691 000006F7 FF 75 EC                        	PUSH	DWORD [-20+EBP]
   692 000006FA 6A 00                           	PUSH	0
   693 000006FC 53                              	PUSH	EBX
   694 000006FD FF 75 08                        	PUSH	DWORD [8+EBP]
   695 00000700 E8 [00000000]                   	CALL	_boxfill8
   696 00000705 8B 45 10                        	MOV	EAX,DWORD [16+EBP]
   697 00000708 83 C4 38                        	ADD	ESP,56
   698 0000070B 83 E8 03                        	SUB	EAX,3
   699 0000070E 50                              	PUSH	EAX
   700 0000070F 8D 43 FD                        	LEA	EAX,DWORD [-3+EBX]
   701 00000712 50                              	PUSH	EAX
   702 00000713 6A 02                           	PUSH	2
   703 00000715 6A 02                           	PUSH	2
   704 00000717 6A 08                           	PUSH	8
   705 00000719 53                              	PUSH	EBX
   706 0000071A FF 75 08                        	PUSH	DWORD [8+EBP]
   707 0000071D E8 [00000000]                   	CALL	_boxfill8
   708 00000722 8D 43 FC                        	LEA	EAX,DWORD [-4+EBX]
   709 00000725 6A 14                           	PUSH	20
   710 00000727 50                              	PUSH	EAX
   711 00000728 6A 03                           	PUSH	3
   712 0000072A 6A 03                           	PUSH	3
   713 0000072C 6A 0C                           	PUSH	12
   714 0000072E 53                              	PUSH	EBX
   715 0000072F FF 75 08                        	PUSH	DWORD [8+EBP]
   716 00000732 E8 [00000000]                   	CALL	_boxfill8
   717 00000737 83 C4 38                        	ADD	ESP,56
   718 0000073A 56                              	PUSH	ESI
   719 0000073B 57                              	PUSH	EDI
   720 0000073C 56                              	PUSH	ESI
   721 0000073D 6A 01                           	PUSH	1
   722 0000073F 6A 0F                           	PUSH	15
   723 00000741 53                              	PUSH	EBX
   724 00000742 FF 75 08                        	PUSH	DWORD [8+EBP]
   725 00000745 E8 [00000000]                   	CALL	_boxfill8
   726 0000074A FF 75 E8                        	PUSH	DWORD [-24+EBP]
   727 0000074D FF 75 EC                        	PUSH	DWORD [-20+EBP]
   728 00000750 FF 75 E8                        	PUSH	DWORD [-24+EBP]
   729 00000753 6A 00                           	PUSH	0
   730 00000755 6A 00                           	PUSH	0
   731 00000757 6B F3 05                        	IMUL	ESI,EBX,5
   732 0000075A 53                              	PUSH	EBX
   733 0000075B FF 75 08                        	PUSH	DWORD [8+EBP]
   734 0000075E E8 [00000000]                   	CALL	_boxfill8
   735 00000763 83 C4 38                        	ADD	ESP,56
   736 00000766 FF 75 14                        	PUSH	DWORD [20+EBP]
   737 00000769 6A 07                           	PUSH	7
   738 0000076B 6A 04                           	PUSH	4
   739 0000076D 6A 18                           	PUSH	24
   740 0000076F 53                              	PUSH	EBX
   741 00000770 FF 75 08                        	PUSH	DWORD [8+EBP]
   742 00000773 E8 [00000000]                   	CALL	_putfonts8_asc
   743 00000778 83 C4 18                        	ADD	ESP,24
   744 0000077B C7 45 F0 00000000               	MOV	DWORD [-16+EBP],0
   745 00000782 C7 45 E0 00000000               	MOV	DWORD [-32+EBP],0
   746 00000789                                 L55:
   747 00000789 8D 04 1E                        	LEA	EAX,DWORD [ESI+EBX*1]
   748 0000078C 8B 55 08                        	MOV	EDX,DWORD [8+EBP]
   749 0000078F 31 FF                           	XOR	EDI,EDI
   750 00000791 8D 4C 02 EB                     	LEA	ECX,DWORD [-21+EDX+EAX*1]
   751 00000795                                 L54:
   752 00000795 8B 45 E0                        	MOV	EAX,DWORD [-32+EBP]
   753 00000798 8A 94 07 [000000A4]             	MOV	DL,BYTE [_closebtn.1+EDI+EAX*1]
   754 0000079F 80 FA 40                        	CMP	DL,64
   755 000007A2 74 33                           	JE	L60
   756 000007A4 80 FA 24                        	CMP	DL,36
   757 000007A7 74 2A                           	JE	L61
   758 000007A9 80 FA 51                        	CMP	DL,81
   759 000007AC B2 08                           	MOV	DL,8
   760 000007AE 0F 95 C0                        	SETNE	AL
   761 000007B1 28 C2                           	SUB	DL,AL
   762 000007B3                                 L49:
   763 000007B3 47                              	INC	EDI
   764 000007B4 88 11                           	MOV	BYTE [ECX],DL
   765 000007B6 41                              	INC	ECX
   766 000007B7 83 FF 0F                        	CMP	EDI,15
   767 000007BA 7E D9                           	JLE	L54
   768 000007BC FF 45 F0                        	INC	DWORD [-16+EBP]
   769 000007BF 01 DE                           	ADD	ESI,EBX
   770 000007C1 83 45 E0 10                     	ADD	DWORD [-32+EBP],16
   771 000007C5 83 7D F0 0D                     	CMP	DWORD [-16+EBP],13
   772 000007C9 7E BE                           	JLE	L55
   773 000007CB 8D 65 F4                        	LEA	ESP,DWORD [-12+EBP]
   774 000007CE 5B                              	POP	EBX
   775 000007CF 5E                              	POP	ESI
   776 000007D0 5F                              	POP	EDI
   777 000007D1 5D                              	POP	EBP
   778 000007D2 C3                              	RET
   779 000007D3                                 L61:
   780 000007D3 B2 0F                           	MOV	DL,15
   781 000007D5 EB DC                           	JMP	L49
   782 000007D7                                 L60:
   783 000007D7 31 D2                           	XOR	EDX,EDX
   784 000007D9 EB D8                           	JMP	L49
   785 000007DB                                 	GLOBAL	_putfonts8_asc_sht
   786 000007DB                                 _putfonts8_asc_sht:
   787 000007DB 55                              	PUSH	EBP
   788 000007DC 89 E5                           	MOV	EBP,ESP
   789 000007DE 57                              	PUSH	EDI
   790 000007DF 56                              	PUSH	ESI
   791 000007E0 53                              	PUSH	EBX
   792 000007E1 83 EC 0C                        	SUB	ESP,12
   793 000007E4 8B 45 08                        	MOV	EAX,DWORD [8+EBP]
   794 000007E7 8B 7D 10                        	MOV	EDI,DWORD [16+EBP]
   795 000007EA 89 45 F0                        	MOV	DWORD [-16+EBP],EAX
   796 000007ED 8B 5D 14                        	MOV	EBX,DWORD [20+EBP]
   797 000007F0 8B 45 0C                        	MOV	EAX,DWORD [12+EBP]
   798 000007F3 89 45 EC                        	MOV	DWORD [-20+EBP],EAX
   799 000007F6 8B 45 1C                        	MOV	EAX,DWORD [28+EBP]
   800 000007F9 89 45 E8                        	MOV	DWORD [-24+EBP],EAX
   801 000007FC 8D 47 0F                        	LEA	EAX,DWORD [15+EDI]
   802 000007FF 50                              	PUSH	EAX
   803 00000800 8B 45 EC                        	MOV	EAX,DWORD [-20+EBP]
   804 00000803 8B 75 20                        	MOV	ESI,DWORD [32+EBP]
   805 00000806 0F BE DB                        	MOVSX	EBX,BL
   806 00000809 8D 34 F0                        	LEA	ESI,DWORD [EAX+ESI*8]
   807 0000080C 8D 46 FF                        	LEA	EAX,DWORD [-1+ESI]
   808 0000080F 50                              	PUSH	EAX
   809 00000810 57                              	PUSH	EDI
   810 00000811 FF 75 EC                        	PUSH	DWORD [-20+EBP]
   811 00000814 0F B6 45 18                     	MOVZX	EAX,BYTE [24+EBP]
   812 00000818 50                              	PUSH	EAX
   813 00000819 8B 45 F0                        	MOV	EAX,DWORD [-16+EBP]
   814 0000081C FF 70 04                        	PUSH	DWORD [4+EAX]
   815 0000081F FF 30                           	PUSH	DWORD [EAX]
   816 00000821 E8 [00000000]                   	CALL	_boxfill8
   817 00000826 FF 75 E8                        	PUSH	DWORD [-24+EBP]
   818 00000829 53                              	PUSH	EBX
   819 0000082A 57                              	PUSH	EDI
   820 0000082B FF 75 EC                        	PUSH	DWORD [-20+EBP]
   821 0000082E 8B 45 F0                        	MOV	EAX,DWORD [-16+EBP]
   822 00000831 FF 70 04                        	PUSH	DWORD [4+EAX]
   823 00000834 FF 30                           	PUSH	DWORD [EAX]
   824 00000836 E8 [00000000]                   	CALL	_putfonts8_asc
   825 0000083B 89 7D 10                        	MOV	DWORD [16+EBP],EDI
   826 0000083E 8D 47 10                        	LEA	EAX,DWORD [16+EDI]
   827 00000841 89 75 14                        	MOV	DWORD [20+EBP],ESI
   828 00000844 89 45 18                        	MOV	DWORD [24+EBP],EAX
   829 00000847 83 C4 34                        	ADD	ESP,52
   830 0000084A 8B 45 EC                        	MOV	EAX,DWORD [-20+EBP]
   831 0000084D 89 45 0C                        	MOV	DWORD [12+EBP],EAX
   832 00000850 8B 45 F0                        	MOV	EAX,DWORD [-16+EBP]
   833 00000853 89 45 08                        	MOV	DWORD [8+EBP],EAX
   834 00000856 8D 65 F4                        	LEA	ESP,DWORD [-12+EBP]
   835 00000859 5B                              	POP	EBX
   836 0000085A 5E                              	POP	ESI
   837 0000085B 5F                              	POP	EDI
   838 0000085C 5D                              	POP	EBP
   839 0000085D E9 [00000000]                   	JMP	_sheet_refresh
   840 00000862                                 	GLOBAL	_make_textbox8
   841 00000862                                 _make_textbox8:
   842 00000862 55                              	PUSH	EBP
   843 00000863 89 E5                           	MOV	EBP,ESP
   844 00000865 57                              	PUSH	EDI
   845 00000866 56                              	PUSH	ESI
   846 00000867 53                              	PUSH	EBX
   847 00000868 83 EC 14                        	SUB	ESP,20
   848 0000086B 8B 45 0C                        	MOV	EAX,DWORD [12+EBP]
   849 0000086E 8B 75 10                        	MOV	ESI,DWORD [16+EBP]
   850 00000871 03 45 14                        	ADD	EAX,DWORD [20+EBP]
   851 00000874 83 EE 03                        	SUB	ESI,3
   852 00000877 56                              	PUSH	ESI
   853 00000878 89 45 F0                        	MOV	DWORD [-16+EBP],EAX
   854 0000087B 8B 45 10                        	MOV	EAX,DWORD [16+EBP]
   855 0000087E 03 45 18                        	ADD	EAX,DWORD [24+EBP]
   856 00000881 89 45 EC                        	MOV	DWORD [-20+EBP],EAX
   857 00000884 8B 45 F0                        	MOV	EAX,DWORD [-16+EBP]
   858 00000887 40                              	INC	EAX
   859 00000888 50                              	PUSH	EAX
   860 00000889 89 45 E8                        	MOV	DWORD [-24+EBP],EAX
   861 0000088C 8B 45 0C                        	MOV	EAX,DWORD [12+EBP]
   862 0000088F 56                              	PUSH	ESI
   863 00000890 83 E8 02                        	SUB	EAX,2
   864 00000893 50                              	PUSH	EAX
   865 00000894 89 45 E4                        	MOV	DWORD [-28+EBP],EAX
   866 00000897 8B 45 08                        	MOV	EAX,DWORD [8+EBP]
   867 0000089A 6A 0F                           	PUSH	15
   868 0000089C FF 70 04                        	PUSH	DWORD [4+EAX]
   869 0000089F FF 30                           	PUSH	DWORD [EAX]
   870 000008A1 E8 [00000000]                   	CALL	_boxfill8
   871 000008A6 8B 7D 0C                        	MOV	EDI,DWORD [12+EBP]
   872 000008A9 8B 45 EC                        	MOV	EAX,DWORD [-20+EBP]
   873 000008AC 83 EF 03                        	SUB	EDI,3
   874 000008AF 40                              	INC	EAX
   875 000008B0 50                              	PUSH	EAX
   876 000008B1 89 45 E0                        	MOV	DWORD [-32+EBP],EAX
   877 000008B4 57                              	PUSH	EDI
   878 000008B5 8B 45 08                        	MOV	EAX,DWORD [8+EBP]
   879 000008B8 56                              	PUSH	ESI
   880 000008B9 57                              	PUSH	EDI
   881 000008BA 6A 0F                           	PUSH	15
   882 000008BC FF 70 04                        	PUSH	DWORD [4+EAX]
   883 000008BF FF 30                           	PUSH	DWORD [EAX]
   884 000008C1 E8 [00000000]                   	CALL	_boxfill8
   885 000008C6 8B 45 08                        	MOV	EAX,DWORD [8+EBP]
   886 000008C9 83 C4 38                        	ADD	ESP,56
   887 000008CC 8B 5D EC                        	MOV	EBX,DWORD [-20+EBP]
   888 000008CF 83 C3 02                        	ADD	EBX,2
   889 000008D2 53                              	PUSH	EBX
   890 000008D3 FF 75 E8                        	PUSH	DWORD [-24+EBP]
   891 000008D6 53                              	PUSH	EBX
   892 000008D7 57                              	PUSH	EDI
   893 000008D8 6A 07                           	PUSH	7
   894 000008DA FF 70 04                        	PUSH	DWORD [4+EAX]
   895 000008DD FF 30                           	PUSH	DWORD [EAX]
   896 000008DF E8 [00000000]                   	CALL	_boxfill8
   897 000008E4 8B 45 F0                        	MOV	EAX,DWORD [-16+EBP]
   898 000008E7 53                              	PUSH	EBX
   899 000008E8 83 C0 02                        	ADD	EAX,2
   900 000008EB 50                              	PUSH	EAX
   901 000008EC 56                              	PUSH	ESI
   902 000008ED 50                              	PUSH	EAX
   903 000008EE 8B 45 08                        	MOV	EAX,DWORD [8+EBP]
   904 000008F1 6A 07                           	PUSH	7
   905 000008F3 FF 70 04                        	PUSH	DWORD [4+EAX]
   906 000008F6 FF 30                           	PUSH	DWORD [EAX]
   907 000008F8 E8 [00000000]                   	CALL	_boxfill8
   908 000008FD 8B 45 08                        	MOV	EAX,DWORD [8+EBP]
   909 00000900 83 C4 38                        	ADD	ESP,56
   910 00000903 8B 5D 10                        	MOV	EBX,DWORD [16+EBP]
   911 00000906 83 EB 02                        	SUB	EBX,2
   912 00000909 8B 7D 0C                        	MOV	EDI,DWORD [12+EBP]
   913 0000090C 53                              	PUSH	EBX
   914 0000090D 4F                              	DEC	EDI
   915 0000090E FF 75 F0                        	PUSH	DWORD [-16+EBP]
   916 00000911 53                              	PUSH	EBX
   917 00000912 57                              	PUSH	EDI
   918 00000913 6A 00                           	PUSH	0
   919 00000915 FF 70 04                        	PUSH	DWORD [4+EAX]
   920 00000918 FF 30                           	PUSH	DWORD [EAX]
   921 0000091A E8 [00000000]                   	CALL	_boxfill8
   922 0000091F 8B 45 08                        	MOV	EAX,DWORD [8+EBP]
   923 00000922 FF 75 EC                        	PUSH	DWORD [-20+EBP]
   924 00000925 FF 75 E4                        	PUSH	DWORD [-28+EBP]
   925 00000928 53                              	PUSH	EBX
   926 00000929 FF 75 E4                        	PUSH	DWORD [-28+EBP]
   927 0000092C 6A 00                           	PUSH	0
   928 0000092E FF 70 04                        	PUSH	DWORD [4+EAX]
   929 00000931 FF 30                           	PUSH	DWORD [EAX]
   930 00000933 E8 [00000000]                   	CALL	_boxfill8
   931 00000938 8B 45 08                        	MOV	EAX,DWORD [8+EBP]
   932 0000093B 83 C4 38                        	ADD	ESP,56
   933 0000093E FF 75 E0                        	PUSH	DWORD [-32+EBP]
   934 00000941 FF 75 F0                        	PUSH	DWORD [-16+EBP]
   935 00000944 FF 75 E0                        	PUSH	DWORD [-32+EBP]
   936 00000947 FF 75 E4                        	PUSH	DWORD [-28+EBP]
   937 0000094A 6A 08                           	PUSH	8
   938 0000094C FF 70 04                        	PUSH	DWORD [4+EAX]
   939 0000094F FF 30                           	PUSH	DWORD [EAX]
   940 00000951 E8 [00000000]                   	CALL	_boxfill8
   941 00000956 8B 45 08                        	MOV	EAX,DWORD [8+EBP]
   942 00000959 FF 75 E0                        	PUSH	DWORD [-32+EBP]
   943 0000095C FF 75 E8                        	PUSH	DWORD [-24+EBP]
   944 0000095F 53                              	PUSH	EBX
   945 00000960 FF 75 E8                        	PUSH	DWORD [-24+EBP]
   946 00000963 6A 08                           	PUSH	8
   947 00000965 FF 70 04                        	PUSH	DWORD [4+EAX]
   948 00000968 FF 30                           	PUSH	DWORD [EAX]
   949 0000096A E8 [00000000]                   	CALL	_boxfill8
   950 0000096F 8B 45 10                        	MOV	EAX,DWORD [16+EBP]
   951 00000972 83 C4 38                        	ADD	ESP,56
   952 00000975 48                              	DEC	EAX
   953 00000976 FF 75 EC                        	PUSH	DWORD [-20+EBP]
   954 00000979 FF 75 F0                        	PUSH	DWORD [-16+EBP]
   955 0000097C 50                              	PUSH	EAX
   956 0000097D 57                              	PUSH	EDI
   957 0000097E 0F B6 45 1C                     	MOVZX	EAX,BYTE [28+EBP]
   958 00000982 50                              	PUSH	EAX
   959 00000983 8B 45 08                        	MOV	EAX,DWORD [8+EBP]
   960 00000986 FF 70 04                        	PUSH	DWORD [4+EAX]
   961 00000989 FF 30                           	PUSH	DWORD [EAX]
   962 0000098B E8 [00000000]                   	CALL	_boxfill8
   963 00000990 8D 65 F4                        	LEA	ESP,DWORD [-12+EBP]
   964 00000993 5B                              	POP	EBX
   965 00000994 5E                              	POP	ESI
   966 00000995 5F                              	POP	EDI
   967 00000996 5D                              	POP	EBP
   968 00000997 C3                              	RET
