     1 00000000                                 [FORMAT "WCOFF"]
     2 00000000                                 [INSTRSET "i486p"]
     3 00000000                                 [OPTIMIZE 1]
     4 00000000                                 [OPTION 1]
     5 00000000                                 [BITS 32]
     6 00000000                                 	EXTERN	_init_gdtidt
     7 00000000                                 	EXTERN	_init_pic
     8 00000000                                 	EXTERN	_io_sti
     9 00000000                                 	EXTERN	_fifo32_init
    10 00000000                                 	EXTERN	_init_pit
    11 00000000                                 	EXTERN	_init_keyboard
    12 00000000                                 	EXTERN	_enable_mouse
    13 00000000                                 	EXTERN	_io_out8
    14 00000000                                 	EXTERN	_memtest
    15 00000000                                 	EXTERN	_memman_init
    16 00000000                                 	EXTERN	_memman_free
    17 00000000                                 	EXTERN	_init_palette
    18 00000000                                 	EXTERN	_shtctl_init
    19 00000000                                 	EXTERN	_task_init
    20 00000000                                 	EXTERN	_task_run
    21 00000000                                 	EXTERN	_sheet_alloc
    22 00000000                                 	EXTERN	_memman_alloc_4k
    23 00000000                                 	EXTERN	_sheet_setbuf
    24 00000000                                 	EXTERN	_init_screen8
    25 00000000                                 	EXTERN	_make_window8
    26 00000000                                 	EXTERN	_make_textbox8
    27 00000000                                 	EXTERN	_task_alloc
    28 00000000                                 	EXTERN	_console_task
    29 00000000                                 	EXTERN	_init_mouse_cursor8
    30 00000000                                 	EXTERN	_sheet_slide
    31 00000000                                 	EXTERN	_sheet_updown
    32 00000000                                 	EXTERN	_fifo32_put
    33 00000000                                 	EXTERN	_fifo32_status
    34 00000000                                 	EXTERN	_io_cli
    35 00000000                                 	EXTERN	_fifo32_get
    36 00000000                                 	EXTERN	_mouse_decode
    37 00000000                                 	EXTERN	_cons_putstr0
    38 00000000                                 	EXTERN	_asm_end_app
    39 00000000                                 	EXTERN	_keytable0.0
    40 00000000                                 	EXTERN	_wait_KBC_sendready
    41 00000000                                 	EXTERN	_keytable1.1
    42 00000000                                 	EXTERN	_task_sleep
    43 00000000                                 	EXTERN	_change_wtitle8
    44 00000000                                 [FILE "bootpack.c"]
    45                                          [SECTION .data]
    46 00000000                                 _keytable0.0:
    47 00000000 00                              	DB	0
    48 00000001 00                              	DB	0
    49 00000002 31                              	DB	49
    50 00000003 32                              	DB	50
    51 00000004 33                              	DB	51
    52 00000005 34                              	DB	52
    53 00000006 35                              	DB	53
    54 00000007 36                              	DB	54
    55 00000008 37                              	DB	55
    56 00000009 38                              	DB	56
    57 0000000A 39                              	DB	57
    58 0000000B 30                              	DB	48
    59 0000000C 2D                              	DB	45
    60 0000000D 5E                              	DB	94
    61 0000000E 08                              	DB	8
    62 0000000F 00                              	DB	0
    63 00000010 51                              	DB	81
    64 00000011 57                              	DB	87
    65 00000012 45                              	DB	69
    66 00000013 52                              	DB	82
    67 00000014 54                              	DB	84
    68 00000015 59                              	DB	89
    69 00000016 55                              	DB	85
    70 00000017 49                              	DB	73
    71 00000018 4F                              	DB	79
    72 00000019 50                              	DB	80
    73 0000001A 40                              	DB	64
    74 0000001B 5B                              	DB	91
    75 0000001C 0A                              	DB	10
    76 0000001D 00                              	DB	0
    77 0000001E 41                              	DB	65
    78 0000001F 53                              	DB	83
    79 00000020 44                              	DB	68
    80 00000021 46                              	DB	70
    81 00000022 47                              	DB	71
    82 00000023 48                              	DB	72
    83 00000024 4A                              	DB	74
    84 00000025 4B                              	DB	75
    85 00000026 4C                              	DB	76
    86 00000027 3B                              	DB	59
    87 00000028 3A                              	DB	58
    88 00000029 00                              	DB	0
    89 0000002A 00                              	DB	0
    90 0000002B 5D                              	DB	93
    91 0000002C 5A                              	DB	90
    92 0000002D 58                              	DB	88
    93 0000002E 43                              	DB	67
    94 0000002F 56                              	DB	86
    95 00000030 42                              	DB	66
    96 00000031 4E                              	DB	78
    97 00000032 4D                              	DB	77
    98 00000033 2C                              	DB	44
    99 00000034 2E                              	DB	46
   100 00000035 2F                              	DB	47
   101 00000036 00                              	DB	0
   102 00000037 2A                              	DB	42
   103 00000038 00                              	DB	0
   104 00000039 20                              	DB	32
   105 0000003A 00                              	DB	0
   106 0000003B 00                              	DB	0
   107 0000003C 00                              	DB	0
   108 0000003D 00                              	DB	0
   109 0000003E 00                              	DB	0
   110 0000003F 00                              	DB	0
   111 00000040 00                              	DB	0
   112 00000041 00                              	DB	0
   113 00000042 00                              	DB	0
   114 00000043 00                              	DB	0
   115 00000044 00                              	DB	0
   116 00000045 00                              	DB	0
   117 00000046 00                              	DB	0
   118 00000047 37                              	DB	55
   119 00000048 38                              	DB	56
   120 00000049 39                              	DB	57
   121 0000004A 2D                              	DB	45
   122 0000004B 34                              	DB	52
   123 0000004C 35                              	DB	53
   124 0000004D 36                              	DB	54
   125 0000004E 2B                              	DB	43
   126 0000004F 31                              	DB	49
   127 00000050 32                              	DB	50
   128 00000051 33                              	DB	51
   129 00000052 30                              	DB	48
   130 00000053 2E                              	DB	46
   131 00000054 00                              	DB	0
   132 00000055 00                              	DB	0
   133 00000056 00                              	DB	0
   134 00000057 00                              	DB	0
   135 00000058 00                              	DB	0
   136 00000059 00                              	DB	0
   137 0000005A 00                              	DB	0
   138 0000005B 00                              	DB	0
   139 0000005C 00                              	DB	0
   140 0000005D 00                              	DB	0
   141 0000005E 00                              	DB	0
   142 0000005F 00                              	DB	0
   143 00000060 00                              	DB	0
   144 00000061 00                              	DB	0
   145 00000062 00                              	DB	0
   146 00000063 00                              	DB	0
   147 00000064 00                              	DB	0
   148 00000065 00                              	DB	0
   149 00000066 00                              	DB	0
   150 00000067 00                              	DB	0
   151 00000068 00                              	DB	0
   152 00000069 00                              	DB	0
   153 0000006A 00                              	DB	0
   154 0000006B 00                              	DB	0
   155 0000006C 00                              	DB	0
   156 0000006D 00                              	DB	0
   157 0000006E 00                              	DB	0
   158 0000006F 00                              	DB	0
   159 00000070 00                              	DB	0
   160 00000071 00                              	DB	0
   161 00000072 00                              	DB	0
   162 00000073 5C                              	DB	92
   163 00000074 00                              	DB	0
   164 00000075 00                              	DB	0
   165 00000076 00                              	DB	0
   166 00000077 00                              	DB	0
   167 00000078 00                              	DB	0
   168 00000079 00                              	DB	0
   169 0000007A 00                              	DB	0
   170 0000007B 00                              	DB	0
   171 0000007C 00                              	DB	0
   172 0000007D 5C                              	DB	92
   173 0000007E 00                              	DB	0
   174 0000007F 00                              	DB	0
   175 00000080                                 _keytable1.1:
   176 00000080 00                              	DB	0
   177 00000081 00                              	DB	0
   178 00000082 21                              	DB	33
   179 00000083 22                              	DB	34
   180 00000084 23                              	DB	35
   181 00000085 24                              	DB	36
   182 00000086 25                              	DB	37
   183 00000087 26                              	DB	38
   184 00000088 27                              	DB	39
   185 00000089 28                              	DB	40
   186 0000008A 29                              	DB	41
   187 0000008B 7E                              	DB	126
   188 0000008C 3D                              	DB	61
   189 0000008D 7E                              	DB	126
   190 0000008E 08                              	DB	8
   191 0000008F 00                              	DB	0
   192 00000090 51                              	DB	81
   193 00000091 57                              	DB	87
   194 00000092 45                              	DB	69
   195 00000093 52                              	DB	82
   196 00000094 54                              	DB	84
   197 00000095 59                              	DB	89
   198 00000096 55                              	DB	85
   199 00000097 49                              	DB	73
   200 00000098 4F                              	DB	79
   201 00000099 50                              	DB	80
   202 0000009A 60                              	DB	96
   203 0000009B 7B                              	DB	123
   204 0000009C 0A                              	DB	10
   205 0000009D 00                              	DB	0
   206 0000009E 41                              	DB	65
   207 0000009F 53                              	DB	83
   208 000000A0 44                              	DB	68
   209 000000A1 46                              	DB	70
   210 000000A2 47                              	DB	71
   211 000000A3 48                              	DB	72
   212 000000A4 4A                              	DB	74
   213 000000A5 4B                              	DB	75
   214 000000A6 4C                              	DB	76
   215 000000A7 2B                              	DB	43
   216 000000A8 2A                              	DB	42
   217 000000A9 00                              	DB	0
   218 000000AA 00                              	DB	0
   219 000000AB 7D                              	DB	125
   220 000000AC 5A                              	DB	90
   221 000000AD 58                              	DB	88
   222 000000AE 43                              	DB	67
   223 000000AF 56                              	DB	86
   224 000000B0 42                              	DB	66
   225 000000B1 4E                              	DB	78
   226 000000B2 4D                              	DB	77
   227 000000B3 3C                              	DB	60
   228 000000B4 3E                              	DB	62
   229 000000B5 3F                              	DB	63
   230 000000B6 00                              	DB	0
   231 000000B7 2A                              	DB	42
   232 000000B8 00                              	DB	0
   233 000000B9 20                              	DB	32
   234 000000BA 00                              	DB	0
   235 000000BB 00                              	DB	0
   236 000000BC 00                              	DB	0
   237 000000BD 00                              	DB	0
   238 000000BE 00                              	DB	0
   239 000000BF 00                              	DB	0
   240 000000C0 00                              	DB	0
   241 000000C1 00                              	DB	0
   242 000000C2 00                              	DB	0
   243 000000C3 00                              	DB	0
   244 000000C4 00                              	DB	0
   245 000000C5 00                              	DB	0
   246 000000C6 00                              	DB	0
   247 000000C7 37                              	DB	55
   248 000000C8 38                              	DB	56
   249 000000C9 39                              	DB	57
   250 000000CA 2D                              	DB	45
   251 000000CB 34                              	DB	52
   252 000000CC 35                              	DB	53
   253 000000CD 36                              	DB	54
   254 000000CE 2B                              	DB	43
   255 000000CF 31                              	DB	49
   256 000000D0 32                              	DB	50
   257 000000D1 33                              	DB	51
   258 000000D2 30                              	DB	48
   259 000000D3 2E                              	DB	46
   260 000000D4 00                              	DB	0
   261 000000D5 00                              	DB	0
   262 000000D6 00                              	DB	0
   263 000000D7 00                              	DB	0
   264 000000D8 00                              	DB	0
   265 000000D9 00                              	DB	0
   266 000000DA 00                              	DB	0
   267 000000DB 00                              	DB	0
   268 000000DC 00                              	DB	0
   269 000000DD 00                              	DB	0
   270 000000DE 00                              	DB	0
   271 000000DF 00                              	DB	0
   272 000000E0 00                              	DB	0
   273 000000E1 00                              	DB	0
   274 000000E2 00                              	DB	0
   275 000000E3 00                              	DB	0
   276 000000E4 00                              	DB	0
   277 000000E5 00                              	DB	0
   278 000000E6 00                              	DB	0
   279 000000E7 00                              	DB	0
   280 000000E8 00                              	DB	0
   281 000000E9 00                              	DB	0
   282 000000EA 00                              	DB	0
   283 000000EB 00                              	DB	0
   284 000000EC 00                              	DB	0
   285 000000ED 00                              	DB	0
   286 000000EE 00                              	DB	0
   287 000000EF 00                              	DB	0
   288 000000F0 00                              	DB	0
   289 000000F1 00                              	DB	0
   290 000000F2 00                              	DB	0
   291 000000F3 5F                              	DB	95
   292 000000F4 00                              	DB	0
   293 000000F5 00                              	DB	0
   294 000000F6 00                              	DB	0
   295 000000F7 00                              	DB	0
   296 000000F8 00                              	DB	0
   297 000000F9 00                              	DB	0
   298 000000FA 00                              	DB	0
   299 000000FB 00                              	DB	0
   300 000000FC 00                              	DB	0
   301 000000FD 7C                              	DB	124
   302 000000FE 00                              	DB	0
   303 000000FF 00                              	DB	0
   304 00000100                                 LC0:
   305 00000100 63 6F 6E 73 6F 6C 65 00         	DB	"console",0x00
   306 00000108                                 LC2:
   307 00000108 0A 42 72 65 61 6B 28 6D 6F 75   	DB	0x0A,"Break(mouse) :",0x0A,0x00
       00000112 73 65 29 20 3A 0A 00 
   308 00000119                                 LC1:
   309 00000119 0A 42 72 65 61 6B 28 6B 65 79   	DB	0x0A,"Break(key) :",0x0A,0x00
       00000123 29 20 3A 0A 00 
   310                                          [SECTION .text]
   311 00000000                                 	GLOBAL	_HariMain
   312 00000000                                 _HariMain:
   313 00000000 55                              	PUSH	EBP
   314 00000001 89 E5                           	MOV	EBP,ESP
   315 00000003 57                              	PUSH	EDI
   316 00000004 56                              	PUSH	ESI
   317 00000005 53                              	PUSH	EBX
   318 00000006 8D 5D A4                        	LEA	EBX,DWORD [-92+EBP]
   319 00000009 81 EC 00000464                  	SUB	ESP,1124
   320 0000000F C7 85 FFFFFBB0 00000000         	MOV	DWORD [-1104+EBP],0
   321 00000019 A0 00000FF1                     	MOV	AL,BYTE [4081]
   322 0000001E C0 F8 04                        	SAR	AL,4
   323 00000021 89 C2                           	MOV	EDX,EAX
   324 00000023 83 E2 07                        	AND	EDX,7
   325 00000026 89 95 FFFFFBAC                  	MOV	DWORD [-1108+EBP],EDX
   326 0000002C C7 85 FFFFFBA8 FFFFFFFF         	MOV	DWORD [-1112+EBP],-1
   327 00000036 C7 85 FFFFFBA4 FFFFFFFF         	MOV	DWORD [-1116+EBP],-1
   328 00000040 C7 85 FFFFFBA0 FFFFFFFF         	MOV	DWORD [-1120+EBP],-1
   329 0000004A C7 85 FFFFFB9C 00000000         	MOV	DWORD [-1124+EBP],0
   330 00000054 C7 85 FFFFFB98 00000000         	MOV	DWORD [-1128+EBP],0
   331 0000005E E8 [00000000]                   	CALL	_init_gdtidt
   332 00000063 E8 [00000000]                   	CALL	_init_pic
   333 00000068 E8 [00000000]                   	CALL	_io_sti
   334 0000006D 8D 85 FFFFFD84                  	LEA	EAX,DWORD [-636+EBP]
   335 00000073 6A 00                           	PUSH	0
   336 00000075 50                              	PUSH	EAX
   337 00000076 68 00000080                     	PUSH	128
   338 0000007B 53                              	PUSH	EBX
   339 0000007C E8 [00000000]                   	CALL	_fifo32_init
   340 00000081 E8 [00000000]                   	CALL	_init_pit
   341 00000086 68 00000100                     	PUSH	256
   342 0000008B 53                              	PUSH	EBX
   343 0000008C E8 [00000000]                   	CALL	_init_keyboard
   344 00000091 8D 85 FFFFFCF4                  	LEA	EAX,DWORD [-780+EBP]
   345 00000097 50                              	PUSH	EAX
   346 00000098 68 00000200                     	PUSH	512
   347 0000009D 53                              	PUSH	EBX
   348 0000009E E8 [00000000]                   	CALL	_enable_mouse
   349 000000A3 83 C4 24                        	ADD	ESP,36
   350 000000A6 68 000000F8                     	PUSH	248
   351 000000AB 6A 21                           	PUSH	33
   352 000000AD E8 [00000000]                   	CALL	_io_out8
   353 000000B2 68 000000EF                     	PUSH	239
   354 000000B7 68 000000A1                     	PUSH	161
   355 000000BC E8 [00000000]                   	CALL	_io_out8
   356 000000C1 8D 85 FFFFFD04                  	LEA	EAX,DWORD [-764+EBP]
   357 000000C7 6A 00                           	PUSH	0
   358 000000C9 50                              	PUSH	EAX
   359 000000CA 8D 45 84                        	LEA	EAX,DWORD [-124+EBP]
   360 000000CD 6A 20                           	PUSH	32
   361 000000CF 50                              	PUSH	EAX
   362 000000D0 E8 [00000000]                   	CALL	_fifo32_init
   363 000000D5 83 C4 20                        	ADD	ESP,32
   364 000000D8 68 BFFFFFFF                     	PUSH	-1073741825
   365 000000DD 68 00400000                     	PUSH	4194304
   366 000000E2 E8 [00000000]                   	CALL	_memtest
   367 000000E7 68 003C0000                     	PUSH	3932160
   368 000000EC 89 85 FFFFFBC0                  	MOV	DWORD [-1088+EBP],EAX
   369 000000F2 E8 [00000000]                   	CALL	_memman_init
   370 000000F7 68 0009E000                     	PUSH	647168
   371 000000FC 68 00001000                     	PUSH	4096
   372 00000101 68 003C0000                     	PUSH	3932160
   373 00000106 E8 [00000000]                   	CALL	_memman_free
   374 0000010B 8B 85 FFFFFBC0                  	MOV	EAX,DWORD [-1088+EBP]
   375 00000111 2D 00400000                     	SUB	EAX,4194304
   376 00000116 50                              	PUSH	EAX
   377 00000117 68 00400000                     	PUSH	4194304
   378 0000011C 68 003C0000                     	PUSH	3932160
   379 00000121 E8 [00000000]                   	CALL	_memman_free
   380 00000126 83 C4 24                        	ADD	ESP,36
   381 00000129 E8 [00000000]                   	CALL	_init_palette
   382 0000012E 0F BF 05 00000FF6               	MOVSX	EAX,WORD [4086]
   383 00000135 50                              	PUSH	EAX
   384 00000136 0F BF 05 00000FF4               	MOVSX	EAX,WORD [4084]
   385 0000013D 50                              	PUSH	EAX
   386 0000013E FF 35 00000FF8                  	PUSH	DWORD [4088]
   387 00000144 68 003C0000                     	PUSH	3932160
   388 00000149 E8 [00000000]                   	CALL	_shtctl_init
   389 0000014E 68 003C0000                     	PUSH	3932160
   390 00000153 89 85 FFFFFBD0                  	MOV	DWORD [-1072+EBP],EAX
   391 00000159 E8 [00000000]                   	CALL	_task_init
   392 0000015E 6A 02                           	PUSH	2
   393 00000160 6A 01                           	PUSH	1
   394 00000162 89 85 FFFFFBB4                  	MOV	DWORD [-1100+EBP],EAX
   395 00000168 50                              	PUSH	EAX
   396 00000169 89 45 BC                        	MOV	DWORD [-68+EBP],EAX
   397 0000016C E8 [00000000]                   	CALL	_task_run
   398 00000171 83 C4 20                        	ADD	ESP,32
   399 00000174 8B 8D FFFFFBD0                  	MOV	ECX,DWORD [-1072+EBP]
   400 0000017A 89 0D 00000FE4                  	MOV	DWORD [4068],ECX
   401 00000180 51                              	PUSH	ECX
   402 00000181 E8 [00000000]                   	CALL	_sheet_alloc
   403 00000186 0F BF 15 00000FF6               	MOVSX	EDX,WORD [4086]
   404 0000018D 89 85 FFFFFBBC                  	MOV	DWORD [-1092+EBP],EAX
   405 00000193 0F BF 05 00000FF4               	MOVSX	EAX,WORD [4084]
   406 0000019A 0F AF C2                        	IMUL	EAX,EDX
   407 0000019D 50                              	PUSH	EAX
   408 0000019E 68 003C0000                     	PUSH	3932160
   409 000001A3 E8 [00000000]                   	CALL	_memman_alloc_4k
   410 000001A8 6A FF                           	PUSH	-1
   411 000001AA 89 C3                           	MOV	EBX,EAX
   412 000001AC 0F BF 05 00000FF6               	MOVSX	EAX,WORD [4086]
   413 000001B3 50                              	PUSH	EAX
   414 000001B4 0F BF 05 00000FF4               	MOVSX	EAX,WORD [4084]
   415 000001BB 50                              	PUSH	EAX
   416 000001BC 53                              	PUSH	EBX
   417 000001BD FF B5 FFFFFBBC                  	PUSH	DWORD [-1092+EBP]
   418 000001C3 E8 [00000000]                   	CALL	_sheet_setbuf
   419 000001C8 83 C4 20                        	ADD	ESP,32
   420 000001CB 0F BF 05 00000FF6               	MOVSX	EAX,WORD [4086]
   421 000001D2 50                              	PUSH	EAX
   422 000001D3 0F BF 05 00000FF4               	MOVSX	EAX,WORD [4084]
   423 000001DA 50                              	PUSH	EAX
   424 000001DB 53                              	PUSH	EBX
   425 000001DC E8 [00000000]                   	CALL	_init_screen8
   426 000001E1 83 C4 0C                        	ADD	ESP,12
   427 000001E4 C7 85 FFFFFBC4 00000001         	MOV	DWORD [-1084+EBP],1
   428 000001EE 31 FF                           	XOR	EDI,EDI
   429 000001F0                                 L6:
   430 000001F0 FF B5 FFFFFBD0                  	PUSH	DWORD [-1072+EBP]
   431 000001F6 8D 9D FFFFFBE4                  	LEA	EBX,DWORD [-1052+EBP]
   432 000001FC E8 [00000000]                   	CALL	_sheet_alloc
   433 00000201 68 0000A500                     	PUSH	42240
   434 00000206 8D B5 FFFFFBDC                  	LEA	ESI,DWORD [-1060+EBP]
   435 0000020C 68 003C0000                     	PUSH	3932160
   436 00000211 89 84 3D FFFFFBEC               	MOV	DWORD [-1044+EBP+EDI*1],EAX
   437 00000218 E8 [00000000]                   	CALL	_memman_alloc_4k
   438 0000021D 89 04 3B                        	MOV	DWORD [EBX+EDI*1],EAX
   439 00000220 6A FF                           	PUSH	-1
   440 00000222 68 000000A5                     	PUSH	165
   441 00000227 68 00000100                     	PUSH	256
   442 0000022C 50                              	PUSH	EAX
   443 0000022D FF B4 3D FFFFFBEC               	PUSH	DWORD [-1044+EBP+EDI*1]
   444 00000234 E8 [00000000]                   	CALL	_sheet_setbuf
   445 00000239 83 C4 20                        	ADD	ESP,32
   446 0000023C 6A 00                           	PUSH	0
   447 0000023E 68 [00000100]                   	PUSH	LC0
   448 00000243 68 000000A5                     	PUSH	165
   449 00000248 68 00000100                     	PUSH	256
   450 0000024D FF 34 3B                        	PUSH	DWORD [EBX+EDI*1]
   451 00000250 E8 [00000000]                   	CALL	_make_window8
   452 00000255 6A 00                           	PUSH	0
   453 00000257 68 00000080                     	PUSH	128
   454 0000025C 68 000000F0                     	PUSH	240
   455 00000261 6A 1C                           	PUSH	28
   456 00000263 6A 08                           	PUSH	8
   457 00000265 FF B4 3D FFFFFBEC               	PUSH	DWORD [-1044+EBP+EDI*1]
   458 0000026C E8 [00000000]                   	CALL	_make_textbox8
   459 00000271 83 C4 2C                        	ADD	ESP,44
   460 00000274 E8 [00000000]                   	CALL	_task_alloc
   461 00000279 89 C3                           	MOV	EBX,EAX
   462 0000027B 89 04 3E                        	MOV	DWORD [ESI+EDI*1],EAX
   463 0000027E 68 00010000                     	PUSH	65536
   464 00000283 68 003C0000                     	PUSH	3932160
   465 00000288 E8 [00000000]                   	CALL	_memman_alloc_4k
   466 0000028D 8B 94 3D FFFFFBEC               	MOV	EDX,DWORD [-1044+EBP+EDI*1]
   467 00000294 05 0000FFF4                     	ADD	EAX,65524
   468 00000299 89 43 64                        	MOV	DWORD [100+EBX],EAX
   469 0000029C 8B 04 3E                        	MOV	EAX,DWORD [ESI+EDI*1]
   470 0000029F 8B 48 64                        	MOV	ECX,DWORD [100+EAX]
   471 000002A2 C7 40 4C [00000000]             	MOV	DWORD [76+EAX],_console_task
   472 000002A9 C7 40 74 00000008               	MOV	DWORD [116+EAX],8
   473 000002B0 C7 40 78 00000010               	MOV	DWORD [120+EAX],16
   474 000002B7 C7 40 7C 00000008               	MOV	DWORD [124+EAX],8
   475 000002BE C7 80 00000080 00000008         	MOV	DWORD [128+EAX],8
   476 000002C8 C7 80 00000084 00000008         	MOV	DWORD [132+EAX],8
   477 000002D2 C7 80 00000088 00000008         	MOV	DWORD [136+EAX],8
   478 000002DC 89 51 04                        	MOV	DWORD [4+ECX],EDX
   479 000002DF 8B 8D FFFFFBC0                  	MOV	ECX,DWORD [-1088+EBP]
   480 000002E5 8B 50 64                        	MOV	EDX,DWORD [100+EAX]
   481 000002E8 89 4A 08                        	MOV	DWORD [8+EDX],ECX
   482 000002EB 6A 02                           	PUSH	2
   483 000002ED 6A 02                           	PUSH	2
   484 000002EF 50                              	PUSH	EAX
   485 000002F0 E8 [00000000]                   	CALL	_task_run
   486 000002F5 8B 14 3E                        	MOV	EDX,DWORD [ESI+EDI*1]
   487 000002F8 8B 84 3D FFFFFBEC               	MOV	EAX,DWORD [-1044+EBP+EDI*1]
   488 000002FF 83 48 1C 20                     	OR	DWORD [28+EAX],32
   489 00000303 89 50 24                        	MOV	DWORD [36+EAX],EDX
   490 00000306 68 00000200                     	PUSH	512
   491 0000030B 68 003C0000                     	PUSH	3932160
   492 00000310 E8 [00000000]                   	CALL	_memman_alloc_4k
   493 00000315 8D 95 FFFFFBD4                  	LEA	EDX,DWORD [-1068+EBP]
   494 0000031B 89 04 3A                        	MOV	DWORD [EDX+EDI*1],EAX
   495 0000031E FF 34 3E                        	PUSH	DWORD [ESI+EDI*1]
   496 00000321 50                              	PUSH	EAX
   497 00000322 68 00000080                     	PUSH	128
   498 00000327 8B 04 3E                        	MOV	EAX,DWORD [ESI+EDI*1]
   499 0000032A 83 C7 04                        	ADD	EDI,4
   500 0000032D 83 C0 10                        	ADD	EAX,16
   501 00000330 50                              	PUSH	EAX
   502 00000331 E8 [00000000]                   	CALL	_fifo32_init
   503 00000336 83 C4 2C                        	ADD	ESP,44
   504 00000339 FF 8D FFFFFBC4                  	DEC	DWORD [-1084+EBP]
   505 0000033F 0F 89 FFFFFEAB                  	JNS	L6
   506 00000345 FF B5 FFFFFBD0                  	PUSH	DWORD [-1072+EBP]
   507 0000034B C7 85 FFFFFBC4 00000002         	MOV	DWORD [-1084+EBP],2
   508 00000355 8D 9D FFFFFBF4                  	LEA	EBX,DWORD [-1036+EBP]
   509 0000035B E8 [00000000]                   	CALL	_sheet_alloc
   510 00000360 6A 63                           	PUSH	99
   511 00000362 6A 10                           	PUSH	16
   512 00000364 89 85 FFFFFBB8                  	MOV	DWORD [-1096+EBP],EAX
   513 0000036A 6A 10                           	PUSH	16
   514 0000036C 53                              	PUSH	EBX
   515 0000036D 50                              	PUSH	EAX
   516 0000036E E8 [00000000]                   	CALL	_sheet_setbuf
   517 00000373 6A 63                           	PUSH	99
   518 00000375 53                              	PUSH	EBX
   519 00000376 8D 5D 84                        	LEA	EBX,DWORD [-124+EBP]
   520 00000379 E8 [00000000]                   	CALL	_init_mouse_cursor8
   521 0000037E 83 C4 20                        	ADD	ESP,32
   522 00000381 0F BF 05 00000FF4               	MOVSX	EAX,WORD [4084]
   523 00000388 8D 50 F0                        	LEA	EDX,DWORD [-16+EAX]
   524 0000038B 89 D0                           	MOV	EAX,EDX
   525 0000038D 99                              	CDQ
   526 0000038E F7 BD FFFFFBC4                  	IDIV	DWORD [-1084+EBP]
   527 00000394 89 85 FFFFFBCC                  	MOV	DWORD [-1076+EBP],EAX
   528 0000039A 0F BF 05 00000FF6               	MOVSX	EAX,WORD [4086]
   529 000003A1 6A 00                           	PUSH	0
   530 000003A3 8D 50 D4                        	LEA	EDX,DWORD [-44+EAX]
   531 000003A6 6A 00                           	PUSH	0
   532 000003A8 89 D0                           	MOV	EAX,EDX
   533 000003AA 99                              	CDQ
   534 000003AB F7 BD FFFFFBC4                  	IDIV	DWORD [-1084+EBP]
   535 000003B1 FF B5 FFFFFBBC                  	PUSH	DWORD [-1092+EBP]
   536 000003B7 89 85 FFFFFBC8                  	MOV	DWORD [-1080+EBP],EAX
   537 000003BD E8 [00000000]                   	CALL	_sheet_slide
   538 000003C2 6A 06                           	PUSH	6
   539 000003C4 6A 38                           	PUSH	56
   540 000003C6 FF B5 FFFFFBF0                  	PUSH	DWORD [-1040+EBP]
   541 000003CC E8 [00000000]                   	CALL	_sheet_slide
   542 000003D1 6A 02                           	PUSH	2
   543 000003D3 6A 08                           	PUSH	8
   544 000003D5 FF B5 FFFFFBEC                  	PUSH	DWORD [-1044+EBP]
   545 000003DB E8 [00000000]                   	CALL	_sheet_slide
   546 000003E0 83 C4 24                        	ADD	ESP,36
   547 000003E3 FF B5 FFFFFBC8                  	PUSH	DWORD [-1080+EBP]
   548 000003E9 FF B5 FFFFFBCC                  	PUSH	DWORD [-1076+EBP]
   549 000003EF FF B5 FFFFFBB8                  	PUSH	DWORD [-1096+EBP]
   550 000003F5 E8 [00000000]                   	CALL	_sheet_slide
   551 000003FA 6A 00                           	PUSH	0
   552 000003FC FF B5 FFFFFBBC                  	PUSH	DWORD [-1092+EBP]
   553 00000402 E8 [00000000]                   	CALL	_sheet_updown
   554 00000407 6A 01                           	PUSH	1
   555 00000409 FF B5 FFFFFBF0                  	PUSH	DWORD [-1040+EBP]
   556 0000040F E8 [00000000]                   	CALL	_sheet_updown
   557 00000414 6A 02                           	PUSH	2
   558 00000416 FF B5 FFFFFBEC                  	PUSH	DWORD [-1044+EBP]
   559 0000041C E8 [00000000]                   	CALL	_sheet_updown
   560 00000421 83 C4 24                        	ADD	ESP,36
   561 00000424 6A 03                           	PUSH	3
   562 00000426 FF B5 FFFFFBB8                  	PUSH	DWORD [-1096+EBP]
   563 0000042C E8 [00000000]                   	CALL	_sheet_updown
   564 00000431 8B BD FFFFFBEC                  	MOV	EDI,DWORD [-1044+EBP]
   565 00000437 57                              	PUSH	EDI
   566 00000438 E8 0000062A                     	CALL	_keywin_on
   567 0000043D 68 000000ED                     	PUSH	237
   568 00000442 53                              	PUSH	EBX
   569 00000443 E8 [00000000]                   	CALL	_fifo32_put
   570 00000448 FF B5 FFFFFBAC                  	PUSH	DWORD [-1108+EBP]
   571 0000044E 53                              	PUSH	EBX
   572 0000044F E8 [00000000]                   	CALL	_fifo32_put
   573 00000454 83 C4 1C                        	ADD	ESP,28
   574 00000457                                 L7:
   575 00000457 8D 5D 84                        	LEA	EBX,DWORD [-124+EBP]
   576 0000045A 53                              	PUSH	EBX
   577 0000045B E8 [00000000]                   	CALL	_fifo32_status
   578 00000460 59                              	POP	ECX
   579 00000461 85 C0                           	TEST	EAX,EAX
   580 00000463 7E 0D                           	JLE	L10
   581 00000465 83 BD FFFFFBA8 00               	CMP	DWORD [-1112+EBP],0
   582 0000046C 0F 88 000005A1                  	JS	L67
   583 00000472                                 L10:
   584 00000472 8D 5D A4                        	LEA	EBX,DWORD [-92+EBP]
   585 00000475 E8 [00000000]                   	CALL	_io_cli
   586 0000047A 53                              	PUSH	EBX
   587 0000047B E8 [00000000]                   	CALL	_fifo32_status
   588 00000480 5A                              	POP	EDX
   589 00000481 85 C0                           	TEST	EAX,EAX
   590 00000483 0F 84 00000574                  	JE	L68
   591 00000489 53                              	PUSH	EBX
   592 0000048A E8 [00000000]                   	CALL	_fifo32_get
   593 0000048F 89 85 FFFFFBC4                  	MOV	DWORD [-1084+EBP],EAX
   594 00000495 E8 [00000000]                   	CALL	_io_sti
   595 0000049A 58                              	POP	EAX
   596 0000049B 83 7F 1C 00                     	CMP	DWORD [28+EDI],0
   597 0000049F 75 14                           	JNE	L13
   598 000004A1 8B 95 FFFFFBD0                  	MOV	EDX,DWORD [-1072+EBP]
   599 000004A7 8B 42 10                        	MOV	EAX,DWORD [16+EDX]
   600 000004AA 8B 7C 82 10                     	MOV	EDI,DWORD [16+EDX+EAX*4]
   601 000004AE 57                              	PUSH	EDI
   602 000004AF E8 000005B3                     	CALL	_keywin_on
   603 000004B4 58                              	POP	EAX
   604 000004B5                                 L13:
   605 000004B5 8B 85 FFFFFBC4                  	MOV	EAX,DWORD [-1084+EBP]
   606 000004BB 2D 00000100                     	SUB	EAX,256
   607 000004C0 3D 000000FF                     	CMP	EAX,255
   608 000004C5 0F 86 00000283                  	JBE	L69
   609 000004CB 8B 85 FFFFFBC4                  	MOV	EAX,DWORD [-1084+EBP]
   610 000004D1 2D 00000200                     	SUB	EAX,512
   611 000004D6 3D 000000FF                     	CMP	EAX,255
   612 000004DB 0F 87 FFFFFF76                  	JA	L7
   613 000004E1 0F B6 85 FFFFFBC4               	MOVZX	EAX,BYTE [-1084+EBP]
   614 000004E8 50                              	PUSH	EAX
   615 000004E9 8D 85 FFFFFCF4                  	LEA	EAX,DWORD [-780+EBP]
   616 000004EF 50                              	PUSH	EAX
   617 000004F0 E8 [00000000]                   	CALL	_mouse_decode
   618 000004F5 59                              	POP	ECX
   619 000004F6 5B                              	POP	EBX
   620 000004F7 85 C0                           	TEST	EAX,EAX
   621 000004F9 0F 84 FFFFFF58                  	JE	L7
   622 000004FF 8B 85 FFFFFCFC                  	MOV	EAX,DWORD [-772+EBP]
   623 00000505 8B 95 FFFFFCF8                  	MOV	EDX,DWORD [-776+EBP]
   624 0000050B 01 85 FFFFFBC8                  	ADD	DWORD [-1080+EBP],EAX
   625 00000511 01 95 FFFFFBCC                  	ADD	DWORD [-1076+EBP],EDX
   626 00000517 0F 88 00000222                  	JS	L70
   627 0000051D                                 L41:
   628 0000051D 83 BD FFFFFBC8 00               	CMP	DWORD [-1080+EBP],0
   629 00000524 0F 88 00000206                  	JS	L71
   630 0000052A                                 L42:
   631 0000052A 0F BF 05 00000FF4               	MOVSX	EAX,WORD [4084]
   632 00000531 48                              	DEC	EAX
   633 00000532 39 85 FFFFFBCC                  	CMP	DWORD [-1076+EBP],EAX
   634 00000538 7E 06                           	JLE	L43
   635 0000053A 89 85 FFFFFBCC                  	MOV	DWORD [-1076+EBP],EAX
   636 00000540                                 L43:
   637 00000540 0F BF 05 00000FF6               	MOVSX	EAX,WORD [4086]
   638 00000547 48                              	DEC	EAX
   639 00000548 39 85 FFFFFBC8                  	CMP	DWORD [-1080+EBP],EAX
   640 0000054E 7E 06                           	JLE	L44
   641 00000550 89 85 FFFFFBC8                  	MOV	DWORD [-1080+EBP],EAX
   642 00000556                                 L44:
   643 00000556 FF B5 FFFFFBC8                  	PUSH	DWORD [-1080+EBP]
   644 0000055C FF B5 FFFFFBCC                  	PUSH	DWORD [-1076+EBP]
   645 00000562 FF B5 FFFFFBB8                  	PUSH	DWORD [-1096+EBP]
   646 00000568 E8 [00000000]                   	CALL	_sheet_slide
   647 0000056D 83 C4 0C                        	ADD	ESP,12
   648 00000570 F7 85 FFFFFD00 00000001         	TEST	DWORD [-768+EBP],1
   649 0000057A 75 0F                           	JNE	L72
   650 0000057C C7 85 FFFFFBA4 FFFFFFFF         	MOV	DWORD [-1116+EBP],-1
   651 00000586 E9 FFFFFECC                     	JMP	L7
   652 0000058B                                 L72:
   653 0000058B 83 BD FFFFFBA4 00               	CMP	DWORD [-1116+EBP],0
   654 00000592 78 4A                           	JS	L73
   655 00000594 8B B5 FFFFFBCC                  	MOV	ESI,DWORD [-1076+EBP]
   656 0000059A 8B 9D FFFFFBC8                  	MOV	EBX,DWORD [-1080+EBP]
   657 000005A0 8B 8D FFFFFB98                  	MOV	ECX,DWORD [-1128+EBP]
   658 000005A6 8B 95 FFFFFB9C                  	MOV	EDX,DWORD [-1124+EBP]
   659 000005AC 2B B5 FFFFFBA4                  	SUB	ESI,DWORD [-1116+EBP]
   660 000005B2 2B 9D FFFFFBA0                  	SUB	EBX,DWORD [-1120+EBP]
   661 000005B8 03 59 10                        	ADD	EBX,DWORD [16+ECX]
   662 000005BB 8D 44 16 02                     	LEA	EAX,DWORD [2+ESI+EDX*1]
   663 000005BF 53                              	PUSH	EBX
   664 000005C0 83 E0 FC                        	AND	EAX,-4
   665 000005C3 50                              	PUSH	EAX
   666 000005C4 51                              	PUSH	ECX
   667 000005C5 E8 [00000000]                   	CALL	_sheet_slide
   668 000005CA 83 C4 0C                        	ADD	ESP,12
   669 000005CD 8B 8D FFFFFBC8                  	MOV	ECX,DWORD [-1080+EBP]
   670 000005D3 89 8D FFFFFBA0                  	MOV	DWORD [-1120+EBP],ECX
   671 000005D9 E9 FFFFFE79                     	JMP	L7
   672 000005DE                                 L73:
   673 000005DE 8B 8D FFFFFBD0                  	MOV	ECX,DWORD [-1072+EBP]
   674 000005E4 8B 49 10                        	MOV	ECX,DWORD [16+ECX]
   675 000005E7 89 8D FFFFFB94                  	MOV	DWORD [-1132+EBP],ECX
   676 000005ED                                 L66:
   677 000005ED 49                              	DEC	ECX
   678 000005EE 85 C9                           	TEST	ECX,ECX
   679 000005F0 0F 8E FFFFFE61                  	JLE	L7
   680 000005F6 8B 85 FFFFFBD0                  	MOV	EAX,DWORD [-1072+EBP]
   681 000005FC 8B 9D FFFFFBC8                  	MOV	EBX,DWORD [-1080+EBP]
   682 00000602 8B B5 FFFFFBCC                  	MOV	ESI,DWORD [-1076+EBP]
   683 00000608 8B 44 88 14                     	MOV	EAX,DWORD [20+EAX+ECX*4]
   684 0000060C 89 85 FFFFFB98                  	MOV	DWORD [-1128+EBP],EAX
   685 00000612 2B 58 10                        	SUB	EBX,DWORD [16+EAX]
   686 00000615 2B 70 0C                        	SUB	ESI,DWORD [12+EAX]
   687 00000618 78 D3                           	JS	L66
   688 0000061A 8B 40 04                        	MOV	EAX,DWORD [4+EAX]
   689 0000061D 39 C6                           	CMP	ESI,EAX
   690 0000061F 7D CC                           	JGE	L66
   691 00000621 85 DB                           	TEST	EBX,EBX
   692 00000623 78 C8                           	JS	L66
   693 00000625 8B 95 FFFFFB98                  	MOV	EDX,DWORD [-1128+EBP]
   694 0000062B 3B 5A 08                        	CMP	EBX,DWORD [8+EDX]
   695 0000062E 7D BD                           	JGE	L66
   696 00000630 0F AF C3                        	IMUL	EAX,EBX
   697 00000633 89 85 FFFFFB90                  	MOV	DWORD [-1136+EBP],EAX
   698 00000639 8B 12                           	MOV	EDX,DWORD [EDX]
   699 0000063B 8B 85 FFFFFB90                  	MOV	EAX,DWORD [-1136+EBP]
   700 00000641 01 F0                           	ADD	EAX,ESI
   701 00000643 0F B6 04 10                     	MOVZX	EAX,BYTE [EAX+EDX*1]
   702 00000647 8B 95 FFFFFB98                  	MOV	EDX,DWORD [-1128+EBP]
   703 0000064D 3B 42 14                        	CMP	EAX,DWORD [20+EDX]
   704 00000650 74 9B                           	JE	L66
   705 00000652 8B 85 FFFFFB94                  	MOV	EAX,DWORD [-1132+EBP]
   706 00000658 48                              	DEC	EAX
   707 00000659 50                              	PUSH	EAX
   708 0000065A 52                              	PUSH	EDX
   709 0000065B E8 [00000000]                   	CALL	_sheet_updown
   710 00000660 39 BD FFFFFB98                  	CMP	DWORD [-1128+EBP],EDI
   711 00000666 58                              	POP	EAX
   712 00000667 5A                              	POP	EDX
   713 00000668 74 14                           	JE	L53
   714 0000066A 57                              	PUSH	EDI
   715 0000066B E8 000003C9                     	CALL	_keywin_off
   716 00000670 8B BD FFFFFB98                  	MOV	EDI,DWORD [-1128+EBP]
   717 00000676 57                              	PUSH	EDI
   718 00000677 E8 000003EB                     	CALL	_keywin_on
   719 0000067C 59                              	POP	ECX
   720 0000067D 58                              	POP	EAX
   721 0000067E                                 L53:
   722 0000067E 83 FE 02                        	CMP	ESI,2
   723 00000681 7E 3B                           	JLE	L54
   724 00000683 8B 8D FFFFFB98                  	MOV	ECX,DWORD [-1128+EBP]
   725 00000689 8B 41 04                        	MOV	EAX,DWORD [4+ECX]
   726 0000068C 83 E8 03                        	SUB	EAX,3
   727 0000068F 39 C6                           	CMP	ESI,EAX
   728 00000691 7D 2B                           	JGE	L54
   729 00000693 83 FB 02                        	CMP	EBX,2
   730 00000696 7E 26                           	JLE	L54
   731 00000698 83 FB 14                        	CMP	EBX,20
   732 0000069B 7F 21                           	JG	L54
   733 0000069D 8B 85 FFFFFBCC                  	MOV	EAX,DWORD [-1076+EBP]
   734 000006A3 8B 95 FFFFFBC8                  	MOV	EDX,DWORD [-1080+EBP]
   735 000006A9 8B 49 0C                        	MOV	ECX,DWORD [12+ECX]
   736 000006AC 89 85 FFFFFBA4                  	MOV	DWORD [-1116+EBP],EAX
   737 000006B2 89 95 FFFFFBA0                  	MOV	DWORD [-1120+EBP],EDX
   738 000006B8 89 8D FFFFFB9C                  	MOV	DWORD [-1124+EBP],ECX
   739 000006BE                                 L54:
   740 000006BE 8B 85 FFFFFB98                  	MOV	EAX,DWORD [-1128+EBP]
   741 000006C4 8B 50 04                        	MOV	EDX,DWORD [4+EAX]
   742 000006C7 8D 42 EB                        	LEA	EAX,DWORD [-21+EDX]
   743 000006CA 39 F0                           	CMP	EAX,ESI
   744 000006CC 0F 8F FFFFFD85                  	JG	L7
   745 000006D2 8D 42 FB                        	LEA	EAX,DWORD [-5+EDX]
   746 000006D5 39 C6                           	CMP	ESI,EAX
   747 000006D7 0F 8D FFFFFD7A                  	JGE	L7
   748 000006DD 83 FB 04                        	CMP	EBX,4
   749 000006E0 0F 8E FFFFFD71                  	JLE	L7
   750 000006E6 83 FB 12                        	CMP	EBX,18
   751 000006E9 0F 8F FFFFFD68                  	JG	L7
   752 000006EF 8B 95 FFFFFB98                  	MOV	EDX,DWORD [-1128+EBP]
   753 000006F5 F6 42 1C 10                     	TEST	BYTE [28+EDX],16
   754 000006F9 0F 84 FFFFFD58                  	JE	L7
   755 000006FF 8B 5A 24                        	MOV	EBX,DWORD [36+EDX]
   756 00000702 68 [00000108]                   	PUSH	LC2
   757 00000707 FF B3 00000094                  	PUSH	DWORD [148+EBX]
   758 0000070D E8 [00000000]                   	CALL	_cons_putstr0
   759 00000712 E8 [00000000]                   	CALL	_io_cli
   760 00000717 8D 43 30                        	LEA	EAX,DWORD [48+EBX]
   761 0000071A 89 43 54                        	MOV	DWORD [84+EBX],EAX
   762 0000071D C7 43 4C [00000000]             	MOV	DWORD [76+EBX],_asm_end_app
   763 00000724 E8 [00000000]                   	CALL	_io_sti
   764 00000729                                 L64:
   765 00000729 58                              	POP	EAX
   766 0000072A 5A                              	POP	EDX
   767 0000072B E9 FFFFFD27                     	JMP	L7
   768 00000730                                 L71:
   769 00000730 C7 85 FFFFFBC8 00000000         	MOV	DWORD [-1080+EBP],0
   770 0000073A E9 FFFFFDEB                     	JMP	L42
   771 0000073F                                 L70:
   772 0000073F C7 85 FFFFFBCC 00000000         	MOV	DWORD [-1076+EBP],0
   773 00000749 E9 FFFFFDCF                     	JMP	L41
   774 0000074E                                 L69:
   775 0000074E 81 BD FFFFFBC4 0000017F         	CMP	DWORD [-1084+EBP],383
   776 00000758 0F 8F 00000296                  	JG	L15
   777 0000075E 83 BD FFFFFBB0 00               	CMP	DWORD [-1104+EBP],0
   778 00000765 0F 85 00000278                  	JNE	L16
   779 0000076B 8B 8D FFFFFBC4                  	MOV	ECX,DWORD [-1084+EBP]
   780 00000771 8A 81 [FFFFFF00]                	MOV	AL,BYTE [_keytable0.0-256+ECX]
   781 00000777                                 L65:
   782 00000777 88 45 C4                        	MOV	BYTE [-60+EBP],AL
   783 0000077A                                 L18:
   784 0000077A 8A 55 C4                        	MOV	DL,BYTE [-60+EBP]
   785 0000077D 8D 42 BF                        	LEA	EAX,DWORD [-65+EDX]
   786 00000780 3C 19                           	CMP	AL,25
   787 00000782 77 1D                           	JA	L19
   788 00000784 F7 85 FFFFFBAC 00000004         	TEST	DWORD [-1108+EBP],4
   789 0000078E 0F 85 00000240                  	JNE	L63
   790 00000794 83 BD FFFFFBB0 00               	CMP	DWORD [-1104+EBP],0
   791 0000079B 0F 84 00000228                  	JE	L21
   792 000007A1                                 L19:
   793 000007A1 8A 45 C4                        	MOV	AL,BYTE [-60+EBP]
   794 000007A4 84 C0                           	TEST	AL,AL
   795 000007A6 74 17                           	JE	L23
   796 000007A8 0F BE C0                        	MOVSX	EAX,AL
   797 000007AB 05 00000100                     	ADD	EAX,256
   798 000007B0 50                              	PUSH	EAX
   799 000007B1 8B 47 24                        	MOV	EAX,DWORD [36+EDI]
   800 000007B4 83 C0 10                        	ADD	EAX,16
   801 000007B7 50                              	PUSH	EAX
   802 000007B8 E8 [00000000]                   	CALL	_fifo32_put
   803 000007BD 5E                              	POP	ESI
   804 000007BE 58                              	POP	EAX
   805 000007BF                                 L23:
   806 000007BF 81 BD FFFFFBC4 0000010F         	CMP	DWORD [-1084+EBP],271
   807 000007C9 0F 84 000001CD                  	JE	L74
   808 000007CF                                 L24:
   809 000007CF 81 BD FFFFFBC4 0000012A         	CMP	DWORD [-1084+EBP],298
   810 000007D9 0F 84 000001B1                  	JE	L75
   811 000007DF                                 L26:
   812 000007DF 81 BD FFFFFBC4 00000136         	CMP	DWORD [-1084+EBP],310
   813 000007E9 0F 84 00000195                  	JE	L76
   814 000007EF                                 L27:
   815 000007EF 81 BD FFFFFBC4 000001AA         	CMP	DWORD [-1084+EBP],426
   816 000007F9 0F 84 00000179                  	JE	L77
   817 000007FF                                 L28:
   818 000007FF 81 BD FFFFFBC4 000001B6         	CMP	DWORD [-1084+EBP],438
   819 00000809 0F 84 0000015D                  	JE	L78
   820 0000080F                                 L29:
   821 0000080F 81 BD FFFFFBC4 0000013A         	CMP	DWORD [-1084+EBP],314
   822 00000819 0F 84 00000124                  	JE	L79
   823 0000081F                                 L30:
   824 0000081F 81 BD FFFFFBC4 00000145         	CMP	DWORD [-1084+EBP],325
   825 00000829 0F 84 000000EB                  	JE	L80
   826 0000082F                                 L31:
   827 0000082F 81 BD FFFFFBC4 00000146         	CMP	DWORD [-1084+EBP],326
   828 00000839 0F 84 000000B2                  	JE	L81
   829 0000083F                                 L32:
   830 0000083F 81 BD FFFFFBC4 0000013B         	CMP	DWORD [-1084+EBP],315
   831 00000849 74 62                           	JE	L82
   832 0000084B                                 L33:
   833 0000084B 81 BD FFFFFBC4 00000157         	CMP	DWORD [-1084+EBP],343
   834 00000855 74 3F                           	JE	L83
   835 00000857                                 L35:
   836 00000857 81 BD FFFFFBC4 000001FA         	CMP	DWORD [-1084+EBP],506
   837 00000861 74 27                           	JE	L84
   838 00000863                                 L36:
   839 00000863 81 BD FFFFFBC4 000001FE         	CMP	DWORD [-1084+EBP],510
   840 0000086D 0F 85 FFFFFBE4                  	JNE	L7
   841 00000873 E8 [00000000]                   	CALL	_wait_KBC_sendready
   842 00000878 FF B5 FFFFFBA8                  	PUSH	DWORD [-1112+EBP]
   843 0000087E 6A 60                           	PUSH	96
   844 00000880 E8 [00000000]                   	CALL	_io_out8
   845 00000885 E9 FFFFFE9F                     	JMP	L64
   846 0000088A                                 L84:
   847 0000088A C7 85 FFFFFBA8 FFFFFFFF         	MOV	DWORD [-1112+EBP],-1
   848 00000894 EB CD                           	JMP	L36
   849 00000896                                 L83:
   850 00000896 8B 8D FFFFFBD0                  	MOV	ECX,DWORD [-1072+EBP]
   851 0000089C 8B 41 10                        	MOV	EAX,DWORD [16+ECX]
   852 0000089F 48                              	DEC	EAX
   853 000008A0 50                              	PUSH	EAX
   854 000008A1 FF 71 18                        	PUSH	DWORD [24+ECX]
   855 000008A4 E8 [00000000]                   	CALL	_sheet_updown
   856 000008A9 5E                              	POP	ESI
   857 000008AA 58                              	POP	EAX
   858 000008AB EB AA                           	JMP	L35
   859 000008AD                                 L82:
   860 000008AD 83 BD FFFFFBB0 00               	CMP	DWORD [-1104+EBP],0
   861 000008B4 74 95                           	JE	L33
   862 000008B6 8B 5F 24                        	MOV	EBX,DWORD [36+EDI]
   863 000008B9 85 DB                           	TEST	EBX,EBX
   864 000008BB 74 8E                           	JE	L33
   865 000008BD 83 7B 34 00                     	CMP	DWORD [52+EBX],0
   866 000008C1 74 88                           	JE	L33
   867 000008C3 68 [00000119]                   	PUSH	LC1
   868 000008C8 FF B3 00000094                  	PUSH	DWORD [148+EBX]
   869 000008CE E8 [00000000]                   	CALL	_cons_putstr0
   870 000008D3 E8 [00000000]                   	CALL	_io_cli
   871 000008D8 8D 43 30                        	LEA	EAX,DWORD [48+EBX]
   872 000008DB 89 43 54                        	MOV	DWORD [84+EBX],EAX
   873 000008DE C7 43 4C [00000000]             	MOV	DWORD [76+EBX],_asm_end_app
   874 000008E5 E8 [00000000]                   	CALL	_io_sti
   875 000008EA 58                              	POP	EAX
   876 000008EB 5A                              	POP	EDX
   877 000008EC E9 FFFFFF5A                     	JMP	L33
   878 000008F1                                 L81:
   879 000008F1 68 000000ED                     	PUSH	237
   880 000008F6 8D 5D 84                        	LEA	EBX,DWORD [-124+EBP]
   881 000008F9 53                              	PUSH	EBX
   882 000008FA 83 B5 FFFFFBAC 01               	XOR	DWORD [-1108+EBP],1
   883 00000901 E8 [00000000]                   	CALL	_fifo32_put
   884 00000906 FF B5 FFFFFBAC                  	PUSH	DWORD [-1108+EBP]
   885 0000090C 53                              	PUSH	EBX
   886 0000090D E8 [00000000]                   	CALL	_fifo32_put
   887 00000912 83 C4 10                        	ADD	ESP,16
   888 00000915 E9 FFFFFF25                     	JMP	L32
   889 0000091A                                 L80:
   890 0000091A 68 000000ED                     	PUSH	237
   891 0000091F 8D 5D 84                        	LEA	EBX,DWORD [-124+EBP]
   892 00000922 53                              	PUSH	EBX
   893 00000923 83 B5 FFFFFBAC 02               	XOR	DWORD [-1108+EBP],2
   894 0000092A E8 [00000000]                   	CALL	_fifo32_put
   895 0000092F FF B5 FFFFFBAC                  	PUSH	DWORD [-1108+EBP]
   896 00000935 53                              	PUSH	EBX
   897 00000936 E8 [00000000]                   	CALL	_fifo32_put
   898 0000093B 83 C4 10                        	ADD	ESP,16
   899 0000093E E9 FFFFFEEC                     	JMP	L31
   900 00000943                                 L79:
   901 00000943 68 000000ED                     	PUSH	237
   902 00000948 8D 5D 84                        	LEA	EBX,DWORD [-124+EBP]
   903 0000094B 53                              	PUSH	EBX
   904 0000094C 83 B5 FFFFFBAC 04               	XOR	DWORD [-1108+EBP],4
   905 00000953 E8 [00000000]                   	CALL	_fifo32_put
   906 00000958 FF B5 FFFFFBAC                  	PUSH	DWORD [-1108+EBP]
   907 0000095E 53                              	PUSH	EBX
   908 0000095F E8 [00000000]                   	CALL	_fifo32_put
   909 00000964 83 C4 10                        	ADD	ESP,16
   910 00000967 E9 FFFFFEB3                     	JMP	L30
   911 0000096C                                 L78:
   912 0000096C 83 A5 FFFFFBB0 FD               	AND	DWORD [-1104+EBP],-3
   913 00000973 E9 FFFFFE97                     	JMP	L29
   914 00000978                                 L77:
   915 00000978 83 A5 FFFFFBB0 FE               	AND	DWORD [-1104+EBP],-2
   916 0000097F E9 FFFFFE7B                     	JMP	L28
   917 00000984                                 L76:
   918 00000984 83 8D FFFFFBB0 02               	OR	DWORD [-1104+EBP],2
   919 0000098B E9 FFFFFE5F                     	JMP	L27
   920 00000990                                 L75:
   921 00000990 83 8D FFFFFBB0 01               	OR	DWORD [-1104+EBP],1
   922 00000997 E9 FFFFFE43                     	JMP	L26
   923 0000099C                                 L74:
   924 0000099C 57                              	PUSH	EDI
   925 0000099D E8 00000097                     	CALL	_keywin_off
   926 000009A2 8B 4F 18                        	MOV	ECX,DWORD [24+EDI]
   927 000009A5 49                              	DEC	ECX
   928 000009A6 5B                              	POP	EBX
   929 000009A7 75 0A                           	JNE	L25
   930 000009A9 8B 85 FFFFFBD0                  	MOV	EAX,DWORD [-1072+EBP]
   931 000009AF 8B 48 10                        	MOV	ECX,DWORD [16+EAX]
   932 000009B2 49                              	DEC	ECX
   933 000009B3                                 L25:
   934 000009B3 8B 95 FFFFFBD0                  	MOV	EDX,DWORD [-1072+EBP]
   935 000009B9 8B 7C 8A 14                     	MOV	EDI,DWORD [20+EDX+ECX*4]
   936 000009BD 57                              	PUSH	EDI
   937 000009BE E8 000000A4                     	CALL	_keywin_on
   938 000009C3 59                              	POP	ECX
   939 000009C4 E9 FFFFFE06                     	JMP	L24
   940 000009C9                                 L21:
   941 000009C9 8D 42 20                        	LEA	EAX,DWORD [32+EDX]
   942 000009CC 88 45 C4                        	MOV	BYTE [-60+EBP],AL
   943 000009CF E9 FFFFFDCD                     	JMP	L19
   944 000009D4                                 L63:
   945 000009D4 83 BD FFFFFBB0 00               	CMP	DWORD [-1104+EBP],0
   946 000009DB 0F 84 FFFFFDC0                  	JE	L19
   947 000009E1 EB E6                           	JMP	L21
   948 000009E3                                 L16:
   949 000009E3 8B 95 FFFFFBC4                  	MOV	EDX,DWORD [-1084+EBP]
   950 000009E9 8A 82 [FFFFFF80]                	MOV	AL,BYTE [_keytable1.1-256+EDX]
   951 000009EF E9 FFFFFD83                     	JMP	L65
   952 000009F4                                 L15:
   953 000009F4 C6 45 C4 00                     	MOV	BYTE [-60+EBP],0
   954 000009F8 E9 FFFFFD7D                     	JMP	L18
   955 000009FD                                 L68:
   956 000009FD FF B5 FFFFFBB4                  	PUSH	DWORD [-1100+EBP]
   957 00000A03 E8 [00000000]                   	CALL	_task_sleep
   958 00000A08 E8 [00000000]                   	CALL	_io_sti
   959 00000A0D 58                              	POP	EAX
   960 00000A0E E9 FFFFFA44                     	JMP	L7
   961 00000A13                                 L67:
   962 00000A13 53                              	PUSH	EBX
   963 00000A14 E8 [00000000]                   	CALL	_fifo32_get
   964 00000A19 89 85 FFFFFBA8                  	MOV	DWORD [-1112+EBP],EAX
   965 00000A1F E8 [00000000]                   	CALL	_wait_KBC_sendready
   966 00000A24 FF B5 FFFFFBA8                  	PUSH	DWORD [-1112+EBP]
   967 00000A2A 6A 60                           	PUSH	96
   968 00000A2C E8 [00000000]                   	CALL	_io_out8
   969 00000A31 83 C4 0C                        	ADD	ESP,12
   970 00000A34 E9 FFFFFA39                     	JMP	L10
   971 00000A39                                 	GLOBAL	_keywin_off
   972 00000A39                                 _keywin_off:
   973 00000A39 55                              	PUSH	EBP
   974 00000A3A 89 E5                           	MOV	EBP,ESP
   975 00000A3C 53                              	PUSH	EBX
   976 00000A3D 6A 00                           	PUSH	0
   977 00000A3F 8B 5D 08                        	MOV	EBX,DWORD [8+EBP]
   978 00000A42 53                              	PUSH	EBX
   979 00000A43 E8 [00000000]                   	CALL	_change_wtitle8
   980 00000A48 F6 43 1C 20                     	TEST	BYTE [28+EBX],32
   981 00000A4C 58                              	POP	EAX
   982 00000A4D 5A                              	POP	EDX
   983 00000A4E 75 05                           	JNE	L87
   984 00000A50                                 L85:
   985 00000A50 8B 5D FC                        	MOV	EBX,DWORD [-4+EBP]
   986 00000A53 C9                              	LEAVE
   987 00000A54 C3                              	RET
   988 00000A55                                 L87:
   989 00000A55 6A 03                           	PUSH	3
   990 00000A57 8B 43 24                        	MOV	EAX,DWORD [36+EBX]
   991 00000A5A 83 C0 10                        	ADD	EAX,16
   992 00000A5D 50                              	PUSH	EAX
   993 00000A5E E8 [00000000]                   	CALL	_fifo32_put
   994 00000A63 5B                              	POP	EBX
   995 00000A64 58                              	POP	EAX
   996 00000A65 EB E9                           	JMP	L85
   997 00000A67                                 	GLOBAL	_keywin_on
   998 00000A67                                 _keywin_on:
   999 00000A67 55                              	PUSH	EBP
  1000 00000A68 89 E5                           	MOV	EBP,ESP
  1001 00000A6A 53                              	PUSH	EBX
  1002 00000A6B 6A 01                           	PUSH	1
  1003 00000A6D 8B 5D 08                        	MOV	EBX,DWORD [8+EBP]
  1004 00000A70 53                              	PUSH	EBX
  1005 00000A71 E8 [00000000]                   	CALL	_change_wtitle8
  1006 00000A76 F6 43 1C 20                     	TEST	BYTE [28+EBX],32
  1007 00000A7A 58                              	POP	EAX
  1008 00000A7B 5A                              	POP	EDX
  1009 00000A7C 75 05                           	JNE	L90
  1010 00000A7E                                 L88:
  1011 00000A7E 8B 5D FC                        	MOV	EBX,DWORD [-4+EBP]
  1012 00000A81 C9                              	LEAVE
  1013 00000A82 C3                              	RET
  1014 00000A83                                 L90:
  1015 00000A83 6A 02                           	PUSH	2
  1016 00000A85 8B 43 24                        	MOV	EAX,DWORD [36+EBX]
  1017 00000A88 83 C0 10                        	ADD	EAX,16
  1018 00000A8B 50                              	PUSH	EAX
  1019 00000A8C E8 [00000000]                   	CALL	_fifo32_put
  1020 00000A91 59                              	POP	ECX
  1021 00000A92 5B                              	POP	EBX
  1022 00000A93 EB E9                           	JMP	L88
