     1 00000000                                 [FORMAT "WCOFF"]
     2 00000000                                 [INSTRSET "i486p"]
     3 00000000                                 [OPTIMIZE 1]
     4 00000000                                 [OPTION 1]
     5 00000000                                 [BITS 32]
     6 00000000                                 	EXTERN	_write_mem8
     7 00000000                                 	EXTERN	_io_hlt
     8 00000000                                 [FILE "bootpack.c"]
     9                                          [SECTION .text]
    10 00000000                                 	GLOBAL	_HariMain
    11 00000000                                 _HariMain:
    12 00000000 55                              	PUSH	EBP
    13 00000001 89 E5                           	MOV	EBP,ESP
    14 00000003 56                              	PUSH	ESI
    15 00000004 53                              	PUSH	EBX
    16 00000005 BE 000A0000                     	MOV	ESI,655360
    17 0000000A BB 0000000F                     	MOV	EBX,15
    18 0000000F                                 L7:
    19 0000000F 53                              	PUSH	EBX
    20 00000010 4B                              	DEC	EBX
    21 00000011 56                              	PUSH	ESI
    22 00000012 E8 [00000000]                   	CALL	_write_mem8
    23 00000017 85 DB                           	TEST	EBX,EBX
    24 00000019 58                              	POP	EAX
    25 0000001A 5A                              	POP	EDX
    26 0000001B 75 05                           	JNE	L4
    27 0000001D BB 0000000F                     	MOV	EBX,15
    28 00000022                                 L4:
    29 00000022 46                              	INC	ESI
    30 00000023 81 FE 000AFFFF                  	CMP	ESI,720895
    31 00000029 7E E4                           	JLE	L7
    32 0000002B                                 L8:
    33 0000002B E8 [00000000]                   	CALL	_io_hlt
    34 00000030 EB F9                           	JMP	L8
