     1 00000000                                 [FORMAT "WCOFF"]
     2 00000000                                 [INSTRSET "i486p"]
     3 00000000                                 [BITS 32]
     4 00000000                                 [FILE "a_nask.nas"]
     5 00000000                                 
     6 00000000                                 		GLOBAL	_api_putchar
     7 00000000                                 		GLOBAL	_api_putstr0
     8 00000000                                 		GLOBAL	_api_end
     9 00000000                                 		GLOBAL	_api_openwin
    10 00000000                                 		GLOBAL	_api_putstrwin
    11 00000000                                 		GLOBAL	_api_boxfilwin
    12 00000000                                 		GLOBAL	_api_initmalloc
    13 00000000                                 		GLOBAL	_api_malloc
    14 00000000                                 		GLOBAL	_api_free
    15 00000000                                 		GLOBAL	_api_point
    16 00000000                                 		GLOBAL	_api_refreshwin
    17 00000000                                 		GLOBAL	_api_linewin
    18 00000000                                 
    19                                          [SECTION .text]
    20 00000000                                 
    21 00000000                                 _api_putchar:	; void api_putchar(int c);
    22 00000000 BA 00000001                     		MOV		EDX,1
    23 00000005 8A 44 24 04                     		MOV		AL,[ESP+4]		; c
    24 00000009 CD 40                           		INT		0x40
    25 0000000B C3                              		RET
    26 0000000C                                 
    27 0000000C                                 _api_putstr0:	; void api_putstr0(char *s);
    28 0000000C 53                              		PUSH	EBX
    29 0000000D BA 00000002                     		MOV		EDX,2
    30 00000012 8B 5C 24 08                     		MOV		EBX,[ESP+8]		; s
    31 00000016 CD 40                           		INT		0x40
    32 00000018 5B                              		POP		EBX
    33 00000019 C3                              		RET
    34 0000001A                                 
    35 0000001A                                 _api_end:	; void api_end(void);
    36 0000001A BA 00000004                     		MOV		EDX,4
    37 0000001F CD 40                           		INT		0x40
    38 00000021                                 
    39 00000021                                 _api_openwin:	; int api_openwin(char *buf, int xsiz, int ysiz, int col_inv, char *title);
    40 00000021 57                              		PUSH	EDI
    41 00000022 56                              		PUSH	ESI
    42 00000023 53                              		PUSH	EBX
    43 00000024 BA 00000005                     		MOV		EDX,5
    44 00000029 8B 5C 24 10                     		MOV		EBX,[ESP+16]	; buf
    45 0000002D 8B 74 24 14                     		MOV		ESI,[ESP+20]	; xsiz
    46 00000031 8B 7C 24 18                     		MOV		EDI,[ESP+24]	; ysiz
    47 00000035 8B 44 24 1C                     		MOV		EAX,[ESP+28]	; col_inv
    48 00000039 8B 4C 24 20                     		MOV		ECX,[ESP+32]	; title
    49 0000003D CD 40                           		INT		0x40
    50 0000003F 5B                              		POP		EBX
    51 00000040 5E                              		POP		ESI
    52 00000041 5F                              		POP		EDI
    53 00000042 C3                              		RET
    54 00000043                                 
    55 00000043                                 _api_putstrwin:	; void api_putstrwin(int win, int x, int y, int col, int len, char *str);
    56 00000043 57                              		PUSH	EDI
    57 00000044 56                              		PUSH	ESI
    58 00000045 55                              		PUSH	EBP
    59 00000046 53                              		PUSH	EBX
    60 00000047 BA 00000006                     		MOV		EDX,6
    61 0000004C 8B 5C 24 14                     		MOV		EBX,[ESP+20]	; win
    62 00000050 8B 74 24 18                     		MOV		ESI,[ESP+24]	; x
    63 00000054 8B 7C 24 1C                     		MOV		EDI,[ESP+28]	; y
    64 00000058 8B 44 24 20                     		MOV		EAX,[ESP+32]	; col
    65 0000005C 8B 4C 24 24                     		MOV		ECX,[ESP+36]	; len
    66 00000060 8B 6C 24 28                     		MOV		EBP,[ESP+40]	; str
    67 00000064 CD 40                           		INT		0x40
    68 00000066 5B                              		POP		EBX
    69 00000067 5D                              		POP		EBP
    70 00000068 5E                              		POP		ESI
    71 00000069 5F                              		POP		EDI
    72 0000006A C3                              		RET
    73 0000006B                                 
    74 0000006B                                 _api_boxfilwin:	; void api_boxfilwin(int win, int x0, int y0, int x1, int y1, int col);
    75 0000006B 57                              		PUSH	EDI
    76 0000006C 56                              		PUSH	ESI
    77 0000006D 55                              		PUSH	EBP
    78 0000006E 53                              		PUSH	EBX
    79 0000006F BA 00000007                     		MOV		EDX,7
    80 00000074 8B 5C 24 14                     		MOV		EBX,[ESP+20]	; win
    81 00000078 8B 44 24 18                     		MOV		EAX,[ESP+24]	; x0
    82 0000007C 8B 4C 24 1C                     		MOV		ECX,[ESP+28]	; y0
    83 00000080 8B 74 24 20                     		MOV		ESI,[ESP+32]	; x1
    84 00000084 8B 7C 24 24                     		MOV		EDI,[ESP+36]	; y1
    85 00000088 8B 6C 24 28                     		MOV		EBP,[ESP+40]	; col
    86 0000008C CD 40                           		INT		0x40
    87 0000008E 5B                              		POP		EBX
    88 0000008F 5D                              		POP		EBP
    89 00000090 5E                              		POP		ESI
    90 00000091 5F                              		POP		EDI
    91 00000092 C3                              		RET
    92 00000093                                 
    93 00000093                                 _api_initmalloc:	; void api_initmalloc(void);
    94 00000093 53                              		PUSH	EBX
    95 00000094 BA 00000008                     		MOV		EDX,8
    96 00000099 2E 8B 1D 00000020               		MOV		EBX,[CS:0x0020]		; malloc領域の番地
    97 000000A0 89 D8                           		MOV		EAX,EBX
    98 000000A2 05 00008000                     		ADD		EAX,32*1024			; 32KBを足す
    99 000000A7 2E 8B 0D 00000000               		MOV		ECX,[CS:0x0000]		; データセグメントの大きさ
   100 000000AE 29 C1                           		SUB		ECX,EAX
   101 000000B0 CD 40                           		INT		0x40
   102 000000B2 5B                              		POP		EBX
   103 000000B3 C3                              		RET
   104 000000B4                                 
   105 000000B4                                 _api_malloc:		; char *api_malloc(int size);
   106 000000B4 53                              		PUSH	EBX
   107 000000B5 BA 00000009                     		MOV		EDX,9
   108 000000BA 2E 8B 1D 00000020               		MOV		EBX,[CS:0x0020]
   109 000000C1 8B 4C 24 08                     		MOV		ECX,[ESP+8]			; size
   110 000000C5 CD 40                           		INT		0x40
   111 000000C7 5B                              		POP		EBX
   112 000000C8 C3                              		RET
   113 000000C9                                 
   114 000000C9                                 _api_free:			; void api_free(char *addr, int size);
   115 000000C9 53                              		PUSH	EBX
   116 000000CA BA 0000000A                     		MOV		EDX,10
   117 000000CF 2E 8B 1D 00000020               		MOV		EBX,[CS:0x0020]
   118 000000D6 8B 44 24 08                     		MOV		EAX,[ESP+ 8]		; addr
   119 000000DA 8B 4C 24 0C                     		MOV		ECX,[ESP+12]		; size
   120 000000DE CD 40                           		INT		0x40
   121 000000E0 5B                              		POP		EBX
   122 000000E1 C3                              		RET
   123 000000E2                                 
   124 000000E2                                 _api_point:		; void api_point(int win, int x, int y, int col);
   125 000000E2 57                              		PUSH	EDI
   126 000000E3 56                              		PUSH	ESI
   127 000000E4 53                              		PUSH	EBX
   128 000000E5 BA 0000000B                     		MOV		EDX,11
   129 000000EA 8B 5C 24 10                     		MOV		EBX,[ESP+16]	; win
   130 000000EE 8B 74 24 14                     		MOV		ESI,[ESP+20]	; x
   131 000000F2 8B 7C 24 18                     		MOV		EDI,[ESP+24]	; y
   132 000000F6 8B 44 24 1C                     		MOV		EAX,[ESP+28]	; col
   133 000000FA CD 40                           		INT		0x40
   134 000000FC 5B                              		POP		EBX
   135 000000FD 5E                              		POP		ESI
   136 000000FE 5F                              		POP		EDI
   137 000000FF C3                              		RET
   138 00000100                                 
   139 00000100                                 _api_refreshwin:	; void api_refreshwin(int win, int x0, int y0, int x1, int y1);
   140 00000100 57                              		PUSH	EDI
   141 00000101 56                              		PUSH	ESI
   142 00000102 53                              		PUSH	EBX
   143 00000103 BA 0000000C                     		MOV		EDX,12
   144 00000108 8B 5C 24 10                     		MOV		EBX,[ESP+16]	; win
   145 0000010C 8B 44 24 14                     		MOV		EAX,[ESP+20]	; x0
   146 00000110 8B 4C 24 18                     		MOV		ECX,[ESP+24]	; y0
   147 00000114 8B 74 24 1C                     		MOV		ESI,[ESP+28]	; x1
   148 00000118 8B 7C 24 20                     		MOV		EDI,[ESP+32]	; y1
   149 0000011C CD 40                           		INT		0x40
   150 0000011E 5B                              		POP		EBX
   151 0000011F 5E                              		POP		ESI
   152 00000120 5F                              		POP		EDI
   153 00000121 C3                              		RET
   154 00000122                                 
   155 00000122                                 _api_linewin:		; void api_linewin(int win, int x0, int y0, int x1, int y1, int col);
   156 00000122 57                              		PUSH	EDI
   157 00000123 56                              		PUSH	ESI
   158 00000124 55                              		PUSH	EBP
   159 00000125 53                              		PUSH	EBX
   160 00000126 BA 0000000D                     		MOV		EDX,13
   161 0000012B 8B 5C 24 14                     		MOV		EBX,[ESP+20]	; win
   162 0000012F 8B 44 24 18                     		MOV		EAX,[ESP+24]	; x0
   163 00000133 8B 4C 24 1C                     		MOV		ECX,[ESP+28]	; y0
   164 00000137 8B 74 24 20                     		MOV		ESI,[ESP+32]	; x1
   165 0000013B 8B 7C 24 24                     		MOV		EDI,[ESP+36]	; y1
   166 0000013F 8B 6C 24 28                     		MOV		EBP,[ESP+40]	; col
   167 00000143 CD 40                           		INT		0x40
   168 00000145 5B                              		POP		EBX
   169 00000146 5D                              		POP		EBP
   170 00000147 5E                              		POP		ESI
   171 00000148 5F                              		POP		EDI
   172 00000149 C3                              		RET
