     1 00000000                                 [FORMAT "WCOFF"]
     2 00000000                                 [INSTRSET "i486p"]
     3 00000000                                 [OPTIMIZE 1]
     4 00000000                                 [OPTION 1]
     5 00000000                                 [BITS 32]
     6 00000000                                 	EXTERN	_init_gdtidt
     7 00000000                                 	EXTERN	_init_pic
     8 00000000                                 	EXTERN	_io_sti
     9 00000000                                 	EXTERN	_fifo32_init
    10 00000000                                 	EXTERN	_init_pit
    11 00000000                                 	EXTERN	_init_keyboard
    12 00000000                                 	EXTERN	_enable_mouse
    13 00000000                                 	EXTERN	_io_out8
    14 00000000                                 	EXTERN	_memtest
    15 00000000                                 	EXTERN	_memman_init
    16 00000000                                 	EXTERN	_memman_free
    17 00000000                                 	EXTERN	_init_palette
    18 00000000                                 	EXTERN	_shtctl_init
    19 00000000                                 	EXTERN	_task_init
    20 00000000                                 	EXTERN	_task_run
    21 00000000                                 	EXTERN	_sheet_alloc
    22 00000000                                 	EXTERN	_memman_alloc_4k
    23 00000000                                 	EXTERN	_sheet_setbuf
    24 00000000                                 	EXTERN	_init_screen8
    25 00000000                                 	EXTERN	_make_window8
    26 00000000                                 	EXTERN	_make_textbox8
    27 00000000                                 	EXTERN	_task_alloc
    28 00000000                                 	EXTERN	_console_task
    29 00000000                                 	EXTERN	_timer_alloc
    30 00000000                                 	EXTERN	_timer_init
    31 00000000                                 	EXTERN	_timer_settime
    32 00000000                                 	EXTERN	_init_mouse_cursor8
    33 00000000                                 	EXTERN	_sheet_slide
    34 00000000                                 	EXTERN	_sheet_updown
    35 00000000                                 	EXTERN	_fifo32_put
    36 00000000                                 	EXTERN	_fifo32_status
    37 00000000                                 	EXTERN	_io_cli
    38 00000000                                 	EXTERN	_fifo32_get
    39 00000000                                 	EXTERN	_boxfill8
    40 00000000                                 	EXTERN	_sheet_refresh
    41 00000000                                 	EXTERN	_mouse_decode
    42 00000000                                 	EXTERN	_sprintf
    43 00000000                                 	EXTERN	_putfonts8_asc_sht
    44 00000000                                 	EXTERN	_keytable0.0
    45 00000000                                 	EXTERN	_wait_KBC_sendready
    46 00000000                                 	EXTERN	_cons_putstr0
    47 00000000                                 	EXTERN	_asm_end_app
    48 00000000                                 	EXTERN	_make_wtitle8
    49 00000000                                 	EXTERN	_keytable1.1
    50 00000000                                 	EXTERN	_task_sleep
    51 00000000                                 [FILE "bootpack.c"]
    52                                          [SECTION .data]
    53 00000000                                 _keytable0.0:
    54 00000000 00                              	DB	0
    55 00000001 00                              	DB	0
    56 00000002 31                              	DB	49
    57 00000003 32                              	DB	50
    58 00000004 33                              	DB	51
    59 00000005 34                              	DB	52
    60 00000006 35                              	DB	53
    61 00000007 36                              	DB	54
    62 00000008 37                              	DB	55
    63 00000009 38                              	DB	56
    64 0000000A 39                              	DB	57
    65 0000000B 30                              	DB	48
    66 0000000C 2D                              	DB	45
    67 0000000D 5E                              	DB	94
    68 0000000E 00                              	DB	0
    69 0000000F 00                              	DB	0
    70 00000010 51                              	DB	81
    71 00000011 57                              	DB	87
    72 00000012 45                              	DB	69
    73 00000013 52                              	DB	82
    74 00000014 54                              	DB	84
    75 00000015 59                              	DB	89
    76 00000016 55                              	DB	85
    77 00000017 49                              	DB	73
    78 00000018 4F                              	DB	79
    79 00000019 50                              	DB	80
    80 0000001A 40                              	DB	64
    81 0000001B 5B                              	DB	91
    82 0000001C 00                              	DB	0
    83 0000001D 00                              	DB	0
    84 0000001E 41                              	DB	65
    85 0000001F 53                              	DB	83
    86 00000020 44                              	DB	68
    87 00000021 46                              	DB	70
    88 00000022 47                              	DB	71
    89 00000023 48                              	DB	72
    90 00000024 4A                              	DB	74
    91 00000025 4B                              	DB	75
    92 00000026 4C                              	DB	76
    93 00000027 3B                              	DB	59
    94 00000028 3A                              	DB	58
    95 00000029 00                              	DB	0
    96 0000002A 00                              	DB	0
    97 0000002B 5D                              	DB	93
    98 0000002C 5A                              	DB	90
    99 0000002D 58                              	DB	88
   100 0000002E 43                              	DB	67
   101 0000002F 56                              	DB	86
   102 00000030 42                              	DB	66
   103 00000031 4E                              	DB	78
   104 00000032 4D                              	DB	77
   105 00000033 2C                              	DB	44
   106 00000034 2E                              	DB	46
   107 00000035 2F                              	DB	47
   108 00000036 00                              	DB	0
   109 00000037 2A                              	DB	42
   110 00000038 00                              	DB	0
   111 00000039 20                              	DB	32
   112 0000003A 00                              	DB	0
   113 0000003B 00                              	DB	0
   114 0000003C 00                              	DB	0
   115 0000003D 00                              	DB	0
   116 0000003E 00                              	DB	0
   117 0000003F 00                              	DB	0
   118 00000040 00                              	DB	0
   119 00000041 00                              	DB	0
   120 00000042 00                              	DB	0
   121 00000043 00                              	DB	0
   122 00000044 00                              	DB	0
   123 00000045 00                              	DB	0
   124 00000046 00                              	DB	0
   125 00000047 37                              	DB	55
   126 00000048 38                              	DB	56
   127 00000049 39                              	DB	57
   128 0000004A 2D                              	DB	45
   129 0000004B 34                              	DB	52
   130 0000004C 35                              	DB	53
   131 0000004D 36                              	DB	54
   132 0000004E 2B                              	DB	43
   133 0000004F 31                              	DB	49
   134 00000050 32                              	DB	50
   135 00000051 33                              	DB	51
   136 00000052 30                              	DB	48
   137 00000053 2E                              	DB	46
   138 00000054 00                              	DB	0
   139 00000055 00                              	DB	0
   140 00000056 00                              	DB	0
   141 00000057 00                              	DB	0
   142 00000058 00                              	DB	0
   143 00000059 00                              	DB	0
   144 0000005A 00                              	DB	0
   145 0000005B 00                              	DB	0
   146 0000005C 00                              	DB	0
   147 0000005D 00                              	DB	0
   148 0000005E 00                              	DB	0
   149 0000005F 00                              	DB	0
   150 00000060 00                              	DB	0
   151 00000061 00                              	DB	0
   152 00000062 00                              	DB	0
   153 00000063 00                              	DB	0
   154 00000064 00                              	DB	0
   155 00000065 00                              	DB	0
   156 00000066 00                              	DB	0
   157 00000067 00                              	DB	0
   158 00000068 00                              	DB	0
   159 00000069 00                              	DB	0
   160 0000006A 00                              	DB	0
   161 0000006B 00                              	DB	0
   162 0000006C 00                              	DB	0
   163 0000006D 00                              	DB	0
   164 0000006E 00                              	DB	0
   165 0000006F 00                              	DB	0
   166 00000070 00                              	DB	0
   167 00000071 00                              	DB	0
   168 00000072 00                              	DB	0
   169 00000073 5C                              	DB	92
   170 00000074 00                              	DB	0
   171 00000075 00                              	DB	0
   172 00000076 00                              	DB	0
   173 00000077 00                              	DB	0
   174 00000078 00                              	DB	0
   175 00000079 00                              	DB	0
   176 0000007A 00                              	DB	0
   177 0000007B 00                              	DB	0
   178 0000007C 00                              	DB	0
   179 0000007D 5C                              	DB	92
   180 0000007E 00                              	DB	0
   181 0000007F 00                              	DB	0
   182 00000080                                 _keytable1.1:
   183 00000080 00                              	DB	0
   184 00000081 00                              	DB	0
   185 00000082 21                              	DB	33
   186 00000083 22                              	DB	34
   187 00000084 23                              	DB	35
   188 00000085 24                              	DB	36
   189 00000086 25                              	DB	37
   190 00000087 26                              	DB	38
   191 00000088 27                              	DB	39
   192 00000089 28                              	DB	40
   193 0000008A 29                              	DB	41
   194 0000008B 7E                              	DB	126
   195 0000008C 3D                              	DB	61
   196 0000008D 7E                              	DB	126
   197 0000008E 00                              	DB	0
   198 0000008F 00                              	DB	0
   199 00000090 51                              	DB	81
   200 00000091 57                              	DB	87
   201 00000092 45                              	DB	69
   202 00000093 52                              	DB	82
   203 00000094 54                              	DB	84
   204 00000095 59                              	DB	89
   205 00000096 55                              	DB	85
   206 00000097 49                              	DB	73
   207 00000098 4F                              	DB	79
   208 00000099 50                              	DB	80
   209 0000009A 60                              	DB	96
   210 0000009B 7B                              	DB	123
   211 0000009C 00                              	DB	0
   212 0000009D 00                              	DB	0
   213 0000009E 41                              	DB	65
   214 0000009F 53                              	DB	83
   215 000000A0 44                              	DB	68
   216 000000A1 46                              	DB	70
   217 000000A2 47                              	DB	71
   218 000000A3 48                              	DB	72
   219 000000A4 4A                              	DB	74
   220 000000A5 4B                              	DB	75
   221 000000A6 4C                              	DB	76
   222 000000A7 2B                              	DB	43
   223 000000A8 2A                              	DB	42
   224 000000A9 00                              	DB	0
   225 000000AA 00                              	DB	0
   226 000000AB 7D                              	DB	125
   227 000000AC 5A                              	DB	90
   228 000000AD 58                              	DB	88
   229 000000AE 43                              	DB	67
   230 000000AF 56                              	DB	86
   231 000000B0 42                              	DB	66
   232 000000B1 4E                              	DB	78
   233 000000B2 4D                              	DB	77
   234 000000B3 3C                              	DB	60
   235 000000B4 3E                              	DB	62
   236 000000B5 3F                              	DB	63
   237 000000B6 00                              	DB	0
   238 000000B7 2A                              	DB	42
   239 000000B8 00                              	DB	0
   240 000000B9 20                              	DB	32
   241 000000BA 00                              	DB	0
   242 000000BB 00                              	DB	0
   243 000000BC 00                              	DB	0
   244 000000BD 00                              	DB	0
   245 000000BE 00                              	DB	0
   246 000000BF 00                              	DB	0
   247 000000C0 00                              	DB	0
   248 000000C1 00                              	DB	0
   249 000000C2 00                              	DB	0
   250 000000C3 00                              	DB	0
   251 000000C4 00                              	DB	0
   252 000000C5 00                              	DB	0
   253 000000C6 00                              	DB	0
   254 000000C7 37                              	DB	55
   255 000000C8 38                              	DB	56
   256 000000C9 39                              	DB	57
   257 000000CA 2D                              	DB	45
   258 000000CB 34                              	DB	52
   259 000000CC 35                              	DB	53
   260 000000CD 36                              	DB	54
   261 000000CE 2B                              	DB	43
   262 000000CF 31                              	DB	49
   263 000000D0 32                              	DB	50
   264 000000D1 33                              	DB	51
   265 000000D2 30                              	DB	48
   266 000000D3 2E                              	DB	46
   267 000000D4 00                              	DB	0
   268 000000D5 00                              	DB	0
   269 000000D6 00                              	DB	0
   270 000000D7 00                              	DB	0
   271 000000D8 00                              	DB	0
   272 000000D9 00                              	DB	0
   273 000000DA 00                              	DB	0
   274 000000DB 00                              	DB	0
   275 000000DC 00                              	DB	0
   276 000000DD 00                              	DB	0
   277 000000DE 00                              	DB	0
   278 000000DF 00                              	DB	0
   279 000000E0 00                              	DB	0
   280 000000E1 00                              	DB	0
   281 000000E2 00                              	DB	0
   282 000000E3 00                              	DB	0
   283 000000E4 00                              	DB	0
   284 000000E5 00                              	DB	0
   285 000000E6 00                              	DB	0
   286 000000E7 00                              	DB	0
   287 000000E8 00                              	DB	0
   288 000000E9 00                              	DB	0
   289 000000EA 00                              	DB	0
   290 000000EB 00                              	DB	0
   291 000000EC 00                              	DB	0
   292 000000ED 00                              	DB	0
   293 000000EE 00                              	DB	0
   294 000000EF 00                              	DB	0
   295 000000F0 00                              	DB	0
   296 000000F1 00                              	DB	0
   297 000000F2 00                              	DB	0
   298 000000F3 5F                              	DB	95
   299 000000F4 00                              	DB	0
   300 000000F5 00                              	DB	0
   301 000000F6 00                              	DB	0
   302 000000F7 00                              	DB	0
   303 000000F8 00                              	DB	0
   304 000000F9 00                              	DB	0
   305 000000FA 00                              	DB	0
   306 000000FB 00                              	DB	0
   307 000000FC 00                              	DB	0
   308 000000FD 7C                              	DB	124
   309 000000FE 00                              	DB	0
   310 000000FF 00                              	DB	0
   311 00000100                                 LC0:
   312 00000100 63 6F 6E 73 6F 6C 65 00         	DB	"console",0x00
   313 00000108                                 LC1:
   314 00000108 74 61 73 6B 5F 61 00            	DB	"task_a",0x00
   315 0000010F                                 LC2:
   316 0000010F 25 30 32 58 00                  	DB	"%02X",0x00
   317 00000114                                 LC4:
   318 00000114 0A 42 72 65 61 6B 28 6B 65 79   	DB	0x0A,"Break(key) :",0x0A,0x00
       0000011E 29 20 3A 0A 00 
   319 00000123                                 LC3:
   320 00000123 20 00                           	DB	" ",0x00
   321                                          [SECTION .text]
   322 00000000                                 	GLOBAL	_HariMain
   323 00000000                                 _HariMain:
   324 00000000 55                              	PUSH	EBP
   325 00000001 89 E5                           	MOV	EBP,ESP
   326 00000003 57                              	PUSH	EDI
   327 00000004 56                              	PUSH	ESI
   328 00000005 53                              	PUSH	EBX
   329 00000006 81 EC 0000044C                  	SUB	ESP,1100
   330 0000000C C7 85 FFFFFBB8 00000000         	MOV	DWORD [-1096+EBP],0
   331 00000016 C7 85 FFFFFBB4 00000000         	MOV	DWORD [-1100+EBP],0
   332 00000020 A0 00000FF1                     	MOV	AL,BYTE [4081]
   333 00000025 C0 F8 04                        	SAR	AL,4
   334 00000028 89 C2                           	MOV	EDX,EAX
   335 0000002A 83 E2 07                        	AND	EDX,7
   336 0000002D 89 95 FFFFFBB0                  	MOV	DWORD [-1104+EBP],EDX
   337 00000033 C7 85 FFFFFBAC FFFFFFFF         	MOV	DWORD [-1108+EBP],-1
   338 0000003D E8 [00000000]                   	CALL	_init_gdtidt
   339 00000042 E8 [00000000]                   	CALL	_init_pic
   340 00000047 E8 [00000000]                   	CALL	_io_sti
   341 0000004C 8D 85 FFFFFD84                  	LEA	EAX,DWORD [-636+EBP]
   342 00000052 6A 00                           	PUSH	0
   343 00000054 50                              	PUSH	EAX
   344 00000055 8D 45 A4                        	LEA	EAX,DWORD [-92+EBP]
   345 00000058 68 00000080                     	PUSH	128
   346 0000005D 50                              	PUSH	EAX
   347 0000005E E8 [00000000]                   	CALL	_fifo32_init
   348 00000063 E8 [00000000]                   	CALL	_init_pit
   349 00000068 8D 55 A4                        	LEA	EDX,DWORD [-92+EBP]
   350 0000006B 68 00000100                     	PUSH	256
   351 00000070 52                              	PUSH	EDX
   352 00000071 E8 [00000000]                   	CALL	_init_keyboard
   353 00000076 8D 85 FFFFFCF4                  	LEA	EAX,DWORD [-780+EBP]
   354 0000007C 50                              	PUSH	EAX
   355 0000007D 8D 45 A4                        	LEA	EAX,DWORD [-92+EBP]
   356 00000080 68 00000200                     	PUSH	512
   357 00000085 50                              	PUSH	EAX
   358 00000086 E8 [00000000]                   	CALL	_enable_mouse
   359 0000008B 83 C4 24                        	ADD	ESP,36
   360 0000008E 68 000000F8                     	PUSH	248
   361 00000093 6A 21                           	PUSH	33
   362 00000095 E8 [00000000]                   	CALL	_io_out8
   363 0000009A 68 000000EF                     	PUSH	239
   364 0000009F 68 000000A1                     	PUSH	161
   365 000000A4 E8 [00000000]                   	CALL	_io_out8
   366 000000A9 8D 55 84                        	LEA	EDX,DWORD [-124+EBP]
   367 000000AC 6A 00                           	PUSH	0
   368 000000AE 8D 85 FFFFFD04                  	LEA	EAX,DWORD [-764+EBP]
   369 000000B4 50                              	PUSH	EAX
   370 000000B5 6A 20                           	PUSH	32
   371 000000B7 52                              	PUSH	EDX
   372 000000B8 E8 [00000000]                   	CALL	_fifo32_init
   373 000000BD 83 C4 20                        	ADD	ESP,32
   374 000000C0 68 BFFFFFFF                     	PUSH	-1073741825
   375 000000C5 68 00400000                     	PUSH	4194304
   376 000000CA E8 [00000000]                   	CALL	_memtest
   377 000000CF 68 003C0000                     	PUSH	3932160
   378 000000D4 89 85 FFFFFBDC                  	MOV	DWORD [-1060+EBP],EAX
   379 000000DA E8 [00000000]                   	CALL	_memman_init
   380 000000DF 68 0009E000                     	PUSH	647168
   381 000000E4 68 00001000                     	PUSH	4096
   382 000000E9 68 003C0000                     	PUSH	3932160
   383 000000EE E8 [00000000]                   	CALL	_memman_free
   384 000000F3 8B 85 FFFFFBDC                  	MOV	EAX,DWORD [-1060+EBP]
   385 000000F9 2D 00400000                     	SUB	EAX,4194304
   386 000000FE 50                              	PUSH	EAX
   387 000000FF 68 00400000                     	PUSH	4194304
   388 00000104 68 003C0000                     	PUSH	3932160
   389 00000109 E8 [00000000]                   	CALL	_memman_free
   390 0000010E 83 C4 24                        	ADD	ESP,36
   391 00000111 E8 [00000000]                   	CALL	_init_palette
   392 00000116 0F BF 05 00000FF6               	MOVSX	EAX,WORD [4086]
   393 0000011D 50                              	PUSH	EAX
   394 0000011E 0F BF 05 00000FF4               	MOVSX	EAX,WORD [4084]
   395 00000125 50                              	PUSH	EAX
   396 00000126 FF 35 00000FF8                  	PUSH	DWORD [4088]
   397 0000012C 68 003C0000                     	PUSH	3932160
   398 00000131 E8 [00000000]                   	CALL	_shtctl_init
   399 00000136 68 003C0000                     	PUSH	3932160
   400 0000013B 89 C6                           	MOV	ESI,EAX
   401 0000013D E8 [00000000]                   	CALL	_task_init
   402 00000142 6A 02                           	PUSH	2
   403 00000144 6A 01                           	PUSH	1
   404 00000146 89 85 FFFFFBC4                  	MOV	DWORD [-1084+EBP],EAX
   405 0000014C 50                              	PUSH	EAX
   406 0000014D 89 45 BC                        	MOV	DWORD [-68+EBP],EAX
   407 00000150 E8 [00000000]                   	CALL	_task_run
   408 00000155 83 C4 20                        	ADD	ESP,32
   409 00000158 56                              	PUSH	ESI
   410 00000159 E8 [00000000]                   	CALL	_sheet_alloc
   411 0000015E 0F BF 15 00000FF6               	MOVSX	EDX,WORD [4086]
   412 00000165 89 85 FFFFFBD0                  	MOV	DWORD [-1072+EBP],EAX
   413 0000016B 0F BF 05 00000FF4               	MOVSX	EAX,WORD [4084]
   414 00000172 0F AF C2                        	IMUL	EAX,EDX
   415 00000175 50                              	PUSH	EAX
   416 00000176 68 003C0000                     	PUSH	3932160
   417 0000017B E8 [00000000]                   	CALL	_memman_alloc_4k
   418 00000180 6A FF                           	PUSH	-1
   419 00000182 89 C3                           	MOV	EBX,EAX
   420 00000184 0F BF 05 00000FF6               	MOVSX	EAX,WORD [4086]
   421 0000018B 50                              	PUSH	EAX
   422 0000018C 0F BF 05 00000FF4               	MOVSX	EAX,WORD [4084]
   423 00000193 50                              	PUSH	EAX
   424 00000194 53                              	PUSH	EBX
   425 00000195 FF B5 FFFFFBD0                  	PUSH	DWORD [-1072+EBP]
   426 0000019B E8 [00000000]                   	CALL	_sheet_setbuf
   427 000001A0 83 C4 20                        	ADD	ESP,32
   428 000001A3 0F BF 05 00000FF6               	MOVSX	EAX,WORD [4086]
   429 000001AA 50                              	PUSH	EAX
   430 000001AB 0F BF 05 00000FF4               	MOVSX	EAX,WORD [4084]
   431 000001B2 50                              	PUSH	EAX
   432 000001B3 53                              	PUSH	EBX
   433 000001B4 8D 9D FFFFFBF4                  	LEA	EBX,DWORD [-1036+EBP]
   434 000001BA E8 [00000000]                   	CALL	_init_screen8
   435 000001BF 56                              	PUSH	ESI
   436 000001C0 E8 [00000000]                   	CALL	_sheet_alloc
   437 000001C5 68 0000A500                     	PUSH	42240
   438 000001CA 68 003C0000                     	PUSH	3932160
   439 000001CF 89 85 FFFFFBC8                  	MOV	DWORD [-1080+EBP],EAX
   440 000001D5 E8 [00000000]                   	CALL	_memman_alloc_4k
   441 000001DA 6A FF                           	PUSH	-1
   442 000001DC 68 000000A5                     	PUSH	165
   443 000001E1 89 85 FFFFFBD4                  	MOV	DWORD [-1068+EBP],EAX
   444 000001E7 68 00000100                     	PUSH	256
   445 000001EC 50                              	PUSH	EAX
   446 000001ED FF B5 FFFFFBC8                  	PUSH	DWORD [-1080+EBP]
   447 000001F3 E8 [00000000]                   	CALL	_sheet_setbuf
   448 000001F8 83 C4 2C                        	ADD	ESP,44
   449 000001FB 6A 00                           	PUSH	0
   450 000001FD 68 [00000100]                   	PUSH	LC0
   451 00000202 68 000000A5                     	PUSH	165
   452 00000207 68 00000100                     	PUSH	256
   453 0000020C FF B5 FFFFFBD4                  	PUSH	DWORD [-1068+EBP]
   454 00000212 E8 [00000000]                   	CALL	_make_window8
   455 00000217 6A 00                           	PUSH	0
   456 00000219 68 00000080                     	PUSH	128
   457 0000021E 68 000000F0                     	PUSH	240
   458 00000223 6A 1C                           	PUSH	28
   459 00000225 6A 08                           	PUSH	8
   460 00000227 FF B5 FFFFFBC8                  	PUSH	DWORD [-1080+EBP]
   461 0000022D E8 [00000000]                   	CALL	_make_textbox8
   462 00000232 83 C4 2C                        	ADD	ESP,44
   463 00000235 E8 [00000000]                   	CALL	_task_alloc
   464 0000023A 68 00010000                     	PUSH	65536
   465 0000023F 68 003C0000                     	PUSH	3932160
   466 00000244 89 85 FFFFFBC0                  	MOV	DWORD [-1088+EBP],EAX
   467 0000024A E8 [00000000]                   	CALL	_memman_alloc_4k
   468 0000024F 8B 95 FFFFFBC0                  	MOV	EDX,DWORD [-1088+EBP]
   469 00000255 05 0000FFF4                     	ADD	EAX,65524
   470 0000025A 89 42 64                        	MOV	DWORD [100+EDX],EAX
   471 0000025D C7 42 4C [00000000]             	MOV	DWORD [76+EDX],_console_task
   472 00000264 C7 42 74 00000008               	MOV	DWORD [116+EDX],8
   473 0000026B C7 42 78 00000010               	MOV	DWORD [120+EDX],16
   474 00000272 C7 42 7C 00000008               	MOV	DWORD [124+EDX],8
   475 00000279 C7 82 00000080 00000008         	MOV	DWORD [128+EDX],8
   476 00000283 C7 82 00000084 00000008         	MOV	DWORD [132+EDX],8
   477 0000028D C7 82 00000088 00000008         	MOV	DWORD [136+EDX],8
   478 00000297 8B 95 FFFFFBC8                  	MOV	EDX,DWORD [-1080+EBP]
   479 0000029D 89 50 04                        	MOV	DWORD [4+EAX],EDX
   480 000002A0 8B 95 FFFFFBC0                  	MOV	EDX,DWORD [-1088+EBP]
   481 000002A6 8B 42 64                        	MOV	EAX,DWORD [100+EDX]
   482 000002A9 8B 95 FFFFFBDC                  	MOV	EDX,DWORD [-1060+EBP]
   483 000002AF 89 50 08                        	MOV	DWORD [8+EAX],EDX
   484 000002B2 6A 02                           	PUSH	2
   485 000002B4 6A 02                           	PUSH	2
   486 000002B6 FF B5 FFFFFBC0                  	PUSH	DWORD [-1088+EBP]
   487 000002BC E8 [00000000]                   	CALL	_task_run
   488 000002C1 56                              	PUSH	ESI
   489 000002C2 E8 [00000000]                   	CALL	_sheet_alloc
   490 000002C7 68 00002080                     	PUSH	8320
   491 000002CC 68 003C0000                     	PUSH	3932160
   492 000002D1 89 C7                           	MOV	EDI,EAX
   493 000002D3 E8 [00000000]                   	CALL	_memman_alloc_4k
   494 000002D8 83 C4 20                        	ADD	ESP,32
   495 000002DB 6A FF                           	PUSH	-1
   496 000002DD 89 85 FFFFFBD8                  	MOV	DWORD [-1064+EBP],EAX
   497 000002E3 6A 34                           	PUSH	52
   498 000002E5 68 00000090                     	PUSH	144
   499 000002EA 50                              	PUSH	EAX
   500 000002EB 57                              	PUSH	EDI
   501 000002EC E8 [00000000]                   	CALL	_sheet_setbuf
   502 000002F1 6A 01                           	PUSH	1
   503 000002F3 68 [00000108]                   	PUSH	LC1
   504 000002F8 6A 34                           	PUSH	52
   505 000002FA 68 00000090                     	PUSH	144
   506 000002FF FF B5 FFFFFBD8                  	PUSH	DWORD [-1064+EBP]
   507 00000305 E8 [00000000]                   	CALL	_make_window8
   508 0000030A 83 C4 28                        	ADD	ESP,40
   509 0000030D 6A 07                           	PUSH	7
   510 0000030F 6A 10                           	PUSH	16
   511 00000311 68 00000080                     	PUSH	128
   512 00000316 6A 1C                           	PUSH	28
   513 00000318 6A 08                           	PUSH	8
   514 0000031A 57                              	PUSH	EDI
   515 0000031B E8 [00000000]                   	CALL	_make_textbox8
   516 00000320 C7 85 FFFFFBE4 00000008         	MOV	DWORD [-1052+EBP],8
   517 0000032A C7 85 FFFFFBE0 00000007         	MOV	DWORD [-1056+EBP],7
   518 00000334 E8 [00000000]                   	CALL	_timer_alloc
   519 00000339 6A 01                           	PUSH	1
   520 0000033B 89 85 FFFFFBBC                  	MOV	DWORD [-1092+EBP],EAX
   521 00000341 8D 45 A4                        	LEA	EAX,DWORD [-92+EBP]
   522 00000344 50                              	PUSH	EAX
   523 00000345 FF B5 FFFFFBBC                  	PUSH	DWORD [-1092+EBP]
   524 0000034B E8 [00000000]                   	CALL	_timer_init
   525 00000350 83 C4 24                        	ADD	ESP,36
   526 00000353 6A 32                           	PUSH	50
   527 00000355 FF B5 FFFFFBBC                  	PUSH	DWORD [-1092+EBP]
   528 0000035B E8 [00000000]                   	CALL	_timer_settime
   529 00000360 56                              	PUSH	ESI
   530 00000361 E8 [00000000]                   	CALL	_sheet_alloc
   531 00000366 6A 63                           	PUSH	99
   532 00000368 6A 10                           	PUSH	16
   533 0000036A 6A 10                           	PUSH	16
   534 0000036C 89 85 FFFFFBCC                  	MOV	DWORD [-1076+EBP],EAX
   535 00000372 53                              	PUSH	EBX
   536 00000373 50                              	PUSH	EAX
   537 00000374 E8 [00000000]                   	CALL	_sheet_setbuf
   538 00000379 83 C4 20                        	ADD	ESP,32
   539 0000037C 6A 63                           	PUSH	99
   540 0000037E 53                              	PUSH	EBX
   541 0000037F BB 00000002                     	MOV	EBX,2
   542 00000384 E8 [00000000]                   	CALL	_init_mouse_cursor8
   543 00000389 0F BF 05 00000FF4               	MOVSX	EAX,WORD [4084]
   544 00000390 8D 48 F0                        	LEA	ECX,DWORD [-16+EAX]
   545 00000393 89 C8                           	MOV	EAX,ECX
   546 00000395 99                              	CDQ
   547 00000396 F7 FB                           	IDIV	EBX
   548 00000398 89 85 FFFFFBEC                  	MOV	DWORD [-1044+EBP],EAX
   549 0000039E 0F BF 05 00000FF6               	MOVSX	EAX,WORD [4086]
   550 000003A5 6A 00                           	PUSH	0
   551 000003A7 8D 48 D4                        	LEA	ECX,DWORD [-44+EAX]
   552 000003AA 6A 00                           	PUSH	0
   553 000003AC 89 C8                           	MOV	EAX,ECX
   554 000003AE 99                              	CDQ
   555 000003AF F7 FB                           	IDIV	EBX
   556 000003B1 FF B5 FFFFFBD0                  	PUSH	DWORD [-1072+EBP]
   557 000003B7 89 85 FFFFFBE8                  	MOV	DWORD [-1048+EBP],EAX
   558 000003BD E8 [00000000]                   	CALL	_sheet_slide
   559 000003C2 6A 04                           	PUSH	4
   560 000003C4 6A 20                           	PUSH	32
   561 000003C6 FF B5 FFFFFBC8                  	PUSH	DWORD [-1080+EBP]
   562 000003CC E8 [00000000]                   	CALL	_sheet_slide
   563 000003D1 83 C4 20                        	ADD	ESP,32
   564 000003D4 6A 38                           	PUSH	56
   565 000003D6 6A 40                           	PUSH	64
   566 000003D8 57                              	PUSH	EDI
   567 000003D9 E8 [00000000]                   	CALL	_sheet_slide
   568 000003DE FF B5 FFFFFBE8                  	PUSH	DWORD [-1048+EBP]
   569 000003E4 FF B5 FFFFFBEC                  	PUSH	DWORD [-1044+EBP]
   570 000003EA FF B5 FFFFFBCC                  	PUSH	DWORD [-1076+EBP]
   571 000003F0 E8 [00000000]                   	CALL	_sheet_slide
   572 000003F5 6A 00                           	PUSH	0
   573 000003F7 FF B5 FFFFFBD0                  	PUSH	DWORD [-1072+EBP]
   574 000003FD E8 [00000000]                   	CALL	_sheet_updown
   575 00000402 83 C4 20                        	ADD	ESP,32
   576 00000405 6A 01                           	PUSH	1
   577 00000407 FF B5 FFFFFBC8                  	PUSH	DWORD [-1080+EBP]
   578 0000040D E8 [00000000]                   	CALL	_sheet_updown
   579 00000412 6A 02                           	PUSH	2
   580 00000414 57                              	PUSH	EDI
   581 00000415 E8 [00000000]                   	CALL	_sheet_updown
   582 0000041A 6A 03                           	PUSH	3
   583 0000041C FF B5 FFFFFBCC                  	PUSH	DWORD [-1076+EBP]
   584 00000422 E8 [00000000]                   	CALL	_sheet_updown
   585 00000427 8D 55 84                        	LEA	EDX,DWORD [-124+EBP]
   586 0000042A 68 000000ED                     	PUSH	237
   587 0000042F 52                              	PUSH	EDX
   588 00000430 E8 [00000000]                   	CALL	_fifo32_put
   589 00000435 8D 45 84                        	LEA	EAX,DWORD [-124+EBP]
   590 00000438 83 C4 20                        	ADD	ESP,32
   591 0000043B FF B5 FFFFFBB0                  	PUSH	DWORD [-1104+EBP]
   592 00000441 50                              	PUSH	EAX
   593 00000442 E8 [00000000]                   	CALL	_fifo32_put
   594 00000447 59                              	POP	ECX
   595 00000448 5B                              	POP	EBX
   596 00000449                                 L2:
   597 00000449 8D 5D 84                        	LEA	EBX,DWORD [-124+EBP]
   598 0000044C 53                              	PUSH	EBX
   599 0000044D E8 [00000000]                   	CALL	_fifo32_status
   600 00000452 5A                              	POP	EDX
   601 00000453 85 C0                           	TEST	EAX,EAX
   602 00000455 7E 0D                           	JLE	L5
   603 00000457 83 BD FFFFFBAC 00               	CMP	DWORD [-1108+EBP],0
   604 0000045E 0F 88 000006D8                  	JS	L60
   605 00000464                                 L5:
   606 00000464 8D 5D A4                        	LEA	EBX,DWORD [-92+EBP]
   607 00000467 E8 [00000000]                   	CALL	_io_cli
   608 0000046C 53                              	PUSH	EBX
   609 0000046D E8 [00000000]                   	CALL	_fifo32_status
   610 00000472 5E                              	POP	ESI
   611 00000473 85 C0                           	TEST	EAX,EAX
   612 00000475 0F 84 000006AB                  	JE	L61
   613 0000047B 53                              	PUSH	EBX
   614 0000047C E8 [00000000]                   	CALL	_fifo32_get
   615 00000481 89 C6                           	MOV	ESI,EAX
   616 00000483 E8 [00000000]                   	CALL	_io_sti
   617 00000488 59                              	POP	ECX
   618 00000489 8D 86 FFFFFF00                  	LEA	EAX,DWORD [-256+ESI]
   619 0000048F 3D 000000FF                     	CMP	EAX,255
   620 00000494 0F 86 000001AC                  	JBE	L62
   621 0000049A 8D 86 FFFFFE00                  	LEA	EAX,DWORD [-512+ESI]
   622 000004A0 3D 000000FF                     	CMP	EAX,255
   623 000004A5 0F 86 000000C2                  	JBE	L63
   624 000004AB 83 FE 01                        	CMP	ESI,1
   625 000004AE 7F 99                           	JG	L2
   626 000004B0 85 F6                           	TEST	ESI,ESI
   627 000004B2 0F 84 00000088                  	JE	L53
   628 000004B8 6A 00                           	PUSH	0
   629 000004BA 53                              	PUSH	EBX
   630 000004BB FF B5 FFFFFBBC                  	PUSH	DWORD [-1092+EBP]
   631 000004C1 E8 [00000000]                   	CALL	_timer_init
   632 000004C6 83 C4 0C                        	ADD	ESP,12
   633 000004C9 83 BD FFFFFBE0 00               	CMP	DWORD [-1056+EBP],0
   634 000004D0 78 0A                           	JS	L55
   635 000004D2 C7 85 FFFFFBE0 00000000         	MOV	DWORD [-1056+EBP],0
   636 000004DC                                 L55:
   637 000004DC 6A 32                           	PUSH	50
   638 000004DE FF B5 FFFFFBBC                  	PUSH	DWORD [-1092+EBP]
   639 000004E4 E8 [00000000]                   	CALL	_timer_settime
   640 000004E9 58                              	POP	EAX
   641 000004EA 5A                              	POP	EDX
   642 000004EB 83 BD FFFFFBE0 00               	CMP	DWORD [-1056+EBP],0
   643 000004F2 0F 88 FFFFFF51                  	JS	L2
   644 000004F8 8B 85 FFFFFBE4                  	MOV	EAX,DWORD [-1052+EBP]
   645 000004FE 6A 2B                           	PUSH	43
   646 00000500 83 C0 07                        	ADD	EAX,7
   647 00000503 50                              	PUSH	EAX
   648 00000504 6A 1C                           	PUSH	28
   649 00000506 FF B5 FFFFFBE4                  	PUSH	DWORD [-1052+EBP]
   650 0000050C 0F B6 85 FFFFFBE0               	MOVZX	EAX,BYTE [-1056+EBP]
   651 00000513 50                              	PUSH	EAX
   652 00000514 FF 77 04                        	PUSH	DWORD [4+EDI]
   653 00000517 FF 37                           	PUSH	DWORD [EDI]
   654 00000519 E8 [00000000]                   	CALL	_boxfill8
   655 0000051E 8B 85 FFFFFBE4                  	MOV	EAX,DWORD [-1052+EBP]
   656 00000524 6A 2C                           	PUSH	44
   657 00000526 83 C0 08                        	ADD	EAX,8
   658 00000529 50                              	PUSH	EAX
   659 0000052A 6A 1C                           	PUSH	28
   660 0000052C FF B5 FFFFFBE4                  	PUSH	DWORD [-1052+EBP]
   661 00000532 57                              	PUSH	EDI
   662 00000533 E8 [00000000]                   	CALL	_sheet_refresh
   663 00000538 83 C4 30                        	ADD	ESP,48
   664 0000053B E9 FFFFFF09                     	JMP	L2
   665 00000540                                 L53:
   666 00000540 6A 01                           	PUSH	1
   667 00000542 53                              	PUSH	EBX
   668 00000543 FF B5 FFFFFBBC                  	PUSH	DWORD [-1092+EBP]
   669 00000549 E8 [00000000]                   	CALL	_timer_init
   670 0000054E 83 C4 0C                        	ADD	ESP,12
   671 00000551 83 BD FFFFFBE0 00               	CMP	DWORD [-1056+EBP],0
   672 00000558 0F 88 FFFFFF7E                  	JS	L55
   673 0000055E C7 85 FFFFFBE0 00000007         	MOV	DWORD [-1056+EBP],7
   674 00000568 E9 FFFFFF6F                     	JMP	L55
   675 0000056D                                 L63:
   676 0000056D 89 F2                           	MOV	EDX,ESI
   677 0000056F 0F B6 C2                        	MOVZX	EAX,DL
   678 00000572 50                              	PUSH	EAX
   679 00000573 8D 85 FFFFFCF4                  	LEA	EAX,DWORD [-780+EBP]
   680 00000579 50                              	PUSH	EAX
   681 0000057A E8 [00000000]                   	CALL	_mouse_decode
   682 0000057F 59                              	POP	ECX
   683 00000580 5B                              	POP	EBX
   684 00000581 85 C0                           	TEST	EAX,EAX
   685 00000583 0F 84 FFFFFEC0                  	JE	L2
   686 00000589 8B 85 FFFFFCFC                  	MOV	EAX,DWORD [-772+EBP]
   687 0000058F 8B 95 FFFFFCF8                  	MOV	EDX,DWORD [-776+EBP]
   688 00000595 01 85 FFFFFBE8                  	ADD	DWORD [-1048+EBP],EAX
   689 0000059B 01 95 FFFFFBEC                  	ADD	DWORD [-1044+EBP],EDX
   690 000005A1 0F 88 00000090                  	JS	L64
   691 000005A7                                 L46:
   692 000005A7 83 BD FFFFFBE8 00               	CMP	DWORD [-1048+EBP],0
   693 000005AE 78 78                           	JS	L65
   694 000005B0                                 L47:
   695 000005B0 0F BF 05 00000FF4               	MOVSX	EAX,WORD [4084]
   696 000005B7 48                              	DEC	EAX
   697 000005B8 39 85 FFFFFBEC                  	CMP	DWORD [-1044+EBP],EAX
   698 000005BE 7E 06                           	JLE	L48
   699 000005C0 89 85 FFFFFBEC                  	MOV	DWORD [-1044+EBP],EAX
   700 000005C6                                 L48:
   701 000005C6 0F BF 05 00000FF6               	MOVSX	EAX,WORD [4086]
   702 000005CD 48                              	DEC	EAX
   703 000005CE 39 85 FFFFFBE8                  	CMP	DWORD [-1048+EBP],EAX
   704 000005D4 7E 06                           	JLE	L49
   705 000005D6 89 85 FFFFFBE8                  	MOV	DWORD [-1048+EBP],EAX
   706 000005DC                                 L49:
   707 000005DC FF B5 FFFFFBE8                  	PUSH	DWORD [-1048+EBP]
   708 000005E2 FF B5 FFFFFBEC                  	PUSH	DWORD [-1044+EBP]
   709 000005E8 FF B5 FFFFFBCC                  	PUSH	DWORD [-1076+EBP]
   710 000005EE E8 [00000000]                   	CALL	_sheet_slide
   711 000005F3 83 C4 0C                        	ADD	ESP,12
   712 000005F6 F7 85 FFFFFD00 00000001         	TEST	DWORD [-768+EBP],1
   713 00000600 0F 84 FFFFFE43                  	JE	L2
   714 00000606 8B 85 FFFFFBE8                  	MOV	EAX,DWORD [-1048+EBP]
   715 0000060C 83 E8 08                        	SUB	EAX,8
   716 0000060F 50                              	PUSH	EAX
   717 00000610 8B 85 FFFFFBEC                  	MOV	EAX,DWORD [-1044+EBP]
   718 00000616 83 E8 50                        	SUB	EAX,80
   719 00000619 50                              	PUSH	EAX
   720 0000061A 57                              	PUSH	EDI
   721 0000061B E8 [00000000]                   	CALL	_sheet_slide
   722 00000620 83 C4 0C                        	ADD	ESP,12
   723 00000623 E9 FFFFFE21                     	JMP	L2
   724 00000628                                 L65:
   725 00000628 C7 85 FFFFFBE8 00000000         	MOV	DWORD [-1048+EBP],0
   726 00000632 E9 FFFFFF79                     	JMP	L47
   727 00000637                                 L64:
   728 00000637 C7 85 FFFFFBEC 00000000         	MOV	DWORD [-1044+EBP],0
   729 00000641 E9 FFFFFF61                     	JMP	L46
   730 00000646                                 L62:
   731 00000646 50                              	PUSH	EAX
   732 00000647 8D 85 FFFFFBF2                  	LEA	EAX,DWORD [-1038+EBP]
   733 0000064D 68 [0000010F]                   	PUSH	LC2
   734 00000652 50                              	PUSH	EAX
   735 00000653 E8 [00000000]                   	CALL	_sprintf
   736 00000658 8D 45 C4                        	LEA	EAX,DWORD [-60+EBP]
   737 0000065B 6A 02                           	PUSH	2
   738 0000065D 50                              	PUSH	EAX
   739 0000065E 6A 07                           	PUSH	7
   740 00000660 6A 00                           	PUSH	0
   741 00000662 6A 1C                           	PUSH	28
   742 00000664 FF B5 FFFFFBE4                  	PUSH	DWORD [-1052+EBP]
   743 0000066A 57                              	PUSH	EDI
   744 0000066B E8 [00000000]                   	CALL	_putfonts8_asc_sht
   745 00000670 83 C4 28                        	ADD	ESP,40
   746 00000673 83 85 FFFFFBE4 10               	ADD	DWORD [-1052+EBP],16
   747 0000067A 81 FE 0000017F                  	CMP	ESI,383
   748 00000680 0F 8F 00000497                  	JG	L9
   749 00000686 83 BD FFFFFBB4 00               	CMP	DWORD [-1100+EBP],0
   750 0000068D 0F 85 0000047F                  	JNE	L10
   751 00000693 8A 86 [FFFFFF00]                	MOV	AL,BYTE [_keytable0.0-256+ESI]
   752 00000699                                 L59:
   753 00000699 88 45 C4                        	MOV	BYTE [-60+EBP],AL
   754 0000069C                                 L12:
   755 0000069C 8A 55 C4                        	MOV	DL,BYTE [-60+EBP]
   756 0000069F 8D 42 BF                        	LEA	EAX,DWORD [-65+EDX]
   757 000006A2 3C 19                           	CMP	AL,25
   758 000006A4 77 1D                           	JA	L13
   759 000006A6 F7 85 FFFFFBB0 00000004         	TEST	DWORD [-1104+EBP],4
   760 000006B0 0F 85 0000044D                  	JNE	L58
   761 000006B6 83 BD FFFFFBB4 00               	CMP	DWORD [-1100+EBP],0
   762 000006BD 0F 84 00000435                  	JE	L15
   763 000006C3                                 L13:
   764 000006C3 8A 45 C4                        	MOV	AL,BYTE [-60+EBP]
   765 000006C6 84 C0                           	TEST	AL,AL
   766 000006C8 74 3C                           	JE	L17
   767 000006CA 83 BD FFFFFBB8 00               	CMP	DWORD [-1096+EBP],0
   768 000006D1 0F 85 00000402                  	JNE	L18
   769 000006D7 83 BD FFFFFBE4 7F               	CMP	DWORD [-1052+EBP],127
   770 000006DE 7F 26                           	JG	L17
   771 000006E0 6A 01                           	PUSH	1
   772 000006E2 8D 45 C4                        	LEA	EAX,DWORD [-60+EBP]
   773 000006E5 50                              	PUSH	EAX
   774 000006E6 6A 07                           	PUSH	7
   775 000006E8 6A 00                           	PUSH	0
   776 000006EA 6A 1C                           	PUSH	28
   777 000006EC FF B5 FFFFFBE4                  	PUSH	DWORD [-1052+EBP]
   778 000006F2 57                              	PUSH	EDI
   779 000006F3 C6 45 C5 00                     	MOV	BYTE [-59+EBP],0
   780 000006F7 E8 [00000000]                   	CALL	_putfonts8_asc_sht
   781 000006FC 83 C4 1C                        	ADD	ESP,28
   782 000006FF 83 85 FFFFFBE4 08               	ADD	DWORD [-1052+EBP],8
   783 00000706                                 L17:
   784 00000706 81 FE 0000010E                  	CMP	ESI,270
   785 0000070C 0F 84 0000036E                  	JE	L66
   786 00000712                                 L21:
   787 00000712 81 FE 0000011C                  	CMP	ESI,284
   788 00000718 0F 84 0000033A                  	JE	L67
   789 0000071E                                 L25:
   790 0000071E 81 FE 0000010F                  	CMP	ESI,271
   791 00000724 0F 84 0000021B                  	JE	L68
   792 0000072A                                 L27:
   793 0000072A 81 FE 0000012A                  	CMP	ESI,298
   794 00000730 0F 84 00000203                  	JE	L69
   795 00000736                                 L30:
   796 00000736 81 FE 00000136                  	CMP	ESI,310
   797 0000073C 0F 84 000001EB                  	JE	L70
   798 00000742                                 L31:
   799 00000742 81 FE 0000011D                  	CMP	ESI,285
   800 00000748 0F 84 000001D3                  	JE	L71
   801 0000074E                                 L32:
   802 0000074E 81 FE 000001AA                  	CMP	ESI,426
   803 00000754 0F 84 000001BB                  	JE	L72
   804 0000075A                                 L33:
   805 0000075A 81 FE 000001B6                  	CMP	ESI,438
   806 00000760 0F 84 000001A3                  	JE	L73
   807 00000766                                 L34:
   808 00000766 81 FE 0000019D                  	CMP	ESI,413
   809 0000076C 0F 84 0000018B                  	JE	L74
   810 00000772                                 L35:
   811 00000772 81 FE 0000013A                  	CMP	ESI,314
   812 00000778 0F 84 00000156                  	JE	L75
   813 0000077E                                 L36:
   814 0000077E 81 FE 00000145                  	CMP	ESI,325
   815 00000784 0F 84 00000121                  	JE	L76
   816 0000078A                                 L37:
   817 0000078A 81 FE 00000146                  	CMP	ESI,326
   818 00000790 0F 84 000000EC                  	JE	L77
   819 00000796                                 L38:
   820 00000796 81 FE 00000163                  	CMP	ESI,355
   821 0000079C 0F 84 00000089                  	JE	L78
   822 000007A2                                 L39:
   823 000007A2 81 FE 000001FA                  	CMP	ESI,506
   824 000007A8 74 72                           	JE	L79
   825 000007AA                                 L40:
   826 000007AA 81 FE 000001FE                  	CMP	ESI,510
   827 000007B0 74 54                           	JE	L80
   828 000007B2                                 L41:
   829 000007B2 83 BD FFFFFBE0 00               	CMP	DWORD [-1056+EBP],0
   830 000007B9 78 29                           	JS	L42
   831 000007BB 8B 85 FFFFFBE4                  	MOV	EAX,DWORD [-1052+EBP]
   832 000007C1 6A 2B                           	PUSH	43
   833 000007C3 83 C0 07                        	ADD	EAX,7
   834 000007C6 50                              	PUSH	EAX
   835 000007C7 6A 1C                           	PUSH	28
   836 000007C9 FF B5 FFFFFBE4                  	PUSH	DWORD [-1052+EBP]
   837 000007CF 0F B6 85 FFFFFBE0               	MOVZX	EAX,BYTE [-1056+EBP]
   838 000007D6 50                              	PUSH	EAX
   839 000007D7 FF 77 04                        	PUSH	DWORD [4+EDI]
   840 000007DA FF 37                           	PUSH	DWORD [EDI]
   841 000007DC E8 [00000000]                   	CALL	_boxfill8
   842 000007E1 83 C4 1C                        	ADD	ESP,28
   843 000007E4                                 L42:
   844 000007E4 8B 85 FFFFFBE4                  	MOV	EAX,DWORD [-1052+EBP]
   845 000007EA 6A 2C                           	PUSH	44
   846 000007EC 83 C0 08                        	ADD	EAX,8
   847 000007EF 50                              	PUSH	EAX
   848 000007F0 6A 1C                           	PUSH	28
   849 000007F2 FF B5 FFFFFBE4                  	PUSH	DWORD [-1052+EBP]
   850 000007F8 57                              	PUSH	EDI
   851 000007F9 E8 [00000000]                   	CALL	_sheet_refresh
   852 000007FE 83 C4 14                        	ADD	ESP,20
   853 00000801 E9 FFFFFC43                     	JMP	L2
   854 00000806                                 L80:
   855 00000806 E8 [00000000]                   	CALL	_wait_KBC_sendready
   856 0000080B FF B5 FFFFFBAC                  	PUSH	DWORD [-1108+EBP]
   857 00000811 6A 60                           	PUSH	96
   858 00000813 E8 [00000000]                   	CALL	_io_out8
   859 00000818 5E                              	POP	ESI
   860 00000819 58                              	POP	EAX
   861 0000081A EB 96                           	JMP	L41
   862 0000081C                                 L79:
   863 0000081C C7 85 FFFFFBAC FFFFFFFF         	MOV	DWORD [-1108+EBP],-1
   864 00000826 E9 FFFFFF7F                     	JMP	L40
   865 0000082B                                 L78:
   866 0000082B 83 BD FFFFFBB4 00               	CMP	DWORD [-1100+EBP],0
   867 00000832 0F 84 FFFFFF6A                  	JE	L39
   868 00000838 8B 85 FFFFFBC0                  	MOV	EAX,DWORD [-1088+EBP]
   869 0000083E 83 78 34 00                     	CMP	DWORD [52+EAX],0
   870 00000842 0F 84 FFFFFF5A                  	JE	L39
   871 00000848 68 [00000114]                   	PUSH	LC4
   872 0000084D FF 35 00000FEC                  	PUSH	DWORD [4076]
   873 00000853 E8 [00000000]                   	CALL	_cons_putstr0
   874 00000858 E8 [00000000]                   	CALL	_io_cli
   875 0000085D 8B 95 FFFFFBC0                  	MOV	EDX,DWORD [-1088+EBP]
   876 00000863 8B 85 FFFFFBC0                  	MOV	EAX,DWORD [-1088+EBP]
   877 00000869 83 C0 30                        	ADD	EAX,48
   878 0000086C 89 42 54                        	MOV	DWORD [84+EDX],EAX
   879 0000086F C7 42 4C [00000000]             	MOV	DWORD [76+EDX],_asm_end_app
   880 00000876 E8 [00000000]                   	CALL	_io_sti
   881 0000087B 58                              	POP	EAX
   882 0000087C 5A                              	POP	EDX
   883 0000087D E9 FFFFFF20                     	JMP	L39
   884 00000882                                 L77:
   885 00000882 68 000000ED                     	PUSH	237
   886 00000887 8D 5D 84                        	LEA	EBX,DWORD [-124+EBP]
   887 0000088A 53                              	PUSH	EBX
   888 0000088B 83 B5 FFFFFBB0 01               	XOR	DWORD [-1104+EBP],1
   889 00000892 E8 [00000000]                   	CALL	_fifo32_put
   890 00000897 FF B5 FFFFFBB0                  	PUSH	DWORD [-1104+EBP]
   891 0000089D 53                              	PUSH	EBX
   892 0000089E E8 [00000000]                   	CALL	_fifo32_put
   893 000008A3 83 C4 10                        	ADD	ESP,16
   894 000008A6 E9 FFFFFEEB                     	JMP	L38
   895 000008AB                                 L76:
   896 000008AB 68 000000ED                     	PUSH	237
   897 000008B0 8D 5D 84                        	LEA	EBX,DWORD [-124+EBP]
   898 000008B3 53                              	PUSH	EBX
   899 000008B4 83 B5 FFFFFBB0 02               	XOR	DWORD [-1104+EBP],2
   900 000008BB E8 [00000000]                   	CALL	_fifo32_put
   901 000008C0 FF B5 FFFFFBB0                  	PUSH	DWORD [-1104+EBP]
   902 000008C6 53                              	PUSH	EBX
   903 000008C7 E8 [00000000]                   	CALL	_fifo32_put
   904 000008CC 83 C4 10                        	ADD	ESP,16
   905 000008CF E9 FFFFFEB6                     	JMP	L37
   906 000008D4                                 L75:
   907 000008D4 68 000000ED                     	PUSH	237
   908 000008D9 8D 5D 84                        	LEA	EBX,DWORD [-124+EBP]
   909 000008DC 53                              	PUSH	EBX
   910 000008DD 83 B5 FFFFFBB0 04               	XOR	DWORD [-1104+EBP],4
   911 000008E4 E8 [00000000]                   	CALL	_fifo32_put
   912 000008E9 FF B5 FFFFFBB0                  	PUSH	DWORD [-1104+EBP]
   913 000008EF 53                              	PUSH	EBX
   914 000008F0 E8 [00000000]                   	CALL	_fifo32_put
   915 000008F5 83 C4 10                        	ADD	ESP,16
   916 000008F8 E9 FFFFFE81                     	JMP	L36
   917 000008FD                                 L74:
   918 000008FD 83 A5 FFFFFBB4 FB               	AND	DWORD [-1100+EBP],-5
   919 00000904 E9 FFFFFE69                     	JMP	L35
   920 00000909                                 L73:
   921 00000909 83 A5 FFFFFBB4 FD               	AND	DWORD [-1100+EBP],-3
   922 00000910 E9 FFFFFE51                     	JMP	L34
   923 00000915                                 L72:
   924 00000915 83 A5 FFFFFBB4 FE               	AND	DWORD [-1100+EBP],-2
   925 0000091C E9 FFFFFE39                     	JMP	L33
   926 00000921                                 L71:
   927 00000921 83 8D FFFFFBB4 04               	OR	DWORD [-1100+EBP],4
   928 00000928 E9 FFFFFE21                     	JMP	L32
   929 0000092D                                 L70:
   930 0000092D 83 8D FFFFFBB4 02               	OR	DWORD [-1100+EBP],2
   931 00000934 E9 FFFFFE09                     	JMP	L31
   932 00000939                                 L69:
   933 00000939 83 8D FFFFFBB4 01               	OR	DWORD [-1100+EBP],1
   934 00000940 E9 FFFFFDF1                     	JMP	L30
   935 00000945                                 L68:
   936 00000945 83 BD FFFFFBB8 00               	CMP	DWORD [-1096+EBP],0
   937 0000094C 0F 85 000000A7                  	JNE	L28
   938 00000952 6A 00                           	PUSH	0
   939 00000954 68 [00000108]                   	PUSH	LC1
   940 00000959 FF 77 04                        	PUSH	DWORD [4+EDI]
   941 0000095C FF B5 FFFFFBD8                  	PUSH	DWORD [-1064+EBP]
   942 00000962 C7 85 FFFFFBB8 00000001         	MOV	DWORD [-1096+EBP],1
   943 0000096C E8 [00000000]                   	CALL	_make_wtitle8
   944 00000971 8B 95 FFFFFBC8                  	MOV	EDX,DWORD [-1080+EBP]
   945 00000977 6A 01                           	PUSH	1
   946 00000979 68 [00000100]                   	PUSH	LC0
   947 0000097E FF 72 04                        	PUSH	DWORD [4+EDX]
   948 00000981 FF B5 FFFFFBD4                  	PUSH	DWORD [-1068+EBP]
   949 00000987 E8 [00000000]                   	CALL	_make_wtitle8
   950 0000098C 8B 85 FFFFFBE4                  	MOV	EAX,DWORD [-1052+EBP]
   951 00000992 83 C4 20                        	ADD	ESP,32
   952 00000995 83 C0 07                        	ADD	EAX,7
   953 00000998 C7 85 FFFFFBE0 FFFFFFFF         	MOV	DWORD [-1056+EBP],-1
   954 000009A2 6A 2B                           	PUSH	43
   955 000009A4 50                              	PUSH	EAX
   956 000009A5 6A 1C                           	PUSH	28
   957 000009A7 FF B5 FFFFFBE4                  	PUSH	DWORD [-1052+EBP]
   958 000009AD 6A 07                           	PUSH	7
   959 000009AF FF 77 04                        	PUSH	DWORD [4+EDI]
   960 000009B2 FF 37                           	PUSH	DWORD [EDI]
   961 000009B4 E8 [00000000]                   	CALL	_boxfill8
   962 000009B9 8B 85 FFFFFBC0                  	MOV	EAX,DWORD [-1088+EBP]
   963 000009BF 6A 02                           	PUSH	2
   964 000009C1 83 C0 10                        	ADD	EAX,16
   965 000009C4 50                              	PUSH	EAX
   966 000009C5 E8 [00000000]                   	CALL	_fifo32_put
   967 000009CA 83 C4 24                        	ADD	ESP,36
   968 000009CD                                 L29:
   969 000009CD 6A 15                           	PUSH	21
   970 000009CF FF 77 04                        	PUSH	DWORD [4+EDI]
   971 000009D2 6A 00                           	PUSH	0
   972 000009D4 6A 00                           	PUSH	0
   973 000009D6 57                              	PUSH	EDI
   974 000009D7 E8 [00000000]                   	CALL	_sheet_refresh
   975 000009DC 8B 95 FFFFFBC8                  	MOV	EDX,DWORD [-1080+EBP]
   976 000009E2 6A 15                           	PUSH	21
   977 000009E4 FF 72 04                        	PUSH	DWORD [4+EDX]
   978 000009E7 6A 00                           	PUSH	0
   979 000009E9 6A 00                           	PUSH	0
   980 000009EB 52                              	PUSH	EDX
   981 000009EC E8 [00000000]                   	CALL	_sheet_refresh
   982 000009F1 83 C4 28                        	ADD	ESP,40
   983 000009F4 E9 FFFFFD31                     	JMP	L27
   984 000009F9                                 L28:
   985 000009F9 6A 01                           	PUSH	1
   986 000009FB 68 [00000108]                   	PUSH	LC1
   987 00000A00 FF 77 04                        	PUSH	DWORD [4+EDI]
   988 00000A03 FF B5 FFFFFBD8                  	PUSH	DWORD [-1064+EBP]
   989 00000A09 C7 85 FFFFFBB8 00000000         	MOV	DWORD [-1096+EBP],0
   990 00000A13 E8 [00000000]                   	CALL	_make_wtitle8
   991 00000A18 8B 85 FFFFFBC8                  	MOV	EAX,DWORD [-1080+EBP]
   992 00000A1E 6A 00                           	PUSH	0
   993 00000A20 68 [00000100]                   	PUSH	LC0
   994 00000A25 FF 70 04                        	PUSH	DWORD [4+EAX]
   995 00000A28 FF B5 FFFFFBD4                  	PUSH	DWORD [-1068+EBP]
   996 00000A2E E8 [00000000]                   	CALL	_make_wtitle8
   997 00000A33 8B 85 FFFFFBC0                  	MOV	EAX,DWORD [-1088+EBP]
   998 00000A39 83 C4 20                        	ADD	ESP,32
   999 00000A3C 83 C0 10                        	ADD	EAX,16
  1000 00000A3F C7 85 FFFFFBE0 00000000         	MOV	DWORD [-1056+EBP],0
  1001 00000A49 6A 03                           	PUSH	3
  1002 00000A4B 50                              	PUSH	EAX
  1003 00000A4C E8 [00000000]                   	CALL	_fifo32_put
  1004 00000A51 59                              	POP	ECX
  1005 00000A52 5B                              	POP	EBX
  1006 00000A53 E9 FFFFFF75                     	JMP	L29
  1007 00000A58                                 L67:
  1008 00000A58 83 BD FFFFFBB8 00               	CMP	DWORD [-1096+EBP],0
  1009 00000A5F 0F 84 FFFFFCB9                  	JE	L25
  1010 00000A65 8B 85 FFFFFBC0                  	MOV	EAX,DWORD [-1088+EBP]
  1011 00000A6B 68 0000010A                     	PUSH	266
  1012 00000A70 83 C0 10                        	ADD	EAX,16
  1013 00000A73 50                              	PUSH	EAX
  1014 00000A74 E8 [00000000]                   	CALL	_fifo32_put
  1015 00000A79 58                              	POP	EAX
  1016 00000A7A 5A                              	POP	EDX
  1017 00000A7B E9 FFFFFC9E                     	JMP	L25
  1018 00000A80                                 L66:
  1019 00000A80 83 BD FFFFFBB8 00               	CMP	DWORD [-1096+EBP],0
  1020 00000A87 75 35                           	JNE	L22
  1021 00000A89 83 BD FFFFFBE4 08               	CMP	DWORD [-1052+EBP],8
  1022 00000A90 0F 8E FFFFFC7C                  	JLE	L21
  1023 00000A96 6A 01                           	PUSH	1
  1024 00000A98 68 [00000123]                   	PUSH	LC3
  1025 00000A9D 6A 07                           	PUSH	7
  1026 00000A9F 6A 00                           	PUSH	0
  1027 00000AA1 6A 1C                           	PUSH	28
  1028 00000AA3 FF B5 FFFFFBE4                  	PUSH	DWORD [-1052+EBP]
  1029 00000AA9 57                              	PUSH	EDI
  1030 00000AAA E8 [00000000]                   	CALL	_putfonts8_asc_sht
  1031 00000AAF 83 C4 1C                        	ADD	ESP,28
  1032 00000AB2 83 AD FFFFFBE4 08               	SUB	DWORD [-1052+EBP],8
  1033 00000AB9 E9 FFFFFC54                     	JMP	L21
  1034 00000ABE                                 L22:
  1035 00000ABE 8B 85 FFFFFBC0                  	MOV	EAX,DWORD [-1088+EBP]
  1036 00000AC4 68 00000108                     	PUSH	264
  1037 00000AC9 83 C0 10                        	ADD	EAX,16
  1038 00000ACC 50                              	PUSH	EAX
  1039 00000ACD E8 [00000000]                   	CALL	_fifo32_put
  1040 00000AD2 59                              	POP	ECX
  1041 00000AD3 5B                              	POP	EBX
  1042 00000AD4 E9 FFFFFC39                     	JMP	L21
  1043 00000AD9                                 L18:
  1044 00000AD9 0F BE C0                        	MOVSX	EAX,AL
  1045 00000ADC 05 00000100                     	ADD	EAX,256
  1046 00000AE1 50                              	PUSH	EAX
  1047 00000AE2 8B 85 FFFFFBC0                  	MOV	EAX,DWORD [-1088+EBP]
  1048 00000AE8 83 C0 10                        	ADD	EAX,16
  1049 00000AEB 50                              	PUSH	EAX
  1050 00000AEC E8 [00000000]                   	CALL	_fifo32_put
  1051 00000AF1 58                              	POP	EAX
  1052 00000AF2 5A                              	POP	EDX
  1053 00000AF3 E9 FFFFFC0E                     	JMP	L17
  1054 00000AF8                                 L15:
  1055 00000AF8 8D 42 20                        	LEA	EAX,DWORD [32+EDX]
  1056 00000AFB 88 45 C4                        	MOV	BYTE [-60+EBP],AL
  1057 00000AFE E9 FFFFFBC0                     	JMP	L13
  1058 00000B03                                 L58:
  1059 00000B03 83 BD FFFFFBB4 00               	CMP	DWORD [-1100+EBP],0
  1060 00000B0A 0F 84 FFFFFBB3                  	JE	L13
  1061 00000B10 EB E6                           	JMP	L15
  1062 00000B12                                 L10:
  1063 00000B12 8A 86 [FFFFFF80]                	MOV	AL,BYTE [_keytable1.1-256+ESI]
  1064 00000B18 E9 FFFFFB7C                     	JMP	L59
  1065 00000B1D                                 L9:
  1066 00000B1D C6 45 C4 00                     	MOV	BYTE [-60+EBP],0
  1067 00000B21 E9 FFFFFB76                     	JMP	L12
  1068 00000B26                                 L61:
  1069 00000B26 FF B5 FFFFFBC4                  	PUSH	DWORD [-1084+EBP]
  1070 00000B2C E8 [00000000]                   	CALL	_task_sleep
  1071 00000B31 E8 [00000000]                   	CALL	_io_sti
  1072 00000B36 5B                              	POP	EBX
  1073 00000B37 E9 FFFFF90D                     	JMP	L2
  1074 00000B3C                                 L60:
  1075 00000B3C 53                              	PUSH	EBX
  1076 00000B3D E8 [00000000]                   	CALL	_fifo32_get
  1077 00000B42 89 85 FFFFFBAC                  	MOV	DWORD [-1108+EBP],EAX
  1078 00000B48 E8 [00000000]                   	CALL	_wait_KBC_sendready
  1079 00000B4D FF B5 FFFFFBAC                  	PUSH	DWORD [-1108+EBP]
  1080 00000B53 6A 60                           	PUSH	96
  1081 00000B55 E8 [00000000]                   	CALL	_io_out8
  1082 00000B5A 83 C4 0C                        	ADD	ESP,12
  1083 00000B5D E9 FFFFF902                     	JMP	L5
