     1 00000000                                 [FORMAT "WCOFF"]
     2 00000000                                 [INSTRSET "i486p"]
     3 00000000                                 [OPTIMIZE 1]
     4 00000000                                 [OPTION 1]
     5 00000000                                 [BITS 32]
     6 00000000                                 	EXTERN	_init_gdtidt
     7 00000000                                 	EXTERN	_init_pic
     8 00000000                                 	EXTERN	_io_sti
     9 00000000                                 	EXTERN	_fifo32_init
    10 00000000                                 	EXTERN	_init_pit
    11 00000000                                 	EXTERN	_init_keyboard
    12 00000000                                 	EXTERN	_enable_mouse
    13 00000000                                 	EXTERN	_io_out8
    14 00000000                                 	EXTERN	_memtest
    15 00000000                                 	EXTERN	_memman_init
    16 00000000                                 	EXTERN	_memman_free
    17 00000000                                 	EXTERN	_init_palette
    18 00000000                                 	EXTERN	_shtctl_init
    19 00000000                                 	EXTERN	_task_init
    20 00000000                                 	EXTERN	_task_run
    21 00000000                                 	EXTERN	_sheet_alloc
    22 00000000                                 	EXTERN	_memman_alloc_4k
    23 00000000                                 	EXTERN	_sheet_setbuf
    24 00000000                                 	EXTERN	_init_screen8
    25 00000000                                 	EXTERN	_task_alloc
    26 00000000                                 	EXTERN	_timer_alloc
    27 00000000                                 	EXTERN	_timer_init
    28 00000000                                 	EXTERN	_timer_settime
    29 00000000                                 	EXTERN	_init_mouse_cursor8
    30 00000000                                 	EXTERN	_sheet_slide
    31 00000000                                 	EXTERN	_sheet_updown
    32 00000000                                 	EXTERN	_sprintf
    33 00000000                                 	EXTERN	_memman_total
    34 00000000                                 	EXTERN	_io_cli
    35 00000000                                 	EXTERN	_fifo32_status
    36 00000000                                 	EXTERN	_fifo32_get
    37 00000000                                 	EXTERN	_boxfill8
    38 00000000                                 	EXTERN	_sheet_refresh
    39 00000000                                 	EXTERN	_mouse_decode
    40 00000000                                 	EXTERN	_keytable.0
    41 00000000                                 	EXTERN	_task_sleep
    42 00000000                                 	EXTERN	_putfonts8_asc
    43 00000000                                 	EXTERN	_task_now
    44 00000000                                 [FILE "bootpack.c"]
    45                                          [SECTION .data]
    46 00000000                                 _keytable.0:
    47 00000000 00                              	DB	0
    48 00000001 00                              	DB	0
    49 00000002 31                              	DB	49
    50 00000003 32                              	DB	50
    51 00000004 33                              	DB	51
    52 00000005 34                              	DB	52
    53 00000006 35                              	DB	53
    54 00000007 36                              	DB	54
    55 00000008 37                              	DB	55
    56 00000009 38                              	DB	56
    57 0000000A 39                              	DB	57
    58 0000000B 30                              	DB	48
    59 0000000C 2D                              	DB	45
    60 0000000D 5E                              	DB	94
    61 0000000E 00                              	DB	0
    62 0000000F 00                              	DB	0
    63 00000010 51                              	DB	81
    64 00000011 57                              	DB	87
    65 00000012 45                              	DB	69
    66 00000013 52                              	DB	82
    67 00000014 54                              	DB	84
    68 00000015 59                              	DB	89
    69 00000016 55                              	DB	85
    70 00000017 49                              	DB	73
    71 00000018 4F                              	DB	79
    72 00000019 50                              	DB	80
    73 0000001A 40                              	DB	64
    74 0000001B 5B                              	DB	91
    75 0000001C 00                              	DB	0
    76 0000001D 00                              	DB	0
    77 0000001E 41                              	DB	65
    78 0000001F 53                              	DB	83
    79 00000020 44                              	DB	68
    80 00000021 46                              	DB	70
    81 00000022 47                              	DB	71
    82 00000023 48                              	DB	72
    83 00000024 4A                              	DB	74
    84 00000025 4B                              	DB	75
    85 00000026 4C                              	DB	76
    86 00000027 3B                              	DB	59
    87 00000028 3A                              	DB	58
    88 00000029 00                              	DB	0
    89 0000002A 00                              	DB	0
    90 0000002B 5D                              	DB	93
    91 0000002C 5A                              	DB	90
    92 0000002D 58                              	DB	88
    93 0000002E 43                              	DB	67
    94 0000002F 56                              	DB	86
    95 00000030 42                              	DB	66
    96 00000031 4E                              	DB	78
    97 00000032 4D                              	DB	77
    98 00000033 2C                              	DB	44
    99 00000034 2E                              	DB	46
   100 00000035 2F                              	DB	47
   101 00000036 00                              	DB	0
   102 00000037 2A                              	DB	42
   103 00000038 00                              	DB	0
   104 00000039 20                              	DB	32
   105 0000003A 00                              	DB	0
   106 0000003B 00                              	DB	0
   107 0000003C 00                              	DB	0
   108 0000003D 00                              	DB	0
   109 0000003E 00                              	DB	0
   110 0000003F 00                              	DB	0
   111 00000040 00                              	DB	0
   112 00000041 00                              	DB	0
   113 00000042 00                              	DB	0
   114 00000043 00                              	DB	0
   115 00000044 00                              	DB	0
   116 00000045 00                              	DB	0
   117 00000046 00                              	DB	0
   118 00000047 37                              	DB	55
   119 00000048 38                              	DB	56
   120 00000049 39                              	DB	57
   121 0000004A 2D                              	DB	45
   122 0000004B 34                              	DB	52
   123 0000004C 35                              	DB	53
   124 0000004D 36                              	DB	54
   125 0000004E 2B                              	DB	43
   126 0000004F 31                              	DB	49
   127 00000050 32                              	DB	50
   128 00000051 33                              	DB	51
   129 00000052 30                              	DB	48
   130 00000053 2E                              	DB	46
   131 00000054                                 LC0:
   132 00000054 63 6F 6E 73 6F 6C 65 00         	DB	"console",0x00
   133 0000005C                                 LC1:
   134 0000005C 74 61 73 6B 5F 61 00            	DB	"task_a",0x00
   135 00000063                                 LC2:
   136 00000063 28 25 33 64 2C 20 25 33 64 29   	DB	"(%3d, %3d)",0x00
       0000006D 00 
   137 0000006E                                 LC3:
   138 0000006E 6D 65 6D 6F 72 79 20 25 64 4D   	DB	"memory %dMB   free : %dKB",0x00
       00000078 42 20 20 20 66 72 65 65 20 3A 
       00000082 20 25 64 4B 42 00 
   139 00000088                                 LC6:
   140 00000088 5B 6C 63 72 20 25 34 64 20 25   	DB	"[lcr %4d %4d]",0x00
       00000092 34 64 5D 00 
   141 00000096                                 LC4:
   142 00000096 25 30 32 58 00                  	DB	"%02X",0x00
   143 0000009B                                 LC5:
   144 0000009B 20 00                           	DB	" ",0x00
   145                                          [SECTION .text]
   146 00000000                                 	GLOBAL	_HariMain
   147 00000000                                 _HariMain:
   148 00000000 55                              	PUSH	EBP
   149 00000001 89 E5                           	MOV	EBP,ESP
   150 00000003 57                              	PUSH	EDI
   151 00000004 56                              	PUSH	ESI
   152 00000005 53                              	PUSH	EBX
   153 00000006 8D 5D D4                        	LEA	EBX,DWORD [-44+EBP]
   154 00000009 81 EC 0000038C                  	SUB	ESP,908
   155 0000000F E8 [00000000]                   	CALL	_init_gdtidt
   156 00000014 E8 [00000000]                   	CALL	_init_pic
   157 00000019 E8 [00000000]                   	CALL	_io_sti
   158 0000001E 8D 85 FFFFFDA4                  	LEA	EAX,DWORD [-604+EBP]
   159 00000024 6A 00                           	PUSH	0
   160 00000026 50                              	PUSH	EAX
   161 00000027 8D 45 D4                        	LEA	EAX,DWORD [-44+EBP]
   162 0000002A 68 00000080                     	PUSH	128
   163 0000002F 50                              	PUSH	EAX
   164 00000030 E8 [00000000]                   	CALL	_fifo32_init
   165 00000035 E8 [00000000]                   	CALL	_init_pit
   166 0000003A 8D 55 D4                        	LEA	EDX,DWORD [-44+EBP]
   167 0000003D 68 00000100                     	PUSH	256
   168 00000042 52                              	PUSH	EDX
   169 00000043 E8 [00000000]                   	CALL	_init_keyboard
   170 00000048 8D 85 FFFFFD94                  	LEA	EAX,DWORD [-620+EBP]
   171 0000004E 50                              	PUSH	EAX
   172 0000004F 68 00000200                     	PUSH	512
   173 00000054 53                              	PUSH	EBX
   174 00000055 E8 [00000000]                   	CALL	_enable_mouse
   175 0000005A 83 C4 24                        	ADD	ESP,36
   176 0000005D 68 000000F8                     	PUSH	248
   177 00000062 6A 21                           	PUSH	33
   178 00000064 E8 [00000000]                   	CALL	_io_out8
   179 00000069 68 000000EF                     	PUSH	239
   180 0000006E 68 000000A1                     	PUSH	161
   181 00000073 E8 [00000000]                   	CALL	_io_out8
   182 00000078 68 BFFFFFFF                     	PUSH	-1073741825
   183 0000007D 68 00400000                     	PUSH	4194304
   184 00000082 E8 [00000000]                   	CALL	_memtest
   185 00000087 68 003C0000                     	PUSH	3932160
   186 0000008C 89 85 FFFFFC84                  	MOV	DWORD [-892+EBP],EAX
   187 00000092 E8 [00000000]                   	CALL	_memman_init
   188 00000097 68 0009E000                     	PUSH	647168
   189 0000009C 68 00001000                     	PUSH	4096
   190 000000A1 68 003C0000                     	PUSH	3932160
   191 000000A6 E8 [00000000]                   	CALL	_memman_free
   192 000000AB 8B 85 FFFFFC84                  	MOV	EAX,DWORD [-892+EBP]
   193 000000B1 83 C4 28                        	ADD	ESP,40
   194 000000B4 2D 00400000                     	SUB	EAX,4194304
   195 000000B9 50                              	PUSH	EAX
   196 000000BA 68 00400000                     	PUSH	4194304
   197 000000BF 68 003C0000                     	PUSH	3932160
   198 000000C4 E8 [00000000]                   	CALL	_memman_free
   199 000000C9 E8 [00000000]                   	CALL	_init_palette
   200 000000CE 0F BF 05 00000FF6               	MOVSX	EAX,WORD [4086]
   201 000000D5 50                              	PUSH	EAX
   202 000000D6 0F BF 05 00000FF4               	MOVSX	EAX,WORD [4084]
   203 000000DD 50                              	PUSH	EAX
   204 000000DE FF 35 00000FF8                  	PUSH	DWORD [4088]
   205 000000E4 68 003C0000                     	PUSH	3932160
   206 000000E9 E8 [00000000]                   	CALL	_shtctl_init
   207 000000EE 68 003C0000                     	PUSH	3932160
   208 000000F3 89 C7                           	MOV	EDI,EAX
   209 000000F5 E8 [00000000]                   	CALL	_task_init
   210 000000FA 83 C4 20                        	ADD	ESP,32
   211 000000FD 89 85 FFFFFC74                  	MOV	DWORD [-908+EBP],EAX
   212 00000103 89 45 EC                        	MOV	DWORD [-20+EBP],EAX
   213 00000106 6A 02                           	PUSH	2
   214 00000108 6A 01                           	PUSH	1
   215 0000010A 50                              	PUSH	EAX
   216 0000010B E8 [00000000]                   	CALL	_task_run
   217 00000110 57                              	PUSH	EDI
   218 00000111 E8 [00000000]                   	CALL	_sheet_alloc
   219 00000116 0F BF 15 00000FF6               	MOVSX	EDX,WORD [4086]
   220 0000011D 89 85 FFFFFC80                  	MOV	DWORD [-896+EBP],EAX
   221 00000123 0F BF 05 00000FF4               	MOVSX	EAX,WORD [4084]
   222 0000012A 0F AF C2                        	IMUL	EAX,EDX
   223 0000012D 50                              	PUSH	EAX
   224 0000012E 68 003C0000                     	PUSH	3932160
   225 00000133 E8 [00000000]                   	CALL	_memman_alloc_4k
   226 00000138 6A FF                           	PUSH	-1
   227 0000013A 89 C3                           	MOV	EBX,EAX
   228 0000013C 0F BF 05 00000FF6               	MOVSX	EAX,WORD [4086]
   229 00000143 50                              	PUSH	EAX
   230 00000144 0F BF 05 00000FF4               	MOVSX	EAX,WORD [4084]
   231 0000014B 50                              	PUSH	EAX
   232 0000014C 53                              	PUSH	EBX
   233 0000014D FF B5 FFFFFC80                  	PUSH	DWORD [-896+EBP]
   234 00000153 E8 [00000000]                   	CALL	_sheet_setbuf
   235 00000158 83 C4 2C                        	ADD	ESP,44
   236 0000015B 0F BF 05 00000FF6               	MOVSX	EAX,WORD [4086]
   237 00000162 50                              	PUSH	EAX
   238 00000163 0F BF 05 00000FF4               	MOVSX	EAX,WORD [4084]
   239 0000016A 50                              	PUSH	EAX
   240 0000016B 53                              	PUSH	EBX
   241 0000016C E8 [00000000]                   	CALL	_init_screen8
   242 00000171 57                              	PUSH	EDI
   243 00000172 E8 [00000000]                   	CALL	_sheet_alloc
   244 00000177 68 0000A500                     	PUSH	42240
   245 0000017C 68 003C0000                     	PUSH	3932160
   246 00000181 89 C6                           	MOV	ESI,EAX
   247 00000183 E8 [00000000]                   	CALL	_memman_alloc_4k
   248 00000188 6A FF                           	PUSH	-1
   249 0000018A 68 000000A5                     	PUSH	165
   250 0000018F 89 C3                           	MOV	EBX,EAX
   251 00000191 68 00000100                     	PUSH	256
   252 00000196 50                              	PUSH	EAX
   253 00000197 56                              	PUSH	ESI
   254 00000198 E8 [00000000]                   	CALL	_sheet_setbuf
   255 0000019D 83 C4 2C                        	ADD	ESP,44
   256 000001A0 6A 00                           	PUSH	0
   257 000001A2 68 [00000054]                   	PUSH	LC0
   258 000001A7 68 000000A5                     	PUSH	165
   259 000001AC 68 00000100                     	PUSH	256
   260 000001B1 53                              	PUSH	EBX
   261 000001B2 E8 00000581                     	CALL	_make_window8
   262 000001B7 6A 00                           	PUSH	0
   263 000001B9 68 00000080                     	PUSH	128
   264 000001BE 68 000000F0                     	PUSH	240
   265 000001C3 6A 1C                           	PUSH	28
   266 000001C5 6A 08                           	PUSH	8
   267 000001C7 56                              	PUSH	ESI
   268 000001C8 E8 00000792                     	CALL	_make_textbox8
   269 000001CD 83 C4 2C                        	ADD	ESP,44
   270 000001D0 E8 [00000000]                   	CALL	_task_alloc
   271 000001D5 68 00010000                     	PUSH	65536
   272 000001DA 89 C3                           	MOV	EBX,EAX
   273 000001DC 68 003C0000                     	PUSH	3932160
   274 000001E1 E8 [00000000]                   	CALL	_memman_alloc_4k
   275 000001E6 05 0000FFF8                     	ADD	EAX,65528
   276 000001EB 89 43 48                        	MOV	DWORD [72+EBX],EAX
   277 000001EE C7 43 30 [00000A95]             	MOV	DWORD [48+EBX],_console_task
   278 000001F5 C7 43 58 00000008               	MOV	DWORD [88+EBX],8
   279 000001FC C7 43 5C 00000010               	MOV	DWORD [92+EBX],16
   280 00000203 C7 43 60 00000008               	MOV	DWORD [96+EBX],8
   281 0000020A C7 43 64 00000008               	MOV	DWORD [100+EBX],8
   282 00000211 C7 43 68 00000008               	MOV	DWORD [104+EBX],8
   283 00000218 C7 43 6C 00000008               	MOV	DWORD [108+EBX],8
   284 0000021F 89 70 04                        	MOV	DWORD [4+EAX],ESI
   285 00000222 6A 02                           	PUSH	2
   286 00000224 6A 02                           	PUSH	2
   287 00000226 53                              	PUSH	EBX
   288 00000227 E8 [00000000]                   	CALL	_task_run
   289 0000022C 57                              	PUSH	EDI
   290 0000022D E8 [00000000]                   	CALL	_sheet_alloc
   291 00000232 68 00002080                     	PUSH	8320
   292 00000237 68 003C0000                     	PUSH	3932160
   293 0000023C 89 85 FFFFFC78                  	MOV	DWORD [-904+EBP],EAX
   294 00000242 E8 [00000000]                   	CALL	_memman_alloc_4k
   295 00000247 83 C4 20                        	ADD	ESP,32
   296 0000024A 89 C3                           	MOV	EBX,EAX
   297 0000024C 6A FF                           	PUSH	-1
   298 0000024E 6A 34                           	PUSH	52
   299 00000250 68 00000090                     	PUSH	144
   300 00000255 50                              	PUSH	EAX
   301 00000256 FF B5 FFFFFC78                  	PUSH	DWORD [-904+EBP]
   302 0000025C E8 [00000000]                   	CALL	_sheet_setbuf
   303 00000261 6A 01                           	PUSH	1
   304 00000263 68 [0000005C]                   	PUSH	LC1
   305 00000268 6A 34                           	PUSH	52
   306 0000026A 68 00000090                     	PUSH	144
   307 0000026F 53                              	PUSH	EBX
   308 00000270 8D 5D D4                        	LEA	EBX,DWORD [-44+EBP]
   309 00000273 E8 000004C0                     	CALL	_make_window8
   310 00000278 83 C4 28                        	ADD	ESP,40
   311 0000027B 6A 07                           	PUSH	7
   312 0000027D 6A 10                           	PUSH	16
   313 0000027F 68 00000080                     	PUSH	128
   314 00000284 6A 1C                           	PUSH	28
   315 00000286 6A 08                           	PUSH	8
   316 00000288 FF B5 FFFFFC78                  	PUSH	DWORD [-904+EBP]
   317 0000028E E8 000006CC                     	CALL	_make_textbox8
   318 00000293 C7 85 FFFFFC8C 00000008         	MOV	DWORD [-884+EBP],8
   319 0000029D C7 85 FFFFFC88 00000007         	MOV	DWORD [-888+EBP],7
   320 000002A7 E8 [00000000]                   	CALL	_timer_alloc
   321 000002AC 6A 01                           	PUSH	1
   322 000002AE 53                              	PUSH	EBX
   323 000002AF 8D 9D FFFFFC94                  	LEA	EBX,DWORD [-876+EBP]
   324 000002B5 50                              	PUSH	EAX
   325 000002B6 89 85 FFFFFC70                  	MOV	DWORD [-912+EBP],EAX
   326 000002BC E8 [00000000]                   	CALL	_timer_init
   327 000002C1 83 C4 24                        	ADD	ESP,36
   328 000002C4 6A 32                           	PUSH	50
   329 000002C6 FF B5 FFFFFC70                  	PUSH	DWORD [-912+EBP]
   330 000002CC E8 [00000000]                   	CALL	_timer_settime
   331 000002D1 57                              	PUSH	EDI
   332 000002D2 E8 [00000000]                   	CALL	_sheet_alloc
   333 000002D7 6A 63                           	PUSH	99
   334 000002D9 6A 10                           	PUSH	16
   335 000002DB 6A 10                           	PUSH	16
   336 000002DD 89 85 FFFFFC7C                  	MOV	DWORD [-900+EBP],EAX
   337 000002E3 53                              	PUSH	EBX
   338 000002E4 50                              	PUSH	EAX
   339 000002E5 E8 [00000000]                   	CALL	_sheet_setbuf
   340 000002EA 83 C4 20                        	ADD	ESP,32
   341 000002ED 6A 63                           	PUSH	99
   342 000002EF 53                              	PUSH	EBX
   343 000002F0 BB 00000002                     	MOV	EBX,2
   344 000002F5 E8 [00000000]                   	CALL	_init_mouse_cursor8
   345 000002FA 0F BF 05 00000FF4               	MOVSX	EAX,WORD [4084]
   346 00000301 8D 48 F0                        	LEA	ECX,DWORD [-16+EAX]
   347 00000304 89 C8                           	MOV	EAX,ECX
   348 00000306 99                              	CDQ
   349 00000307 F7 FB                           	IDIV	EBX
   350 00000309 89 85 FFFFFC90                  	MOV	DWORD [-880+EBP],EAX
   351 0000030F 0F BF 05 00000FF6               	MOVSX	EAX,WORD [4086]
   352 00000316 6A 00                           	PUSH	0
   353 00000318 8D 48 D4                        	LEA	ECX,DWORD [-44+EAX]
   354 0000031B 6A 00                           	PUSH	0
   355 0000031D 89 C8                           	MOV	EAX,ECX
   356 0000031F 99                              	CDQ
   357 00000320 F7 FB                           	IDIV	EBX
   358 00000322 FF B5 FFFFFC80                  	PUSH	DWORD [-896+EBP]
   359 00000328 89 C7                           	MOV	EDI,EAX
   360 0000032A 8D 5D A4                        	LEA	EBX,DWORD [-92+EBP]
   361 0000032D E8 [00000000]                   	CALL	_sheet_slide
   362 00000332 6A 04                           	PUSH	4
   363 00000334 6A 20                           	PUSH	32
   364 00000336 56                              	PUSH	ESI
   365 00000337 E8 [00000000]                   	CALL	_sheet_slide
   366 0000033C 83 C4 20                        	ADD	ESP,32
   367 0000033F 6A 38                           	PUSH	56
   368 00000341 6A 40                           	PUSH	64
   369 00000343 FF B5 FFFFFC78                  	PUSH	DWORD [-904+EBP]
   370 00000349 E8 [00000000]                   	CALL	_sheet_slide
   371 0000034E 57                              	PUSH	EDI
   372 0000034F FF B5 FFFFFC90                  	PUSH	DWORD [-880+EBP]
   373 00000355 FF B5 FFFFFC7C                  	PUSH	DWORD [-900+EBP]
   374 0000035B E8 [00000000]                   	CALL	_sheet_slide
   375 00000360 6A 00                           	PUSH	0
   376 00000362 FF B5 FFFFFC80                  	PUSH	DWORD [-896+EBP]
   377 00000368 E8 [00000000]                   	CALL	_sheet_updown
   378 0000036D 83 C4 20                        	ADD	ESP,32
   379 00000370 6A 01                           	PUSH	1
   380 00000372 56                              	PUSH	ESI
   381 00000373 E8 [00000000]                   	CALL	_sheet_updown
   382 00000378 6A 02                           	PUSH	2
   383 0000037A FF B5 FFFFFC78                  	PUSH	DWORD [-904+EBP]
   384 00000380 E8 [00000000]                   	CALL	_sheet_updown
   385 00000385 6A 03                           	PUSH	3
   386 00000387 FF B5 FFFFFC7C                  	PUSH	DWORD [-900+EBP]
   387 0000038D E8 [00000000]                   	CALL	_sheet_updown
   388 00000392 57                              	PUSH	EDI
   389 00000393 FF B5 FFFFFC90                  	PUSH	DWORD [-880+EBP]
   390 00000399 68 [00000063]                   	PUSH	LC2
   391 0000039E 53                              	PUSH	EBX
   392 0000039F E8 [00000000]                   	CALL	_sprintf
   393 000003A4 83 C4 28                        	ADD	ESP,40
   394 000003A7 6A 0A                           	PUSH	10
   395 000003A9 53                              	PUSH	EBX
   396 000003AA 6A 0E                           	PUSH	14
   397 000003AC 6A 07                           	PUSH	7
   398 000003AE 6A 00                           	PUSH	0
   399 000003B0 6A 00                           	PUSH	0
   400 000003B2 FF B5 FFFFFC80                  	PUSH	DWORD [-896+EBP]
   401 000003B8 E8 0000051B                     	CALL	_putfonts8_asc_sht
   402 000003BD 68 003C0000                     	PUSH	3932160
   403 000003C2 E8 [00000000]                   	CALL	_memman_total
   404 000003C7 C1 AD FFFFFC84 14               	SHR	DWORD [-892+EBP],20
   405 000003CE C1 E8 0A                        	SHR	EAX,10
   406 000003D1 89 04 24                        	MOV	DWORD [ESP],EAX
   407 000003D4 FF B5 FFFFFC84                  	PUSH	DWORD [-892+EBP]
   408 000003DA 68 [0000006E]                   	PUSH	LC3
   409 000003DF 53                              	PUSH	EBX
   410 000003E0 E8 [00000000]                   	CALL	_sprintf
   411 000003E5 83 C4 2C                        	ADD	ESP,44
   412 000003E8 6A 28                           	PUSH	40
   413 000003EA 53                              	PUSH	EBX
   414 000003EB 6A 0E                           	PUSH	14
   415 000003ED 6A 07                           	PUSH	7
   416 000003EF 6A 20                           	PUSH	32
   417 000003F1 6A 00                           	PUSH	0
   418 000003F3 FF B5 FFFFFC80                  	PUSH	DWORD [-896+EBP]
   419 000003F9 E8 000004DA                     	CALL	_putfonts8_asc_sht
   420 000003FE 83 C4 1C                        	ADD	ESP,28
   421 00000401                                 L2:
   422 00000401 8D 75 D4                        	LEA	ESI,DWORD [-44+EBP]
   423 00000404 E8 [00000000]                   	CALL	_io_cli
   424 00000409 56                              	PUSH	ESI
   425 0000040A E8 [00000000]                   	CALL	_fifo32_status
   426 0000040F 5B                              	POP	EBX
   427 00000410 85 C0                           	TEST	EAX,EAX
   428 00000412 0F 84 0000030A                  	JE	L27
   429 00000418 56                              	PUSH	ESI
   430 00000419 E8 [00000000]                   	CALL	_fifo32_get
   431 0000041E 89 C3                           	MOV	EBX,EAX
   432 00000420 E8 [00000000]                   	CALL	_io_sti
   433 00000425 5A                              	POP	EDX
   434 00000426 8D 83 FFFFFF00                  	LEA	EAX,DWORD [-256+EBX]
   435 0000042C 3D 000000FF                     	CMP	EAX,255
   436 00000431 0F 86 000001F3                  	JBE	L28
   437 00000437 8D 83 FFFFFE00                  	LEA	EAX,DWORD [-512+EBX]
   438 0000043D 3D 000000FF                     	CMP	EAX,255
   439 00000442 0F 86 000000A2                  	JBE	L29
   440 00000448 83 FB 01                        	CMP	EBX,1
   441 0000044B 7F B4                           	JG	L2
   442 0000044D 85 DB                           	TEST	EBX,EBX
   443 0000044F 74 7C                           	JE	L24
   444 00000451 6A 00                           	PUSH	0
   445 00000453 56                              	PUSH	ESI
   446 00000454 FF B5 FFFFFC70                  	PUSH	DWORD [-912+EBP]
   447 0000045A E8 [00000000]                   	CALL	_timer_init
   448 0000045F C7 85 FFFFFC88 00000000         	MOV	DWORD [-888+EBP],0
   449 00000469                                 L26:
   450 00000469 83 C4 0C                        	ADD	ESP,12
   451 0000046C 6A 32                           	PUSH	50
   452 0000046E FF B5 FFFFFC70                  	PUSH	DWORD [-912+EBP]
   453 00000474 E8 [00000000]                   	CALL	_timer_settime
   454 00000479 8B 95 FFFFFC78                  	MOV	EDX,DWORD [-904+EBP]
   455 0000047F 8B 85 FFFFFC8C                  	MOV	EAX,DWORD [-884+EBP]
   456 00000485 6A 2B                           	PUSH	43
   457 00000487 83 C0 07                        	ADD	EAX,7
   458 0000048A 50                              	PUSH	EAX
   459 0000048B 6A 1C                           	PUSH	28
   460 0000048D FF B5 FFFFFC8C                  	PUSH	DWORD [-884+EBP]
   461 00000493 FF B5 FFFFFC88                  	PUSH	DWORD [-888+EBP]
   462 00000499 FF 72 04                        	PUSH	DWORD [4+EDX]
   463 0000049C FF 32                           	PUSH	DWORD [EDX]
   464 0000049E E8 [00000000]                   	CALL	_boxfill8
   465 000004A3 8B 85 FFFFFC8C                  	MOV	EAX,DWORD [-884+EBP]
   466 000004A9 83 C4 24                        	ADD	ESP,36
   467 000004AC 83 C0 08                        	ADD	EAX,8
   468 000004AF 6A 2C                           	PUSH	44
   469 000004B1 50                              	PUSH	EAX
   470 000004B2 6A 1C                           	PUSH	28
   471 000004B4 FF B5 FFFFFC8C                  	PUSH	DWORD [-884+EBP]
   472 000004BA FF B5 FFFFFC78                  	PUSH	DWORD [-904+EBP]
   473 000004C0 E8 [00000000]                   	CALL	_sheet_refresh
   474 000004C5 83 C4 14                        	ADD	ESP,20
   475 000004C8 E9 FFFFFF34                     	JMP	L2
   476 000004CD                                 L24:
   477 000004CD 6A 01                           	PUSH	1
   478 000004CF 56                              	PUSH	ESI
   479 000004D0 FF B5 FFFFFC70                  	PUSH	DWORD [-912+EBP]
   480 000004D6 E8 [00000000]                   	CALL	_timer_init
   481 000004DB C7 85 FFFFFC88 00000007         	MOV	DWORD [-888+EBP],7
   482 000004E5 E9 FFFFFF7F                     	JMP	L26
   483 000004EA                                 L29:
   484 000004EA 0F B6 C3                        	MOVZX	EAX,BL
   485 000004ED 50                              	PUSH	EAX
   486 000004EE 8D 85 FFFFFD94                  	LEA	EAX,DWORD [-620+EBP]
   487 000004F4 50                              	PUSH	EAX
   488 000004F5 E8 [00000000]                   	CALL	_mouse_decode
   489 000004FA 5A                              	POP	EDX
   490 000004FB 59                              	POP	ECX
   491 000004FC 85 C0                           	TEST	EAX,EAX
   492 000004FE 0F 84 FFFFFEFD                  	JE	L2
   493 00000504 FF B5 FFFFFD9C                  	PUSH	DWORD [-612+EBP]
   494 0000050A FF B5 FFFFFD98                  	PUSH	DWORD [-616+EBP]
   495 00000510 68 [00000088]                   	PUSH	LC6
   496 00000515 8D 5D A4                        	LEA	EBX,DWORD [-92+EBP]
   497 00000518 53                              	PUSH	EBX
   498 00000519 E8 [00000000]                   	CALL	_sprintf
   499 0000051E 83 C4 10                        	ADD	ESP,16
   500 00000521 8B 85 FFFFFDA0                  	MOV	EAX,DWORD [-608+EBP]
   501 00000527 A9 00000001                     	TEST	EAX,1
   502 0000052C 74 04                           	JE	L14
   503 0000052E C6 45 A5 4C                     	MOV	BYTE [-91+EBP],76
   504 00000532                                 L14:
   505 00000532 A9 00000002                     	TEST	EAX,2
   506 00000537 74 04                           	JE	L15
   507 00000539 C6 45 A7 52                     	MOV	BYTE [-89+EBP],82
   508 0000053D                                 L15:
   509 0000053D 83 E0 04                        	AND	EAX,4
   510 00000540 74 04                           	JE	L16
   511 00000542 C6 45 A6 43                     	MOV	BYTE [-90+EBP],67
   512 00000546                                 L16:
   513 00000546 6A 0F                           	PUSH	15
   514 00000548 53                              	PUSH	EBX
   515 00000549 6A 0E                           	PUSH	14
   516 0000054B 6A 07                           	PUSH	7
   517 0000054D 6A 10                           	PUSH	16
   518 0000054F 6A 20                           	PUSH	32
   519 00000551 FF B5 FFFFFC80                  	PUSH	DWORD [-896+EBP]
   520 00000557 E8 0000037C                     	CALL	_putfonts8_asc_sht
   521 0000055C 8B 85 FFFFFD98                  	MOV	EAX,DWORD [-616+EBP]
   522 00000562 03 BD FFFFFD9C                  	ADD	EDI,DWORD [-612+EBP]
   523 00000568 83 C4 1C                        	ADD	ESP,28
   524 0000056B 01 85 FFFFFC90                  	ADD	DWORD [-880+EBP],EAX
   525 00000571 0F 88 000000A4                  	JS	L30
   526 00000577                                 L17:
   527 00000577 85 FF                           	TEST	EDI,EDI
   528 00000579 0F 88 00000095                  	JS	L31
   529 0000057F                                 L18:
   530 0000057F 0F BF 05 00000FF4               	MOVSX	EAX,WORD [4084]
   531 00000586 48                              	DEC	EAX
   532 00000587 39 85 FFFFFC90                  	CMP	DWORD [-880+EBP],EAX
   533 0000058D 7E 06                           	JLE	L19
   534 0000058F 89 85 FFFFFC90                  	MOV	DWORD [-880+EBP],EAX
   535 00000595                                 L19:
   536 00000595 0F BF 05 00000FF6               	MOVSX	EAX,WORD [4086]
   537 0000059C 48                              	DEC	EAX
   538 0000059D 39 C7                           	CMP	EDI,EAX
   539 0000059F 7E 02                           	JLE	L20
   540 000005A1 89 C7                           	MOV	EDI,EAX
   541 000005A3                                 L20:
   542 000005A3 57                              	PUSH	EDI
   543 000005A4 FF B5 FFFFFC90                  	PUSH	DWORD [-880+EBP]
   544 000005AA 68 [00000063]                   	PUSH	LC2
   545 000005AF 53                              	PUSH	EBX
   546 000005B0 E8 [00000000]                   	CALL	_sprintf
   547 000005B5 6A 0A                           	PUSH	10
   548 000005B7 53                              	PUSH	EBX
   549 000005B8 6A 0E                           	PUSH	14
   550 000005BA 6A 07                           	PUSH	7
   551 000005BC 6A 00                           	PUSH	0
   552 000005BE 6A 00                           	PUSH	0
   553 000005C0 FF B5 FFFFFC80                  	PUSH	DWORD [-896+EBP]
   554 000005C6 E8 0000030D                     	CALL	_putfonts8_asc_sht
   555 000005CB 83 C4 2C                        	ADD	ESP,44
   556 000005CE 57                              	PUSH	EDI
   557 000005CF FF B5 FFFFFC90                  	PUSH	DWORD [-880+EBP]
   558 000005D5 FF B5 FFFFFC7C                  	PUSH	DWORD [-900+EBP]
   559 000005DB E8 [00000000]                   	CALL	_sheet_slide
   560 000005E0 83 C4 0C                        	ADD	ESP,12
   561 000005E3 F7 85 FFFFFDA0 00000001         	TEST	DWORD [-608+EBP],1
   562 000005ED 0F 84 FFFFFE0E                  	JE	L2
   563 000005F3 8D 47 F8                        	LEA	EAX,DWORD [-8+EDI]
   564 000005F6 50                              	PUSH	EAX
   565 000005F7 8B 85 FFFFFC90                  	MOV	EAX,DWORD [-880+EBP]
   566 000005FD 83 E8 50                        	SUB	EAX,80
   567 00000600 50                              	PUSH	EAX
   568 00000601 FF B5 FFFFFC78                  	PUSH	DWORD [-904+EBP]
   569 00000607 E8 [00000000]                   	CALL	_sheet_slide
   570 0000060C 83 C4 0C                        	ADD	ESP,12
   571 0000060F E9 FFFFFDED                     	JMP	L2
   572 00000614                                 L31:
   573 00000614 31 FF                           	XOR	EDI,EDI
   574 00000616 E9 FFFFFF64                     	JMP	L18
   575 0000061B                                 L30:
   576 0000061B C7 85 FFFFFC90 00000000         	MOV	DWORD [-880+EBP],0
   577 00000625 E9 FFFFFF4D                     	JMP	L17
   578 0000062A                                 L28:
   579 0000062A 50                              	PUSH	EAX
   580 0000062B 8D 75 A4                        	LEA	ESI,DWORD [-92+EBP]
   581 0000062E 68 [00000096]                   	PUSH	LC4
   582 00000633 56                              	PUSH	ESI
   583 00000634 E8 [00000000]                   	CALL	_sprintf
   584 00000639 6A 02                           	PUSH	2
   585 0000063B 56                              	PUSH	ESI
   586 0000063C 6A 0E                           	PUSH	14
   587 0000063E 6A 07                           	PUSH	7
   588 00000640 6A 10                           	PUSH	16
   589 00000642 6A 00                           	PUSH	0
   590 00000644 FF B5 FFFFFC80                  	PUSH	DWORD [-896+EBP]
   591 0000064A E8 00000289                     	CALL	_putfonts8_asc_sht
   592 0000064F 83 C4 28                        	ADD	ESP,40
   593 00000652 81 FB 00000153                  	CMP	EBX,339
   594 00000658 7F 3E                           	JG	L8
   595 0000065A 8A 83 [FFFFFF00]                	MOV	AL,BYTE [_keytable.0-256+EBX]
   596 00000660 84 C0                           	TEST	AL,AL
   597 00000662 74 34                           	JE	L8
   598 00000664 83 BD FFFFFC8C 7F               	CMP	DWORD [-884+EBP],127
   599 0000066B 7F 2B                           	JG	L8
   600 0000066D 6A 01                           	PUSH	1
   601 0000066F 88 45 A4                        	MOV	BYTE [-92+EBP],AL
   602 00000672 56                              	PUSH	ESI
   603 00000673 6A 07                           	PUSH	7
   604 00000675 6A 00                           	PUSH	0
   605 00000677 6A 1C                           	PUSH	28
   606 00000679 FF B5 FFFFFC8C                  	PUSH	DWORD [-884+EBP]
   607 0000067F FF B5 FFFFFC78                  	PUSH	DWORD [-904+EBP]
   608 00000685 C6 45 A5 00                     	MOV	BYTE [-91+EBP],0
   609 00000689 E8 0000024A                     	CALL	_putfonts8_asc_sht
   610 0000068E 83 C4 1C                        	ADD	ESP,28
   611 00000691 83 85 FFFFFC8C 08               	ADD	DWORD [-884+EBP],8
   612 00000698                                 L8:
   613 00000698 81 FB 0000010E                  	CMP	EBX,270
   614 0000069E 74 4C                           	JE	L32
   615 000006A0                                 L10:
   616 000006A0 8B 85 FFFFFC8C                  	MOV	EAX,DWORD [-884+EBP]
   617 000006A6 6A 2B                           	PUSH	43
   618 000006A8 83 C0 07                        	ADD	EAX,7
   619 000006AB 8B 9D FFFFFC78                  	MOV	EBX,DWORD [-904+EBP]
   620 000006B1 50                              	PUSH	EAX
   621 000006B2 6A 1C                           	PUSH	28
   622 000006B4 FF B5 FFFFFC8C                  	PUSH	DWORD [-884+EBP]
   623 000006BA FF B5 FFFFFC88                  	PUSH	DWORD [-888+EBP]
   624 000006C0 FF 73 04                        	PUSH	DWORD [4+EBX]
   625 000006C3 FF 33                           	PUSH	DWORD [EBX]
   626 000006C5 E8 [00000000]                   	CALL	_boxfill8
   627 000006CA 8B 85 FFFFFC8C                  	MOV	EAX,DWORD [-884+EBP]
   628 000006D0 6A 2C                           	PUSH	44
   629 000006D2 83 C0 08                        	ADD	EAX,8
   630 000006D5 50                              	PUSH	EAX
   631 000006D6 6A 1C                           	PUSH	28
   632 000006D8 FF B5 FFFFFC8C                  	PUSH	DWORD [-884+EBP]
   633 000006DE 53                              	PUSH	EBX
   634 000006DF E8 [00000000]                   	CALL	_sheet_refresh
   635 000006E4 83 C4 30                        	ADD	ESP,48
   636 000006E7 E9 FFFFFD15                     	JMP	L2
   637 000006EC                                 L32:
   638 000006EC 83 BD FFFFFC8C 08               	CMP	DWORD [-884+EBP],8
   639 000006F3 7E AB                           	JLE	L10
   640 000006F5 6A 01                           	PUSH	1
   641 000006F7 68 [0000009B]                   	PUSH	LC5
   642 000006FC 6A 07                           	PUSH	7
   643 000006FE 6A 00                           	PUSH	0
   644 00000700 6A 1C                           	PUSH	28
   645 00000702 FF B5 FFFFFC8C                  	PUSH	DWORD [-884+EBP]
   646 00000708 FF B5 FFFFFC78                  	PUSH	DWORD [-904+EBP]
   647 0000070E E8 000001C5                     	CALL	_putfonts8_asc_sht
   648 00000713 83 C4 1C                        	ADD	ESP,28
   649 00000716 83 AD FFFFFC8C 08               	SUB	DWORD [-884+EBP],8
   650 0000071D E9 FFFFFF7E                     	JMP	L10
   651 00000722                                 L27:
   652 00000722 FF B5 FFFFFC74                  	PUSH	DWORD [-908+EBP]
   653 00000728 E8 [00000000]                   	CALL	_task_sleep
   654 0000072D E8 [00000000]                   	CALL	_io_sti
   655 00000732 59                              	POP	ECX
   656 00000733 E9 FFFFFCC9                     	JMP	L2
   657                                          [SECTION .data]
   658 0000009D                                 _closebtn.1:
   659 0000009D 4F 4F 4F 4F 4F 4F 4F 4F 4F 4F   	DB	"OOOOOOOOOOOOOOO@"
       000000A7 4F 4F 4F 4F 4F 40 
   660 000000AD 4F 51 51 51 51 51 51 51 51 51   	DB	"OQQQQQQQQQQQQQ$@"
       000000B7 51 51 51 51 24 40 
   661 000000BD 4F 51 51 51 51 51 51 51 51 51   	DB	"OQQQQQQQQQQQQQ$@"
       000000C7 51 51 51 51 24 40 
   662 000000CD 4F 51 51 51 40 40 51 51 51 51   	DB	"OQQQ@@QQQQ@@QQ$@"
       000000D7 40 40 51 51 24 40 
   663 000000DD 4F 51 51 51 51 40 40 51 51 40   	DB	"OQQQQ@@QQ@@QQQ$@"
       000000E7 40 51 51 51 24 40 
   664 000000ED 4F 51 51 51 51 51 40 40 40 40   	DB	"OQQQQQ@@@@QQQQ$@"
       000000F7 51 51 51 51 24 40 
   665 000000FD 4F 51 51 51 51 51 51 40 40 51   	DB	"OQQQQQQ@@QQQQQ$@"
       00000107 51 51 51 51 24 40 
   666 0000010D 4F 51 51 51 51 51 40 40 40 40   	DB	"OQQQQQ@@@@QQQQ$@"
       00000117 51 51 51 51 24 40 
   667 0000011D 4F 51 51 51 51 40 40 51 51 40   	DB	"OQQQQ@@QQ@@QQQ$@"
       00000127 40 51 51 51 24 40 
   668 0000012D 4F 51 51 51 40 40 51 51 51 51   	DB	"OQQQ@@QQQQ@@QQ$@"
       00000137 40 40 51 51 24 40 
   669 0000013D 4F 51 51 51 51 51 51 51 51 51   	DB	"OQQQQQQQQQQQQQ$@"
       00000147 51 51 51 51 24 40 
   670 0000014D 4F 51 51 51 51 51 51 51 51 51   	DB	"OQQQQQQQQQQQQQ$@"
       00000157 51 51 51 51 24 40 
   671 0000015D 4F 24 24 24 24 24 24 24 24 24   	DB	"O$$$$$$$$$$$$$$@"
       00000167 24 24 24 24 24 40 
   672 0000016D 40 40 40 40 40 40 40 40 40 40   	DB	"@@@@@@@@@@@@@@@@"
       00000177 40 40 40 40 40 40 
   673                                          [SECTION .text]
   674 00000738                                 	GLOBAL	_make_window8
   675 00000738                                 _make_window8:
   676 00000738 55                              	PUSH	EBP
   677 00000739 89 E5                           	MOV	EBP,ESP
   678 0000073B 57                              	PUSH	EDI
   679 0000073C 56                              	PUSH	ESI
   680 0000073D 53                              	PUSH	EBX
   681 0000073E 83 EC 0C                        	SUB	ESP,12
   682 00000741 80 7D 18 00                     	CMP	BYTE [24+EBP],0
   683 00000745 0F 84 00000180                  	JE	L34
   684 0000074B C6 45 EF 07                     	MOV	BYTE [-17+EBP],7
   685 0000074F C6 45 EE 0C                     	MOV	BYTE [-18+EBP],12
   686 00000753                                 L35:
   687 00000753 8B 45 0C                        	MOV	EAX,DWORD [12+EBP]
   688 00000756 6A 00                           	PUSH	0
   689 00000758 48                              	DEC	EAX
   690 00000759 50                              	PUSH	EAX
   691 0000075A 89 45 E8                        	MOV	DWORD [-24+EBP],EAX
   692 0000075D 6A 00                           	PUSH	0
   693 0000075F 6A 00                           	PUSH	0
   694 00000761 6A 08                           	PUSH	8
   695 00000763 FF 75 0C                        	PUSH	DWORD [12+EBP]
   696 00000766 FF 75 08                        	PUSH	DWORD [8+EBP]
   697 00000769 E8 [00000000]                   	CALL	_boxfill8
   698 0000076E 8B 75 0C                        	MOV	ESI,DWORD [12+EBP]
   699 00000771 6A 01                           	PUSH	1
   700 00000773 83 EE 02                        	SUB	ESI,2
   701 00000776 56                              	PUSH	ESI
   702 00000777 6A 01                           	PUSH	1
   703 00000779 6A 01                           	PUSH	1
   704 0000077B 6A 07                           	PUSH	7
   705 0000077D FF 75 0C                        	PUSH	DWORD [12+EBP]
   706 00000780 FF 75 08                        	PUSH	DWORD [8+EBP]
   707 00000783 E8 [00000000]                   	CALL	_boxfill8
   708 00000788 8B 7D 10                        	MOV	EDI,DWORD [16+EBP]
   709 0000078B 83 C4 38                        	ADD	ESP,56
   710 0000078E 4F                              	DEC	EDI
   711 0000078F 57                              	PUSH	EDI
   712 00000790 6A 00                           	PUSH	0
   713 00000792 6A 00                           	PUSH	0
   714 00000794 6A 00                           	PUSH	0
   715 00000796 6A 08                           	PUSH	8
   716 00000798 FF 75 0C                        	PUSH	DWORD [12+EBP]
   717 0000079B FF 75 08                        	PUSH	DWORD [8+EBP]
   718 0000079E E8 [00000000]                   	CALL	_boxfill8
   719 000007A3 8B 5D 10                        	MOV	EBX,DWORD [16+EBP]
   720 000007A6 83 EB 02                        	SUB	EBX,2
   721 000007A9 53                              	PUSH	EBX
   722 000007AA 6A 01                           	PUSH	1
   723 000007AC 6A 01                           	PUSH	1
   724 000007AE 6A 01                           	PUSH	1
   725 000007B0 6A 07                           	PUSH	7
   726 000007B2 FF 75 0C                        	PUSH	DWORD [12+EBP]
   727 000007B5 FF 75 08                        	PUSH	DWORD [8+EBP]
   728 000007B8 E8 [00000000]                   	CALL	_boxfill8
   729 000007BD 83 C4 38                        	ADD	ESP,56
   730 000007C0 53                              	PUSH	EBX
   731 000007C1 56                              	PUSH	ESI
   732 000007C2 6A 01                           	PUSH	1
   733 000007C4 56                              	PUSH	ESI
   734 000007C5 6A 0F                           	PUSH	15
   735 000007C7 FF 75 0C                        	PUSH	DWORD [12+EBP]
   736 000007CA FF 75 08                        	PUSH	DWORD [8+EBP]
   737 000007CD E8 [00000000]                   	CALL	_boxfill8
   738 000007D2 57                              	PUSH	EDI
   739 000007D3 FF 75 E8                        	PUSH	DWORD [-24+EBP]
   740 000007D6 6A 00                           	PUSH	0
   741 000007D8 FF 75 E8                        	PUSH	DWORD [-24+EBP]
   742 000007DB 6A 00                           	PUSH	0
   743 000007DD FF 75 0C                        	PUSH	DWORD [12+EBP]
   744 000007E0 FF 75 08                        	PUSH	DWORD [8+EBP]
   745 000007E3 E8 [00000000]                   	CALL	_boxfill8
   746 000007E8 8B 45 10                        	MOV	EAX,DWORD [16+EBP]
   747 000007EB 83 C4 38                        	ADD	ESP,56
   748 000007EE 83 E8 03                        	SUB	EAX,3
   749 000007F1 50                              	PUSH	EAX
   750 000007F2 8B 45 0C                        	MOV	EAX,DWORD [12+EBP]
   751 000007F5 83 E8 03                        	SUB	EAX,3
   752 000007F8 50                              	PUSH	EAX
   753 000007F9 6A 02                           	PUSH	2
   754 000007FB 6A 02                           	PUSH	2
   755 000007FD 6A 08                           	PUSH	8
   756 000007FF FF 75 0C                        	PUSH	DWORD [12+EBP]
   757 00000802 FF 75 08                        	PUSH	DWORD [8+EBP]
   758 00000805 E8 [00000000]                   	CALL	_boxfill8
   759 0000080A 8B 45 0C                        	MOV	EAX,DWORD [12+EBP]
   760 0000080D 6A 14                           	PUSH	20
   761 0000080F 83 E8 04                        	SUB	EAX,4
   762 00000812 50                              	PUSH	EAX
   763 00000813 6A 03                           	PUSH	3
   764 00000815 6A 03                           	PUSH	3
   765 00000817 0F B6 45 EE                     	MOVZX	EAX,BYTE [-18+EBP]
   766 0000081B 50                              	PUSH	EAX
   767 0000081C FF 75 0C                        	PUSH	DWORD [12+EBP]
   768 0000081F FF 75 08                        	PUSH	DWORD [8+EBP]
   769 00000822 E8 [00000000]                   	CALL	_boxfill8
   770 00000827 83 C4 38                        	ADD	ESP,56
   771 0000082A 53                              	PUSH	EBX
   772 0000082B 56                              	PUSH	ESI
   773 0000082C 53                              	PUSH	EBX
   774 0000082D 6A 01                           	PUSH	1
   775 0000082F 6A 0F                           	PUSH	15
   776 00000831 FF 75 0C                        	PUSH	DWORD [12+EBP]
   777 00000834 FF 75 08                        	PUSH	DWORD [8+EBP]
   778 00000837 E8 [00000000]                   	CALL	_boxfill8
   779 0000083C 57                              	PUSH	EDI
   780 0000083D FF 75 E8                        	PUSH	DWORD [-24+EBP]
   781 00000840 57                              	PUSH	EDI
   782 00000841 31 FF                           	XOR	EDI,EDI
   783 00000843 6A 00                           	PUSH	0
   784 00000845 6A 00                           	PUSH	0
   785 00000847 FF 75 0C                        	PUSH	DWORD [12+EBP]
   786 0000084A FF 75 08                        	PUSH	DWORD [8+EBP]
   787 0000084D E8 [00000000]                   	CALL	_boxfill8
   788 00000852 83 C4 38                        	ADD	ESP,56
   789 00000855 FF 75 14                        	PUSH	DWORD [20+EBP]
   790 00000858 0F BE 45 EF                     	MOVSX	EAX,BYTE [-17+EBP]
   791 0000085C 50                              	PUSH	EAX
   792 0000085D 6A 04                           	PUSH	4
   793 0000085F 6A 18                           	PUSH	24
   794 00000861 FF 75 0C                        	PUSH	DWORD [12+EBP]
   795 00000864 FF 75 08                        	PUSH	DWORD [8+EBP]
   796 00000867 E8 [00000000]                   	CALL	_putfonts8_asc
   797 0000086C 83 C4 18                        	ADD	ESP,24
   798 0000086F 6B 5D 0C 05                     	IMUL	EBX,DWORD [12+EBP],5
   799 00000873 C7 45 F0 00000000               	MOV	DWORD [-16+EBP],0
   800 0000087A                                 L51:
   801 0000087A 8B 45 0C                        	MOV	EAX,DWORD [12+EBP]
   802 0000087D 8B 55 08                        	MOV	EDX,DWORD [8+EBP]
   803 00000880 01 D8                           	ADD	EAX,EBX
   804 00000882 31 F6                           	XOR	ESI,ESI
   805 00000884 8D 4C 02 EB                     	LEA	ECX,DWORD [-21+EDX+EAX*1]
   806 00000888                                 L50:
   807 00000888 8A 94 3E [0000009D]             	MOV	DL,BYTE [_closebtn.1+ESI+EDI*1]
   808 0000088F 80 FA 40                        	CMP	DL,64
   809 00000892 74 33                           	JE	L56
   810 00000894 80 FA 24                        	CMP	DL,36
   811 00000897 74 2A                           	JE	L57
   812 00000899 80 FA 51                        	CMP	DL,81
   813 0000089C B2 08                           	MOV	DL,8
   814 0000089E 0F 95 C0                        	SETNE	AL
   815 000008A1 28 C2                           	SUB	DL,AL
   816 000008A3                                 L45:
   817 000008A3 46                              	INC	ESI
   818 000008A4 88 11                           	MOV	BYTE [ECX],DL
   819 000008A6 41                              	INC	ECX
   820 000008A7 83 FE 0F                        	CMP	ESI,15
   821 000008AA 7E DC                           	JLE	L50
   822 000008AC FF 45 F0                        	INC	DWORD [-16+EBP]
   823 000008AF 83 C7 10                        	ADD	EDI,16
   824 000008B2 03 5D 0C                        	ADD	EBX,DWORD [12+EBP]
   825 000008B5 83 7D F0 0D                     	CMP	DWORD [-16+EBP],13
   826 000008B9 7E BF                           	JLE	L51
   827 000008BB 8D 65 F4                        	LEA	ESP,DWORD [-12+EBP]
   828 000008BE 5B                              	POP	EBX
   829 000008BF 5E                              	POP	ESI
   830 000008C0 5F                              	POP	EDI
   831 000008C1 5D                              	POP	EBP
   832 000008C2 C3                              	RET
   833 000008C3                                 L57:
   834 000008C3 B2 0F                           	MOV	DL,15
   835 000008C5 EB DC                           	JMP	L45
   836 000008C7                                 L56:
   837 000008C7 31 D2                           	XOR	EDX,EDX
   838 000008C9 EB D8                           	JMP	L45
   839 000008CB                                 L34:
   840 000008CB C6 45 EF 08                     	MOV	BYTE [-17+EBP],8
   841 000008CF C6 45 EE 0F                     	MOV	BYTE [-18+EBP],15
   842 000008D3 E9 FFFFFE7B                     	JMP	L35
   843 000008D8                                 	GLOBAL	_putfonts8_asc_sht
   844 000008D8                                 _putfonts8_asc_sht:
   845 000008D8 55                              	PUSH	EBP
   846 000008D9 89 E5                           	MOV	EBP,ESP
   847 000008DB 57                              	PUSH	EDI
   848 000008DC 56                              	PUSH	ESI
   849 000008DD 53                              	PUSH	EBX
   850 000008DE 83 EC 0C                        	SUB	ESP,12
   851 000008E1 8B 45 08                        	MOV	EAX,DWORD [8+EBP]
   852 000008E4 8B 7D 10                        	MOV	EDI,DWORD [16+EBP]
   853 000008E7 89 45 F0                        	MOV	DWORD [-16+EBP],EAX
   854 000008EA 8B 5D 14                        	MOV	EBX,DWORD [20+EBP]
   855 000008ED 8B 45 0C                        	MOV	EAX,DWORD [12+EBP]
   856 000008F0 89 45 EC                        	MOV	DWORD [-20+EBP],EAX
   857 000008F3 8B 45 1C                        	MOV	EAX,DWORD [28+EBP]
   858 000008F6 89 45 E8                        	MOV	DWORD [-24+EBP],EAX
   859 000008F9 8D 47 0F                        	LEA	EAX,DWORD [15+EDI]
   860 000008FC 50                              	PUSH	EAX
   861 000008FD 8B 45 EC                        	MOV	EAX,DWORD [-20+EBP]
   862 00000900 8B 75 20                        	MOV	ESI,DWORD [32+EBP]
   863 00000903 0F BE DB                        	MOVSX	EBX,BL
   864 00000906 8D 34 F0                        	LEA	ESI,DWORD [EAX+ESI*8]
   865 00000909 8D 46 FF                        	LEA	EAX,DWORD [-1+ESI]
   866 0000090C 50                              	PUSH	EAX
   867 0000090D 57                              	PUSH	EDI
   868 0000090E FF 75 EC                        	PUSH	DWORD [-20+EBP]
   869 00000911 0F B6 45 18                     	MOVZX	EAX,BYTE [24+EBP]
   870 00000915 50                              	PUSH	EAX
   871 00000916 8B 45 F0                        	MOV	EAX,DWORD [-16+EBP]
   872 00000919 FF 70 04                        	PUSH	DWORD [4+EAX]
   873 0000091C FF 30                           	PUSH	DWORD [EAX]
   874 0000091E E8 [00000000]                   	CALL	_boxfill8
   875 00000923 FF 75 E8                        	PUSH	DWORD [-24+EBP]
   876 00000926 53                              	PUSH	EBX
   877 00000927 57                              	PUSH	EDI
   878 00000928 FF 75 EC                        	PUSH	DWORD [-20+EBP]
   879 0000092B 8B 45 F0                        	MOV	EAX,DWORD [-16+EBP]
   880 0000092E FF 70 04                        	PUSH	DWORD [4+EAX]
   881 00000931 FF 30                           	PUSH	DWORD [EAX]
   882 00000933 E8 [00000000]                   	CALL	_putfonts8_asc
   883 00000938 89 7D 10                        	MOV	DWORD [16+EBP],EDI
   884 0000093B 8D 47 10                        	LEA	EAX,DWORD [16+EDI]
   885 0000093E 89 75 14                        	MOV	DWORD [20+EBP],ESI
   886 00000941 89 45 18                        	MOV	DWORD [24+EBP],EAX
   887 00000944 83 C4 34                        	ADD	ESP,52
   888 00000947 8B 45 EC                        	MOV	EAX,DWORD [-20+EBP]
   889 0000094A 89 45 0C                        	MOV	DWORD [12+EBP],EAX
   890 0000094D 8B 45 F0                        	MOV	EAX,DWORD [-16+EBP]
   891 00000950 89 45 08                        	MOV	DWORD [8+EBP],EAX
   892 00000953 8D 65 F4                        	LEA	ESP,DWORD [-12+EBP]
   893 00000956 5B                              	POP	EBX
   894 00000957 5E                              	POP	ESI
   895 00000958 5F                              	POP	EDI
   896 00000959 5D                              	POP	EBP
   897 0000095A E9 [00000000]                   	JMP	_sheet_refresh
   898 0000095F                                 	GLOBAL	_make_textbox8
   899 0000095F                                 _make_textbox8:
   900 0000095F 55                              	PUSH	EBP
   901 00000960 89 E5                           	MOV	EBP,ESP
   902 00000962 57                              	PUSH	EDI
   903 00000963 56                              	PUSH	ESI
   904 00000964 53                              	PUSH	EBX
   905 00000965 83 EC 14                        	SUB	ESP,20
   906 00000968 8B 45 0C                        	MOV	EAX,DWORD [12+EBP]
   907 0000096B 8B 75 10                        	MOV	ESI,DWORD [16+EBP]
   908 0000096E 03 45 14                        	ADD	EAX,DWORD [20+EBP]
   909 00000971 83 EE 03                        	SUB	ESI,3
   910 00000974 56                              	PUSH	ESI
   911 00000975 89 45 F0                        	MOV	DWORD [-16+EBP],EAX
   912 00000978 8B 45 10                        	MOV	EAX,DWORD [16+EBP]
   913 0000097B 03 45 18                        	ADD	EAX,DWORD [24+EBP]
   914 0000097E 89 45 EC                        	MOV	DWORD [-20+EBP],EAX
   915 00000981 8B 45 F0                        	MOV	EAX,DWORD [-16+EBP]
   916 00000984 40                              	INC	EAX
   917 00000985 50                              	PUSH	EAX
   918 00000986 89 45 E8                        	MOV	DWORD [-24+EBP],EAX
   919 00000989 8B 45 0C                        	MOV	EAX,DWORD [12+EBP]
   920 0000098C 56                              	PUSH	ESI
   921 0000098D 83 E8 02                        	SUB	EAX,2
   922 00000990 50                              	PUSH	EAX
   923 00000991 89 45 E4                        	MOV	DWORD [-28+EBP],EAX
   924 00000994 8B 45 08                        	MOV	EAX,DWORD [8+EBP]
   925 00000997 6A 0F                           	PUSH	15
   926 00000999 FF 70 04                        	PUSH	DWORD [4+EAX]
   927 0000099C FF 30                           	PUSH	DWORD [EAX]
   928 0000099E E8 [00000000]                   	CALL	_boxfill8
   929 000009A3 8B 7D 0C                        	MOV	EDI,DWORD [12+EBP]
   930 000009A6 8B 45 EC                        	MOV	EAX,DWORD [-20+EBP]
   931 000009A9 83 EF 03                        	SUB	EDI,3
   932 000009AC 40                              	INC	EAX
   933 000009AD 50                              	PUSH	EAX
   934 000009AE 89 45 E0                        	MOV	DWORD [-32+EBP],EAX
   935 000009B1 57                              	PUSH	EDI
   936 000009B2 8B 45 08                        	MOV	EAX,DWORD [8+EBP]
   937 000009B5 56                              	PUSH	ESI
   938 000009B6 57                              	PUSH	EDI
   939 000009B7 6A 0F                           	PUSH	15
   940 000009B9 FF 70 04                        	PUSH	DWORD [4+EAX]
   941 000009BC FF 30                           	PUSH	DWORD [EAX]
   942 000009BE E8 [00000000]                   	CALL	_boxfill8
   943 000009C3 8B 45 08                        	MOV	EAX,DWORD [8+EBP]
   944 000009C6 83 C4 38                        	ADD	ESP,56
   945 000009C9 8B 5D EC                        	MOV	EBX,DWORD [-20+EBP]
   946 000009CC 83 C3 02                        	ADD	EBX,2
   947 000009CF 53                              	PUSH	EBX
   948 000009D0 FF 75 E8                        	PUSH	DWORD [-24+EBP]
   949 000009D3 53                              	PUSH	EBX
   950 000009D4 57                              	PUSH	EDI
   951 000009D5 6A 07                           	PUSH	7
   952 000009D7 FF 70 04                        	PUSH	DWORD [4+EAX]
   953 000009DA FF 30                           	PUSH	DWORD [EAX]
   954 000009DC E8 [00000000]                   	CALL	_boxfill8
   955 000009E1 8B 45 F0                        	MOV	EAX,DWORD [-16+EBP]
   956 000009E4 53                              	PUSH	EBX
   957 000009E5 83 C0 02                        	ADD	EAX,2
   958 000009E8 50                              	PUSH	EAX
   959 000009E9 56                              	PUSH	ESI
   960 000009EA 50                              	PUSH	EAX
   961 000009EB 8B 45 08                        	MOV	EAX,DWORD [8+EBP]
   962 000009EE 6A 07                           	PUSH	7
   963 000009F0 FF 70 04                        	PUSH	DWORD [4+EAX]
   964 000009F3 FF 30                           	PUSH	DWORD [EAX]
   965 000009F5 E8 [00000000]                   	CALL	_boxfill8
   966 000009FA 8B 45 08                        	MOV	EAX,DWORD [8+EBP]
   967 000009FD 83 C4 38                        	ADD	ESP,56
   968 00000A00 8B 5D 10                        	MOV	EBX,DWORD [16+EBP]
   969 00000A03 83 EB 02                        	SUB	EBX,2
   970 00000A06 8B 7D 0C                        	MOV	EDI,DWORD [12+EBP]
   971 00000A09 53                              	PUSH	EBX
   972 00000A0A 4F                              	DEC	EDI
   973 00000A0B FF 75 F0                        	PUSH	DWORD [-16+EBP]
   974 00000A0E 53                              	PUSH	EBX
   975 00000A0F 57                              	PUSH	EDI
   976 00000A10 6A 00                           	PUSH	0
   977 00000A12 FF 70 04                        	PUSH	DWORD [4+EAX]
   978 00000A15 FF 30                           	PUSH	DWORD [EAX]
   979 00000A17 E8 [00000000]                   	CALL	_boxfill8
   980 00000A1C 8B 45 08                        	MOV	EAX,DWORD [8+EBP]
   981 00000A1F FF 75 EC                        	PUSH	DWORD [-20+EBP]
   982 00000A22 FF 75 E4                        	PUSH	DWORD [-28+EBP]
   983 00000A25 53                              	PUSH	EBX
   984 00000A26 FF 75 E4                        	PUSH	DWORD [-28+EBP]
   985 00000A29 6A 00                           	PUSH	0
   986 00000A2B FF 70 04                        	PUSH	DWORD [4+EAX]
   987 00000A2E FF 30                           	PUSH	DWORD [EAX]
   988 00000A30 E8 [00000000]                   	CALL	_boxfill8
   989 00000A35 8B 45 08                        	MOV	EAX,DWORD [8+EBP]
   990 00000A38 83 C4 38                        	ADD	ESP,56
   991 00000A3B FF 75 E0                        	PUSH	DWORD [-32+EBP]
   992 00000A3E FF 75 F0                        	PUSH	DWORD [-16+EBP]
   993 00000A41 FF 75 E0                        	PUSH	DWORD [-32+EBP]
   994 00000A44 FF 75 E4                        	PUSH	DWORD [-28+EBP]
   995 00000A47 6A 08                           	PUSH	8
   996 00000A49 FF 70 04                        	PUSH	DWORD [4+EAX]
   997 00000A4C FF 30                           	PUSH	DWORD [EAX]
   998 00000A4E E8 [00000000]                   	CALL	_boxfill8
   999 00000A53 8B 45 08                        	MOV	EAX,DWORD [8+EBP]
  1000 00000A56 FF 75 E0                        	PUSH	DWORD [-32+EBP]
  1001 00000A59 FF 75 E8                        	PUSH	DWORD [-24+EBP]
  1002 00000A5C 53                              	PUSH	EBX
  1003 00000A5D FF 75 E8                        	PUSH	DWORD [-24+EBP]
  1004 00000A60 6A 08                           	PUSH	8
  1005 00000A62 FF 70 04                        	PUSH	DWORD [4+EAX]
  1006 00000A65 FF 30                           	PUSH	DWORD [EAX]
  1007 00000A67 E8 [00000000]                   	CALL	_boxfill8
  1008 00000A6C 8B 45 10                        	MOV	EAX,DWORD [16+EBP]
  1009 00000A6F 83 C4 38                        	ADD	ESP,56
  1010 00000A72 48                              	DEC	EAX
  1011 00000A73 FF 75 EC                        	PUSH	DWORD [-20+EBP]
  1012 00000A76 FF 75 F0                        	PUSH	DWORD [-16+EBP]
  1013 00000A79 50                              	PUSH	EAX
  1014 00000A7A 57                              	PUSH	EDI
  1015 00000A7B 0F B6 45 1C                     	MOVZX	EAX,BYTE [28+EBP]
  1016 00000A7F 50                              	PUSH	EAX
  1017 00000A80 8B 45 08                        	MOV	EAX,DWORD [8+EBP]
  1018 00000A83 FF 70 04                        	PUSH	DWORD [4+EAX]
  1019 00000A86 FF 30                           	PUSH	DWORD [EAX]
  1020 00000A88 E8 [00000000]                   	CALL	_boxfill8
  1021 00000A8D 8D 65 F4                        	LEA	ESP,DWORD [-12+EBP]
  1022 00000A90 5B                              	POP	EBX
  1023 00000A91 5E                              	POP	ESI
  1024 00000A92 5F                              	POP	EDI
  1025 00000A93 5D                              	POP	EBP
  1026 00000A94 C3                              	RET
  1027 00000A95                                 	GLOBAL	_console_task
  1028 00000A95                                 _console_task:
  1029 00000A95 55                              	PUSH	EBP
  1030 00000A96 89 E5                           	MOV	EBP,ESP
  1031 00000A98 57                              	PUSH	EDI
  1032 00000A99 56                              	PUSH	ESI
  1033 00000A9A 53                              	PUSH	EBX
  1034 00000A9B 8D 5D D4                        	LEA	EBX,DWORD [-44+EBP]
  1035 00000A9E 81 EC 00000224                  	SUB	ESP,548
  1036 00000AA4 E8 [00000000]                   	CALL	_task_now
  1037 00000AA9 50                              	PUSH	EAX
  1038 00000AAA 89 85 FFFFFDD0                  	MOV	DWORD [-560+EBP],EAX
  1039 00000AB0 8D 85 FFFFFDD4                  	LEA	EAX,DWORD [-556+EBP]
  1040 00000AB6 50                              	PUSH	EAX
  1041 00000AB7 68 00000080                     	PUSH	128
  1042 00000ABC 53                              	PUSH	EBX
  1043 00000ABD E8 [00000000]                   	CALL	_fifo32_init
  1044 00000AC2 E8 [00000000]                   	CALL	_timer_alloc
  1045 00000AC7 6A 01                           	PUSH	1
  1046 00000AC9 53                              	PUSH	EBX
  1047 00000ACA 89 C7                           	MOV	EDI,EAX
  1048 00000ACC 50                              	PUSH	EAX
  1049 00000ACD E8 [00000000]                   	CALL	_timer_init
  1050 00000AD2 6A 32                           	PUSH	50
  1051 00000AD4 57                              	PUSH	EDI
  1052 00000AD5 E8 [00000000]                   	CALL	_timer_settime
  1053 00000ADA 83 C4 24                        	ADD	ESP,36
  1054 00000ADD                                 L61:
  1055 00000ADD 8D 75 D4                        	LEA	ESI,DWORD [-44+EBP]
  1056 00000AE0 E8 [00000000]                   	CALL	_io_cli
  1057 00000AE5 56                              	PUSH	ESI
  1058 00000AE6 E8 [00000000]                   	CALL	_fifo32_status
  1059 00000AEB 5A                              	POP	EDX
  1060 00000AEC 85 C0                           	TEST	EAX,EAX
  1061 00000AEE 74 6B                           	JE	L70
  1062 00000AF0 56                              	PUSH	ESI
  1063 00000AF1 E8 [00000000]                   	CALL	_fifo32_get
  1064 00000AF6 89 C3                           	MOV	EBX,EAX
  1065 00000AF8 E8 [00000000]                   	CALL	_io_sti
  1066 00000AFD 58                              	POP	EAX
  1067 00000AFE 83 FB 01                        	CMP	EBX,1
  1068 00000B01 7F DA                           	JG	L61
  1069 00000B03 85 DB                           	TEST	EBX,EBX
  1070 00000B05 74 47                           	JE	L67
  1071 00000B07 6A 00                           	PUSH	0
  1072 00000B09 BB 00000007                     	MOV	EBX,7
  1073 00000B0E 56                              	PUSH	ESI
  1074 00000B0F 57                              	PUSH	EDI
  1075 00000B10 E8 [00000000]                   	CALL	_timer_init
  1076 00000B15                                 L69:
  1077 00000B15 83 C4 0C                        	ADD	ESP,12
  1078 00000B18 6A 32                           	PUSH	50
  1079 00000B1A 57                              	PUSH	EDI
  1080 00000B1B E8 [00000000]                   	CALL	_timer_settime
  1081 00000B20 8B 45 08                        	MOV	EAX,DWORD [8+EBP]
  1082 00000B23 6A 2B                           	PUSH	43
  1083 00000B25 6A 0F                           	PUSH	15
  1084 00000B27 6A 1C                           	PUSH	28
  1085 00000B29 6A 08                           	PUSH	8
  1086 00000B2B 53                              	PUSH	EBX
  1087 00000B2C FF 70 04                        	PUSH	DWORD [4+EAX]
  1088 00000B2F FF 30                           	PUSH	DWORD [EAX]
  1089 00000B31 E8 [00000000]                   	CALL	_boxfill8
  1090 00000B36 83 C4 24                        	ADD	ESP,36
  1091 00000B39 6A 2C                           	PUSH	44
  1092 00000B3B 6A 10                           	PUSH	16
  1093 00000B3D 6A 1C                           	PUSH	28
  1094 00000B3F 6A 08                           	PUSH	8
  1095 00000B41 FF 75 08                        	PUSH	DWORD [8+EBP]
  1096 00000B44 E8 [00000000]                   	CALL	_sheet_refresh
  1097 00000B49 83 C4 14                        	ADD	ESP,20
  1098 00000B4C EB 8F                           	JMP	L61
  1099 00000B4E                                 L67:
  1100 00000B4E 6A 01                           	PUSH	1
  1101 00000B50 31 DB                           	XOR	EBX,EBX
  1102 00000B52 56                              	PUSH	ESI
  1103 00000B53 57                              	PUSH	EDI
  1104 00000B54 E8 [00000000]                   	CALL	_timer_init
  1105 00000B59 EB BA                           	JMP	L69
  1106 00000B5B                                 L70:
  1107 00000B5B FF B5 FFFFFDD0                  	PUSH	DWORD [-560+EBP]
  1108 00000B61 E8 [00000000]                   	CALL	_task_sleep
  1109 00000B66 E8 [00000000]                   	CALL	_io_sti
  1110 00000B6B 58                              	POP	EAX
  1111 00000B6C E9 FFFFFF6C                     	JMP	L61
