     1 00000000                                 [FORMAT "WCOFF"]
     2 00000000                                 [INSTRSET "i486p"]
     3 00000000                                 [OPTIMIZE 1]
     4 00000000                                 [OPTION 1]
     5 00000000                                 [BITS 32]
     6 00000000                                 	EXTERN	_init_gdtidt
     7 00000000                                 	EXTERN	_init_pic
     8 00000000                                 	EXTERN	_io_sti
     9 00000000                                 	EXTERN	_fifo32_init
    10 00000000                                 	EXTERN	_init_pit
    11 00000000                                 	EXTERN	_init_keyboard
    12 00000000                                 	EXTERN	_enable_mouse
    13 00000000                                 	EXTERN	_io_out8
    14 00000000                                 	EXTERN	_timer_alloc
    15 00000000                                 	EXTERN	_timer_init
    16 00000000                                 	EXTERN	_timer_settime
    17 00000000                                 	EXTERN	_memtest
    18 00000000                                 	EXTERN	_memman_init
    19 00000000                                 	EXTERN	_memman_free
    20 00000000                                 	EXTERN	_init_palette
    21 00000000                                 	EXTERN	_shtctl_init
    22 00000000                                 	EXTERN	_sheet_alloc
    23 00000000                                 	EXTERN	_memman_alloc_4k
    24 00000000                                 	EXTERN	_sheet_setbuf
    25 00000000                                 	EXTERN	_init_screen8
    26 00000000                                 	EXTERN	_init_mouse_cursor8
    27 00000000                                 	EXTERN	_sheet_slide
    28 00000000                                 	EXTERN	_sheet_updown
    29 00000000                                 	EXTERN	_sprintf
    30 00000000                                 	EXTERN	_memman_total
    31 00000000                                 	EXTERN	_task_init
    32 00000000                                 	EXTERN	_task_alloc
    33 00000000                                 	EXTERN	_task_run
    34 00000000                                 	EXTERN	_io_cli
    35 00000000                                 	EXTERN	_fifo32_status
    36 00000000                                 	EXTERN	_fifo32_get
    37 00000000                                 	EXTERN	_boxfill8
    38 00000000                                 	EXTERN	_sheet_refresh
    39 00000000                                 	EXTERN	_mouse_decode
    40 00000000                                 	EXTERN	_keytable.0
    41 00000000                                 	EXTERN	_io_stihlt
    42 00000000                                 	EXTERN	_putfonts8_asc
    43 00000000                                 [FILE "bootpack.c"]
    44                                          [SECTION .data]
    45 00000000                                 _keytable.0:
    46 00000000 00                              	DB	0
    47 00000001 00                              	DB	0
    48 00000002 31                              	DB	49
    49 00000003 32                              	DB	50
    50 00000004 33                              	DB	51
    51 00000005 34                              	DB	52
    52 00000006 35                              	DB	53
    53 00000007 36                              	DB	54
    54 00000008 37                              	DB	55
    55 00000009 38                              	DB	56
    56 0000000A 39                              	DB	57
    57 0000000B 30                              	DB	48
    58 0000000C 2D                              	DB	45
    59 0000000D 5E                              	DB	94
    60 0000000E 00                              	DB	0
    61 0000000F 00                              	DB	0
    62 00000010 51                              	DB	81
    63 00000011 57                              	DB	87
    64 00000012 45                              	DB	69
    65 00000013 52                              	DB	82
    66 00000014 54                              	DB	84
    67 00000015 59                              	DB	89
    68 00000016 55                              	DB	85
    69 00000017 49                              	DB	73
    70 00000018 4F                              	DB	79
    71 00000019 50                              	DB	80
    72 0000001A 40                              	DB	64
    73 0000001B 5B                              	DB	91
    74 0000001C 00                              	DB	0
    75 0000001D 00                              	DB	0
    76 0000001E 41                              	DB	65
    77 0000001F 53                              	DB	83
    78 00000020 44                              	DB	68
    79 00000021 46                              	DB	70
    80 00000022 47                              	DB	71
    81 00000023 48                              	DB	72
    82 00000024 4A                              	DB	74
    83 00000025 4B                              	DB	75
    84 00000026 4C                              	DB	76
    85 00000027 3B                              	DB	59
    86 00000028 3A                              	DB	58
    87 00000029 00                              	DB	0
    88 0000002A 00                              	DB	0
    89 0000002B 5D                              	DB	93
    90 0000002C 5A                              	DB	90
    91 0000002D 58                              	DB	88
    92 0000002E 43                              	DB	67
    93 0000002F 56                              	DB	86
    94 00000030 42                              	DB	66
    95 00000031 4E                              	DB	78
    96 00000032 4D                              	DB	77
    97 00000033 2C                              	DB	44
    98 00000034 2E                              	DB	46
    99 00000035 2F                              	DB	47
   100 00000036 00                              	DB	0
   101 00000037 2A                              	DB	42
   102 00000038 00                              	DB	0
   103 00000039 20                              	DB	32
   104 0000003A 00                              	DB	0
   105 0000003B 00                              	DB	0
   106 0000003C 00                              	DB	0
   107 0000003D 00                              	DB	0
   108 0000003E 00                              	DB	0
   109 0000003F 00                              	DB	0
   110 00000040 00                              	DB	0
   111 00000041 00                              	DB	0
   112 00000042 00                              	DB	0
   113 00000043 00                              	DB	0
   114 00000044 00                              	DB	0
   115 00000045 00                              	DB	0
   116 00000046 00                              	DB	0
   117 00000047 37                              	DB	55
   118 00000048 38                              	DB	56
   119 00000049 39                              	DB	57
   120 0000004A 2D                              	DB	45
   121 0000004B 34                              	DB	52
   122 0000004C 35                              	DB	53
   123 0000004D 36                              	DB	54
   124 0000004E 2B                              	DB	43
   125 0000004F 31                              	DB	49
   126 00000050 32                              	DB	50
   127 00000051 33                              	DB	51
   128 00000052 30                              	DB	48
   129 00000053 2E                              	DB	46
   130 00000054                                 LC0:
   131 00000054 77 69 6E 64 6F 77 00            	DB	"window",0x00
   132 0000005B                                 LC1:
   133 0000005B 28 25 33 64 2C 20 25 33 64 29   	DB	"(%3d, %3d)",0x00
       00000065 00 
   134 00000066                                 LC2:
   135 00000066 6D 65 6D 6F 72 79 20 25 64 4D   	DB	"memory %dMB   free : %dKB",0x00
       00000070 42 20 20 20 66 72 65 65 20 3A 
       0000007A 20 25 64 4B 42 00 
   136 00000080                                 LC7:
   137 00000080 33 5B 73 65 63 5D 00            	DB	"3[sec]",0x00
   138 00000087                                 LC6:
   139 00000087 31 30 5B 73 65 63 5D 00         	DB	"10[sec]",0x00
   140 0000008F                                 LC5:
   141 0000008F 5B 6C 63 72 20 25 34 64 20 25   	DB	"[lcr %4d %4d]",0x00
       00000099 34 64 5D 00 
   142 0000009D                                 LC3:
   143 0000009D 25 30 32 58 00                  	DB	"%02X",0x00
   144 000000A2                                 LC4:
   145 000000A2 20 00                           	DB	" ",0x00
   146                                          [SECTION .text]
   147 00000000                                 	GLOBAL	_HariMain
   148 00000000                                 _HariMain:
   149 00000000 55                              	PUSH	EBP
   150 00000001 89 E5                           	MOV	EBP,ESP
   151 00000003 57                              	PUSH	EDI
   152 00000004 56                              	PUSH	ESI
   153 00000005 53                              	PUSH	EBX
   154 00000006 8D 75 D4                        	LEA	ESI,DWORD [-44+EBP]
   155 00000009 81 EC 00000388                  	SUB	ESP,904
   156 0000000F E8 [00000000]                   	CALL	_init_gdtidt
   157 00000014 E8 [00000000]                   	CALL	_init_pic
   158 00000019 E8 [00000000]                   	CALL	_io_sti
   159 0000001E 8D 85 FFFFFDA4                  	LEA	EAX,DWORD [-604+EBP]
   160 00000024 50                              	PUSH	EAX
   161 00000025 68 00000080                     	PUSH	128
   162 0000002A 56                              	PUSH	ESI
   163 0000002B E8 [00000000]                   	CALL	_fifo32_init
   164 00000030 E8 [00000000]                   	CALL	_init_pit
   165 00000035 68 00000100                     	PUSH	256
   166 0000003A 56                              	PUSH	ESI
   167 0000003B E8 [00000000]                   	CALL	_init_keyboard
   168 00000040 8D 85 FFFFFD94                  	LEA	EAX,DWORD [-620+EBP]
   169 00000046 50                              	PUSH	EAX
   170 00000047 68 00000200                     	PUSH	512
   171 0000004C 56                              	PUSH	ESI
   172 0000004D E8 [00000000]                   	CALL	_enable_mouse
   173 00000052 83 C4 20                        	ADD	ESP,32
   174 00000055 68 000000F8                     	PUSH	248
   175 0000005A 6A 21                           	PUSH	33
   176 0000005C E8 [00000000]                   	CALL	_io_out8
   177 00000061 68 000000EF                     	PUSH	239
   178 00000066 68 000000A1                     	PUSH	161
   179 0000006B E8 [00000000]                   	CALL	_io_out8
   180 00000070 E8 [00000000]                   	CALL	_timer_alloc
   181 00000075 6A 0A                           	PUSH	10
   182 00000077 56                              	PUSH	ESI
   183 00000078 89 C3                           	MOV	EBX,EAX
   184 0000007A 50                              	PUSH	EAX
   185 0000007B E8 [00000000]                   	CALL	_timer_init
   186 00000080 68 000003E8                     	PUSH	1000
   187 00000085 53                              	PUSH	EBX
   188 00000086 E8 [00000000]                   	CALL	_timer_settime
   189 0000008B 83 C4 24                        	ADD	ESP,36
   190 0000008E E8 [00000000]                   	CALL	_timer_alloc
   191 00000093 6A 03                           	PUSH	3
   192 00000095 89 C3                           	MOV	EBX,EAX
   193 00000097 56                              	PUSH	ESI
   194 00000098 50                              	PUSH	EAX
   195 00000099 E8 [00000000]                   	CALL	_timer_init
   196 0000009E 68 0000012C                     	PUSH	300
   197 000000A3 53                              	PUSH	EBX
   198 000000A4 E8 [00000000]                   	CALL	_timer_settime
   199 000000A9 E8 [00000000]                   	CALL	_timer_alloc
   200 000000AE 6A 01                           	PUSH	1
   201 000000B0 56                              	PUSH	ESI
   202 000000B1 50                              	PUSH	EAX
   203 000000B2 89 85 FFFFFC90                  	MOV	DWORD [-880+EBP],EAX
   204 000000B8 E8 [00000000]                   	CALL	_timer_init
   205 000000BD 83 C4 20                        	ADD	ESP,32
   206 000000C0 6A 32                           	PUSH	50
   207 000000C2 FF B5 FFFFFC90                  	PUSH	DWORD [-880+EBP]
   208 000000C8 E8 [00000000]                   	CALL	_timer_settime
   209 000000CD 68 BFFFFFFF                     	PUSH	-1073741825
   210 000000D2 68 00400000                     	PUSH	4194304
   211 000000D7 E8 [00000000]                   	CALL	_memtest
   212 000000DC 68 003C0000                     	PUSH	3932160
   213 000000E1 89 85 FFFFFC80                  	MOV	DWORD [-896+EBP],EAX
   214 000000E7 E8 [00000000]                   	CALL	_memman_init
   215 000000EC 68 0009E000                     	PUSH	647168
   216 000000F1 68 00001000                     	PUSH	4096
   217 000000F6 68 003C0000                     	PUSH	3932160
   218 000000FB E8 [00000000]                   	CALL	_memman_free
   219 00000100 8B 85 FFFFFC80                  	MOV	EAX,DWORD [-896+EBP]
   220 00000106 83 C4 20                        	ADD	ESP,32
   221 00000109 2D 00400000                     	SUB	EAX,4194304
   222 0000010E 50                              	PUSH	EAX
   223 0000010F 68 00400000                     	PUSH	4194304
   224 00000114 68 003C0000                     	PUSH	3932160
   225 00000119 E8 [00000000]                   	CALL	_memman_free
   226 0000011E E8 [00000000]                   	CALL	_init_palette
   227 00000123 0F BF 05 00000FF6               	MOVSX	EAX,WORD [4086]
   228 0000012A 50                              	PUSH	EAX
   229 0000012B 0F BF 05 00000FF4               	MOVSX	EAX,WORD [4084]
   230 00000132 50                              	PUSH	EAX
   231 00000133 FF 35 00000FF8                  	PUSH	DWORD [4088]
   232 00000139 68 003C0000                     	PUSH	3932160
   233 0000013E E8 [00000000]                   	CALL	_shtctl_init
   234 00000143 89 C3                           	MOV	EBX,EAX
   235 00000145 50                              	PUSH	EAX
   236 00000146 E8 [00000000]                   	CALL	_sheet_alloc
   237 0000014B 83 C4 20                        	ADD	ESP,32
   238 0000014E 53                              	PUSH	EBX
   239 0000014F 89 85 FFFFFC7C                  	MOV	DWORD [-900+EBP],EAX
   240 00000155 E8 [00000000]                   	CALL	_sheet_alloc
   241 0000015A 53                              	PUSH	EBX
   242 0000015B 8D 9D FFFFFC94                  	LEA	EBX,DWORD [-876+EBP]
   243 00000161 89 85 FFFFFC78                  	MOV	DWORD [-904+EBP],EAX
   244 00000167 E8 [00000000]                   	CALL	_sheet_alloc
   245 0000016C 0F BF 15 00000FF6               	MOVSX	EDX,WORD [4086]
   246 00000173 89 85 FFFFFC74                  	MOV	DWORD [-908+EBP],EAX
   247 00000179 0F BF 05 00000FF4               	MOVSX	EAX,WORD [4084]
   248 00000180 0F AF C2                        	IMUL	EAX,EDX
   249 00000183 50                              	PUSH	EAX
   250 00000184 68 003C0000                     	PUSH	3932160
   251 00000189 E8 [00000000]                   	CALL	_memman_alloc_4k
   252 0000018E 68 00002080                     	PUSH	8320
   253 00000193 68 003C0000                     	PUSH	3932160
   254 00000198 89 C6                           	MOV	ESI,EAX
   255 0000019A E8 [00000000]                   	CALL	_memman_alloc_4k
   256 0000019F 6A FF                           	PUSH	-1
   257 000001A1 89 C7                           	MOV	EDI,EAX
   258 000001A3 0F BF 05 00000FF6               	MOVSX	EAX,WORD [4086]
   259 000001AA 50                              	PUSH	EAX
   260 000001AB 0F BF 05 00000FF4               	MOVSX	EAX,WORD [4084]
   261 000001B2 50                              	PUSH	EAX
   262 000001B3 56                              	PUSH	ESI
   263 000001B4 FF B5 FFFFFC7C                  	PUSH	DWORD [-900+EBP]
   264 000001BA E8 [00000000]                   	CALL	_sheet_setbuf
   265 000001BF 83 C4 2C                        	ADD	ESP,44
   266 000001C2 6A 63                           	PUSH	99
   267 000001C4 6A 10                           	PUSH	16
   268 000001C6 6A 10                           	PUSH	16
   269 000001C8 53                              	PUSH	EBX
   270 000001C9 FF B5 FFFFFC78                  	PUSH	DWORD [-904+EBP]
   271 000001CF E8 [00000000]                   	CALL	_sheet_setbuf
   272 000001D4 6A FF                           	PUSH	-1
   273 000001D6 6A 34                           	PUSH	52
   274 000001D8 68 000000A0                     	PUSH	160
   275 000001DD 57                              	PUSH	EDI
   276 000001DE FF B5 FFFFFC74                  	PUSH	DWORD [-908+EBP]
   277 000001E4 E8 [00000000]                   	CALL	_sheet_setbuf
   278 000001E9 83 C4 28                        	ADD	ESP,40
   279 000001EC 0F BF 05 00000FF6               	MOVSX	EAX,WORD [4086]
   280 000001F3 50                              	PUSH	EAX
   281 000001F4 0F BF 05 00000FF4               	MOVSX	EAX,WORD [4084]
   282 000001FB 50                              	PUSH	EAX
   283 000001FC 56                              	PUSH	ESI
   284 000001FD E8 [00000000]                   	CALL	_init_screen8
   285 00000202 6A 63                           	PUSH	99
   286 00000204 53                              	PUSH	EBX
   287 00000205 BB 00000002                     	MOV	EBX,2
   288 0000020A E8 [00000000]                   	CALL	_init_mouse_cursor8
   289 0000020F 68 [00000054]                   	PUSH	LC0
   290 00000214 6A 34                           	PUSH	52
   291 00000216 68 000000A0                     	PUSH	160
   292 0000021B 57                              	PUSH	EDI
   293 0000021C E8 000004FD                     	CALL	_make_window8
   294 00000221 83 C4 24                        	ADD	ESP,36
   295 00000224 6A 07                           	PUSH	7
   296 00000226 6A 10                           	PUSH	16
   297 00000228 68 00000090                     	PUSH	144
   298 0000022D 6A 1C                           	PUSH	28
   299 0000022F 6A 08                           	PUSH	8
   300 00000231 FF B5 FFFFFC74                  	PUSH	DWORD [-908+EBP]
   301 00000237 E8 000006D5                     	CALL	_make_textbox8
   302 0000023C 6A 00                           	PUSH	0
   303 0000023E 6A 00                           	PUSH	0
   304 00000240 FF B5 FFFFFC7C                  	PUSH	DWORD [-900+EBP]
   305 00000246 C7 85 FFFFFC88 00000008         	MOV	DWORD [-888+EBP],8
   306 00000250 C7 85 FFFFFC84 00000007         	MOV	DWORD [-892+EBP],7
   307 0000025A E8 [00000000]                   	CALL	_sheet_slide
   308 0000025F 83 C4 24                        	ADD	ESP,36
   309 00000262 0F BF 05 00000FF4               	MOVSX	EAX,WORD [4084]
   310 00000269 8D 48 F0                        	LEA	ECX,DWORD [-16+EAX]
   311 0000026C 89 C8                           	MOV	EAX,ECX
   312 0000026E 99                              	CDQ
   313 0000026F F7 FB                           	IDIV	EBX
   314 00000271 89 85 FFFFFC8C                  	MOV	DWORD [-884+EBP],EAX
   315 00000277 0F BF 05 00000FF6               	MOVSX	EAX,WORD [4086]
   316 0000027E 8D 48 D4                        	LEA	ECX,DWORD [-44+EAX]
   317 00000281 89 C8                           	MOV	EAX,ECX
   318 00000283 99                              	CDQ
   319 00000284 F7 FB                           	IDIV	EBX
   320 00000286 50                              	PUSH	EAX
   321 00000287 89 C7                           	MOV	EDI,EAX
   322 00000289 FF B5 FFFFFC8C                  	PUSH	DWORD [-884+EBP]
   323 0000028F FF B5 FFFFFC78                  	PUSH	DWORD [-904+EBP]
   324 00000295 8D 5D A4                        	LEA	EBX,DWORD [-92+EBP]
   325 00000298 E8 [00000000]                   	CALL	_sheet_slide
   326 0000029D 6A 48                           	PUSH	72
   327 0000029F 6A 50                           	PUSH	80
   328 000002A1 FF B5 FFFFFC74                  	PUSH	DWORD [-908+EBP]
   329 000002A7 E8 [00000000]                   	CALL	_sheet_slide
   330 000002AC 6A 00                           	PUSH	0
   331 000002AE FF B5 FFFFFC7C                  	PUSH	DWORD [-900+EBP]
   332 000002B4 E8 [00000000]                   	CALL	_sheet_updown
   333 000002B9 83 C4 20                        	ADD	ESP,32
   334 000002BC 6A 01                           	PUSH	1
   335 000002BE FF B5 FFFFFC74                  	PUSH	DWORD [-908+EBP]
   336 000002C4 E8 [00000000]                   	CALL	_sheet_updown
   337 000002C9 6A 02                           	PUSH	2
   338 000002CB FF B5 FFFFFC78                  	PUSH	DWORD [-904+EBP]
   339 000002D1 E8 [00000000]                   	CALL	_sheet_updown
   340 000002D6 57                              	PUSH	EDI
   341 000002D7 FF B5 FFFFFC8C                  	PUSH	DWORD [-884+EBP]
   342 000002DD 68 [0000005B]                   	PUSH	LC1
   343 000002E2 53                              	PUSH	EBX
   344 000002E3 E8 [00000000]                   	CALL	_sprintf
   345 000002E8 83 C4 20                        	ADD	ESP,32
   346 000002EB 6A 0A                           	PUSH	10
   347 000002ED 53                              	PUSH	EBX
   348 000002EE 6A 0E                           	PUSH	14
   349 000002F0 6A 07                           	PUSH	7
   350 000002F2 6A 00                           	PUSH	0
   351 000002F4 6A 00                           	PUSH	0
   352 000002F6 FF B5 FFFFFC7C                  	PUSH	DWORD [-900+EBP]
   353 000002FC E8 00000589                     	CALL	_putfonts8_asc_sht
   354 00000301 68 003C0000                     	PUSH	3932160
   355 00000306 E8 [00000000]                   	CALL	_memman_total
   356 0000030B C1 AD FFFFFC80 14               	SHR	DWORD [-896+EBP],20
   357 00000312 C1 E8 0A                        	SHR	EAX,10
   358 00000315 89 04 24                        	MOV	DWORD [ESP],EAX
   359 00000318 FF B5 FFFFFC80                  	PUSH	DWORD [-896+EBP]
   360 0000031E 68 [00000066]                   	PUSH	LC2
   361 00000323 53                              	PUSH	EBX
   362 00000324 E8 [00000000]                   	CALL	_sprintf
   363 00000329 83 C4 2C                        	ADD	ESP,44
   364 0000032C 6A 28                           	PUSH	40
   365 0000032E 53                              	PUSH	EBX
   366 0000032F 6A 0E                           	PUSH	14
   367 00000331 6A 07                           	PUSH	7
   368 00000333 6A 20                           	PUSH	32
   369 00000335 6A 00                           	PUSH	0
   370 00000337 FF B5 FFFFFC7C                  	PUSH	DWORD [-900+EBP]
   371 0000033D E8 00000548                     	CALL	_putfonts8_asc_sht
   372 00000342 68 003C0000                     	PUSH	3932160
   373 00000347 E8 [00000000]                   	CALL	_task_init
   374 0000034C 83 C4 20                        	ADD	ESP,32
   375 0000034F E8 [00000000]                   	CALL	_task_alloc
   376 00000354 68 00010000                     	PUSH	65536
   377 00000359 89 C3                           	MOV	EBX,EAX
   378 0000035B 68 003C0000                     	PUSH	3932160
   379 00000360 E8 [00000000]                   	CALL	_memman_alloc_4k
   380 00000365 8B 95 FFFFFC7C                  	MOV	EDX,DWORD [-900+EBP]
   381 0000036B 05 0000FFF8                     	ADD	EAX,65528
   382 00000370 89 43 40                        	MOV	DWORD [64+EBX],EAX
   383 00000373 C7 43 28 [00000A47]             	MOV	DWORD [40+EBX],_task_b_main
   384 0000037A C7 43 50 00000008               	MOV	DWORD [80+EBX],8
   385 00000381 C7 43 54 00000010               	MOV	DWORD [84+EBX],16
   386 00000388 C7 43 58 00000008               	MOV	DWORD [88+EBX],8
   387 0000038F C7 43 5C 00000008               	MOV	DWORD [92+EBX],8
   388 00000396 C7 43 60 00000008               	MOV	DWORD [96+EBX],8
   389 0000039D C7 43 64 00000008               	MOV	DWORD [100+EBX],8
   390 000003A4 89 50 04                        	MOV	DWORD [4+EAX],EDX
   391 000003A7 53                              	PUSH	EBX
   392 000003A8 E8 [00000000]                   	CALL	_task_run
   393 000003AD                                 L31:
   394 000003AD 83 C4 0C                        	ADD	ESP,12
   395 000003B0                                 L2:
   396 000003B0 8D 75 D4                        	LEA	ESI,DWORD [-44+EBP]
   397 000003B3 E8 [00000000]                   	CALL	_io_cli
   398 000003B8 56                              	PUSH	ESI
   399 000003B9 E8 [00000000]                   	CALL	_fifo32_status
   400 000003BE 59                              	POP	ECX
   401 000003BF 85 C0                           	TEST	EAX,EAX
   402 000003C1 0F 84 0000034D                  	JE	L33
   403 000003C7 56                              	PUSH	ESI
   404 000003C8 E8 [00000000]                   	CALL	_fifo32_get
   405 000003CD 89 C3                           	MOV	EBX,EAX
   406 000003CF E8 [00000000]                   	CALL	_io_sti
   407 000003D4 5A                              	POP	EDX
   408 000003D5 8D 83 FFFFFF00                  	LEA	EAX,DWORD [-256+EBX]
   409 000003DB 3D 000000FF                     	CMP	EAX,255
   410 000003E0 0F 86 00000233                  	JBE	L34
   411 000003E6 8D 83 FFFFFE00                  	LEA	EAX,DWORD [-512+EBX]
   412 000003EC 3D 000000FF                     	CMP	EAX,255
   413 000003F1 0F 86 000000E5                  	JBE	L35
   414 000003F7 83 FB 0A                        	CMP	EBX,10
   415 000003FA 0F 84 000000CD                  	JE	L36
   416 00000400 83 FB 03                        	CMP	EBX,3
   417 00000403 0F 84 000000A2                  	JE	L37
   418 00000409 83 FB 01                        	CMP	EBX,1
   419 0000040C 7F A2                           	JG	L2
   420 0000040E 85 DB                           	TEST	EBX,EBX
   421 00000410 74 7C                           	JE	L28
   422 00000412 6A 00                           	PUSH	0
   423 00000414 56                              	PUSH	ESI
   424 00000415 FF B5 FFFFFC90                  	PUSH	DWORD [-880+EBP]
   425 0000041B E8 [00000000]                   	CALL	_timer_init
   426 00000420 C7 85 FFFFFC84 00000000         	MOV	DWORD [-892+EBP],0
   427 0000042A                                 L32:
   428 0000042A 83 C4 0C                        	ADD	ESP,12
   429 0000042D 6A 32                           	PUSH	50
   430 0000042F FF B5 FFFFFC90                  	PUSH	DWORD [-880+EBP]
   431 00000435 E8 [00000000]                   	CALL	_timer_settime
   432 0000043A 8B 95 FFFFFC74                  	MOV	EDX,DWORD [-908+EBP]
   433 00000440 8B 85 FFFFFC88                  	MOV	EAX,DWORD [-888+EBP]
   434 00000446 6A 2B                           	PUSH	43
   435 00000448 83 C0 07                        	ADD	EAX,7
   436 0000044B 50                              	PUSH	EAX
   437 0000044C 6A 1C                           	PUSH	28
   438 0000044E FF B5 FFFFFC88                  	PUSH	DWORD [-888+EBP]
   439 00000454 FF B5 FFFFFC84                  	PUSH	DWORD [-892+EBP]
   440 0000045A FF 72 04                        	PUSH	DWORD [4+EDX]
   441 0000045D FF 32                           	PUSH	DWORD [EDX]
   442 0000045F E8 [00000000]                   	CALL	_boxfill8
   443 00000464 8B 85 FFFFFC88                  	MOV	EAX,DWORD [-888+EBP]
   444 0000046A 83 C4 24                        	ADD	ESP,36
   445 0000046D 83 C0 08                        	ADD	EAX,8
   446 00000470 6A 2C                           	PUSH	44
   447 00000472 50                              	PUSH	EAX
   448 00000473 6A 1C                           	PUSH	28
   449 00000475 FF B5 FFFFFC88                  	PUSH	DWORD [-888+EBP]
   450 0000047B FF B5 FFFFFC74                  	PUSH	DWORD [-908+EBP]
   451 00000481 E8 [00000000]                   	CALL	_sheet_refresh
   452 00000486 83 C4 14                        	ADD	ESP,20
   453 00000489 E9 FFFFFF22                     	JMP	L2
   454 0000048E                                 L28:
   455 0000048E 6A 01                           	PUSH	1
   456 00000490 56                              	PUSH	ESI
   457 00000491 FF B5 FFFFFC90                  	PUSH	DWORD [-880+EBP]
   458 00000497 E8 [00000000]                   	CALL	_timer_init
   459 0000049C C7 85 FFFFFC84 00000007         	MOV	DWORD [-892+EBP],7
   460 000004A6 E9 FFFFFF7F                     	JMP	L32
   461 000004AB                                 L37:
   462 000004AB 6A 06                           	PUSH	6
   463 000004AD 68 [00000080]                   	PUSH	LC7
   464 000004B2 6A 0E                           	PUSH	14
   465 000004B4 6A 07                           	PUSH	7
   466 000004B6 6A 50                           	PUSH	80
   467 000004B8                                 L30:
   468 000004B8 6A 00                           	PUSH	0
   469 000004BA FF B5 FFFFFC7C                  	PUSH	DWORD [-900+EBP]
   470 000004C0 E8 000003C5                     	CALL	_putfonts8_asc_sht
   471 000004C5 83 C4 1C                        	ADD	ESP,28
   472 000004C8 E9 FFFFFEE3                     	JMP	L2
   473 000004CD                                 L36:
   474 000004CD 6A 07                           	PUSH	7
   475 000004CF 68 [00000087]                   	PUSH	LC6
   476 000004D4 6A 0E                           	PUSH	14
   477 000004D6 6A 07                           	PUSH	7
   478 000004D8 6A 40                           	PUSH	64
   479 000004DA EB DC                           	JMP	L30
   480 000004DC                                 L35:
   481 000004DC 0F B6 C3                        	MOVZX	EAX,BL
   482 000004DF 50                              	PUSH	EAX
   483 000004E0 8D 85 FFFFFD94                  	LEA	EAX,DWORD [-620+EBP]
   484 000004E6 50                              	PUSH	EAX
   485 000004E7 E8 [00000000]                   	CALL	_mouse_decode
   486 000004EC 5A                              	POP	EDX
   487 000004ED 59                              	POP	ECX
   488 000004EE 85 C0                           	TEST	EAX,EAX
   489 000004F0 0F 84 FFFFFEBA                  	JE	L2
   490 000004F6 FF B5 FFFFFD9C                  	PUSH	DWORD [-612+EBP]
   491 000004FC FF B5 FFFFFD98                  	PUSH	DWORD [-616+EBP]
   492 00000502 68 [0000008F]                   	PUSH	LC5
   493 00000507 8D 5D A4                        	LEA	EBX,DWORD [-92+EBP]
   494 0000050A 53                              	PUSH	EBX
   495 0000050B E8 [00000000]                   	CALL	_sprintf
   496 00000510 83 C4 10                        	ADD	ESP,16
   497 00000513 8B 85 FFFFFDA0                  	MOV	EAX,DWORD [-608+EBP]
   498 00000519 A9 00000001                     	TEST	EAX,1
   499 0000051E 74 04                           	JE	L14
   500 00000520 C6 45 A5 4C                     	MOV	BYTE [-91+EBP],76
   501 00000524                                 L14:
   502 00000524 A9 00000002                     	TEST	EAX,2
   503 00000529 74 04                           	JE	L15
   504 0000052B C6 45 A7 52                     	MOV	BYTE [-89+EBP],82
   505 0000052F                                 L15:
   506 0000052F 83 E0 04                        	AND	EAX,4
   507 00000532 74 04                           	JE	L16
   508 00000534 C6 45 A6 43                     	MOV	BYTE [-90+EBP],67
   509 00000538                                 L16:
   510 00000538 6A 0F                           	PUSH	15
   511 0000053A 53                              	PUSH	EBX
   512 0000053B 6A 0E                           	PUSH	14
   513 0000053D 6A 07                           	PUSH	7
   514 0000053F 6A 10                           	PUSH	16
   515 00000541 6A 20                           	PUSH	32
   516 00000543 FF B5 FFFFFC7C                  	PUSH	DWORD [-900+EBP]
   517 00000549 E8 0000033C                     	CALL	_putfonts8_asc_sht
   518 0000054E 8B 85 FFFFFD98                  	MOV	EAX,DWORD [-616+EBP]
   519 00000554 03 BD FFFFFD9C                  	ADD	EDI,DWORD [-612+EBP]
   520 0000055A 83 C4 1C                        	ADD	ESP,28
   521 0000055D 01 85 FFFFFC8C                  	ADD	DWORD [-884+EBP],EAX
   522 00000563 0F 88 000000A1                  	JS	L38
   523 00000569                                 L17:
   524 00000569 85 FF                           	TEST	EDI,EDI
   525 0000056B 0F 88 00000092                  	JS	L39
   526 00000571                                 L18:
   527 00000571 0F BF 05 00000FF4               	MOVSX	EAX,WORD [4084]
   528 00000578 48                              	DEC	EAX
   529 00000579 39 85 FFFFFC8C                  	CMP	DWORD [-884+EBP],EAX
   530 0000057F 7E 06                           	JLE	L19
   531 00000581 89 85 FFFFFC8C                  	MOV	DWORD [-884+EBP],EAX
   532 00000587                                 L19:
   533 00000587 0F BF 05 00000FF6               	MOVSX	EAX,WORD [4086]
   534 0000058E 48                              	DEC	EAX
   535 0000058F 39 C7                           	CMP	EDI,EAX
   536 00000591 7E 02                           	JLE	L20
   537 00000593 89 C7                           	MOV	EDI,EAX
   538 00000595                                 L20:
   539 00000595 57                              	PUSH	EDI
   540 00000596 FF B5 FFFFFC8C                  	PUSH	DWORD [-884+EBP]
   541 0000059C 68 [0000005B]                   	PUSH	LC1
   542 000005A1 53                              	PUSH	EBX
   543 000005A2 E8 [00000000]                   	CALL	_sprintf
   544 000005A7 6A 0A                           	PUSH	10
   545 000005A9 53                              	PUSH	EBX
   546 000005AA 6A 0E                           	PUSH	14
   547 000005AC 6A 07                           	PUSH	7
   548 000005AE 6A 00                           	PUSH	0
   549 000005B0 6A 00                           	PUSH	0
   550 000005B2 FF B5 FFFFFC7C                  	PUSH	DWORD [-900+EBP]
   551 000005B8 E8 000002CD                     	CALL	_putfonts8_asc_sht
   552 000005BD 83 C4 2C                        	ADD	ESP,44
   553 000005C0 57                              	PUSH	EDI
   554 000005C1 FF B5 FFFFFC8C                  	PUSH	DWORD [-884+EBP]
   555 000005C7 FF B5 FFFFFC78                  	PUSH	DWORD [-904+EBP]
   556 000005CD E8 [00000000]                   	CALL	_sheet_slide
   557 000005D2 83 C4 0C                        	ADD	ESP,12
   558 000005D5 F7 85 FFFFFDA0 00000001         	TEST	DWORD [-608+EBP],1
   559 000005DF 0F 84 FFFFFDCB                  	JE	L2
   560 000005E5 8D 47 F8                        	LEA	EAX,DWORD [-8+EDI]
   561 000005E8 50                              	PUSH	EAX
   562 000005E9 8B 85 FFFFFC8C                  	MOV	EAX,DWORD [-884+EBP]
   563 000005EF 83 E8 50                        	SUB	EAX,80
   564 000005F2 50                              	PUSH	EAX
   565 000005F3 FF B5 FFFFFC74                  	PUSH	DWORD [-908+EBP]
   566 000005F9 E8 [00000000]                   	CALL	_sheet_slide
   567 000005FE E9 FFFFFDAA                     	JMP	L31
   568 00000603                                 L39:
   569 00000603 31 FF                           	XOR	EDI,EDI
   570 00000605 E9 FFFFFF67                     	JMP	L18
   571 0000060A                                 L38:
   572 0000060A C7 85 FFFFFC8C 00000000         	MOV	DWORD [-884+EBP],0
   573 00000614 E9 FFFFFF50                     	JMP	L17
   574 00000619                                 L34:
   575 00000619 50                              	PUSH	EAX
   576 0000061A 8D 75 A4                        	LEA	ESI,DWORD [-92+EBP]
   577 0000061D 68 [0000009D]                   	PUSH	LC3
   578 00000622 56                              	PUSH	ESI
   579 00000623 E8 [00000000]                   	CALL	_sprintf
   580 00000628 6A 02                           	PUSH	2
   581 0000062A 56                              	PUSH	ESI
   582 0000062B 6A 0E                           	PUSH	14
   583 0000062D 6A 07                           	PUSH	7
   584 0000062F 6A 10                           	PUSH	16
   585 00000631 6A 00                           	PUSH	0
   586 00000633 FF B5 FFFFFC7C                  	PUSH	DWORD [-900+EBP]
   587 00000639 E8 0000024C                     	CALL	_putfonts8_asc_sht
   588 0000063E 83 C4 28                        	ADD	ESP,40
   589 00000641 81 FB 00000153                  	CMP	EBX,339
   590 00000647 7F 41                           	JG	L8
   591 00000649 8A 83 [FFFFFF00]                	MOV	AL,BYTE [_keytable.0-256+EBX]
   592 0000064F 84 C0                           	TEST	AL,AL
   593 00000651 74 37                           	JE	L8
   594 00000653 81 BD FFFFFC88 0000008F         	CMP	DWORD [-888+EBP],143
   595 0000065D 7F 2B                           	JG	L8
   596 0000065F 6A 01                           	PUSH	1
   597 00000661 88 45 A4                        	MOV	BYTE [-92+EBP],AL
   598 00000664 56                              	PUSH	ESI
   599 00000665 6A 07                           	PUSH	7
   600 00000667 6A 00                           	PUSH	0
   601 00000669 6A 1C                           	PUSH	28
   602 0000066B FF B5 FFFFFC88                  	PUSH	DWORD [-888+EBP]
   603 00000671 FF B5 FFFFFC74                  	PUSH	DWORD [-908+EBP]
   604 00000677 C6 45 A5 00                     	MOV	BYTE [-91+EBP],0
   605 0000067B E8 0000020A                     	CALL	_putfonts8_asc_sht
   606 00000680 83 C4 1C                        	ADD	ESP,28
   607 00000683 83 85 FFFFFC88 08               	ADD	DWORD [-888+EBP],8
   608 0000068A                                 L8:
   609 0000068A 81 FB 0000010E                  	CMP	EBX,270
   610 00000690 74 4C                           	JE	L40
   611 00000692                                 L10:
   612 00000692 8B 85 FFFFFC88                  	MOV	EAX,DWORD [-888+EBP]
   613 00000698 6A 2B                           	PUSH	43
   614 0000069A 83 C0 07                        	ADD	EAX,7
   615 0000069D 8B 9D FFFFFC74                  	MOV	EBX,DWORD [-908+EBP]
   616 000006A3 50                              	PUSH	EAX
   617 000006A4 6A 1C                           	PUSH	28
   618 000006A6 FF B5 FFFFFC88                  	PUSH	DWORD [-888+EBP]
   619 000006AC FF B5 FFFFFC84                  	PUSH	DWORD [-892+EBP]
   620 000006B2 FF 73 04                        	PUSH	DWORD [4+EBX]
   621 000006B5 FF 33                           	PUSH	DWORD [EBX]
   622 000006B7 E8 [00000000]                   	CALL	_boxfill8
   623 000006BC 8B 85 FFFFFC88                  	MOV	EAX,DWORD [-888+EBP]
   624 000006C2 6A 2C                           	PUSH	44
   625 000006C4 83 C0 08                        	ADD	EAX,8
   626 000006C7 50                              	PUSH	EAX
   627 000006C8 6A 1C                           	PUSH	28
   628 000006CA FF B5 FFFFFC88                  	PUSH	DWORD [-888+EBP]
   629 000006D0 53                              	PUSH	EBX
   630 000006D1 E8 [00000000]                   	CALL	_sheet_refresh
   631 000006D6 83 C4 30                        	ADD	ESP,48
   632 000006D9 E9 FFFFFCD2                     	JMP	L2
   633 000006DE                                 L40:
   634 000006DE 83 BD FFFFFC88 08               	CMP	DWORD [-888+EBP],8
   635 000006E5 7E AB                           	JLE	L10
   636 000006E7 6A 01                           	PUSH	1
   637 000006E9 68 [000000A2]                   	PUSH	LC4
   638 000006EE 6A 07                           	PUSH	7
   639 000006F0 6A 00                           	PUSH	0
   640 000006F2 6A 1C                           	PUSH	28
   641 000006F4 FF B5 FFFFFC88                  	PUSH	DWORD [-888+EBP]
   642 000006FA FF B5 FFFFFC74                  	PUSH	DWORD [-908+EBP]
   643 00000700 E8 00000185                     	CALL	_putfonts8_asc_sht
   644 00000705 83 C4 1C                        	ADD	ESP,28
   645 00000708 83 AD FFFFFC88 08               	SUB	DWORD [-888+EBP],8
   646 0000070F E9 FFFFFF7E                     	JMP	L10
   647 00000714                                 L33:
   648 00000714 E8 [00000000]                   	CALL	_io_stihlt
   649 00000719 E9 FFFFFC92                     	JMP	L2
   650                                          [SECTION .data]
   651 000000A4                                 _closebtn.1:
   652 000000A4 4F 4F 4F 4F 4F 4F 4F 4F 4F 4F   	DB	"OOOOOOOOOOOOOOO@"
       000000AE 4F 4F 4F 4F 4F 40 
   653 000000B4 4F 51 51 51 51 51 51 51 51 51   	DB	"OQQQQQQQQQQQQQ$@"
       000000BE 51 51 51 51 24 40 
   654 000000C4 4F 51 51 51 51 51 51 51 51 51   	DB	"OQQQQQQQQQQQQQ$@"
       000000CE 51 51 51 51 24 40 
   655 000000D4 4F 51 51 51 40 40 51 51 51 51   	DB	"OQQQ@@QQQQ@@QQ$@"
       000000DE 40 40 51 51 24 40 
   656 000000E4 4F 51 51 51 51 40 40 51 51 40   	DB	"OQQQQ@@QQ@@QQQ$@"
       000000EE 40 51 51 51 24 40 
   657 000000F4 4F 51 51 51 51 51 40 40 40 40   	DB	"OQQQQQ@@@@QQQQ$@"
       000000FE 51 51 51 51 24 40 
   658 00000104 4F 51 51 51 51 51 51 40 40 51   	DB	"OQQQQQQ@@QQQQQ$@"
       0000010E 51 51 51 51 24 40 
   659 00000114 4F 51 51 51 51 51 40 40 40 40   	DB	"OQQQQQ@@@@QQQQ$@"
       0000011E 51 51 51 51 24 40 
   660 00000124 4F 51 51 51 51 40 40 51 51 40   	DB	"OQQQQ@@QQ@@QQQ$@"
       0000012E 40 51 51 51 24 40 
   661 00000134 4F 51 51 51 40 40 51 51 51 51   	DB	"OQQQ@@QQQQ@@QQ$@"
       0000013E 40 40 51 51 24 40 
   662 00000144 4F 51 51 51 51 51 51 51 51 51   	DB	"OQQQQQQQQQQQQQ$@"
       0000014E 51 51 51 51 24 40 
   663 00000154 4F 51 51 51 51 51 51 51 51 51   	DB	"OQQQQQQQQQQQQQ$@"
       0000015E 51 51 51 51 24 40 
   664 00000164 4F 24 24 24 24 24 24 24 24 24   	DB	"O$$$$$$$$$$$$$$@"
       0000016E 24 24 24 24 24 40 
   665 00000174 40 40 40 40 40 40 40 40 40 40   	DB	"@@@@@@@@@@@@@@@@"
       0000017E 40 40 40 40 40 40 
   666                                          [SECTION .text]
   667 0000071E                                 	GLOBAL	_make_window8
   668 0000071E                                 _make_window8:
   669 0000071E 55                              	PUSH	EBP
   670 0000071F 89 E5                           	MOV	EBP,ESP
   671 00000721 57                              	PUSH	EDI
   672 00000722 56                              	PUSH	ESI
   673 00000723 53                              	PUSH	EBX
   674 00000724 83 EC 14                        	SUB	ESP,20
   675 00000727 8B 5D 0C                        	MOV	EBX,DWORD [12+EBP]
   676 0000072A 6A 00                           	PUSH	0
   677 0000072C 8D 43 FF                        	LEA	EAX,DWORD [-1+EBX]
   678 0000072F 8D 7B FE                        	LEA	EDI,DWORD [-2+EBX]
   679 00000732 50                              	PUSH	EAX
   680 00000733 89 45 EC                        	MOV	DWORD [-20+EBP],EAX
   681 00000736 6A 00                           	PUSH	0
   682 00000738 6A 00                           	PUSH	0
   683 0000073A 6A 08                           	PUSH	8
   684 0000073C 53                              	PUSH	EBX
   685 0000073D FF 75 08                        	PUSH	DWORD [8+EBP]
   686 00000740 E8 [00000000]                   	CALL	_boxfill8
   687 00000745 6A 01                           	PUSH	1
   688 00000747 57                              	PUSH	EDI
   689 00000748 6A 01                           	PUSH	1
   690 0000074A 6A 01                           	PUSH	1
   691 0000074C 6A 07                           	PUSH	7
   692 0000074E 53                              	PUSH	EBX
   693 0000074F FF 75 08                        	PUSH	DWORD [8+EBP]
   694 00000752 E8 [00000000]                   	CALL	_boxfill8
   695 00000757 8B 55 10                        	MOV	EDX,DWORD [16+EBP]
   696 0000075A 83 C4 38                        	ADD	ESP,56
   697 0000075D 4A                              	DEC	EDX
   698 0000075E 89 55 E8                        	MOV	DWORD [-24+EBP],EDX
   699 00000761 52                              	PUSH	EDX
   700 00000762 6A 00                           	PUSH	0
   701 00000764 6A 00                           	PUSH	0
   702 00000766 6A 00                           	PUSH	0
   703 00000768 6A 08                           	PUSH	8
   704 0000076A 53                              	PUSH	EBX
   705 0000076B FF 75 08                        	PUSH	DWORD [8+EBP]
   706 0000076E E8 [00000000]                   	CALL	_boxfill8
   707 00000773 8B 75 10                        	MOV	ESI,DWORD [16+EBP]
   708 00000776 83 EE 02                        	SUB	ESI,2
   709 00000779 56                              	PUSH	ESI
   710 0000077A 6A 01                           	PUSH	1
   711 0000077C 6A 01                           	PUSH	1
   712 0000077E 6A 01                           	PUSH	1
   713 00000780 6A 07                           	PUSH	7
   714 00000782 53                              	PUSH	EBX
   715 00000783 FF 75 08                        	PUSH	DWORD [8+EBP]
   716 00000786 E8 [00000000]                   	CALL	_boxfill8
   717 0000078B 83 C4 38                        	ADD	ESP,56
   718 0000078E 56                              	PUSH	ESI
   719 0000078F 57                              	PUSH	EDI
   720 00000790 6A 01                           	PUSH	1
   721 00000792 57                              	PUSH	EDI
   722 00000793 6A 0F                           	PUSH	15
   723 00000795 53                              	PUSH	EBX
   724 00000796 FF 75 08                        	PUSH	DWORD [8+EBP]
   725 00000799 E8 [00000000]                   	CALL	_boxfill8
   726 0000079E FF 75 E8                        	PUSH	DWORD [-24+EBP]
   727 000007A1 FF 75 EC                        	PUSH	DWORD [-20+EBP]
   728 000007A4 6A 00                           	PUSH	0
   729 000007A6 FF 75 EC                        	PUSH	DWORD [-20+EBP]
   730 000007A9 6A 00                           	PUSH	0
   731 000007AB 53                              	PUSH	EBX
   732 000007AC FF 75 08                        	PUSH	DWORD [8+EBP]
   733 000007AF E8 [00000000]                   	CALL	_boxfill8
   734 000007B4 8B 45 10                        	MOV	EAX,DWORD [16+EBP]
   735 000007B7 83 C4 38                        	ADD	ESP,56
   736 000007BA 83 E8 03                        	SUB	EAX,3
   737 000007BD 50                              	PUSH	EAX
   738 000007BE 8D 43 FD                        	LEA	EAX,DWORD [-3+EBX]
   739 000007C1 50                              	PUSH	EAX
   740 000007C2 6A 02                           	PUSH	2
   741 000007C4 6A 02                           	PUSH	2
   742 000007C6 6A 08                           	PUSH	8
   743 000007C8 53                              	PUSH	EBX
   744 000007C9 FF 75 08                        	PUSH	DWORD [8+EBP]
   745 000007CC E8 [00000000]                   	CALL	_boxfill8
   746 000007D1 8D 43 FC                        	LEA	EAX,DWORD [-4+EBX]
   747 000007D4 6A 14                           	PUSH	20
   748 000007D6 50                              	PUSH	EAX
   749 000007D7 6A 03                           	PUSH	3
   750 000007D9 6A 03                           	PUSH	3
   751 000007DB 6A 0C                           	PUSH	12
   752 000007DD 53                              	PUSH	EBX
   753 000007DE FF 75 08                        	PUSH	DWORD [8+EBP]
   754 000007E1 E8 [00000000]                   	CALL	_boxfill8
   755 000007E6 83 C4 38                        	ADD	ESP,56
   756 000007E9 56                              	PUSH	ESI
   757 000007EA 57                              	PUSH	EDI
   758 000007EB 56                              	PUSH	ESI
   759 000007EC 6A 01                           	PUSH	1
   760 000007EE 6A 0F                           	PUSH	15
   761 000007F0 53                              	PUSH	EBX
   762 000007F1 FF 75 08                        	PUSH	DWORD [8+EBP]
   763 000007F4 E8 [00000000]                   	CALL	_boxfill8
   764 000007F9 FF 75 E8                        	PUSH	DWORD [-24+EBP]
   765 000007FC FF 75 EC                        	PUSH	DWORD [-20+EBP]
   766 000007FF FF 75 E8                        	PUSH	DWORD [-24+EBP]
   767 00000802 6A 00                           	PUSH	0
   768 00000804 6A 00                           	PUSH	0
   769 00000806 6B F3 05                        	IMUL	ESI,EBX,5
   770 00000809 53                              	PUSH	EBX
   771 0000080A FF 75 08                        	PUSH	DWORD [8+EBP]
   772 0000080D E8 [00000000]                   	CALL	_boxfill8
   773 00000812 83 C4 38                        	ADD	ESP,56
   774 00000815 FF 75 14                        	PUSH	DWORD [20+EBP]
   775 00000818 6A 07                           	PUSH	7
   776 0000081A 6A 04                           	PUSH	4
   777 0000081C 6A 18                           	PUSH	24
   778 0000081E 53                              	PUSH	EBX
   779 0000081F FF 75 08                        	PUSH	DWORD [8+EBP]
   780 00000822 E8 [00000000]                   	CALL	_putfonts8_asc
   781 00000827 83 C4 18                        	ADD	ESP,24
   782 0000082A C7 45 F0 00000000               	MOV	DWORD [-16+EBP],0
   783 00000831 C7 45 E0 00000000               	MOV	DWORD [-32+EBP],0
   784 00000838                                 L57:
   785 00000838 8D 04 1E                        	LEA	EAX,DWORD [ESI+EBX*1]
   786 0000083B 8B 55 08                        	MOV	EDX,DWORD [8+EBP]
   787 0000083E 31 FF                           	XOR	EDI,EDI
   788 00000840 8D 4C 02 EB                     	LEA	ECX,DWORD [-21+EDX+EAX*1]
   789 00000844                                 L56:
   790 00000844 8B 45 E0                        	MOV	EAX,DWORD [-32+EBP]
   791 00000847 8A 94 07 [000000A4]             	MOV	DL,BYTE [_closebtn.1+EDI+EAX*1]
   792 0000084E 80 FA 40                        	CMP	DL,64
   793 00000851 74 33                           	JE	L62
   794 00000853 80 FA 24                        	CMP	DL,36
   795 00000856 74 2A                           	JE	L63
   796 00000858 80 FA 51                        	CMP	DL,81
   797 0000085B B2 08                           	MOV	DL,8
   798 0000085D 0F 95 C0                        	SETNE	AL
   799 00000860 28 C2                           	SUB	DL,AL
   800 00000862                                 L51:
   801 00000862 47                              	INC	EDI
   802 00000863 88 11                           	MOV	BYTE [ECX],DL
   803 00000865 41                              	INC	ECX
   804 00000866 83 FF 0F                        	CMP	EDI,15
   805 00000869 7E D9                           	JLE	L56
   806 0000086B FF 45 F0                        	INC	DWORD [-16+EBP]
   807 0000086E 01 DE                           	ADD	ESI,EBX
   808 00000870 83 45 E0 10                     	ADD	DWORD [-32+EBP],16
   809 00000874 83 7D F0 0D                     	CMP	DWORD [-16+EBP],13
   810 00000878 7E BE                           	JLE	L57
   811 0000087A 8D 65 F4                        	LEA	ESP,DWORD [-12+EBP]
   812 0000087D 5B                              	POP	EBX
   813 0000087E 5E                              	POP	ESI
   814 0000087F 5F                              	POP	EDI
   815 00000880 5D                              	POP	EBP
   816 00000881 C3                              	RET
   817 00000882                                 L63:
   818 00000882 B2 0F                           	MOV	DL,15
   819 00000884 EB DC                           	JMP	L51
   820 00000886                                 L62:
   821 00000886 31 D2                           	XOR	EDX,EDX
   822 00000888 EB D8                           	JMP	L51
   823 0000088A                                 	GLOBAL	_putfonts8_asc_sht
   824 0000088A                                 _putfonts8_asc_sht:
   825 0000088A 55                              	PUSH	EBP
   826 0000088B 89 E5                           	MOV	EBP,ESP
   827 0000088D 57                              	PUSH	EDI
   828 0000088E 56                              	PUSH	ESI
   829 0000088F 53                              	PUSH	EBX
   830 00000890 83 EC 0C                        	SUB	ESP,12
   831 00000893 8B 45 08                        	MOV	EAX,DWORD [8+EBP]
   832 00000896 8B 7D 10                        	MOV	EDI,DWORD [16+EBP]
   833 00000899 89 45 F0                        	MOV	DWORD [-16+EBP],EAX
   834 0000089C 8B 5D 14                        	MOV	EBX,DWORD [20+EBP]
   835 0000089F 8B 45 0C                        	MOV	EAX,DWORD [12+EBP]
   836 000008A2 89 45 EC                        	MOV	DWORD [-20+EBP],EAX
   837 000008A5 8B 45 1C                        	MOV	EAX,DWORD [28+EBP]
   838 000008A8 89 45 E8                        	MOV	DWORD [-24+EBP],EAX
   839 000008AB 8D 47 0F                        	LEA	EAX,DWORD [15+EDI]
   840 000008AE 50                              	PUSH	EAX
   841 000008AF 8B 45 EC                        	MOV	EAX,DWORD [-20+EBP]
   842 000008B2 8B 75 20                        	MOV	ESI,DWORD [32+EBP]
   843 000008B5 0F BE DB                        	MOVSX	EBX,BL
   844 000008B8 8D 34 F0                        	LEA	ESI,DWORD [EAX+ESI*8]
   845 000008BB 8D 46 FF                        	LEA	EAX,DWORD [-1+ESI]
   846 000008BE 50                              	PUSH	EAX
   847 000008BF 57                              	PUSH	EDI
   848 000008C0 FF 75 EC                        	PUSH	DWORD [-20+EBP]
   849 000008C3 0F B6 45 18                     	MOVZX	EAX,BYTE [24+EBP]
   850 000008C7 50                              	PUSH	EAX
   851 000008C8 8B 45 F0                        	MOV	EAX,DWORD [-16+EBP]
   852 000008CB FF 70 04                        	PUSH	DWORD [4+EAX]
   853 000008CE FF 30                           	PUSH	DWORD [EAX]
   854 000008D0 E8 [00000000]                   	CALL	_boxfill8
   855 000008D5 FF 75 E8                        	PUSH	DWORD [-24+EBP]
   856 000008D8 53                              	PUSH	EBX
   857 000008D9 57                              	PUSH	EDI
   858 000008DA FF 75 EC                        	PUSH	DWORD [-20+EBP]
   859 000008DD 8B 45 F0                        	MOV	EAX,DWORD [-16+EBP]
   860 000008E0 FF 70 04                        	PUSH	DWORD [4+EAX]
   861 000008E3 FF 30                           	PUSH	DWORD [EAX]
   862 000008E5 E8 [00000000]                   	CALL	_putfonts8_asc
   863 000008EA 89 7D 10                        	MOV	DWORD [16+EBP],EDI
   864 000008ED 8D 47 10                        	LEA	EAX,DWORD [16+EDI]
   865 000008F0 89 75 14                        	MOV	DWORD [20+EBP],ESI
   866 000008F3 89 45 18                        	MOV	DWORD [24+EBP],EAX
   867 000008F6 83 C4 34                        	ADD	ESP,52
   868 000008F9 8B 45 EC                        	MOV	EAX,DWORD [-20+EBP]
   869 000008FC 89 45 0C                        	MOV	DWORD [12+EBP],EAX
   870 000008FF 8B 45 F0                        	MOV	EAX,DWORD [-16+EBP]
   871 00000902 89 45 08                        	MOV	DWORD [8+EBP],EAX
   872 00000905 8D 65 F4                        	LEA	ESP,DWORD [-12+EBP]
   873 00000908 5B                              	POP	EBX
   874 00000909 5E                              	POP	ESI
   875 0000090A 5F                              	POP	EDI
   876 0000090B 5D                              	POP	EBP
   877 0000090C E9 [00000000]                   	JMP	_sheet_refresh
   878 00000911                                 	GLOBAL	_make_textbox8
   879 00000911                                 _make_textbox8:
   880 00000911 55                              	PUSH	EBP
   881 00000912 89 E5                           	MOV	EBP,ESP
   882 00000914 57                              	PUSH	EDI
   883 00000915 56                              	PUSH	ESI
   884 00000916 53                              	PUSH	EBX
   885 00000917 83 EC 14                        	SUB	ESP,20
   886 0000091A 8B 45 0C                        	MOV	EAX,DWORD [12+EBP]
   887 0000091D 8B 75 10                        	MOV	ESI,DWORD [16+EBP]
   888 00000920 03 45 14                        	ADD	EAX,DWORD [20+EBP]
   889 00000923 83 EE 03                        	SUB	ESI,3
   890 00000926 56                              	PUSH	ESI
   891 00000927 89 45 F0                        	MOV	DWORD [-16+EBP],EAX
   892 0000092A 8B 45 10                        	MOV	EAX,DWORD [16+EBP]
   893 0000092D 03 45 18                        	ADD	EAX,DWORD [24+EBP]
   894 00000930 89 45 EC                        	MOV	DWORD [-20+EBP],EAX
   895 00000933 8B 45 F0                        	MOV	EAX,DWORD [-16+EBP]
   896 00000936 40                              	INC	EAX
   897 00000937 50                              	PUSH	EAX
   898 00000938 89 45 E8                        	MOV	DWORD [-24+EBP],EAX
   899 0000093B 8B 45 0C                        	MOV	EAX,DWORD [12+EBP]
   900 0000093E 56                              	PUSH	ESI
   901 0000093F 83 E8 02                        	SUB	EAX,2
   902 00000942 50                              	PUSH	EAX
   903 00000943 89 45 E4                        	MOV	DWORD [-28+EBP],EAX
   904 00000946 8B 45 08                        	MOV	EAX,DWORD [8+EBP]
   905 00000949 6A 0F                           	PUSH	15
   906 0000094B FF 70 04                        	PUSH	DWORD [4+EAX]
   907 0000094E FF 30                           	PUSH	DWORD [EAX]
   908 00000950 E8 [00000000]                   	CALL	_boxfill8
   909 00000955 8B 7D 0C                        	MOV	EDI,DWORD [12+EBP]
   910 00000958 8B 45 EC                        	MOV	EAX,DWORD [-20+EBP]
   911 0000095B 83 EF 03                        	SUB	EDI,3
   912 0000095E 40                              	INC	EAX
   913 0000095F 50                              	PUSH	EAX
   914 00000960 89 45 E0                        	MOV	DWORD [-32+EBP],EAX
   915 00000963 57                              	PUSH	EDI
   916 00000964 8B 45 08                        	MOV	EAX,DWORD [8+EBP]
   917 00000967 56                              	PUSH	ESI
   918 00000968 57                              	PUSH	EDI
   919 00000969 6A 0F                           	PUSH	15
   920 0000096B FF 70 04                        	PUSH	DWORD [4+EAX]
   921 0000096E FF 30                           	PUSH	DWORD [EAX]
   922 00000970 E8 [00000000]                   	CALL	_boxfill8
   923 00000975 8B 45 08                        	MOV	EAX,DWORD [8+EBP]
   924 00000978 83 C4 38                        	ADD	ESP,56
   925 0000097B 8B 5D EC                        	MOV	EBX,DWORD [-20+EBP]
   926 0000097E 83 C3 02                        	ADD	EBX,2
   927 00000981 53                              	PUSH	EBX
   928 00000982 FF 75 E8                        	PUSH	DWORD [-24+EBP]
   929 00000985 53                              	PUSH	EBX
   930 00000986 57                              	PUSH	EDI
   931 00000987 6A 07                           	PUSH	7
   932 00000989 FF 70 04                        	PUSH	DWORD [4+EAX]
   933 0000098C FF 30                           	PUSH	DWORD [EAX]
   934 0000098E E8 [00000000]                   	CALL	_boxfill8
   935 00000993 8B 45 F0                        	MOV	EAX,DWORD [-16+EBP]
   936 00000996 53                              	PUSH	EBX
   937 00000997 83 C0 02                        	ADD	EAX,2
   938 0000099A 50                              	PUSH	EAX
   939 0000099B 56                              	PUSH	ESI
   940 0000099C 50                              	PUSH	EAX
   941 0000099D 8B 45 08                        	MOV	EAX,DWORD [8+EBP]
   942 000009A0 6A 07                           	PUSH	7
   943 000009A2 FF 70 04                        	PUSH	DWORD [4+EAX]
   944 000009A5 FF 30                           	PUSH	DWORD [EAX]
   945 000009A7 E8 [00000000]                   	CALL	_boxfill8
   946 000009AC 8B 45 08                        	MOV	EAX,DWORD [8+EBP]
   947 000009AF 83 C4 38                        	ADD	ESP,56
   948 000009B2 8B 5D 10                        	MOV	EBX,DWORD [16+EBP]
   949 000009B5 83 EB 02                        	SUB	EBX,2
   950 000009B8 8B 7D 0C                        	MOV	EDI,DWORD [12+EBP]
   951 000009BB 53                              	PUSH	EBX
   952 000009BC 4F                              	DEC	EDI
   953 000009BD FF 75 F0                        	PUSH	DWORD [-16+EBP]
   954 000009C0 53                              	PUSH	EBX
   955 000009C1 57                              	PUSH	EDI
   956 000009C2 6A 00                           	PUSH	0
   957 000009C4 FF 70 04                        	PUSH	DWORD [4+EAX]
   958 000009C7 FF 30                           	PUSH	DWORD [EAX]
   959 000009C9 E8 [00000000]                   	CALL	_boxfill8
   960 000009CE 8B 45 08                        	MOV	EAX,DWORD [8+EBP]
   961 000009D1 FF 75 EC                        	PUSH	DWORD [-20+EBP]
   962 000009D4 FF 75 E4                        	PUSH	DWORD [-28+EBP]
   963 000009D7 53                              	PUSH	EBX
   964 000009D8 FF 75 E4                        	PUSH	DWORD [-28+EBP]
   965 000009DB 6A 00                           	PUSH	0
   966 000009DD FF 70 04                        	PUSH	DWORD [4+EAX]
   967 000009E0 FF 30                           	PUSH	DWORD [EAX]
   968 000009E2 E8 [00000000]                   	CALL	_boxfill8
   969 000009E7 8B 45 08                        	MOV	EAX,DWORD [8+EBP]
   970 000009EA 83 C4 38                        	ADD	ESP,56
   971 000009ED FF 75 E0                        	PUSH	DWORD [-32+EBP]
   972 000009F0 FF 75 F0                        	PUSH	DWORD [-16+EBP]
   973 000009F3 FF 75 E0                        	PUSH	DWORD [-32+EBP]
   974 000009F6 FF 75 E4                        	PUSH	DWORD [-28+EBP]
   975 000009F9 6A 08                           	PUSH	8
   976 000009FB FF 70 04                        	PUSH	DWORD [4+EAX]
   977 000009FE FF 30                           	PUSH	DWORD [EAX]
   978 00000A00 E8 [00000000]                   	CALL	_boxfill8
   979 00000A05 8B 45 08                        	MOV	EAX,DWORD [8+EBP]
   980 00000A08 FF 75 E0                        	PUSH	DWORD [-32+EBP]
   981 00000A0B FF 75 E8                        	PUSH	DWORD [-24+EBP]
   982 00000A0E 53                              	PUSH	EBX
   983 00000A0F FF 75 E8                        	PUSH	DWORD [-24+EBP]
   984 00000A12 6A 08                           	PUSH	8
   985 00000A14 FF 70 04                        	PUSH	DWORD [4+EAX]
   986 00000A17 FF 30                           	PUSH	DWORD [EAX]
   987 00000A19 E8 [00000000]                   	CALL	_boxfill8
   988 00000A1E 8B 45 10                        	MOV	EAX,DWORD [16+EBP]
   989 00000A21 83 C4 38                        	ADD	ESP,56
   990 00000A24 48                              	DEC	EAX
   991 00000A25 FF 75 EC                        	PUSH	DWORD [-20+EBP]
   992 00000A28 FF 75 F0                        	PUSH	DWORD [-16+EBP]
   993 00000A2B 50                              	PUSH	EAX
   994 00000A2C 57                              	PUSH	EDI
   995 00000A2D 0F B6 45 1C                     	MOVZX	EAX,BYTE [28+EBP]
   996 00000A31 50                              	PUSH	EAX
   997 00000A32 8B 45 08                        	MOV	EAX,DWORD [8+EBP]
   998 00000A35 FF 70 04                        	PUSH	DWORD [4+EAX]
   999 00000A38 FF 30                           	PUSH	DWORD [EAX]
  1000 00000A3A E8 [00000000]                   	CALL	_boxfill8
  1001 00000A3F 8D 65 F4                        	LEA	ESP,DWORD [-12+EBP]
  1002 00000A42 5B                              	POP	EBX
  1003 00000A43 5E                              	POP	ESI
  1004 00000A44 5F                              	POP	EDI
  1005 00000A45 5D                              	POP	EBP
  1006 00000A46 C3                              	RET
  1007                                          [SECTION .data]
  1008 00000184                                 LC8:
  1009 00000184 25 31 31 64 00                  	DB	"%11d",0x00
  1010                                          [SECTION .text]
  1011 00000A47                                 	GLOBAL	_task_b_main
  1012 00000A47                                 _task_b_main:
  1013 00000A47 55                              	PUSH	EBP
  1014 00000A48 89 E5                           	MOV	EBP,ESP
  1015 00000A4A 57                              	PUSH	EDI
  1016 00000A4B 56                              	PUSH	ESI
  1017 00000A4C 53                              	PUSH	EBX
  1018 00000A4D 8D 85 FFFFFDD4                  	LEA	EAX,DWORD [-556+EBP]
  1019 00000A53 81 EC 00000238                  	SUB	ESP,568
  1020 00000A59 8D 5D D4                        	LEA	EBX,DWORD [-44+EBP]
  1021 00000A5C C7 85 FFFFFDC0 00000000         	MOV	DWORD [-576+EBP],0
  1022 00000A66 50                              	PUSH	EAX
  1023 00000A67 68 00000080                     	PUSH	128
  1024 00000A6C 53                              	PUSH	EBX
  1025 00000A6D C7 85 FFFFFDBC 00000000         	MOV	DWORD [-580+EBP],0
  1026 00000A77 E8 [00000000]                   	CALL	_fifo32_init
  1027 00000A7C E8 [00000000]                   	CALL	_timer_alloc
  1028 00000A81 6A 01                           	PUSH	1
  1029 00000A83 53                              	PUSH	EBX
  1030 00000A84 89 C7                           	MOV	EDI,EAX
  1031 00000A86 50                              	PUSH	EAX
  1032 00000A87 E8 [00000000]                   	CALL	_timer_init
  1033 00000A8C 6A 01                           	PUSH	1
  1034 00000A8E 57                              	PUSH	EDI
  1035 00000A8F E8 [00000000]                   	CALL	_timer_settime
  1036 00000A94 83 C4 20                        	ADD	ESP,32
  1037 00000A97 E8 [00000000]                   	CALL	_timer_alloc
  1038 00000A9C 6A 64                           	PUSH	100
  1039 00000A9E 89 C6                           	MOV	ESI,EAX
  1040 00000AA0 53                              	PUSH	EBX
  1041 00000AA1 50                              	PUSH	EAX
  1042 00000AA2 E8 [00000000]                   	CALL	_timer_init
  1043 00000AA7 6A 64                           	PUSH	100
  1044 00000AA9 56                              	PUSH	ESI
  1045 00000AAA E8 [00000000]                   	CALL	_timer_settime
  1046 00000AAF 83 C4 14                        	ADD	ESP,20
  1047 00000AB2                                 L67:
  1048 00000AB2 8D 5D D4                        	LEA	EBX,DWORD [-44+EBP]
  1049 00000AB5 FF 85 FFFFFDC0                  	INC	DWORD [-576+EBP]
  1050 00000ABB E8 [00000000]                   	CALL	_io_cli
  1051 00000AC0 53                              	PUSH	EBX
  1052 00000AC1 E8 [00000000]                   	CALL	_fifo32_status
  1053 00000AC6 5A                              	POP	EDX
  1054 00000AC7 85 C0                           	TEST	EAX,EAX
  1055 00000AC9 0F 84 0000009F                  	JE	L76
  1056 00000ACF 53                              	PUSH	EBX
  1057 00000AD0 E8 [00000000]                   	CALL	_fifo32_get
  1058 00000AD5 89 C3                           	MOV	EBX,EAX
  1059 00000AD7 E8 [00000000]                   	CALL	_io_sti
  1060 00000ADC 58                              	POP	EAX
  1061 00000ADD 83 FB 01                        	CMP	EBX,1
  1062 00000AE0 74 57                           	JE	L77
  1063 00000AE2 83 FB 64                        	CMP	EBX,100
  1064 00000AE5 75 CB                           	JNE	L67
  1065 00000AE7 8B 85 FFFFFDC0                  	MOV	EAX,DWORD [-576+EBP]
  1066 00000AED 8D 9D FFFFFDC4                  	LEA	EBX,DWORD [-572+EBP]
  1067 00000AF3 2B 85 FFFFFDBC                  	SUB	EAX,DWORD [-580+EBP]
  1068 00000AF9 50                              	PUSH	EAX
  1069 00000AFA 68 [00000184]                   	PUSH	LC8
  1070 00000AFF 53                              	PUSH	EBX
  1071 00000B00 E8 [00000000]                   	CALL	_sprintf
  1072 00000B05 6A 0B                           	PUSH	11
  1073 00000B07 53                              	PUSH	EBX
  1074 00000B08 6A 0E                           	PUSH	14
  1075 00000B0A 6A 07                           	PUSH	7
  1076 00000B0C 68 00000080                     	PUSH	128
  1077 00000B11 6A 00                           	PUSH	0
  1078 00000B13 FF 75 08                        	PUSH	DWORD [8+EBP]
  1079 00000B16 E8 FFFFFD6F                     	CALL	_putfonts8_asc_sht
  1080 00000B1B 83 C4 28                        	ADD	ESP,40
  1081 00000B1E 8B 85 FFFFFDC0                  	MOV	EAX,DWORD [-576+EBP]
  1082 00000B24 6A 64                           	PUSH	100
  1083 00000B26 89 85 FFFFFDBC                  	MOV	DWORD [-580+EBP],EAX
  1084 00000B2C 56                              	PUSH	ESI
  1085 00000B2D                                 L75:
  1086 00000B2D E8 [00000000]                   	CALL	_timer_settime
  1087 00000B32 5B                              	POP	EBX
  1088 00000B33 58                              	POP	EAX
  1089 00000B34 E9 FFFFFF79                     	JMP	L67
  1090 00000B39                                 L77:
  1091 00000B39 FF B5 FFFFFDC0                  	PUSH	DWORD [-576+EBP]
  1092 00000B3F 68 [00000184]                   	PUSH	LC8
  1093 00000B44 8D 9D FFFFFDC4                  	LEA	EBX,DWORD [-572+EBP]
  1094 00000B4A 53                              	PUSH	EBX
  1095 00000B4B E8 [00000000]                   	CALL	_sprintf
  1096 00000B50 6A 0B                           	PUSH	11
  1097 00000B52 53                              	PUSH	EBX
  1098 00000B53 6A 0E                           	PUSH	14
  1099 00000B55 6A 07                           	PUSH	7
  1100 00000B57 68 00000090                     	PUSH	144
  1101 00000B5C 6A 00                           	PUSH	0
  1102 00000B5E FF 75 08                        	PUSH	DWORD [8+EBP]
  1103 00000B61 E8 FFFFFD24                     	CALL	_putfonts8_asc_sht
  1104 00000B66 83 C4 28                        	ADD	ESP,40
  1105 00000B69 6A 01                           	PUSH	1
  1106 00000B6B 57                              	PUSH	EDI
  1107 00000B6C EB BF                           	JMP	L75
  1108 00000B6E                                 L76:
  1109 00000B6E E8 [00000000]                   	CALL	_io_sti
  1110 00000B73 E9 FFFFFF3A                     	JMP	L67
