     1 00000000                                 [FORMAT "WCOFF"]
     2 00000000                                 [INSTRSET "i486p"]
     3 00000000                                 [OPTIMIZE 1]
     4 00000000                                 [OPTION 1]
     5 00000000                                 [BITS 32]
     6 00000000                                 	EXTERN	_task_now
     7 00000000                                 	EXTERN	_memman_alloc_4k
     8 00000000                                 	EXTERN	_fifo32_init
     9 00000000                                 	EXTERN	_timer_alloc
    10 00000000                                 	EXTERN	_timer_init
    11 00000000                                 	EXTERN	_timer_settime
    12 00000000                                 	EXTERN	_file_readfat
    13 00000000                                 	EXTERN	_io_cli
    14 00000000                                 	EXTERN	_fifo32_status
    15 00000000                                 	EXTERN	_fifo32_get
    16 00000000                                 	EXTERN	_io_sti
    17 00000000                                 	EXTERN	_boxfill8
    18 00000000                                 	EXTERN	_sheet_refresh
    19 00000000                                 	EXTERN	_task_sleep
    20 00000000                                 	EXTERN	_putfonts8_asc_sht
    21 00000000                                 	EXTERN	_memman_total
    22 00000000                                 	EXTERN	_sprintf
    23 00000000                                 	EXTERN	_file_search
    24 00000000                                 	EXTERN	_file_loadfile
    25 00000000                                 	EXTERN	_memman_free_4k
    26 00000000                                 	EXTERN	_set_segmdesc
    27 00000000                                 	EXTERN	_start_app
    28 00000000                                 	EXTERN	_timer_cancelall
    29 00000000                                 	EXTERN	_sheet_free
    30 00000000                                 	EXTERN	_io_in8
    31 00000000                                 	EXTERN	_io_out8
    32 00000000                                 	EXTERN	_timer_free
    33 00000000                                 	EXTERN	_memman_free
    34 00000000                                 	EXTERN	_memman_alloc
    35 00000000                                 	EXTERN	_memman_init
    36 00000000                                 	EXTERN	_putfonts8_asc
    37 00000000                                 	EXTERN	_sheet_alloc
    38 00000000                                 	EXTERN	_sheet_setbuf
    39 00000000                                 	EXTERN	_make_window8
    40 00000000                                 	EXTERN	_sheet_slide
    41 00000000                                 	EXTERN	_sheet_updown
    42 00000000                                 [FILE "console.c"]
    43                                          [SECTION .text]
    44 00000000                                 	GLOBAL	_console_task
    45 00000000                                 _console_task:
    46 00000000 55                              	PUSH	EBP
    47 00000001 89 E5                           	MOV	EBP,ESP
    48 00000003 57                              	PUSH	EDI
    49 00000004 56                              	PUSH	ESI
    50 00000005 53                              	PUSH	EBX
    51 00000006 8D B5 FFFFFDD4                  	LEA	ESI,DWORD [-556+EBP]
    52 0000000C 81 EC 00000248                  	SUB	ESP,584
    53 00000012 E8 [00000000]                   	CALL	_task_now
    54 00000017 68 00002D00                     	PUSH	11520
    55 0000001C 89 C7                           	MOV	EDI,EAX
    56 0000001E 68 003C0000                     	PUSH	3932160
    57 00000023 8D 5F 10                        	LEA	EBX,DWORD [16+EDI]
    58 00000026 E8 [00000000]                   	CALL	_memman_alloc_4k
    59 0000002B 89 B7 00000094                  	MOV	DWORD [148+EDI],ESI
    60 00000031 57                              	PUSH	EDI
    61 00000032 89 85 FFFFFDB0                  	MOV	DWORD [-592+EBP],EAX
    62 00000038 8B 45 08                        	MOV	EAX,DWORD [8+EBP]
    63 0000003B 89 85 FFFFFDD4                  	MOV	DWORD [-556+EBP],EAX
    64 00000041 8D 85 FFFFFDF4                  	LEA	EAX,DWORD [-524+EBP]
    65 00000047 50                              	PUSH	EAX
    66 00000048 68 00000080                     	PUSH	128
    67 0000004D 53                              	PUSH	EBX
    68 0000004E C7 85 FFFFFDD8 00000008         	MOV	DWORD [-552+EBP],8
    69 00000058 C7 85 FFFFFDDC 0000001C         	MOV	DWORD [-548+EBP],28
    70 00000062 C7 85 FFFFFDE0 FFFFFFFF         	MOV	DWORD [-544+EBP],-1
    71 0000006C E8 [00000000]                   	CALL	_fifo32_init
    72 00000071 E8 [00000000]                   	CALL	_timer_alloc
    73 00000076 6A 01                           	PUSH	1
    74 00000078 53                              	PUSH	EBX
    75 00000079 50                              	PUSH	EAX
    76 0000007A 89 85 FFFFFDE4                  	MOV	DWORD [-540+EBP],EAX
    77 00000080 E8 [00000000]                   	CALL	_timer_init
    78 00000085 83 C4 24                        	ADD	ESP,36
    79 00000088 6A 32                           	PUSH	50
    80 0000008A FF B5 FFFFFDE4                  	PUSH	DWORD [-540+EBP]
    81 00000090 E8 [00000000]                   	CALL	_timer_settime
    82 00000095 68 00100200                     	PUSH	1049088
    83 0000009A FF B5 FFFFFDB0                  	PUSH	DWORD [-592+EBP]
    84 000000A0 E8 [00000000]                   	CALL	_file_readfat
    85 000000A5 6A 01                           	PUSH	1
    86 000000A7 6A 3E                           	PUSH	62
    87 000000A9 56                              	PUSH	ESI
    88 000000AA E8 0000023B                     	CALL	_cons_putchar
    89 000000AF 83 C4 1C                        	ADD	ESP,28
    90 000000B2                                 L2:
    91 000000B2 8D 5F 10                        	LEA	EBX,DWORD [16+EDI]
    92 000000B5 E8 [00000000]                   	CALL	_io_cli
    93 000000BA 53                              	PUSH	EBX
    94 000000BB E8 [00000000]                   	CALL	_fifo32_status
    95 000000C0 5E                              	POP	ESI
    96 000000C1 85 C0                           	TEST	EAX,EAX
    97 000000C3 0F 84 00000210                  	JE	L24
    98 000000C9 53                              	PUSH	EBX
    99 000000CA E8 [00000000]                   	CALL	_fifo32_get
   100 000000CF 89 C6                           	MOV	ESI,EAX
   101 000000D1 E8 [00000000]                   	CALL	_io_sti
   102 000000D6 59                              	POP	ECX
   103 000000D7 83 FE 01                        	CMP	ESI,1
   104 000000DA 0F 8E 00000197                  	JLE	L25
   105 000000E0                                 L7:
   106 000000E0 83 FE 02                        	CMP	ESI,2
   107 000000E3 0F 84 0000017F                  	JE	L26
   108 000000E9                                 L12:
   109 000000E9 83 FE 03                        	CMP	ESI,3
   110 000000EC 0F 84 0000013F                  	JE	L27
   111 000000F2                                 L13:
   112 000000F2 8D 9E FFFFFF00                  	LEA	EBX,DWORD [-256+ESI]
   113 000000F8 89 9D FFFFFDAC                  	MOV	DWORD [-596+EBP],EBX
   114 000000FE 81 FB 000000FF                  	CMP	EBX,255
   115 00000104 77 54                           	JA	L14
   116 00000106 81 FE 00000108                  	CMP	ESI,264
   117 0000010C 0F 84 000000F6                  	JE	L28
   118 00000112 81 FE 0000010A                  	CMP	ESI,266
   119 00000118 0F 84 00000099                  	JE	L29
   120 0000011E 8B 8D FFFFFDD8                  	MOV	ECX,DWORD [-552+EBP]
   121 00000124 81 F9 000000EF                  	CMP	ECX,239
   122 0000012A 7F 2E                           	JG	L14
   123 0000012C 89 C8                           	MOV	EAX,ECX
   124 0000012E BA 00000008                     	MOV	EDX,8
   125 00000133 89 D3                           	MOV	EBX,EDX
   126 00000135 6A 01                           	PUSH	1
   127 00000137 99                              	CDQ
   128 00000138 F7 FB                           	IDIV	EBX
   129 0000013A 89 C1                           	MOV	ECX,EAX
   130 0000013C 89 F0                           	MOV	EAX,ESI
   131 0000013E 88 84 0D FFFFFDB2               	MOV	BYTE [-590+EBP+ECX*1],AL
   132 00000145 8D 85 FFFFFDD4                  	LEA	EAX,DWORD [-556+EBP]
   133 0000014B FF B5 FFFFFDAC                  	PUSH	DWORD [-596+EBP]
   134 00000151 50                              	PUSH	EAX
   135 00000152                                 L22:
   136 00000152 E8 00000193                     	CALL	_cons_putchar
   137 00000157                                 L23:
   138 00000157 83 C4 0C                        	ADD	ESP,12
   139 0000015A                                 L14:
   140 0000015A 83 BD FFFFFDE0 00               	CMP	DWORD [-544+EBP],0
   141 00000161 78 2E                           	JS	L21
   142 00000163 8B 8D FFFFFDDC                  	MOV	ECX,DWORD [-548+EBP]
   143 00000169 8B 95 FFFFFDD8                  	MOV	EDX,DWORD [-552+EBP]
   144 0000016F 8D 41 0F                        	LEA	EAX,DWORD [15+ECX]
   145 00000172 50                              	PUSH	EAX
   146 00000173 8D 42 07                        	LEA	EAX,DWORD [7+EDX]
   147 00000176 50                              	PUSH	EAX
   148 00000177 51                              	PUSH	ECX
   149 00000178 8B 4D 08                        	MOV	ECX,DWORD [8+EBP]
   150 0000017B 52                              	PUSH	EDX
   151 0000017C 0F B6 85 FFFFFDE0               	MOVZX	EAX,BYTE [-544+EBP]
   152 00000183 50                              	PUSH	EAX
   153 00000184 FF 71 04                        	PUSH	DWORD [4+ECX]
   154 00000187 FF 31                           	PUSH	DWORD [ECX]
   155 00000189 E8 [00000000]                   	CALL	_boxfill8
   156 0000018E 83 C4 1C                        	ADD	ESP,28
   157 00000191                                 L21:
   158 00000191 8B 8D FFFFFDDC                  	MOV	ECX,DWORD [-548+EBP]
   159 00000197 8B 95 FFFFFDD8                  	MOV	EDX,DWORD [-552+EBP]
   160 0000019D 8D 41 10                        	LEA	EAX,DWORD [16+ECX]
   161 000001A0 50                              	PUSH	EAX
   162 000001A1 8D 42 08                        	LEA	EAX,DWORD [8+EDX]
   163 000001A4 50                              	PUSH	EAX
   164 000001A5 51                              	PUSH	ECX
   165 000001A6 52                              	PUSH	EDX
   166 000001A7 FF 75 08                        	PUSH	DWORD [8+EBP]
   167 000001AA E8 [00000000]                   	CALL	_sheet_refresh
   168 000001AF 83 C4 14                        	ADD	ESP,20
   169 000001B2 E9 FFFFFEFB                     	JMP	L2
   170 000001B7                                 L29:
   171 000001B7 6A 00                           	PUSH	0
   172 000001B9 8D 9D FFFFFDD4                  	LEA	EBX,DWORD [-556+EBP]
   173 000001BF 6A 20                           	PUSH	32
   174 000001C1 53                              	PUSH	EBX
   175 000001C2 E8 00000123                     	CALL	_cons_putchar
   176 000001C7 53                              	PUSH	EBX
   177 000001C8 8B 85 FFFFFDD8                  	MOV	EAX,DWORD [-552+EBP]
   178 000001CE BA 00000008                     	MOV	EDX,8
   179 000001D3 89 D1                           	MOV	ECX,EDX
   180 000001D5 99                              	CDQ
   181 000001D6 F7 F9                           	IDIV	ECX
   182 000001D8 C6 84 05 FFFFFDB2 00            	MOV	BYTE [-590+EBP+EAX*1],0
   183 000001E0 E8 000001A8                     	CALL	_cons_newline
   184 000001E5 8D 85 FFFFFDB4                  	LEA	EAX,DWORD [-588+EBP]
   185 000001EB FF 75 0C                        	PUSH	DWORD [12+EBP]
   186 000001EE FF B5 FFFFFDB0                  	PUSH	DWORD [-592+EBP]
   187 000001F4 53                              	PUSH	EBX
   188 000001F5 50                              	PUSH	EAX
   189 000001F6 E8 000002AE                     	CALL	_cons_runcmd
   190 000001FB 83 C4 20                        	ADD	ESP,32
   191 000001FE 6A 01                           	PUSH	1
   192 00000200 6A 3E                           	PUSH	62
   193 00000202 53                              	PUSH	EBX
   194 00000203 E9 FFFFFF4A                     	JMP	L22
   195 00000208                                 L28:
   196 00000208 83 BD FFFFFDD8 10               	CMP	DWORD [-552+EBP],16
   197 0000020F 0F 8E FFFFFF45                  	JLE	L14
   198 00000215 6A 00                           	PUSH	0
   199 00000217 8D 85 FFFFFDD4                  	LEA	EAX,DWORD [-556+EBP]
   200 0000021D 6A 20                           	PUSH	32
   201 0000021F 50                              	PUSH	EAX
   202 00000220 E8 000000C5                     	CALL	_cons_putchar
   203 00000225 83 AD FFFFFDD8 08               	SUB	DWORD [-552+EBP],8
   204 0000022C E9 FFFFFF26                     	JMP	L23
   205 00000231                                 L27:
   206 00000231 8B 8D FFFFFDDC                  	MOV	ECX,DWORD [-548+EBP]
   207 00000237 8B 95 FFFFFDD8                  	MOV	EDX,DWORD [-552+EBP]
   208 0000023D 8D 41 0F                        	LEA	EAX,DWORD [15+ECX]
   209 00000240 50                              	PUSH	EAX
   210 00000241 8D 42 07                        	LEA	EAX,DWORD [7+EDX]
   211 00000244 50                              	PUSH	EAX
   212 00000245 51                              	PUSH	ECX
   213 00000246 8B 4D 08                        	MOV	ECX,DWORD [8+EBP]
   214 00000249 52                              	PUSH	EDX
   215 0000024A 6A 00                           	PUSH	0
   216 0000024C FF 71 04                        	PUSH	DWORD [4+ECX]
   217 0000024F FF 31                           	PUSH	DWORD [ECX]
   218 00000251 E8 [00000000]                   	CALL	_boxfill8
   219 00000256 83 C4 1C                        	ADD	ESP,28
   220 00000259 C7 85 FFFFFDE0 FFFFFFFF         	MOV	DWORD [-544+EBP],-1
   221 00000263 E9 FFFFFE8A                     	JMP	L13
   222 00000268                                 L26:
   223 00000268 C7 85 FFFFFDE0 00000007         	MOV	DWORD [-544+EBP],7
   224 00000272 E9 FFFFFE72                     	JMP	L12
   225 00000277                                 L25:
   226 00000277 85 F6                           	TEST	ESI,ESI
   227 00000279 74 38                           	JE	L8
   228 0000027B 6A 00                           	PUSH	0
   229 0000027D 53                              	PUSH	EBX
   230 0000027E FF B5 FFFFFDE4                  	PUSH	DWORD [-540+EBP]
   231 00000284 E8 [00000000]                   	CALL	_timer_init
   232 00000289 83 C4 0C                        	ADD	ESP,12
   233 0000028C 83 BD FFFFFDE0 00               	CMP	DWORD [-544+EBP],0
   234 00000293 78 0A                           	JS	L10
   235 00000295 C7 85 FFFFFDE0 00000007         	MOV	DWORD [-544+EBP],7
   236 0000029F                                 L10:
   237 0000029F 6A 32                           	PUSH	50
   238 000002A1 FF B5 FFFFFDE4                  	PUSH	DWORD [-540+EBP]
   239 000002A7 E8 [00000000]                   	CALL	_timer_settime
   240 000002AC 58                              	POP	EAX
   241 000002AD 5A                              	POP	EDX
   242 000002AE E9 FFFFFE2D                     	JMP	L7
   243 000002B3                                 L8:
   244 000002B3 6A 01                           	PUSH	1
   245 000002B5 53                              	PUSH	EBX
   246 000002B6 FF B5 FFFFFDE4                  	PUSH	DWORD [-540+EBP]
   247 000002BC E8 [00000000]                   	CALL	_timer_init
   248 000002C1 83 C4 0C                        	ADD	ESP,12
   249 000002C4 83 BD FFFFFDE0 00               	CMP	DWORD [-544+EBP],0
   250 000002CB 78 D2                           	JS	L10
   251 000002CD C7 85 FFFFFDE0 00000000         	MOV	DWORD [-544+EBP],0
   252 000002D7 EB C6                           	JMP	L10
   253 000002D9                                 L24:
   254 000002D9 57                              	PUSH	EDI
   255 000002DA E8 [00000000]                   	CALL	_task_sleep
   256 000002DF E8 [00000000]                   	CALL	_io_sti
   257 000002E4 5B                              	POP	EBX
   258 000002E5 E9 FFFFFDC8                     	JMP	L2
   259                                          [SECTION .data]
   260 00000000                                 LC0:
   261 00000000 20 00                           	DB	" ",0x00
   262                                          [SECTION .text]
   263 000002EA                                 	GLOBAL	_cons_putchar
   264 000002EA                                 _cons_putchar:
   265 000002EA 55                              	PUSH	EBP
   266 000002EB 89 E5                           	MOV	EBP,ESP
   267 000002ED 53                              	PUSH	EBX
   268 000002EE 50                              	PUSH	EAX
   269 000002EF 8B 45 0C                        	MOV	EAX,DWORD [12+EBP]
   270 000002F2 8A 55 10                        	MOV	DL,BYTE [16+EBP]
   271 000002F5 8B 5D 08                        	MOV	EBX,DWORD [8+EBP]
   272 000002F8 88 55 F9                        	MOV	BYTE [-7+EBP],DL
   273 000002FB 88 45 FA                        	MOV	BYTE [-6+EBP],AL
   274 000002FE 3C 09                           	CMP	AL,9
   275 00000300 C6 45 FB 00                     	MOV	BYTE [-5+EBP],0
   276 00000304 74 46                           	JE	L32
   277 00000306 3C 0A                           	CMP	AL,10
   278 00000308 74 39                           	JE	L44
   279 0000030A 3C 0D                           	CMP	AL,13
   280 0000030C 74 30                           	JE	L30
   281 0000030E 6A 01                           	PUSH	1
   282 00000310 8D 45 FA                        	LEA	EAX,DWORD [-6+EBP]
   283 00000313 50                              	PUSH	EAX
   284 00000314 6A 00                           	PUSH	0
   285 00000316 6A 07                           	PUSH	7
   286 00000318 FF 73 08                        	PUSH	DWORD [8+EBX]
   287 0000031B FF 73 04                        	PUSH	DWORD [4+EBX]
   288 0000031E FF 33                           	PUSH	DWORD [EBX]
   289 00000320 E8 [00000000]                   	CALL	_putfonts8_asc_sht
   290 00000325 83 C4 1C                        	ADD	ESP,28
   291 00000328 80 7D F9 00                     	CMP	BYTE [-7+EBP],0
   292 0000032C 74 10                           	JE	L30
   293 0000032E 8B 43 04                        	MOV	EAX,DWORD [4+EBX]
   294 00000331 83 C0 08                        	ADD	EAX,8
   295 00000334 89 43 04                        	MOV	DWORD [4+EBX],EAX
   296 00000337 3D 000000F8                     	CMP	EAX,248
   297 0000033C 74 05                           	JE	L44
   298 0000033E                                 L30:
   299 0000033E 8B 5D FC                        	MOV	EBX,DWORD [-4+EBP]
   300 00000341 C9                              	LEAVE
   301 00000342 C3                              	RET
   302 00000343                                 L44:
   303 00000343 53                              	PUSH	EBX
   304 00000344 E8 00000044                     	CALL	_cons_newline
   305 00000349 58                              	POP	EAX
   306 0000034A EB F2                           	JMP	L30
   307 0000034C                                 L32:
   308 0000034C 6A 01                           	PUSH	1
   309 0000034E 68 [00000000]                   	PUSH	LC0
   310 00000353 6A 00                           	PUSH	0
   311 00000355 6A 07                           	PUSH	7
   312 00000357 FF 73 08                        	PUSH	DWORD [8+EBX]
   313 0000035A FF 73 04                        	PUSH	DWORD [4+EBX]
   314 0000035D FF 33                           	PUSH	DWORD [EBX]
   315 0000035F E8 [00000000]                   	CALL	_putfonts8_asc_sht
   316 00000364 83 C4 1C                        	ADD	ESP,28
   317 00000367 8B 43 04                        	MOV	EAX,DWORD [4+EBX]
   318 0000036A 83 C0 08                        	ADD	EAX,8
   319 0000036D 89 43 04                        	MOV	DWORD [4+EBX],EAX
   320 00000370 3D 000000F8                     	CMP	EAX,248
   321 00000375 74 0D                           	JE	L45
   322 00000377                                 L35:
   323 00000377 8B 43 04                        	MOV	EAX,DWORD [4+EBX]
   324 0000037A 83 E8 08                        	SUB	EAX,8
   325 0000037D 83 E0 1F                        	AND	EAX,31
   326 00000380 75 CA                           	JNE	L32
   327 00000382 EB BA                           	JMP	L30
   328 00000384                                 L45:
   329 00000384 53                              	PUSH	EBX
   330 00000385 E8 00000003                     	CALL	_cons_newline
   331 0000038A 58                              	POP	EAX
   332 0000038B EB EA                           	JMP	L35
   333 0000038D                                 	GLOBAL	_cons_newline
   334 0000038D                                 _cons_newline:
   335 0000038D 55                              	PUSH	EBP
   336 0000038E 89 E5                           	MOV	EBP,ESP
   337 00000390 57                              	PUSH	EDI
   338 00000391 56                              	PUSH	ESI
   339 00000392 53                              	PUSH	EBX
   340 00000393 50                              	PUSH	EAX
   341 00000394 8B 45 08                        	MOV	EAX,DWORD [8+EBP]
   342 00000397 8B 55 08                        	MOV	EDX,DWORD [8+EBP]
   343 0000039A 8B 00                           	MOV	EAX,DWORD [EAX]
   344 0000039C 89 45 F0                        	MOV	DWORD [-16+EBP],EAX
   345 0000039F 8B 42 08                        	MOV	EAX,DWORD [8+EDX]
   346 000003A2 3D 0000008B                     	CMP	EAX,139
   347 000003A7 7F 18                           	JG	L47
   348 000003A9 83 C0 10                        	ADD	EAX,16
   349 000003AC 89 42 08                        	MOV	DWORD [8+EDX],EAX
   350 000003AF                                 L48:
   351 000003AF 8B 45 08                        	MOV	EAX,DWORD [8+EBP]
   352 000003B2 C7 40 04 00000008               	MOV	DWORD [4+EAX],8
   353 000003B9 8D 65 F4                        	LEA	ESP,DWORD [-12+EBP]
   354 000003BC 5B                              	POP	EBX
   355 000003BD 5E                              	POP	ESI
   356 000003BE 5F                              	POP	EDI
   357 000003BF 5D                              	POP	EBP
   358 000003C0 C3                              	RET
   359 000003C1                                 L47:
   360 000003C1 BF 0000001C                     	MOV	EDI,28
   361 000003C6                                 L58:
   362 000003C6 BE 00000008                     	MOV	ESI,8
   363 000003CB                                 L57:
   364 000003CB 8B 45 F0                        	MOV	EAX,DWORD [-16+EBP]
   365 000003CE 89 FA                           	MOV	EDX,EDI
   366 000003D0 8B 48 04                        	MOV	ECX,DWORD [4+EAX]
   367 000003D3 8B 18                           	MOV	EBX,DWORD [EAX]
   368 000003D5 8D 47 10                        	LEA	EAX,DWORD [16+EDI]
   369 000003D8 0F AF C1                        	IMUL	EAX,ECX
   370 000003DB 0F AF D1                        	IMUL	EDX,ECX
   371 000003DE 8D 04 30                        	LEA	EAX,DWORD [EAX+ESI*1]
   372 000003E1 8D 14 32                        	LEA	EDX,DWORD [EDX+ESI*1]
   373 000003E4 46                              	INC	ESI
   374 000003E5 8A 04 18                        	MOV	AL,BYTE [EAX+EBX*1]
   375 000003E8 81 FE 000000F7                  	CMP	ESI,247
   376 000003EE 88 04 1A                        	MOV	BYTE [EDX+EBX*1],AL
   377 000003F1 7E D8                           	JLE	L57
   378 000003F3 47                              	INC	EDI
   379 000003F4 81 FF 0000008B                  	CMP	EDI,139
   380 000003FA 7E CA                           	JLE	L58
   381 000003FC BF 0000008C                     	MOV	EDI,140
   382 00000401                                 L68:
   383 00000401 BE 00000008                     	MOV	ESI,8
   384 00000406                                 L67:
   385 00000406 8B 55 F0                        	MOV	EDX,DWORD [-16+EBP]
   386 00000409 89 F8                           	MOV	EAX,EDI
   387 0000040B 89 D1                           	MOV	ECX,EDX
   388 0000040D 0F AF 42 04                     	IMUL	EAX,DWORD [4+EDX]
   389 00000411 8B 12                           	MOV	EDX,DWORD [EDX]
   390 00000413 8D 04 30                        	LEA	EAX,DWORD [EAX+ESI*1]
   391 00000416 46                              	INC	ESI
   392 00000417 81 FE 000000F7                  	CMP	ESI,247
   393 0000041D C6 04 10 00                     	MOV	BYTE [EAX+EDX*1],0
   394 00000421 7E E3                           	JLE	L67
   395 00000423 47                              	INC	EDI
   396 00000424 81 FF 0000009B                  	CMP	EDI,155
   397 0000042A 7E D5                           	JLE	L68
   398 0000042C 68 0000009C                     	PUSH	156
   399 00000431 68 000000F8                     	PUSH	248
   400 00000436 6A 1C                           	PUSH	28
   401 00000438 6A 08                           	PUSH	8
   402 0000043A 51                              	PUSH	ECX
   403 0000043B E8 [00000000]                   	CALL	_sheet_refresh
   404 00000440 83 C4 14                        	ADD	ESP,20
   405 00000443 E9 FFFFFF67                     	JMP	L48
   406 00000448                                 	GLOBAL	_cons_putstr0
   407 00000448                                 _cons_putstr0:
   408 00000448 55                              	PUSH	EBP
   409 00000449 89 E5                           	MOV	EBP,ESP
   410 0000044B 56                              	PUSH	ESI
   411 0000044C 53                              	PUSH	EBX
   412 0000044D 8B 5D 0C                        	MOV	EBX,DWORD [12+EBP]
   413 00000450 8B 75 08                        	MOV	ESI,DWORD [8+EBP]
   414 00000453 80 3B 00                        	CMP	BYTE [EBX],0
   415 00000456 75 07                           	JNE	L82
   416 00000458                                 L84:
   417 00000458 8D 65 F8                        	LEA	ESP,DWORD [-8+EBP]
   418 0000045B 5B                              	POP	EBX
   419 0000045C 5E                              	POP	ESI
   420 0000045D 5D                              	POP	EBP
   421 0000045E C3                              	RET
   422 0000045F                                 L82:
   423 0000045F 6A 01                           	PUSH	1
   424 00000461 0F BE 03                        	MOVSX	EAX,BYTE [EBX]
   425 00000464 50                              	PUSH	EAX
   426 00000465 43                              	INC	EBX
   427 00000466 56                              	PUSH	ESI
   428 00000467 E8 FFFFFE7E                     	CALL	_cons_putchar
   429 0000046C 83 C4 0C                        	ADD	ESP,12
   430 0000046F 80 3B 00                        	CMP	BYTE [EBX],0
   431 00000472 75 EB                           	JNE	L82
   432 00000474 EB E2                           	JMP	L84
   433 00000476                                 	GLOBAL	_cons_putstr1
   434 00000476                                 _cons_putstr1:
   435 00000476 55                              	PUSH	EBP
   436 00000477 89 E5                           	MOV	EBP,ESP
   437 00000479 57                              	PUSH	EDI
   438 0000047A 56                              	PUSH	ESI
   439 0000047B 53                              	PUSH	EBX
   440 0000047C 8B 75 10                        	MOV	ESI,DWORD [16+EBP]
   441 0000047F 31 DB                           	XOR	EBX,EBX
   442 00000481 8B 7D 0C                        	MOV	EDI,DWORD [12+EBP]
   443 00000484 39 F3                           	CMP	EBX,ESI
   444 00000486 7C 08                           	JL	L90
   445 00000488                                 L92:
   446 00000488 8D 65 F4                        	LEA	ESP,DWORD [-12+EBP]
   447 0000048B 5B                              	POP	EBX
   448 0000048C 5E                              	POP	ESI
   449 0000048D 5F                              	POP	EDI
   450 0000048E 5D                              	POP	EBP
   451 0000048F C3                              	RET
   452 00000490                                 L90:
   453 00000490 6A 01                           	PUSH	1
   454 00000492 0F BE 04 3B                     	MOVSX	EAX,BYTE [EBX+EDI*1]
   455 00000496 50                              	PUSH	EAX
   456 00000497 43                              	INC	EBX
   457 00000498 FF 75 08                        	PUSH	DWORD [8+EBP]
   458 0000049B E8 FFFFFE4A                     	CALL	_cons_putchar
   459 000004A0 83 C4 0C                        	ADD	ESP,12
   460 000004A3 39 F3                           	CMP	EBX,ESI
   461 000004A5 7C E9                           	JL	L90
   462 000004A7 EB DF                           	JMP	L92
   463                                          [SECTION .data]
   464 00000002                                 LC1:
   465 00000002 6D 65 6D 00                     	DB	"mem",0x00
   466 00000006                                 LC2:
   467 00000006 63 6C 73 00                     	DB	"cls",0x00
   468 0000000A                                 LC3:
   469 0000000A 64 69 72 00                     	DB	"dir",0x00
   470 0000000E                                 LC4:
   471 0000000E 74 79 70 65 20 00               	DB	"type ",0x00
   472 00000014                                 LC5:
   473 00000014 42 61 64 20 63 6F 6D 6D 61 6E   	DB	"Bad command.",0x0A,0x0A,0x00
       0000001E 64 2E 0A 0A 00 
   474                                          [SECTION .text]
   475 000004A9                                 	GLOBAL	_cons_runcmd
   476 000004A9                                 _cons_runcmd:
   477 000004A9 55                              	PUSH	EBP
   478 000004AA 89 E5                           	MOV	EBP,ESP
   479 000004AC 57                              	PUSH	EDI
   480 000004AD 56                              	PUSH	ESI
   481 000004AE BF [00000002]                   	MOV	EDI,LC1
   482 000004B3 53                              	PUSH	EBX
   483 000004B4 83 EC 0C                        	SUB	ESP,12
   484 000004B7 8B 45 08                        	MOV	EAX,DWORD [8+EBP]
   485 000004BA 8B 4D 10                        	MOV	ECX,DWORD [16+EBP]
   486 000004BD 89 45 E8                        	MOV	DWORD [-24+EBP],EAX
   487 000004C0 89 4D F0                        	MOV	DWORD [-16+EBP],ECX
   488 000004C3 8B 45 14                        	MOV	EAX,DWORD [20+EBP]
   489 000004C6 8B 75 E8                        	MOV	ESI,DWORD [-24+EBP]
   490 000004C9 89 45 EC                        	MOV	DWORD [-20+EBP],EAX
   491 000004CC 8B 5D 0C                        	MOV	EBX,DWORD [12+EBP]
   492 000004CF B8 00000004                     	MOV	EAX,4
   493 000004D4 FC                              	CLD
   494 000004D5 89 C1                           	MOV	ECX,EAX
   495 000004D7 F3                              	REPE
   496 000004D8 A6                              	CMPSB
   497 000004D9 0F 84 000000AD                  	JE	L104
   498 000004DF B8 00000004                     	MOV	EAX,4
   499 000004E4 8B 75 E8                        	MOV	ESI,DWORD [-24+EBP]
   500 000004E7 FC                              	CLD
   501 000004E8 BF [00000006]                   	MOV	EDI,LC2
   502 000004ED 89 C1                           	MOV	ECX,EAX
   503 000004EF F3                              	REPE
   504 000004F0 A6                              	CMPSB
   505 000004F1 0F 84 00000089                  	JE	L105
   506 000004F7 B8 00000004                     	MOV	EAX,4
   507 000004FC 8B 75 E8                        	MOV	ESI,DWORD [-24+EBP]
   508 000004FF FC                              	CLD
   509 00000500 BF [0000000A]                   	MOV	EDI,LC3
   510 00000505 89 C1                           	MOV	ECX,EAX
   511 00000507 F3                              	REPE
   512 00000508 A6                              	CMPSB
   513 00000509 74 66                           	JE	L106
   514 0000050B B8 00000005                     	MOV	EAX,5
   515 00000510 8B 75 E8                        	MOV	ESI,DWORD [-24+EBP]
   516 00000513 FC                              	CLD
   517 00000514 BF [0000000E]                   	MOV	EDI,LC4
   518 00000519 89 C1                           	MOV	ECX,EAX
   519 0000051B F3                              	REPE
   520 0000051C A6                              	CMPSB
   521 0000051D 74 37                           	JE	L107
   522 0000051F 8B 45 E8                        	MOV	EAX,DWORD [-24+EBP]
   523 00000522 80 38 00                        	CMP	BYTE [EAX],0
   524 00000525 75 08                           	JNE	L108
   525 00000527                                 L93:
   526 00000527 8D 65 F4                        	LEA	ESP,DWORD [-12+EBP]
   527 0000052A 5B                              	POP	EBX
   528 0000052B 5E                              	POP	ESI
   529 0000052C 5F                              	POP	EDI
   530 0000052D 5D                              	POP	EBP
   531 0000052E C3                              	RET
   532 0000052F                                 L108:
   533 0000052F 50                              	PUSH	EAX
   534 00000530 FF 75 F0                        	PUSH	DWORD [-16+EBP]
   535 00000533 53                              	PUSH	EBX
   536 00000534 E8 00000225                     	CALL	_cmd_app
   537 00000539 83 C4 0C                        	ADD	ESP,12
   538 0000053C 85 C0                           	TEST	EAX,EAX
   539 0000053E 75 E7                           	JNE	L93
   540 00000540 C7 45 0C [00000014]             	MOV	DWORD [12+EBP],LC5
   541 00000547 89 5D 08                        	MOV	DWORD [8+EBP],EBX
   542 0000054A 8D 65 F4                        	LEA	ESP,DWORD [-12+EBP]
   543 0000054D 5B                              	POP	EBX
   544 0000054E 5E                              	POP	ESI
   545 0000054F 5F                              	POP	EDI
   546 00000550 5D                              	POP	EBP
   547 00000551 E9 FFFFFEF2                     	JMP	_cons_putstr0
   548 00000556                                 L107:
   549 00000556 8B 45 E8                        	MOV	EAX,DWORD [-24+EBP]
   550 00000559 8B 4D F0                        	MOV	ECX,DWORD [-16+EBP]
   551 0000055C 89 45 10                        	MOV	DWORD [16+EBP],EAX
   552 0000055F 89 4D 0C                        	MOV	DWORD [12+EBP],ECX
   553 00000562 89 5D 08                        	MOV	DWORD [8+EBP],EBX
   554 00000565 8D 65 F4                        	LEA	ESP,DWORD [-12+EBP]
   555 00000568 5B                              	POP	EBX
   556 00000569 5E                              	POP	ESI
   557 0000056A 5F                              	POP	EDI
   558 0000056B 5D                              	POP	EBP
   559 0000056C E9 0000015D                     	JMP	_cmd_type
   560 00000571                                 L106:
   561 00000571 89 5D 08                        	MOV	DWORD [8+EBP],EBX
   562 00000574 8D 65 F4                        	LEA	ESP,DWORD [-12+EBP]
   563 00000577 5B                              	POP	EBX
   564 00000578 5E                              	POP	ESI
   565 00000579 5F                              	POP	EDI
   566 0000057A 5D                              	POP	EBP
   567 0000057B E9 000000B8                     	JMP	_cmd_dir
   568 00000580                                 L105:
   569 00000580 89 5D 08                        	MOV	DWORD [8+EBP],EBX
   570 00000583 8D 65 F4                        	LEA	ESP,DWORD [-12+EBP]
   571 00000586 5B                              	POP	EBX
   572 00000587 5E                              	POP	ESI
   573 00000588 5F                              	POP	EDI
   574 00000589 5D                              	POP	EBP
   575 0000058A EB 53                           	JMP	_cmd_cls
   576 0000058C                                 L104:
   577 0000058C 8B 45 EC                        	MOV	EAX,DWORD [-20+EBP]
   578 0000058F 89 5D 08                        	MOV	DWORD [8+EBP],EBX
   579 00000592 89 45 0C                        	MOV	DWORD [12+EBP],EAX
   580 00000595 8D 65 F4                        	LEA	ESP,DWORD [-12+EBP]
   581 00000598 5B                              	POP	EBX
   582 00000599 5E                              	POP	ESI
   583 0000059A 5F                              	POP	EDI
   584 0000059B 5D                              	POP	EBP
   585 0000059C EB 00                           	JMP	_cmd_mem
   586                                          [SECTION .data]
   587 00000023                                 LC6:
   588 00000023 74 6F 74 61 6C 20 20 20 25 64   	DB	"total   %dMB",0x0A,"free %dKB",0x0A,0x0A,0x00
       0000002D 4D 42 0A 66 72 65 65 20 25 64 
       00000037 4B 42 0A 0A 00 
   589                                          [SECTION .text]
   590 0000059E                                 	GLOBAL	_cmd_mem
   591 0000059E                                 _cmd_mem:
   592 0000059E 55                              	PUSH	EBP
   593 0000059F 89 E5                           	MOV	EBP,ESP
   594 000005A1 53                              	PUSH	EBX
   595 000005A2 83 EC 40                        	SUB	ESP,64
   596 000005A5 68 003C0000                     	PUSH	3932160
   597 000005AA E8 [00000000]                   	CALL	_memman_total
   598 000005AF BA 00100000                     	MOV	EDX,1048576
   599 000005B4 C1 E8 0A                        	SHR	EAX,10
   600 000005B7 89 D3                           	MOV	EBX,EDX
   601 000005B9 89 04 24                        	MOV	DWORD [ESP],EAX
   602 000005BC 8B 45 0C                        	MOV	EAX,DWORD [12+EBP]
   603 000005BF 99                              	CDQ
   604 000005C0 F7 FB                           	IDIV	EBX
   605 000005C2 50                              	PUSH	EAX
   606 000005C3 8D 5D BC                        	LEA	EBX,DWORD [-68+EBP]
   607 000005C6 68 [00000023]                   	PUSH	LC6
   608 000005CB 53                              	PUSH	EBX
   609 000005CC E8 [00000000]                   	CALL	_sprintf
   610 000005D1 53                              	PUSH	EBX
   611 000005D2 FF 75 08                        	PUSH	DWORD [8+EBP]
   612 000005D5 E8 FFFFFE6E                     	CALL	_cons_putstr0
   613 000005DA 8B 5D FC                        	MOV	EBX,DWORD [-4+EBP]
   614 000005DD C9                              	LEAVE
   615 000005DE C3                              	RET
   616 000005DF                                 	GLOBAL	_cmd_cls
   617 000005DF                                 _cmd_cls:
   618 000005DF 55                              	PUSH	EBP
   619 000005E0 89 E5                           	MOV	EBP,ESP
   620 000005E2 57                              	PUSH	EDI
   621 000005E3 56                              	PUSH	ESI
   622 000005E4 BE 0000001C                     	MOV	ESI,28
   623 000005E9 8B 7D 08                        	MOV	EDI,DWORD [8+EBP]
   624 000005EC 53                              	PUSH	EBX
   625 000005ED 8B 1F                           	MOV	EBX,DWORD [EDI]
   626 000005EF                                 L120:
   627 000005EF B9 00000008                     	MOV	ECX,8
   628 000005F4                                 L119:
   629 000005F4 89 F0                           	MOV	EAX,ESI
   630 000005F6 8B 13                           	MOV	EDX,DWORD [EBX]
   631 000005F8 0F AF 43 04                     	IMUL	EAX,DWORD [4+EBX]
   632 000005FC 8D 04 08                        	LEA	EAX,DWORD [EAX+ECX*1]
   633 000005FF 41                              	INC	ECX
   634 00000600 81 F9 000000F7                  	CMP	ECX,247
   635 00000606 C6 04 10 00                     	MOV	BYTE [EAX+EDX*1],0
   636 0000060A 7E E8                           	JLE	L119
   637 0000060C 46                              	INC	ESI
   638 0000060D 81 FE 0000009B                  	CMP	ESI,155
   639 00000613 7E DA                           	JLE	L120
   640 00000615 68 0000009C                     	PUSH	156
   641 0000061A 68 000000F8                     	PUSH	248
   642 0000061F 6A 1C                           	PUSH	28
   643 00000621 6A 08                           	PUSH	8
   644 00000623 53                              	PUSH	EBX
   645 00000624 E8 [00000000]                   	CALL	_sheet_refresh
   646 00000629 C7 47 08 0000001C               	MOV	DWORD [8+EDI],28
   647 00000630 8D 65 F4                        	LEA	ESP,DWORD [-12+EBP]
   648 00000633 5B                              	POP	EBX
   649 00000634 5E                              	POP	ESI
   650 00000635 5F                              	POP	EDI
   651 00000636 5D                              	POP	EBP
   652 00000637 C3                              	RET
   653                                          [SECTION .data]
   654 0000003C                                 LC7:
   655 0000003C 66 69 6C 65 6E 61 6D 65 2E 65   	DB	"filename.ext   %7d",0x0A,0x00
       00000046 78 74 20 20 20 25 37 64 0A 00 
   656                                          [SECTION .text]
   657 00000638                                 	GLOBAL	_cmd_dir
   658 00000638                                 _cmd_dir:
   659 00000638 55                              	PUSH	EBP
   660 00000639 89 E5                           	MOV	EBP,ESP
   661 0000063B 57                              	PUSH	EDI
   662 0000063C 56                              	PUSH	ESI
   663 0000063D 31 F6                           	XOR	ESI,ESI
   664 0000063F 53                              	PUSH	EBX
   665 00000640 31 DB                           	XOR	EBX,EBX
   666 00000642 83 EC 20                        	SUB	ESP,32
   667 00000645 8B 7D 08                        	MOV	EDI,DWORD [8+EBP]
   668 00000648                                 L138:
   669 00000648 8A 83 00102600                  	MOV	AL,BYTE [1058304+EBX]
   670 0000064E 84 C0                           	TEST	AL,AL
   671 00000650 74 19                           	JE	L127
   672 00000652 3C E5                           	CMP	AL,-27
   673 00000654 74 09                           	JE	L128
   674 00000656 F6 83 0010260B 18               	TEST	BYTE [1058315+EBX],24
   675 0000065D 74 1A                           	JE	L142
   676 0000065F                                 L128:
   677 0000065F 46                              	INC	ESI
   678 00000660 83 C3 20                        	ADD	EBX,32
   679 00000663 81 FE 000000DF                  	CMP	ESI,223
   680 00000669 7E DD                           	JLE	L138
   681 0000066B                                 L127:
   682 0000066B 57                              	PUSH	EDI
   683 0000066C E8 FFFFFD1C                     	CALL	_cons_newline
   684 00000671 8D 65 F4                        	LEA	ESP,DWORD [-12+EBP]
   685 00000674 5B                              	POP	EBX
   686 00000675 5E                              	POP	ESI
   687 00000676 5F                              	POP	EDI
   688 00000677 5D                              	POP	EBP
   689 00000678 C3                              	RET
   690 00000679                                 L142:
   691 00000679 FF B3 0010261C                  	PUSH	DWORD [1058332+EBX]
   692 0000067F 68 [0000003C]                   	PUSH	LC7
   693 00000684 8D 45 D4                        	LEA	EAX,DWORD [-44+EBP]
   694 00000687 50                              	PUSH	EAX
   695 00000688 E8 [00000000]                   	CALL	_sprintf
   696 0000068D 8D 93 00102600                  	LEA	EDX,DWORD [1058304+EBX]
   697 00000693 31 C9                           	XOR	ECX,ECX
   698 00000695 83 C4 0C                        	ADD	ESP,12
   699 00000698                                 L137:
   700 00000698 8A 02                           	MOV	AL,BYTE [EDX]
   701 0000069A 42                              	INC	EDX
   702 0000069B 88 44 0D D4                     	MOV	BYTE [-44+EBP+ECX*1],AL
   703 0000069F 41                              	INC	ECX
   704 000006A0 83 F9 07                        	CMP	ECX,7
   705 000006A3 7E F3                           	JLE	L137
   706 000006A5 8A 83 00102608                  	MOV	AL,BYTE [1058312+EBX]
   707 000006AB 88 45 DD                        	MOV	BYTE [-35+EBP],AL
   708 000006AE 8A 83 00102609                  	MOV	AL,BYTE [1058313+EBX]
   709 000006B4 88 45 DE                        	MOV	BYTE [-34+EBP],AL
   710 000006B7 8A 83 0010260A                  	MOV	AL,BYTE [1058314+EBX]
   711 000006BD 88 45 DF                        	MOV	BYTE [-33+EBP],AL
   712 000006C0 8D 45 D4                        	LEA	EAX,DWORD [-44+EBP]
   713 000006C3 50                              	PUSH	EAX
   714 000006C4 57                              	PUSH	EDI
   715 000006C5 E8 FFFFFD7E                     	CALL	_cons_putstr0
   716 000006CA 58                              	POP	EAX
   717 000006CB 5A                              	POP	EDX
   718 000006CC EB 91                           	JMP	L128
   719                                          [SECTION .data]
   720 00000050                                 LC8:
   721 00000050 46 69 6C 65 20 6E 6F 74 20 66   	DB	"File not found.",0x0A,0x00
       0000005A 6F 75 6E 64 2E 0A 00 
   722                                          [SECTION .text]
   723 000006CE                                 	GLOBAL	_cmd_type
   724 000006CE                                 _cmd_type:
   725 000006CE 55                              	PUSH	EBP
   726 000006CF 89 E5                           	MOV	EBP,ESP
   727 000006D1 57                              	PUSH	EDI
   728 000006D2 56                              	PUSH	ESI
   729 000006D3 53                              	PUSH	EBX
   730 000006D4 56                              	PUSH	ESI
   731 000006D5 8B 45 0C                        	MOV	EAX,DWORD [12+EBP]
   732 000006D8 8B 7D 08                        	MOV	EDI,DWORD [8+EBP]
   733 000006DB 89 45 F0                        	MOV	DWORD [-16+EBP],EAX
   734 000006DE 68 000000E0                     	PUSH	224
   735 000006E3 68 00102600                     	PUSH	1058304
   736 000006E8 8B 45 10                        	MOV	EAX,DWORD [16+EBP]
   737 000006EB 83 C0 05                        	ADD	EAX,5
   738 000006EE 50                              	PUSH	EAX
   739 000006EF E8 [00000000]                   	CALL	_file_search
   740 000006F4 83 C4 0C                        	ADD	ESP,12
   741 000006F7 89 C6                           	MOV	ESI,EAX
   742 000006F9 85 C0                           	TEST	EAX,EAX
   743 000006FB 74 52                           	JE	L144
   744 000006FD FF 70 1C                        	PUSH	DWORD [28+EAX]
   745 00000700 68 003C0000                     	PUSH	3932160
   746 00000705 E8 [00000000]                   	CALL	_memman_alloc_4k
   747 0000070A 68 00103E00                     	PUSH	1064448
   748 0000070F FF 75 F0                        	PUSH	DWORD [-16+EBP]
   749 00000712 50                              	PUSH	EAX
   750 00000713 89 C3                           	MOV	EBX,EAX
   751 00000715 FF 76 1C                        	PUSH	DWORD [28+ESI]
   752 00000718 0F B7 46 1A                     	MOVZX	EAX,WORD [26+ESI]
   753 0000071C 50                              	PUSH	EAX
   754 0000071D E8 [00000000]                   	CALL	_file_loadfile
   755 00000722 FF 76 1C                        	PUSH	DWORD [28+ESI]
   756 00000725 53                              	PUSH	EBX
   757 00000726 57                              	PUSH	EDI
   758 00000727 E8 FFFFFD4A                     	CALL	_cons_putstr1
   759 0000072C 83 C4 28                        	ADD	ESP,40
   760 0000072F FF 76 1C                        	PUSH	DWORD [28+ESI]
   761 00000732 53                              	PUSH	EBX
   762 00000733 68 003C0000                     	PUSH	3932160
   763 00000738 E8 [00000000]                   	CALL	_memman_free_4k
   764 0000073D 83 C4 0C                        	ADD	ESP,12
   765 00000740                                 L145:
   766 00000740 89 7D 08                        	MOV	DWORD [8+EBP],EDI
   767 00000743 8D 65 F4                        	LEA	ESP,DWORD [-12+EBP]
   768 00000746 5B                              	POP	EBX
   769 00000747 5E                              	POP	ESI
   770 00000748 5F                              	POP	EDI
   771 00000749 5D                              	POP	EBP
   772 0000074A E9 FFFFFC3E                     	JMP	_cons_newline
   773 0000074F                                 L144:
   774 0000074F 68 [00000050]                   	PUSH	LC8
   775 00000754 57                              	PUSH	EDI
   776 00000755 E8 FFFFFCEE                     	CALL	_cons_putstr0
   777 0000075A 59                              	POP	ECX
   778 0000075B 5B                              	POP	EBX
   779 0000075C EB E2                           	JMP	L145
   780                                          [SECTION .data]
   781 00000061                                 LC9:
   782 00000061 48 61 72 69 00                  	DB	"Hari",0x00
   783 00000066                                 LC10:
   784 00000066 2E 68 72 62 20 66 69 6C 65 20   	DB	".hrb file format error.",0x0A,0x00
       00000070 66 6F 72 6D 61 74 20 65 72 72 
       0000007A 6F 72 2E 0A 00 
   785                                          [SECTION .text]
   786 0000075E                                 	GLOBAL	_cmd_app
   787 0000075E                                 _cmd_app:
   788 0000075E 55                              	PUSH	EBP
   789 0000075F 89 E5                           	MOV	EBP,ESP
   790 00000761 57                              	PUSH	EDI
   791 00000762 56                              	PUSH	ESI
   792 00000763 53                              	PUSH	EBX
   793 00000764 31 DB                           	XOR	EBX,EBX
   794 00000766 83 EC 38                        	SUB	ESP,56
   795 00000769 8B 75 10                        	MOV	ESI,DWORD [16+EBP]
   796 0000076C E8 [00000000]                   	CALL	_task_now
   797 00000771 89 45 C8                        	MOV	DWORD [-56+EBP],EAX
   798 00000774                                 L152:
   799 00000774 8A 04 33                        	MOV	AL,BYTE [EBX+ESI*1]
   800 00000777 3C 20                           	CMP	AL,32
   801 00000779 7E 0A                           	JLE	L148
   802 0000077B 88 44 1D D4                     	MOV	BYTE [-44+EBP+EBX*1],AL
   803 0000077F 43                              	INC	EBX
   804 00000780 83 FB 0C                        	CMP	EBX,12
   805 00000783 7E EF                           	JLE	L152
   806 00000785                                 L148:
   807 00000785 68 000000E0                     	PUSH	224
   808 0000078A 8D 75 D4                        	LEA	ESI,DWORD [-44+EBP]
   809 0000078D 68 00102600                     	PUSH	1058304
   810 00000792 56                              	PUSH	ESI
   811 00000793 C6 44 1D D4 00                  	MOV	BYTE [-44+EBP+EBX*1],0
   812 00000798 E8 [00000000]                   	CALL	_file_search
   813 0000079D 83 C4 0C                        	ADD	ESP,12
   814 000007A0 85 C0                           	TEST	EAX,EAX
   815 000007A2 89 45 D0                        	MOV	DWORD [-48+EBP],EAX
   816 000007A5 0F 84 00000178                  	JE	L174
   817 000007AB                                 L173:
   818 000007AB 8B 45 D0                        	MOV	EAX,DWORD [-48+EBP]
   819 000007AE FF 70 1C                        	PUSH	DWORD [28+EAX]
   820 000007B1 68 003C0000                     	PUSH	3932160
   821 000007B6 E8 [00000000]                   	CALL	_memman_alloc_4k
   822 000007BB 8B 55 D0                        	MOV	EDX,DWORD [-48+EBP]
   823 000007BE 68 00103E00                     	PUSH	1064448
   824 000007C3 FF 75 0C                        	PUSH	DWORD [12+EBP]
   825 000007C6 50                              	PUSH	EAX
   826 000007C7 89 45 BC                        	MOV	DWORD [-68+EBP],EAX
   827 000007CA FF 72 1C                        	PUSH	DWORD [28+EDX]
   828 000007CD 0F B7 42 1A                     	MOVZX	EAX,WORD [26+EDX]
   829 000007D1 50                              	PUSH	EAX
   830 000007D2 E8 [00000000]                   	CALL	_file_loadfile
   831 000007D7 8B 7D D0                        	MOV	EDI,DWORD [-48+EBP]
   832 000007DA 83 C4 1C                        	ADD	ESP,28
   833 000007DD 83 7F 1C 23                     	CMP	DWORD [28+EDI],35
   834 000007E1 76 1F                           	JBE	L155
   835 000007E3 8B 75 BC                        	MOV	ESI,DWORD [-68+EBP]
   836 000007E6 B8 [00000061]                   	MOV	EAX,LC9
   837 000007EB FC                              	CLD
   838 000007EC 83 C6 04                        	ADD	ESI,4
   839 000007EF B9 00000004                     	MOV	ECX,4
   840 000007F4 89 C7                           	MOV	EDI,EAX
   841 000007F6 F3                              	REPE
   842 000007F7 A6                              	CMPSB
   843 000007F8 75 08                           	JNE	L155
   844 000007FA 8B 45 BC                        	MOV	EAX,DWORD [-68+EBP]
   845 000007FD 80 38 00                        	CMP	BYTE [EAX],0
   846 00000800 74 37                           	JE	L175
   847 00000802                                 L155:
   848 00000802 68 [00000066]                   	PUSH	LC10
   849 00000807 FF 75 08                        	PUSH	DWORD [8+EBP]
   850 0000080A E8 FFFFFC39                     	CALL	_cons_putstr0
   851 0000080F 5F                              	POP	EDI
   852 00000810 58                              	POP	EAX
   853 00000811                                 L167:
   854 00000811 8B 7D D0                        	MOV	EDI,DWORD [-48+EBP]
   855 00000814 FF 77 1C                        	PUSH	DWORD [28+EDI]
   856 00000817 FF 75 BC                        	PUSH	DWORD [-68+EBP]
   857 0000081A 68 003C0000                     	PUSH	3932160
   858 0000081F E8 [00000000]                   	CALL	_memman_free_4k
   859 00000824 FF 75 08                        	PUSH	DWORD [8+EBP]
   860 00000827 E8 FFFFFB61                     	CALL	_cons_newline
   861 0000082C B8 00000001                     	MOV	EAX,1
   862 00000831                                 L146:
   863 00000831 8D 65 F4                        	LEA	ESP,DWORD [-12+EBP]
   864 00000834 5B                              	POP	EBX
   865 00000835 5E                              	POP	ESI
   866 00000836 5F                              	POP	EDI
   867 00000837 5D                              	POP	EBP
   868 00000838 C3                              	RET
   869 00000839                                 L175:
   870 00000839 8B 10                           	MOV	EDX,DWORD [EAX]
   871 0000083B 8B 78 0C                        	MOV	EDI,DWORD [12+EAX]
   872 0000083E 8B 58 10                        	MOV	EBX,DWORD [16+EAX]
   873 00000841 8B 70 14                        	MOV	ESI,DWORD [20+EAX]
   874 00000844 52                              	PUSH	EDX
   875 00000845 89 55 C4                        	MOV	DWORD [-60+EBP],EDX
   876 00000848 68 003C0000                     	PUSH	3932160
   877 0000084D 89 7D C0                        	MOV	DWORD [-64+EBP],EDI
   878 00000850 E8 [00000000]                   	CALL	_memman_alloc_4k
   879 00000855 8B 7D D0                        	MOV	EDI,DWORD [-48+EBP]
   880 00000858 8B 55 C8                        	MOV	EDX,DWORD [-56+EBP]
   881 0000085B 89 45 CC                        	MOV	DWORD [-52+EBP],EAX
   882 0000085E 89 82 00000098                  	MOV	DWORD [152+EDX],EAX
   883 00000864 68 000040FA                     	PUSH	16634
   884 00000869 FF 75 BC                        	PUSH	DWORD [-68+EBP]
   885 0000086C 8B 47 1C                        	MOV	EAX,DWORD [28+EDI]
   886 0000086F 48                              	DEC	EAX
   887 00000870 50                              	PUSH	EAX
   888 00000871 68 00271F58                     	PUSH	2563928
   889 00000876 E8 [00000000]                   	CALL	_set_segmdesc
   890 0000087B 8B 45 C4                        	MOV	EAX,DWORD [-60+EBP]
   891 0000087E 68 000040F2                     	PUSH	16626
   892 00000883 48                              	DEC	EAX
   893 00000884 FF 75 CC                        	PUSH	DWORD [-52+EBP]
   894 00000887 50                              	PUSH	EAX
   895 00000888 68 00271F60                     	PUSH	2563936
   896 0000088D E8 [00000000]                   	CALL	_set_segmdesc
   897 00000892 83 C4 28                        	ADD	ESP,40
   898 00000895 85 DB                           	TEST	EBX,EBX
   899 00000897 7E 15                           	JLE	L170
   900 00000899 8B 4D C0                        	MOV	ECX,DWORD [-64+EBP]
   901 0000089C 8B 45 BC                        	MOV	EAX,DWORD [-68+EBP]
   902 0000089F 03 4D CC                        	ADD	ECX,DWORD [-52+EBP]
   903 000008A2 8D 14 30                        	LEA	EDX,DWORD [EAX+ESI*1]
   904 000008A5                                 L160:
   905 000008A5 8A 02                           	MOV	AL,BYTE [EDX]
   906 000008A7 42                              	INC	EDX
   907 000008A8 88 01                           	MOV	BYTE [ECX],AL
   908 000008AA 41                              	INC	ECX
   909 000008AB 4B                              	DEC	EBX
   910 000008AC 75 F7                           	JNE	L160
   911 000008AE                                 L170:
   912 000008AE 8B 45 C8                        	MOV	EAX,DWORD [-56+EBP]
   913 000008B1 BB 000000FF                     	MOV	EBX,255
   914 000008B6 83 C0 30                        	ADD	EAX,48
   915 000008B9 50                              	PUSH	EAX
   916 000008BA 68 00001F60                     	PUSH	8032
   917 000008BF FF 75 C0                        	PUSH	DWORD [-64+EBP]
   918 000008C2 68 00001F58                     	PUSH	8024
   919 000008C7 6A 1B                           	PUSH	27
   920 000008C9 E8 [00000000]                   	CALL	_start_app
   921 000008CE 8B 35 00000FE4                  	MOV	ESI,DWORD [4068]
   922 000008D4 83 C4 14                        	ADD	ESP,20
   923 000008D7 81 C6 00000414                  	ADD	ESI,1044
   924 000008DD                                 L166:
   925 000008DD 8B 46 1C                        	MOV	EAX,DWORD [28+ESI]
   926 000008E0 83 E0 11                        	AND	EAX,17
   927 000008E3 83 F8 11                        	CMP	EAX,17
   928 000008E6 74 2A                           	JE	L176
   929 000008E8                                 L163:
   930 000008E8 83 C6 28                        	ADD	ESI,40
   931 000008EB 4B                              	DEC	EBX
   932 000008EC 79 EF                           	JNS	L166
   933 000008EE 8B 45 C8                        	MOV	EAX,DWORD [-56+EBP]
   934 000008F1 83 C0 10                        	ADD	EAX,16
   935 000008F4 50                              	PUSH	EAX
   936 000008F5 E8 [00000000]                   	CALL	_timer_cancelall
   937 000008FA FF 75 C4                        	PUSH	DWORD [-60+EBP]
   938 000008FD FF 75 CC                        	PUSH	DWORD [-52+EBP]
   939 00000900 68 003C0000                     	PUSH	3932160
   940 00000905 E8 [00000000]                   	CALL	_memman_free_4k
   941 0000090A 83 C4 10                        	ADD	ESP,16
   942 0000090D E9 FFFFFEFF                     	JMP	L167
   943 00000912                                 L176:
   944 00000912 8B 55 C8                        	MOV	EDX,DWORD [-56+EBP]
   945 00000915 39 56 24                        	CMP	DWORD [36+ESI],EDX
   946 00000918 75 CE                           	JNE	L163
   947 0000091A 56                              	PUSH	ESI
   948 0000091B E8 [00000000]                   	CALL	_sheet_free
   949 00000920 58                              	POP	EAX
   950 00000921 EB C5                           	JMP	L163
   951 00000923                                 L174:
   952 00000923 80 7C 1D D3 2E                  	CMP	BYTE [-45+EBP+EBX*1],46
   953 00000928 74 2F                           	JE	L153
   954 0000092A 68 000000E0                     	PUSH	224
   955 0000092F 68 00102600                     	PUSH	1058304
   956 00000934 56                              	PUSH	ESI
   957 00000935 C6 44 1D D4 2E                  	MOV	BYTE [-44+EBP+EBX*1],46
   958 0000093A C6 44 1D D5 48                  	MOV	BYTE [-43+EBP+EBX*1],72
   959 0000093F C6 44 1D D6 52                  	MOV	BYTE [-42+EBP+EBX*1],82
   960 00000944 C6 44 1D D7 42                  	MOV	BYTE [-41+EBP+EBX*1],66
   961 00000949 C6 44 1D D8 00                  	MOV	BYTE [-40+EBP+EBX*1],0
   962 0000094E E8 [00000000]                   	CALL	_file_search
   963 00000953 83 C4 0C                        	ADD	ESP,12
   964 00000956 89 45 D0                        	MOV	DWORD [-48+EBP],EAX
   965 00000959                                 L153:
   966 00000959 83 7D D0 00                     	CMP	DWORD [-48+EBP],0
   967 0000095D 0F 85 FFFFFE48                  	JNE	L173
   968 00000963 31 C0                           	XOR	EAX,EAX
   969 00000965 E9 FFFFFEC7                     	JMP	L146
   970 0000096A                                 	GLOBAL	_hrb_api
   971 0000096A                                 _hrb_api:
   972 0000096A 55                              	PUSH	EBP
   973 0000096B 89 E5                           	MOV	EBP,ESP
   974 0000096D 57                              	PUSH	EDI
   975 0000096E 56                              	PUSH	ESI
   976 0000096F 53                              	PUSH	EBX
   977 00000970 83 EC 10                        	SUB	ESP,16
   978 00000973 8B 5D 1C                        	MOV	EBX,DWORD [28+EBP]
   979 00000976 E8 [00000000]                   	CALL	_task_now
   980 0000097B 8B 15 00000FE4                  	MOV	EDX,DWORD [4068]
   981 00000981 83 FB 01                        	CMP	EBX,1
   982 00000984 89 45 F0                        	MOV	DWORD [-16+EBP],EAX
   983 00000987 8B B8 00000098                  	MOV	EDI,DWORD [152+EAX]
   984 0000098D 8B 80 00000094                  	MOV	EAX,DWORD [148+EAX]
   985 00000993 89 55 E8                        	MOV	DWORD [-24+EBP],EDX
   986 00000996 89 45 EC                        	MOV	DWORD [-20+EBP],EAX
   987 00000999 0F 84 00000427                  	JE	L241
   988 0000099F 83 FB 02                        	CMP	EBX,2
   989 000009A2 0F 84 0000040B                  	JE	L242
   990 000009A8 83 FB 03                        	CMP	EBX,3
   991 000009AB 0F 84 000003EC                  	JE	L243
   992 000009B1 83 FB 04                        	CMP	EBX,4
   993 000009B4 0F 84 000003D8                  	JE	L244
   994 000009BA 83 FB 05                        	CMP	EBX,5
   995 000009BD 0F 84 00000356                  	JE	L245
   996 000009C3 83 FB 06                        	CMP	EBX,6
   997 000009C6 0F 84 00000302                  	JE	L246
   998 000009CC 83 FB 07                        	CMP	EBX,7
   999 000009CF 0F 84 000002D0                  	JE	L247
  1000 000009D5 83 FB 08                        	CMP	EBX,8
  1001 000009D8 0F 84 000002A4                  	JE	L248
  1002 000009DE 83 FB 09                        	CMP	EBX,9
  1003 000009E1 0F 84 0000027E                  	JE	L249
  1004 000009E7 83 FB 0A                        	CMP	EBX,10
  1005 000009EA 0F 84 00000258                  	JE	L250
  1006 000009F0 83 FB 0B                        	CMP	EBX,11
  1007 000009F3 0F 84 00000218                  	JE	L251
  1008 000009F9 83 FB 0C                        	CMP	EBX,12
  1009 000009FC 0F 84 000001FE                  	JE	L252
  1010 00000A02 83 FB 0D                        	CMP	EBX,13
  1011 00000A05 0F 84 000001AC                  	JE	L253
  1012 00000A0B 83 FB 0E                        	CMP	EBX,14
  1013 00000A0E 0F 84 00000196                  	JE	L254
  1014 00000A14 83 FB 0F                        	CMP	EBX,15
  1015 00000A17 0F 84 000000E9                  	JE	L211
  1016 00000A1D 83 FB 10                        	CMP	EBX,16
  1017 00000A20 0F 84 000000CF                  	JE	L255
  1018 00000A26 83 FB 11                        	CMP	EBX,17
  1019 00000A29 0F 84 000000A9                  	JE	L256
  1020 00000A2F 83 FB 12                        	CMP	EBX,18
  1021 00000A32 0F 84 0000008E                  	JE	L257
  1022 00000A38 83 FB 13                        	CMP	EBX,19
  1023 00000A3B 74 7B                           	JE	L258
  1024 00000A3D 83 FB 14                        	CMP	EBX,20
  1025 00000A40 74 0A                           	JE	L259
  1026 00000A42                                 L179:
  1027 00000A42 31 C0                           	XOR	EAX,EAX
  1028 00000A44                                 L177:
  1029 00000A44 8D 65 F4                        	LEA	ESP,DWORD [-12+EBP]
  1030 00000A47 5B                              	POP	EBX
  1031 00000A48 5E                              	POP	ESI
  1032 00000A49 5F                              	POP	EDI
  1033 00000A4A 5D                              	POP	EBP
  1034 00000A4B C3                              	RET
  1035 00000A4C                                 L259:
  1036 00000A4C 8B 55 24                        	MOV	EDX,DWORD [36+EBP]
  1037 00000A4F 85 D2                           	TEST	EDX,EDX
  1038 00000A51 75 19                           	JNE	L231
  1039 00000A53 6A 61                           	PUSH	97
  1040 00000A55 E8 [00000000]                   	CALL	_io_in8
  1041 00000A5A 89 C3                           	MOV	EBX,EAX
  1042 00000A5C 83 E3 0D                        	AND	EBX,13
  1043 00000A5F 53                              	PUSH	EBX
  1044 00000A60 6A 61                           	PUSH	97
  1045 00000A62 E8 [00000000]                   	CALL	_io_out8
  1046 00000A67                                 L233:
  1047 00000A67 83 C4 0C                        	ADD	ESP,12
  1048 00000A6A EB D6                           	JMP	L179
  1049 00000A6C                                 L231:
  1050 00000A6C B9 471E7B60                     	MOV	ECX,1193180000
  1051 00000A71 89 D6                           	MOV	ESI,EDX
  1052 00000A73 89 C8                           	MOV	EAX,ECX
  1053 00000A75 68 000000B6                     	PUSH	182
  1054 00000A7A 99                              	CDQ
  1055 00000A7B F7 FE                           	IDIV	ESI
  1056 00000A7D 6A 43                           	PUSH	67
  1057 00000A7F 89 C3                           	MOV	EBX,EAX
  1058 00000A81 E8 [00000000]                   	CALL	_io_out8
  1059 00000A86 0F B6 C3                        	MOVZX	EAX,BL
  1060 00000A89 C1 FB 08                        	SAR	EBX,8
  1061 00000A8C 50                              	PUSH	EAX
  1062 00000A8D 6A 42                           	PUSH	66
  1063 00000A8F E8 [00000000]                   	CALL	_io_out8
  1064 00000A94 53                              	PUSH	EBX
  1065 00000A95 6A 42                           	PUSH	66
  1066 00000A97 E8 [00000000]                   	CALL	_io_out8
  1067 00000A9C 6A 61                           	PUSH	97
  1068 00000A9E E8 [00000000]                   	CALL	_io_in8
  1069 00000AA3 89 C3                           	MOV	EBX,EAX
  1070 00000AA5 83 CB 03                        	OR	EBX,3
  1071 00000AA8 83 E3 0F                        	AND	EBX,15
  1072 00000AAB 53                              	PUSH	EBX
  1073 00000AAC 6A 61                           	PUSH	97
  1074 00000AAE E8 [00000000]                   	CALL	_io_out8
  1075 00000AB3 83 C4 24                        	ADD	ESP,36
  1076 00000AB6 EB 8A                           	JMP	L179
  1077 00000AB8                                 L258:
  1078 00000AB8 FF 75 18                        	PUSH	DWORD [24+EBP]
  1079 00000ABB E8 [00000000]                   	CALL	_timer_free
  1080 00000AC0                                 L234:
  1081 00000AC0 58                              	POP	EAX
  1082 00000AC1 E9 FFFFFF7C                     	JMP	L179
  1083 00000AC6                                 L257:
  1084 00000AC6 FF 75 24                        	PUSH	DWORD [36+EBP]
  1085 00000AC9 FF 75 18                        	PUSH	DWORD [24+EBP]
  1086 00000ACC E8 [00000000]                   	CALL	_timer_settime
  1087 00000AD1                                 L236:
  1088 00000AD1 58                              	POP	EAX
  1089 00000AD2 5A                              	POP	EDX
  1090 00000AD3 E9 FFFFFF6A                     	JMP	L179
  1091 00000AD8                                 L256:
  1092 00000AD8 8B 45 24                        	MOV	EAX,DWORD [36+EBP]
  1093 00000ADB 05 00000100                     	ADD	EAX,256
  1094 00000AE0 50                              	PUSH	EAX
  1095 00000AE1 8B 45 F0                        	MOV	EAX,DWORD [-16+EBP]
  1096 00000AE4 83 C0 10                        	ADD	EAX,16
  1097 00000AE7 50                              	PUSH	EAX
  1098 00000AE8 FF 75 18                        	PUSH	DWORD [24+EBP]
  1099 00000AEB E8 [00000000]                   	CALL	_timer_init
  1100 00000AF0 E9 FFFFFF72                     	JMP	L233
  1101 00000AF5                                 L255:
  1102 00000AF5 E8 [00000000]                   	CALL	_timer_alloc
  1103 00000AFA 89 45 44                        	MOV	DWORD [68+EBP],EAX
  1104 00000AFD C6 40 09 01                     	MOV	BYTE [9+EAX],1
  1105 00000B01 E9 FFFFFF3C                     	JMP	L179
  1106 00000B06                                 L211:
  1107 00000B06 E8 [00000000]                   	CALL	_io_cli
  1108 00000B0B 8B 45 F0                        	MOV	EAX,DWORD [-16+EBP]
  1109 00000B0E 83 C0 10                        	ADD	EAX,16
  1110 00000B11 50                              	PUSH	EAX
  1111 00000B12 E8 [00000000]                   	CALL	_fifo32_status
  1112 00000B17 5E                              	POP	ESI
  1113 00000B18 85 C0                           	TEST	EAX,EAX
  1114 00000B1A 75 0F                           	JNE	L214
  1115 00000B1C 83 7D 24 00                     	CMP	DWORD [36+EBP],0
  1116 00000B20 74 77                           	JE	L215
  1117 00000B22 FF 75 F0                        	PUSH	DWORD [-16+EBP]
  1118 00000B25 E8 [00000000]                   	CALL	_task_sleep
  1119 00000B2A 5B                              	POP	EBX
  1120 00000B2B                                 L214:
  1121 00000B2B 8B 75 F0                        	MOV	ESI,DWORD [-16+EBP]
  1122 00000B2E 83 C6 10                        	ADD	ESI,16
  1123 00000B31 56                              	PUSH	ESI
  1124 00000B32 E8 [00000000]                   	CALL	_fifo32_get
  1125 00000B37 89 C3                           	MOV	EBX,EAX
  1126 00000B39 E8 [00000000]                   	CALL	_io_sti
  1127 00000B3E 59                              	POP	ECX
  1128 00000B3F 83 FB 01                        	CMP	EBX,1
  1129 00000B42 7E 38                           	JLE	L260
  1130 00000B44                                 L217:
  1131 00000B44 83 FB 02                        	CMP	EBX,2
  1132 00000B47 74 27                           	JE	L261
  1133 00000B49                                 L218:
  1134 00000B49 83 FB 03                        	CMP	EBX,3
  1135 00000B4C 74 16                           	JE	L262
  1136 00000B4E                                 L219:
  1137 00000B4E 81 FB 000000FF                  	CMP	EBX,255
  1138 00000B54 7E B0                           	JLE	L211
  1139 00000B56 8D 83 FFFFFF00                  	LEA	EAX,DWORD [-256+EBX]
  1140 00000B5C 89 45 44                        	MOV	DWORD [68+EBP],EAX
  1141 00000B5F E9 FFFFFEDE                     	JMP	L179
  1142 00000B64                                 L262:
  1143 00000B64 8B 55 EC                        	MOV	EDX,DWORD [-20+EBP]
  1144 00000B67 C7 42 0C FFFFFFFF               	MOV	DWORD [12+EDX],-1
  1145 00000B6E EB DE                           	JMP	L219
  1146 00000B70                                 L261:
  1147 00000B70 8B 45 EC                        	MOV	EAX,DWORD [-20+EBP]
  1148 00000B73 C7 40 0C 00000007               	MOV	DWORD [12+EAX],7
  1149 00000B7A EB CD                           	JMP	L218
  1150 00000B7C                                 L260:
  1151 00000B7C 6A 01                           	PUSH	1
  1152 00000B7E 56                              	PUSH	ESI
  1153 00000B7F 8B 75 EC                        	MOV	ESI,DWORD [-20+EBP]
  1154 00000B82 FF 76 10                        	PUSH	DWORD [16+ESI]
  1155 00000B85 E8 [00000000]                   	CALL	_timer_init
  1156 00000B8A 6A 32                           	PUSH	50
  1157 00000B8C FF 76 10                        	PUSH	DWORD [16+ESI]
  1158 00000B8F E8 [00000000]                   	CALL	_timer_settime
  1159 00000B94 83 C4 14                        	ADD	ESP,20
  1160 00000B97 EB AB                           	JMP	L217
  1161 00000B99                                 L215:
  1162 00000B99 E8 [00000000]                   	CALL	_io_sti
  1163 00000B9E C7 45 44 FFFFFFFF               	MOV	DWORD [68+EBP],-1
  1164 00000BA5 E9 FFFFFE98                     	JMP	L179
  1165 00000BAA                                 L254:
  1166 00000BAA FF 75 18                        	PUSH	DWORD [24+EBP]
  1167 00000BAD E8 [00000000]                   	CALL	_sheet_free
  1168 00000BB2 E9 FFFFFF09                     	JMP	L234
  1169 00000BB7                                 L253:
  1170 00000BB7 FF 75 10                        	PUSH	DWORD [16+EBP]
  1171 00000BBA FF 75 08                        	PUSH	DWORD [8+EBP]
  1172 00000BBD FF 75 0C                        	PUSH	DWORD [12+EBP]
  1173 00000BC0 FF 75 20                        	PUSH	DWORD [32+EBP]
  1174 00000BC3 8B 75 18                        	MOV	ESI,DWORD [24+EBP]
  1175 00000BC6 FF 75 24                        	PUSH	DWORD [36+EBP]
  1176 00000BC9 83 E6 FE                        	AND	ESI,-2
  1177 00000BCC 56                              	PUSH	ESI
  1178 00000BCD E8 0000029A                     	CALL	_hrb_api_linewin
  1179 00000BD2 83 C4 18                        	ADD	ESP,24
  1180 00000BD5                                 L240:
  1181 00000BD5 F7 45 18 00000001               	TEST	DWORD [24+EBP],1
  1182 00000BDC 0F 85 FFFFFE60                  	JNE	L179
  1183 00000BE2 8B 45 08                        	MOV	EAX,DWORD [8+EBP]
  1184 00000BE5 40                              	INC	EAX
  1185 00000BE6 50                              	PUSH	EAX
  1186 00000BE7 8B 45 0C                        	MOV	EAX,DWORD [12+EBP]
  1187 00000BEA 40                              	INC	EAX
  1188 00000BEB 50                              	PUSH	EAX
  1189 00000BEC FF 75 20                        	PUSH	DWORD [32+EBP]
  1190 00000BEF FF 75 24                        	PUSH	DWORD [36+EBP]
  1191 00000BF2                                 L238:
  1192 00000BF2 56                              	PUSH	ESI
  1193 00000BF3                                 L235:
  1194 00000BF3 E8 [00000000]                   	CALL	_sheet_refresh
  1195 00000BF8                                 L237:
  1196 00000BF8 83 C4 14                        	ADD	ESP,20
  1197 00000BFB E9 FFFFFE42                     	JMP	L179
  1198 00000C00                                 L252:
  1199 00000C00 FF 75 08                        	PUSH	DWORD [8+EBP]
  1200 00000C03 FF 75 0C                        	PUSH	DWORD [12+EBP]
  1201 00000C06 FF 75 20                        	PUSH	DWORD [32+EBP]
  1202 00000C09 FF 75 24                        	PUSH	DWORD [36+EBP]
  1203 00000C0C FF 75 18                        	PUSH	DWORD [24+EBP]
  1204 00000C0F EB E2                           	JMP	L235
  1205 00000C11                                 L251:
  1206 00000C11 8B 75 18                        	MOV	ESI,DWORD [24+EBP]
  1207 00000C14 8B 45 08                        	MOV	EAX,DWORD [8+EBP]
  1208 00000C17 83 E6 FE                        	AND	ESI,-2
  1209 00000C1A 8A 55 24                        	MOV	DL,BYTE [36+EBP]
  1210 00000C1D 0F AF 46 04                     	IMUL	EAX,DWORD [4+ESI]
  1211 00000C21 03 45 0C                        	ADD	EAX,DWORD [12+EBP]
  1212 00000C24 8B 0E                           	MOV	ECX,DWORD [ESI]
  1213 00000C26 88 14 08                        	MOV	BYTE [EAX+ECX*1],DL
  1214 00000C29 F7 45 18 00000001               	TEST	DWORD [24+EBP],1
  1215 00000C30 0F 85 FFFFFE0C                  	JNE	L179
  1216 00000C36 8B 45 08                        	MOV	EAX,DWORD [8+EBP]
  1217 00000C39 40                              	INC	EAX
  1218 00000C3A 50                              	PUSH	EAX
  1219 00000C3B 8B 45 0C                        	MOV	EAX,DWORD [12+EBP]
  1220 00000C3E 40                              	INC	EAX
  1221 00000C3F 50                              	PUSH	EAX
  1222 00000C40 FF 75 08                        	PUSH	DWORD [8+EBP]
  1223 00000C43 FF 75 0C                        	PUSH	DWORD [12+EBP]
  1224 00000C46 EB AA                           	JMP	L238
  1225 00000C48                                 L250:
  1226 00000C48 8B 45 20                        	MOV	EAX,DWORD [32+EBP]
  1227 00000C4B 83 C0 0F                        	ADD	EAX,15
  1228 00000C4E 83 E0 F0                        	AND	EAX,-16
  1229 00000C51 50                              	PUSH	EAX
  1230 00000C52 8B 45 18                        	MOV	EAX,DWORD [24+EBP]
  1231 00000C55 FF 75 24                        	PUSH	DWORD [36+EBP]
  1232 00000C58 01 F8                           	ADD	EAX,EDI
  1233 00000C5A 50                              	PUSH	EAX
  1234 00000C5B E8 [00000000]                   	CALL	_memman_free
  1235 00000C60 E9 FFFFFE02                     	JMP	L233
  1236 00000C65                                 L249:
  1237 00000C65 8B 45 20                        	MOV	EAX,DWORD [32+EBP]
  1238 00000C68 83 C0 0F                        	ADD	EAX,15
  1239 00000C6B 83 E0 F0                        	AND	EAX,-16
  1240 00000C6E 50                              	PUSH	EAX
  1241 00000C6F 8B 45 18                        	MOV	EAX,DWORD [24+EBP]
  1242 00000C72 01 F8                           	ADD	EAX,EDI
  1243 00000C74 50                              	PUSH	EAX
  1244 00000C75 E8 [00000000]                   	CALL	_memman_alloc
  1245 00000C7A 89 45 44                        	MOV	DWORD [68+EBP],EAX
  1246 00000C7D E9 FFFFFE4F                     	JMP	L236
  1247 00000C82                                 L248:
  1248 00000C82 8B 5D 18                        	MOV	EBX,DWORD [24+EBP]
  1249 00000C85 01 FB                           	ADD	EBX,EDI
  1250 00000C87 53                              	PUSH	EBX
  1251 00000C88 E8 [00000000]                   	CALL	_memman_init
  1252 00000C8D 83 65 20 F0                     	AND	DWORD [32+EBP],-16
  1253 00000C91 FF 75 20                        	PUSH	DWORD [32+EBP]
  1254 00000C94 FF 75 24                        	PUSH	DWORD [36+EBP]
  1255 00000C97 53                              	PUSH	EBX
  1256 00000C98 E8 [00000000]                   	CALL	_memman_free
  1257 00000C9D 83 C4 10                        	ADD	ESP,16
  1258 00000CA0 E9 FFFFFD9D                     	JMP	L179
  1259 00000CA5                                 L247:
  1260 00000CA5 FF 75 08                        	PUSH	DWORD [8+EBP]
  1261 00000CA8 FF 75 0C                        	PUSH	DWORD [12+EBP]
  1262 00000CAB FF 75 20                        	PUSH	DWORD [32+EBP]
  1263 00000CAE 8B 75 18                        	MOV	ESI,DWORD [24+EBP]
  1264 00000CB1 FF 75 24                        	PUSH	DWORD [36+EBP]
  1265 00000CB4 83 E6 FE                        	AND	ESI,-2
  1266 00000CB7 0F B6 45 10                     	MOVZX	EAX,BYTE [16+EBP]
  1267 00000CBB 50                              	PUSH	EAX
  1268 00000CBC FF 76 04                        	PUSH	DWORD [4+ESI]
  1269 00000CBF FF 36                           	PUSH	DWORD [ESI]
  1270 00000CC1 E8 [00000000]                   	CALL	_boxfill8
  1271 00000CC6 83 C4 1C                        	ADD	ESP,28
  1272 00000CC9 E9 FFFFFF07                     	JMP	L240
  1273 00000CCE                                 L246:
  1274 00000CCE 8B 45 10                        	MOV	EAX,DWORD [16+EBP]
  1275 00000CD1 8B 75 18                        	MOV	ESI,DWORD [24+EBP]
  1276 00000CD4 01 F8                           	ADD	EAX,EDI
  1277 00000CD6 83 E6 FE                        	AND	ESI,-2
  1278 00000CD9 50                              	PUSH	EAX
  1279 00000CDA 0F BE 45 24                     	MOVSX	EAX,BYTE [36+EBP]
  1280 00000CDE 50                              	PUSH	EAX
  1281 00000CDF FF 75 08                        	PUSH	DWORD [8+EBP]
  1282 00000CE2 FF 75 0C                        	PUSH	DWORD [12+EBP]
  1283 00000CE5 FF 76 04                        	PUSH	DWORD [4+ESI]
  1284 00000CE8 FF 36                           	PUSH	DWORD [ESI]
  1285 00000CEA E8 [00000000]                   	CALL	_putfonts8_asc
  1286 00000CEF 83 C4 18                        	ADD	ESP,24
  1287 00000CF2 F7 45 18 00000001               	TEST	DWORD [24+EBP],1
  1288 00000CF9 0F 85 FFFFFD43                  	JNE	L179
  1289 00000CFF 8B 4D 0C                        	MOV	ECX,DWORD [12+EBP]
  1290 00000D02 8B 45 08                        	MOV	EAX,DWORD [8+EBP]
  1291 00000D05 8B 55 20                        	MOV	EDX,DWORD [32+EBP]
  1292 00000D08 83 C0 10                        	ADD	EAX,16
  1293 00000D0B 50                              	PUSH	EAX
  1294 00000D0C 8D 04 D1                        	LEA	EAX,DWORD [ECX+EDX*8]
  1295 00000D0F 50                              	PUSH	EAX
  1296 00000D10 FF 75 08                        	PUSH	DWORD [8+EBP]
  1297 00000D13 51                              	PUSH	ECX
  1298 00000D14 E9 FFFFFED9                     	JMP	L238
  1299 00000D19                                 L245:
  1300 00000D19 FF 75 E8                        	PUSH	DWORD [-24+EBP]
  1301 00000D1C E8 [00000000]                   	CALL	_sheet_alloc
  1302 00000D21 8B 5D 18                        	MOV	EBX,DWORD [24+EBP]
  1303 00000D24 8B 4D F0                        	MOV	ECX,DWORD [-16+EBP]
  1304 00000D27 01 FB                           	ADD	EBX,EDI
  1305 00000D29 89 48 24                        	MOV	DWORD [36+EAX],ECX
  1306 00000D2C 89 C6                           	MOV	ESI,EAX
  1307 00000D2E 83 48 1C 10                     	OR	DWORD [28+EAX],16
  1308 00000D32 FF 75 24                        	PUSH	DWORD [36+EBP]
  1309 00000D35 FF 75 08                        	PUSH	DWORD [8+EBP]
  1310 00000D38 FF 75 0C                        	PUSH	DWORD [12+EBP]
  1311 00000D3B 53                              	PUSH	EBX
  1312 00000D3C 50                              	PUSH	EAX
  1313 00000D3D E8 [00000000]                   	CALL	_sheet_setbuf
  1314 00000D42 8B 45 20                        	MOV	EAX,DWORD [32+EBP]
  1315 00000D45 6A 00                           	PUSH	0
  1316 00000D47 01 F8                           	ADD	EAX,EDI
  1317 00000D49 50                              	PUSH	EAX
  1318 00000D4A FF 75 08                        	PUSH	DWORD [8+EBP]
  1319 00000D4D FF 75 0C                        	PUSH	DWORD [12+EBP]
  1320 00000D50 53                              	PUSH	EBX
  1321 00000D51 BB 00000002                     	MOV	EBX,2
  1322 00000D56 E8 [00000000]                   	CALL	_make_window8
  1323 00000D5B 8B 4D E8                        	MOV	ECX,DWORD [-24+EBP]
  1324 00000D5E 8B 55 E8                        	MOV	EDX,DWORD [-24+EBP]
  1325 00000D61 83 C4 2C                        	ADD	ESP,44
  1326 00000D64 8B 42 0C                        	MOV	EAX,DWORD [12+EDX]
  1327 00000D67 2B 45 08                        	SUB	EAX,DWORD [8+EBP]
  1328 00000D6A 99                              	CDQ
  1329 00000D6B F7 FB                           	IDIV	EBX
  1330 00000D6D 50                              	PUSH	EAX
  1331 00000D6E 8B 41 08                        	MOV	EAX,DWORD [8+ECX]
  1332 00000D71 2B 45 0C                        	SUB	EAX,DWORD [12+EBP]
  1333 00000D74 99                              	CDQ
  1334 00000D75 F7 FB                           	IDIV	EBX
  1335 00000D77 50                              	PUSH	EAX
  1336 00000D78 56                              	PUSH	ESI
  1337 00000D79 E8 [00000000]                   	CALL	_sheet_slide
  1338 00000D7E 8B 45 E8                        	MOV	EAX,DWORD [-24+EBP]
  1339 00000D81 FF 70 10                        	PUSH	DWORD [16+EAX]
  1340 00000D84 56                              	PUSH	ESI
  1341 00000D85 E8 [00000000]                   	CALL	_sheet_updown
  1342 00000D8A 89 75 44                        	MOV	DWORD [68+EBP],ESI
  1343 00000D8D E9 FFFFFE66                     	JMP	L237
  1344 00000D92                                 L244:
  1345 00000D92 8B 45 F0                        	MOV	EAX,DWORD [-16+EBP]
  1346 00000D95 83 C0 30                        	ADD	EAX,48
  1347 00000D98 E9 FFFFFCA7                     	JMP	L177
  1348 00000D9D                                 L243:
  1349 00000D9D 8B 45 18                        	MOV	EAX,DWORD [24+EBP]
  1350 00000DA0 FF 75 20                        	PUSH	DWORD [32+EBP]
  1351 00000DA3 01 F8                           	ADD	EAX,EDI
  1352 00000DA5 50                              	PUSH	EAX
  1353 00000DA6 FF 75 EC                        	PUSH	DWORD [-20+EBP]
  1354 00000DA9 E8 FFFFF6C8                     	CALL	_cons_putstr1
  1355 00000DAE E9 FFFFFCB4                     	JMP	L233
  1356 00000DB3                                 L242:
  1357 00000DB3 8B 45 18                        	MOV	EAX,DWORD [24+EBP]
  1358 00000DB6 01 F8                           	ADD	EAX,EDI
  1359 00000DB8 50                              	PUSH	EAX
  1360 00000DB9 FF 75 EC                        	PUSH	DWORD [-20+EBP]
  1361 00000DBC E8 FFFFF687                     	CALL	_cons_putstr0
  1362 00000DC1 E9 FFFFFD0B                     	JMP	L236
  1363 00000DC6                                 L241:
  1364 00000DC6 6A 01                           	PUSH	1
  1365 00000DC8 0F B6 45 24                     	MOVZX	EAX,BYTE [36+EBP]
  1366 00000DCC 50                              	PUSH	EAX
  1367 00000DCD FF 75 EC                        	PUSH	DWORD [-20+EBP]
  1368 00000DD0 E8 FFFFF515                     	CALL	_cons_putchar
  1369 00000DD5 E9 FFFFFC8D                     	JMP	L233
  1370                                          [SECTION .data]
  1371 0000007F                                 LC11:
  1372 0000007F 0A 49 4E 54 20 30 43 20 3A 0A   	DB	0x0A,"INT 0C :",0x0A," Stack Exception.",0x0A,0x00
       00000089 20 53 74 61 63 6B 20 45 78 63 
       00000093 65 70 74 69 6F 6E 2E 0A 00 
  1373 0000009C                                 LC12:
  1374 0000009C 45 49 50 20 3D 20 25 30 38 58   	DB	"EIP = %08X",0x0A,0x00
       000000A6 0A 00 
  1375                                          [SECTION .text]
  1376 00000DDA                                 	GLOBAL	_inthandler0c
  1377 00000DDA                                 _inthandler0c:
  1378 00000DDA 55                              	PUSH	EBP
  1379 00000DDB 89 E5                           	MOV	EBP,ESP
  1380 00000DDD 57                              	PUSH	EDI
  1381 00000DDE 56                              	PUSH	ESI
  1382 00000DDF 53                              	PUSH	EBX
  1383 00000DE0 8D 5D D4                        	LEA	EBX,DWORD [-44+EBP]
  1384 00000DE3 83 EC 20                        	SUB	ESP,32
  1385 00000DE6 E8 [00000000]                   	CALL	_task_now
  1386 00000DEB 89 C6                           	MOV	ESI,EAX
  1387 00000DED 8B B8 00000094                  	MOV	EDI,DWORD [148+EAX]
  1388 00000DF3 83 C6 30                        	ADD	ESI,48
  1389 00000DF6 68 [0000007F]                   	PUSH	LC11
  1390 00000DFB 57                              	PUSH	EDI
  1391 00000DFC E8 FFFFF647                     	CALL	_cons_putstr0
  1392 00000E01 8B 45 08                        	MOV	EAX,DWORD [8+EBP]
  1393 00000E04 FF 70 2C                        	PUSH	DWORD [44+EAX]
  1394 00000E07 68 [0000009C]                   	PUSH	LC12
  1395 00000E0C 53                              	PUSH	EBX
  1396 00000E0D E8 [00000000]                   	CALL	_sprintf
  1397 00000E12 53                              	PUSH	EBX
  1398 00000E13 57                              	PUSH	EDI
  1399 00000E14 E8 FFFFF62F                     	CALL	_cons_putstr0
  1400 00000E19 8D 65 F4                        	LEA	ESP,DWORD [-12+EBP]
  1401 00000E1C 5B                              	POP	EBX
  1402 00000E1D 89 F0                           	MOV	EAX,ESI
  1403 00000E1F 5E                              	POP	ESI
  1404 00000E20 5F                              	POP	EDI
  1405 00000E21 5D                              	POP	EBP
  1406 00000E22 C3                              	RET
  1407                                          [SECTION .data]
  1408 000000A8                                 LC13:
  1409 000000A8 0A 49 4E 54 20 30 44 20 3A 0A   	DB	0x0A,"INT 0D :",0x0A," General Protected Exception.",0x0A,0x00
       000000B2 20 47 65 6E 65 72 61 6C 20 50 
       000000BC 72 6F 74 65 63 74 65 64 20 45 
       000000C6 78 63 65 70 74 69 6F 6E 2E 0A 
       000000D0 00 
  1410                                          [SECTION .text]
  1411 00000E23                                 	GLOBAL	_inthandler0d
  1412 00000E23                                 _inthandler0d:
  1413 00000E23 55                              	PUSH	EBP
  1414 00000E24 89 E5                           	MOV	EBP,ESP
  1415 00000E26 57                              	PUSH	EDI
  1416 00000E27 56                              	PUSH	ESI
  1417 00000E28 53                              	PUSH	EBX
  1418 00000E29 8D 5D D4                        	LEA	EBX,DWORD [-44+EBP]
  1419 00000E2C 83 EC 20                        	SUB	ESP,32
  1420 00000E2F E8 [00000000]                   	CALL	_task_now
  1421 00000E34 89 C6                           	MOV	ESI,EAX
  1422 00000E36 8B B8 00000094                  	MOV	EDI,DWORD [148+EAX]
  1423 00000E3C 83 C6 30                        	ADD	ESI,48
  1424 00000E3F 68 [000000A8]                   	PUSH	LC13
  1425 00000E44 57                              	PUSH	EDI
  1426 00000E45 E8 FFFFF5FE                     	CALL	_cons_putstr0
  1427 00000E4A 8B 45 08                        	MOV	EAX,DWORD [8+EBP]
  1428 00000E4D FF 70 2C                        	PUSH	DWORD [44+EAX]
  1429 00000E50 68 [0000009C]                   	PUSH	LC12
  1430 00000E55 53                              	PUSH	EBX
  1431 00000E56 E8 [00000000]                   	CALL	_sprintf
  1432 00000E5B 53                              	PUSH	EBX
  1433 00000E5C 57                              	PUSH	EDI
  1434 00000E5D E8 FFFFF5E6                     	CALL	_cons_putstr0
  1435 00000E62 8D 65 F4                        	LEA	ESP,DWORD [-12+EBP]
  1436 00000E65 5B                              	POP	EBX
  1437 00000E66 89 F0                           	MOV	EAX,ESI
  1438 00000E68 5E                              	POP	ESI
  1439 00000E69 5F                              	POP	EDI
  1440 00000E6A 5D                              	POP	EBP
  1441 00000E6B C3                              	RET
  1442 00000E6C                                 	GLOBAL	_hrb_api_linewin
  1443 00000E6C                                 _hrb_api_linewin:
  1444 00000E6C 55                              	PUSH	EBP
  1445 00000E6D 89 E5                           	MOV	EBP,ESP
  1446 00000E6F 57                              	PUSH	EDI
  1447 00000E70 56                              	PUSH	ESI
  1448 00000E71 53                              	PUSH	EBX
  1449 00000E72 83 EC 0C                        	SUB	ESP,12
  1450 00000E75 8B 5D 0C                        	MOV	EBX,DWORD [12+EBP]
  1451 00000E78 8B 45 14                        	MOV	EAX,DWORD [20+EBP]
  1452 00000E7B 89 D9                           	MOV	ECX,EBX
  1453 00000E7D 8B 55 18                        	MOV	EDX,DWORD [24+EBP]
  1454 00000E80 C1 E1 0A                        	SAL	ECX,10
  1455 00000E83 89 D7                           	MOV	EDI,EDX
  1456 00000E85 89 4D F0                        	MOV	DWORD [-16+EBP],ECX
  1457 00000E88 89 C6                           	MOV	ESI,EAX
  1458 00000E8A 8B 4D 10                        	MOV	ECX,DWORD [16+EBP]
  1459 00000E8D 2B 7D 10                        	SUB	EDI,DWORD [16+EBP]
  1460 00000E90 C1 E1 0A                        	SAL	ECX,10
  1461 00000E93 29 DE                           	SUB	ESI,EBX
  1462 00000E95 89 4D EC                        	MOV	DWORD [-20+EBP],ECX
  1463 00000E98 0F 88 000000A3                  	JS	L287
  1464 00000E9E                                 L266:
  1465 00000E9E 85 FF                           	TEST	EDI,EDI
  1466 00000EA0 0F 88 00000094                  	JS	L288
  1467 00000EA6                                 L267:
  1468 00000EA6 39 FE                           	CMP	ESI,EDI
  1469 00000EA8 7C 62                           	JL	L268
  1470 00000EAA 8D 4E 01                        	LEA	ECX,DWORD [1+ESI]
  1471 00000EAD 39 C3                           	CMP	EBX,EAX
  1472 00000EAF BE FFFFFC00                     	MOV	ESI,-1024
  1473 00000EB4 7F 05                           	JG	L270
  1474 00000EB6 BE 00000400                     	MOV	ESI,1024
  1475 00000EBB                                 L270:
  1476 00000EBB 39 55 10                        	CMP	DWORD [16+EBP],EDX
  1477 00000EBE 7F 46                           	JG	L271
  1478 00000EC0 2B 55 10                        	SUB	EDX,DWORD [16+EBP]
  1479 00000EC3 42                              	INC	EDX
  1480 00000EC4                                 L286:
  1481 00000EC4 C1 E2 0A                        	SAL	EDX,10
  1482 00000EC7 89 D0                           	MOV	EAX,EDX
  1483 00000EC9 99                              	CDQ
  1484 00000ECA F7 F9                           	IDIV	ECX
  1485 00000ECC 89 C7                           	MOV	EDI,EAX
  1486 00000ECE                                 L273:
  1487 00000ECE 85 C9                           	TEST	ECX,ECX
  1488 00000ED0 7E 2C                           	JLE	L284
  1489 00000ED2 89 CB                           	MOV	EBX,ECX
  1490 00000ED4                                 L282:
  1491 00000ED4 8B 55 08                        	MOV	EDX,DWORD [8+EBP]
  1492 00000ED7 8B 45 EC                        	MOV	EAX,DWORD [-20+EBP]
  1493 00000EDA C1 F8 0A                        	SAR	EAX,10
  1494 00000EDD 8B 4D F0                        	MOV	ECX,DWORD [-16+EBP]
  1495 00000EE0 0F AF 42 04                     	IMUL	EAX,DWORD [4+EDX]
  1496 00000EE4 C1 F9 0A                        	SAR	ECX,10
  1497 00000EE7 89 4D E8                        	MOV	DWORD [-24+EBP],ECX
  1498 00000EEA 8B 0A                           	MOV	ECX,DWORD [EDX]
  1499 00000EEC 03 45 E8                        	ADD	EAX,DWORD [-24+EBP]
  1500 00000EEF 8A 55 1C                        	MOV	DL,BYTE [28+EBP]
  1501 00000EF2 88 14 08                        	MOV	BYTE [EAX+ECX*1],DL
  1502 00000EF5 01 75 F0                        	ADD	DWORD [-16+EBP],ESI
  1503 00000EF8 01 7D EC                        	ADD	DWORD [-20+EBP],EDI
  1504 00000EFB 4B                              	DEC	EBX
  1505 00000EFC 75 D6                           	JNE	L282
  1506 00000EFE                                 L284:
  1507 00000EFE 83 C4 0C                        	ADD	ESP,12
  1508 00000F01 5B                              	POP	EBX
  1509 00000F02 5E                              	POP	ESI
  1510 00000F03 5F                              	POP	EDI
  1511 00000F04 5D                              	POP	EBP
  1512 00000F05 C3                              	RET
  1513 00000F06                                 L271:
  1514 00000F06 2B 55 10                        	SUB	EDX,DWORD [16+EBP]
  1515 00000F09 4A                              	DEC	EDX
  1516 00000F0A EB B8                           	JMP	L286
  1517 00000F0C                                 L268:
  1518 00000F0C 8D 4F 01                        	LEA	ECX,DWORD [1+EDI]
  1519 00000F0F 39 55 10                        	CMP	DWORD [16+EBP],EDX
  1520 00000F12 BF FFFFFC00                     	MOV	EDI,-1024
  1521 00000F17 7F 05                           	JG	L275
  1522 00000F19 BF 00000400                     	MOV	EDI,1024
  1523 00000F1E                                 L275:
  1524 00000F1E 39 C3                           	CMP	EBX,EAX
  1525 00000F20 7F 11                           	JG	L276
  1526 00000F22 29 D8                           	SUB	EAX,EBX
  1527 00000F24 8D 50 01                        	LEA	EDX,DWORD [1+EAX]
  1528 00000F27                                 L285:
  1529 00000F27 C1 E2 0A                        	SAL	EDX,10
  1530 00000F2A 89 D0                           	MOV	EAX,EDX
  1531 00000F2C 99                              	CDQ
  1532 00000F2D F7 F9                           	IDIV	ECX
  1533 00000F2F 89 C6                           	MOV	ESI,EAX
  1534 00000F31 EB 9B                           	JMP	L273
  1535 00000F33                                 L276:
  1536 00000F33 29 D8                           	SUB	EAX,EBX
  1537 00000F35 8D 50 FF                        	LEA	EDX,DWORD [-1+EAX]
  1538 00000F38 EB ED                           	JMP	L285
  1539 00000F3A                                 L288:
  1540 00000F3A F7 DF                           	NEG	EDI
  1541 00000F3C E9 FFFFFF65                     	JMP	L267
  1542 00000F41                                 L287:
  1543 00000F41 F7 DE                           	NEG	ESI
  1544 00000F43 E9 FFFFFF56                     	JMP	L266
