     1 00000000                                 [FORMAT "WCOFF"]
     2 00000000                                 [INSTRSET "i486p"]
     3 00000000                                 [OPTIMIZE 1]
     4 00000000                                 [OPTION 1]
     5 00000000                                 [BITS 32]
     6 00000000                                 	EXTERN	_init_gdtidt
     7 00000000                                 	EXTERN	_init_pic
     8 00000000                                 	EXTERN	_io_sti
     9 00000000                                 	EXTERN	_fifo32_init
    10 00000000                                 	EXTERN	_init_pit
    11 00000000                                 	EXTERN	_init_keyboard
    12 00000000                                 	EXTERN	_enable_mouse
    13 00000000                                 	EXTERN	_io_out8
    14 00000000                                 	EXTERN	_memtest
    15 00000000                                 	EXTERN	_memman_init
    16 00000000                                 	EXTERN	_memman_free
    17 00000000                                 	EXTERN	_init_palette
    18 00000000                                 	EXTERN	_shtctl_init
    19 00000000                                 	EXTERN	_task_init
    20 00000000                                 	EXTERN	_sheet_alloc
    21 00000000                                 	EXTERN	_memman_alloc_4k
    22 00000000                                 	EXTERN	_sheet_setbuf
    23 00000000                                 	EXTERN	_init_screen8
    24 00000000                                 	EXTERN	_sprintf
    25 00000000                                 	EXTERN	_task_alloc
    26 00000000                                 	EXTERN	_task_run
    27 00000000                                 	EXTERN	_timer_alloc
    28 00000000                                 	EXTERN	_timer_init
    29 00000000                                 	EXTERN	_timer_settime
    30 00000000                                 	EXTERN	_init_mouse_cursor8
    31 00000000                                 	EXTERN	_sheet_slide
    32 00000000                                 	EXTERN	_sheet_updown
    33 00000000                                 	EXTERN	_memman_total
    34 00000000                                 	EXTERN	_io_cli
    35 00000000                                 	EXTERN	_fifo32_status
    36 00000000                                 	EXTERN	_fifo32_get
    37 00000000                                 	EXTERN	_boxfill8
    38 00000000                                 	EXTERN	_sheet_refresh
    39 00000000                                 	EXTERN	_mouse_decode
    40 00000000                                 	EXTERN	_keytable.0
    41 00000000                                 	EXTERN	_task_sleep
    42 00000000                                 	EXTERN	_putfonts8_asc
    43 00000000                                 [FILE "bootpack.c"]
    44                                          [SECTION .data]
    45 00000000                                 _keytable.0:
    46 00000000 00                              	DB	0
    47 00000001 00                              	DB	0
    48 00000002 31                              	DB	49
    49 00000003 32                              	DB	50
    50 00000004 33                              	DB	51
    51 00000005 34                              	DB	52
    52 00000006 35                              	DB	53
    53 00000007 36                              	DB	54
    54 00000008 37                              	DB	55
    55 00000009 38                              	DB	56
    56 0000000A 39                              	DB	57
    57 0000000B 30                              	DB	48
    58 0000000C 2D                              	DB	45
    59 0000000D 5E                              	DB	94
    60 0000000E 00                              	DB	0
    61 0000000F 00                              	DB	0
    62 00000010 51                              	DB	81
    63 00000011 57                              	DB	87
    64 00000012 45                              	DB	69
    65 00000013 52                              	DB	82
    66 00000014 54                              	DB	84
    67 00000015 59                              	DB	89
    68 00000016 55                              	DB	85
    69 00000017 49                              	DB	73
    70 00000018 4F                              	DB	79
    71 00000019 50                              	DB	80
    72 0000001A 40                              	DB	64
    73 0000001B 5B                              	DB	91
    74 0000001C 00                              	DB	0
    75 0000001D 00                              	DB	0
    76 0000001E 41                              	DB	65
    77 0000001F 53                              	DB	83
    78 00000020 44                              	DB	68
    79 00000021 46                              	DB	70
    80 00000022 47                              	DB	71
    81 00000023 48                              	DB	72
    82 00000024 4A                              	DB	74
    83 00000025 4B                              	DB	75
    84 00000026 4C                              	DB	76
    85 00000027 3B                              	DB	59
    86 00000028 3A                              	DB	58
    87 00000029 00                              	DB	0
    88 0000002A 00                              	DB	0
    89 0000002B 5D                              	DB	93
    90 0000002C 5A                              	DB	90
    91 0000002D 58                              	DB	88
    92 0000002E 43                              	DB	67
    93 0000002F 56                              	DB	86
    94 00000030 42                              	DB	66
    95 00000031 4E                              	DB	78
    96 00000032 4D                              	DB	77
    97 00000033 2C                              	DB	44
    98 00000034 2E                              	DB	46
    99 00000035 2F                              	DB	47
   100 00000036 00                              	DB	0
   101 00000037 2A                              	DB	42
   102 00000038 00                              	DB	0
   103 00000039 20                              	DB	32
   104 0000003A 00                              	DB	0
   105 0000003B 00                              	DB	0
   106 0000003C 00                              	DB	0
   107 0000003D 00                              	DB	0
   108 0000003E 00                              	DB	0
   109 0000003F 00                              	DB	0
   110 00000040 00                              	DB	0
   111 00000041 00                              	DB	0
   112 00000042 00                              	DB	0
   113 00000043 00                              	DB	0
   114 00000044 00                              	DB	0
   115 00000045 00                              	DB	0
   116 00000046 00                              	DB	0
   117 00000047 37                              	DB	55
   118 00000048 38                              	DB	56
   119 00000049 39                              	DB	57
   120 0000004A 2D                              	DB	45
   121 0000004B 34                              	DB	52
   122 0000004C 35                              	DB	53
   123 0000004D 36                              	DB	54
   124 0000004E 2B                              	DB	43
   125 0000004F 31                              	DB	49
   126 00000050 32                              	DB	50
   127 00000051 33                              	DB	51
   128 00000052 30                              	DB	48
   129 00000053 2E                              	DB	46
   130 00000054                                 LC0:
   131 00000054 74 61 73 6B 5F 62 25 64 00      	DB	"task_b%d",0x00
   132 0000005D                                 LC1:
   133 0000005D 74 61 73 6B 5F 61 00            	DB	"task_a",0x00
   134 00000064                                 LC2:
   135 00000064 28 25 33 64 2C 20 25 33 64 29   	DB	"(%3d, %3d)",0x00
       0000006E 00 
   136 0000006F                                 LC3:
   137 0000006F 6D 65 6D 6F 72 79 20 25 64 4D   	DB	"memory %dMB   free : %dKB",0x00
       00000079 42 20 20 20 66 72 65 65 20 3A 
       00000083 20 25 64 4B 42 00 
   138 00000089                                 LC6:
   139 00000089 5B 6C 63 72 20 25 34 64 20 25   	DB	"[lcr %4d %4d]",0x00
       00000093 34 64 5D 00 
   140 00000097                                 LC4:
   141 00000097 25 30 32 58 00                  	DB	"%02X",0x00
   142 0000009C                                 LC5:
   143 0000009C 20 00                           	DB	" ",0x00
   144                                          [SECTION .text]
   145 00000000                                 	GLOBAL	_HariMain
   146 00000000                                 _HariMain:
   147 00000000 55                              	PUSH	EBP
   148 00000001 89 E5                           	MOV	EBP,ESP
   149 00000003 57                              	PUSH	EDI
   150 00000004 56                              	PUSH	ESI
   151 00000005 31 F6                           	XOR	ESI,ESI
   152 00000007 53                              	PUSH	EBX
   153 00000008 8D 5D D4                        	LEA	EBX,DWORD [-44+EBP]
   154 0000000B 81 EC 000003AC                  	SUB	ESP,940
   155 00000011 E8 [00000000]                   	CALL	_init_gdtidt
   156 00000016 E8 [00000000]                   	CALL	_init_pic
   157 0000001B E8 [00000000]                   	CALL	_io_sti
   158 00000020 8D 85 FFFFFDA4                  	LEA	EAX,DWORD [-604+EBP]
   159 00000026 6A 00                           	PUSH	0
   160 00000028 50                              	PUSH	EAX
   161 00000029 68 00000080                     	PUSH	128
   162 0000002E 53                              	PUSH	EBX
   163 0000002F E8 [00000000]                   	CALL	_fifo32_init
   164 00000034 E8 [00000000]                   	CALL	_init_pit
   165 00000039 68 00000100                     	PUSH	256
   166 0000003E 53                              	PUSH	EBX
   167 0000003F E8 [00000000]                   	CALL	_init_keyboard
   168 00000044 8D 85 FFFFFD94                  	LEA	EAX,DWORD [-620+EBP]
   169 0000004A 50                              	PUSH	EAX
   170 0000004B 68 00000200                     	PUSH	512
   171 00000050 53                              	PUSH	EBX
   172 00000051 E8 [00000000]                   	CALL	_enable_mouse
   173 00000056 83 C4 24                        	ADD	ESP,36
   174 00000059 68 000000F8                     	PUSH	248
   175 0000005E 6A 21                           	PUSH	33
   176 00000060 E8 [00000000]                   	CALL	_io_out8
   177 00000065 68 000000EF                     	PUSH	239
   178 0000006A 68 000000A1                     	PUSH	161
   179 0000006F E8 [00000000]                   	CALL	_io_out8
   180 00000074 68 BFFFFFFF                     	PUSH	-1073741825
   181 00000079 68 00400000                     	PUSH	4194304
   182 0000007E E8 [00000000]                   	CALL	_memtest
   183 00000083 68 003C0000                     	PUSH	3932160
   184 00000088 89 85 FFFFFC64                  	MOV	DWORD [-924+EBP],EAX
   185 0000008E E8 [00000000]                   	CALL	_memman_init
   186 00000093 68 0009E000                     	PUSH	647168
   187 00000098 68 00001000                     	PUSH	4096
   188 0000009D 68 003C0000                     	PUSH	3932160
   189 000000A2 E8 [00000000]                   	CALL	_memman_free
   190 000000A7 8B 85 FFFFFC64                  	MOV	EAX,DWORD [-924+EBP]
   191 000000AD 83 C4 28                        	ADD	ESP,40
   192 000000B0 2D 00400000                     	SUB	EAX,4194304
   193 000000B5 50                              	PUSH	EAX
   194 000000B6 68 00400000                     	PUSH	4194304
   195 000000BB 68 003C0000                     	PUSH	3932160
   196 000000C0 E8 [00000000]                   	CALL	_memman_free
   197 000000C5 E8 [00000000]                   	CALL	_init_palette
   198 000000CA 0F BF 05 00000FF6               	MOVSX	EAX,WORD [4086]
   199 000000D1 50                              	PUSH	EAX
   200 000000D2 0F BF 05 00000FF4               	MOVSX	EAX,WORD [4084]
   201 000000D9 50                              	PUSH	EAX
   202 000000DA FF 35 00000FF8                  	PUSH	DWORD [4088]
   203 000000E0 68 003C0000                     	PUSH	3932160
   204 000000E5 E8 [00000000]                   	CALL	_shtctl_init
   205 000000EA 68 003C0000                     	PUSH	3932160
   206 000000EF 89 C7                           	MOV	EDI,EAX
   207 000000F1 E8 [00000000]                   	CALL	_task_init
   208 000000F6 83 C4 20                        	ADD	ESP,32
   209 000000F9 89 85 FFFFFC54                  	MOV	DWORD [-940+EBP],EAX
   210 000000FF 89 45 EC                        	MOV	DWORD [-20+EBP],EAX
   211 00000102 57                              	PUSH	EDI
   212 00000103 E8 [00000000]                   	CALL	_sheet_alloc
   213 00000108 0F BF 15 00000FF6               	MOVSX	EDX,WORD [4086]
   214 0000010F 89 85 FFFFFC60                  	MOV	DWORD [-928+EBP],EAX
   215 00000115 0F BF 05 00000FF4               	MOVSX	EAX,WORD [4084]
   216 0000011C 0F AF C2                        	IMUL	EAX,EDX
   217 0000011F 50                              	PUSH	EAX
   218 00000120 68 003C0000                     	PUSH	3932160
   219 00000125 E8 [00000000]                   	CALL	_memman_alloc_4k
   220 0000012A 6A FF                           	PUSH	-1
   221 0000012C 89 C3                           	MOV	EBX,EAX
   222 0000012E 0F BF 05 00000FF6               	MOVSX	EAX,WORD [4086]
   223 00000135 50                              	PUSH	EAX
   224 00000136 0F BF 05 00000FF4               	MOVSX	EAX,WORD [4084]
   225 0000013D 50                              	PUSH	EAX
   226 0000013E 53                              	PUSH	EBX
   227 0000013F FF B5 FFFFFC60                  	PUSH	DWORD [-928+EBP]
   228 00000145 E8 [00000000]                   	CALL	_sheet_setbuf
   229 0000014A 83 C4 20                        	ADD	ESP,32
   230 0000014D 0F BF 05 00000FF6               	MOVSX	EAX,WORD [4086]
   231 00000154 50                              	PUSH	EAX
   232 00000155 0F BF 05 00000FF4               	MOVSX	EAX,WORD [4084]
   233 0000015C 50                              	PUSH	EAX
   234 0000015D 53                              	PUSH	EBX
   235 0000015E E8 [00000000]                   	CALL	_init_screen8
   236 00000163 83 C4 0C                        	ADD	ESP,12
   237 00000166                                 L6:
   238 00000166 57                              	PUSH	EDI
   239 00000167 E8 [00000000]                   	CALL	_sheet_alloc
   240 0000016C 68 00001D40                     	PUSH	7488
   241 00000171 68 003C0000                     	PUSH	3932160
   242 00000176 89 84 B5 FFFFFC84               	MOV	DWORD [-892+EBP+ESI*4],EAX
   243 0000017D E8 [00000000]                   	CALL	_memman_alloc_4k
   244 00000182 6A FF                           	PUSH	-1
   245 00000184 89 C3                           	MOV	EBX,EAX
   246 00000186 6A 34                           	PUSH	52
   247 00000188 68 00000090                     	PUSH	144
   248 0000018D 50                              	PUSH	EAX
   249 0000018E FF B4 B5 FFFFFC84               	PUSH	DWORD [-892+EBP+ESI*4]
   250 00000195 E8 [00000000]                   	CALL	_sheet_setbuf
   251 0000019A 8D 45 A4                        	LEA	EAX,DWORD [-92+EBP]
   252 0000019D 83 C4 20                        	ADD	ESP,32
   253 000001A0 56                              	PUSH	ESI
   254 000001A1 68 [00000054]                   	PUSH	LC0
   255 000001A6 50                              	PUSH	EAX
   256 000001A7 E8 [00000000]                   	CALL	_sprintf
   257 000001AC 8D 55 A4                        	LEA	EDX,DWORD [-92+EBP]
   258 000001AF 6A 00                           	PUSH	0
   259 000001B1 52                              	PUSH	EDX
   260 000001B2 6A 34                           	PUSH	52
   261 000001B4 68 00000090                     	PUSH	144
   262 000001B9 53                              	PUSH	EBX
   263 000001BA E8 000005E5                     	CALL	_make_window8
   264 000001BF 83 C4 20                        	ADD	ESP,32
   265 000001C2 E8 [00000000]                   	CALL	_task_alloc
   266 000001C7 68 00010000                     	PUSH	65536
   267 000001CC 89 C3                           	MOV	EBX,EAX
   268 000001CE 68 003C0000                     	PUSH	3932160
   269 000001D3 89 84 B5 FFFFFC74               	MOV	DWORD [-908+EBP+ESI*4],EAX
   270 000001DA E8 [00000000]                   	CALL	_memman_alloc_4k
   271 000001DF 05 0000FFF8                     	ADD	EAX,65528
   272 000001E4 89 43 44                        	MOV	DWORD [68+EBX],EAX
   273 000001E7 8B 9C B5 FFFFFC84               	MOV	EBX,DWORD [-892+EBP+ESI*4]
   274 000001EE 8B 84 B5 FFFFFC74               	MOV	EAX,DWORD [-908+EBP+ESI*4]
   275 000001F5 8B 48 44                        	MOV	ECX,DWORD [68+EAX]
   276 000001F8 C7 40 2C [00000B01]             	MOV	DWORD [44+EAX],_task_b_main
   277 000001FF C7 40 54 00000008               	MOV	DWORD [84+EAX],8
   278 00000206 C7 40 58 00000010               	MOV	DWORD [88+EAX],16
   279 0000020D C7 40 5C 00000008               	MOV	DWORD [92+EAX],8
   280 00000214 C7 40 60 00000008               	MOV	DWORD [96+EAX],8
   281 0000021B C7 40 64 00000008               	MOV	DWORD [100+EAX],8
   282 00000222 C7 40 68 00000008               	MOV	DWORD [104+EAX],8
   283 00000229 89 59 04                        	MOV	DWORD [4+ECX],EBX
   284 0000022C 8D 5E 01                        	LEA	EBX,DWORD [1+ESI]
   285 0000022F 53                              	PUSH	EBX
   286 00000230 89 DE                           	MOV	ESI,EBX
   287 00000232 50                              	PUSH	EAX
   288 00000233 E8 [00000000]                   	CALL	_task_run
   289 00000238 83 C4 10                        	ADD	ESP,16
   290 0000023B 83 FB 02                        	CMP	EBX,2
   291 0000023E 0F 8E FFFFFF22                  	JLE	L6
   292 00000244 57                              	PUSH	EDI
   293 00000245 E8 [00000000]                   	CALL	_sheet_alloc
   294 0000024A 68 00002080                     	PUSH	8320
   295 0000024F 68 003C0000                     	PUSH	3932160
   296 00000254 89 85 FFFFFC58                  	MOV	DWORD [-936+EBP],EAX
   297 0000025A E8 [00000000]                   	CALL	_memman_alloc_4k
   298 0000025F 6A FF                           	PUSH	-1
   299 00000261 89 C3                           	MOV	EBX,EAX
   300 00000263 6A 34                           	PUSH	52
   301 00000265 68 00000090                     	PUSH	144
   302 0000026A 50                              	PUSH	EAX
   303 0000026B FF B5 FFFFFC58                  	PUSH	DWORD [-936+EBP]
   304 00000271 E8 [00000000]                   	CALL	_sheet_setbuf
   305 00000276 83 C4 20                        	ADD	ESP,32
   306 00000279 6A 01                           	PUSH	1
   307 0000027B 68 [0000005D]                   	PUSH	LC1
   308 00000280 6A 34                           	PUSH	52
   309 00000282 68 00000090                     	PUSH	144
   310 00000287 53                              	PUSH	EBX
   311 00000288 8D 9D FFFFFC94                  	LEA	EBX,DWORD [-876+EBP]
   312 0000028E E8 00000511                     	CALL	_make_window8
   313 00000293 6A 07                           	PUSH	7
   314 00000295 6A 10                           	PUSH	16
   315 00000297 68 00000080                     	PUSH	128
   316 0000029C 6A 1C                           	PUSH	28
   317 0000029E 6A 08                           	PUSH	8
   318 000002A0 FF B5 FFFFFC58                  	PUSH	DWORD [-936+EBP]
   319 000002A6 E8 00000720                     	CALL	_make_textbox8
   320 000002AB 83 C4 2C                        	ADD	ESP,44
   321 000002AE C7 85 FFFFFC6C 00000008         	MOV	DWORD [-916+EBP],8
   322 000002B8 C7 85 FFFFFC68 00000007         	MOV	DWORD [-920+EBP],7
   323 000002C2 E8 [00000000]                   	CALL	_timer_alloc
   324 000002C7 6A 01                           	PUSH	1
   325 000002C9 89 85 FFFFFC50                  	MOV	DWORD [-944+EBP],EAX
   326 000002CF 8D 45 D4                        	LEA	EAX,DWORD [-44+EBP]
   327 000002D2 50                              	PUSH	EAX
   328 000002D3 FF B5 FFFFFC50                  	PUSH	DWORD [-944+EBP]
   329 000002D9 E8 [00000000]                   	CALL	_timer_init
   330 000002DE 6A 32                           	PUSH	50
   331 000002E0 FF B5 FFFFFC50                  	PUSH	DWORD [-944+EBP]
   332 000002E6 E8 [00000000]                   	CALL	_timer_settime
   333 000002EB 57                              	PUSH	EDI
   334 000002EC E8 [00000000]                   	CALL	_sheet_alloc
   335 000002F1 6A 63                           	PUSH	99
   336 000002F3 6A 10                           	PUSH	16
   337 000002F5 6A 10                           	PUSH	16
   338 000002F7 89 85 FFFFFC5C                  	MOV	DWORD [-932+EBP],EAX
   339 000002FD 53                              	PUSH	EBX
   340 000002FE 50                              	PUSH	EAX
   341 000002FF E8 [00000000]                   	CALL	_sheet_setbuf
   342 00000304 83 C4 2C                        	ADD	ESP,44
   343 00000307 6A 63                           	PUSH	99
   344 00000309 53                              	PUSH	EBX
   345 0000030A BB 00000002                     	MOV	EBX,2
   346 0000030F E8 [00000000]                   	CALL	_init_mouse_cursor8
   347 00000314 0F BF 05 00000FF4               	MOVSX	EAX,WORD [4084]
   348 0000031B 8D 48 F0                        	LEA	ECX,DWORD [-16+EAX]
   349 0000031E 89 C8                           	MOV	EAX,ECX
   350 00000320 99                              	CDQ
   351 00000321 F7 FB                           	IDIV	EBX
   352 00000323 89 85 FFFFFC70                  	MOV	DWORD [-912+EBP],EAX
   353 00000329 0F BF 05 00000FF6               	MOVSX	EAX,WORD [4086]
   354 00000330 6A 00                           	PUSH	0
   355 00000332 8D 48 D4                        	LEA	ECX,DWORD [-44+EAX]
   356 00000335 6A 00                           	PUSH	0
   357 00000337 89 C8                           	MOV	EAX,ECX
   358 00000339 99                              	CDQ
   359 0000033A F7 FB                           	IDIV	EBX
   360 0000033C FF B5 FFFFFC60                  	PUSH	DWORD [-928+EBP]
   361 00000342 89 C7                           	MOV	EDI,EAX
   362 00000344 8D 5D A4                        	LEA	EBX,DWORD [-92+EBP]
   363 00000347 E8 [00000000]                   	CALL	_sheet_slide
   364 0000034C 6A 38                           	PUSH	56
   365 0000034E 68 000000A8                     	PUSH	168
   366 00000353 FF B5 FFFFFC84                  	PUSH	DWORD [-892+EBP]
   367 00000359 E8 [00000000]                   	CALL	_sheet_slide
   368 0000035E 83 C4 20                        	ADD	ESP,32
   369 00000361 6A 74                           	PUSH	116
   370 00000363 6A 08                           	PUSH	8
   371 00000365 FF B5 FFFFFC88                  	PUSH	DWORD [-888+EBP]
   372 0000036B E8 [00000000]                   	CALL	_sheet_slide
   373 00000370 6A 74                           	PUSH	116
   374 00000372 68 000000A8                     	PUSH	168
   375 00000377 FF B5 FFFFFC8C                  	PUSH	DWORD [-884+EBP]
   376 0000037D E8 [00000000]                   	CALL	_sheet_slide
   377 00000382 6A 38                           	PUSH	56
   378 00000384 6A 08                           	PUSH	8
   379 00000386 FF B5 FFFFFC58                  	PUSH	DWORD [-936+EBP]
   380 0000038C E8 [00000000]                   	CALL	_sheet_slide
   381 00000391 83 C4 24                        	ADD	ESP,36
   382 00000394 57                              	PUSH	EDI
   383 00000395 FF B5 FFFFFC70                  	PUSH	DWORD [-912+EBP]
   384 0000039B FF B5 FFFFFC5C                  	PUSH	DWORD [-932+EBP]
   385 000003A1 E8 [00000000]                   	CALL	_sheet_slide
   386 000003A6 6A 00                           	PUSH	0
   387 000003A8 FF B5 FFFFFC60                  	PUSH	DWORD [-928+EBP]
   388 000003AE E8 [00000000]                   	CALL	_sheet_updown
   389 000003B3 6A 01                           	PUSH	1
   390 000003B5 FF B5 FFFFFC84                  	PUSH	DWORD [-892+EBP]
   391 000003BB E8 [00000000]                   	CALL	_sheet_updown
   392 000003C0 6A 02                           	PUSH	2
   393 000003C2 FF B5 FFFFFC88                  	PUSH	DWORD [-888+EBP]
   394 000003C8 E8 [00000000]                   	CALL	_sheet_updown
   395 000003CD 83 C4 24                        	ADD	ESP,36
   396 000003D0 6A 03                           	PUSH	3
   397 000003D2 FF B5 FFFFFC8C                  	PUSH	DWORD [-884+EBP]
   398 000003D8 E8 [00000000]                   	CALL	_sheet_updown
   399 000003DD 6A 04                           	PUSH	4
   400 000003DF FF B5 FFFFFC58                  	PUSH	DWORD [-936+EBP]
   401 000003E5 E8 [00000000]                   	CALL	_sheet_updown
   402 000003EA 6A 05                           	PUSH	5
   403 000003EC FF B5 FFFFFC5C                  	PUSH	DWORD [-932+EBP]
   404 000003F2 E8 [00000000]                   	CALL	_sheet_updown
   405 000003F7 57                              	PUSH	EDI
   406 000003F8 FF B5 FFFFFC70                  	PUSH	DWORD [-912+EBP]
   407 000003FE 68 [00000064]                   	PUSH	LC2
   408 00000403 53                              	PUSH	EBX
   409 00000404 E8 [00000000]                   	CALL	_sprintf
   410 00000409 83 C4 28                        	ADD	ESP,40
   411 0000040C 6A 0A                           	PUSH	10
   412 0000040E 53                              	PUSH	EBX
   413 0000040F 6A 0E                           	PUSH	14
   414 00000411 6A 07                           	PUSH	7
   415 00000413 6A 00                           	PUSH	0
   416 00000415 6A 00                           	PUSH	0
   417 00000417 FF B5 FFFFFC60                  	PUSH	DWORD [-928+EBP]
   418 0000041D E8 00000522                     	CALL	_putfonts8_asc_sht
   419 00000422 68 003C0000                     	PUSH	3932160
   420 00000427 E8 [00000000]                   	CALL	_memman_total
   421 0000042C C1 AD FFFFFC64 14               	SHR	DWORD [-924+EBP],20
   422 00000433 C1 E8 0A                        	SHR	EAX,10
   423 00000436 89 04 24                        	MOV	DWORD [ESP],EAX
   424 00000439 FF B5 FFFFFC64                  	PUSH	DWORD [-924+EBP]
   425 0000043F 68 [0000006F]                   	PUSH	LC3
   426 00000444 53                              	PUSH	EBX
   427 00000445 E8 [00000000]                   	CALL	_sprintf
   428 0000044A 83 C4 2C                        	ADD	ESP,44
   429 0000044D 6A 28                           	PUSH	40
   430 0000044F 53                              	PUSH	EBX
   431 00000450 6A 0E                           	PUSH	14
   432 00000452 6A 07                           	PUSH	7
   433 00000454 6A 20                           	PUSH	32
   434 00000456 6A 00                           	PUSH	0
   435 00000458 FF B5 FFFFFC60                  	PUSH	DWORD [-928+EBP]
   436 0000045E E8 000004E1                     	CALL	_putfonts8_asc_sht
   437 00000463 83 C4 1C                        	ADD	ESP,28
   438 00000466                                 L7:
   439 00000466 8D 5D D4                        	LEA	EBX,DWORD [-44+EBP]
   440 00000469 E8 [00000000]                   	CALL	_io_cli
   441 0000046E 53                              	PUSH	EBX
   442 0000046F E8 [00000000]                   	CALL	_fifo32_status
   443 00000474 5E                              	POP	ESI
   444 00000475 85 C0                           	TEST	EAX,EAX
   445 00000477 0F 84 00000311                  	JE	L34
   446 0000047D 53                              	PUSH	EBX
   447 0000047E E8 [00000000]                   	CALL	_fifo32_get
   448 00000483 89 C6                           	MOV	ESI,EAX
   449 00000485 E8 [00000000]                   	CALL	_io_sti
   450 0000048A 5A                              	POP	EDX
   451 0000048B 8D 86 FFFFFF00                  	LEA	EAX,DWORD [-256+ESI]
   452 00000491 3D 000000FF                     	CMP	EAX,255
   453 00000496 0F 86 000001F5                  	JBE	L35
   454 0000049C 8D 86 FFFFFE00                  	LEA	EAX,DWORD [-512+ESI]
   455 000004A2 3D 000000FF                     	CMP	EAX,255
   456 000004A7 0F 86 000000A2                  	JBE	L36
   457 000004AD 83 FE 01                        	CMP	ESI,1
   458 000004B0 7F B4                           	JG	L7
   459 000004B2 85 F6                           	TEST	ESI,ESI
   460 000004B4 74 7C                           	JE	L29
   461 000004B6 6A 00                           	PUSH	0
   462 000004B8 53                              	PUSH	EBX
   463 000004B9 FF B5 FFFFFC50                  	PUSH	DWORD [-944+EBP]
   464 000004BF E8 [00000000]                   	CALL	_timer_init
   465 000004C4 C7 85 FFFFFC68 00000000         	MOV	DWORD [-920+EBP],0
   466 000004CE                                 L33:
   467 000004CE 83 C4 0C                        	ADD	ESP,12
   468 000004D1 6A 32                           	PUSH	50
   469 000004D3 FF B5 FFFFFC50                  	PUSH	DWORD [-944+EBP]
   470 000004D9 E8 [00000000]                   	CALL	_timer_settime
   471 000004DE 8B 95 FFFFFC58                  	MOV	EDX,DWORD [-936+EBP]
   472 000004E4 8B 85 FFFFFC6C                  	MOV	EAX,DWORD [-916+EBP]
   473 000004EA 6A 2B                           	PUSH	43
   474 000004EC 83 C0 07                        	ADD	EAX,7
   475 000004EF 50                              	PUSH	EAX
   476 000004F0 6A 1C                           	PUSH	28
   477 000004F2 FF B5 FFFFFC6C                  	PUSH	DWORD [-916+EBP]
   478 000004F8 FF B5 FFFFFC68                  	PUSH	DWORD [-920+EBP]
   479 000004FE FF 72 04                        	PUSH	DWORD [4+EDX]
   480 00000501 FF 32                           	PUSH	DWORD [EDX]
   481 00000503 E8 [00000000]                   	CALL	_boxfill8
   482 00000508 8B 85 FFFFFC6C                  	MOV	EAX,DWORD [-916+EBP]
   483 0000050E 83 C4 24                        	ADD	ESP,36
   484 00000511 83 C0 08                        	ADD	EAX,8
   485 00000514 6A 2C                           	PUSH	44
   486 00000516 50                              	PUSH	EAX
   487 00000517 6A 1C                           	PUSH	28
   488 00000519 FF B5 FFFFFC6C                  	PUSH	DWORD [-916+EBP]
   489 0000051F FF B5 FFFFFC58                  	PUSH	DWORD [-936+EBP]
   490 00000525 E8 [00000000]                   	CALL	_sheet_refresh
   491 0000052A 83 C4 14                        	ADD	ESP,20
   492 0000052D E9 FFFFFF34                     	JMP	L7
   493 00000532                                 L29:
   494 00000532 6A 01                           	PUSH	1
   495 00000534 53                              	PUSH	EBX
   496 00000535 FF B5 FFFFFC50                  	PUSH	DWORD [-944+EBP]
   497 0000053B E8 [00000000]                   	CALL	_timer_init
   498 00000540 C7 85 FFFFFC68 00000007         	MOV	DWORD [-920+EBP],7
   499 0000054A E9 FFFFFF7F                     	JMP	L33
   500 0000054F                                 L36:
   501 0000054F 89 F2                           	MOV	EDX,ESI
   502 00000551 0F B6 C2                        	MOVZX	EAX,DL
   503 00000554 50                              	PUSH	EAX
   504 00000555 8D 85 FFFFFD94                  	LEA	EAX,DWORD [-620+EBP]
   505 0000055B 50                              	PUSH	EAX
   506 0000055C E8 [00000000]                   	CALL	_mouse_decode
   507 00000561 5A                              	POP	EDX
   508 00000562 59                              	POP	ECX
   509 00000563 85 C0                           	TEST	EAX,EAX
   510 00000565 0F 84 FFFFFEFB                  	JE	L7
   511 0000056B FF B5 FFFFFD9C                  	PUSH	DWORD [-612+EBP]
   512 00000571 FF B5 FFFFFD98                  	PUSH	DWORD [-616+EBP]
   513 00000577 68 [00000089]                   	PUSH	LC6
   514 0000057C 8D 5D A4                        	LEA	EBX,DWORD [-92+EBP]
   515 0000057F 53                              	PUSH	EBX
   516 00000580 E8 [00000000]                   	CALL	_sprintf
   517 00000585 83 C4 10                        	ADD	ESP,16
   518 00000588 8B 85 FFFFFDA0                  	MOV	EAX,DWORD [-608+EBP]
   519 0000058E A9 00000001                     	TEST	EAX,1
   520 00000593 74 04                           	JE	L19
   521 00000595 C6 45 A5 4C                     	MOV	BYTE [-91+EBP],76
   522 00000599                                 L19:
   523 00000599 A9 00000002                     	TEST	EAX,2
   524 0000059E 74 04                           	JE	L20
   525 000005A0 C6 45 A7 52                     	MOV	BYTE [-89+EBP],82
   526 000005A4                                 L20:
   527 000005A4 83 E0 04                        	AND	EAX,4
   528 000005A7 74 04                           	JE	L21
   529 000005A9 C6 45 A6 43                     	MOV	BYTE [-90+EBP],67
   530 000005AD                                 L21:
   531 000005AD 6A 0F                           	PUSH	15
   532 000005AF 53                              	PUSH	EBX
   533 000005B0 6A 0E                           	PUSH	14
   534 000005B2 6A 07                           	PUSH	7
   535 000005B4 6A 10                           	PUSH	16
   536 000005B6 6A 20                           	PUSH	32
   537 000005B8 FF B5 FFFFFC60                  	PUSH	DWORD [-928+EBP]
   538 000005BE E8 00000381                     	CALL	_putfonts8_asc_sht
   539 000005C3 8B 85 FFFFFD98                  	MOV	EAX,DWORD [-616+EBP]
   540 000005C9 03 BD FFFFFD9C                  	ADD	EDI,DWORD [-612+EBP]
   541 000005CF 83 C4 1C                        	ADD	ESP,28
   542 000005D2 01 85 FFFFFC70                  	ADD	DWORD [-912+EBP],EAX
   543 000005D8 0F 88 000000A4                  	JS	L37
   544 000005DE                                 L22:
   545 000005DE 85 FF                           	TEST	EDI,EDI
   546 000005E0 0F 88 00000095                  	JS	L38
   547 000005E6                                 L23:
   548 000005E6 0F BF 05 00000FF4               	MOVSX	EAX,WORD [4084]
   549 000005ED 48                              	DEC	EAX
   550 000005EE 39 85 FFFFFC70                  	CMP	DWORD [-912+EBP],EAX
   551 000005F4 7E 06                           	JLE	L24
   552 000005F6 89 85 FFFFFC70                  	MOV	DWORD [-912+EBP],EAX
   553 000005FC                                 L24:
   554 000005FC 0F BF 05 00000FF6               	MOVSX	EAX,WORD [4086]
   555 00000603 48                              	DEC	EAX
   556 00000604 39 C7                           	CMP	EDI,EAX
   557 00000606 7E 02                           	JLE	L25
   558 00000608 89 C7                           	MOV	EDI,EAX
   559 0000060A                                 L25:
   560 0000060A 57                              	PUSH	EDI
   561 0000060B FF B5 FFFFFC70                  	PUSH	DWORD [-912+EBP]
   562 00000611 68 [00000064]                   	PUSH	LC2
   563 00000616 53                              	PUSH	EBX
   564 00000617 E8 [00000000]                   	CALL	_sprintf
   565 0000061C 6A 0A                           	PUSH	10
   566 0000061E 53                              	PUSH	EBX
   567 0000061F 6A 0E                           	PUSH	14
   568 00000621 6A 07                           	PUSH	7
   569 00000623 6A 00                           	PUSH	0
   570 00000625 6A 00                           	PUSH	0
   571 00000627 FF B5 FFFFFC60                  	PUSH	DWORD [-928+EBP]
   572 0000062D E8 00000312                     	CALL	_putfonts8_asc_sht
   573 00000632 83 C4 2C                        	ADD	ESP,44
   574 00000635 57                              	PUSH	EDI
   575 00000636 FF B5 FFFFFC70                  	PUSH	DWORD [-912+EBP]
   576 0000063C FF B5 FFFFFC5C                  	PUSH	DWORD [-932+EBP]
   577 00000642 E8 [00000000]                   	CALL	_sheet_slide
   578 00000647 83 C4 0C                        	ADD	ESP,12
   579 0000064A F7 85 FFFFFDA0 00000001         	TEST	DWORD [-608+EBP],1
   580 00000654 0F 84 FFFFFE0C                  	JE	L7
   581 0000065A 8D 47 F8                        	LEA	EAX,DWORD [-8+EDI]
   582 0000065D 50                              	PUSH	EAX
   583 0000065E 8B 85 FFFFFC70                  	MOV	EAX,DWORD [-912+EBP]
   584 00000664 83 E8 50                        	SUB	EAX,80
   585 00000667 50                              	PUSH	EAX
   586 00000668 FF B5 FFFFFC58                  	PUSH	DWORD [-936+EBP]
   587 0000066E E8 [00000000]                   	CALL	_sheet_slide
   588 00000673 83 C4 0C                        	ADD	ESP,12
   589 00000676 E9 FFFFFDEB                     	JMP	L7
   590 0000067B                                 L38:
   591 0000067B 31 FF                           	XOR	EDI,EDI
   592 0000067D E9 FFFFFF64                     	JMP	L23
   593 00000682                                 L37:
   594 00000682 C7 85 FFFFFC70 00000000         	MOV	DWORD [-912+EBP],0
   595 0000068C E9 FFFFFF4D                     	JMP	L22
   596 00000691                                 L35:
   597 00000691 50                              	PUSH	EAX
   598 00000692 8D 5D A4                        	LEA	EBX,DWORD [-92+EBP]
   599 00000695 68 [00000097]                   	PUSH	LC4
   600 0000069A 53                              	PUSH	EBX
   601 0000069B E8 [00000000]                   	CALL	_sprintf
   602 000006A0 6A 02                           	PUSH	2
   603 000006A2 53                              	PUSH	EBX
   604 000006A3 6A 0E                           	PUSH	14
   605 000006A5 6A 07                           	PUSH	7
   606 000006A7 6A 10                           	PUSH	16
   607 000006A9 6A 00                           	PUSH	0
   608 000006AB FF B5 FFFFFC60                  	PUSH	DWORD [-928+EBP]
   609 000006B1 E8 0000028E                     	CALL	_putfonts8_asc_sht
   610 000006B6 83 C4 28                        	ADD	ESP,40
   611 000006B9 81 FE 00000153                  	CMP	ESI,339
   612 000006BF 7F 3E                           	JG	L13
   613 000006C1 8A 86 [FFFFFF00]                	MOV	AL,BYTE [_keytable.0-256+ESI]
   614 000006C7 84 C0                           	TEST	AL,AL
   615 000006C9 74 34                           	JE	L13
   616 000006CB 83 BD FFFFFC6C 7F               	CMP	DWORD [-916+EBP],127
   617 000006D2 7F 2B                           	JG	L13
   618 000006D4 6A 01                           	PUSH	1
   619 000006D6 88 45 A4                        	MOV	BYTE [-92+EBP],AL
   620 000006D9 53                              	PUSH	EBX
   621 000006DA 6A 07                           	PUSH	7
   622 000006DC 6A 00                           	PUSH	0
   623 000006DE 6A 1C                           	PUSH	28
   624 000006E0 FF B5 FFFFFC6C                  	PUSH	DWORD [-916+EBP]
   625 000006E6 FF B5 FFFFFC58                  	PUSH	DWORD [-936+EBP]
   626 000006EC C6 45 A5 00                     	MOV	BYTE [-91+EBP],0
   627 000006F0 E8 0000024F                     	CALL	_putfonts8_asc_sht
   628 000006F5 83 C4 1C                        	ADD	ESP,28
   629 000006F8 83 85 FFFFFC6C 08               	ADD	DWORD [-916+EBP],8
   630 000006FF                                 L13:
   631 000006FF 81 FE 0000010E                  	CMP	ESI,270
   632 00000705 74 51                           	JE	L39
   633 00000707                                 L15:
   634 00000707 8B 85 FFFFFC6C                  	MOV	EAX,DWORD [-916+EBP]
   635 0000070D 6A 2B                           	PUSH	43
   636 0000070F 83 C0 07                        	ADD	EAX,7
   637 00000712 50                              	PUSH	EAX
   638 00000713 8B 85 FFFFFC58                  	MOV	EAX,DWORD [-936+EBP]
   639 00000719 6A 1C                           	PUSH	28
   640 0000071B FF B5 FFFFFC6C                  	PUSH	DWORD [-916+EBP]
   641 00000721 FF B5 FFFFFC68                  	PUSH	DWORD [-920+EBP]
   642 00000727 FF 70 04                        	PUSH	DWORD [4+EAX]
   643 0000072A FF 30                           	PUSH	DWORD [EAX]
   644 0000072C E8 [00000000]                   	CALL	_boxfill8
   645 00000731 8B 85 FFFFFC6C                  	MOV	EAX,DWORD [-916+EBP]
   646 00000737 6A 2C                           	PUSH	44
   647 00000739 83 C0 08                        	ADD	EAX,8
   648 0000073C 50                              	PUSH	EAX
   649 0000073D 6A 1C                           	PUSH	28
   650 0000073F FF B5 FFFFFC6C                  	PUSH	DWORD [-916+EBP]
   651 00000745 FF B5 FFFFFC58                  	PUSH	DWORD [-936+EBP]
   652 0000074B E8 [00000000]                   	CALL	_sheet_refresh
   653 00000750 83 C4 30                        	ADD	ESP,48
   654 00000753 E9 FFFFFD0E                     	JMP	L7
   655 00000758                                 L39:
   656 00000758 83 BD FFFFFC6C 08               	CMP	DWORD [-916+EBP],8
   657 0000075F 7E A6                           	JLE	L15
   658 00000761 6A 01                           	PUSH	1
   659 00000763 68 [0000009C]                   	PUSH	LC5
   660 00000768 6A 07                           	PUSH	7
   661 0000076A 6A 00                           	PUSH	0
   662 0000076C 6A 1C                           	PUSH	28
   663 0000076E FF B5 FFFFFC6C                  	PUSH	DWORD [-916+EBP]
   664 00000774 FF B5 FFFFFC58                  	PUSH	DWORD [-936+EBP]
   665 0000077A E8 000001C5                     	CALL	_putfonts8_asc_sht
   666 0000077F 83 C4 1C                        	ADD	ESP,28
   667 00000782 83 AD FFFFFC6C 08               	SUB	DWORD [-916+EBP],8
   668 00000789 E9 FFFFFF79                     	JMP	L15
   669 0000078E                                 L34:
   670 0000078E FF B5 FFFFFC54                  	PUSH	DWORD [-940+EBP]
   671 00000794 E8 [00000000]                   	CALL	_task_sleep
   672 00000799 E8 [00000000]                   	CALL	_io_sti
   673 0000079E 59                              	POP	ECX
   674 0000079F E9 FFFFFCC2                     	JMP	L7
   675                                          [SECTION .data]
   676 0000009E                                 _closebtn.1:
   677 0000009E 4F 4F 4F 4F 4F 4F 4F 4F 4F 4F   	DB	"OOOOOOOOOOOOOOO@"
       000000A8 4F 4F 4F 4F 4F 40 
   678 000000AE 4F 51 51 51 51 51 51 51 51 51   	DB	"OQQQQQQQQQQQQQ$@"
       000000B8 51 51 51 51 24 40 
   679 000000BE 4F 51 51 51 51 51 51 51 51 51   	DB	"OQQQQQQQQQQQQQ$@"
       000000C8 51 51 51 51 24 40 
   680 000000CE 4F 51 51 51 40 40 51 51 51 51   	DB	"OQQQ@@QQQQ@@QQ$@"
       000000D8 40 40 51 51 24 40 
   681 000000DE 4F 51 51 51 51 40 40 51 51 40   	DB	"OQQQQ@@QQ@@QQQ$@"
       000000E8 40 51 51 51 24 40 
   682 000000EE 4F 51 51 51 51 51 40 40 40 40   	DB	"OQQQQQ@@@@QQQQ$@"
       000000F8 51 51 51 51 24 40 
   683 000000FE 4F 51 51 51 51 51 51 40 40 51   	DB	"OQQQQQQ@@QQQQQ$@"
       00000108 51 51 51 51 24 40 
   684 0000010E 4F 51 51 51 51 51 40 40 40 40   	DB	"OQQQQQ@@@@QQQQ$@"
       00000118 51 51 51 51 24 40 
   685 0000011E 4F 51 51 51 51 40 40 51 51 40   	DB	"OQQQQ@@QQ@@QQQ$@"
       00000128 40 51 51 51 24 40 
   686 0000012E 4F 51 51 51 40 40 51 51 51 51   	DB	"OQQQ@@QQQQ@@QQ$@"
       00000138 40 40 51 51 24 40 
   687 0000013E 4F 51 51 51 51 51 51 51 51 51   	DB	"OQQQQQQQQQQQQQ$@"
       00000148 51 51 51 51 24 40 
   688 0000014E 4F 51 51 51 51 51 51 51 51 51   	DB	"OQQQQQQQQQQQQQ$@"
       00000158 51 51 51 51 24 40 
   689 0000015E 4F 24 24 24 24 24 24 24 24 24   	DB	"O$$$$$$$$$$$$$$@"
       00000168 24 24 24 24 24 40 
   690 0000016E 40 40 40 40 40 40 40 40 40 40   	DB	"@@@@@@@@@@@@@@@@"
       00000178 40 40 40 40 40 40 
   691                                          [SECTION .text]
   692 000007A4                                 	GLOBAL	_make_window8
   693 000007A4                                 _make_window8:
   694 000007A4 55                              	PUSH	EBP
   695 000007A5 89 E5                           	MOV	EBP,ESP
   696 000007A7 57                              	PUSH	EDI
   697 000007A8 56                              	PUSH	ESI
   698 000007A9 53                              	PUSH	EBX
   699 000007AA 83 EC 0C                        	SUB	ESP,12
   700 000007AD 80 7D 18 00                     	CMP	BYTE [24+EBP],0
   701 000007B1 0F 84 00000180                  	JE	L41
   702 000007B7 C6 45 EF 07                     	MOV	BYTE [-17+EBP],7
   703 000007BB C6 45 EE 0C                     	MOV	BYTE [-18+EBP],12
   704 000007BF                                 L42:
   705 000007BF 8B 45 0C                        	MOV	EAX,DWORD [12+EBP]
   706 000007C2 6A 00                           	PUSH	0
   707 000007C4 48                              	DEC	EAX
   708 000007C5 50                              	PUSH	EAX
   709 000007C6 89 45 E8                        	MOV	DWORD [-24+EBP],EAX
   710 000007C9 6A 00                           	PUSH	0
   711 000007CB 6A 00                           	PUSH	0
   712 000007CD 6A 08                           	PUSH	8
   713 000007CF FF 75 0C                        	PUSH	DWORD [12+EBP]
   714 000007D2 FF 75 08                        	PUSH	DWORD [8+EBP]
   715 000007D5 E8 [00000000]                   	CALL	_boxfill8
   716 000007DA 8B 75 0C                        	MOV	ESI,DWORD [12+EBP]
   717 000007DD 6A 01                           	PUSH	1
   718 000007DF 83 EE 02                        	SUB	ESI,2
   719 000007E2 56                              	PUSH	ESI
   720 000007E3 6A 01                           	PUSH	1
   721 000007E5 6A 01                           	PUSH	1
   722 000007E7 6A 07                           	PUSH	7
   723 000007E9 FF 75 0C                        	PUSH	DWORD [12+EBP]
   724 000007EC FF 75 08                        	PUSH	DWORD [8+EBP]
   725 000007EF E8 [00000000]                   	CALL	_boxfill8
   726 000007F4 8B 7D 10                        	MOV	EDI,DWORD [16+EBP]
   727 000007F7 83 C4 38                        	ADD	ESP,56
   728 000007FA 4F                              	DEC	EDI
   729 000007FB 57                              	PUSH	EDI
   730 000007FC 6A 00                           	PUSH	0
   731 000007FE 6A 00                           	PUSH	0
   732 00000800 6A 00                           	PUSH	0
   733 00000802 6A 08                           	PUSH	8
   734 00000804 FF 75 0C                        	PUSH	DWORD [12+EBP]
   735 00000807 FF 75 08                        	PUSH	DWORD [8+EBP]
   736 0000080A E8 [00000000]                   	CALL	_boxfill8
   737 0000080F 8B 5D 10                        	MOV	EBX,DWORD [16+EBP]
   738 00000812 83 EB 02                        	SUB	EBX,2
   739 00000815 53                              	PUSH	EBX
   740 00000816 6A 01                           	PUSH	1
   741 00000818 6A 01                           	PUSH	1
   742 0000081A 6A 01                           	PUSH	1
   743 0000081C 6A 07                           	PUSH	7
   744 0000081E FF 75 0C                        	PUSH	DWORD [12+EBP]
   745 00000821 FF 75 08                        	PUSH	DWORD [8+EBP]
   746 00000824 E8 [00000000]                   	CALL	_boxfill8
   747 00000829 83 C4 38                        	ADD	ESP,56
   748 0000082C 53                              	PUSH	EBX
   749 0000082D 56                              	PUSH	ESI
   750 0000082E 6A 01                           	PUSH	1
   751 00000830 56                              	PUSH	ESI
   752 00000831 6A 0F                           	PUSH	15
   753 00000833 FF 75 0C                        	PUSH	DWORD [12+EBP]
   754 00000836 FF 75 08                        	PUSH	DWORD [8+EBP]
   755 00000839 E8 [00000000]                   	CALL	_boxfill8
   756 0000083E 57                              	PUSH	EDI
   757 0000083F FF 75 E8                        	PUSH	DWORD [-24+EBP]
   758 00000842 6A 00                           	PUSH	0
   759 00000844 FF 75 E8                        	PUSH	DWORD [-24+EBP]
   760 00000847 6A 00                           	PUSH	0
   761 00000849 FF 75 0C                        	PUSH	DWORD [12+EBP]
   762 0000084C FF 75 08                        	PUSH	DWORD [8+EBP]
   763 0000084F E8 [00000000]                   	CALL	_boxfill8
   764 00000854 8B 45 10                        	MOV	EAX,DWORD [16+EBP]
   765 00000857 83 C4 38                        	ADD	ESP,56
   766 0000085A 83 E8 03                        	SUB	EAX,3
   767 0000085D 50                              	PUSH	EAX
   768 0000085E 8B 45 0C                        	MOV	EAX,DWORD [12+EBP]
   769 00000861 83 E8 03                        	SUB	EAX,3
   770 00000864 50                              	PUSH	EAX
   771 00000865 6A 02                           	PUSH	2
   772 00000867 6A 02                           	PUSH	2
   773 00000869 6A 08                           	PUSH	8
   774 0000086B FF 75 0C                        	PUSH	DWORD [12+EBP]
   775 0000086E FF 75 08                        	PUSH	DWORD [8+EBP]
   776 00000871 E8 [00000000]                   	CALL	_boxfill8
   777 00000876 8B 45 0C                        	MOV	EAX,DWORD [12+EBP]
   778 00000879 6A 14                           	PUSH	20
   779 0000087B 83 E8 04                        	SUB	EAX,4
   780 0000087E 50                              	PUSH	EAX
   781 0000087F 6A 03                           	PUSH	3
   782 00000881 6A 03                           	PUSH	3
   783 00000883 0F B6 45 EE                     	MOVZX	EAX,BYTE [-18+EBP]
   784 00000887 50                              	PUSH	EAX
   785 00000888 FF 75 0C                        	PUSH	DWORD [12+EBP]
   786 0000088B FF 75 08                        	PUSH	DWORD [8+EBP]
   787 0000088E E8 [00000000]                   	CALL	_boxfill8
   788 00000893 83 C4 38                        	ADD	ESP,56
   789 00000896 53                              	PUSH	EBX
   790 00000897 56                              	PUSH	ESI
   791 00000898 53                              	PUSH	EBX
   792 00000899 6A 01                           	PUSH	1
   793 0000089B 6A 0F                           	PUSH	15
   794 0000089D FF 75 0C                        	PUSH	DWORD [12+EBP]
   795 000008A0 FF 75 08                        	PUSH	DWORD [8+EBP]
   796 000008A3 E8 [00000000]                   	CALL	_boxfill8
   797 000008A8 57                              	PUSH	EDI
   798 000008A9 FF 75 E8                        	PUSH	DWORD [-24+EBP]
   799 000008AC 57                              	PUSH	EDI
   800 000008AD 31 FF                           	XOR	EDI,EDI
   801 000008AF 6A 00                           	PUSH	0
   802 000008B1 6A 00                           	PUSH	0
   803 000008B3 FF 75 0C                        	PUSH	DWORD [12+EBP]
   804 000008B6 FF 75 08                        	PUSH	DWORD [8+EBP]
   805 000008B9 E8 [00000000]                   	CALL	_boxfill8
   806 000008BE 83 C4 38                        	ADD	ESP,56
   807 000008C1 FF 75 14                        	PUSH	DWORD [20+EBP]
   808 000008C4 0F BE 45 EF                     	MOVSX	EAX,BYTE [-17+EBP]
   809 000008C8 50                              	PUSH	EAX
   810 000008C9 6A 04                           	PUSH	4
   811 000008CB 6A 18                           	PUSH	24
   812 000008CD FF 75 0C                        	PUSH	DWORD [12+EBP]
   813 000008D0 FF 75 08                        	PUSH	DWORD [8+EBP]
   814 000008D3 E8 [00000000]                   	CALL	_putfonts8_asc
   815 000008D8 83 C4 18                        	ADD	ESP,24
   816 000008DB 6B 5D 0C 05                     	IMUL	EBX,DWORD [12+EBP],5
   817 000008DF C7 45 F0 00000000               	MOV	DWORD [-16+EBP],0
   818 000008E6                                 L58:
   819 000008E6 8B 45 0C                        	MOV	EAX,DWORD [12+EBP]
   820 000008E9 8B 55 08                        	MOV	EDX,DWORD [8+EBP]
   821 000008EC 01 D8                           	ADD	EAX,EBX
   822 000008EE 31 F6                           	XOR	ESI,ESI
   823 000008F0 8D 4C 02 EB                     	LEA	ECX,DWORD [-21+EDX+EAX*1]
   824 000008F4                                 L57:
   825 000008F4 8A 94 3E [0000009E]             	MOV	DL,BYTE [_closebtn.1+ESI+EDI*1]
   826 000008FB 80 FA 40                        	CMP	DL,64
   827 000008FE 74 33                           	JE	L63
   828 00000900 80 FA 24                        	CMP	DL,36
   829 00000903 74 2A                           	JE	L64
   830 00000905 80 FA 51                        	CMP	DL,81
   831 00000908 B2 08                           	MOV	DL,8
   832 0000090A 0F 95 C0                        	SETNE	AL
   833 0000090D 28 C2                           	SUB	DL,AL
   834 0000090F                                 L52:
   835 0000090F 46                              	INC	ESI
   836 00000910 88 11                           	MOV	BYTE [ECX],DL
   837 00000912 41                              	INC	ECX
   838 00000913 83 FE 0F                        	CMP	ESI,15
   839 00000916 7E DC                           	JLE	L57
   840 00000918 FF 45 F0                        	INC	DWORD [-16+EBP]
   841 0000091B 83 C7 10                        	ADD	EDI,16
   842 0000091E 03 5D 0C                        	ADD	EBX,DWORD [12+EBP]
   843 00000921 83 7D F0 0D                     	CMP	DWORD [-16+EBP],13
   844 00000925 7E BF                           	JLE	L58
   845 00000927 8D 65 F4                        	LEA	ESP,DWORD [-12+EBP]
   846 0000092A 5B                              	POP	EBX
   847 0000092B 5E                              	POP	ESI
   848 0000092C 5F                              	POP	EDI
   849 0000092D 5D                              	POP	EBP
   850 0000092E C3                              	RET
   851 0000092F                                 L64:
   852 0000092F B2 0F                           	MOV	DL,15
   853 00000931 EB DC                           	JMP	L52
   854 00000933                                 L63:
   855 00000933 31 D2                           	XOR	EDX,EDX
   856 00000935 EB D8                           	JMP	L52
   857 00000937                                 L41:
   858 00000937 C6 45 EF 08                     	MOV	BYTE [-17+EBP],8
   859 0000093B C6 45 EE 0F                     	MOV	BYTE [-18+EBP],15
   860 0000093F E9 FFFFFE7B                     	JMP	L42
   861 00000944                                 	GLOBAL	_putfonts8_asc_sht
   862 00000944                                 _putfonts8_asc_sht:
   863 00000944 55                              	PUSH	EBP
   864 00000945 89 E5                           	MOV	EBP,ESP
   865 00000947 57                              	PUSH	EDI
   866 00000948 56                              	PUSH	ESI
   867 00000949 53                              	PUSH	EBX
   868 0000094A 83 EC 0C                        	SUB	ESP,12
   869 0000094D 8B 45 08                        	MOV	EAX,DWORD [8+EBP]
   870 00000950 8B 7D 10                        	MOV	EDI,DWORD [16+EBP]
   871 00000953 89 45 F0                        	MOV	DWORD [-16+EBP],EAX
   872 00000956 8B 5D 14                        	MOV	EBX,DWORD [20+EBP]
   873 00000959 8B 45 0C                        	MOV	EAX,DWORD [12+EBP]
   874 0000095C 89 45 EC                        	MOV	DWORD [-20+EBP],EAX
   875 0000095F 8B 45 1C                        	MOV	EAX,DWORD [28+EBP]
   876 00000962 89 45 E8                        	MOV	DWORD [-24+EBP],EAX
   877 00000965 8D 47 0F                        	LEA	EAX,DWORD [15+EDI]
   878 00000968 50                              	PUSH	EAX
   879 00000969 8B 45 EC                        	MOV	EAX,DWORD [-20+EBP]
   880 0000096C 8B 75 20                        	MOV	ESI,DWORD [32+EBP]
   881 0000096F 0F BE DB                        	MOVSX	EBX,BL
   882 00000972 8D 34 F0                        	LEA	ESI,DWORD [EAX+ESI*8]
   883 00000975 8D 46 FF                        	LEA	EAX,DWORD [-1+ESI]
   884 00000978 50                              	PUSH	EAX
   885 00000979 57                              	PUSH	EDI
   886 0000097A FF 75 EC                        	PUSH	DWORD [-20+EBP]
   887 0000097D 0F B6 45 18                     	MOVZX	EAX,BYTE [24+EBP]
   888 00000981 50                              	PUSH	EAX
   889 00000982 8B 45 F0                        	MOV	EAX,DWORD [-16+EBP]
   890 00000985 FF 70 04                        	PUSH	DWORD [4+EAX]
   891 00000988 FF 30                           	PUSH	DWORD [EAX]
   892 0000098A E8 [00000000]                   	CALL	_boxfill8
   893 0000098F FF 75 E8                        	PUSH	DWORD [-24+EBP]
   894 00000992 53                              	PUSH	EBX
   895 00000993 57                              	PUSH	EDI
   896 00000994 FF 75 EC                        	PUSH	DWORD [-20+EBP]
   897 00000997 8B 45 F0                        	MOV	EAX,DWORD [-16+EBP]
   898 0000099A FF 70 04                        	PUSH	DWORD [4+EAX]
   899 0000099D FF 30                           	PUSH	DWORD [EAX]
   900 0000099F E8 [00000000]                   	CALL	_putfonts8_asc
   901 000009A4 89 7D 10                        	MOV	DWORD [16+EBP],EDI
   902 000009A7 8D 47 10                        	LEA	EAX,DWORD [16+EDI]
   903 000009AA 89 75 14                        	MOV	DWORD [20+EBP],ESI
   904 000009AD 89 45 18                        	MOV	DWORD [24+EBP],EAX
   905 000009B0 83 C4 34                        	ADD	ESP,52
   906 000009B3 8B 45 EC                        	MOV	EAX,DWORD [-20+EBP]
   907 000009B6 89 45 0C                        	MOV	DWORD [12+EBP],EAX
   908 000009B9 8B 45 F0                        	MOV	EAX,DWORD [-16+EBP]
   909 000009BC 89 45 08                        	MOV	DWORD [8+EBP],EAX
   910 000009BF 8D 65 F4                        	LEA	ESP,DWORD [-12+EBP]
   911 000009C2 5B                              	POP	EBX
   912 000009C3 5E                              	POP	ESI
   913 000009C4 5F                              	POP	EDI
   914 000009C5 5D                              	POP	EBP
   915 000009C6 E9 [00000000]                   	JMP	_sheet_refresh
   916 000009CB                                 	GLOBAL	_make_textbox8
   917 000009CB                                 _make_textbox8:
   918 000009CB 55                              	PUSH	EBP
   919 000009CC 89 E5                           	MOV	EBP,ESP
   920 000009CE 57                              	PUSH	EDI
   921 000009CF 56                              	PUSH	ESI
   922 000009D0 53                              	PUSH	EBX
   923 000009D1 83 EC 14                        	SUB	ESP,20
   924 000009D4 8B 45 0C                        	MOV	EAX,DWORD [12+EBP]
   925 000009D7 8B 75 10                        	MOV	ESI,DWORD [16+EBP]
   926 000009DA 03 45 14                        	ADD	EAX,DWORD [20+EBP]
   927 000009DD 83 EE 03                        	SUB	ESI,3
   928 000009E0 56                              	PUSH	ESI
   929 000009E1 89 45 F0                        	MOV	DWORD [-16+EBP],EAX
   930 000009E4 8B 45 10                        	MOV	EAX,DWORD [16+EBP]
   931 000009E7 03 45 18                        	ADD	EAX,DWORD [24+EBP]
   932 000009EA 89 45 EC                        	MOV	DWORD [-20+EBP],EAX
   933 000009ED 8B 45 F0                        	MOV	EAX,DWORD [-16+EBP]
   934 000009F0 40                              	INC	EAX
   935 000009F1 50                              	PUSH	EAX
   936 000009F2 89 45 E8                        	MOV	DWORD [-24+EBP],EAX
   937 000009F5 8B 45 0C                        	MOV	EAX,DWORD [12+EBP]
   938 000009F8 56                              	PUSH	ESI
   939 000009F9 83 E8 02                        	SUB	EAX,2
   940 000009FC 50                              	PUSH	EAX
   941 000009FD 89 45 E4                        	MOV	DWORD [-28+EBP],EAX
   942 00000A00 8B 45 08                        	MOV	EAX,DWORD [8+EBP]
   943 00000A03 6A 0F                           	PUSH	15
   944 00000A05 FF 70 04                        	PUSH	DWORD [4+EAX]
   945 00000A08 FF 30                           	PUSH	DWORD [EAX]
   946 00000A0A E8 [00000000]                   	CALL	_boxfill8
   947 00000A0F 8B 7D 0C                        	MOV	EDI,DWORD [12+EBP]
   948 00000A12 8B 45 EC                        	MOV	EAX,DWORD [-20+EBP]
   949 00000A15 83 EF 03                        	SUB	EDI,3
   950 00000A18 40                              	INC	EAX
   951 00000A19 50                              	PUSH	EAX
   952 00000A1A 89 45 E0                        	MOV	DWORD [-32+EBP],EAX
   953 00000A1D 57                              	PUSH	EDI
   954 00000A1E 8B 45 08                        	MOV	EAX,DWORD [8+EBP]
   955 00000A21 56                              	PUSH	ESI
   956 00000A22 57                              	PUSH	EDI
   957 00000A23 6A 0F                           	PUSH	15
   958 00000A25 FF 70 04                        	PUSH	DWORD [4+EAX]
   959 00000A28 FF 30                           	PUSH	DWORD [EAX]
   960 00000A2A E8 [00000000]                   	CALL	_boxfill8
   961 00000A2F 8B 45 08                        	MOV	EAX,DWORD [8+EBP]
   962 00000A32 83 C4 38                        	ADD	ESP,56
   963 00000A35 8B 5D EC                        	MOV	EBX,DWORD [-20+EBP]
   964 00000A38 83 C3 02                        	ADD	EBX,2
   965 00000A3B 53                              	PUSH	EBX
   966 00000A3C FF 75 E8                        	PUSH	DWORD [-24+EBP]
   967 00000A3F 53                              	PUSH	EBX
   968 00000A40 57                              	PUSH	EDI
   969 00000A41 6A 07                           	PUSH	7
   970 00000A43 FF 70 04                        	PUSH	DWORD [4+EAX]
   971 00000A46 FF 30                           	PUSH	DWORD [EAX]
   972 00000A48 E8 [00000000]                   	CALL	_boxfill8
   973 00000A4D 8B 45 F0                        	MOV	EAX,DWORD [-16+EBP]
   974 00000A50 53                              	PUSH	EBX
   975 00000A51 83 C0 02                        	ADD	EAX,2
   976 00000A54 50                              	PUSH	EAX
   977 00000A55 56                              	PUSH	ESI
   978 00000A56 50                              	PUSH	EAX
   979 00000A57 8B 45 08                        	MOV	EAX,DWORD [8+EBP]
   980 00000A5A 6A 07                           	PUSH	7
   981 00000A5C FF 70 04                        	PUSH	DWORD [4+EAX]
   982 00000A5F FF 30                           	PUSH	DWORD [EAX]
   983 00000A61 E8 [00000000]                   	CALL	_boxfill8
   984 00000A66 8B 45 08                        	MOV	EAX,DWORD [8+EBP]
   985 00000A69 83 C4 38                        	ADD	ESP,56
   986 00000A6C 8B 5D 10                        	MOV	EBX,DWORD [16+EBP]
   987 00000A6F 83 EB 02                        	SUB	EBX,2
   988 00000A72 8B 7D 0C                        	MOV	EDI,DWORD [12+EBP]
   989 00000A75 53                              	PUSH	EBX
   990 00000A76 4F                              	DEC	EDI
   991 00000A77 FF 75 F0                        	PUSH	DWORD [-16+EBP]
   992 00000A7A 53                              	PUSH	EBX
   993 00000A7B 57                              	PUSH	EDI
   994 00000A7C 6A 00                           	PUSH	0
   995 00000A7E FF 70 04                        	PUSH	DWORD [4+EAX]
   996 00000A81 FF 30                           	PUSH	DWORD [EAX]
   997 00000A83 E8 [00000000]                   	CALL	_boxfill8
   998 00000A88 8B 45 08                        	MOV	EAX,DWORD [8+EBP]
   999 00000A8B FF 75 EC                        	PUSH	DWORD [-20+EBP]
  1000 00000A8E FF 75 E4                        	PUSH	DWORD [-28+EBP]
  1001 00000A91 53                              	PUSH	EBX
  1002 00000A92 FF 75 E4                        	PUSH	DWORD [-28+EBP]
  1003 00000A95 6A 00                           	PUSH	0
  1004 00000A97 FF 70 04                        	PUSH	DWORD [4+EAX]
  1005 00000A9A FF 30                           	PUSH	DWORD [EAX]
  1006 00000A9C E8 [00000000]                   	CALL	_boxfill8
  1007 00000AA1 8B 45 08                        	MOV	EAX,DWORD [8+EBP]
  1008 00000AA4 83 C4 38                        	ADD	ESP,56
  1009 00000AA7 FF 75 E0                        	PUSH	DWORD [-32+EBP]
  1010 00000AAA FF 75 F0                        	PUSH	DWORD [-16+EBP]
  1011 00000AAD FF 75 E0                        	PUSH	DWORD [-32+EBP]
  1012 00000AB0 FF 75 E4                        	PUSH	DWORD [-28+EBP]
  1013 00000AB3 6A 08                           	PUSH	8
  1014 00000AB5 FF 70 04                        	PUSH	DWORD [4+EAX]
  1015 00000AB8 FF 30                           	PUSH	DWORD [EAX]
  1016 00000ABA E8 [00000000]                   	CALL	_boxfill8
  1017 00000ABF 8B 45 08                        	MOV	EAX,DWORD [8+EBP]
  1018 00000AC2 FF 75 E0                        	PUSH	DWORD [-32+EBP]
  1019 00000AC5 FF 75 E8                        	PUSH	DWORD [-24+EBP]
  1020 00000AC8 53                              	PUSH	EBX
  1021 00000AC9 FF 75 E8                        	PUSH	DWORD [-24+EBP]
  1022 00000ACC 6A 08                           	PUSH	8
  1023 00000ACE FF 70 04                        	PUSH	DWORD [4+EAX]
  1024 00000AD1 FF 30                           	PUSH	DWORD [EAX]
  1025 00000AD3 E8 [00000000]                   	CALL	_boxfill8
  1026 00000AD8 8B 45 10                        	MOV	EAX,DWORD [16+EBP]
  1027 00000ADB 83 C4 38                        	ADD	ESP,56
  1028 00000ADE 48                              	DEC	EAX
  1029 00000ADF FF 75 EC                        	PUSH	DWORD [-20+EBP]
  1030 00000AE2 FF 75 F0                        	PUSH	DWORD [-16+EBP]
  1031 00000AE5 50                              	PUSH	EAX
  1032 00000AE6 57                              	PUSH	EDI
  1033 00000AE7 0F B6 45 1C                     	MOVZX	EAX,BYTE [28+EBP]
  1034 00000AEB 50                              	PUSH	EAX
  1035 00000AEC 8B 45 08                        	MOV	EAX,DWORD [8+EBP]
  1036 00000AEF FF 70 04                        	PUSH	DWORD [4+EAX]
  1037 00000AF2 FF 30                           	PUSH	DWORD [EAX]
  1038 00000AF4 E8 [00000000]                   	CALL	_boxfill8
  1039 00000AF9 8D 65 F4                        	LEA	ESP,DWORD [-12+EBP]
  1040 00000AFC 5B                              	POP	EBX
  1041 00000AFD 5E                              	POP	ESI
  1042 00000AFE 5F                              	POP	EDI
  1043 00000AFF 5D                              	POP	EBP
  1044 00000B00 C3                              	RET
  1045                                          [SECTION .data]
  1046 0000017E                                 LC7:
  1047 0000017E 25 31 31 64 00                  	DB	"%11d",0x00
  1048                                          [SECTION .text]
  1049 00000B01                                 	GLOBAL	_task_b_main
  1050 00000B01                                 _task_b_main:
  1051 00000B01 55                              	PUSH	EBP
  1052 00000B02 89 E5                           	MOV	EBP,ESP
  1053 00000B04 57                              	PUSH	EDI
  1054 00000B05 56                              	PUSH	ESI
  1055 00000B06 31 FF                           	XOR	EDI,EDI
  1056 00000B08 53                              	PUSH	EBX
  1057 00000B09 8D 85 FFFFFDD4                  	LEA	EAX,DWORD [-556+EBP]
  1058 00000B0F 81 EC 00000234                  	SUB	ESP,564
  1059 00000B15 8D 5D D4                        	LEA	EBX,DWORD [-44+EBP]
  1060 00000B18 C7 85 FFFFFDC0 00000000         	MOV	DWORD [-576+EBP],0
  1061 00000B22 6A 00                           	PUSH	0
  1062 00000B24 50                              	PUSH	EAX
  1063 00000B25 68 00000080                     	PUSH	128
  1064 00000B2A 53                              	PUSH	EBX
  1065 00000B2B E8 [00000000]                   	CALL	_fifo32_init
  1066 00000B30 E8 [00000000]                   	CALL	_timer_alloc
  1067 00000B35 6A 64                           	PUSH	100
  1068 00000B37 53                              	PUSH	EBX
  1069 00000B38 89 C6                           	MOV	ESI,EAX
  1070 00000B3A 50                              	PUSH	EAX
  1071 00000B3B E8 [00000000]                   	CALL	_timer_init
  1072 00000B40 6A 64                           	PUSH	100
  1073 00000B42 56                              	PUSH	ESI
  1074 00000B43 E8 [00000000]                   	CALL	_timer_settime
  1075 00000B48 83 C4 24                        	ADD	ESP,36
  1076 00000B4B                                 L68:
  1077 00000B4B 8D 5D D4                        	LEA	EBX,DWORD [-44+EBP]
  1078 00000B4E E8 [00000000]                   	CALL	_io_cli
  1079 00000B53 53                              	PUSH	EBX
  1080 00000B54 47                              	INC	EDI
  1081 00000B55 E8 [00000000]                   	CALL	_fifo32_status
  1082 00000B5A 5A                              	POP	EDX
  1083 00000B5B 85 C0                           	TEST	EAX,EAX
  1084 00000B5D 74 55                           	JE	L74
  1085 00000B5F 53                              	PUSH	EBX
  1086 00000B60 E8 [00000000]                   	CALL	_fifo32_get
  1087 00000B65 89 C3                           	MOV	EBX,EAX
  1088 00000B67 E8 [00000000]                   	CALL	_io_sti
  1089 00000B6C 59                              	POP	ECX
  1090 00000B6D 83 FB 64                        	CMP	EBX,100
  1091 00000B70 75 D9                           	JNE	L68
  1092 00000B72 89 F8                           	MOV	EAX,EDI
  1093 00000B74 8D 9D FFFFFDC4                  	LEA	EBX,DWORD [-572+EBP]
  1094 00000B7A 2B 85 FFFFFDC0                  	SUB	EAX,DWORD [-576+EBP]
  1095 00000B80 50                              	PUSH	EAX
  1096 00000B81 68 [0000017E]                   	PUSH	LC7
  1097 00000B86 53                              	PUSH	EBX
  1098 00000B87 E8 [00000000]                   	CALL	_sprintf
  1099 00000B8C 6A 0B                           	PUSH	11
  1100 00000B8E 53                              	PUSH	EBX
  1101 00000B8F 6A 08                           	PUSH	8
  1102 00000B91 6A 00                           	PUSH	0
  1103 00000B93 6A 1C                           	PUSH	28
  1104 00000B95 6A 18                           	PUSH	24
  1105 00000B97 FF 75 08                        	PUSH	DWORD [8+EBP]
  1106 00000B9A E8 FFFFFDA5                     	CALL	_putfonts8_asc_sht
  1107 00000B9F 83 C4 28                        	ADD	ESP,40
  1108 00000BA2 89 BD FFFFFDC0                  	MOV	DWORD [-576+EBP],EDI
  1109 00000BA8 6A 64                           	PUSH	100
  1110 00000BAA 56                              	PUSH	ESI
  1111 00000BAB E8 [00000000]                   	CALL	_timer_settime
  1112 00000BB0 58                              	POP	EAX
  1113 00000BB1 5A                              	POP	EDX
  1114 00000BB2 EB 97                           	JMP	L68
  1115 00000BB4                                 L74:
  1116 00000BB4 E8 [00000000]                   	CALL	_io_sti
  1117 00000BB9 EB 90                           	JMP	L68
