     1 00000000                                 [FORMAT "WCOFF"]
     2 00000000                                 [INSTRSET "i486p"]
     3 00000000                                 [OPTIMIZE 1]
     4 00000000                                 [OPTION 1]
     5 00000000                                 [BITS 32]
     6 00000000                                 	EXTERN	_init_gdtidt
     7 00000000                                 	EXTERN	_init_pic
     8 00000000                                 	EXTERN	_io_sti
     9 00000000                                 	EXTERN	_fifo32_init
    10 00000000                                 	EXTERN	_init_pit
    11 00000000                                 	EXTERN	_init_keyboard
    12 00000000                                 	EXTERN	_enable_mouse
    13 00000000                                 	EXTERN	_io_out8
    14 00000000                                 	EXTERN	_memtest
    15 00000000                                 	EXTERN	_memman_init
    16 00000000                                 	EXTERN	_memman_free
    17 00000000                                 	EXTERN	_init_palette
    18 00000000                                 	EXTERN	_shtctl_init
    19 00000000                                 	EXTERN	_task_init
    20 00000000                                 	EXTERN	_task_run
    21 00000000                                 	EXTERN	_sheet_alloc
    22 00000000                                 	EXTERN	_memman_alloc_4k
    23 00000000                                 	EXTERN	_sheet_setbuf
    24 00000000                                 	EXTERN	_init_screen8
    25 00000000                                 	EXTERN	_make_window8
    26 00000000                                 	EXTERN	_make_textbox8
    27 00000000                                 	EXTERN	_task_alloc
    28 00000000                                 	EXTERN	_console_task
    29 00000000                                 	EXTERN	_timer_alloc
    30 00000000                                 	EXTERN	_timer_init
    31 00000000                                 	EXTERN	_timer_settime
    32 00000000                                 	EXTERN	_init_mouse_cursor8
    33 00000000                                 	EXTERN	_sheet_slide
    34 00000000                                 	EXTERN	_sheet_updown
    35 00000000                                 	EXTERN	_fifo32_put
    36 00000000                                 	EXTERN	_fifo32_status
    37 00000000                                 	EXTERN	_io_cli
    38 00000000                                 	EXTERN	_fifo32_get
    39 00000000                                 	EXTERN	_boxfill8
    40 00000000                                 	EXTERN	_sheet_refresh
    41 00000000                                 	EXTERN	_mouse_decode
    42 00000000                                 	EXTERN	_cons_putstr0
    43 00000000                                 	EXTERN	_asm_end_app
    44 00000000                                 	EXTERN	_keytable0.0
    45 00000000                                 	EXTERN	_wait_KBC_sendready
    46 00000000                                 	EXTERN	_putfonts8_asc_sht
    47 00000000                                 	EXTERN	_keytable1.1
    48 00000000                                 	EXTERN	_task_sleep
    49 00000000                                 	EXTERN	_change_wtitle8
    50 00000000                                 [FILE "bootpack.c"]
    51                                          [SECTION .data]
    52 00000000                                 _keytable0.0:
    53 00000000 00                              	DB	0
    54 00000001 00                              	DB	0
    55 00000002 31                              	DB	49
    56 00000003 32                              	DB	50
    57 00000004 33                              	DB	51
    58 00000005 34                              	DB	52
    59 00000006 35                              	DB	53
    60 00000007 36                              	DB	54
    61 00000008 37                              	DB	55
    62 00000009 38                              	DB	56
    63 0000000A 39                              	DB	57
    64 0000000B 30                              	DB	48
    65 0000000C 2D                              	DB	45
    66 0000000D 5E                              	DB	94
    67 0000000E 00                              	DB	0
    68 0000000F 00                              	DB	0
    69 00000010 51                              	DB	81
    70 00000011 57                              	DB	87
    71 00000012 45                              	DB	69
    72 00000013 52                              	DB	82
    73 00000014 54                              	DB	84
    74 00000015 59                              	DB	89
    75 00000016 55                              	DB	85
    76 00000017 49                              	DB	73
    77 00000018 4F                              	DB	79
    78 00000019 50                              	DB	80
    79 0000001A 40                              	DB	64
    80 0000001B 5B                              	DB	91
    81 0000001C 00                              	DB	0
    82 0000001D 00                              	DB	0
    83 0000001E 41                              	DB	65
    84 0000001F 53                              	DB	83
    85 00000020 44                              	DB	68
    86 00000021 46                              	DB	70
    87 00000022 47                              	DB	71
    88 00000023 48                              	DB	72
    89 00000024 4A                              	DB	74
    90 00000025 4B                              	DB	75
    91 00000026 4C                              	DB	76
    92 00000027 3B                              	DB	59
    93 00000028 3A                              	DB	58
    94 00000029 00                              	DB	0
    95 0000002A 00                              	DB	0
    96 0000002B 5D                              	DB	93
    97 0000002C 5A                              	DB	90
    98 0000002D 58                              	DB	88
    99 0000002E 43                              	DB	67
   100 0000002F 56                              	DB	86
   101 00000030 42                              	DB	66
   102 00000031 4E                              	DB	78
   103 00000032 4D                              	DB	77
   104 00000033 2C                              	DB	44
   105 00000034 2E                              	DB	46
   106 00000035 2F                              	DB	47
   107 00000036 00                              	DB	0
   108 00000037 2A                              	DB	42
   109 00000038 00                              	DB	0
   110 00000039 20                              	DB	32
   111 0000003A 00                              	DB	0
   112 0000003B 00                              	DB	0
   113 0000003C 00                              	DB	0
   114 0000003D 00                              	DB	0
   115 0000003E 00                              	DB	0
   116 0000003F 00                              	DB	0
   117 00000040 00                              	DB	0
   118 00000041 00                              	DB	0
   119 00000042 00                              	DB	0
   120 00000043 00                              	DB	0
   121 00000044 00                              	DB	0
   122 00000045 00                              	DB	0
   123 00000046 00                              	DB	0
   124 00000047 37                              	DB	55
   125 00000048 38                              	DB	56
   126 00000049 39                              	DB	57
   127 0000004A 2D                              	DB	45
   128 0000004B 34                              	DB	52
   129 0000004C 35                              	DB	53
   130 0000004D 36                              	DB	54
   131 0000004E 2B                              	DB	43
   132 0000004F 31                              	DB	49
   133 00000050 32                              	DB	50
   134 00000051 33                              	DB	51
   135 00000052 30                              	DB	48
   136 00000053 2E                              	DB	46
   137 00000054 00                              	DB	0
   138 00000055 00                              	DB	0
   139 00000056 00                              	DB	0
   140 00000057 00                              	DB	0
   141 00000058 00                              	DB	0
   142 00000059 00                              	DB	0
   143 0000005A 00                              	DB	0
   144 0000005B 00                              	DB	0
   145 0000005C 00                              	DB	0
   146 0000005D 00                              	DB	0
   147 0000005E 00                              	DB	0
   148 0000005F 00                              	DB	0
   149 00000060 00                              	DB	0
   150 00000061 00                              	DB	0
   151 00000062 00                              	DB	0
   152 00000063 00                              	DB	0
   153 00000064 00                              	DB	0
   154 00000065 00                              	DB	0
   155 00000066 00                              	DB	0
   156 00000067 00                              	DB	0
   157 00000068 00                              	DB	0
   158 00000069 00                              	DB	0
   159 0000006A 00                              	DB	0
   160 0000006B 00                              	DB	0
   161 0000006C 00                              	DB	0
   162 0000006D 00                              	DB	0
   163 0000006E 00                              	DB	0
   164 0000006F 00                              	DB	0
   165 00000070 00                              	DB	0
   166 00000071 00                              	DB	0
   167 00000072 00                              	DB	0
   168 00000073 5C                              	DB	92
   169 00000074 00                              	DB	0
   170 00000075 00                              	DB	0
   171 00000076 00                              	DB	0
   172 00000077 00                              	DB	0
   173 00000078 00                              	DB	0
   174 00000079 00                              	DB	0
   175 0000007A 00                              	DB	0
   176 0000007B 00                              	DB	0
   177 0000007C 00                              	DB	0
   178 0000007D 5C                              	DB	92
   179 0000007E 00                              	DB	0
   180 0000007F 00                              	DB	0
   181 00000080                                 _keytable1.1:
   182 00000080 00                              	DB	0
   183 00000081 00                              	DB	0
   184 00000082 21                              	DB	33
   185 00000083 22                              	DB	34
   186 00000084 23                              	DB	35
   187 00000085 24                              	DB	36
   188 00000086 25                              	DB	37
   189 00000087 26                              	DB	38
   190 00000088 27                              	DB	39
   191 00000089 28                              	DB	40
   192 0000008A 29                              	DB	41
   193 0000008B 7E                              	DB	126
   194 0000008C 3D                              	DB	61
   195 0000008D 7E                              	DB	126
   196 0000008E 00                              	DB	0
   197 0000008F 00                              	DB	0
   198 00000090 51                              	DB	81
   199 00000091 57                              	DB	87
   200 00000092 45                              	DB	69
   201 00000093 52                              	DB	82
   202 00000094 54                              	DB	84
   203 00000095 59                              	DB	89
   204 00000096 55                              	DB	85
   205 00000097 49                              	DB	73
   206 00000098 4F                              	DB	79
   207 00000099 50                              	DB	80
   208 0000009A 60                              	DB	96
   209 0000009B 7B                              	DB	123
   210 0000009C 00                              	DB	0
   211 0000009D 00                              	DB	0
   212 0000009E 41                              	DB	65
   213 0000009F 53                              	DB	83
   214 000000A0 44                              	DB	68
   215 000000A1 46                              	DB	70
   216 000000A2 47                              	DB	71
   217 000000A3 48                              	DB	72
   218 000000A4 4A                              	DB	74
   219 000000A5 4B                              	DB	75
   220 000000A6 4C                              	DB	76
   221 000000A7 2B                              	DB	43
   222 000000A8 2A                              	DB	42
   223 000000A9 00                              	DB	0
   224 000000AA 00                              	DB	0
   225 000000AB 7D                              	DB	125
   226 000000AC 5A                              	DB	90
   227 000000AD 58                              	DB	88
   228 000000AE 43                              	DB	67
   229 000000AF 56                              	DB	86
   230 000000B0 42                              	DB	66
   231 000000B1 4E                              	DB	78
   232 000000B2 4D                              	DB	77
   233 000000B3 3C                              	DB	60
   234 000000B4 3E                              	DB	62
   235 000000B5 3F                              	DB	63
   236 000000B6 00                              	DB	0
   237 000000B7 2A                              	DB	42
   238 000000B8 00                              	DB	0
   239 000000B9 20                              	DB	32
   240 000000BA 00                              	DB	0
   241 000000BB 00                              	DB	0
   242 000000BC 00                              	DB	0
   243 000000BD 00                              	DB	0
   244 000000BE 00                              	DB	0
   245 000000BF 00                              	DB	0
   246 000000C0 00                              	DB	0
   247 000000C1 00                              	DB	0
   248 000000C2 00                              	DB	0
   249 000000C3 00                              	DB	0
   250 000000C4 00                              	DB	0
   251 000000C5 00                              	DB	0
   252 000000C6 00                              	DB	0
   253 000000C7 37                              	DB	55
   254 000000C8 38                              	DB	56
   255 000000C9 39                              	DB	57
   256 000000CA 2D                              	DB	45
   257 000000CB 34                              	DB	52
   258 000000CC 35                              	DB	53
   259 000000CD 36                              	DB	54
   260 000000CE 2B                              	DB	43
   261 000000CF 31                              	DB	49
   262 000000D0 32                              	DB	50
   263 000000D1 33                              	DB	51
   264 000000D2 30                              	DB	48
   265 000000D3 2E                              	DB	46
   266 000000D4 00                              	DB	0
   267 000000D5 00                              	DB	0
   268 000000D6 00                              	DB	0
   269 000000D7 00                              	DB	0
   270 000000D8 00                              	DB	0
   271 000000D9 00                              	DB	0
   272 000000DA 00                              	DB	0
   273 000000DB 00                              	DB	0
   274 000000DC 00                              	DB	0
   275 000000DD 00                              	DB	0
   276 000000DE 00                              	DB	0
   277 000000DF 00                              	DB	0
   278 000000E0 00                              	DB	0
   279 000000E1 00                              	DB	0
   280 000000E2 00                              	DB	0
   281 000000E3 00                              	DB	0
   282 000000E4 00                              	DB	0
   283 000000E5 00                              	DB	0
   284 000000E6 00                              	DB	0
   285 000000E7 00                              	DB	0
   286 000000E8 00                              	DB	0
   287 000000E9 00                              	DB	0
   288 000000EA 00                              	DB	0
   289 000000EB 00                              	DB	0
   290 000000EC 00                              	DB	0
   291 000000ED 00                              	DB	0
   292 000000EE 00                              	DB	0
   293 000000EF 00                              	DB	0
   294 000000F0 00                              	DB	0
   295 000000F1 00                              	DB	0
   296 000000F2 00                              	DB	0
   297 000000F3 5F                              	DB	95
   298 000000F4 00                              	DB	0
   299 000000F5 00                              	DB	0
   300 000000F6 00                              	DB	0
   301 000000F7 00                              	DB	0
   302 000000F8 00                              	DB	0
   303 000000F9 00                              	DB	0
   304 000000FA 00                              	DB	0
   305 000000FB 00                              	DB	0
   306 000000FC 00                              	DB	0
   307 000000FD 7C                              	DB	124
   308 000000FE 00                              	DB	0
   309 000000FF 00                              	DB	0
   310 00000100                                 LC0:
   311 00000100 63 6F 6E 73 6F 6C 65 00         	DB	"console",0x00
   312 00000108                                 LC1:
   313 00000108 74 61 73 6B 5F 61 00            	DB	"task_a",0x00
   314 0000010F                                 LC4:
   315 0000010F 0A 42 72 65 61 6B 28 6D 6F 75   	DB	0x0A,"Break(mouse) :",0x0A,0x00
       00000119 73 65 29 20 3A 0A 00 
   316 00000120                                 LC3:
   317 00000120 0A 42 72 65 61 6B 28 6B 65 79   	DB	0x0A,"Break(key) :",0x0A,0x00
       0000012A 29 20 3A 0A 00 
   318 0000012F                                 LC2:
   319 0000012F 20 00                           	DB	" ",0x00
   320                                          [SECTION .text]
   321 00000000                                 	GLOBAL	_HariMain
   322 00000000                                 _HariMain:
   323 00000000 55                              	PUSH	EBP
   324 00000001 89 E5                           	MOV	EBP,ESP
   325 00000003 57                              	PUSH	EDI
   326 00000004 56                              	PUSH	ESI
   327 00000005 53                              	PUSH	EBX
   328 00000006 8D 5D A4                        	LEA	EBX,DWORD [-92+EBP]
   329 00000009 81 EC 00000468                  	SUB	ESP,1128
   330 0000000F C7 85 FFFFFBA8 00000000         	MOV	DWORD [-1112+EBP],0
   331 00000019 A0 00000FF1                     	MOV	AL,BYTE [4081]
   332 0000001E C0 F8 04                        	SAR	AL,4
   333 00000021 89 C2                           	MOV	EDX,EAX
   334 00000023 83 E2 07                        	AND	EDX,7
   335 00000026 89 95 FFFFFBA4                  	MOV	DWORD [-1116+EBP],EDX
   336 0000002C C7 85 FFFFFBA0 FFFFFFFF         	MOV	DWORD [-1120+EBP],-1
   337 00000036 C7 85 FFFFFB9C FFFFFFFF         	MOV	DWORD [-1124+EBP],-1
   338 00000040 C7 85 FFFFFB98 FFFFFFFF         	MOV	DWORD [-1128+EBP],-1
   339 0000004A C7 85 FFFFFB94 00000000         	MOV	DWORD [-1132+EBP],0
   340 00000054 E8 [00000000]                   	CALL	_init_gdtidt
   341 00000059 E8 [00000000]                   	CALL	_init_pic
   342 0000005E E8 [00000000]                   	CALL	_io_sti
   343 00000063 8D 85 FFFFFD84                  	LEA	EAX,DWORD [-636+EBP]
   344 00000069 6A 00                           	PUSH	0
   345 0000006B 50                              	PUSH	EAX
   346 0000006C 68 00000080                     	PUSH	128
   347 00000071 53                              	PUSH	EBX
   348 00000072 E8 [00000000]                   	CALL	_fifo32_init
   349 00000077 E8 [00000000]                   	CALL	_init_pit
   350 0000007C 68 00000100                     	PUSH	256
   351 00000081 53                              	PUSH	EBX
   352 00000082 E8 [00000000]                   	CALL	_init_keyboard
   353 00000087 8D 85 FFFFFCF4                  	LEA	EAX,DWORD [-780+EBP]
   354 0000008D 50                              	PUSH	EAX
   355 0000008E 68 00000200                     	PUSH	512
   356 00000093 53                              	PUSH	EBX
   357 00000094 E8 [00000000]                   	CALL	_enable_mouse
   358 00000099 83 C4 24                        	ADD	ESP,36
   359 0000009C 68 000000F8                     	PUSH	248
   360 000000A1 6A 21                           	PUSH	33
   361 000000A3 E8 [00000000]                   	CALL	_io_out8
   362 000000A8 68 000000EF                     	PUSH	239
   363 000000AD 68 000000A1                     	PUSH	161
   364 000000B2 E8 [00000000]                   	CALL	_io_out8
   365 000000B7 8D 85 FFFFFD04                  	LEA	EAX,DWORD [-764+EBP]
   366 000000BD 6A 00                           	PUSH	0
   367 000000BF 50                              	PUSH	EAX
   368 000000C0 8D 45 84                        	LEA	EAX,DWORD [-124+EBP]
   369 000000C3 6A 20                           	PUSH	32
   370 000000C5 50                              	PUSH	EAX
   371 000000C6 E8 [00000000]                   	CALL	_fifo32_init
   372 000000CB 83 C4 20                        	ADD	ESP,32
   373 000000CE 68 BFFFFFFF                     	PUSH	-1073741825
   374 000000D3 68 00400000                     	PUSH	4194304
   375 000000D8 E8 [00000000]                   	CALL	_memtest
   376 000000DD 68 003C0000                     	PUSH	3932160
   377 000000E2 89 85 FFFFFBC0                  	MOV	DWORD [-1088+EBP],EAX
   378 000000E8 E8 [00000000]                   	CALL	_memman_init
   379 000000ED 68 0009E000                     	PUSH	647168
   380 000000F2 68 00001000                     	PUSH	4096
   381 000000F7 68 003C0000                     	PUSH	3932160
   382 000000FC E8 [00000000]                   	CALL	_memman_free
   383 00000101 8B 85 FFFFFBC0                  	MOV	EAX,DWORD [-1088+EBP]
   384 00000107 2D 00400000                     	SUB	EAX,4194304
   385 0000010C 50                              	PUSH	EAX
   386 0000010D 68 00400000                     	PUSH	4194304
   387 00000112 68 003C0000                     	PUSH	3932160
   388 00000117 E8 [00000000]                   	CALL	_memman_free
   389 0000011C 83 C4 24                        	ADD	ESP,36
   390 0000011F E8 [00000000]                   	CALL	_init_palette
   391 00000124 0F BF 05 00000FF6               	MOVSX	EAX,WORD [4086]
   392 0000012B 50                              	PUSH	EAX
   393 0000012C 0F BF 05 00000FF4               	MOVSX	EAX,WORD [4084]
   394 00000133 50                              	PUSH	EAX
   395 00000134 FF 35 00000FF8                  	PUSH	DWORD [4088]
   396 0000013A 68 003C0000                     	PUSH	3932160
   397 0000013F E8 [00000000]                   	CALL	_shtctl_init
   398 00000144 68 003C0000                     	PUSH	3932160
   399 00000149 89 85 FFFFFBD8                  	MOV	DWORD [-1064+EBP],EAX
   400 0000014F E8 [00000000]                   	CALL	_task_init
   401 00000154 6A 02                           	PUSH	2
   402 00000156 6A 01                           	PUSH	1
   403 00000158 89 85 FFFFFBB0                  	MOV	DWORD [-1104+EBP],EAX
   404 0000015E 50                              	PUSH	EAX
   405 0000015F 89 45 BC                        	MOV	DWORD [-68+EBP],EAX
   406 00000162 E8 [00000000]                   	CALL	_task_run
   407 00000167 83 C4 20                        	ADD	ESP,32
   408 0000016A 8B 8D FFFFFBD8                  	MOV	ECX,DWORD [-1064+EBP]
   409 00000170 89 0D 00000FE4                  	MOV	DWORD [4068],ECX
   410 00000176 51                              	PUSH	ECX
   411 00000177 E8 [00000000]                   	CALL	_sheet_alloc
   412 0000017C 0F BF 15 00000FF6               	MOVSX	EDX,WORD [4086]
   413 00000183 89 85 FFFFFBBC                  	MOV	DWORD [-1092+EBP],EAX
   414 00000189 0F BF 05 00000FF4               	MOVSX	EAX,WORD [4084]
   415 00000190 0F AF C2                        	IMUL	EAX,EDX
   416 00000193 50                              	PUSH	EAX
   417 00000194 68 003C0000                     	PUSH	3932160
   418 00000199 E8 [00000000]                   	CALL	_memman_alloc_4k
   419 0000019E 6A FF                           	PUSH	-1
   420 000001A0 89 C3                           	MOV	EBX,EAX
   421 000001A2 0F BF 05 00000FF6               	MOVSX	EAX,WORD [4086]
   422 000001A9 50                              	PUSH	EAX
   423 000001AA 0F BF 05 00000FF4               	MOVSX	EAX,WORD [4084]
   424 000001B1 50                              	PUSH	EAX
   425 000001B2 53                              	PUSH	EBX
   426 000001B3 FF B5 FFFFFBBC                  	PUSH	DWORD [-1092+EBP]
   427 000001B9 E8 [00000000]                   	CALL	_sheet_setbuf
   428 000001BE 83 C4 20                        	ADD	ESP,32
   429 000001C1 0F BF 05 00000FF6               	MOVSX	EAX,WORD [4086]
   430 000001C8 50                              	PUSH	EAX
   431 000001C9 0F BF 05 00000FF4               	MOVSX	EAX,WORD [4084]
   432 000001D0 50                              	PUSH	EAX
   433 000001D1 53                              	PUSH	EBX
   434 000001D2 E8 [00000000]                   	CALL	_init_screen8
   435 000001D7 83 C4 0C                        	ADD	ESP,12
   436 000001DA C7 85 FFFFFBCC 00000001         	MOV	DWORD [-1076+EBP],1
   437 000001E4 31 FF                           	XOR	EDI,EDI
   438 000001E6                                 L6:
   439 000001E6 FF B5 FFFFFBD8                  	PUSH	DWORD [-1064+EBP]
   440 000001EC 8D 9D FFFFFBE4                  	LEA	EBX,DWORD [-1052+EBP]
   441 000001F2 E8 [00000000]                   	CALL	_sheet_alloc
   442 000001F7 68 0000A500                     	PUSH	42240
   443 000001FC 8D B5 FFFFFBDC                  	LEA	ESI,DWORD [-1060+EBP]
   444 00000202 68 003C0000                     	PUSH	3932160
   445 00000207 89 84 3D FFFFFBEC               	MOV	DWORD [-1044+EBP+EDI*1],EAX
   446 0000020E E8 [00000000]                   	CALL	_memman_alloc_4k
   447 00000213 89 04 3B                        	MOV	DWORD [EBX+EDI*1],EAX
   448 00000216 6A FF                           	PUSH	-1
   449 00000218 68 000000A5                     	PUSH	165
   450 0000021D 68 00000100                     	PUSH	256
   451 00000222 50                              	PUSH	EAX
   452 00000223 FF B4 3D FFFFFBEC               	PUSH	DWORD [-1044+EBP+EDI*1]
   453 0000022A E8 [00000000]                   	CALL	_sheet_setbuf
   454 0000022F 83 C4 20                        	ADD	ESP,32
   455 00000232 6A 00                           	PUSH	0
   456 00000234 68 [00000100]                   	PUSH	LC0
   457 00000239 68 000000A5                     	PUSH	165
   458 0000023E 68 00000100                     	PUSH	256
   459 00000243 FF 34 3B                        	PUSH	DWORD [EBX+EDI*1]
   460 00000246 E8 [00000000]                   	CALL	_make_window8
   461 0000024B 6A 00                           	PUSH	0
   462 0000024D 68 00000080                     	PUSH	128
   463 00000252 68 000000F0                     	PUSH	240
   464 00000257 6A 1C                           	PUSH	28
   465 00000259 6A 08                           	PUSH	8
   466 0000025B FF B4 3D FFFFFBEC               	PUSH	DWORD [-1044+EBP+EDI*1]
   467 00000262 E8 [00000000]                   	CALL	_make_textbox8
   468 00000267 83 C4 2C                        	ADD	ESP,44
   469 0000026A E8 [00000000]                   	CALL	_task_alloc
   470 0000026F 89 C3                           	MOV	EBX,EAX
   471 00000271 89 04 3E                        	MOV	DWORD [ESI+EDI*1],EAX
   472 00000274 68 00010000                     	PUSH	65536
   473 00000279 68 003C0000                     	PUSH	3932160
   474 0000027E E8 [00000000]                   	CALL	_memman_alloc_4k
   475 00000283 8B 94 3D FFFFFBEC               	MOV	EDX,DWORD [-1044+EBP+EDI*1]
   476 0000028A 05 0000FFF4                     	ADD	EAX,65524
   477 0000028F 89 43 64                        	MOV	DWORD [100+EBX],EAX
   478 00000292 8B 04 3E                        	MOV	EAX,DWORD [ESI+EDI*1]
   479 00000295 8B 48 64                        	MOV	ECX,DWORD [100+EAX]
   480 00000298 C7 40 4C [00000000]             	MOV	DWORD [76+EAX],_console_task
   481 0000029F C7 40 74 00000008               	MOV	DWORD [116+EAX],8
   482 000002A6 C7 40 78 00000010               	MOV	DWORD [120+EAX],16
   483 000002AD C7 40 7C 00000008               	MOV	DWORD [124+EAX],8
   484 000002B4 C7 80 00000080 00000008         	MOV	DWORD [128+EAX],8
   485 000002BE C7 80 00000084 00000008         	MOV	DWORD [132+EAX],8
   486 000002C8 C7 80 00000088 00000008         	MOV	DWORD [136+EAX],8
   487 000002D2 89 51 04                        	MOV	DWORD [4+ECX],EDX
   488 000002D5 8B 8D FFFFFBC0                  	MOV	ECX,DWORD [-1088+EBP]
   489 000002DB 8B 50 64                        	MOV	EDX,DWORD [100+EAX]
   490 000002DE 89 4A 08                        	MOV	DWORD [8+EDX],ECX
   491 000002E1 6A 02                           	PUSH	2
   492 000002E3 6A 02                           	PUSH	2
   493 000002E5 50                              	PUSH	EAX
   494 000002E6 E8 [00000000]                   	CALL	_task_run
   495 000002EB 83 C4 14                        	ADD	ESP,20
   496 000002EE 8B 84 3D FFFFFBEC               	MOV	EAX,DWORD [-1044+EBP+EDI*1]
   497 000002F5 8B 14 3E                        	MOV	EDX,DWORD [ESI+EDI*1]
   498 000002F8 83 C7 04                        	ADD	EDI,4
   499 000002FB 83 48 1C 20                     	OR	DWORD [28+EAX],32
   500 000002FF FF 8D FFFFFBCC                  	DEC	DWORD [-1076+EBP]
   501 00000305 89 50 24                        	MOV	DWORD [36+EAX],EDX
   502 00000308 0F 89 FFFFFED8                  	JNS	L6
   503 0000030E FF B5 FFFFFBD8                  	PUSH	DWORD [-1064+EBP]
   504 00000314 C7 85 FFFFFBCC 00000002         	MOV	DWORD [-1076+EBP],2
   505 0000031E E8 [00000000]                   	CALL	_sheet_alloc
   506 00000323 68 00002080                     	PUSH	8320
   507 00000328 68 003C0000                     	PUSH	3932160
   508 0000032D 89 85 FFFFFBB4                  	MOV	DWORD [-1100+EBP],EAX
   509 00000333 E8 [00000000]                   	CALL	_memman_alloc_4k
   510 00000338 6A FF                           	PUSH	-1
   511 0000033A 89 C3                           	MOV	EBX,EAX
   512 0000033C 6A 34                           	PUSH	52
   513 0000033E 68 00000090                     	PUSH	144
   514 00000343 50                              	PUSH	EAX
   515 00000344 FF B5 FFFFFBB4                  	PUSH	DWORD [-1100+EBP]
   516 0000034A E8 [00000000]                   	CALL	_sheet_setbuf
   517 0000034F 83 C4 20                        	ADD	ESP,32
   518 00000352 6A 01                           	PUSH	1
   519 00000354 68 [00000108]                   	PUSH	LC1
   520 00000359 6A 34                           	PUSH	52
   521 0000035B 68 00000090                     	PUSH	144
   522 00000360 53                              	PUSH	EBX
   523 00000361 8D 9D FFFFFBF4                  	LEA	EBX,DWORD [-1036+EBP]
   524 00000367 E8 [00000000]                   	CALL	_make_window8
   525 0000036C 6A 07                           	PUSH	7
   526 0000036E 6A 10                           	PUSH	16
   527 00000370 68 00000080                     	PUSH	128
   528 00000375 6A 1C                           	PUSH	28
   529 00000377 6A 08                           	PUSH	8
   530 00000379 FF B5 FFFFFBB4                  	PUSH	DWORD [-1100+EBP]
   531 0000037F E8 [00000000]                   	CALL	_make_textbox8
   532 00000384 83 C4 2C                        	ADD	ESP,44
   533 00000387 C7 85 FFFFFBC8 00000008         	MOV	DWORD [-1080+EBP],8
   534 00000391 C7 85 FFFFFBC4 00000007         	MOV	DWORD [-1084+EBP],7
   535 0000039B E8 [00000000]                   	CALL	_timer_alloc
   536 000003A0 6A 01                           	PUSH	1
   537 000003A2 89 85 FFFFFBAC                  	MOV	DWORD [-1108+EBP],EAX
   538 000003A8 8D 45 A4                        	LEA	EAX,DWORD [-92+EBP]
   539 000003AB 50                              	PUSH	EAX
   540 000003AC FF B5 FFFFFBAC                  	PUSH	DWORD [-1108+EBP]
   541 000003B2 E8 [00000000]                   	CALL	_timer_init
   542 000003B7 6A 32                           	PUSH	50
   543 000003B9 FF B5 FFFFFBAC                  	PUSH	DWORD [-1108+EBP]
   544 000003BF E8 [00000000]                   	CALL	_timer_settime
   545 000003C4 FF B5 FFFFFBD8                  	PUSH	DWORD [-1064+EBP]
   546 000003CA E8 [00000000]                   	CALL	_sheet_alloc
   547 000003CF 6A 63                           	PUSH	99
   548 000003D1 6A 10                           	PUSH	16
   549 000003D3 6A 10                           	PUSH	16
   550 000003D5 89 85 FFFFFBB8                  	MOV	DWORD [-1096+EBP],EAX
   551 000003DB 53                              	PUSH	EBX
   552 000003DC 50                              	PUSH	EAX
   553 000003DD E8 [00000000]                   	CALL	_sheet_setbuf
   554 000003E2 83 C4 2C                        	ADD	ESP,44
   555 000003E5 6A 63                           	PUSH	99
   556 000003E7 53                              	PUSH	EBX
   557 000003E8 8D 5D 84                        	LEA	EBX,DWORD [-124+EBP]
   558 000003EB E8 [00000000]                   	CALL	_init_mouse_cursor8
   559 000003F0 0F BF 05 00000FF4               	MOVSX	EAX,WORD [4084]
   560 000003F7 8D 50 F0                        	LEA	EDX,DWORD [-16+EAX]
   561 000003FA 89 D0                           	MOV	EAX,EDX
   562 000003FC 99                              	CDQ
   563 000003FD F7 BD FFFFFBCC                  	IDIV	DWORD [-1076+EBP]
   564 00000403 89 85 FFFFFBD4                  	MOV	DWORD [-1068+EBP],EAX
   565 00000409 0F BF 05 00000FF6               	MOVSX	EAX,WORD [4086]
   566 00000410 6A 00                           	PUSH	0
   567 00000412 8D 50 D4                        	LEA	EDX,DWORD [-44+EAX]
   568 00000415 6A 00                           	PUSH	0
   569 00000417 89 D0                           	MOV	EAX,EDX
   570 00000419 99                              	CDQ
   571 0000041A F7 BD FFFFFBCC                  	IDIV	DWORD [-1076+EBP]
   572 00000420 FF B5 FFFFFBBC                  	PUSH	DWORD [-1092+EBP]
   573 00000426 89 85 FFFFFBD0                  	MOV	DWORD [-1072+EBP],EAX
   574 0000042C E8 [00000000]                   	CALL	_sheet_slide
   575 00000431 6A 06                           	PUSH	6
   576 00000433 6A 38                           	PUSH	56
   577 00000435 FF B5 FFFFFBF0                  	PUSH	DWORD [-1040+EBP]
   578 0000043B E8 [00000000]                   	CALL	_sheet_slide
   579 00000440 83 C4 20                        	ADD	ESP,32
   580 00000443 6A 02                           	PUSH	2
   581 00000445 6A 08                           	PUSH	8
   582 00000447 FF B5 FFFFFBEC                  	PUSH	DWORD [-1044+EBP]
   583 0000044D E8 [00000000]                   	CALL	_sheet_slide
   584 00000452 6A 38                           	PUSH	56
   585 00000454 6A 40                           	PUSH	64
   586 00000456 FF B5 FFFFFBB4                  	PUSH	DWORD [-1100+EBP]
   587 0000045C E8 [00000000]                   	CALL	_sheet_slide
   588 00000461 FF B5 FFFFFBD0                  	PUSH	DWORD [-1072+EBP]
   589 00000467 FF B5 FFFFFBD4                  	PUSH	DWORD [-1068+EBP]
   590 0000046D FF B5 FFFFFBB8                  	PUSH	DWORD [-1096+EBP]
   591 00000473 E8 [00000000]                   	CALL	_sheet_slide
   592 00000478 83 C4 24                        	ADD	ESP,36
   593 0000047B 6A 00                           	PUSH	0
   594 0000047D FF B5 FFFFFBBC                  	PUSH	DWORD [-1092+EBP]
   595 00000483 E8 [00000000]                   	CALL	_sheet_updown
   596 00000488 6A 01                           	PUSH	1
   597 0000048A FF B5 FFFFFBF0                  	PUSH	DWORD [-1040+EBP]
   598 00000490 E8 [00000000]                   	CALL	_sheet_updown
   599 00000495 6A 02                           	PUSH	2
   600 00000497 FF B5 FFFFFBEC                  	PUSH	DWORD [-1044+EBP]
   601 0000049D E8 [00000000]                   	CALL	_sheet_updown
   602 000004A2 6A 03                           	PUSH	3
   603 000004A4 FF B5 FFFFFBB4                  	PUSH	DWORD [-1100+EBP]
   604 000004AA E8 [00000000]                   	CALL	_sheet_updown
   605 000004AF 83 C4 20                        	ADD	ESP,32
   606 000004B2 6A 04                           	PUSH	4
   607 000004B4 FF B5 FFFFFBB8                  	PUSH	DWORD [-1096+EBP]
   608 000004BA E8 [00000000]                   	CALL	_sheet_updown
   609 000004BF 68 000000ED                     	PUSH	237
   610 000004C4 53                              	PUSH	EBX
   611 000004C5 8B BD FFFFFBB4                  	MOV	EDI,DWORD [-1100+EBP]
   612 000004CB E8 [00000000]                   	CALL	_fifo32_put
   613 000004D0 FF B5 FFFFFBA4                  	PUSH	DWORD [-1116+EBP]
   614 000004D6 53                              	PUSH	EBX
   615 000004D7 E8 [00000000]                   	CALL	_fifo32_put
   616 000004DC 83 C4 18                        	ADD	ESP,24
   617 000004DF                                 L7:
   618 000004DF 8D 5D 84                        	LEA	EBX,DWORD [-124+EBP]
   619 000004E2 53                              	PUSH	EBX
   620 000004E3 E8 [00000000]                   	CALL	_fifo32_status
   621 000004E8 59                              	POP	ECX
   622 000004E9 85 C0                           	TEST	EAX,EAX
   623 000004EB 7E 0D                           	JLE	L10
   624 000004ED 83 BD FFFFFBA0 00               	CMP	DWORD [-1120+EBP],0
   625 000004F4 0F 88 0000082B                  	JS	L83
   626 000004FA                                 L10:
   627 000004FA 8D 5D A4                        	LEA	EBX,DWORD [-92+EBP]
   628 000004FD E8 [00000000]                   	CALL	_io_cli
   629 00000502 53                              	PUSH	EBX
   630 00000503 E8 [00000000]                   	CALL	_fifo32_status
   631 00000508 5A                              	POP	EDX
   632 00000509 85 C0                           	TEST	EAX,EAX
   633 0000050B 0F 84 000007FE                  	JE	L84
   634 00000511 53                              	PUSH	EBX
   635 00000512 E8 [00000000]                   	CALL	_fifo32_get
   636 00000517 89 85 FFFFFBCC                  	MOV	DWORD [-1076+EBP],EAX
   637 0000051D E8 [00000000]                   	CALL	_io_sti
   638 00000522 5E                              	POP	ESI
   639 00000523 83 7F 1C 00                     	CMP	DWORD [28+EDI],0
   640 00000527 75 28                           	JNE	L13
   641 00000529 8B 95 FFFFFBD8                  	MOV	EDX,DWORD [-1064+EBP]
   642 0000052F 8B 42 10                        	MOV	EAX,DWORD [16+EDX]
   643 00000532 8B 7C 82 10                     	MOV	EDI,DWORD [16+EDX+EAX*4]
   644 00000536 FF B5 FFFFFBC4                  	PUSH	DWORD [-1084+EBP]
   645 0000053C FF B5 FFFFFBB4                  	PUSH	DWORD [-1100+EBP]
   646 00000542 57                              	PUSH	EDI
   647 00000543 E8 00000860                     	CALL	_keywin_on
   648 00000548 83 C4 0C                        	ADD	ESP,12
   649 0000054B 89 85 FFFFFBC4                  	MOV	DWORD [-1084+EBP],EAX
   650 00000551                                 L13:
   651 00000551 8B 85 FFFFFBCC                  	MOV	EAX,DWORD [-1076+EBP]
   652 00000557 2D 00000100                     	SUB	EAX,256
   653 0000055C 3D 000000FF                     	CMP	EAX,255
   654 00000561 0F 86 0000036C                  	JBE	L85
   655 00000567 8B 85 FFFFFBCC                  	MOV	EAX,DWORD [-1076+EBP]
   656 0000056D 2D 00000200                     	SUB	EAX,512
   657 00000572 3D 000000FF                     	CMP	EAX,255
   658 00000577 0F 86 000000DA                  	JBE	L86
   659 0000057D 83 BD FFFFFBCC 01               	CMP	DWORD [-1076+EBP],1
   660 00000584 0F 8F FFFFFF55                  	JG	L7
   661 0000058A 83 BD FFFFFBCC 00               	CMP	DWORD [-1076+EBP],0
   662 00000591 0F 84 00000093                  	JE	L72
   663 00000597 6A 00                           	PUSH	0
   664 00000599 53                              	PUSH	EBX
   665 0000059A FF B5 FFFFFBAC                  	PUSH	DWORD [-1108+EBP]
   666 000005A0 E8 [00000000]                   	CALL	_timer_init
   667 000005A5 83 C4 0C                        	ADD	ESP,12
   668 000005A8 83 BD FFFFFBC4 00               	CMP	DWORD [-1084+EBP],0
   669 000005AF 78 0A                           	JS	L74
   670 000005B1 C7 85 FFFFFBC4 00000000         	MOV	DWORD [-1084+EBP],0
   671 000005BB                                 L74:
   672 000005BB 6A 32                           	PUSH	50
   673 000005BD FF B5 FFFFFBAC                  	PUSH	DWORD [-1108+EBP]
   674 000005C3 E8 [00000000]                   	CALL	_timer_settime
   675 000005C8 58                              	POP	EAX
   676 000005C9 5A                              	POP	EDX
   677 000005CA 83 BD FFFFFBC4 00               	CMP	DWORD [-1084+EBP],0
   678 000005D1 0F 88 FFFFFF08                  	JS	L7
   679 000005D7 8B 85 FFFFFBC8                  	MOV	EAX,DWORD [-1080+EBP]
   680 000005DD 6A 2B                           	PUSH	43
   681 000005DF 83 C0 07                        	ADD	EAX,7
   682 000005E2 50                              	PUSH	EAX
   683 000005E3 6A 1C                           	PUSH	28
   684 000005E5 FF B5 FFFFFBC8                  	PUSH	DWORD [-1080+EBP]
   685 000005EB 0F B6 85 FFFFFBC4               	MOVZX	EAX,BYTE [-1084+EBP]
   686 000005F2 50                              	PUSH	EAX
   687 000005F3 8B 85 FFFFFBB4                  	MOV	EAX,DWORD [-1100+EBP]
   688 000005F9 FF 70 04                        	PUSH	DWORD [4+EAX]
   689 000005FC FF 30                           	PUSH	DWORD [EAX]
   690 000005FE E8 [00000000]                   	CALL	_boxfill8
   691 00000603 8B 85 FFFFFBC8                  	MOV	EAX,DWORD [-1080+EBP]
   692 00000609 6A 2C                           	PUSH	44
   693 0000060B 83 C0 08                        	ADD	EAX,8
   694 0000060E 50                              	PUSH	EAX
   695 0000060F 6A 1C                           	PUSH	28
   696 00000611 FF B5 FFFFFBC8                  	PUSH	DWORD [-1080+EBP]
   697 00000617 FF B5 FFFFFBB4                  	PUSH	DWORD [-1100+EBP]
   698 0000061D E8 [00000000]                   	CALL	_sheet_refresh
   699 00000622 83 C4 30                        	ADD	ESP,48
   700 00000625 E9 FFFFFEB5                     	JMP	L7
   701 0000062A                                 L72:
   702 0000062A 6A 01                           	PUSH	1
   703 0000062C 53                              	PUSH	EBX
   704 0000062D FF B5 FFFFFBAC                  	PUSH	DWORD [-1108+EBP]
   705 00000633 E8 [00000000]                   	CALL	_timer_init
   706 00000638 83 C4 0C                        	ADD	ESP,12
   707 0000063B 83 BD FFFFFBC4 00               	CMP	DWORD [-1084+EBP],0
   708 00000642 0F 88 FFFFFF73                  	JS	L74
   709 00000648 C7 85 FFFFFBC4 00000007         	MOV	DWORD [-1084+EBP],7
   710 00000652 E9 FFFFFF64                     	JMP	L74
   711 00000657                                 L86:
   712 00000657 0F B6 85 FFFFFBCC               	MOVZX	EAX,BYTE [-1076+EBP]
   713 0000065E 50                              	PUSH	EAX
   714 0000065F 8D 85 FFFFFCF4                  	LEA	EAX,DWORD [-780+EBP]
   715 00000665 50                              	PUSH	EAX
   716 00000666 E8 [00000000]                   	CALL	_mouse_decode
   717 0000066B 59                              	POP	ECX
   718 0000066C 5B                              	POP	EBX
   719 0000066D 85 C0                           	TEST	EAX,EAX
   720 0000066F 0F 84 FFFFFE6A                  	JE	L7
   721 00000675 8B 95 FFFFFCFC                  	MOV	EDX,DWORD [-772+EBP]
   722 0000067B 8B 8D FFFFFCF8                  	MOV	ECX,DWORD [-776+EBP]
   723 00000681 01 95 FFFFFBD0                  	ADD	DWORD [-1072+EBP],EDX
   724 00000687 01 8D FFFFFBD4                  	ADD	DWORD [-1068+EBP],ECX
   725 0000068D 0F 88 00000231                  	JS	L87
   726 00000693                                 L51:
   727 00000693 83 BD FFFFFBD0 00               	CMP	DWORD [-1072+EBP],0
   728 0000069A 0F 88 00000215                  	JS	L88
   729 000006A0                                 L52:
   730 000006A0 0F BF 05 00000FF4               	MOVSX	EAX,WORD [4084]
   731 000006A7 48                              	DEC	EAX
   732 000006A8 39 85 FFFFFBD4                  	CMP	DWORD [-1068+EBP],EAX
   733 000006AE 7E 06                           	JLE	L53
   734 000006B0 89 85 FFFFFBD4                  	MOV	DWORD [-1068+EBP],EAX
   735 000006B6                                 L53:
   736 000006B6 0F BF 05 00000FF6               	MOVSX	EAX,WORD [4086]
   737 000006BD 48                              	DEC	EAX
   738 000006BE 39 85 FFFFFBD0                  	CMP	DWORD [-1072+EBP],EAX
   739 000006C4 7E 06                           	JLE	L54
   740 000006C6 89 85 FFFFFBD0                  	MOV	DWORD [-1072+EBP],EAX
   741 000006CC                                 L54:
   742 000006CC FF B5 FFFFFBD0                  	PUSH	DWORD [-1072+EBP]
   743 000006D2 FF B5 FFFFFBD4                  	PUSH	DWORD [-1068+EBP]
   744 000006D8 FF B5 FFFFFBB8                  	PUSH	DWORD [-1096+EBP]
   745 000006DE E8 [00000000]                   	CALL	_sheet_slide
   746 000006E3 83 C4 0C                        	ADD	ESP,12
   747 000006E6 F7 85 FFFFFD00 00000001         	TEST	DWORD [-768+EBP],1
   748 000006F0 75 0F                           	JNE	L89
   749 000006F2 C7 85 FFFFFB9C FFFFFFFF         	MOV	DWORD [-1124+EBP],-1
   750 000006FC E9 FFFFFDDE                     	JMP	L7
   751 00000701                                 L89:
   752 00000701 83 BD FFFFFB9C 00               	CMP	DWORD [-1124+EBP],0
   753 00000708 78 4C                           	JS	L90
   754 0000070A 8B 9D FFFFFBD0                  	MOV	EBX,DWORD [-1072+EBP]
   755 00000710 8B 85 FFFFFB94                  	MOV	EAX,DWORD [-1132+EBP]
   756 00000716 2B 9D FFFFFB98                  	SUB	EBX,DWORD [-1128+EBP]
   757 0000071C 8B B5 FFFFFBD4                  	MOV	ESI,DWORD [-1068+EBP]
   758 00000722 2B B5 FFFFFB9C                  	SUB	ESI,DWORD [-1124+EBP]
   759 00000728 03 58 10                        	ADD	EBX,DWORD [16+EAX]
   760 0000072B 53                              	PUSH	EBX
   761 0000072C 03 70 0C                        	ADD	ESI,DWORD [12+EAX]
   762 0000072F 56                              	PUSH	ESI
   763 00000730 50                              	PUSH	EAX
   764 00000731 E8 [00000000]                   	CALL	_sheet_slide
   765 00000736 83 C4 0C                        	ADD	ESP,12
   766 00000739 8B 95 FFFFFBD4                  	MOV	EDX,DWORD [-1068+EBP]
   767 0000073F 8B 8D FFFFFBD0                  	MOV	ECX,DWORD [-1072+EBP]
   768 00000745 89 95 FFFFFB9C                  	MOV	DWORD [-1124+EBP],EDX
   769 0000074B 89 8D FFFFFB98                  	MOV	DWORD [-1128+EBP],ECX
   770 00000751 E9 FFFFFD89                     	JMP	L7
   771 00000756                                 L90:
   772 00000756 8B 85 FFFFFBD8                  	MOV	EAX,DWORD [-1064+EBP]
   773 0000075C 8B 40 10                        	MOV	EAX,DWORD [16+EAX]
   774 0000075F 89 85 FFFFFB90                  	MOV	DWORD [-1136+EBP],EAX
   775 00000765 89 C1                           	MOV	ECX,EAX
   776 00000767                                 L82:
   777 00000767 49                              	DEC	ECX
   778 00000768 85 C9                           	TEST	ECX,ECX
   779 0000076A 0F 8E FFFFFD6F                  	JLE	L7
   780 00000770 8B 95 FFFFFBD8                  	MOV	EDX,DWORD [-1064+EBP]
   781 00000776 8B 9D FFFFFBD0                  	MOV	EBX,DWORD [-1072+EBP]
   782 0000077C 8B B5 FFFFFBD4                  	MOV	ESI,DWORD [-1068+EBP]
   783 00000782 8B 54 8A 14                     	MOV	EDX,DWORD [20+EDX+ECX*4]
   784 00000786 89 95 FFFFFB94                  	MOV	DWORD [-1132+EBP],EDX
   785 0000078C 2B 5A 10                        	SUB	EBX,DWORD [16+EDX]
   786 0000078F 2B 72 0C                        	SUB	ESI,DWORD [12+EDX]
   787 00000792 78 D3                           	JS	L82
   788 00000794 8B 42 04                        	MOV	EAX,DWORD [4+EDX]
   789 00000797 39 C6                           	CMP	ESI,EAX
   790 00000799 7D CC                           	JGE	L82
   791 0000079B 85 DB                           	TEST	EBX,EBX
   792 0000079D 78 C8                           	JS	L82
   793 0000079F 3B 5A 08                        	CMP	EBX,DWORD [8+EDX]
   794 000007A2 7D C3                           	JGE	L82
   795 000007A4 0F AF C3                        	IMUL	EAX,EBX
   796 000007A7 89 85 FFFFFB8C                  	MOV	DWORD [-1140+EBP],EAX
   797 000007AD 8B 12                           	MOV	EDX,DWORD [EDX]
   798 000007AF 8B 85 FFFFFB8C                  	MOV	EAX,DWORD [-1140+EBP]
   799 000007B5 01 F0                           	ADD	EAX,ESI
   800 000007B7 0F B6 04 10                     	MOVZX	EAX,BYTE [EAX+EDX*1]
   801 000007BB 8B 95 FFFFFB94                  	MOV	EDX,DWORD [-1132+EBP]
   802 000007C1 3B 42 14                        	CMP	EAX,DWORD [20+EDX]
   803 000007C4 74 A1                           	JE	L82
   804 000007C6 8B 85 FFFFFB90                  	MOV	EAX,DWORD [-1136+EBP]
   805 000007CC 48                              	DEC	EAX
   806 000007CD 50                              	PUSH	EAX
   807 000007CE 52                              	PUSH	EDX
   808 000007CF E8 [00000000]                   	CALL	_sheet_updown
   809 000007D4 39 BD FFFFFB94                  	CMP	DWORD [-1132+EBP],EDI
   810 000007DA 58                              	POP	EAX
   811 000007DB 5A                              	POP	EDX
   812 000007DC 74 34                           	JE	L63
   813 000007DE FF B5 FFFFFBC8                  	PUSH	DWORD [-1080+EBP]
   814 000007E4 FF B5 FFFFFBC4                  	PUSH	DWORD [-1084+EBP]
   815 000007EA FF B5 FFFFFBB4                  	PUSH	DWORD [-1100+EBP]
   816 000007F0 57                              	PUSH	EDI
   817 000007F1 E8 00000555                     	CALL	_keywin_off
   818 000007F6 8B BD FFFFFB94                  	MOV	EDI,DWORD [-1132+EBP]
   819 000007FC 50                              	PUSH	EAX
   820 000007FD FF B5 FFFFFBB4                  	PUSH	DWORD [-1100+EBP]
   821 00000803 57                              	PUSH	EDI
   822 00000804 E8 0000059F                     	CALL	_keywin_on
   823 00000809 83 C4 1C                        	ADD	ESP,28
   824 0000080C 89 85 FFFFFBC4                  	MOV	DWORD [-1084+EBP],EAX
   825 00000812                                 L63:
   826 00000812 83 FE 02                        	CMP	ESI,2
   827 00000815 7E 32                           	JLE	L64
   828 00000817 8B 8D FFFFFB94                  	MOV	ECX,DWORD [-1132+EBP]
   829 0000081D 8B 41 04                        	MOV	EAX,DWORD [4+ECX]
   830 00000820 83 E8 03                        	SUB	EAX,3
   831 00000823 39 C6                           	CMP	ESI,EAX
   832 00000825 7D 22                           	JGE	L64
   833 00000827 83 FB 02                        	CMP	EBX,2
   834 0000082A 7E 1D                           	JLE	L64
   835 0000082C 83 FB 14                        	CMP	EBX,20
   836 0000082F 7F 18                           	JG	L64
   837 00000831 8B 85 FFFFFBD4                  	MOV	EAX,DWORD [-1068+EBP]
   838 00000837 8B 95 FFFFFBD0                  	MOV	EDX,DWORD [-1072+EBP]
   839 0000083D 89 85 FFFFFB9C                  	MOV	DWORD [-1124+EBP],EAX
   840 00000843 89 95 FFFFFB98                  	MOV	DWORD [-1128+EBP],EDX
   841 00000849                                 L64:
   842 00000849 8B 8D FFFFFB94                  	MOV	ECX,DWORD [-1132+EBP]
   843 0000084F 8B 51 04                        	MOV	EDX,DWORD [4+ECX]
   844 00000852 8D 42 EB                        	LEA	EAX,DWORD [-21+EDX]
   845 00000855 39 F0                           	CMP	EAX,ESI
   846 00000857 0F 8F FFFFFC82                  	JG	L7
   847 0000085D 8D 42 FB                        	LEA	EAX,DWORD [-5+EDX]
   848 00000860 39 C6                           	CMP	ESI,EAX
   849 00000862 0F 8D FFFFFC77                  	JGE	L7
   850 00000868 83 FB 04                        	CMP	EBX,4
   851 0000086B 0F 8E FFFFFC6E                  	JLE	L7
   852 00000871 83 FB 12                        	CMP	EBX,18
   853 00000874 0F 8F FFFFFC65                  	JG	L7
   854 0000087A F6 41 1C 10                     	TEST	BYTE [28+ECX],16
   855 0000087E 0F 84 FFFFFC5B                  	JE	L7
   856 00000884 8B 59 24                        	MOV	EBX,DWORD [36+ECX]
   857 00000887 68 [0000010F]                   	PUSH	LC4
   858 0000088C FF B3 00000094                  	PUSH	DWORD [148+EBX]
   859 00000892 E8 [00000000]                   	CALL	_cons_putstr0
   860 00000897 E8 [00000000]                   	CALL	_io_cli
   861 0000089C 8D 43 30                        	LEA	EAX,DWORD [48+EBX]
   862 0000089F 89 43 54                        	MOV	DWORD [84+EBX],EAX
   863 000008A2 C7 43 4C [00000000]             	MOV	DWORD [76+EBX],_asm_end_app
   864 000008A9 E8 [00000000]                   	CALL	_io_sti
   865 000008AE 59                              	POP	ECX
   866 000008AF 5B                              	POP	EBX
   867 000008B0 E9 FFFFFC2A                     	JMP	L7
   868 000008B5                                 L88:
   869 000008B5 C7 85 FFFFFBD0 00000000         	MOV	DWORD [-1072+EBP],0
   870 000008BF E9 FFFFFDDC                     	JMP	L52
   871 000008C4                                 L87:
   872 000008C4 C7 85 FFFFFBD4 00000000         	MOV	DWORD [-1068+EBP],0
   873 000008CE E9 FFFFFDC0                     	JMP	L51
   874 000008D3                                 L85:
   875 000008D3 81 BD FFFFFBCC 0000017F         	CMP	DWORD [-1076+EBP],383
   876 000008DD 0F 8F 00000423                  	JG	L15
   877 000008E3 83 BD FFFFFBA8 00               	CMP	DWORD [-1112+EBP],0
   878 000008EA 0F 85 00000405                  	JNE	L16
   879 000008F0 8B 8D FFFFFBCC                  	MOV	ECX,DWORD [-1076+EBP]
   880 000008F6 8A 81 [FFFFFF00]                	MOV	AL,BYTE [_keytable0.0-256+ECX]
   881 000008FC                                 L81:
   882 000008FC 88 45 C4                        	MOV	BYTE [-60+EBP],AL
   883 000008FF                                 L18:
   884 000008FF 8A 55 C4                        	MOV	DL,BYTE [-60+EBP]
   885 00000902 8D 42 BF                        	LEA	EAX,DWORD [-65+EDX]
   886 00000905 3C 19                           	CMP	AL,25
   887 00000907 77 1D                           	JA	L19
   888 00000909 F7 85 FFFFFBA4 00000004         	TEST	DWORD [-1116+EBP],4
   889 00000913 0F 85 000003CD                  	JNE	L80
   890 00000919 83 BD FFFFFBA8 00               	CMP	DWORD [-1112+EBP],0
   891 00000920 0F 84 000003B5                  	JE	L21
   892 00000926                                 L19:
   893 00000926 8A 45 C4                        	MOV	AL,BYTE [-60+EBP]
   894 00000929 84 C0                           	TEST	AL,AL
   895 0000092B 74 23                           	JE	L23
   896 0000092D 3B BD FFFFFBB4                  	CMP	EDI,DWORD [-1100+EBP]
   897 00000933 0F 84 00000365                  	JE	L91
   898 00000939 0F BE C0                        	MOVSX	EAX,AL
   899 0000093C 05 00000100                     	ADD	EAX,256
   900 00000941 50                              	PUSH	EAX
   901 00000942 8B 47 24                        	MOV	EAX,DWORD [36+EDI]
   902 00000945 83 C0 10                        	ADD	EAX,16
   903 00000948 50                              	PUSH	EAX
   904 00000949 E8 [00000000]                   	CALL	_fifo32_put
   905 0000094E 59                              	POP	ECX
   906 0000094F 5B                              	POP	EBX
   907 00000950                                 L23:
   908 00000950 81 BD FFFFFBCC 0000010E         	CMP	DWORD [-1076+EBP],270
   909 0000095A 0F 84 000002E4                  	JE	L92
   910 00000960                                 L27:
   911 00000960 81 BD FFFFFBCC 0000011C         	CMP	DWORD [-1076+EBP],284
   912 0000096A 0F 84 000002B0                  	JE	L93
   913 00000970                                 L31:
   914 00000970 81 BD FFFFFBCC 0000010F         	CMP	DWORD [-1076+EBP],271
   915 0000097A 0F 84 00000245                  	JE	L94
   916 00000980                                 L33:
   917 00000980 81 BD FFFFFBCC 0000012A         	CMP	DWORD [-1076+EBP],298
   918 0000098A 0F 84 00000229                  	JE	L95
   919 00000990                                 L35:
   920 00000990 81 BD FFFFFBCC 00000136         	CMP	DWORD [-1076+EBP],310
   921 0000099A 0F 84 0000020D                  	JE	L96
   922 000009A0                                 L36:
   923 000009A0 81 BD FFFFFBCC 000001AA         	CMP	DWORD [-1076+EBP],426
   924 000009AA 0F 84 000001F1                  	JE	L97
   925 000009B0                                 L37:
   926 000009B0 81 BD FFFFFBCC 000001B6         	CMP	DWORD [-1076+EBP],438
   927 000009BA 0F 84 000001D5                  	JE	L98
   928 000009C0                                 L38:
   929 000009C0 81 BD FFFFFBCC 0000013A         	CMP	DWORD [-1076+EBP],314
   930 000009CA 0F 84 0000019C                  	JE	L99
   931 000009D0                                 L39:
   932 000009D0 81 BD FFFFFBCC 00000145         	CMP	DWORD [-1076+EBP],325
   933 000009DA 0F 84 00000163                  	JE	L100
   934 000009E0                                 L40:
   935 000009E0 81 BD FFFFFBCC 00000146         	CMP	DWORD [-1076+EBP],326
   936 000009EA 0F 84 0000012A                  	JE	L101
   937 000009F0                                 L41:
   938 000009F0 81 BD FFFFFBCC 0000013B         	CMP	DWORD [-1076+EBP],315
   939 000009FA 0F 84 000000CA                  	JE	L102
   940 00000A00                                 L42:
   941 00000A00 81 BD FFFFFBCC 00000157         	CMP	DWORD [-1076+EBP],343
   942 00000A0A 0F 84 000000A0                  	JE	L103
   943 00000A10                                 L44:
   944 00000A10 81 BD FFFFFBCC 000001FA         	CMP	DWORD [-1076+EBP],506
   945 00000A1A 0F 84 00000081                  	JE	L104
   946 00000A20                                 L45:
   947 00000A20 81 BD FFFFFBCC 000001FE         	CMP	DWORD [-1076+EBP],510
   948 00000A2A 74 5F                           	JE	L105
   949 00000A2C                                 L46:
   950 00000A2C 83 BD FFFFFBC4 00               	CMP	DWORD [-1084+EBP],0
   951 00000A33 78 2F                           	JS	L47
   952 00000A35 8B 85 FFFFFBC8                  	MOV	EAX,DWORD [-1080+EBP]
   953 00000A3B 6A 2B                           	PUSH	43
   954 00000A3D 83 C0 07                        	ADD	EAX,7
   955 00000A40 50                              	PUSH	EAX
   956 00000A41 6A 1C                           	PUSH	28
   957 00000A43 FF B5 FFFFFBC8                  	PUSH	DWORD [-1080+EBP]
   958 00000A49 0F B6 85 FFFFFBC4               	MOVZX	EAX,BYTE [-1084+EBP]
   959 00000A50 50                              	PUSH	EAX
   960 00000A51 8B 85 FFFFFBB4                  	MOV	EAX,DWORD [-1100+EBP]
   961 00000A57 FF 70 04                        	PUSH	DWORD [4+EAX]
   962 00000A5A FF 30                           	PUSH	DWORD [EAX]
   963 00000A5C E8 [00000000]                   	CALL	_boxfill8
   964 00000A61 83 C4 1C                        	ADD	ESP,28
   965 00000A64                                 L47:
   966 00000A64 8B 85 FFFFFBC8                  	MOV	EAX,DWORD [-1080+EBP]
   967 00000A6A 6A 2C                           	PUSH	44
   968 00000A6C 83 C0 08                        	ADD	EAX,8
   969 00000A6F 50                              	PUSH	EAX
   970 00000A70 6A 1C                           	PUSH	28
   971 00000A72 FF B5 FFFFFBC8                  	PUSH	DWORD [-1080+EBP]
   972 00000A78 FF B5 FFFFFBB4                  	PUSH	DWORD [-1100+EBP]
   973 00000A7E E8 [00000000]                   	CALL	_sheet_refresh
   974 00000A83 83 C4 14                        	ADD	ESP,20
   975 00000A86 E9 FFFFFA54                     	JMP	L7
   976 00000A8B                                 L105:
   977 00000A8B E8 [00000000]                   	CALL	_wait_KBC_sendready
   978 00000A90 FF B5 FFFFFBA0                  	PUSH	DWORD [-1120+EBP]
   979 00000A96 6A 60                           	PUSH	96
   980 00000A98 E8 [00000000]                   	CALL	_io_out8
   981 00000A9D 5E                              	POP	ESI
   982 00000A9E 58                              	POP	EAX
   983 00000A9F EB 8B                           	JMP	L46
   984 00000AA1                                 L104:
   985 00000AA1 C7 85 FFFFFBA0 FFFFFFFF         	MOV	DWORD [-1120+EBP],-1
   986 00000AAB E9 FFFFFF70                     	JMP	L45
   987 00000AB0                                 L103:
   988 00000AB0 8B 8D FFFFFBD8                  	MOV	ECX,DWORD [-1064+EBP]
   989 00000AB6 8B 41 10                        	MOV	EAX,DWORD [16+ECX]
   990 00000AB9 48                              	DEC	EAX
   991 00000ABA 50                              	PUSH	EAX
   992 00000ABB FF 71 18                        	PUSH	DWORD [24+ECX]
   993 00000ABE E8 [00000000]                   	CALL	_sheet_updown
   994 00000AC3 58                              	POP	EAX
   995 00000AC4 5A                              	POP	EDX
   996 00000AC5 E9 FFFFFF46                     	JMP	L44
   997 00000ACA                                 L102:
   998 00000ACA 83 BD FFFFFBA8 00               	CMP	DWORD [-1112+EBP],0
   999 00000AD1 0F 84 FFFFFF29                  	JE	L42
  1000 00000AD7 8B 5F 24                        	MOV	EBX,DWORD [36+EDI]
  1001 00000ADA 85 DB                           	TEST	EBX,EBX
  1002 00000ADC 0F 84 FFFFFF1E                  	JE	L42
  1003 00000AE2 83 7B 34 00                     	CMP	DWORD [52+EBX],0
  1004 00000AE6 0F 84 FFFFFF14                  	JE	L42
  1005 00000AEC 68 [00000120]                   	PUSH	LC3
  1006 00000AF1 FF B3 00000094                  	PUSH	DWORD [148+EBX]
  1007 00000AF7 E8 [00000000]                   	CALL	_cons_putstr0
  1008 00000AFC E8 [00000000]                   	CALL	_io_cli
  1009 00000B01 8D 43 30                        	LEA	EAX,DWORD [48+EBX]
  1010 00000B04 89 43 54                        	MOV	DWORD [84+EBX],EAX
  1011 00000B07 C7 43 4C [00000000]             	MOV	DWORD [76+EBX],_asm_end_app
  1012 00000B0E E8 [00000000]                   	CALL	_io_sti
  1013 00000B13 59                              	POP	ECX
  1014 00000B14 5B                              	POP	EBX
  1015 00000B15 E9 FFFFFEE6                     	JMP	L42
  1016 00000B1A                                 L101:
  1017 00000B1A 68 000000ED                     	PUSH	237
  1018 00000B1F 8D 5D 84                        	LEA	EBX,DWORD [-124+EBP]
  1019 00000B22 53                              	PUSH	EBX
  1020 00000B23 83 B5 FFFFFBA4 01               	XOR	DWORD [-1116+EBP],1
  1021 00000B2A E8 [00000000]                   	CALL	_fifo32_put
  1022 00000B2F FF B5 FFFFFBA4                  	PUSH	DWORD [-1116+EBP]
  1023 00000B35 53                              	PUSH	EBX
  1024 00000B36 E8 [00000000]                   	CALL	_fifo32_put
  1025 00000B3B 83 C4 10                        	ADD	ESP,16
  1026 00000B3E E9 FFFFFEAD                     	JMP	L41
  1027 00000B43                                 L100:
  1028 00000B43 68 000000ED                     	PUSH	237
  1029 00000B48 8D 5D 84                        	LEA	EBX,DWORD [-124+EBP]
  1030 00000B4B 53                              	PUSH	EBX
  1031 00000B4C 83 B5 FFFFFBA4 02               	XOR	DWORD [-1116+EBP],2
  1032 00000B53 E8 [00000000]                   	CALL	_fifo32_put
  1033 00000B58 FF B5 FFFFFBA4                  	PUSH	DWORD [-1116+EBP]
  1034 00000B5E 53                              	PUSH	EBX
  1035 00000B5F E8 [00000000]                   	CALL	_fifo32_put
  1036 00000B64 83 C4 10                        	ADD	ESP,16
  1037 00000B67 E9 FFFFFE74                     	JMP	L40
  1038 00000B6C                                 L99:
  1039 00000B6C 68 000000ED                     	PUSH	237
  1040 00000B71 8D 5D 84                        	LEA	EBX,DWORD [-124+EBP]
  1041 00000B74 53                              	PUSH	EBX
  1042 00000B75 83 B5 FFFFFBA4 04               	XOR	DWORD [-1116+EBP],4
  1043 00000B7C E8 [00000000]                   	CALL	_fifo32_put
  1044 00000B81 FF B5 FFFFFBA4                  	PUSH	DWORD [-1116+EBP]
  1045 00000B87 53                              	PUSH	EBX
  1046 00000B88 E8 [00000000]                   	CALL	_fifo32_put
  1047 00000B8D 83 C4 10                        	ADD	ESP,16
  1048 00000B90 E9 FFFFFE3B                     	JMP	L39
  1049 00000B95                                 L98:
  1050 00000B95 83 A5 FFFFFBA8 FD               	AND	DWORD [-1112+EBP],-3
  1051 00000B9C E9 FFFFFE1F                     	JMP	L38
  1052 00000BA1                                 L97:
  1053 00000BA1 83 A5 FFFFFBA8 FE               	AND	DWORD [-1112+EBP],-2
  1054 00000BA8 E9 FFFFFE03                     	JMP	L37
  1055 00000BAD                                 L96:
  1056 00000BAD 83 8D FFFFFBA8 02               	OR	DWORD [-1112+EBP],2
  1057 00000BB4 E9 FFFFFDE7                     	JMP	L36
  1058 00000BB9                                 L95:
  1059 00000BB9 83 8D FFFFFBA8 01               	OR	DWORD [-1112+EBP],1
  1060 00000BC0 E9 FFFFFDCB                     	JMP	L35
  1061 00000BC5                                 L94:
  1062 00000BC5 FF B5 FFFFFBC8                  	PUSH	DWORD [-1080+EBP]
  1063 00000BCB FF B5 FFFFFBC4                  	PUSH	DWORD [-1084+EBP]
  1064 00000BD1 FF B5 FFFFFBB4                  	PUSH	DWORD [-1100+EBP]
  1065 00000BD7 57                              	PUSH	EDI
  1066 00000BD8 E8 0000016E                     	CALL	_keywin_off
  1067 00000BDD 8B 4F 18                        	MOV	ECX,DWORD [24+EDI]
  1068 00000BE0 83 C4 10                        	ADD	ESP,16
  1069 00000BE3 49                              	DEC	ECX
  1070 00000BE4 89 85 FFFFFBC4                  	MOV	DWORD [-1084+EBP],EAX
  1071 00000BEA 75 0A                           	JNE	L34
  1072 00000BEC 8B 85 FFFFFBD8                  	MOV	EAX,DWORD [-1064+EBP]
  1073 00000BF2 8B 48 10                        	MOV	ECX,DWORD [16+EAX]
  1074 00000BF5 49                              	DEC	ECX
  1075 00000BF6                                 L34:
  1076 00000BF6 8B 95 FFFFFBD8                  	MOV	EDX,DWORD [-1064+EBP]
  1077 00000BFC 8B 7C 8A 14                     	MOV	EDI,DWORD [20+EDX+ECX*4]
  1078 00000C00 FF B5 FFFFFBC4                  	PUSH	DWORD [-1084+EBP]
  1079 00000C06 FF B5 FFFFFBB4                  	PUSH	DWORD [-1100+EBP]
  1080 00000C0C 57                              	PUSH	EDI
  1081 00000C0D E8 00000196                     	CALL	_keywin_on
  1082 00000C12 83 C4 0C                        	ADD	ESP,12
  1083 00000C15 89 85 FFFFFBC4                  	MOV	DWORD [-1084+EBP],EAX
  1084 00000C1B E9 FFFFFD60                     	JMP	L33
  1085 00000C20                                 L93:
  1086 00000C20 3B BD FFFFFBB4                  	CMP	EDI,DWORD [-1100+EBP]
  1087 00000C26 0F 84 FFFFFD44                  	JE	L31
  1088 00000C2C 68 0000010A                     	PUSH	266
  1089 00000C31 8B 47 24                        	MOV	EAX,DWORD [36+EDI]
  1090 00000C34 83 C0 10                        	ADD	EAX,16
  1091 00000C37 50                              	PUSH	EAX
  1092 00000C38 E8 [00000000]                   	CALL	_fifo32_put
  1093 00000C3D 5E                              	POP	ESI
  1094 00000C3E 58                              	POP	EAX
  1095 00000C3F E9 FFFFFD2C                     	JMP	L31
  1096 00000C44                                 L92:
  1097 00000C44 3B BD FFFFFBB4                  	CMP	EDI,DWORD [-1100+EBP]
  1098 00000C4A 74 18                           	JE	L106
  1099 00000C4C 68 00000108                     	PUSH	264
  1100 00000C51 8B 47 24                        	MOV	EAX,DWORD [36+EDI]
  1101 00000C54 83 C0 10                        	ADD	EAX,16
  1102 00000C57 50                              	PUSH	EAX
  1103 00000C58 E8 [00000000]                   	CALL	_fifo32_put
  1104 00000C5D 58                              	POP	EAX
  1105 00000C5E 5A                              	POP	EDX
  1106 00000C5F E9 FFFFFCFC                     	JMP	L27
  1107 00000C64                                 L106:
  1108 00000C64 83 BD FFFFFBC8 08               	CMP	DWORD [-1080+EBP],8
  1109 00000C6B 0F 8E FFFFFCEF                  	JLE	L27
  1110 00000C71 6A 01                           	PUSH	1
  1111 00000C73 68 [0000012F]                   	PUSH	LC2
  1112 00000C78 6A 07                           	PUSH	7
  1113 00000C7A 6A 00                           	PUSH	0
  1114 00000C7C 6A 1C                           	PUSH	28
  1115 00000C7E FF B5 FFFFFBC8                  	PUSH	DWORD [-1080+EBP]
  1116 00000C84 FF B5 FFFFFBB4                  	PUSH	DWORD [-1100+EBP]
  1117 00000C8A E8 [00000000]                   	CALL	_putfonts8_asc_sht
  1118 00000C8F 83 C4 1C                        	ADD	ESP,28
  1119 00000C92 83 AD FFFFFBC8 08               	SUB	DWORD [-1080+EBP],8
  1120 00000C99 E9 FFFFFCC2                     	JMP	L27
  1121 00000C9E                                 L91:
  1122 00000C9E 83 BD FFFFFBC8 7F               	CMP	DWORD [-1080+EBP],127
  1123 00000CA5 0F 8F FFFFFCA5                  	JG	L23
  1124 00000CAB 6A 01                           	PUSH	1
  1125 00000CAD 8D 45 C4                        	LEA	EAX,DWORD [-60+EBP]
  1126 00000CB0 50                              	PUSH	EAX
  1127 00000CB1 6A 07                           	PUSH	7
  1128 00000CB3 6A 00                           	PUSH	0
  1129 00000CB5 6A 1C                           	PUSH	28
  1130 00000CB7 FF B5 FFFFFBC8                  	PUSH	DWORD [-1080+EBP]
  1131 00000CBD FF B5 FFFFFBB4                  	PUSH	DWORD [-1100+EBP]
  1132 00000CC3 C6 45 C5 00                     	MOV	BYTE [-59+EBP],0
  1133 00000CC7 E8 [00000000]                   	CALL	_putfonts8_asc_sht
  1134 00000CCC 83 C4 1C                        	ADD	ESP,28
  1135 00000CCF 83 85 FFFFFBC8 08               	ADD	DWORD [-1080+EBP],8
  1136 00000CD6 E9 FFFFFC75                     	JMP	L23
  1137 00000CDB                                 L21:
  1138 00000CDB 8D 42 20                        	LEA	EAX,DWORD [32+EDX]
  1139 00000CDE 88 45 C4                        	MOV	BYTE [-60+EBP],AL
  1140 00000CE1 E9 FFFFFC40                     	JMP	L19
  1141 00000CE6                                 L80:
  1142 00000CE6 83 BD FFFFFBA8 00               	CMP	DWORD [-1112+EBP],0
  1143 00000CED 0F 84 FFFFFC33                  	JE	L19
  1144 00000CF3 EB E6                           	JMP	L21
  1145 00000CF5                                 L16:
  1146 00000CF5 8B 95 FFFFFBCC                  	MOV	EDX,DWORD [-1076+EBP]
  1147 00000CFB 8A 82 [FFFFFF80]                	MOV	AL,BYTE [_keytable1.1-256+EDX]
  1148 00000D01 E9 FFFFFBF6                     	JMP	L81
  1149 00000D06                                 L15:
  1150 00000D06 C6 45 C4 00                     	MOV	BYTE [-60+EBP],0
  1151 00000D0A E9 FFFFFBF0                     	JMP	L18
  1152 00000D0F                                 L84:
  1153 00000D0F FF B5 FFFFFBB0                  	PUSH	DWORD [-1104+EBP]
  1154 00000D15 E8 [00000000]                   	CALL	_task_sleep
  1155 00000D1A E8 [00000000]                   	CALL	_io_sti
  1156 00000D1F 58                              	POP	EAX
  1157 00000D20 E9 FFFFF7BA                     	JMP	L7
  1158 00000D25                                 L83:
  1159 00000D25 53                              	PUSH	EBX
  1160 00000D26 E8 [00000000]                   	CALL	_fifo32_get
  1161 00000D2B 89 85 FFFFFBA0                  	MOV	DWORD [-1120+EBP],EAX
  1162 00000D31 E8 [00000000]                   	CALL	_wait_KBC_sendready
  1163 00000D36 FF B5 FFFFFBA0                  	PUSH	DWORD [-1120+EBP]
  1164 00000D3C 6A 60                           	PUSH	96
  1165 00000D3E E8 [00000000]                   	CALL	_io_out8
  1166 00000D43 83 C4 0C                        	ADD	ESP,12
  1167 00000D46 E9 FFFFF7AF                     	JMP	L10
  1168 00000D4B                                 	GLOBAL	_keywin_off
  1169 00000D4B                                 _keywin_off:
  1170 00000D4B 55                              	PUSH	EBP
  1171 00000D4C 89 E5                           	MOV	EBP,ESP
  1172 00000D4E 57                              	PUSH	EDI
  1173 00000D4F 56                              	PUSH	ESI
  1174 00000D50 53                              	PUSH	EBX
  1175 00000D51 8B 7D 10                        	MOV	EDI,DWORD [16+EBP]
  1176 00000D54 8B 5D 08                        	MOV	EBX,DWORD [8+EBP]
  1177 00000D57 6A 00                           	PUSH	0
  1178 00000D59 53                              	PUSH	EBX
  1179 00000D5A 8B 75 14                        	MOV	ESI,DWORD [20+EBP]
  1180 00000D5D E8 [00000000]                   	CALL	_change_wtitle8
  1181 00000D62 3B 5D 0C                        	CMP	EBX,DWORD [12+EBP]
  1182 00000D65 58                              	POP	EAX
  1183 00000D66 5A                              	POP	EDX
  1184 00000D67 74 22                           	JE	L111
  1185 00000D69 F6 43 1C 20                     	TEST	BYTE [28+EBX],32
  1186 00000D6D 75 0A                           	JNE	L112
  1187 00000D6F                                 L109:
  1188 00000D6F 8D 65 F4                        	LEA	ESP,DWORD [-12+EBP]
  1189 00000D72 89 F8                           	MOV	EAX,EDI
  1190 00000D74 5B                              	POP	EBX
  1191 00000D75 5E                              	POP	ESI
  1192 00000D76 5F                              	POP	EDI
  1193 00000D77 5D                              	POP	EBP
  1194 00000D78 C3                              	RET
  1195 00000D79                                 L112:
  1196 00000D79 6A 03                           	PUSH	3
  1197 00000D7B 8B 43 24                        	MOV	EAX,DWORD [36+EBX]
  1198 00000D7E 83 C0 10                        	ADD	EAX,16
  1199 00000D81 50                              	PUSH	EAX
  1200 00000D82 E8 [00000000]                   	CALL	_fifo32_put
  1201 00000D87 5B                              	POP	EBX
  1202 00000D88 5E                              	POP	ESI
  1203 00000D89 EB E4                           	JMP	L109
  1204 00000D8B                                 L111:
  1205 00000D8B 6A 2B                           	PUSH	43
  1206 00000D8D 8D 46 07                        	LEA	EAX,DWORD [7+ESI]
  1207 00000D90 50                              	PUSH	EAX
  1208 00000D91 83 CF FF                        	OR	EDI,-1
  1209 00000D94 6A 1C                           	PUSH	28
  1210 00000D96 56                              	PUSH	ESI
  1211 00000D97 6A 07                           	PUSH	7
  1212 00000D99 FF 73 04                        	PUSH	DWORD [4+EBX]
  1213 00000D9C FF 33                           	PUSH	DWORD [EBX]
  1214 00000D9E E8 [00000000]                   	CALL	_boxfill8
  1215 00000DA3 83 C4 1C                        	ADD	ESP,28
  1216 00000DA6 EB C7                           	JMP	L109
  1217 00000DA8                                 	GLOBAL	_keywin_on
  1218 00000DA8                                 _keywin_on:
  1219 00000DA8 55                              	PUSH	EBP
  1220 00000DA9 89 E5                           	MOV	EBP,ESP
  1221 00000DAB 56                              	PUSH	ESI
  1222 00000DAC 53                              	PUSH	EBX
  1223 00000DAD 6A 01                           	PUSH	1
  1224 00000DAF 8B 5D 08                        	MOV	EBX,DWORD [8+EBP]
  1225 00000DB2 53                              	PUSH	EBX
  1226 00000DB3 8B 75 10                        	MOV	ESI,DWORD [16+EBP]
  1227 00000DB6 E8 [00000000]                   	CALL	_change_wtitle8
  1228 00000DBB 3B 5D 0C                        	CMP	EBX,DWORD [12+EBP]
  1229 00000DBE 58                              	POP	EAX
  1230 00000DBF 5A                              	POP	EDX
  1231 00000DC0 74 21                           	JE	L117
  1232 00000DC2 F6 43 1C 20                     	TEST	BYTE [28+EBX],32
  1233 00000DC6 75 09                           	JNE	L118
  1234 00000DC8                                 L115:
  1235 00000DC8 8D 65 F8                        	LEA	ESP,DWORD [-8+EBP]
  1236 00000DCB 89 F0                           	MOV	EAX,ESI
  1237 00000DCD 5B                              	POP	EBX
  1238 00000DCE 5E                              	POP	ESI
  1239 00000DCF 5D                              	POP	EBP
  1240 00000DD0 C3                              	RET
  1241 00000DD1                                 L118:
  1242 00000DD1 6A 02                           	PUSH	2
  1243 00000DD3 8B 43 24                        	MOV	EAX,DWORD [36+EBX]
  1244 00000DD6 83 C0 10                        	ADD	EAX,16
  1245 00000DD9 50                              	PUSH	EAX
  1246 00000DDA E8 [00000000]                   	CALL	_fifo32_put
  1247 00000DDF 59                              	POP	ECX
  1248 00000DE0 5B                              	POP	EBX
  1249 00000DE1 EB E5                           	JMP	L115
  1250 00000DE3                                 L117:
  1251 00000DE3 31 F6                           	XOR	ESI,ESI
  1252 00000DE5 EB E1                           	JMP	L115
