     1 00000000                                 [FORMAT "WCOFF"]
     2 00000000                                 [INSTRSET "i486p"]
     3 00000000                                 [OPTIMIZE 1]
     4 00000000                                 [OPTION 1]
     5 00000000                                 [BITS 32]
     6 00000000                                 	EXTERN	_init_gdtidt
     7 00000000                                 	EXTERN	_init_pic
     8 00000000                                 	EXTERN	_io_sti
     9 00000000                                 	EXTERN	_keyfifo
    10 00000000                                 	EXTERN	_fifo8_init
    11 00000000                                 	EXTERN	_mousefifo
    12 00000000                                 	EXTERN	_init_pit
    13 00000000                                 	EXTERN	_io_out8
    14 00000000                                 	EXTERN	_timer_alloc
    15 00000000                                 	EXTERN	_timer_init
    16 00000000                                 	EXTERN	_timer_settime
    17 00000000                                 	EXTERN	_init_keyboard
    18 00000000                                 	EXTERN	_enable_mouse
    19 00000000                                 	EXTERN	_memtest
    20 00000000                                 	EXTERN	_memman_init
    21 00000000                                 	EXTERN	_memman_free
    22 00000000                                 	EXTERN	_init_palette
    23 00000000                                 	EXTERN	_shtctl_init
    24 00000000                                 	EXTERN	_sheet_alloc
    25 00000000                                 	EXTERN	_memman_alloc_4k
    26 00000000                                 	EXTERN	_sheet_setbuf
    27 00000000                                 	EXTERN	_init_screen8
    28 00000000                                 	EXTERN	_init_mouse_cursor8
    29 00000000                                 	EXTERN	_sheet_slide
    30 00000000                                 	EXTERN	_sheet_updown
    31 00000000                                 	EXTERN	_sprintf
    32 00000000                                 	EXTERN	_memman_total
    33 00000000                                 	EXTERN	_io_cli
    34 00000000                                 	EXTERN	_fifo8_status
    35 00000000                                 	EXTERN	_fifo8_get
    36 00000000                                 	EXTERN	_boxfill8
    37 00000000                                 	EXTERN	_sheet_refresh
    38 00000000                                 	EXTERN	_mouse_decode
    39 00000000                                 	EXTERN	_putfonts8_asc
    40 00000000                                 [FILE "bootpack.c"]
    41                                          [SECTION .data]
    42 00000000                                 LC0:
    43 00000000 63 6F 75 6E 74 65 72 00         	DB	"counter",0x00
    44 00000008                                 LC1:
    45 00000008 28 25 33 64 2C 20 25 33 64 29   	DB	"(%3d, %3d)",0x00
       00000012 00 
    46 00000013                                 LC2:
    47 00000013 6D 65 6D 6F 72 79 20 25 64 4D   	DB	"memory %dMB   free : %dKB",0x00
       0000001D 42 20 20 20 66 72 65 65 20 3A 
       00000027 20 25 64 4B 42 00 
    48 0000002D                                 LC7:
    49 0000002D 33 5B 73 65 63 5D 00            	DB	"3[sec]",0x00
    50 00000034                                 LC5:
    51 00000034 31 30 5B 73 65 63 5D 00         	DB	"10[sec]",0x00
    52 0000003C                                 LC6:
    53 0000003C 25 30 31 30 64 00               	DB	"%010d",0x00
    54 00000042                                 LC4:
    55 00000042 5B 6C 63 72 20 25 34 64 20 25   	DB	"[lcr %4d %4d]",0x00
       0000004C 34 64 5D 00 
    56 00000050                                 LC3:
    57 00000050 25 30 32 58 00                  	DB	"%02X",0x00
    58                                          [SECTION .text]
    59 00000000                                 	GLOBAL	_HariMain
    60 00000000                                 _HariMain:
    61 00000000 55                              	PUSH	EBP
    62 00000001 89 E5                           	MOV	EBP,ESP
    63 00000003 57                              	PUSH	EDI
    64 00000004 56                              	PUSH	ESI
    65 00000005 53                              	PUSH	EBX
    66 00000006 8D 75 D4                        	LEA	ESI,DWORD [-44+EBP]
    67 00000009 81 EC 00000230                  	SUB	ESP,560
    68 0000000F C7 85 FFFFFDE0 00000000         	MOV	DWORD [-544+EBP],0
    69 00000019 E8 [00000000]                   	CALL	_init_gdtidt
    70 0000001E E8 [00000000]                   	CALL	_init_pic
    71 00000023 E8 [00000000]                   	CALL	_io_sti
    72 00000028 8D 45 84                        	LEA	EAX,DWORD [-124+EBP]
    73 0000002B 50                              	PUSH	EAX
    74 0000002C 6A 20                           	PUSH	32
    75 0000002E 68 [00000000]                   	PUSH	_keyfifo
    76 00000033 E8 [00000000]                   	CALL	_fifo8_init
    77 00000038 8D 85 FFFFFF04                  	LEA	EAX,DWORD [-252+EBP]
    78 0000003E 50                              	PUSH	EAX
    79 0000003F 68 00000080                     	PUSH	128
    80 00000044 68 [00000000]                   	PUSH	_mousefifo
    81 00000049 E8 [00000000]                   	CALL	_fifo8_init
    82 0000004E E8 [00000000]                   	CALL	_init_pit
    83 00000053 68 000000F8                     	PUSH	248
    84 00000058 6A 21                           	PUSH	33
    85 0000005A E8 [00000000]                   	CALL	_io_out8
    86 0000005F 83 C4 20                        	ADD	ESP,32
    87 00000062 68 000000EF                     	PUSH	239
    88 00000067 68 000000A1                     	PUSH	161
    89 0000006C E8 [00000000]                   	CALL	_io_out8
    90 00000071 8D 85 FFFFFDEC                  	LEA	EAX,DWORD [-532+EBP]
    91 00000077 50                              	PUSH	EAX
    92 00000078 6A 08                           	PUSH	8
    93 0000007A 56                              	PUSH	ESI
    94 0000007B E8 [00000000]                   	CALL	_fifo8_init
    95 00000080 E8 [00000000]                   	CALL	_timer_alloc
    96 00000085 6A 0A                           	PUSH	10
    97 00000087 56                              	PUSH	ESI
    98 00000088 89 C3                           	MOV	EBX,EAX
    99 0000008A 50                              	PUSH	EAX
   100 0000008B E8 [00000000]                   	CALL	_timer_init
   101 00000090 83 C4 20                        	ADD	ESP,32
   102 00000093 68 000003E8                     	PUSH	1000
   103 00000098 53                              	PUSH	EBX
   104 00000099 E8 [00000000]                   	CALL	_timer_settime
   105 0000009E E8 [00000000]                   	CALL	_timer_alloc
   106 000000A3 6A 03                           	PUSH	3
   107 000000A5 56                              	PUSH	ESI
   108 000000A6 89 C3                           	MOV	EBX,EAX
   109 000000A8 50                              	PUSH	EAX
   110 000000A9 E8 [00000000]                   	CALL	_timer_init
   111 000000AE 68 0000012C                     	PUSH	300
   112 000000B3 53                              	PUSH	EBX
   113 000000B4 E8 [00000000]                   	CALL	_timer_settime
   114 000000B9 E8 [00000000]                   	CALL	_timer_alloc
   115 000000BE 6A 01                           	PUSH	1
   116 000000C0 56                              	PUSH	ESI
   117 000000C1 50                              	PUSH	EAX
   118 000000C2 89 85 FFFFFDE8                  	MOV	DWORD [-536+EBP],EAX
   119 000000C8 E8 [00000000]                   	CALL	_timer_init
   120 000000CD 83 C4 28                        	ADD	ESP,40
   121 000000D0 6A 32                           	PUSH	50
   122 000000D2 FF B5 FFFFFDE8                  	PUSH	DWORD [-536+EBP]
   123 000000D8 E8 [00000000]                   	CALL	_timer_settime
   124 000000DD E8 [00000000]                   	CALL	_init_keyboard
   125 000000E2 8D 85 FFFFFEF4                  	LEA	EAX,DWORD [-268+EBP]
   126 000000E8 50                              	PUSH	EAX
   127 000000E9 E8 [00000000]                   	CALL	_enable_mouse
   128 000000EE 68 BFFFFFFF                     	PUSH	-1073741825
   129 000000F3 68 00400000                     	PUSH	4194304
   130 000000F8 E8 [00000000]                   	CALL	_memtest
   131 000000FD 68 003C0000                     	PUSH	3932160
   132 00000102 89 85 FFFFFDDC                  	MOV	DWORD [-548+EBP],EAX
   133 00000108 E8 [00000000]                   	CALL	_memman_init
   134 0000010D 68 0009E000                     	PUSH	647168
   135 00000112 68 00001000                     	PUSH	4096
   136 00000117 68 003C0000                     	PUSH	3932160
   137 0000011C E8 [00000000]                   	CALL	_memman_free
   138 00000121 8B 85 FFFFFDDC                  	MOV	EAX,DWORD [-548+EBP]
   139 00000127 83 C4 24                        	ADD	ESP,36
   140 0000012A 2D 00400000                     	SUB	EAX,4194304
   141 0000012F 50                              	PUSH	EAX
   142 00000130 68 00400000                     	PUSH	4194304
   143 00000135 68 003C0000                     	PUSH	3932160
   144 0000013A E8 [00000000]                   	CALL	_memman_free
   145 0000013F E8 [00000000]                   	CALL	_init_palette
   146 00000144 0F BF 05 00000FF6               	MOVSX	EAX,WORD [4086]
   147 0000014B 50                              	PUSH	EAX
   148 0000014C 0F BF 05 00000FF4               	MOVSX	EAX,WORD [4084]
   149 00000153 50                              	PUSH	EAX
   150 00000154 FF 35 00000FF8                  	PUSH	DWORD [4088]
   151 0000015A 68 003C0000                     	PUSH	3932160
   152 0000015F E8 [00000000]                   	CALL	_shtctl_init
   153 00000164 89 C3                           	MOV	EBX,EAX
   154 00000166 50                              	PUSH	EAX
   155 00000167 E8 [00000000]                   	CALL	_sheet_alloc
   156 0000016C 83 C4 20                        	ADD	ESP,32
   157 0000016F 53                              	PUSH	EBX
   158 00000170 89 85 FFFFFDD8                  	MOV	DWORD [-552+EBP],EAX
   159 00000176 E8 [00000000]                   	CALL	_sheet_alloc
   160 0000017B 53                              	PUSH	EBX
   161 0000017C 8D 9D FFFFFDF4                  	LEA	EBX,DWORD [-524+EBP]
   162 00000182 89 85 FFFFFDD4                  	MOV	DWORD [-556+EBP],EAX
   163 00000188 E8 [00000000]                   	CALL	_sheet_alloc
   164 0000018D 0F BF 15 00000FF6               	MOVSX	EDX,WORD [4086]
   165 00000194 89 85 FFFFFDD0                  	MOV	DWORD [-560+EBP],EAX
   166 0000019A 0F BF 05 00000FF4               	MOVSX	EAX,WORD [4084]
   167 000001A1 0F AF C2                        	IMUL	EAX,EDX
   168 000001A4 50                              	PUSH	EAX
   169 000001A5 68 003C0000                     	PUSH	3932160
   170 000001AA E8 [00000000]                   	CALL	_memman_alloc_4k
   171 000001AF 68 00002080                     	PUSH	8320
   172 000001B4 68 003C0000                     	PUSH	3932160
   173 000001B9 89 85 FFFFFDCC                  	MOV	DWORD [-564+EBP],EAX
   174 000001BF E8 [00000000]                   	CALL	_memman_alloc_4k
   175 000001C4 6A FF                           	PUSH	-1
   176 000001C6 89 C6                           	MOV	ESI,EAX
   177 000001C8 0F BF 05 00000FF6               	MOVSX	EAX,WORD [4086]
   178 000001CF 50                              	PUSH	EAX
   179 000001D0 0F BF 05 00000FF4               	MOVSX	EAX,WORD [4084]
   180 000001D7 50                              	PUSH	EAX
   181 000001D8 FF B5 FFFFFDCC                  	PUSH	DWORD [-564+EBP]
   182 000001DE FF B5 FFFFFDD8                  	PUSH	DWORD [-552+EBP]
   183 000001E4 E8 [00000000]                   	CALL	_sheet_setbuf
   184 000001E9 83 C4 2C                        	ADD	ESP,44
   185 000001EC 6A 63                           	PUSH	99
   186 000001EE 6A 10                           	PUSH	16
   187 000001F0 6A 10                           	PUSH	16
   188 000001F2 53                              	PUSH	EBX
   189 000001F3 FF B5 FFFFFDD4                  	PUSH	DWORD [-556+EBP]
   190 000001F9 E8 [00000000]                   	CALL	_sheet_setbuf
   191 000001FE 6A FF                           	PUSH	-1
   192 00000200 6A 34                           	PUSH	52
   193 00000202 68 000000A0                     	PUSH	160
   194 00000207 56                              	PUSH	ESI
   195 00000208 FF B5 FFFFFDD0                  	PUSH	DWORD [-560+EBP]
   196 0000020E E8 [00000000]                   	CALL	_sheet_setbuf
   197 00000213 83 C4 28                        	ADD	ESP,40
   198 00000216 0F BF 05 00000FF6               	MOVSX	EAX,WORD [4086]
   199 0000021D 50                              	PUSH	EAX
   200 0000021E 0F BF 05 00000FF4               	MOVSX	EAX,WORD [4084]
   201 00000225 50                              	PUSH	EAX
   202 00000226 FF B5 FFFFFDCC                  	PUSH	DWORD [-564+EBP]
   203 0000022C E8 [00000000]                   	CALL	_init_screen8
   204 00000231 6A 63                           	PUSH	99
   205 00000233 53                              	PUSH	EBX
   206 00000234 BB 00000002                     	MOV	EBX,2
   207 00000239 E8 [00000000]                   	CALL	_init_mouse_cursor8
   208 0000023E 68 [00000000]                   	PUSH	LC0
   209 00000243 6A 34                           	PUSH	52
   210 00000245 68 000000A0                     	PUSH	160
   211 0000024A 56                              	PUSH	ESI
   212 0000024B E8 000003BD                     	CALL	_make_window8
   213 00000250 83 C4 24                        	ADD	ESP,36
   214 00000253 6A 00                           	PUSH	0
   215 00000255 6A 00                           	PUSH	0
   216 00000257 FF B5 FFFFFDD8                  	PUSH	DWORD [-552+EBP]
   217 0000025D E8 [00000000]                   	CALL	_sheet_slide
   218 00000262 0F BF 05 00000FF4               	MOVSX	EAX,WORD [4084]
   219 00000269 8D 48 F0                        	LEA	ECX,DWORD [-16+EAX]
   220 0000026C 89 C8                           	MOV	EAX,ECX
   221 0000026E 99                              	CDQ
   222 0000026F F7 FB                           	IDIV	EBX
   223 00000271 89 85 FFFFFDE4                  	MOV	DWORD [-540+EBP],EAX
   224 00000277 0F BF 05 00000FF6               	MOVSX	EAX,WORD [4086]
   225 0000027E 8D 48 D4                        	LEA	ECX,DWORD [-44+EAX]
   226 00000281 89 C8                           	MOV	EAX,ECX
   227 00000283 99                              	CDQ
   228 00000284 F7 FB                           	IDIV	EBX
   229 00000286 50                              	PUSH	EAX
   230 00000287 89 C7                           	MOV	EDI,EAX
   231 00000289 FF B5 FFFFFDE4                  	PUSH	DWORD [-540+EBP]
   232 0000028F FF B5 FFFFFDD4                  	PUSH	DWORD [-556+EBP]
   233 00000295 8D 5D A4                        	LEA	EBX,DWORD [-92+EBP]
   234 00000298 E8 [00000000]                   	CALL	_sheet_slide
   235 0000029D 6A 48                           	PUSH	72
   236 0000029F 6A 50                           	PUSH	80
   237 000002A1 FF B5 FFFFFDD0                  	PUSH	DWORD [-560+EBP]
   238 000002A7 E8 [00000000]                   	CALL	_sheet_slide
   239 000002AC 83 C4 24                        	ADD	ESP,36
   240 000002AF 6A 00                           	PUSH	0
   241 000002B1 FF B5 FFFFFDD8                  	PUSH	DWORD [-552+EBP]
   242 000002B7 E8 [00000000]                   	CALL	_sheet_updown
   243 000002BC 6A 01                           	PUSH	1
   244 000002BE FF B5 FFFFFDD0                  	PUSH	DWORD [-560+EBP]
   245 000002C4 E8 [00000000]                   	CALL	_sheet_updown
   246 000002C9 6A 02                           	PUSH	2
   247 000002CB FF B5 FFFFFDD4                  	PUSH	DWORD [-556+EBP]
   248 000002D1 E8 [00000000]                   	CALL	_sheet_updown
   249 000002D6 57                              	PUSH	EDI
   250 000002D7 FF B5 FFFFFDE4                  	PUSH	DWORD [-540+EBP]
   251 000002DD 68 [00000008]                   	PUSH	LC1
   252 000002E2 53                              	PUSH	EBX
   253 000002E3 E8 [00000000]                   	CALL	_sprintf
   254 000002E8 83 C4 28                        	ADD	ESP,40
   255 000002EB 6A 0A                           	PUSH	10
   256 000002ED 53                              	PUSH	EBX
   257 000002EE 6A 0E                           	PUSH	14
   258 000002F0 6A 07                           	PUSH	7
   259 000002F2 6A 00                           	PUSH	0
   260 000002F4 6A 00                           	PUSH	0
   261 000002F6 FF B5 FFFFFDD8                  	PUSH	DWORD [-552+EBP]
   262 000002FC E8 00000478                     	CALL	_putfonts8_asc_sht
   263 00000301 68 003C0000                     	PUSH	3932160
   264 00000306 E8 [00000000]                   	CALL	_memman_total
   265 0000030B C1 AD FFFFFDDC 14               	SHR	DWORD [-548+EBP],20
   266 00000312 C1 E8 0A                        	SHR	EAX,10
   267 00000315 89 04 24                        	MOV	DWORD [ESP],EAX
   268 00000318 FF B5 FFFFFDDC                  	PUSH	DWORD [-548+EBP]
   269 0000031E 68 [00000013]                   	PUSH	LC2
   270 00000323 53                              	PUSH	EBX
   271 00000324 E8 [00000000]                   	CALL	_sprintf
   272 00000329 83 C4 2C                        	ADD	ESP,44
   273 0000032C 6A 28                           	PUSH	40
   274 0000032E 53                              	PUSH	EBX
   275 0000032F 6A 0E                           	PUSH	14
   276 00000331 6A 07                           	PUSH	7
   277 00000333 6A 20                           	PUSH	32
   278 00000335 6A 00                           	PUSH	0
   279 00000337 FF B5 FFFFFDD8                  	PUSH	DWORD [-552+EBP]
   280 0000033D                                 L27:
   281 0000033D E8 00000437                     	CALL	_putfonts8_asc_sht
   282 00000342                                 L26:
   283 00000342 83 C4 1C                        	ADD	ESP,28
   284 00000345                                 L2:
   285 00000345 FF 85 FFFFFDE0                  	INC	DWORD [-544+EBP]
   286 0000034B 8D 75 D4                        	LEA	ESI,DWORD [-44+EBP]
   287 0000034E E8 [00000000]                   	CALL	_io_cli
   288 00000353 68 [00000000]                   	PUSH	_keyfifo
   289 00000358 E8 [00000000]                   	CALL	_fifo8_status
   290 0000035D 68 [00000000]                   	PUSH	_mousefifo
   291 00000362 89 C3                           	MOV	EBX,EAX
   292 00000364 E8 [00000000]                   	CALL	_fifo8_status
   293 00000369 56                              	PUSH	ESI
   294 0000036A 01 C3                           	ADD	EBX,EAX
   295 0000036C E8 [00000000]                   	CALL	_fifo8_status
   296 00000371 83 C4 0C                        	ADD	ESP,12
   297 00000374 8D 04 18                        	LEA	EAX,DWORD [EAX+EBX*1]
   298 00000377 85 C0                           	TEST	EAX,EAX
   299 00000379 0F 84 00000284                  	JE	L29
   300 0000037F 68 [00000000]                   	PUSH	_keyfifo
   301 00000384 E8 [00000000]                   	CALL	_fifo8_status
   302 00000389 5B                              	POP	EBX
   303 0000038A 85 C0                           	TEST	EAX,EAX
   304 0000038C 0F 85 00000233                  	JNE	L30
   305 00000392 68 [00000000]                   	PUSH	_mousefifo
   306 00000397 E8 [00000000]                   	CALL	_fifo8_status
   307 0000039C 59                              	POP	ECX
   308 0000039D 85 C0                           	TEST	EAX,EAX
   309 0000039F 0F 85 00000108                  	JNE	L31
   310 000003A5 56                              	PUSH	ESI
   311 000003A6 E8 [00000000]                   	CALL	_fifo8_status
   312 000003AB 5A                              	POP	EDX
   313 000003AC 85 C0                           	TEST	EAX,EAX
   314 000003AE 74 95                           	JE	L2
   315 000003B0 56                              	PUSH	ESI
   316 000003B1 E8 [00000000]                   	CALL	_fifo8_get
   317 000003B6 89 C3                           	MOV	EBX,EAX
   318 000003B8 E8 [00000000]                   	CALL	_io_sti
   319 000003BD 58                              	POP	EAX
   320 000003BE 83 FB 0A                        	CMP	EBX,10
   321 000003C1 0F 84 0000009F                  	JE	L32
   322 000003C7 83 FB 03                        	CMP	EBX,3
   323 000003CA 74 71                           	JE	L33
   324 000003CC 85 DB                           	TEST	EBX,EBX
   325 000003CE 74 53                           	JE	L24
   326 000003D0 6A 00                           	PUSH	0
   327 000003D2 56                              	PUSH	ESI
   328 000003D3 FF B5 FFFFFDE8                  	PUSH	DWORD [-536+EBP]
   329 000003D9 E8 [00000000]                   	CALL	_timer_init
   330 000003DE 6A 6F                           	PUSH	111
   331 000003E0 6A 0F                           	PUSH	15
   332 000003E2 6A 60                           	PUSH	96
   333 000003E4 6A 08                           	PUSH	8
   334 000003E6 6A 07                           	PUSH	7
   335 000003E8                                 L28:
   336 000003E8 0F BF 05 00000FF4               	MOVSX	EAX,WORD [4084]
   337 000003EF 50                              	PUSH	EAX
   338 000003F0 FF B5 FFFFFDCC                  	PUSH	DWORD [-564+EBP]
   339 000003F6 E8 [00000000]                   	CALL	_boxfill8
   340 000003FB 83 C4 28                        	ADD	ESP,40
   341 000003FE 6A 32                           	PUSH	50
   342 00000400 FF B5 FFFFFDE8                  	PUSH	DWORD [-536+EBP]
   343 00000406 E8 [00000000]                   	CALL	_timer_settime
   344 0000040B 6A 70                           	PUSH	112
   345 0000040D 6A 10                           	PUSH	16
   346 0000040F 6A 60                           	PUSH	96
   347 00000411 6A 08                           	PUSH	8
   348 00000413 FF B5 FFFFFDD8                  	PUSH	DWORD [-552+EBP]
   349 00000419 E8 [00000000]                   	CALL	_sheet_refresh
   350 0000041E E9 FFFFFF1F                     	JMP	L26
   351 00000423                                 L24:
   352 00000423 6A 01                           	PUSH	1
   353 00000425 56                              	PUSH	ESI
   354 00000426 FF B5 FFFFFDE8                  	PUSH	DWORD [-536+EBP]
   355 0000042C E8 [00000000]                   	CALL	_timer_init
   356 00000431 6A 6F                           	PUSH	111
   357 00000433 6A 0F                           	PUSH	15
   358 00000435 6A 60                           	PUSH	96
   359 00000437 6A 08                           	PUSH	8
   360 00000439 6A 0E                           	PUSH	14
   361 0000043B EB AB                           	JMP	L28
   362 0000043D                                 L33:
   363 0000043D 6A 06                           	PUSH	6
   364 0000043F 68 [0000002D]                   	PUSH	LC7
   365 00000444 6A 0E                           	PUSH	14
   366 00000446 6A 07                           	PUSH	7
   367 00000448 6A 50                           	PUSH	80
   368 0000044A 6A 00                           	PUSH	0
   369 0000044C FF B5 FFFFFDD8                  	PUSH	DWORD [-552+EBP]
   370 00000452 E8 00000322                     	CALL	_putfonts8_asc_sht
   371 00000457 C7 85 FFFFFDE0 00000000         	MOV	DWORD [-544+EBP],0
   372 00000461 E9 FFFFFEDC                     	JMP	L26
   373 00000466                                 L32:
   374 00000466 6A 07                           	PUSH	7
   375 00000468 8D 5D A4                        	LEA	EBX,DWORD [-92+EBP]
   376 0000046B 68 [00000034]                   	PUSH	LC5
   377 00000470 6A 0E                           	PUSH	14
   378 00000472 6A 07                           	PUSH	7
   379 00000474 6A 40                           	PUSH	64
   380 00000476 6A 00                           	PUSH	0
   381 00000478 FF B5 FFFFFDD8                  	PUSH	DWORD [-552+EBP]
   382 0000047E E8 000002F6                     	CALL	_putfonts8_asc_sht
   383 00000483 FF B5 FFFFFDE0                  	PUSH	DWORD [-544+EBP]
   384 00000489 68 [0000003C]                   	PUSH	LC6
   385 0000048E 53                              	PUSH	EBX
   386 0000048F E8 [00000000]                   	CALL	_sprintf
   387 00000494 83 C4 28                        	ADD	ESP,40
   388 00000497 6A 0A                           	PUSH	10
   389 00000499 53                              	PUSH	EBX
   390 0000049A 6A 08                           	PUSH	8
   391 0000049C 6A 00                           	PUSH	0
   392 0000049E 6A 1C                           	PUSH	28
   393 000004A0 6A 28                           	PUSH	40
   394 000004A2 FF B5 FFFFFDD0                  	PUSH	DWORD [-560+EBP]
   395 000004A8 E9 FFFFFE90                     	JMP	L27
   396 000004AD                                 L31:
   397 000004AD 68 [00000000]                   	PUSH	_mousefifo
   398 000004B2 E8 [00000000]                   	CALL	_fifo8_get
   399 000004B7 89 C3                           	MOV	EBX,EAX
   400 000004B9 E8 [00000000]                   	CALL	_io_sti
   401 000004BE 0F B6 C3                        	MOVZX	EAX,BL
   402 000004C1 50                              	PUSH	EAX
   403 000004C2 8D 85 FFFFFEF4                  	LEA	EAX,DWORD [-268+EBP]
   404 000004C8 50                              	PUSH	EAX
   405 000004C9 E8 [00000000]                   	CALL	_mouse_decode
   406 000004CE 83 C4 0C                        	ADD	ESP,12
   407 000004D1 85 C0                           	TEST	EAX,EAX
   408 000004D3 0F 84 FFFFFE6C                  	JE	L2
   409 000004D9 FF B5 FFFFFEFC                  	PUSH	DWORD [-260+EBP]
   410 000004DF FF B5 FFFFFEF8                  	PUSH	DWORD [-264+EBP]
   411 000004E5 68 [00000042]                   	PUSH	LC4
   412 000004EA 8D 5D A4                        	LEA	EBX,DWORD [-92+EBP]
   413 000004ED 53                              	PUSH	EBX
   414 000004EE E8 [00000000]                   	CALL	_sprintf
   415 000004F3 83 C4 10                        	ADD	ESP,16
   416 000004F6 8B 85 FFFFFF00                  	MOV	EAX,DWORD [-256+EBP]
   417 000004FC A9 00000001                     	TEST	EAX,1
   418 00000501 74 04                           	JE	L11
   419 00000503 C6 45 A5 4C                     	MOV	BYTE [-91+EBP],76
   420 00000507                                 L11:
   421 00000507 A9 00000002                     	TEST	EAX,2
   422 0000050C 74 04                           	JE	L12
   423 0000050E C6 45 A7 52                     	MOV	BYTE [-89+EBP],82
   424 00000512                                 L12:
   425 00000512 83 E0 04                        	AND	EAX,4
   426 00000515 74 04                           	JE	L13
   427 00000517 C6 45 A6 43                     	MOV	BYTE [-90+EBP],67
   428 0000051B                                 L13:
   429 0000051B 6A 0F                           	PUSH	15
   430 0000051D 53                              	PUSH	EBX
   431 0000051E 6A 0E                           	PUSH	14
   432 00000520 6A 07                           	PUSH	7
   433 00000522 6A 10                           	PUSH	16
   434 00000524 6A 20                           	PUSH	32
   435 00000526 FF B5 FFFFFDD8                  	PUSH	DWORD [-552+EBP]
   436 0000052C E8 00000248                     	CALL	_putfonts8_asc_sht
   437 00000531 8B 85 FFFFFEF8                  	MOV	EAX,DWORD [-264+EBP]
   438 00000537 03 BD FFFFFEFC                  	ADD	EDI,DWORD [-260+EBP]
   439 0000053D 83 C4 1C                        	ADD	ESP,28
   440 00000540 01 85 FFFFFDE4                  	ADD	DWORD [-540+EBP],EAX
   441 00000546 78 71                           	JS	L34
   442 00000548                                 L14:
   443 00000548 85 FF                           	TEST	EDI,EDI
   444 0000054A 78 69                           	JS	L35
   445 0000054C                                 L15:
   446 0000054C 0F BF 05 00000FF4               	MOVSX	EAX,WORD [4084]
   447 00000553 48                              	DEC	EAX
   448 00000554 39 85 FFFFFDE4                  	CMP	DWORD [-540+EBP],EAX
   449 0000055A 7E 06                           	JLE	L16
   450 0000055C 89 85 FFFFFDE4                  	MOV	DWORD [-540+EBP],EAX
   451 00000562                                 L16:
   452 00000562 0F BF 05 00000FF6               	MOVSX	EAX,WORD [4086]
   453 00000569 48                              	DEC	EAX
   454 0000056A 39 C7                           	CMP	EDI,EAX
   455 0000056C 7E 02                           	JLE	L17
   456 0000056E 89 C7                           	MOV	EDI,EAX
   457 00000570                                 L17:
   458 00000570 57                              	PUSH	EDI
   459 00000571 FF B5 FFFFFDE4                  	PUSH	DWORD [-540+EBP]
   460 00000577 68 [00000008]                   	PUSH	LC1
   461 0000057C 53                              	PUSH	EBX
   462 0000057D E8 [00000000]                   	CALL	_sprintf
   463 00000582 6A 0A                           	PUSH	10
   464 00000584 53                              	PUSH	EBX
   465 00000585 6A 0E                           	PUSH	14
   466 00000587 6A 07                           	PUSH	7
   467 00000589 6A 00                           	PUSH	0
   468 0000058B 6A 00                           	PUSH	0
   469 0000058D FF B5 FFFFFDD8                  	PUSH	DWORD [-552+EBP]
   470 00000593 E8 000001E1                     	CALL	_putfonts8_asc_sht
   471 00000598 83 C4 2C                        	ADD	ESP,44
   472 0000059B 57                              	PUSH	EDI
   473 0000059C FF B5 FFFFFDE4                  	PUSH	DWORD [-540+EBP]
   474 000005A2 FF B5 FFFFFDD4                  	PUSH	DWORD [-556+EBP]
   475 000005A8 E8 [00000000]                   	CALL	_sheet_slide
   476 000005AD 83 C4 0C                        	ADD	ESP,12
   477 000005B0 E9 FFFFFD90                     	JMP	L2
   478 000005B5                                 L35:
   479 000005B5 31 FF                           	XOR	EDI,EDI
   480 000005B7 EB 93                           	JMP	L15
   481 000005B9                                 L34:
   482 000005B9 C7 85 FFFFFDE4 00000000         	MOV	DWORD [-540+EBP],0
   483 000005C3 EB 83                           	JMP	L14
   484 000005C5                                 L30:
   485 000005C5 68 [00000000]                   	PUSH	_keyfifo
   486 000005CA E8 [00000000]                   	CALL	_fifo8_get
   487 000005CF 89 C3                           	MOV	EBX,EAX
   488 000005D1 E8 [00000000]                   	CALL	_io_sti
   489 000005D6 53                              	PUSH	EBX
   490 000005D7 8D 5D A4                        	LEA	EBX,DWORD [-92+EBP]
   491 000005DA 68 [00000050]                   	PUSH	LC3
   492 000005DF 53                              	PUSH	EBX
   493 000005E0 E8 [00000000]                   	CALL	_sprintf
   494 000005E5 6A 02                           	PUSH	2
   495 000005E7 53                              	PUSH	EBX
   496 000005E8 6A 0E                           	PUSH	14
   497 000005EA 6A 07                           	PUSH	7
   498 000005EC 6A 10                           	PUSH	16
   499 000005EE 6A 00                           	PUSH	0
   500 000005F0 FF B5 FFFFFDD8                  	PUSH	DWORD [-552+EBP]
   501 000005F6 E8 0000017E                     	CALL	_putfonts8_asc_sht
   502 000005FB 83 C4 2C                        	ADD	ESP,44
   503 000005FE E9 FFFFFD42                     	JMP	L2
   504 00000603                                 L29:
   505 00000603 E8 [00000000]                   	CALL	_io_sti
   506 00000608 E9 FFFFFD38                     	JMP	L2
   507                                          [SECTION .data]
   508 00000055                                 _closebtn.0:
   509 00000055 4F 4F 4F 4F 4F 4F 4F 4F 4F 4F   	DB	"OOOOOOOOOOOOOOO@"
       0000005F 4F 4F 4F 4F 4F 40 
   510 00000065 4F 51 51 51 51 51 51 51 51 51   	DB	"OQQQQQQQQQQQQQ$@"
       0000006F 51 51 51 51 24 40 
   511 00000075 4F 51 51 51 51 51 51 51 51 51   	DB	"OQQQQQQQQQQQQQ$@"
       0000007F 51 51 51 51 24 40 
   512 00000085 4F 51 51 51 40 40 51 51 51 51   	DB	"OQQQ@@QQQQ@@QQ$@"
       0000008F 40 40 51 51 24 40 
   513 00000095 4F 51 51 51 51 40 40 51 51 40   	DB	"OQQQQ@@QQ@@QQQ$@"
       0000009F 40 51 51 51 24 40 
   514 000000A5 4F 51 51 51 51 51 40 40 40 40   	DB	"OQQQQQ@@@@QQQQ$@"
       000000AF 51 51 51 51 24 40 
   515 000000B5 4F 51 51 51 51 51 51 40 40 51   	DB	"OQQQQQQ@@QQQQQ$@"
       000000BF 51 51 51 51 24 40 
   516 000000C5 4F 51 51 51 51 51 40 40 40 40   	DB	"OQQQQQ@@@@QQQQ$@"
       000000CF 51 51 51 51 24 40 
   517 000000D5 4F 51 51 51 51 40 40 51 51 40   	DB	"OQQQQ@@QQ@@QQQ$@"
       000000DF 40 51 51 51 24 40 
   518 000000E5 4F 51 51 51 40 40 51 51 51 51   	DB	"OQQQ@@QQQQ@@QQ$@"
       000000EF 40 40 51 51 24 40 
   519 000000F5 4F 51 51 51 51 51 51 51 51 51   	DB	"OQQQQQQQQQQQQQ$@"
       000000FF 51 51 51 51 24 40 
   520 00000105 4F 51 51 51 51 51 51 51 51 51   	DB	"OQQQQQQQQQQQQQ$@"
       0000010F 51 51 51 51 24 40 
   521 00000115 4F 24 24 24 24 24 24 24 24 24   	DB	"O$$$$$$$$$$$$$$@"
       0000011F 24 24 24 24 24 40 
   522 00000125 40 40 40 40 40 40 40 40 40 40   	DB	"@@@@@@@@@@@@@@@@"
       0000012F 40 40 40 40 40 40 
   523                                          [SECTION .text]
   524 0000060D                                 	GLOBAL	_make_window8
   525 0000060D                                 _make_window8:
   526 0000060D 55                              	PUSH	EBP
   527 0000060E 89 E5                           	MOV	EBP,ESP
   528 00000610 57                              	PUSH	EDI
   529 00000611 56                              	PUSH	ESI
   530 00000612 53                              	PUSH	EBX
   531 00000613 83 EC 14                        	SUB	ESP,20
   532 00000616 8B 5D 0C                        	MOV	EBX,DWORD [12+EBP]
   533 00000619 6A 00                           	PUSH	0
   534 0000061B 8D 43 FF                        	LEA	EAX,DWORD [-1+EBX]
   535 0000061E 8D 7B FE                        	LEA	EDI,DWORD [-2+EBX]
   536 00000621 50                              	PUSH	EAX
   537 00000622 89 45 EC                        	MOV	DWORD [-20+EBP],EAX
   538 00000625 6A 00                           	PUSH	0
   539 00000627 6A 00                           	PUSH	0
   540 00000629 6A 08                           	PUSH	8
   541 0000062B 53                              	PUSH	EBX
   542 0000062C FF 75 08                        	PUSH	DWORD [8+EBP]
   543 0000062F E8 [00000000]                   	CALL	_boxfill8
   544 00000634 6A 01                           	PUSH	1
   545 00000636 57                              	PUSH	EDI
   546 00000637 6A 01                           	PUSH	1
   547 00000639 6A 01                           	PUSH	1
   548 0000063B 6A 07                           	PUSH	7
   549 0000063D 53                              	PUSH	EBX
   550 0000063E FF 75 08                        	PUSH	DWORD [8+EBP]
   551 00000641 E8 [00000000]                   	CALL	_boxfill8
   552 00000646 8B 55 10                        	MOV	EDX,DWORD [16+EBP]
   553 00000649 83 C4 38                        	ADD	ESP,56
   554 0000064C 4A                              	DEC	EDX
   555 0000064D 89 55 E8                        	MOV	DWORD [-24+EBP],EDX
   556 00000650 52                              	PUSH	EDX
   557 00000651 6A 00                           	PUSH	0
   558 00000653 6A 00                           	PUSH	0
   559 00000655 6A 00                           	PUSH	0
   560 00000657 6A 08                           	PUSH	8
   561 00000659 53                              	PUSH	EBX
   562 0000065A FF 75 08                        	PUSH	DWORD [8+EBP]
   563 0000065D E8 [00000000]                   	CALL	_boxfill8
   564 00000662 8B 75 10                        	MOV	ESI,DWORD [16+EBP]
   565 00000665 83 EE 02                        	SUB	ESI,2
   566 00000668 56                              	PUSH	ESI
   567 00000669 6A 01                           	PUSH	1
   568 0000066B 6A 01                           	PUSH	1
   569 0000066D 6A 01                           	PUSH	1
   570 0000066F 6A 07                           	PUSH	7
   571 00000671 53                              	PUSH	EBX
   572 00000672 FF 75 08                        	PUSH	DWORD [8+EBP]
   573 00000675 E8 [00000000]                   	CALL	_boxfill8
   574 0000067A 83 C4 38                        	ADD	ESP,56
   575 0000067D 56                              	PUSH	ESI
   576 0000067E 57                              	PUSH	EDI
   577 0000067F 6A 01                           	PUSH	1
   578 00000681 57                              	PUSH	EDI
   579 00000682 6A 0F                           	PUSH	15
   580 00000684 53                              	PUSH	EBX
   581 00000685 FF 75 08                        	PUSH	DWORD [8+EBP]
   582 00000688 E8 [00000000]                   	CALL	_boxfill8
   583 0000068D FF 75 E8                        	PUSH	DWORD [-24+EBP]
   584 00000690 FF 75 EC                        	PUSH	DWORD [-20+EBP]
   585 00000693 6A 00                           	PUSH	0
   586 00000695 FF 75 EC                        	PUSH	DWORD [-20+EBP]
   587 00000698 6A 00                           	PUSH	0
   588 0000069A 53                              	PUSH	EBX
   589 0000069B FF 75 08                        	PUSH	DWORD [8+EBP]
   590 0000069E E8 [00000000]                   	CALL	_boxfill8
   591 000006A3 8B 45 10                        	MOV	EAX,DWORD [16+EBP]
   592 000006A6 83 C4 38                        	ADD	ESP,56
   593 000006A9 83 E8 03                        	SUB	EAX,3
   594 000006AC 50                              	PUSH	EAX
   595 000006AD 8D 43 FD                        	LEA	EAX,DWORD [-3+EBX]
   596 000006B0 50                              	PUSH	EAX
   597 000006B1 6A 02                           	PUSH	2
   598 000006B3 6A 02                           	PUSH	2
   599 000006B5 6A 08                           	PUSH	8
   600 000006B7 53                              	PUSH	EBX
   601 000006B8 FF 75 08                        	PUSH	DWORD [8+EBP]
   602 000006BB E8 [00000000]                   	CALL	_boxfill8
   603 000006C0 8D 43 FC                        	LEA	EAX,DWORD [-4+EBX]
   604 000006C3 6A 14                           	PUSH	20
   605 000006C5 50                              	PUSH	EAX
   606 000006C6 6A 03                           	PUSH	3
   607 000006C8 6A 03                           	PUSH	3
   608 000006CA 6A 0C                           	PUSH	12
   609 000006CC 53                              	PUSH	EBX
   610 000006CD FF 75 08                        	PUSH	DWORD [8+EBP]
   611 000006D0 E8 [00000000]                   	CALL	_boxfill8
   612 000006D5 83 C4 38                        	ADD	ESP,56
   613 000006D8 56                              	PUSH	ESI
   614 000006D9 57                              	PUSH	EDI
   615 000006DA 56                              	PUSH	ESI
   616 000006DB 6A 01                           	PUSH	1
   617 000006DD 6A 0F                           	PUSH	15
   618 000006DF 53                              	PUSH	EBX
   619 000006E0 FF 75 08                        	PUSH	DWORD [8+EBP]
   620 000006E3 E8 [00000000]                   	CALL	_boxfill8
   621 000006E8 FF 75 E8                        	PUSH	DWORD [-24+EBP]
   622 000006EB FF 75 EC                        	PUSH	DWORD [-20+EBP]
   623 000006EE FF 75 E8                        	PUSH	DWORD [-24+EBP]
   624 000006F1 6A 00                           	PUSH	0
   625 000006F3 6A 00                           	PUSH	0
   626 000006F5 6B F3 05                        	IMUL	ESI,EBX,5
   627 000006F8 53                              	PUSH	EBX
   628 000006F9 FF 75 08                        	PUSH	DWORD [8+EBP]
   629 000006FC E8 [00000000]                   	CALL	_boxfill8
   630 00000701 83 C4 38                        	ADD	ESP,56
   631 00000704 FF 75 14                        	PUSH	DWORD [20+EBP]
   632 00000707 6A 07                           	PUSH	7
   633 00000709 6A 04                           	PUSH	4
   634 0000070B 6A 18                           	PUSH	24
   635 0000070D 53                              	PUSH	EBX
   636 0000070E FF 75 08                        	PUSH	DWORD [8+EBP]
   637 00000711 E8 [00000000]                   	CALL	_putfonts8_asc
   638 00000716 83 C4 18                        	ADD	ESP,24
   639 00000719 C7 45 F0 00000000               	MOV	DWORD [-16+EBP],0
   640 00000720 C7 45 E0 00000000               	MOV	DWORD [-32+EBP],0
   641 00000727                                 L52:
   642 00000727 8D 04 1E                        	LEA	EAX,DWORD [ESI+EBX*1]
   643 0000072A 8B 55 08                        	MOV	EDX,DWORD [8+EBP]
   644 0000072D 31 FF                           	XOR	EDI,EDI
   645 0000072F 8D 4C 02 EB                     	LEA	ECX,DWORD [-21+EDX+EAX*1]
   646 00000733                                 L51:
   647 00000733 8B 45 E0                        	MOV	EAX,DWORD [-32+EBP]
   648 00000736 8A 94 07 [00000055]             	MOV	DL,BYTE [_closebtn.0+EDI+EAX*1]
   649 0000073D 80 FA 40                        	CMP	DL,64
   650 00000740 74 33                           	JE	L57
   651 00000742 80 FA 24                        	CMP	DL,36
   652 00000745 74 2A                           	JE	L58
   653 00000747 80 FA 51                        	CMP	DL,81
   654 0000074A B2 08                           	MOV	DL,8
   655 0000074C 0F 95 C0                        	SETNE	AL
   656 0000074F 28 C2                           	SUB	DL,AL
   657 00000751                                 L46:
   658 00000751 47                              	INC	EDI
   659 00000752 88 11                           	MOV	BYTE [ECX],DL
   660 00000754 41                              	INC	ECX
   661 00000755 83 FF 0F                        	CMP	EDI,15
   662 00000758 7E D9                           	JLE	L51
   663 0000075A FF 45 F0                        	INC	DWORD [-16+EBP]
   664 0000075D 01 DE                           	ADD	ESI,EBX
   665 0000075F 83 45 E0 10                     	ADD	DWORD [-32+EBP],16
   666 00000763 83 7D F0 0D                     	CMP	DWORD [-16+EBP],13
   667 00000767 7E BE                           	JLE	L52
   668 00000769 8D 65 F4                        	LEA	ESP,DWORD [-12+EBP]
   669 0000076C 5B                              	POP	EBX
   670 0000076D 5E                              	POP	ESI
   671 0000076E 5F                              	POP	EDI
   672 0000076F 5D                              	POP	EBP
   673 00000770 C3                              	RET
   674 00000771                                 L58:
   675 00000771 B2 0F                           	MOV	DL,15
   676 00000773 EB DC                           	JMP	L46
   677 00000775                                 L57:
   678 00000775 31 D2                           	XOR	EDX,EDX
   679 00000777 EB D8                           	JMP	L46
   680 00000779                                 	GLOBAL	_putfonts8_asc_sht
   681 00000779                                 _putfonts8_asc_sht:
   682 00000779 55                              	PUSH	EBP
   683 0000077A 89 E5                           	MOV	EBP,ESP
   684 0000077C 57                              	PUSH	EDI
   685 0000077D 56                              	PUSH	ESI
   686 0000077E 53                              	PUSH	EBX
   687 0000077F 83 EC 0C                        	SUB	ESP,12
   688 00000782 8B 45 08                        	MOV	EAX,DWORD [8+EBP]
   689 00000785 8B 7D 10                        	MOV	EDI,DWORD [16+EBP]
   690 00000788 89 45 F0                        	MOV	DWORD [-16+EBP],EAX
   691 0000078B 8B 5D 14                        	MOV	EBX,DWORD [20+EBP]
   692 0000078E 8B 45 0C                        	MOV	EAX,DWORD [12+EBP]
   693 00000791 89 45 EC                        	MOV	DWORD [-20+EBP],EAX
   694 00000794 8B 45 1C                        	MOV	EAX,DWORD [28+EBP]
   695 00000797 89 45 E8                        	MOV	DWORD [-24+EBP],EAX
   696 0000079A 8D 47 0F                        	LEA	EAX,DWORD [15+EDI]
   697 0000079D 50                              	PUSH	EAX
   698 0000079E 8B 45 EC                        	MOV	EAX,DWORD [-20+EBP]
   699 000007A1 8B 75 20                        	MOV	ESI,DWORD [32+EBP]
   700 000007A4 0F BE DB                        	MOVSX	EBX,BL
   701 000007A7 8D 34 F0                        	LEA	ESI,DWORD [EAX+ESI*8]
   702 000007AA 8D 46 FF                        	LEA	EAX,DWORD [-1+ESI]
   703 000007AD 50                              	PUSH	EAX
   704 000007AE 57                              	PUSH	EDI
   705 000007AF FF 75 EC                        	PUSH	DWORD [-20+EBP]
   706 000007B2 0F B6 45 18                     	MOVZX	EAX,BYTE [24+EBP]
   707 000007B6 50                              	PUSH	EAX
   708 000007B7 8B 45 F0                        	MOV	EAX,DWORD [-16+EBP]
   709 000007BA FF 70 04                        	PUSH	DWORD [4+EAX]
   710 000007BD FF 30                           	PUSH	DWORD [EAX]
   711 000007BF E8 [00000000]                   	CALL	_boxfill8
   712 000007C4 FF 75 E8                        	PUSH	DWORD [-24+EBP]
   713 000007C7 53                              	PUSH	EBX
   714 000007C8 57                              	PUSH	EDI
   715 000007C9 FF 75 EC                        	PUSH	DWORD [-20+EBP]
   716 000007CC 8B 45 F0                        	MOV	EAX,DWORD [-16+EBP]
   717 000007CF FF 70 04                        	PUSH	DWORD [4+EAX]
   718 000007D2 FF 30                           	PUSH	DWORD [EAX]
   719 000007D4 E8 [00000000]                   	CALL	_putfonts8_asc
   720 000007D9 89 7D 10                        	MOV	DWORD [16+EBP],EDI
   721 000007DC 8D 47 10                        	LEA	EAX,DWORD [16+EDI]
   722 000007DF 89 75 14                        	MOV	DWORD [20+EBP],ESI
   723 000007E2 89 45 18                        	MOV	DWORD [24+EBP],EAX
   724 000007E5 83 C4 34                        	ADD	ESP,52
   725 000007E8 8B 45 EC                        	MOV	EAX,DWORD [-20+EBP]
   726 000007EB 89 45 0C                        	MOV	DWORD [12+EBP],EAX
   727 000007EE 8B 45 F0                        	MOV	EAX,DWORD [-16+EBP]
   728 000007F1 89 45 08                        	MOV	DWORD [8+EBP],EAX
   729 000007F4 8D 65 F4                        	LEA	ESP,DWORD [-12+EBP]
   730 000007F7 5B                              	POP	EBX
   731 000007F8 5E                              	POP	ESI
   732 000007F9 5F                              	POP	EDI
   733 000007FA 5D                              	POP	EBP
   734 000007FB E9 [00000000]                   	JMP	_sheet_refresh
