     1 00000000                                 [FORMAT "WCOFF"]
     2 00000000                                 [INSTRSET "i486p"]
     3 00000000                                 [OPTIMIZE 1]
     4 00000000                                 [OPTION 1]
     5 00000000                                 [BITS 32]
     6 00000000                                 	EXTERN	_init_gdtidt
     7 00000000                                 	EXTERN	_init_pic
     8 00000000                                 	EXTERN	_io_sti
     9 00000000                                 	EXTERN	_keyfifo
    10 00000000                                 	EXTERN	_fifo8_init
    11 00000000                                 	EXTERN	_mousefifo
    12 00000000                                 	EXTERN	_init_pit
    13 00000000                                 	EXTERN	_io_out8
    14 00000000                                 	EXTERN	_timer_alloc
    15 00000000                                 	EXTERN	_timer_init
    16 00000000                                 	EXTERN	_timer_settime
    17 00000000                                 	EXTERN	_init_keyboard
    18 00000000                                 	EXTERN	_enable_mouse
    19 00000000                                 	EXTERN	_memtest
    20 00000000                                 	EXTERN	_memman_init
    21 00000000                                 	EXTERN	_memman_free
    22 00000000                                 	EXTERN	_init_palette
    23 00000000                                 	EXTERN	_shtctl_init
    24 00000000                                 	EXTERN	_sheet_alloc
    25 00000000                                 	EXTERN	_memman_alloc_4k
    26 00000000                                 	EXTERN	_sheet_setbuf
    27 00000000                                 	EXTERN	_init_screen8
    28 00000000                                 	EXTERN	_init_mouse_cursor8
    29 00000000                                 	EXTERN	_sheet_slide
    30 00000000                                 	EXTERN	_sheet_updown
    31 00000000                                 	EXTERN	_sprintf
    32 00000000                                 	EXTERN	_memman_total
    33 00000000                                 	EXTERN	_io_cli
    34 00000000                                 	EXTERN	_fifo8_status
    35 00000000                                 	EXTERN	_fifo8_get
    36 00000000                                 	EXTERN	_boxfill8
    37 00000000                                 	EXTERN	_sheet_refresh
    38 00000000                                 	EXTERN	_mouse_decode
    39 00000000                                 	EXTERN	_putfonts8_asc
    40 00000000                                 [FILE "bootpack.c"]
    41                                          [SECTION .data]
    42 00000000                                 LC0:
    43 00000000 63 6F 75 6E 74 65 72 00         	DB	"counter",0x00
    44 00000008                                 LC1:
    45 00000008 28 25 33 64 2C 20 25 33 64 29   	DB	"(%3d, %3d)",0x00
       00000012 00 
    46 00000013                                 LC2:
    47 00000013 6D 65 6D 6F 72 79 20 25 64 4D   	DB	"memory %dMB   free : %dKB",0x00
       0000001D 42 20 20 20 66 72 65 65 20 3A 
       00000027 20 25 64 4B 42 00 
    48 0000002D                                 LC3:
    49 0000002D 63 6F 75 6E 74 69 6E 67 20 25   	DB	"counting %d",0x00
       00000037 64 00 
    50 00000039                                 LC8:
    51 00000039 33 5B 73 65 63 5D 00            	DB	"3[sec]",0x00
    52 00000040                                 LC6:
    53 00000040 31 30 5B 73 65 63 5D 00         	DB	"10[sec]",0x00
    54 00000048                                 LC7:
    55 00000048 25 30 31 30 64 00               	DB	"%010d",0x00
    56 0000004E                                 LC5:
    57 0000004E 5B 6C 63 72 20 25 34 64 20 25   	DB	"[lcr %4d %4d]",0x00
       00000058 34 64 5D 00 
    58 0000005C                                 LC4:
    59 0000005C 25 30 32 58 00                  	DB	"%02X",0x00
    60                                          [SECTION .text]
    61 00000000                                 	GLOBAL	_HariMain
    62 00000000                                 _HariMain:
    63 00000000 55                              	PUSH	EBP
    64 00000001 89 E5                           	MOV	EBP,ESP
    65 00000003 57                              	PUSH	EDI
    66 00000004 56                              	PUSH	ESI
    67 00000005 53                              	PUSH	EBX
    68 00000006 8D 75 D4                        	LEA	ESI,DWORD [-44+EBP]
    69 00000009 81 EC 00000230                  	SUB	ESP,560
    70 0000000F C7 85 FFFFFDDC 00000000         	MOV	DWORD [-548+EBP],0
    71 00000019 E8 [00000000]                   	CALL	_init_gdtidt
    72 0000001E E8 [00000000]                   	CALL	_init_pic
    73 00000023 E8 [00000000]                   	CALL	_io_sti
    74 00000028 8D 45 84                        	LEA	EAX,DWORD [-124+EBP]
    75 0000002B 50                              	PUSH	EAX
    76 0000002C 6A 20                           	PUSH	32
    77 0000002E 68 [00000000]                   	PUSH	_keyfifo
    78 00000033 E8 [00000000]                   	CALL	_fifo8_init
    79 00000038 8D 85 FFFFFF04                  	LEA	EAX,DWORD [-252+EBP]
    80 0000003E 50                              	PUSH	EAX
    81 0000003F 68 00000080                     	PUSH	128
    82 00000044 68 [00000000]                   	PUSH	_mousefifo
    83 00000049 E8 [00000000]                   	CALL	_fifo8_init
    84 0000004E E8 [00000000]                   	CALL	_init_pit
    85 00000053 68 000000F8                     	PUSH	248
    86 00000058 6A 21                           	PUSH	33
    87 0000005A E8 [00000000]                   	CALL	_io_out8
    88 0000005F 83 C4 20                        	ADD	ESP,32
    89 00000062 68 000000EF                     	PUSH	239
    90 00000067 68 000000A1                     	PUSH	161
    91 0000006C E8 [00000000]                   	CALL	_io_out8
    92 00000071 8D 85 FFFFFDEC                  	LEA	EAX,DWORD [-532+EBP]
    93 00000077 50                              	PUSH	EAX
    94 00000078 6A 08                           	PUSH	8
    95 0000007A 56                              	PUSH	ESI
    96 0000007B E8 [00000000]                   	CALL	_fifo8_init
    97 00000080 E8 [00000000]                   	CALL	_timer_alloc
    98 00000085 6A 0A                           	PUSH	10
    99 00000087 56                              	PUSH	ESI
   100 00000088 89 C3                           	MOV	EBX,EAX
   101 0000008A 50                              	PUSH	EAX
   102 0000008B E8 [00000000]                   	CALL	_timer_init
   103 00000090 83 C4 20                        	ADD	ESP,32
   104 00000093 68 000003E8                     	PUSH	1000
   105 00000098 53                              	PUSH	EBX
   106 00000099 E8 [00000000]                   	CALL	_timer_settime
   107 0000009E E8 [00000000]                   	CALL	_timer_alloc
   108 000000A3 6A 03                           	PUSH	3
   109 000000A5 56                              	PUSH	ESI
   110 000000A6 89 C3                           	MOV	EBX,EAX
   111 000000A8 50                              	PUSH	EAX
   112 000000A9 E8 [00000000]                   	CALL	_timer_init
   113 000000AE 68 0000012C                     	PUSH	300
   114 000000B3 53                              	PUSH	EBX
   115 000000B4 E8 [00000000]                   	CALL	_timer_settime
   116 000000B9 E8 [00000000]                   	CALL	_timer_alloc
   117 000000BE 6A 01                           	PUSH	1
   118 000000C0 56                              	PUSH	ESI
   119 000000C1 50                              	PUSH	EAX
   120 000000C2 89 85 FFFFFDE8                  	MOV	DWORD [-536+EBP],EAX
   121 000000C8 E8 [00000000]                   	CALL	_timer_init
   122 000000CD 83 C4 28                        	ADD	ESP,40
   123 000000D0 6A 32                           	PUSH	50
   124 000000D2 FF B5 FFFFFDE8                  	PUSH	DWORD [-536+EBP]
   125 000000D8 E8 [00000000]                   	CALL	_timer_settime
   126 000000DD E8 [00000000]                   	CALL	_init_keyboard
   127 000000E2 8D 85 FFFFFEF4                  	LEA	EAX,DWORD [-268+EBP]
   128 000000E8 50                              	PUSH	EAX
   129 000000E9 E8 [00000000]                   	CALL	_enable_mouse
   130 000000EE 68 BFFFFFFF                     	PUSH	-1073741825
   131 000000F3 68 00400000                     	PUSH	4194304
   132 000000F8 E8 [00000000]                   	CALL	_memtest
   133 000000FD 68 003C0000                     	PUSH	3932160
   134 00000102 89 C7                           	MOV	EDI,EAX
   135 00000104 E8 [00000000]                   	CALL	_memman_init
   136 00000109 68 0009E000                     	PUSH	647168
   137 0000010E 68 00001000                     	PUSH	4096
   138 00000113 68 003C0000                     	PUSH	3932160
   139 00000118 E8 [00000000]                   	CALL	_memman_free
   140 0000011D 8D 87 FFC00000                  	LEA	EAX,DWORD [-4194304+EDI]
   141 00000123 C1 EF 14                        	SHR	EDI,20
   142 00000126 83 C4 24                        	ADD	ESP,36
   143 00000129 50                              	PUSH	EAX
   144 0000012A 68 00400000                     	PUSH	4194304
   145 0000012F 68 003C0000                     	PUSH	3932160
   146 00000134 E8 [00000000]                   	CALL	_memman_free
   147 00000139 E8 [00000000]                   	CALL	_init_palette
   148 0000013E 0F BF 05 00000FF6               	MOVSX	EAX,WORD [4086]
   149 00000145 50                              	PUSH	EAX
   150 00000146 0F BF 05 00000FF4               	MOVSX	EAX,WORD [4084]
   151 0000014D 50                              	PUSH	EAX
   152 0000014E FF 35 00000FF8                  	PUSH	DWORD [4088]
   153 00000154 68 003C0000                     	PUSH	3932160
   154 00000159 E8 [00000000]                   	CALL	_shtctl_init
   155 0000015E 89 C3                           	MOV	EBX,EAX
   156 00000160 50                              	PUSH	EAX
   157 00000161 E8 [00000000]                   	CALL	_sheet_alloc
   158 00000166 83 C4 20                        	ADD	ESP,32
   159 00000169 53                              	PUSH	EBX
   160 0000016A 89 85 FFFFFDD8                  	MOV	DWORD [-552+EBP],EAX
   161 00000170 E8 [00000000]                   	CALL	_sheet_alloc
   162 00000175 53                              	PUSH	EBX
   163 00000176 8D 9D FFFFFDF4                  	LEA	EBX,DWORD [-524+EBP]
   164 0000017C 89 85 FFFFFDD4                  	MOV	DWORD [-556+EBP],EAX
   165 00000182 E8 [00000000]                   	CALL	_sheet_alloc
   166 00000187 0F BF 15 00000FF6               	MOVSX	EDX,WORD [4086]
   167 0000018E 89 85 FFFFFDD0                  	MOV	DWORD [-560+EBP],EAX
   168 00000194 0F BF 05 00000FF4               	MOVSX	EAX,WORD [4084]
   169 0000019B 0F AF C2                        	IMUL	EAX,EDX
   170 0000019E 50                              	PUSH	EAX
   171 0000019F 68 003C0000                     	PUSH	3932160
   172 000001A4 E8 [00000000]                   	CALL	_memman_alloc_4k
   173 000001A9 68 00002080                     	PUSH	8320
   174 000001AE 68 003C0000                     	PUSH	3932160
   175 000001B3 89 85 FFFFFDCC                  	MOV	DWORD [-564+EBP],EAX
   176 000001B9 E8 [00000000]                   	CALL	_memman_alloc_4k
   177 000001BE 6A FF                           	PUSH	-1
   178 000001C0 89 C6                           	MOV	ESI,EAX
   179 000001C2 0F BF 05 00000FF6               	MOVSX	EAX,WORD [4086]
   180 000001C9 50                              	PUSH	EAX
   181 000001CA 0F BF 05 00000FF4               	MOVSX	EAX,WORD [4084]
   182 000001D1 50                              	PUSH	EAX
   183 000001D2 FF B5 FFFFFDCC                  	PUSH	DWORD [-564+EBP]
   184 000001D8 FF B5 FFFFFDD8                  	PUSH	DWORD [-552+EBP]
   185 000001DE E8 [00000000]                   	CALL	_sheet_setbuf
   186 000001E3 83 C4 2C                        	ADD	ESP,44
   187 000001E6 6A 63                           	PUSH	99
   188 000001E8 6A 10                           	PUSH	16
   189 000001EA 6A 10                           	PUSH	16
   190 000001EC 53                              	PUSH	EBX
   191 000001ED FF B5 FFFFFDD4                  	PUSH	DWORD [-556+EBP]
   192 000001F3 E8 [00000000]                   	CALL	_sheet_setbuf
   193 000001F8 6A FF                           	PUSH	-1
   194 000001FA 6A 34                           	PUSH	52
   195 000001FC 68 000000A0                     	PUSH	160
   196 00000201 56                              	PUSH	ESI
   197 00000202 FF B5 FFFFFDD0                  	PUSH	DWORD [-560+EBP]
   198 00000208 E8 [00000000]                   	CALL	_sheet_setbuf
   199 0000020D 83 C4 28                        	ADD	ESP,40
   200 00000210 0F BF 05 00000FF6               	MOVSX	EAX,WORD [4086]
   201 00000217 50                              	PUSH	EAX
   202 00000218 0F BF 05 00000FF4               	MOVSX	EAX,WORD [4084]
   203 0000021F 50                              	PUSH	EAX
   204 00000220 FF B5 FFFFFDCC                  	PUSH	DWORD [-564+EBP]
   205 00000226 E8 [00000000]                   	CALL	_init_screen8
   206 0000022B 6A 63                           	PUSH	99
   207 0000022D 53                              	PUSH	EBX
   208 0000022E BB 00000002                     	MOV	EBX,2
   209 00000233 E8 [00000000]                   	CALL	_init_mouse_cursor8
   210 00000238 68 [00000000]                   	PUSH	LC0
   211 0000023D 6A 34                           	PUSH	52
   212 0000023F 68 000000A0                     	PUSH	160
   213 00000244 56                              	PUSH	ESI
   214 00000245 E8 00000414                     	CALL	_make_window8
   215 0000024A 83 C4 24                        	ADD	ESP,36
   216 0000024D 6A 00                           	PUSH	0
   217 0000024F 6A 00                           	PUSH	0
   218 00000251 FF B5 FFFFFDD8                  	PUSH	DWORD [-552+EBP]
   219 00000257 E8 [00000000]                   	CALL	_sheet_slide
   220 0000025C 0F BF 05 00000FF4               	MOVSX	EAX,WORD [4084]
   221 00000263 8D 48 F0                        	LEA	ECX,DWORD [-16+EAX]
   222 00000266 89 C8                           	MOV	EAX,ECX
   223 00000268 99                              	CDQ
   224 00000269 F7 FB                           	IDIV	EBX
   225 0000026B 89 85 FFFFFDE4                  	MOV	DWORD [-540+EBP],EAX
   226 00000271 0F BF 05 00000FF6               	MOVSX	EAX,WORD [4086]
   227 00000278 8D 48 D4                        	LEA	ECX,DWORD [-44+EAX]
   228 0000027B 89 C8                           	MOV	EAX,ECX
   229 0000027D 99                              	CDQ
   230 0000027E F7 FB                           	IDIV	EBX
   231 00000280 50                              	PUSH	EAX
   232 00000281 89 85 FFFFFDE0                  	MOV	DWORD [-544+EBP],EAX
   233 00000287 FF B5 FFFFFDE4                  	PUSH	DWORD [-540+EBP]
   234 0000028D FF B5 FFFFFDD4                  	PUSH	DWORD [-556+EBP]
   235 00000293 8D 5D A4                        	LEA	EBX,DWORD [-92+EBP]
   236 00000296 E8 [00000000]                   	CALL	_sheet_slide
   237 0000029B 6A 48                           	PUSH	72
   238 0000029D 6A 50                           	PUSH	80
   239 0000029F FF B5 FFFFFDD0                  	PUSH	DWORD [-560+EBP]
   240 000002A5 E8 [00000000]                   	CALL	_sheet_slide
   241 000002AA 83 C4 24                        	ADD	ESP,36
   242 000002AD 6A 00                           	PUSH	0
   243 000002AF FF B5 FFFFFDD8                  	PUSH	DWORD [-552+EBP]
   244 000002B5 E8 [00000000]                   	CALL	_sheet_updown
   245 000002BA 6A 01                           	PUSH	1
   246 000002BC FF B5 FFFFFDD0                  	PUSH	DWORD [-560+EBP]
   247 000002C2 E8 [00000000]                   	CALL	_sheet_updown
   248 000002C7 6A 02                           	PUSH	2
   249 000002C9 FF B5 FFFFFDD4                  	PUSH	DWORD [-556+EBP]
   250 000002CF E8 [00000000]                   	CALL	_sheet_updown
   251 000002D4 FF B5 FFFFFDE0                  	PUSH	DWORD [-544+EBP]
   252 000002DA FF B5 FFFFFDE4                  	PUSH	DWORD [-540+EBP]
   253 000002E0 68 [00000008]                   	PUSH	LC1
   254 000002E5 53                              	PUSH	EBX
   255 000002E6 E8 [00000000]                   	CALL	_sprintf
   256 000002EB 83 C4 28                        	ADD	ESP,40
   257 000002EE 6A 0A                           	PUSH	10
   258 000002F0 53                              	PUSH	EBX
   259 000002F1 6A 0E                           	PUSH	14
   260 000002F3 6A 07                           	PUSH	7
   261 000002F5 6A 00                           	PUSH	0
   262 000002F7 6A 00                           	PUSH	0
   263 000002F9 FF B5 FFFFFDD8                  	PUSH	DWORD [-552+EBP]
   264 000002FF E8 000004C6                     	CALL	_putfonts8_asc_sht
   265 00000304 68 003C0000                     	PUSH	3932160
   266 00000309 E8 [00000000]                   	CALL	_memman_total
   267 0000030E C1 E8 0A                        	SHR	EAX,10
   268 00000311 89 04 24                        	MOV	DWORD [ESP],EAX
   269 00000314 57                              	PUSH	EDI
   270 00000315 68 [00000013]                   	PUSH	LC2
   271 0000031A 53                              	PUSH	EBX
   272 0000031B E8 [00000000]                   	CALL	_sprintf
   273 00000320 83 C4 2C                        	ADD	ESP,44
   274 00000323 6A 28                           	PUSH	40
   275 00000325 53                              	PUSH	EBX
   276 00000326 6A 0E                           	PUSH	14
   277 00000328 6A 07                           	PUSH	7
   278 0000032A 6A 20                           	PUSH	32
   279 0000032C 6A 00                           	PUSH	0
   280 0000032E FF B5 FFFFFDD8                  	PUSH	DWORD [-552+EBP]
   281 00000334                                 L27:
   282 00000334 E8 00000491                     	CALL	_putfonts8_asc_sht
   283 00000339                                 L26:
   284 00000339 83 C4 1C                        	ADD	ESP,28
   285 0000033C                                 L2:
   286 0000033C FF 85 FFFFFDDC                  	INC	DWORD [-548+EBP]
   287 00000342 8D 7D A4                        	LEA	EDI,DWORD [-92+EBP]
   288 00000345 FF B5 FFFFFDDC                  	PUSH	DWORD [-548+EBP]
   289 0000034B 68 [0000002D]                   	PUSH	LC3
   290 00000350 8D 75 D4                        	LEA	ESI,DWORD [-44+EBP]
   291 00000353 57                              	PUSH	EDI
   292 00000354 E8 [00000000]                   	CALL	_sprintf
   293 00000359 6A 14                           	PUSH	20
   294 0000035B 57                              	PUSH	EDI
   295 0000035C 6A 0E                           	PUSH	14
   296 0000035E 6A 07                           	PUSH	7
   297 00000360 68 00000096                     	PUSH	150
   298 00000365 6A 00                           	PUSH	0
   299 00000367 FF B5 FFFFFDD8                  	PUSH	DWORD [-552+EBP]
   300 0000036D E8 00000458                     	CALL	_putfonts8_asc_sht
   301 00000372 83 C4 28                        	ADD	ESP,40
   302 00000375 E8 [00000000]                   	CALL	_io_cli
   303 0000037A 68 [00000000]                   	PUSH	_keyfifo
   304 0000037F E8 [00000000]                   	CALL	_fifo8_status
   305 00000384 68 [00000000]                   	PUSH	_mousefifo
   306 00000389 89 C3                           	MOV	EBX,EAX
   307 0000038B E8 [00000000]                   	CALL	_fifo8_status
   308 00000390 56                              	PUSH	ESI
   309 00000391 01 C3                           	ADD	EBX,EAX
   310 00000393 E8 [00000000]                   	CALL	_fifo8_status
   311 00000398 83 C4 0C                        	ADD	ESP,12
   312 0000039B 8D 04 18                        	LEA	EAX,DWORD [EAX+EBX*1]
   313 0000039E 85 C0                           	TEST	EAX,EAX
   314 000003A0 0F 84 000002AE                  	JE	L29
   315 000003A6 68 [00000000]                   	PUSH	_keyfifo
   316 000003AB E8 [00000000]                   	CALL	_fifo8_status
   317 000003B0 5B                              	POP	EBX
   318 000003B1 85 C0                           	TEST	EAX,EAX
   319 000003B3 0F 85 00000260                  	JNE	L30
   320 000003B9 68 [00000000]                   	PUSH	_mousefifo
   321 000003BE E8 [00000000]                   	CALL	_fifo8_status
   322 000003C3 59                              	POP	ECX
   323 000003C4 85 C0                           	TEST	EAX,EAX
   324 000003C6 0F 85 00000109                  	JNE	L31
   325 000003CC 56                              	PUSH	ESI
   326 000003CD E8 [00000000]                   	CALL	_fifo8_status
   327 000003D2 5A                              	POP	EDX
   328 000003D3 85 C0                           	TEST	EAX,EAX
   329 000003D5 0F 84 FFFFFF61                  	JE	L2
   330 000003DB 56                              	PUSH	ESI
   331 000003DC E8 [00000000]                   	CALL	_fifo8_get
   332 000003E1 89 C3                           	MOV	EBX,EAX
   333 000003E3 E8 [00000000]                   	CALL	_io_sti
   334 000003E8 58                              	POP	EAX
   335 000003E9 83 FB 0A                        	CMP	EBX,10
   336 000003EC 0F 84 0000009F                  	JE	L32
   337 000003F2 83 FB 03                        	CMP	EBX,3
   338 000003F5 74 71                           	JE	L33
   339 000003F7 85 DB                           	TEST	EBX,EBX
   340 000003F9 74 53                           	JE	L24
   341 000003FB 6A 00                           	PUSH	0
   342 000003FD 56                              	PUSH	ESI
   343 000003FE FF B5 FFFFFDE8                  	PUSH	DWORD [-536+EBP]
   344 00000404 E8 [00000000]                   	CALL	_timer_init
   345 00000409 6A 6F                           	PUSH	111
   346 0000040B 6A 0F                           	PUSH	15
   347 0000040D 6A 60                           	PUSH	96
   348 0000040F 6A 08                           	PUSH	8
   349 00000411 6A 07                           	PUSH	7
   350 00000413                                 L28:
   351 00000413 0F BF 05 00000FF4               	MOVSX	EAX,WORD [4084]
   352 0000041A 50                              	PUSH	EAX
   353 0000041B FF B5 FFFFFDCC                  	PUSH	DWORD [-564+EBP]
   354 00000421 E8 [00000000]                   	CALL	_boxfill8
   355 00000426 83 C4 28                        	ADD	ESP,40
   356 00000429 6A 32                           	PUSH	50
   357 0000042B FF B5 FFFFFDE8                  	PUSH	DWORD [-536+EBP]
   358 00000431 E8 [00000000]                   	CALL	_timer_settime
   359 00000436 6A 70                           	PUSH	112
   360 00000438 6A 10                           	PUSH	16
   361 0000043A 6A 60                           	PUSH	96
   362 0000043C 6A 08                           	PUSH	8
   363 0000043E FF B5 FFFFFDD8                  	PUSH	DWORD [-552+EBP]
   364 00000444 E8 [00000000]                   	CALL	_sheet_refresh
   365 00000449 E9 FFFFFEEB                     	JMP	L26
   366 0000044E                                 L24:
   367 0000044E 6A 01                           	PUSH	1
   368 00000450 56                              	PUSH	ESI
   369 00000451 FF B5 FFFFFDE8                  	PUSH	DWORD [-536+EBP]
   370 00000457 E8 [00000000]                   	CALL	_timer_init
   371 0000045C 6A 6F                           	PUSH	111
   372 0000045E 6A 0F                           	PUSH	15
   373 00000460 6A 60                           	PUSH	96
   374 00000462 6A 08                           	PUSH	8
   375 00000464 6A 0E                           	PUSH	14
   376 00000466 EB AB                           	JMP	L28
   377 00000468                                 L33:
   378 00000468 6A 06                           	PUSH	6
   379 0000046A 68 [00000039]                   	PUSH	LC8
   380 0000046F 6A 0E                           	PUSH	14
   381 00000471 6A 07                           	PUSH	7
   382 00000473 6A 50                           	PUSH	80
   383 00000475 6A 00                           	PUSH	0
   384 00000477 FF B5 FFFFFDD8                  	PUSH	DWORD [-552+EBP]
   385 0000047D E8 00000348                     	CALL	_putfonts8_asc_sht
   386 00000482 C7 85 FFFFFDDC 00000000         	MOV	DWORD [-548+EBP],0
   387 0000048C E9 FFFFFEA8                     	JMP	L26
   388 00000491                                 L32:
   389 00000491 6A 07                           	PUSH	7
   390 00000493 68 [00000040]                   	PUSH	LC6
   391 00000498 6A 0E                           	PUSH	14
   392 0000049A 6A 07                           	PUSH	7
   393 0000049C 6A 40                           	PUSH	64
   394 0000049E 6A 00                           	PUSH	0
   395 000004A0 FF B5 FFFFFDD8                  	PUSH	DWORD [-552+EBP]
   396 000004A6 E8 0000031F                     	CALL	_putfonts8_asc_sht
   397 000004AB FF B5 FFFFFDDC                  	PUSH	DWORD [-548+EBP]
   398 000004B1 68 [00000048]                   	PUSH	LC7
   399 000004B6 57                              	PUSH	EDI
   400 000004B7 E8 [00000000]                   	CALL	_sprintf
   401 000004BC 83 C4 28                        	ADD	ESP,40
   402 000004BF 6A 0A                           	PUSH	10
   403 000004C1 57                              	PUSH	EDI
   404 000004C2 6A 08                           	PUSH	8
   405 000004C4 6A 00                           	PUSH	0
   406 000004C6 6A 1C                           	PUSH	28
   407 000004C8 6A 28                           	PUSH	40
   408 000004CA FF B5 FFFFFDD0                  	PUSH	DWORD [-560+EBP]
   409 000004D0 E9 FFFFFE5F                     	JMP	L27
   410 000004D5                                 L31:
   411 000004D5 68 [00000000]                   	PUSH	_mousefifo
   412 000004DA E8 [00000000]                   	CALL	_fifo8_get
   413 000004DF 89 C3                           	MOV	EBX,EAX
   414 000004E1 E8 [00000000]                   	CALL	_io_sti
   415 000004E6 0F B6 C3                        	MOVZX	EAX,BL
   416 000004E9 50                              	PUSH	EAX
   417 000004EA 8D 85 FFFFFEF4                  	LEA	EAX,DWORD [-268+EBP]
   418 000004F0 50                              	PUSH	EAX
   419 000004F1 E8 [00000000]                   	CALL	_mouse_decode
   420 000004F6 83 C4 0C                        	ADD	ESP,12
   421 000004F9 85 C0                           	TEST	EAX,EAX
   422 000004FB 0F 84 FFFFFE3B                  	JE	L2
   423 00000501 FF B5 FFFFFEFC                  	PUSH	DWORD [-260+EBP]
   424 00000507 FF B5 FFFFFEF8                  	PUSH	DWORD [-264+EBP]
   425 0000050D 68 [0000004E]                   	PUSH	LC5
   426 00000512 57                              	PUSH	EDI
   427 00000513 E8 [00000000]                   	CALL	_sprintf
   428 00000518 83 C4 10                        	ADD	ESP,16
   429 0000051B 8B 85 FFFFFF00                  	MOV	EAX,DWORD [-256+EBP]
   430 00000521 A9 00000001                     	TEST	EAX,1
   431 00000526 74 04                           	JE	L11
   432 00000528 C6 45 A5 4C                     	MOV	BYTE [-91+EBP],76
   433 0000052C                                 L11:
   434 0000052C A9 00000002                     	TEST	EAX,2
   435 00000531 74 04                           	JE	L12
   436 00000533 C6 45 A7 52                     	MOV	BYTE [-89+EBP],82
   437 00000537                                 L12:
   438 00000537 83 E0 04                        	AND	EAX,4
   439 0000053A 74 04                           	JE	L13
   440 0000053C C6 45 A6 43                     	MOV	BYTE [-90+EBP],67
   441 00000540                                 L13:
   442 00000540 6A 0F                           	PUSH	15
   443 00000542 57                              	PUSH	EDI
   444 00000543 6A 0E                           	PUSH	14
   445 00000545 6A 07                           	PUSH	7
   446 00000547 6A 10                           	PUSH	16
   447 00000549 6A 20                           	PUSH	32
   448 0000054B FF B5 FFFFFDD8                  	PUSH	DWORD [-552+EBP]
   449 00000551 E8 00000274                     	CALL	_putfonts8_asc_sht
   450 00000556 8B 85 FFFFFEF8                  	MOV	EAX,DWORD [-264+EBP]
   451 0000055C 8B 9D FFFFFEFC                  	MOV	EBX,DWORD [-260+EBP]
   452 00000562 83 C4 1C                        	ADD	ESP,28
   453 00000565 01 9D FFFFFDE0                  	ADD	DWORD [-544+EBP],EBX
   454 0000056B 01 85 FFFFFDE4                  	ADD	DWORD [-540+EBP],EAX
   455 00000571 0F 88 00000093                  	JS	L34
   456 00000577                                 L14:
   457 00000577 83 BD FFFFFDE0 00               	CMP	DWORD [-544+EBP],0
   458 0000057E 78 7B                           	JS	L35
   459 00000580                                 L15:
   460 00000580 0F BF 05 00000FF4               	MOVSX	EAX,WORD [4084]
   461 00000587 48                              	DEC	EAX
   462 00000588 39 85 FFFFFDE4                  	CMP	DWORD [-540+EBP],EAX
   463 0000058E 7E 06                           	JLE	L16
   464 00000590 89 85 FFFFFDE4                  	MOV	DWORD [-540+EBP],EAX
   465 00000596                                 L16:
   466 00000596 0F BF 05 00000FF6               	MOVSX	EAX,WORD [4086]
   467 0000059D 48                              	DEC	EAX
   468 0000059E 39 85 FFFFFDE0                  	CMP	DWORD [-544+EBP],EAX
   469 000005A4 7E 06                           	JLE	L17
   470 000005A6 89 85 FFFFFDE0                  	MOV	DWORD [-544+EBP],EAX
   471 000005AC                                 L17:
   472 000005AC FF B5 FFFFFDE0                  	PUSH	DWORD [-544+EBP]
   473 000005B2 FF B5 FFFFFDE4                  	PUSH	DWORD [-540+EBP]
   474 000005B8 68 [00000008]                   	PUSH	LC1
   475 000005BD 57                              	PUSH	EDI
   476 000005BE E8 [00000000]                   	CALL	_sprintf
   477 000005C3 6A 0A                           	PUSH	10
   478 000005C5 57                              	PUSH	EDI
   479 000005C6 6A 0E                           	PUSH	14
   480 000005C8 6A 07                           	PUSH	7
   481 000005CA 6A 00                           	PUSH	0
   482 000005CC 6A 00                           	PUSH	0
   483 000005CE FF B5 FFFFFDD8                  	PUSH	DWORD [-552+EBP]
   484 000005D4 E8 000001F1                     	CALL	_putfonts8_asc_sht
   485 000005D9 83 C4 2C                        	ADD	ESP,44
   486 000005DC FF B5 FFFFFDE0                  	PUSH	DWORD [-544+EBP]
   487 000005E2 FF B5 FFFFFDE4                  	PUSH	DWORD [-540+EBP]
   488 000005E8 FF B5 FFFFFDD4                  	PUSH	DWORD [-556+EBP]
   489 000005EE E8 [00000000]                   	CALL	_sheet_slide
   490 000005F3 83 C4 0C                        	ADD	ESP,12
   491 000005F6 E9 FFFFFD41                     	JMP	L2
   492 000005FB                                 L35:
   493 000005FB C7 85 FFFFFDE0 00000000         	MOV	DWORD [-544+EBP],0
   494 00000605 E9 FFFFFF76                     	JMP	L15
   495 0000060A                                 L34:
   496 0000060A C7 85 FFFFFDE4 00000000         	MOV	DWORD [-540+EBP],0
   497 00000614 E9 FFFFFF5E                     	JMP	L14
   498 00000619                                 L30:
   499 00000619 68 [00000000]                   	PUSH	_keyfifo
   500 0000061E E8 [00000000]                   	CALL	_fifo8_get
   501 00000623 89 C3                           	MOV	EBX,EAX
   502 00000625 E8 [00000000]                   	CALL	_io_sti
   503 0000062A 53                              	PUSH	EBX
   504 0000062B 68 [0000005C]                   	PUSH	LC4
   505 00000630 57                              	PUSH	EDI
   506 00000631 E8 [00000000]                   	CALL	_sprintf
   507 00000636 6A 02                           	PUSH	2
   508 00000638 57                              	PUSH	EDI
   509 00000639 6A 0E                           	PUSH	14
   510 0000063B 6A 07                           	PUSH	7
   511 0000063D 6A 10                           	PUSH	16
   512 0000063F 6A 00                           	PUSH	0
   513 00000641 FF B5 FFFFFDD8                  	PUSH	DWORD [-552+EBP]
   514 00000647 E8 0000017E                     	CALL	_putfonts8_asc_sht
   515 0000064C 83 C4 2C                        	ADD	ESP,44
   516 0000064F E9 FFFFFCE8                     	JMP	L2
   517 00000654                                 L29:
   518 00000654 E8 [00000000]                   	CALL	_io_sti
   519 00000659 E9 FFFFFCDE                     	JMP	L2
   520                                          [SECTION .data]
   521 00000061                                 _closebtn.0:
   522 00000061 4F 4F 4F 4F 4F 4F 4F 4F 4F 4F   	DB	"OOOOOOOOOOOOOOO@"
       0000006B 4F 4F 4F 4F 4F 40 
   523 00000071 4F 51 51 51 51 51 51 51 51 51   	DB	"OQQQQQQQQQQQQQ$@"
       0000007B 51 51 51 51 24 40 
   524 00000081 4F 51 51 51 51 51 51 51 51 51   	DB	"OQQQQQQQQQQQQQ$@"
       0000008B 51 51 51 51 24 40 
   525 00000091 4F 51 51 51 40 40 51 51 51 51   	DB	"OQQQ@@QQQQ@@QQ$@"
       0000009B 40 40 51 51 24 40 
   526 000000A1 4F 51 51 51 51 40 40 51 51 40   	DB	"OQQQQ@@QQ@@QQQ$@"
       000000AB 40 51 51 51 24 40 
   527 000000B1 4F 51 51 51 51 51 40 40 40 40   	DB	"OQQQQQ@@@@QQQQ$@"
       000000BB 51 51 51 51 24 40 
   528 000000C1 4F 51 51 51 51 51 51 40 40 51   	DB	"OQQQQQQ@@QQQQQ$@"
       000000CB 51 51 51 51 24 40 
   529 000000D1 4F 51 51 51 51 51 40 40 40 40   	DB	"OQQQQQ@@@@QQQQ$@"
       000000DB 51 51 51 51 24 40 
   530 000000E1 4F 51 51 51 51 40 40 51 51 40   	DB	"OQQQQ@@QQ@@QQQ$@"
       000000EB 40 51 51 51 24 40 
   531 000000F1 4F 51 51 51 40 40 51 51 51 51   	DB	"OQQQ@@QQQQ@@QQ$@"
       000000FB 40 40 51 51 24 40 
   532 00000101 4F 51 51 51 51 51 51 51 51 51   	DB	"OQQQQQQQQQQQQQ$@"
       0000010B 51 51 51 51 24 40 
   533 00000111 4F 51 51 51 51 51 51 51 51 51   	DB	"OQQQQQQQQQQQQQ$@"
       0000011B 51 51 51 51 24 40 
   534 00000121 4F 24 24 24 24 24 24 24 24 24   	DB	"O$$$$$$$$$$$$$$@"
       0000012B 24 24 24 24 24 40 
   535 00000131 40 40 40 40 40 40 40 40 40 40   	DB	"@@@@@@@@@@@@@@@@"
       0000013B 40 40 40 40 40 40 
   536                                          [SECTION .text]
   537 0000065E                                 	GLOBAL	_make_window8
   538 0000065E                                 _make_window8:
   539 0000065E 55                              	PUSH	EBP
   540 0000065F 89 E5                           	MOV	EBP,ESP
   541 00000661 57                              	PUSH	EDI
   542 00000662 56                              	PUSH	ESI
   543 00000663 53                              	PUSH	EBX
   544 00000664 83 EC 14                        	SUB	ESP,20
   545 00000667 8B 5D 0C                        	MOV	EBX,DWORD [12+EBP]
   546 0000066A 6A 00                           	PUSH	0
   547 0000066C 8D 43 FF                        	LEA	EAX,DWORD [-1+EBX]
   548 0000066F 8D 7B FE                        	LEA	EDI,DWORD [-2+EBX]
   549 00000672 50                              	PUSH	EAX
   550 00000673 89 45 EC                        	MOV	DWORD [-20+EBP],EAX
   551 00000676 6A 00                           	PUSH	0
   552 00000678 6A 00                           	PUSH	0
   553 0000067A 6A 08                           	PUSH	8
   554 0000067C 53                              	PUSH	EBX
   555 0000067D FF 75 08                        	PUSH	DWORD [8+EBP]
   556 00000680 E8 [00000000]                   	CALL	_boxfill8
   557 00000685 6A 01                           	PUSH	1
   558 00000687 57                              	PUSH	EDI
   559 00000688 6A 01                           	PUSH	1
   560 0000068A 6A 01                           	PUSH	1
   561 0000068C 6A 07                           	PUSH	7
   562 0000068E 53                              	PUSH	EBX
   563 0000068F FF 75 08                        	PUSH	DWORD [8+EBP]
   564 00000692 E8 [00000000]                   	CALL	_boxfill8
   565 00000697 8B 55 10                        	MOV	EDX,DWORD [16+EBP]
   566 0000069A 83 C4 38                        	ADD	ESP,56
   567 0000069D 4A                              	DEC	EDX
   568 0000069E 89 55 E8                        	MOV	DWORD [-24+EBP],EDX
   569 000006A1 52                              	PUSH	EDX
   570 000006A2 6A 00                           	PUSH	0
   571 000006A4 6A 00                           	PUSH	0
   572 000006A6 6A 00                           	PUSH	0
   573 000006A8 6A 08                           	PUSH	8
   574 000006AA 53                              	PUSH	EBX
   575 000006AB FF 75 08                        	PUSH	DWORD [8+EBP]
   576 000006AE E8 [00000000]                   	CALL	_boxfill8
   577 000006B3 8B 75 10                        	MOV	ESI,DWORD [16+EBP]
   578 000006B6 83 EE 02                        	SUB	ESI,2
   579 000006B9 56                              	PUSH	ESI
   580 000006BA 6A 01                           	PUSH	1
   581 000006BC 6A 01                           	PUSH	1
   582 000006BE 6A 01                           	PUSH	1
   583 000006C0 6A 07                           	PUSH	7
   584 000006C2 53                              	PUSH	EBX
   585 000006C3 FF 75 08                        	PUSH	DWORD [8+EBP]
   586 000006C6 E8 [00000000]                   	CALL	_boxfill8
   587 000006CB 83 C4 38                        	ADD	ESP,56
   588 000006CE 56                              	PUSH	ESI
   589 000006CF 57                              	PUSH	EDI
   590 000006D0 6A 01                           	PUSH	1
   591 000006D2 57                              	PUSH	EDI
   592 000006D3 6A 0F                           	PUSH	15
   593 000006D5 53                              	PUSH	EBX
   594 000006D6 FF 75 08                        	PUSH	DWORD [8+EBP]
   595 000006D9 E8 [00000000]                   	CALL	_boxfill8
   596 000006DE FF 75 E8                        	PUSH	DWORD [-24+EBP]
   597 000006E1 FF 75 EC                        	PUSH	DWORD [-20+EBP]
   598 000006E4 6A 00                           	PUSH	0
   599 000006E6 FF 75 EC                        	PUSH	DWORD [-20+EBP]
   600 000006E9 6A 00                           	PUSH	0
   601 000006EB 53                              	PUSH	EBX
   602 000006EC FF 75 08                        	PUSH	DWORD [8+EBP]
   603 000006EF E8 [00000000]                   	CALL	_boxfill8
   604 000006F4 8B 45 10                        	MOV	EAX,DWORD [16+EBP]
   605 000006F7 83 C4 38                        	ADD	ESP,56
   606 000006FA 83 E8 03                        	SUB	EAX,3
   607 000006FD 50                              	PUSH	EAX
   608 000006FE 8D 43 FD                        	LEA	EAX,DWORD [-3+EBX]
   609 00000701 50                              	PUSH	EAX
   610 00000702 6A 02                           	PUSH	2
   611 00000704 6A 02                           	PUSH	2
   612 00000706 6A 08                           	PUSH	8
   613 00000708 53                              	PUSH	EBX
   614 00000709 FF 75 08                        	PUSH	DWORD [8+EBP]
   615 0000070C E8 [00000000]                   	CALL	_boxfill8
   616 00000711 8D 43 FC                        	LEA	EAX,DWORD [-4+EBX]
   617 00000714 6A 14                           	PUSH	20
   618 00000716 50                              	PUSH	EAX
   619 00000717 6A 03                           	PUSH	3
   620 00000719 6A 03                           	PUSH	3
   621 0000071B 6A 0C                           	PUSH	12
   622 0000071D 53                              	PUSH	EBX
   623 0000071E FF 75 08                        	PUSH	DWORD [8+EBP]
   624 00000721 E8 [00000000]                   	CALL	_boxfill8
   625 00000726 83 C4 38                        	ADD	ESP,56
   626 00000729 56                              	PUSH	ESI
   627 0000072A 57                              	PUSH	EDI
   628 0000072B 56                              	PUSH	ESI
   629 0000072C 6A 01                           	PUSH	1
   630 0000072E 6A 0F                           	PUSH	15
   631 00000730 53                              	PUSH	EBX
   632 00000731 FF 75 08                        	PUSH	DWORD [8+EBP]
   633 00000734 E8 [00000000]                   	CALL	_boxfill8
   634 00000739 FF 75 E8                        	PUSH	DWORD [-24+EBP]
   635 0000073C FF 75 EC                        	PUSH	DWORD [-20+EBP]
   636 0000073F FF 75 E8                        	PUSH	DWORD [-24+EBP]
   637 00000742 6A 00                           	PUSH	0
   638 00000744 6A 00                           	PUSH	0
   639 00000746 6B F3 05                        	IMUL	ESI,EBX,5
   640 00000749 53                              	PUSH	EBX
   641 0000074A FF 75 08                        	PUSH	DWORD [8+EBP]
   642 0000074D E8 [00000000]                   	CALL	_boxfill8
   643 00000752 83 C4 38                        	ADD	ESP,56
   644 00000755 FF 75 14                        	PUSH	DWORD [20+EBP]
   645 00000758 6A 07                           	PUSH	7
   646 0000075A 6A 04                           	PUSH	4
   647 0000075C 6A 18                           	PUSH	24
   648 0000075E 53                              	PUSH	EBX
   649 0000075F FF 75 08                        	PUSH	DWORD [8+EBP]
   650 00000762 E8 [00000000]                   	CALL	_putfonts8_asc
   651 00000767 83 C4 18                        	ADD	ESP,24
   652 0000076A C7 45 F0 00000000               	MOV	DWORD [-16+EBP],0
   653 00000771 C7 45 E0 00000000               	MOV	DWORD [-32+EBP],0
   654 00000778                                 L52:
   655 00000778 8D 04 1E                        	LEA	EAX,DWORD [ESI+EBX*1]
   656 0000077B 8B 55 08                        	MOV	EDX,DWORD [8+EBP]
   657 0000077E 31 FF                           	XOR	EDI,EDI
   658 00000780 8D 4C 02 EB                     	LEA	ECX,DWORD [-21+EDX+EAX*1]
   659 00000784                                 L51:
   660 00000784 8B 45 E0                        	MOV	EAX,DWORD [-32+EBP]
   661 00000787 8A 94 07 [00000061]             	MOV	DL,BYTE [_closebtn.0+EDI+EAX*1]
   662 0000078E 80 FA 40                        	CMP	DL,64
   663 00000791 74 33                           	JE	L57
   664 00000793 80 FA 24                        	CMP	DL,36
   665 00000796 74 2A                           	JE	L58
   666 00000798 80 FA 51                        	CMP	DL,81
   667 0000079B B2 08                           	MOV	DL,8
   668 0000079D 0F 95 C0                        	SETNE	AL
   669 000007A0 28 C2                           	SUB	DL,AL
   670 000007A2                                 L46:
   671 000007A2 47                              	INC	EDI
   672 000007A3 88 11                           	MOV	BYTE [ECX],DL
   673 000007A5 41                              	INC	ECX
   674 000007A6 83 FF 0F                        	CMP	EDI,15
   675 000007A9 7E D9                           	JLE	L51
   676 000007AB FF 45 F0                        	INC	DWORD [-16+EBP]
   677 000007AE 01 DE                           	ADD	ESI,EBX
   678 000007B0 83 45 E0 10                     	ADD	DWORD [-32+EBP],16
   679 000007B4 83 7D F0 0D                     	CMP	DWORD [-16+EBP],13
   680 000007B8 7E BE                           	JLE	L52
   681 000007BA 8D 65 F4                        	LEA	ESP,DWORD [-12+EBP]
   682 000007BD 5B                              	POP	EBX
   683 000007BE 5E                              	POP	ESI
   684 000007BF 5F                              	POP	EDI
   685 000007C0 5D                              	POP	EBP
   686 000007C1 C3                              	RET
   687 000007C2                                 L58:
   688 000007C2 B2 0F                           	MOV	DL,15
   689 000007C4 EB DC                           	JMP	L46
   690 000007C6                                 L57:
   691 000007C6 31 D2                           	XOR	EDX,EDX
   692 000007C8 EB D8                           	JMP	L46
   693 000007CA                                 	GLOBAL	_putfonts8_asc_sht
   694 000007CA                                 _putfonts8_asc_sht:
   695 000007CA 55                              	PUSH	EBP
   696 000007CB 89 E5                           	MOV	EBP,ESP
   697 000007CD 57                              	PUSH	EDI
   698 000007CE 56                              	PUSH	ESI
   699 000007CF 53                              	PUSH	EBX
   700 000007D0 83 EC 0C                        	SUB	ESP,12
   701 000007D3 8B 45 08                        	MOV	EAX,DWORD [8+EBP]
   702 000007D6 8B 7D 10                        	MOV	EDI,DWORD [16+EBP]
   703 000007D9 89 45 F0                        	MOV	DWORD [-16+EBP],EAX
   704 000007DC 8B 5D 14                        	MOV	EBX,DWORD [20+EBP]
   705 000007DF 8B 45 0C                        	MOV	EAX,DWORD [12+EBP]
   706 000007E2 89 45 EC                        	MOV	DWORD [-20+EBP],EAX
   707 000007E5 8B 45 1C                        	MOV	EAX,DWORD [28+EBP]
   708 000007E8 89 45 E8                        	MOV	DWORD [-24+EBP],EAX
   709 000007EB 8D 47 0F                        	LEA	EAX,DWORD [15+EDI]
   710 000007EE 50                              	PUSH	EAX
   711 000007EF 8B 45 EC                        	MOV	EAX,DWORD [-20+EBP]
   712 000007F2 8B 75 20                        	MOV	ESI,DWORD [32+EBP]
   713 000007F5 0F BE DB                        	MOVSX	EBX,BL
   714 000007F8 8D 34 F0                        	LEA	ESI,DWORD [EAX+ESI*8]
   715 000007FB 8D 46 FF                        	LEA	EAX,DWORD [-1+ESI]
   716 000007FE 50                              	PUSH	EAX
   717 000007FF 57                              	PUSH	EDI
   718 00000800 FF 75 EC                        	PUSH	DWORD [-20+EBP]
   719 00000803 0F B6 45 18                     	MOVZX	EAX,BYTE [24+EBP]
   720 00000807 50                              	PUSH	EAX
   721 00000808 8B 45 F0                        	MOV	EAX,DWORD [-16+EBP]
   722 0000080B FF 70 04                        	PUSH	DWORD [4+EAX]
   723 0000080E FF 30                           	PUSH	DWORD [EAX]
   724 00000810 E8 [00000000]                   	CALL	_boxfill8
   725 00000815 FF 75 E8                        	PUSH	DWORD [-24+EBP]
   726 00000818 53                              	PUSH	EBX
   727 00000819 57                              	PUSH	EDI
   728 0000081A FF 75 EC                        	PUSH	DWORD [-20+EBP]
   729 0000081D 8B 45 F0                        	MOV	EAX,DWORD [-16+EBP]
   730 00000820 FF 70 04                        	PUSH	DWORD [4+EAX]
   731 00000823 FF 30                           	PUSH	DWORD [EAX]
   732 00000825 E8 [00000000]                   	CALL	_putfonts8_asc
   733 0000082A 89 7D 10                        	MOV	DWORD [16+EBP],EDI
   734 0000082D 8D 47 10                        	LEA	EAX,DWORD [16+EDI]
   735 00000830 89 75 14                        	MOV	DWORD [20+EBP],ESI
   736 00000833 89 45 18                        	MOV	DWORD [24+EBP],EAX
   737 00000836 83 C4 34                        	ADD	ESP,52
   738 00000839 8B 45 EC                        	MOV	EAX,DWORD [-20+EBP]
   739 0000083C 89 45 0C                        	MOV	DWORD [12+EBP],EAX
   740 0000083F 8B 45 F0                        	MOV	EAX,DWORD [-16+EBP]
   741 00000842 89 45 08                        	MOV	DWORD [8+EBP],EAX
   742 00000845 8D 65 F4                        	LEA	ESP,DWORD [-12+EBP]
   743 00000848 5B                              	POP	EBX
   744 00000849 5E                              	POP	ESI
   745 0000084A 5F                              	POP	EDI
   746 0000084B 5D                              	POP	EBP
   747 0000084C E9 [00000000]                   	JMP	_sheet_refresh
