     1 00000000                                 [FORMAT "WCOFF"]
     2 00000000                                 [INSTRSET "i486p"]
     3 00000000                                 [OPTIMIZE 1]
     4 00000000                                 [OPTION 1]
     5 00000000                                 [BITS 32]
     6 00000000                                 	EXTERN	_init_gdtidt
     7 00000000                                 	EXTERN	_init_pic
     8 00000000                                 	EXTERN	_io_sti
     9 00000000                                 	EXTERN	_fifo32_init
    10 00000000                                 	EXTERN	_init_pit
    11 00000000                                 	EXTERN	_init_keyboard
    12 00000000                                 	EXTERN	_enable_mouse
    13 00000000                                 	EXTERN	_io_out8
    14 00000000                                 	EXTERN	_timer_alloc
    15 00000000                                 	EXTERN	_timer_init
    16 00000000                                 	EXTERN	_timer_settime
    17 00000000                                 	EXTERN	_memtest
    18 00000000                                 	EXTERN	_memman_init
    19 00000000                                 	EXTERN	_memman_free
    20 00000000                                 	EXTERN	_init_palette
    21 00000000                                 	EXTERN	_shtctl_init
    22 00000000                                 	EXTERN	_sheet_alloc
    23 00000000                                 	EXTERN	_memman_alloc_4k
    24 00000000                                 	EXTERN	_sheet_setbuf
    25 00000000                                 	EXTERN	_init_screen8
    26 00000000                                 	EXTERN	_init_mouse_cursor8
    27 00000000                                 	EXTERN	_sheet_slide
    28 00000000                                 	EXTERN	_sheet_updown
    29 00000000                                 	EXTERN	_sprintf
    30 00000000                                 	EXTERN	_memman_total
    31 00000000                                 	EXTERN	_set_segmdesc
    32 00000000                                 	EXTERN	_load_tr
    33 00000000                                 	EXTERN	_io_cli
    34 00000000                                 	EXTERN	_fifo32_status
    35 00000000                                 	EXTERN	_fifo32_get
    36 00000000                                 	EXTERN	_boxfill8
    37 00000000                                 	EXTERN	_sheet_refresh
    38 00000000                                 	EXTERN	_taskswitch4
    39 00000000                                 	EXTERN	_mouse_decode
    40 00000000                                 	EXTERN	_keytable.0
    41 00000000                                 	EXTERN	_io_stihlt
    42 00000000                                 	EXTERN	_putfonts8_asc
    43 00000000                                 	EXTERN	_io_hlt
    44 00000000                                 [FILE "bootpack.c"]
    45                                          [SECTION .data]
    46 00000000                                 _keytable.0:
    47 00000000 00                              	DB	0
    48 00000001 00                              	DB	0
    49 00000002 31                              	DB	49
    50 00000003 32                              	DB	50
    51 00000004 33                              	DB	51
    52 00000005 34                              	DB	52
    53 00000006 35                              	DB	53
    54 00000007 36                              	DB	54
    55 00000008 37                              	DB	55
    56 00000009 38                              	DB	56
    57 0000000A 39                              	DB	57
    58 0000000B 30                              	DB	48
    59 0000000C 2D                              	DB	45
    60 0000000D 5E                              	DB	94
    61 0000000E 00                              	DB	0
    62 0000000F 00                              	DB	0
    63 00000010 51                              	DB	81
    64 00000011 57                              	DB	87
    65 00000012 45                              	DB	69
    66 00000013 52                              	DB	82
    67 00000014 54                              	DB	84
    68 00000015 59                              	DB	89
    69 00000016 55                              	DB	85
    70 00000017 49                              	DB	73
    71 00000018 4F                              	DB	79
    72 00000019 50                              	DB	80
    73 0000001A 40                              	DB	64
    74 0000001B 5B                              	DB	91
    75 0000001C 00                              	DB	0
    76 0000001D 00                              	DB	0
    77 0000001E 41                              	DB	65
    78 0000001F 53                              	DB	83
    79 00000020 44                              	DB	68
    80 00000021 46                              	DB	70
    81 00000022 47                              	DB	71
    82 00000023 48                              	DB	72
    83 00000024 4A                              	DB	74
    84 00000025 4B                              	DB	75
    85 00000026 4C                              	DB	76
    86 00000027 3B                              	DB	59
    87 00000028 3A                              	DB	58
    88 00000029 00                              	DB	0
    89 0000002A 00                              	DB	0
    90 0000002B 5D                              	DB	93
    91 0000002C 5A                              	DB	90
    92 0000002D 58                              	DB	88
    93 0000002E 43                              	DB	67
    94 0000002F 56                              	DB	86
    95 00000030 42                              	DB	66
    96 00000031 4E                              	DB	78
    97 00000032 4D                              	DB	77
    98 00000033 2C                              	DB	44
    99 00000034 2E                              	DB	46
   100 00000035 2F                              	DB	47
   101 00000036 00                              	DB	0
   102 00000037 2A                              	DB	42
   103 00000038 00                              	DB	0
   104 00000039 20                              	DB	32
   105 0000003A 00                              	DB	0
   106 0000003B 00                              	DB	0
   107 0000003C 00                              	DB	0
   108 0000003D 00                              	DB	0
   109 0000003E 00                              	DB	0
   110 0000003F 00                              	DB	0
   111 00000040 00                              	DB	0
   112 00000041 00                              	DB	0
   113 00000042 00                              	DB	0
   114 00000043 00                              	DB	0
   115 00000044 00                              	DB	0
   116 00000045 00                              	DB	0
   117 00000046 00                              	DB	0
   118 00000047 37                              	DB	55
   119 00000048 38                              	DB	56
   120 00000049 39                              	DB	57
   121 0000004A 2D                              	DB	45
   122 0000004B 34                              	DB	52
   123 0000004C 35                              	DB	53
   124 0000004D 36                              	DB	54
   125 0000004E 2B                              	DB	43
   126 0000004F 31                              	DB	49
   127 00000050 32                              	DB	50
   128 00000051 33                              	DB	51
   129 00000052 30                              	DB	48
   130 00000053 2E                              	DB	46
   131 00000054                                 LC0:
   132 00000054 77 69 6E 64 6F 77 00            	DB	"window",0x00
   133 0000005B                                 LC1:
   134 0000005B 28 25 33 64 2C 20 25 33 64 29   	DB	"(%3d, %3d)",0x00
       00000065 00 
   135 00000066                                 LC2:
   136 00000066 6D 65 6D 6F 72 79 20 25 64 4D   	DB	"memory %dMB   free : %dKB",0x00
       00000070 42 20 20 20 66 72 65 65 20 3A 
       0000007A 20 25 64 4B 42 00 
   137 00000080                                 LC7:
   138 00000080 33 5B 73 65 63 5D 00            	DB	"3[sec]",0x00
   139 00000087                                 LC6:
   140 00000087 31 30 5B 73 65 63 5D 00         	DB	"10[sec]",0x00
   141 0000008F                                 LC5:
   142 0000008F 5B 6C 63 72 20 25 34 64 20 25   	DB	"[lcr %4d %4d]",0x00
       00000099 34 64 5D 00 
   143 0000009D                                 LC3:
   144 0000009D 25 30 32 58 00                  	DB	"%02X",0x00
   145 000000A2                                 LC4:
   146 000000A2 20 00                           	DB	" ",0x00
   147                                          [SECTION .text]
   148 00000000                                 	GLOBAL	_HariMain
   149 00000000                                 _HariMain:
   150 00000000 55                              	PUSH	EBP
   151 00000001 89 E5                           	MOV	EBP,ESP
   152 00000003 57                              	PUSH	EDI
   153 00000004 56                              	PUSH	ESI
   154 00000005 53                              	PUSH	EBX
   155 00000006 8D 75 D4                        	LEA	ESI,DWORD [-44+EBP]
   156 00000009 81 EC 00000468                  	SUB	ESP,1128
   157 0000000F E8 [00000000]                   	CALL	_init_gdtidt
   158 00000014 E8 [00000000]                   	CALL	_init_pic
   159 00000019 E8 [00000000]                   	CALL	_io_sti
   160 0000001E 8D 85 FFFFFDA4                  	LEA	EAX,DWORD [-604+EBP]
   161 00000024 50                              	PUSH	EAX
   162 00000025 68 00000080                     	PUSH	128
   163 0000002A 56                              	PUSH	ESI
   164 0000002B E8 [00000000]                   	CALL	_fifo32_init
   165 00000030 E8 [00000000]                   	CALL	_init_pit
   166 00000035 68 00000100                     	PUSH	256
   167 0000003A 56                              	PUSH	ESI
   168 0000003B E8 [00000000]                   	CALL	_init_keyboard
   169 00000040 8D 85 FFFFFD94                  	LEA	EAX,DWORD [-620+EBP]
   170 00000046 50                              	PUSH	EAX
   171 00000047 68 00000200                     	PUSH	512
   172 0000004C 56                              	PUSH	ESI
   173 0000004D E8 [00000000]                   	CALL	_enable_mouse
   174 00000052 83 C4 20                        	ADD	ESP,32
   175 00000055 68 000000F8                     	PUSH	248
   176 0000005A 6A 21                           	PUSH	33
   177 0000005C E8 [00000000]                   	CALL	_io_out8
   178 00000061 68 000000EF                     	PUSH	239
   179 00000066 68 000000A1                     	PUSH	161
   180 0000006B E8 [00000000]                   	CALL	_io_out8
   181 00000070 E8 [00000000]                   	CALL	_timer_alloc
   182 00000075 6A 0A                           	PUSH	10
   183 00000077 56                              	PUSH	ESI
   184 00000078 89 C3                           	MOV	EBX,EAX
   185 0000007A 50                              	PUSH	EAX
   186 0000007B E8 [00000000]                   	CALL	_timer_init
   187 00000080 68 000003E8                     	PUSH	1000
   188 00000085 53                              	PUSH	EBX
   189 00000086 E8 [00000000]                   	CALL	_timer_settime
   190 0000008B 83 C4 24                        	ADD	ESP,36
   191 0000008E E8 [00000000]                   	CALL	_timer_alloc
   192 00000093 6A 03                           	PUSH	3
   193 00000095 89 C3                           	MOV	EBX,EAX
   194 00000097 56                              	PUSH	ESI
   195 00000098 50                              	PUSH	EAX
   196 00000099 E8 [00000000]                   	CALL	_timer_init
   197 0000009E 68 0000012C                     	PUSH	300
   198 000000A3 53                              	PUSH	EBX
   199 000000A4 E8 [00000000]                   	CALL	_timer_settime
   200 000000A9 E8 [00000000]                   	CALL	_timer_alloc
   201 000000AE 6A 01                           	PUSH	1
   202 000000B0 56                              	PUSH	ESI
   203 000000B1 50                              	PUSH	EAX
   204 000000B2 89 85 FFFFFBB0                  	MOV	DWORD [-1104+EBP],EAX
   205 000000B8 E8 [00000000]                   	CALL	_timer_init
   206 000000BD 83 C4 20                        	ADD	ESP,32
   207 000000C0 6A 32                           	PUSH	50
   208 000000C2 FF B5 FFFFFBB0                  	PUSH	DWORD [-1104+EBP]
   209 000000C8 E8 [00000000]                   	CALL	_timer_settime
   210 000000CD 68 BFFFFFFF                     	PUSH	-1073741825
   211 000000D2 68 00400000                     	PUSH	4194304
   212 000000D7 E8 [00000000]                   	CALL	_memtest
   213 000000DC 68 003C0000                     	PUSH	3932160
   214 000000E1 89 85 FFFFFBA0                  	MOV	DWORD [-1120+EBP],EAX
   215 000000E7 E8 [00000000]                   	CALL	_memman_init
   216 000000EC 68 0009E000                     	PUSH	647168
   217 000000F1 68 00001000                     	PUSH	4096
   218 000000F6 68 003C0000                     	PUSH	3932160
   219 000000FB E8 [00000000]                   	CALL	_memman_free
   220 00000100 8B 85 FFFFFBA0                  	MOV	EAX,DWORD [-1120+EBP]
   221 00000106 83 C4 20                        	ADD	ESP,32
   222 00000109 2D 00400000                     	SUB	EAX,4194304
   223 0000010E 50                              	PUSH	EAX
   224 0000010F 68 00400000                     	PUSH	4194304
   225 00000114 68 003C0000                     	PUSH	3932160
   226 00000119 E8 [00000000]                   	CALL	_memman_free
   227 0000011E E8 [00000000]                   	CALL	_init_palette
   228 00000123 0F BF 05 00000FF6               	MOVSX	EAX,WORD [4086]
   229 0000012A 50                              	PUSH	EAX
   230 0000012B 0F BF 05 00000FF4               	MOVSX	EAX,WORD [4084]
   231 00000132 50                              	PUSH	EAX
   232 00000133 FF 35 00000FF8                  	PUSH	DWORD [4088]
   233 00000139 68 003C0000                     	PUSH	3932160
   234 0000013E E8 [00000000]                   	CALL	_shtctl_init
   235 00000143 89 C3                           	MOV	EBX,EAX
   236 00000145 50                              	PUSH	EAX
   237 00000146 E8 [00000000]                   	CALL	_sheet_alloc
   238 0000014B 83 C4 20                        	ADD	ESP,32
   239 0000014E 53                              	PUSH	EBX
   240 0000014F 89 85 FFFFFB9C                  	MOV	DWORD [-1124+EBP],EAX
   241 00000155 E8 [00000000]                   	CALL	_sheet_alloc
   242 0000015A 53                              	PUSH	EBX
   243 0000015B 8D 9D FFFFFC94                  	LEA	EBX,DWORD [-876+EBP]
   244 00000161 89 85 FFFFFB98                  	MOV	DWORD [-1128+EBP],EAX
   245 00000167 E8 [00000000]                   	CALL	_sheet_alloc
   246 0000016C 0F BF 15 00000FF6               	MOVSX	EDX,WORD [4086]
   247 00000173 89 85 FFFFFB94                  	MOV	DWORD [-1132+EBP],EAX
   248 00000179 0F BF 05 00000FF4               	MOVSX	EAX,WORD [4084]
   249 00000180 0F AF C2                        	IMUL	EAX,EDX
   250 00000183 50                              	PUSH	EAX
   251 00000184 68 003C0000                     	PUSH	3932160
   252 00000189 E8 [00000000]                   	CALL	_memman_alloc_4k
   253 0000018E 68 00002080                     	PUSH	8320
   254 00000193 68 003C0000                     	PUSH	3932160
   255 00000198 89 C6                           	MOV	ESI,EAX
   256 0000019A E8 [00000000]                   	CALL	_memman_alloc_4k
   257 0000019F 6A FF                           	PUSH	-1
   258 000001A1 89 C7                           	MOV	EDI,EAX
   259 000001A3 0F BF 05 00000FF6               	MOVSX	EAX,WORD [4086]
   260 000001AA 50                              	PUSH	EAX
   261 000001AB 0F BF 05 00000FF4               	MOVSX	EAX,WORD [4084]
   262 000001B2 50                              	PUSH	EAX
   263 000001B3 56                              	PUSH	ESI
   264 000001B4 FF B5 FFFFFB9C                  	PUSH	DWORD [-1124+EBP]
   265 000001BA E8 [00000000]                   	CALL	_sheet_setbuf
   266 000001BF 83 C4 2C                        	ADD	ESP,44
   267 000001C2 6A 63                           	PUSH	99
   268 000001C4 6A 10                           	PUSH	16
   269 000001C6 6A 10                           	PUSH	16
   270 000001C8 53                              	PUSH	EBX
   271 000001C9 FF B5 FFFFFB98                  	PUSH	DWORD [-1128+EBP]
   272 000001CF E8 [00000000]                   	CALL	_sheet_setbuf
   273 000001D4 6A FF                           	PUSH	-1
   274 000001D6 6A 34                           	PUSH	52
   275 000001D8 68 000000A0                     	PUSH	160
   276 000001DD 57                              	PUSH	EDI
   277 000001DE FF B5 FFFFFB94                  	PUSH	DWORD [-1132+EBP]
   278 000001E4 E8 [00000000]                   	CALL	_sheet_setbuf
   279 000001E9 83 C4 28                        	ADD	ESP,40
   280 000001EC 0F BF 05 00000FF6               	MOVSX	EAX,WORD [4086]
   281 000001F3 50                              	PUSH	EAX
   282 000001F4 0F BF 05 00000FF4               	MOVSX	EAX,WORD [4084]
   283 000001FB 50                              	PUSH	EAX
   284 000001FC 56                              	PUSH	ESI
   285 000001FD E8 [00000000]                   	CALL	_init_screen8
   286 00000202 6A 63                           	PUSH	99
   287 00000204 53                              	PUSH	EBX
   288 00000205 BB 00000002                     	MOV	EBX,2
   289 0000020A E8 [00000000]                   	CALL	_init_mouse_cursor8
   290 0000020F 68 [00000054]                   	PUSH	LC0
   291 00000214 6A 34                           	PUSH	52
   292 00000216 68 000000A0                     	PUSH	160
   293 0000021B 57                              	PUSH	EDI
   294 0000021C E8 000005B9                     	CALL	_make_window8
   295 00000221 83 C4 24                        	ADD	ESP,36
   296 00000224 6A 07                           	PUSH	7
   297 00000226 6A 10                           	PUSH	16
   298 00000228 68 00000090                     	PUSH	144
   299 0000022D 6A 1C                           	PUSH	28
   300 0000022F 6A 08                           	PUSH	8
   301 00000231 FF B5 FFFFFB94                  	PUSH	DWORD [-1132+EBP]
   302 00000237 E8 00000791                     	CALL	_make_textbox8
   303 0000023C 6A 00                           	PUSH	0
   304 0000023E 6A 00                           	PUSH	0
   305 00000240 FF B5 FFFFFB9C                  	PUSH	DWORD [-1124+EBP]
   306 00000246 C7 85 FFFFFBA8 00000008         	MOV	DWORD [-1112+EBP],8
   307 00000250 C7 85 FFFFFBA4 00000007         	MOV	DWORD [-1116+EBP],7
   308 0000025A E8 [00000000]                   	CALL	_sheet_slide
   309 0000025F 83 C4 24                        	ADD	ESP,36
   310 00000262 0F BF 05 00000FF4               	MOVSX	EAX,WORD [4084]
   311 00000269 8D 48 F0                        	LEA	ECX,DWORD [-16+EAX]
   312 0000026C 89 C8                           	MOV	EAX,ECX
   313 0000026E 99                              	CDQ
   314 0000026F F7 FB                           	IDIV	EBX
   315 00000271 89 85 FFFFFBAC                  	MOV	DWORD [-1108+EBP],EAX
   316 00000277 0F BF 05 00000FF6               	MOVSX	EAX,WORD [4086]
   317 0000027E 8D 48 D4                        	LEA	ECX,DWORD [-44+EAX]
   318 00000281 89 C8                           	MOV	EAX,ECX
   319 00000283 99                              	CDQ
   320 00000284 F7 FB                           	IDIV	EBX
   321 00000286 50                              	PUSH	EAX
   322 00000287 89 C7                           	MOV	EDI,EAX
   323 00000289 FF B5 FFFFFBAC                  	PUSH	DWORD [-1108+EBP]
   324 0000028F FF B5 FFFFFB98                  	PUSH	DWORD [-1128+EBP]
   325 00000295 8D 5D A4                        	LEA	EBX,DWORD [-92+EBP]
   326 00000298 E8 [00000000]                   	CALL	_sheet_slide
   327 0000029D 6A 48                           	PUSH	72
   328 0000029F 6A 50                           	PUSH	80
   329 000002A1 FF B5 FFFFFB94                  	PUSH	DWORD [-1132+EBP]
   330 000002A7 E8 [00000000]                   	CALL	_sheet_slide
   331 000002AC 6A 00                           	PUSH	0
   332 000002AE FF B5 FFFFFB9C                  	PUSH	DWORD [-1124+EBP]
   333 000002B4 E8 [00000000]                   	CALL	_sheet_updown
   334 000002B9 83 C4 20                        	ADD	ESP,32
   335 000002BC 6A 01                           	PUSH	1
   336 000002BE FF B5 FFFFFB94                  	PUSH	DWORD [-1132+EBP]
   337 000002C4 E8 [00000000]                   	CALL	_sheet_updown
   338 000002C9 6A 02                           	PUSH	2
   339 000002CB FF B5 FFFFFB98                  	PUSH	DWORD [-1128+EBP]
   340 000002D1 E8 [00000000]                   	CALL	_sheet_updown
   341 000002D6 57                              	PUSH	EDI
   342 000002D7 FF B5 FFFFFBAC                  	PUSH	DWORD [-1108+EBP]
   343 000002DD 68 [0000005B]                   	PUSH	LC1
   344 000002E2 53                              	PUSH	EBX
   345 000002E3 E8 [00000000]                   	CALL	_sprintf
   346 000002E8 83 C4 20                        	ADD	ESP,32
   347 000002EB 6A 0A                           	PUSH	10
   348 000002ED 53                              	PUSH	EBX
   349 000002EE 6A 0E                           	PUSH	14
   350 000002F0 6A 07                           	PUSH	7
   351 000002F2 6A 00                           	PUSH	0
   352 000002F4 6A 00                           	PUSH	0
   353 000002F6 FF B5 FFFFFB9C                  	PUSH	DWORD [-1124+EBP]
   354 000002FC E8 00000645                     	CALL	_putfonts8_asc_sht
   355 00000301 68 003C0000                     	PUSH	3932160
   356 00000306 E8 [00000000]                   	CALL	_memman_total
   357 0000030B C1 AD FFFFFBA0 14               	SHR	DWORD [-1120+EBP],20
   358 00000312 C1 E8 0A                        	SHR	EAX,10
   359 00000315 89 04 24                        	MOV	DWORD [ESP],EAX
   360 00000318 FF B5 FFFFFBA0                  	PUSH	DWORD [-1120+EBP]
   361 0000031E 68 [00000066]                   	PUSH	LC2
   362 00000323 53                              	PUSH	EBX
   363 00000324 E8 [00000000]                   	CALL	_sprintf
   364 00000329 83 C4 2C                        	ADD	ESP,44
   365 0000032C 6A 28                           	PUSH	40
   366 0000032E 53                              	PUSH	EBX
   367 0000032F 6A 0E                           	PUSH	14
   368 00000331 6A 07                           	PUSH	7
   369 00000333 6A 20                           	PUSH	32
   370 00000335 6A 00                           	PUSH	0
   371 00000337 FF B5 FFFFFB9C                  	PUSH	DWORD [-1124+EBP]
   372 0000033D E8 00000604                     	CALL	_putfonts8_asc_sht
   373 00000342 8D 85 FFFFFC24                  	LEA	EAX,DWORD [-988+EBP]
   374 00000348 68 00000089                     	PUSH	137
   375 0000034D 50                              	PUSH	EAX
   376 0000034E 6A 67                           	PUSH	103
   377 00000350 68 00270018                     	PUSH	2555928
   378 00000355 C7 85 FFFFFC84 00000000         	MOV	DWORD [-892+EBP],0
   379 0000035F C7 85 FFFFFC88 40000000         	MOV	DWORD [-888+EBP],1073741824
   380 00000369 C7 85 FFFFFC14 00000000         	MOV	DWORD [-1004+EBP],0
   381 00000373 C7 85 FFFFFC18 40000000         	MOV	DWORD [-1000+EBP],1073741824
   382 0000037D E8 [00000000]                   	CALL	_set_segmdesc
   383 00000382 8D 85 FFFFFBB4                  	LEA	EAX,DWORD [-1100+EBP]
   384 00000388 83 C4 2C                        	ADD	ESP,44
   385 0000038B 68 00000089                     	PUSH	137
   386 00000390 50                              	PUSH	EAX
   387 00000391 6A 67                           	PUSH	103
   388 00000393 68 00270020                     	PUSH	2555936
   389 00000398 E8 [00000000]                   	CALL	_set_segmdesc
   390 0000039D 6A 18                           	PUSH	24
   391 0000039F E8 [00000000]                   	CALL	_load_tr
   392 000003A4 68 00010000                     	PUSH	65536
   393 000003A9 68 003C0000                     	PUSH	3932160
   394 000003AE E8 [00000000]                   	CALL	_memman_alloc_4k
   395 000003B3 05 00010000                     	ADD	EAX,65536
   396 000003B8 C7 85 FFFFFBD4 [00000B03]       	MOV	DWORD [-1068+EBP],_task_b_main
   397 000003C2 C7 85 FFFFFBD8 00000202         	MOV	DWORD [-1064+EBP],514
   398 000003CC C7 85 FFFFFBDC 00000000         	MOV	DWORD [-1060+EBP],0
   399 000003D6 C7 85 FFFFFBE0 00000000         	MOV	DWORD [-1056+EBP],0
   400 000003E0 C7 85 FFFFFBE4 00000000         	MOV	DWORD [-1052+EBP],0
   401 000003EA C7 85 FFFFFBE8 00000000         	MOV	DWORD [-1048+EBP],0
   402 000003F4 89 85 FFFFFBEC                  	MOV	DWORD [-1044+EBP],EAX
   403 000003FA C7 85 FFFFFBF0 00000000         	MOV	DWORD [-1040+EBP],0
   404 00000404 C7 85 FFFFFBF4 00000000         	MOV	DWORD [-1036+EBP],0
   405 0000040E C7 85 FFFFFBF8 00000000         	MOV	DWORD [-1032+EBP],0
   406 00000418 C7 85 FFFFFBFC 00000008         	MOV	DWORD [-1028+EBP],8
   407 00000422 C7 85 FFFFFC00 00000010         	MOV	DWORD [-1024+EBP],16
   408 0000042C C7 85 FFFFFC04 00000008         	MOV	DWORD [-1020+EBP],8
   409 00000436 C7 85 FFFFFC08 00000008         	MOV	DWORD [-1016+EBP],8
   410 00000440 C7 85 FFFFFC0C 00000008         	MOV	DWORD [-1012+EBP],8
   411 0000044A C7 85 FFFFFC10 00000008         	MOV	DWORD [-1008+EBP],8
   412 00000454                                 L30:
   413 00000454 83 C4 1C                        	ADD	ESP,28
   414 00000457                                 L2:
   415 00000457 8D 75 D4                        	LEA	ESI,DWORD [-44+EBP]
   416 0000045A E8 [00000000]                   	CALL	_io_cli
   417 0000045F 56                              	PUSH	ESI
   418 00000460 E8 [00000000]                   	CALL	_fifo32_status
   419 00000465 59                              	POP	ECX
   420 00000466 85 C0                           	TEST	EAX,EAX
   421 00000468 0F 84 00000362                  	JE	L32
   422 0000046E 56                              	PUSH	ESI
   423 0000046F E8 [00000000]                   	CALL	_fifo32_get
   424 00000474 89 C3                           	MOV	EBX,EAX
   425 00000476 E8 [00000000]                   	CALL	_io_sti
   426 0000047B 5A                              	POP	EDX
   427 0000047C 8D 83 FFFFFF00                  	LEA	EAX,DWORD [-256+EBX]
   428 00000482 3D 000000FF                     	CMP	EAX,255
   429 00000487 0F 86 00000248                  	JBE	L33
   430 0000048D 8D 83 FFFFFE00                  	LEA	EAX,DWORD [-512+EBX]
   431 00000493 3D 000000FF                     	CMP	EAX,255
   432 00000498 0F 86 000000F7                  	JBE	L34
   433 0000049E 83 FB 0A                        	CMP	EBX,10
   434 000004A1 0F 84 000000CA                  	JE	L35
   435 000004A7 83 FB 03                        	CMP	EBX,3
   436 000004AA 0F 84 000000A2                  	JE	L36
   437 000004B0 83 FB 01                        	CMP	EBX,1
   438 000004B3 7F A2                           	JG	L2
   439 000004B5 85 DB                           	TEST	EBX,EBX
   440 000004B7 74 7C                           	JE	L28
   441 000004B9 6A 00                           	PUSH	0
   442 000004BB 56                              	PUSH	ESI
   443 000004BC FF B5 FFFFFBB0                  	PUSH	DWORD [-1104+EBP]
   444 000004C2 E8 [00000000]                   	CALL	_timer_init
   445 000004C7 C7 85 FFFFFBA4 00000000         	MOV	DWORD [-1116+EBP],0
   446 000004D1                                 L31:
   447 000004D1 83 C4 0C                        	ADD	ESP,12
   448 000004D4 6A 32                           	PUSH	50
   449 000004D6 FF B5 FFFFFBB0                  	PUSH	DWORD [-1104+EBP]
   450 000004DC E8 [00000000]                   	CALL	_timer_settime
   451 000004E1 8B 95 FFFFFB94                  	MOV	EDX,DWORD [-1132+EBP]
   452 000004E7 8B 85 FFFFFBA8                  	MOV	EAX,DWORD [-1112+EBP]
   453 000004ED 6A 2B                           	PUSH	43
   454 000004EF 83 C0 07                        	ADD	EAX,7
   455 000004F2 50                              	PUSH	EAX
   456 000004F3 6A 1C                           	PUSH	28
   457 000004F5 FF B5 FFFFFBA8                  	PUSH	DWORD [-1112+EBP]
   458 000004FB FF B5 FFFFFBA4                  	PUSH	DWORD [-1116+EBP]
   459 00000501 FF 72 04                        	PUSH	DWORD [4+EDX]
   460 00000504 FF 32                           	PUSH	DWORD [EDX]
   461 00000506 E8 [00000000]                   	CALL	_boxfill8
   462 0000050B 8B 85 FFFFFBA8                  	MOV	EAX,DWORD [-1112+EBP]
   463 00000511 83 C4 24                        	ADD	ESP,36
   464 00000514 83 C0 08                        	ADD	EAX,8
   465 00000517 6A 2C                           	PUSH	44
   466 00000519 50                              	PUSH	EAX
   467 0000051A 6A 1C                           	PUSH	28
   468 0000051C FF B5 FFFFFBA8                  	PUSH	DWORD [-1112+EBP]
   469 00000522 FF B5 FFFFFB94                  	PUSH	DWORD [-1132+EBP]
   470 00000528 E8 [00000000]                   	CALL	_sheet_refresh
   471 0000052D 83 C4 14                        	ADD	ESP,20
   472 00000530 E9 FFFFFF22                     	JMP	L2
   473 00000535                                 L28:
   474 00000535 6A 01                           	PUSH	1
   475 00000537 56                              	PUSH	ESI
   476 00000538 FF B5 FFFFFBB0                  	PUSH	DWORD [-1104+EBP]
   477 0000053E E8 [00000000]                   	CALL	_timer_init
   478 00000543 C7 85 FFFFFBA4 00000007         	MOV	DWORD [-1116+EBP],7
   479 0000054D E9 FFFFFF7F                     	JMP	L31
   480 00000552                                 L36:
   481 00000552 6A 06                           	PUSH	6
   482 00000554 68 [00000080]                   	PUSH	LC7
   483 00000559 6A 0E                           	PUSH	14
   484 0000055B 6A 07                           	PUSH	7
   485 0000055D 6A 50                           	PUSH	80
   486 0000055F 6A 00                           	PUSH	0
   487 00000561 FF B5 FFFFFB9C                  	PUSH	DWORD [-1124+EBP]
   488 00000567 E8 000003DA                     	CALL	_putfonts8_asc_sht
   489 0000056C E9 FFFFFEE3                     	JMP	L30
   490 00000571                                 L35:
   491 00000571 6A 07                           	PUSH	7
   492 00000573 68 [00000087]                   	PUSH	LC6
   493 00000578 6A 0E                           	PUSH	14
   494 0000057A 6A 07                           	PUSH	7
   495 0000057C 6A 40                           	PUSH	64
   496 0000057E 6A 00                           	PUSH	0
   497 00000580 FF B5 FFFFFB9C                  	PUSH	DWORD [-1124+EBP]
   498 00000586 E8 000003BB                     	CALL	_putfonts8_asc_sht
   499 0000058B E8 [00000000]                   	CALL	_taskswitch4
   500 00000590 E9 FFFFFEBF                     	JMP	L30
   501 00000595                                 L34:
   502 00000595 0F B6 C3                        	MOVZX	EAX,BL
   503 00000598 50                              	PUSH	EAX
   504 00000599 8D 85 FFFFFD94                  	LEA	EAX,DWORD [-620+EBP]
   505 0000059F 50                              	PUSH	EAX
   506 000005A0 E8 [00000000]                   	CALL	_mouse_decode
   507 000005A5 5A                              	POP	EDX
   508 000005A6 59                              	POP	ECX
   509 000005A7 85 C0                           	TEST	EAX,EAX
   510 000005A9 0F 84 FFFFFEA8                  	JE	L2
   511 000005AF FF B5 FFFFFD9C                  	PUSH	DWORD [-612+EBP]
   512 000005B5 FF B5 FFFFFD98                  	PUSH	DWORD [-616+EBP]
   513 000005BB 68 [0000008F]                   	PUSH	LC5
   514 000005C0 8D 5D A4                        	LEA	EBX,DWORD [-92+EBP]
   515 000005C3 53                              	PUSH	EBX
   516 000005C4 E8 [00000000]                   	CALL	_sprintf
   517 000005C9 83 C4 10                        	ADD	ESP,16
   518 000005CC 8B 85 FFFFFDA0                  	MOV	EAX,DWORD [-608+EBP]
   519 000005D2 A9 00000001                     	TEST	EAX,1
   520 000005D7 74 04                           	JE	L14
   521 000005D9 C6 45 A5 4C                     	MOV	BYTE [-91+EBP],76
   522 000005DD                                 L14:
   523 000005DD A9 00000002                     	TEST	EAX,2
   524 000005E2 74 04                           	JE	L15
   525 000005E4 C6 45 A7 52                     	MOV	BYTE [-89+EBP],82
   526 000005E8                                 L15:
   527 000005E8 83 E0 04                        	AND	EAX,4
   528 000005EB 74 04                           	JE	L16
   529 000005ED C6 45 A6 43                     	MOV	BYTE [-90+EBP],67
   530 000005F1                                 L16:
   531 000005F1 6A 0F                           	PUSH	15
   532 000005F3 53                              	PUSH	EBX
   533 000005F4 6A 0E                           	PUSH	14
   534 000005F6 6A 07                           	PUSH	7
   535 000005F8 6A 10                           	PUSH	16
   536 000005FA 6A 20                           	PUSH	32
   537 000005FC FF B5 FFFFFB9C                  	PUSH	DWORD [-1124+EBP]
   538 00000602 E8 0000033F                     	CALL	_putfonts8_asc_sht
   539 00000607 8B 85 FFFFFD98                  	MOV	EAX,DWORD [-616+EBP]
   540 0000060D 03 BD FFFFFD9C                  	ADD	EDI,DWORD [-612+EBP]
   541 00000613 83 C4 1C                        	ADD	ESP,28
   542 00000616 01 85 FFFFFBAC                  	ADD	DWORD [-1108+EBP],EAX
   543 0000061C 0F 88 000000A4                  	JS	L37
   544 00000622                                 L17:
   545 00000622 85 FF                           	TEST	EDI,EDI
   546 00000624 0F 88 00000095                  	JS	L38
   547 0000062A                                 L18:
   548 0000062A 0F BF 05 00000FF4               	MOVSX	EAX,WORD [4084]
   549 00000631 48                              	DEC	EAX
   550 00000632 39 85 FFFFFBAC                  	CMP	DWORD [-1108+EBP],EAX
   551 00000638 7E 06                           	JLE	L19
   552 0000063A 89 85 FFFFFBAC                  	MOV	DWORD [-1108+EBP],EAX
   553 00000640                                 L19:
   554 00000640 0F BF 05 00000FF6               	MOVSX	EAX,WORD [4086]
   555 00000647 48                              	DEC	EAX
   556 00000648 39 C7                           	CMP	EDI,EAX
   557 0000064A 7E 02                           	JLE	L20
   558 0000064C 89 C7                           	MOV	EDI,EAX
   559 0000064E                                 L20:
   560 0000064E 57                              	PUSH	EDI
   561 0000064F FF B5 FFFFFBAC                  	PUSH	DWORD [-1108+EBP]
   562 00000655 68 [0000005B]                   	PUSH	LC1
   563 0000065A 53                              	PUSH	EBX
   564 0000065B E8 [00000000]                   	CALL	_sprintf
   565 00000660 6A 0A                           	PUSH	10
   566 00000662 53                              	PUSH	EBX
   567 00000663 6A 0E                           	PUSH	14
   568 00000665 6A 07                           	PUSH	7
   569 00000667 6A 00                           	PUSH	0
   570 00000669 6A 00                           	PUSH	0
   571 0000066B FF B5 FFFFFB9C                  	PUSH	DWORD [-1124+EBP]
   572 00000671 E8 000002D0                     	CALL	_putfonts8_asc_sht
   573 00000676 83 C4 2C                        	ADD	ESP,44
   574 00000679 57                              	PUSH	EDI
   575 0000067A FF B5 FFFFFBAC                  	PUSH	DWORD [-1108+EBP]
   576 00000680 FF B5 FFFFFB98                  	PUSH	DWORD [-1128+EBP]
   577 00000686 E8 [00000000]                   	CALL	_sheet_slide
   578 0000068B 83 C4 0C                        	ADD	ESP,12
   579 0000068E F7 85 FFFFFDA0 00000001         	TEST	DWORD [-608+EBP],1
   580 00000698 0F 84 FFFFFDB9                  	JE	L2
   581 0000069E 8D 47 F8                        	LEA	EAX,DWORD [-8+EDI]
   582 000006A1 50                              	PUSH	EAX
   583 000006A2 8B 85 FFFFFBAC                  	MOV	EAX,DWORD [-1108+EBP]
   584 000006A8 83 E8 50                        	SUB	EAX,80
   585 000006AB 50                              	PUSH	EAX
   586 000006AC FF B5 FFFFFB94                  	PUSH	DWORD [-1132+EBP]
   587 000006B2 E8 [00000000]                   	CALL	_sheet_slide
   588 000006B7 83 C4 0C                        	ADD	ESP,12
   589 000006BA E9 FFFFFD98                     	JMP	L2
   590 000006BF                                 L38:
   591 000006BF 31 FF                           	XOR	EDI,EDI
   592 000006C1 E9 FFFFFF64                     	JMP	L18
   593 000006C6                                 L37:
   594 000006C6 C7 85 FFFFFBAC 00000000         	MOV	DWORD [-1108+EBP],0
   595 000006D0 E9 FFFFFF4D                     	JMP	L17
   596 000006D5                                 L33:
   597 000006D5 50                              	PUSH	EAX
   598 000006D6 8D 75 A4                        	LEA	ESI,DWORD [-92+EBP]
   599 000006D9 68 [0000009D]                   	PUSH	LC3
   600 000006DE 56                              	PUSH	ESI
   601 000006DF E8 [00000000]                   	CALL	_sprintf
   602 000006E4 6A 02                           	PUSH	2
   603 000006E6 56                              	PUSH	ESI
   604 000006E7 6A 0E                           	PUSH	14
   605 000006E9 6A 07                           	PUSH	7
   606 000006EB 6A 10                           	PUSH	16
   607 000006ED 6A 00                           	PUSH	0
   608 000006EF FF B5 FFFFFB9C                  	PUSH	DWORD [-1124+EBP]
   609 000006F5 E8 0000024C                     	CALL	_putfonts8_asc_sht
   610 000006FA 83 C4 28                        	ADD	ESP,40
   611 000006FD 81 FB 00000153                  	CMP	EBX,339
   612 00000703 7F 41                           	JG	L8
   613 00000705 8A 83 [FFFFFF00]                	MOV	AL,BYTE [_keytable.0-256+EBX]
   614 0000070B 84 C0                           	TEST	AL,AL
   615 0000070D 74 37                           	JE	L8
   616 0000070F 81 BD FFFFFBA8 0000008F         	CMP	DWORD [-1112+EBP],143
   617 00000719 7F 2B                           	JG	L8
   618 0000071B 6A 01                           	PUSH	1
   619 0000071D 88 45 A4                        	MOV	BYTE [-92+EBP],AL
   620 00000720 56                              	PUSH	ESI
   621 00000721 6A 07                           	PUSH	7
   622 00000723 6A 00                           	PUSH	0
   623 00000725 6A 1C                           	PUSH	28
   624 00000727 FF B5 FFFFFBA8                  	PUSH	DWORD [-1112+EBP]
   625 0000072D FF B5 FFFFFB94                  	PUSH	DWORD [-1132+EBP]
   626 00000733 C6 45 A5 00                     	MOV	BYTE [-91+EBP],0
   627 00000737 E8 0000020A                     	CALL	_putfonts8_asc_sht
   628 0000073C 83 C4 1C                        	ADD	ESP,28
   629 0000073F 83 85 FFFFFBA8 08               	ADD	DWORD [-1112+EBP],8
   630 00000746                                 L8:
   631 00000746 81 FB 0000010E                  	CMP	EBX,270
   632 0000074C 74 4C                           	JE	L39
   633 0000074E                                 L10:
   634 0000074E 8B 85 FFFFFBA8                  	MOV	EAX,DWORD [-1112+EBP]
   635 00000754 6A 2B                           	PUSH	43
   636 00000756 83 C0 07                        	ADD	EAX,7
   637 00000759 8B 9D FFFFFB94                  	MOV	EBX,DWORD [-1132+EBP]
   638 0000075F 50                              	PUSH	EAX
   639 00000760 6A 1C                           	PUSH	28
   640 00000762 FF B5 FFFFFBA8                  	PUSH	DWORD [-1112+EBP]
   641 00000768 FF B5 FFFFFBA4                  	PUSH	DWORD [-1116+EBP]
   642 0000076E FF 73 04                        	PUSH	DWORD [4+EBX]
   643 00000771 FF 33                           	PUSH	DWORD [EBX]
   644 00000773 E8 [00000000]                   	CALL	_boxfill8
   645 00000778 8B 85 FFFFFBA8                  	MOV	EAX,DWORD [-1112+EBP]
   646 0000077E 6A 2C                           	PUSH	44
   647 00000780 83 C0 08                        	ADD	EAX,8
   648 00000783 50                              	PUSH	EAX
   649 00000784 6A 1C                           	PUSH	28
   650 00000786 FF B5 FFFFFBA8                  	PUSH	DWORD [-1112+EBP]
   651 0000078C 53                              	PUSH	EBX
   652 0000078D E8 [00000000]                   	CALL	_sheet_refresh
   653 00000792 83 C4 30                        	ADD	ESP,48
   654 00000795 E9 FFFFFCBD                     	JMP	L2
   655 0000079A                                 L39:
   656 0000079A 83 BD FFFFFBA8 08               	CMP	DWORD [-1112+EBP],8
   657 000007A1 7E AB                           	JLE	L10
   658 000007A3 6A 01                           	PUSH	1
   659 000007A5 68 [000000A2]                   	PUSH	LC4
   660 000007AA 6A 07                           	PUSH	7
   661 000007AC 6A 00                           	PUSH	0
   662 000007AE 6A 1C                           	PUSH	28
   663 000007B0 FF B5 FFFFFBA8                  	PUSH	DWORD [-1112+EBP]
   664 000007B6 FF B5 FFFFFB94                  	PUSH	DWORD [-1132+EBP]
   665 000007BC E8 00000185                     	CALL	_putfonts8_asc_sht
   666 000007C1 83 C4 1C                        	ADD	ESP,28
   667 000007C4 83 AD FFFFFBA8 08               	SUB	DWORD [-1112+EBP],8
   668 000007CB E9 FFFFFF7E                     	JMP	L10
   669 000007D0                                 L32:
   670 000007D0 E8 [00000000]                   	CALL	_io_stihlt
   671 000007D5 E9 FFFFFC7D                     	JMP	L2
   672                                          [SECTION .data]
   673 000000A4                                 _closebtn.1:
   674 000000A4 4F 4F 4F 4F 4F 4F 4F 4F 4F 4F   	DB	"OOOOOOOOOOOOOOO@"
       000000AE 4F 4F 4F 4F 4F 40 
   675 000000B4 4F 51 51 51 51 51 51 51 51 51   	DB	"OQQQQQQQQQQQQQ$@"
       000000BE 51 51 51 51 24 40 
   676 000000C4 4F 51 51 51 51 51 51 51 51 51   	DB	"OQQQQQQQQQQQQQ$@"
       000000CE 51 51 51 51 24 40 
   677 000000D4 4F 51 51 51 40 40 51 51 51 51   	DB	"OQQQ@@QQQQ@@QQ$@"
       000000DE 40 40 51 51 24 40 
   678 000000E4 4F 51 51 51 51 40 40 51 51 40   	DB	"OQQQQ@@QQ@@QQQ$@"
       000000EE 40 51 51 51 24 40 
   679 000000F4 4F 51 51 51 51 51 40 40 40 40   	DB	"OQQQQQ@@@@QQQQ$@"
       000000FE 51 51 51 51 24 40 
   680 00000104 4F 51 51 51 51 51 51 40 40 51   	DB	"OQQQQQQ@@QQQQQ$@"
       0000010E 51 51 51 51 24 40 
   681 00000114 4F 51 51 51 51 51 40 40 40 40   	DB	"OQQQQQ@@@@QQQQ$@"
       0000011E 51 51 51 51 24 40 
   682 00000124 4F 51 51 51 51 40 40 51 51 40   	DB	"OQQQQ@@QQ@@QQQ$@"
       0000012E 40 51 51 51 24 40 
   683 00000134 4F 51 51 51 40 40 51 51 51 51   	DB	"OQQQ@@QQQQ@@QQ$@"
       0000013E 40 40 51 51 24 40 
   684 00000144 4F 51 51 51 51 51 51 51 51 51   	DB	"OQQQQQQQQQQQQQ$@"
       0000014E 51 51 51 51 24 40 
   685 00000154 4F 51 51 51 51 51 51 51 51 51   	DB	"OQQQQQQQQQQQQQ$@"
       0000015E 51 51 51 51 24 40 
   686 00000164 4F 24 24 24 24 24 24 24 24 24   	DB	"O$$$$$$$$$$$$$$@"
       0000016E 24 24 24 24 24 40 
   687 00000174 40 40 40 40 40 40 40 40 40 40   	DB	"@@@@@@@@@@@@@@@@"
       0000017E 40 40 40 40 40 40 
   688                                          [SECTION .text]
   689 000007DA                                 	GLOBAL	_make_window8
   690 000007DA                                 _make_window8:
   691 000007DA 55                              	PUSH	EBP
   692 000007DB 89 E5                           	MOV	EBP,ESP
   693 000007DD 57                              	PUSH	EDI
   694 000007DE 56                              	PUSH	ESI
   695 000007DF 53                              	PUSH	EBX
   696 000007E0 83 EC 14                        	SUB	ESP,20
   697 000007E3 8B 5D 0C                        	MOV	EBX,DWORD [12+EBP]
   698 000007E6 6A 00                           	PUSH	0
   699 000007E8 8D 43 FF                        	LEA	EAX,DWORD [-1+EBX]
   700 000007EB 8D 7B FE                        	LEA	EDI,DWORD [-2+EBX]
   701 000007EE 50                              	PUSH	EAX
   702 000007EF 89 45 EC                        	MOV	DWORD [-20+EBP],EAX
   703 000007F2 6A 00                           	PUSH	0
   704 000007F4 6A 00                           	PUSH	0
   705 000007F6 6A 08                           	PUSH	8
   706 000007F8 53                              	PUSH	EBX
   707 000007F9 FF 75 08                        	PUSH	DWORD [8+EBP]
   708 000007FC E8 [00000000]                   	CALL	_boxfill8
   709 00000801 6A 01                           	PUSH	1
   710 00000803 57                              	PUSH	EDI
   711 00000804 6A 01                           	PUSH	1
   712 00000806 6A 01                           	PUSH	1
   713 00000808 6A 07                           	PUSH	7
   714 0000080A 53                              	PUSH	EBX
   715 0000080B FF 75 08                        	PUSH	DWORD [8+EBP]
   716 0000080E E8 [00000000]                   	CALL	_boxfill8
   717 00000813 8B 55 10                        	MOV	EDX,DWORD [16+EBP]
   718 00000816 83 C4 38                        	ADD	ESP,56
   719 00000819 4A                              	DEC	EDX
   720 0000081A 89 55 E8                        	MOV	DWORD [-24+EBP],EDX
   721 0000081D 52                              	PUSH	EDX
   722 0000081E 6A 00                           	PUSH	0
   723 00000820 6A 00                           	PUSH	0
   724 00000822 6A 00                           	PUSH	0
   725 00000824 6A 08                           	PUSH	8
   726 00000826 53                              	PUSH	EBX
   727 00000827 FF 75 08                        	PUSH	DWORD [8+EBP]
   728 0000082A E8 [00000000]                   	CALL	_boxfill8
   729 0000082F 8B 75 10                        	MOV	ESI,DWORD [16+EBP]
   730 00000832 83 EE 02                        	SUB	ESI,2
   731 00000835 56                              	PUSH	ESI
   732 00000836 6A 01                           	PUSH	1
   733 00000838 6A 01                           	PUSH	1
   734 0000083A 6A 01                           	PUSH	1
   735 0000083C 6A 07                           	PUSH	7
   736 0000083E 53                              	PUSH	EBX
   737 0000083F FF 75 08                        	PUSH	DWORD [8+EBP]
   738 00000842 E8 [00000000]                   	CALL	_boxfill8
   739 00000847 83 C4 38                        	ADD	ESP,56
   740 0000084A 56                              	PUSH	ESI
   741 0000084B 57                              	PUSH	EDI
   742 0000084C 6A 01                           	PUSH	1
   743 0000084E 57                              	PUSH	EDI
   744 0000084F 6A 0F                           	PUSH	15
   745 00000851 53                              	PUSH	EBX
   746 00000852 FF 75 08                        	PUSH	DWORD [8+EBP]
   747 00000855 E8 [00000000]                   	CALL	_boxfill8
   748 0000085A FF 75 E8                        	PUSH	DWORD [-24+EBP]
   749 0000085D FF 75 EC                        	PUSH	DWORD [-20+EBP]
   750 00000860 6A 00                           	PUSH	0
   751 00000862 FF 75 EC                        	PUSH	DWORD [-20+EBP]
   752 00000865 6A 00                           	PUSH	0
   753 00000867 53                              	PUSH	EBX
   754 00000868 FF 75 08                        	PUSH	DWORD [8+EBP]
   755 0000086B E8 [00000000]                   	CALL	_boxfill8
   756 00000870 8B 45 10                        	MOV	EAX,DWORD [16+EBP]
   757 00000873 83 C4 38                        	ADD	ESP,56
   758 00000876 83 E8 03                        	SUB	EAX,3
   759 00000879 50                              	PUSH	EAX
   760 0000087A 8D 43 FD                        	LEA	EAX,DWORD [-3+EBX]
   761 0000087D 50                              	PUSH	EAX
   762 0000087E 6A 02                           	PUSH	2
   763 00000880 6A 02                           	PUSH	2
   764 00000882 6A 08                           	PUSH	8
   765 00000884 53                              	PUSH	EBX
   766 00000885 FF 75 08                        	PUSH	DWORD [8+EBP]
   767 00000888 E8 [00000000]                   	CALL	_boxfill8
   768 0000088D 8D 43 FC                        	LEA	EAX,DWORD [-4+EBX]
   769 00000890 6A 14                           	PUSH	20
   770 00000892 50                              	PUSH	EAX
   771 00000893 6A 03                           	PUSH	3
   772 00000895 6A 03                           	PUSH	3
   773 00000897 6A 0C                           	PUSH	12
   774 00000899 53                              	PUSH	EBX
   775 0000089A FF 75 08                        	PUSH	DWORD [8+EBP]
   776 0000089D E8 [00000000]                   	CALL	_boxfill8
   777 000008A2 83 C4 38                        	ADD	ESP,56
   778 000008A5 56                              	PUSH	ESI
   779 000008A6 57                              	PUSH	EDI
   780 000008A7 56                              	PUSH	ESI
   781 000008A8 6A 01                           	PUSH	1
   782 000008AA 6A 0F                           	PUSH	15
   783 000008AC 53                              	PUSH	EBX
   784 000008AD FF 75 08                        	PUSH	DWORD [8+EBP]
   785 000008B0 E8 [00000000]                   	CALL	_boxfill8
   786 000008B5 FF 75 E8                        	PUSH	DWORD [-24+EBP]
   787 000008B8 FF 75 EC                        	PUSH	DWORD [-20+EBP]
   788 000008BB FF 75 E8                        	PUSH	DWORD [-24+EBP]
   789 000008BE 6A 00                           	PUSH	0
   790 000008C0 6A 00                           	PUSH	0
   791 000008C2 6B F3 05                        	IMUL	ESI,EBX,5
   792 000008C5 53                              	PUSH	EBX
   793 000008C6 FF 75 08                        	PUSH	DWORD [8+EBP]
   794 000008C9 E8 [00000000]                   	CALL	_boxfill8
   795 000008CE 83 C4 38                        	ADD	ESP,56
   796 000008D1 FF 75 14                        	PUSH	DWORD [20+EBP]
   797 000008D4 6A 07                           	PUSH	7
   798 000008D6 6A 04                           	PUSH	4
   799 000008D8 6A 18                           	PUSH	24
   800 000008DA 53                              	PUSH	EBX
   801 000008DB FF 75 08                        	PUSH	DWORD [8+EBP]
   802 000008DE E8 [00000000]                   	CALL	_putfonts8_asc
   803 000008E3 83 C4 18                        	ADD	ESP,24
   804 000008E6 C7 45 F0 00000000               	MOV	DWORD [-16+EBP],0
   805 000008ED C7 45 E0 00000000               	MOV	DWORD [-32+EBP],0
   806 000008F4                                 L56:
   807 000008F4 8D 04 1E                        	LEA	EAX,DWORD [ESI+EBX*1]
   808 000008F7 8B 55 08                        	MOV	EDX,DWORD [8+EBP]
   809 000008FA 31 FF                           	XOR	EDI,EDI
   810 000008FC 8D 4C 02 EB                     	LEA	ECX,DWORD [-21+EDX+EAX*1]
   811 00000900                                 L55:
   812 00000900 8B 45 E0                        	MOV	EAX,DWORD [-32+EBP]
   813 00000903 8A 94 07 [000000A4]             	MOV	DL,BYTE [_closebtn.1+EDI+EAX*1]
   814 0000090A 80 FA 40                        	CMP	DL,64
   815 0000090D 74 33                           	JE	L61
   816 0000090F 80 FA 24                        	CMP	DL,36
   817 00000912 74 2A                           	JE	L62
   818 00000914 80 FA 51                        	CMP	DL,81
   819 00000917 B2 08                           	MOV	DL,8
   820 00000919 0F 95 C0                        	SETNE	AL
   821 0000091C 28 C2                           	SUB	DL,AL
   822 0000091E                                 L50:
   823 0000091E 47                              	INC	EDI
   824 0000091F 88 11                           	MOV	BYTE [ECX],DL
   825 00000921 41                              	INC	ECX
   826 00000922 83 FF 0F                        	CMP	EDI,15
   827 00000925 7E D9                           	JLE	L55
   828 00000927 FF 45 F0                        	INC	DWORD [-16+EBP]
   829 0000092A 01 DE                           	ADD	ESI,EBX
   830 0000092C 83 45 E0 10                     	ADD	DWORD [-32+EBP],16
   831 00000930 83 7D F0 0D                     	CMP	DWORD [-16+EBP],13
   832 00000934 7E BE                           	JLE	L56
   833 00000936 8D 65 F4                        	LEA	ESP,DWORD [-12+EBP]
   834 00000939 5B                              	POP	EBX
   835 0000093A 5E                              	POP	ESI
   836 0000093B 5F                              	POP	EDI
   837 0000093C 5D                              	POP	EBP
   838 0000093D C3                              	RET
   839 0000093E                                 L62:
   840 0000093E B2 0F                           	MOV	DL,15
   841 00000940 EB DC                           	JMP	L50
   842 00000942                                 L61:
   843 00000942 31 D2                           	XOR	EDX,EDX
   844 00000944 EB D8                           	JMP	L50
   845 00000946                                 	GLOBAL	_putfonts8_asc_sht
   846 00000946                                 _putfonts8_asc_sht:
   847 00000946 55                              	PUSH	EBP
   848 00000947 89 E5                           	MOV	EBP,ESP
   849 00000949 57                              	PUSH	EDI
   850 0000094A 56                              	PUSH	ESI
   851 0000094B 53                              	PUSH	EBX
   852 0000094C 83 EC 0C                        	SUB	ESP,12
   853 0000094F 8B 45 08                        	MOV	EAX,DWORD [8+EBP]
   854 00000952 8B 7D 10                        	MOV	EDI,DWORD [16+EBP]
   855 00000955 89 45 F0                        	MOV	DWORD [-16+EBP],EAX
   856 00000958 8B 5D 14                        	MOV	EBX,DWORD [20+EBP]
   857 0000095B 8B 45 0C                        	MOV	EAX,DWORD [12+EBP]
   858 0000095E 89 45 EC                        	MOV	DWORD [-20+EBP],EAX
   859 00000961 8B 45 1C                        	MOV	EAX,DWORD [28+EBP]
   860 00000964 89 45 E8                        	MOV	DWORD [-24+EBP],EAX
   861 00000967 8D 47 0F                        	LEA	EAX,DWORD [15+EDI]
   862 0000096A 50                              	PUSH	EAX
   863 0000096B 8B 45 EC                        	MOV	EAX,DWORD [-20+EBP]
   864 0000096E 8B 75 20                        	MOV	ESI,DWORD [32+EBP]
   865 00000971 0F BE DB                        	MOVSX	EBX,BL
   866 00000974 8D 34 F0                        	LEA	ESI,DWORD [EAX+ESI*8]
   867 00000977 8D 46 FF                        	LEA	EAX,DWORD [-1+ESI]
   868 0000097A 50                              	PUSH	EAX
   869 0000097B 57                              	PUSH	EDI
   870 0000097C FF 75 EC                        	PUSH	DWORD [-20+EBP]
   871 0000097F 0F B6 45 18                     	MOVZX	EAX,BYTE [24+EBP]
   872 00000983 50                              	PUSH	EAX
   873 00000984 8B 45 F0                        	MOV	EAX,DWORD [-16+EBP]
   874 00000987 FF 70 04                        	PUSH	DWORD [4+EAX]
   875 0000098A FF 30                           	PUSH	DWORD [EAX]
   876 0000098C E8 [00000000]                   	CALL	_boxfill8
   877 00000991 FF 75 E8                        	PUSH	DWORD [-24+EBP]
   878 00000994 53                              	PUSH	EBX
   879 00000995 57                              	PUSH	EDI
   880 00000996 FF 75 EC                        	PUSH	DWORD [-20+EBP]
   881 00000999 8B 45 F0                        	MOV	EAX,DWORD [-16+EBP]
   882 0000099C FF 70 04                        	PUSH	DWORD [4+EAX]
   883 0000099F FF 30                           	PUSH	DWORD [EAX]
   884 000009A1 E8 [00000000]                   	CALL	_putfonts8_asc
   885 000009A6 89 7D 10                        	MOV	DWORD [16+EBP],EDI
   886 000009A9 8D 47 10                        	LEA	EAX,DWORD [16+EDI]
   887 000009AC 89 75 14                        	MOV	DWORD [20+EBP],ESI
   888 000009AF 89 45 18                        	MOV	DWORD [24+EBP],EAX
   889 000009B2 83 C4 34                        	ADD	ESP,52
   890 000009B5 8B 45 EC                        	MOV	EAX,DWORD [-20+EBP]
   891 000009B8 89 45 0C                        	MOV	DWORD [12+EBP],EAX
   892 000009BB 8B 45 F0                        	MOV	EAX,DWORD [-16+EBP]
   893 000009BE 89 45 08                        	MOV	DWORD [8+EBP],EAX
   894 000009C1 8D 65 F4                        	LEA	ESP,DWORD [-12+EBP]
   895 000009C4 5B                              	POP	EBX
   896 000009C5 5E                              	POP	ESI
   897 000009C6 5F                              	POP	EDI
   898 000009C7 5D                              	POP	EBP
   899 000009C8 E9 [00000000]                   	JMP	_sheet_refresh
   900 000009CD                                 	GLOBAL	_make_textbox8
   901 000009CD                                 _make_textbox8:
   902 000009CD 55                              	PUSH	EBP
   903 000009CE 89 E5                           	MOV	EBP,ESP
   904 000009D0 57                              	PUSH	EDI
   905 000009D1 56                              	PUSH	ESI
   906 000009D2 53                              	PUSH	EBX
   907 000009D3 83 EC 14                        	SUB	ESP,20
   908 000009D6 8B 45 0C                        	MOV	EAX,DWORD [12+EBP]
   909 000009D9 8B 75 10                        	MOV	ESI,DWORD [16+EBP]
   910 000009DC 03 45 14                        	ADD	EAX,DWORD [20+EBP]
   911 000009DF 83 EE 03                        	SUB	ESI,3
   912 000009E2 56                              	PUSH	ESI
   913 000009E3 89 45 F0                        	MOV	DWORD [-16+EBP],EAX
   914 000009E6 8B 45 10                        	MOV	EAX,DWORD [16+EBP]
   915 000009E9 03 45 18                        	ADD	EAX,DWORD [24+EBP]
   916 000009EC 89 45 EC                        	MOV	DWORD [-20+EBP],EAX
   917 000009EF 8B 45 F0                        	MOV	EAX,DWORD [-16+EBP]
   918 000009F2 40                              	INC	EAX
   919 000009F3 50                              	PUSH	EAX
   920 000009F4 89 45 E8                        	MOV	DWORD [-24+EBP],EAX
   921 000009F7 8B 45 0C                        	MOV	EAX,DWORD [12+EBP]
   922 000009FA 56                              	PUSH	ESI
   923 000009FB 83 E8 02                        	SUB	EAX,2
   924 000009FE 50                              	PUSH	EAX
   925 000009FF 89 45 E4                        	MOV	DWORD [-28+EBP],EAX
   926 00000A02 8B 45 08                        	MOV	EAX,DWORD [8+EBP]
   927 00000A05 6A 0F                           	PUSH	15
   928 00000A07 FF 70 04                        	PUSH	DWORD [4+EAX]
   929 00000A0A FF 30                           	PUSH	DWORD [EAX]
   930 00000A0C E8 [00000000]                   	CALL	_boxfill8
   931 00000A11 8B 7D 0C                        	MOV	EDI,DWORD [12+EBP]
   932 00000A14 8B 45 EC                        	MOV	EAX,DWORD [-20+EBP]
   933 00000A17 83 EF 03                        	SUB	EDI,3
   934 00000A1A 40                              	INC	EAX
   935 00000A1B 50                              	PUSH	EAX
   936 00000A1C 89 45 E0                        	MOV	DWORD [-32+EBP],EAX
   937 00000A1F 57                              	PUSH	EDI
   938 00000A20 8B 45 08                        	MOV	EAX,DWORD [8+EBP]
   939 00000A23 56                              	PUSH	ESI
   940 00000A24 57                              	PUSH	EDI
   941 00000A25 6A 0F                           	PUSH	15
   942 00000A27 FF 70 04                        	PUSH	DWORD [4+EAX]
   943 00000A2A FF 30                           	PUSH	DWORD [EAX]
   944 00000A2C E8 [00000000]                   	CALL	_boxfill8
   945 00000A31 8B 45 08                        	MOV	EAX,DWORD [8+EBP]
   946 00000A34 83 C4 38                        	ADD	ESP,56
   947 00000A37 8B 5D EC                        	MOV	EBX,DWORD [-20+EBP]
   948 00000A3A 83 C3 02                        	ADD	EBX,2
   949 00000A3D 53                              	PUSH	EBX
   950 00000A3E FF 75 E8                        	PUSH	DWORD [-24+EBP]
   951 00000A41 53                              	PUSH	EBX
   952 00000A42 57                              	PUSH	EDI
   953 00000A43 6A 07                           	PUSH	7
   954 00000A45 FF 70 04                        	PUSH	DWORD [4+EAX]
   955 00000A48 FF 30                           	PUSH	DWORD [EAX]
   956 00000A4A E8 [00000000]                   	CALL	_boxfill8
   957 00000A4F 8B 45 F0                        	MOV	EAX,DWORD [-16+EBP]
   958 00000A52 53                              	PUSH	EBX
   959 00000A53 83 C0 02                        	ADD	EAX,2
   960 00000A56 50                              	PUSH	EAX
   961 00000A57 56                              	PUSH	ESI
   962 00000A58 50                              	PUSH	EAX
   963 00000A59 8B 45 08                        	MOV	EAX,DWORD [8+EBP]
   964 00000A5C 6A 07                           	PUSH	7
   965 00000A5E FF 70 04                        	PUSH	DWORD [4+EAX]
   966 00000A61 FF 30                           	PUSH	DWORD [EAX]
   967 00000A63 E8 [00000000]                   	CALL	_boxfill8
   968 00000A68 8B 45 08                        	MOV	EAX,DWORD [8+EBP]
   969 00000A6B 83 C4 38                        	ADD	ESP,56
   970 00000A6E 8B 5D 10                        	MOV	EBX,DWORD [16+EBP]
   971 00000A71 83 EB 02                        	SUB	EBX,2
   972 00000A74 8B 7D 0C                        	MOV	EDI,DWORD [12+EBP]
   973 00000A77 53                              	PUSH	EBX
   974 00000A78 4F                              	DEC	EDI
   975 00000A79 FF 75 F0                        	PUSH	DWORD [-16+EBP]
   976 00000A7C 53                              	PUSH	EBX
   977 00000A7D 57                              	PUSH	EDI
   978 00000A7E 6A 00                           	PUSH	0
   979 00000A80 FF 70 04                        	PUSH	DWORD [4+EAX]
   980 00000A83 FF 30                           	PUSH	DWORD [EAX]
   981 00000A85 E8 [00000000]                   	CALL	_boxfill8
   982 00000A8A 8B 45 08                        	MOV	EAX,DWORD [8+EBP]
   983 00000A8D FF 75 EC                        	PUSH	DWORD [-20+EBP]
   984 00000A90 FF 75 E4                        	PUSH	DWORD [-28+EBP]
   985 00000A93 53                              	PUSH	EBX
   986 00000A94 FF 75 E4                        	PUSH	DWORD [-28+EBP]
   987 00000A97 6A 00                           	PUSH	0
   988 00000A99 FF 70 04                        	PUSH	DWORD [4+EAX]
   989 00000A9C FF 30                           	PUSH	DWORD [EAX]
   990 00000A9E E8 [00000000]                   	CALL	_boxfill8
   991 00000AA3 8B 45 08                        	MOV	EAX,DWORD [8+EBP]
   992 00000AA6 83 C4 38                        	ADD	ESP,56
   993 00000AA9 FF 75 E0                        	PUSH	DWORD [-32+EBP]
   994 00000AAC FF 75 F0                        	PUSH	DWORD [-16+EBP]
   995 00000AAF FF 75 E0                        	PUSH	DWORD [-32+EBP]
   996 00000AB2 FF 75 E4                        	PUSH	DWORD [-28+EBP]
   997 00000AB5 6A 08                           	PUSH	8
   998 00000AB7 FF 70 04                        	PUSH	DWORD [4+EAX]
   999 00000ABA FF 30                           	PUSH	DWORD [EAX]
  1000 00000ABC E8 [00000000]                   	CALL	_boxfill8
  1001 00000AC1 8B 45 08                        	MOV	EAX,DWORD [8+EBP]
  1002 00000AC4 FF 75 E0                        	PUSH	DWORD [-32+EBP]
  1003 00000AC7 FF 75 E8                        	PUSH	DWORD [-24+EBP]
  1004 00000ACA 53                              	PUSH	EBX
  1005 00000ACB FF 75 E8                        	PUSH	DWORD [-24+EBP]
  1006 00000ACE 6A 08                           	PUSH	8
  1007 00000AD0 FF 70 04                        	PUSH	DWORD [4+EAX]
  1008 00000AD3 FF 30                           	PUSH	DWORD [EAX]
  1009 00000AD5 E8 [00000000]                   	CALL	_boxfill8
  1010 00000ADA 8B 45 10                        	MOV	EAX,DWORD [16+EBP]
  1011 00000ADD 83 C4 38                        	ADD	ESP,56
  1012 00000AE0 48                              	DEC	EAX
  1013 00000AE1 FF 75 EC                        	PUSH	DWORD [-20+EBP]
  1014 00000AE4 FF 75 F0                        	PUSH	DWORD [-16+EBP]
  1015 00000AE7 50                              	PUSH	EAX
  1016 00000AE8 57                              	PUSH	EDI
  1017 00000AE9 0F B6 45 1C                     	MOVZX	EAX,BYTE [28+EBP]
  1018 00000AED 50                              	PUSH	EAX
  1019 00000AEE 8B 45 08                        	MOV	EAX,DWORD [8+EBP]
  1020 00000AF1 FF 70 04                        	PUSH	DWORD [4+EAX]
  1021 00000AF4 FF 30                           	PUSH	DWORD [EAX]
  1022 00000AF6 E8 [00000000]                   	CALL	_boxfill8
  1023 00000AFB 8D 65 F4                        	LEA	ESP,DWORD [-12+EBP]
  1024 00000AFE 5B                              	POP	EBX
  1025 00000AFF 5E                              	POP	ESI
  1026 00000B00 5F                              	POP	EDI
  1027 00000B01 5D                              	POP	EBP
  1028 00000B02 C3                              	RET
  1029 00000B03                                 	GLOBAL	_task_b_main
  1030 00000B03                                 _task_b_main:
  1031 00000B03 55                              	PUSH	EBP
  1032 00000B04 89 E5                           	MOV	EBP,ESP
  1033 00000B06                                 L66:
  1034 00000B06 E8 [00000000]                   	CALL	_io_hlt
  1035 00000B0B EB F9                           	JMP	L66
