     1 00000000                                 [FORMAT "WCOFF"]
     2 00000000                                 [INSTRSET "i486p"]
     3 00000000                                 [OPTIMIZE 1]
     4 00000000                                 [OPTION 1]
     5 00000000                                 [BITS 32]
     6 00000000                                 	EXTERN	_init_gdtidt
     7 00000000                                 	EXTERN	_init_pic
     8 00000000                                 	EXTERN	_io_sti
     9 00000000                                 	EXTERN	_fifo32_init
    10 00000000                                 	EXTERN	_init_pit
    11 00000000                                 	EXTERN	_init_keyboard
    12 00000000                                 	EXTERN	_enable_mouse
    13 00000000                                 	EXTERN	_io_out8
    14 00000000                                 	EXTERN	_timer_alloc
    15 00000000                                 	EXTERN	_timer_init
    16 00000000                                 	EXTERN	_timer_settime
    17 00000000                                 	EXTERN	_memtest
    18 00000000                                 	EXTERN	_memman_init
    19 00000000                                 	EXTERN	_memman_free
    20 00000000                                 	EXTERN	_init_palette
    21 00000000                                 	EXTERN	_shtctl_init
    22 00000000                                 	EXTERN	_sheet_alloc
    23 00000000                                 	EXTERN	_memman_alloc_4k
    24 00000000                                 	EXTERN	_sheet_setbuf
    25 00000000                                 	EXTERN	_init_screen8
    26 00000000                                 	EXTERN	_init_mouse_cursor8
    27 00000000                                 	EXTERN	_sheet_slide
    28 00000000                                 	EXTERN	_sheet_updown
    29 00000000                                 	EXTERN	_sprintf
    30 00000000                                 	EXTERN	_memman_total
    31 00000000                                 	EXTERN	_io_cli
    32 00000000                                 	EXTERN	_fifo32_status
    33 00000000                                 	EXTERN	_fifo32_get
    34 00000000                                 	EXTERN	_boxfill8
    35 00000000                                 	EXTERN	_sheet_refresh
    36 00000000                                 	EXTERN	_mouse_decode
    37 00000000                                 	EXTERN	_putfonts8_asc
    38 00000000                                 [FILE "bootpack.c"]
    39                                          [SECTION .data]
    40 00000000                                 LC0:
    41 00000000 63 6F 75 6E 74 65 72 00         	DB	"counter",0x00
    42 00000008                                 LC1:
    43 00000008 28 25 33 64 2C 20 25 33 64 29   	DB	"(%3d, %3d)",0x00
       00000012 00 
    44 00000013                                 LC2:
    45 00000013 6D 65 6D 6F 72 79 20 25 64 4D   	DB	"memory %dMB   free : %dKB",0x00
       0000001D 42 20 20 20 66 72 65 65 20 3A 
       00000027 20 25 64 4B 42 00 
    46 0000002D                                 LC3:
    47 0000002D 63 6F 75 6E 74 69 6E 67 20 25   	DB	"counting %d",0x00
       00000037 64 00 
    48 00000039                                 LC8:
    49 00000039 33 5B 73 65 63 5D 00            	DB	"3[sec]",0x00
    50 00000040                                 LC6:
    51 00000040 31 30 5B 73 65 63 5D 00         	DB	"10[sec]",0x00
    52 00000048                                 LC7:
    53 00000048 25 30 31 30 64 00               	DB	"%010d",0x00
    54 0000004E                                 LC5:
    55 0000004E 5B 6C 63 72 20 25 34 64 20 25   	DB	"[lcr %4d %4d]",0x00
       00000058 34 64 5D 00 
    56 0000005C                                 LC4:
    57 0000005C 25 30 32 58 00                  	DB	"%02X",0x00
    58                                          [SECTION .text]
    59 00000000                                 	GLOBAL	_HariMain
    60 00000000                                 _HariMain:
    61 00000000 55                              	PUSH	EBP
    62 00000001 89 E5                           	MOV	EBP,ESP
    63 00000003 57                              	PUSH	EDI
    64 00000004 56                              	PUSH	ESI
    65 00000005 53                              	PUSH	EBX
    66 00000006 8D 5D D4                        	LEA	EBX,DWORD [-44+EBP]
    67 00000009 81 EC 00000388                  	SUB	ESP,904
    68 0000000F C7 85 FFFFFC84 00000000         	MOV	DWORD [-892+EBP],0
    69 00000019 E8 [00000000]                   	CALL	_init_gdtidt
    70 0000001E E8 [00000000]                   	CALL	_init_pic
    71 00000023 E8 [00000000]                   	CALL	_io_sti
    72 00000028 8D 85 FFFFFDA4                  	LEA	EAX,DWORD [-604+EBP]
    73 0000002E 50                              	PUSH	EAX
    74 0000002F 68 00000080                     	PUSH	128
    75 00000034 53                              	PUSH	EBX
    76 00000035 E8 [00000000]                   	CALL	_fifo32_init
    77 0000003A E8 [00000000]                   	CALL	_init_pit
    78 0000003F 68 00000100                     	PUSH	256
    79 00000044 53                              	PUSH	EBX
    80 00000045 E8 [00000000]                   	CALL	_init_keyboard
    81 0000004A 8D 85 FFFFFD94                  	LEA	EAX,DWORD [-620+EBP]
    82 00000050 50                              	PUSH	EAX
    83 00000051 68 00000200                     	PUSH	512
    84 00000056 53                              	PUSH	EBX
    85 00000057 E8 [00000000]                   	CALL	_enable_mouse
    86 0000005C 83 C4 20                        	ADD	ESP,32
    87 0000005F 68 000000F8                     	PUSH	248
    88 00000064 6A 21                           	PUSH	33
    89 00000066 E8 [00000000]                   	CALL	_io_out8
    90 0000006B 68 000000EF                     	PUSH	239
    91 00000070 68 000000A1                     	PUSH	161
    92 00000075 E8 [00000000]                   	CALL	_io_out8
    93 0000007A 6A 01                           	PUSH	1
    94 0000007C 53                              	PUSH	EBX
    95 0000007D E8 00000776                     	CALL	_set490
    96 00000082 E8 [00000000]                   	CALL	_timer_alloc
    97 00000087 6A 0A                           	PUSH	10
    98 00000089 53                              	PUSH	EBX
    99 0000008A 89 C6                           	MOV	ESI,EAX
   100 0000008C 50                              	PUSH	EAX
   101 0000008D E8 [00000000]                   	CALL	_timer_init
   102 00000092 83 C4 24                        	ADD	ESP,36
   103 00000095 68 000003E8                     	PUSH	1000
   104 0000009A 56                              	PUSH	ESI
   105 0000009B E8 [00000000]                   	CALL	_timer_settime
   106 000000A0 E8 [00000000]                   	CALL	_timer_alloc
   107 000000A5 6A 03                           	PUSH	3
   108 000000A7 53                              	PUSH	EBX
   109 000000A8 89 C6                           	MOV	ESI,EAX
   110 000000AA 50                              	PUSH	EAX
   111 000000AB E8 [00000000]                   	CALL	_timer_init
   112 000000B0 68 0000012C                     	PUSH	300
   113 000000B5 56                              	PUSH	ESI
   114 000000B6 E8 [00000000]                   	CALL	_timer_settime
   115 000000BB E8 [00000000]                   	CALL	_timer_alloc
   116 000000C0 6A 01                           	PUSH	1
   117 000000C2 53                              	PUSH	EBX
   118 000000C3 50                              	PUSH	EAX
   119 000000C4 89 85 FFFFFC90                  	MOV	DWORD [-880+EBP],EAX
   120 000000CA E8 [00000000]                   	CALL	_timer_init
   121 000000CF 83 C4 28                        	ADD	ESP,40
   122 000000D2 6A 32                           	PUSH	50
   123 000000D4 FF B5 FFFFFC90                  	PUSH	DWORD [-880+EBP]
   124 000000DA E8 [00000000]                   	CALL	_timer_settime
   125 000000DF 68 BFFFFFFF                     	PUSH	-1073741825
   126 000000E4 68 00400000                     	PUSH	4194304
   127 000000E9 E8 [00000000]                   	CALL	_memtest
   128 000000EE 68 003C0000                     	PUSH	3932160
   129 000000F3 89 C7                           	MOV	EDI,EAX
   130 000000F5 E8 [00000000]                   	CALL	_memman_init
   131 000000FA 68 0009E000                     	PUSH	647168
   132 000000FF 68 00001000                     	PUSH	4096
   133 00000104 68 003C0000                     	PUSH	3932160
   134 00000109 E8 [00000000]                   	CALL	_memman_free
   135 0000010E 8D 87 FFC00000                  	LEA	EAX,DWORD [-4194304+EDI]
   136 00000114 C1 EF 14                        	SHR	EDI,20
   137 00000117 83 C4 20                        	ADD	ESP,32
   138 0000011A 50                              	PUSH	EAX
   139 0000011B 68 00400000                     	PUSH	4194304
   140 00000120 68 003C0000                     	PUSH	3932160
   141 00000125 E8 [00000000]                   	CALL	_memman_free
   142 0000012A E8 [00000000]                   	CALL	_init_palette
   143 0000012F 0F BF 05 00000FF6               	MOVSX	EAX,WORD [4086]
   144 00000136 50                              	PUSH	EAX
   145 00000137 0F BF 05 00000FF4               	MOVSX	EAX,WORD [4084]
   146 0000013E 50                              	PUSH	EAX
   147 0000013F FF 35 00000FF8                  	PUSH	DWORD [4088]
   148 00000145 68 003C0000                     	PUSH	3932160
   149 0000014A E8 [00000000]                   	CALL	_shtctl_init
   150 0000014F 89 C3                           	MOV	EBX,EAX
   151 00000151 50                              	PUSH	EAX
   152 00000152 E8 [00000000]                   	CALL	_sheet_alloc
   153 00000157 83 C4 20                        	ADD	ESP,32
   154 0000015A 53                              	PUSH	EBX
   155 0000015B 89 85 FFFFFC80                  	MOV	DWORD [-896+EBP],EAX
   156 00000161 E8 [00000000]                   	CALL	_sheet_alloc
   157 00000166 53                              	PUSH	EBX
   158 00000167 8D 9D FFFFFC94                  	LEA	EBX,DWORD [-876+EBP]
   159 0000016D 89 85 FFFFFC7C                  	MOV	DWORD [-900+EBP],EAX
   160 00000173 E8 [00000000]                   	CALL	_sheet_alloc
   161 00000178 0F BF 15 00000FF6               	MOVSX	EDX,WORD [4086]
   162 0000017F 89 85 FFFFFC78                  	MOV	DWORD [-904+EBP],EAX
   163 00000185 0F BF 05 00000FF4               	MOVSX	EAX,WORD [4084]
   164 0000018C 0F AF C2                        	IMUL	EAX,EDX
   165 0000018F 50                              	PUSH	EAX
   166 00000190 68 003C0000                     	PUSH	3932160
   167 00000195 E8 [00000000]                   	CALL	_memman_alloc_4k
   168 0000019A 68 00002080                     	PUSH	8320
   169 0000019F 68 003C0000                     	PUSH	3932160
   170 000001A4 89 85 FFFFFC74                  	MOV	DWORD [-908+EBP],EAX
   171 000001AA E8 [00000000]                   	CALL	_memman_alloc_4k
   172 000001AF 6A FF                           	PUSH	-1
   173 000001B1 89 C6                           	MOV	ESI,EAX
   174 000001B3 0F BF 05 00000FF6               	MOVSX	EAX,WORD [4086]
   175 000001BA 50                              	PUSH	EAX
   176 000001BB 0F BF 05 00000FF4               	MOVSX	EAX,WORD [4084]
   177 000001C2 50                              	PUSH	EAX
   178 000001C3 FF B5 FFFFFC74                  	PUSH	DWORD [-908+EBP]
   179 000001C9 FF B5 FFFFFC80                  	PUSH	DWORD [-896+EBP]
   180 000001CF E8 [00000000]                   	CALL	_sheet_setbuf
   181 000001D4 83 C4 2C                        	ADD	ESP,44
   182 000001D7 6A 63                           	PUSH	99
   183 000001D9 6A 10                           	PUSH	16
   184 000001DB 6A 10                           	PUSH	16
   185 000001DD 53                              	PUSH	EBX
   186 000001DE FF B5 FFFFFC7C                  	PUSH	DWORD [-900+EBP]
   187 000001E4 E8 [00000000]                   	CALL	_sheet_setbuf
   188 000001E9 6A FF                           	PUSH	-1
   189 000001EB 6A 34                           	PUSH	52
   190 000001ED 68 000000A0                     	PUSH	160
   191 000001F2 56                              	PUSH	ESI
   192 000001F3 FF B5 FFFFFC78                  	PUSH	DWORD [-904+EBP]
   193 000001F9 E8 [00000000]                   	CALL	_sheet_setbuf
   194 000001FE 83 C4 28                        	ADD	ESP,40
   195 00000201 0F BF 05 00000FF6               	MOVSX	EAX,WORD [4086]
   196 00000208 50                              	PUSH	EAX
   197 00000209 0F BF 05 00000FF4               	MOVSX	EAX,WORD [4084]
   198 00000210 50                              	PUSH	EAX
   199 00000211 FF B5 FFFFFC74                  	PUSH	DWORD [-908+EBP]
   200 00000217 E8 [00000000]                   	CALL	_init_screen8
   201 0000021C 6A 63                           	PUSH	99
   202 0000021E 53                              	PUSH	EBX
   203 0000021F BB 00000002                     	MOV	EBX,2
   204 00000224 E8 [00000000]                   	CALL	_init_mouse_cursor8
   205 00000229 68 [00000000]                   	PUSH	LC0
   206 0000022E 6A 34                           	PUSH	52
   207 00000230 68 000000A0                     	PUSH	160
   208 00000235 56                              	PUSH	ESI
   209 00000236 E8 000003CA                     	CALL	_make_window8
   210 0000023B 83 C4 24                        	ADD	ESP,36
   211 0000023E 6A 00                           	PUSH	0
   212 00000240 6A 00                           	PUSH	0
   213 00000242 FF B5 FFFFFC80                  	PUSH	DWORD [-896+EBP]
   214 00000248 E8 [00000000]                   	CALL	_sheet_slide
   215 0000024D 0F BF 05 00000FF4               	MOVSX	EAX,WORD [4084]
   216 00000254 8D 48 F0                        	LEA	ECX,DWORD [-16+EAX]
   217 00000257 89 C8                           	MOV	EAX,ECX
   218 00000259 99                              	CDQ
   219 0000025A F7 FB                           	IDIV	EBX
   220 0000025C 89 85 FFFFFC8C                  	MOV	DWORD [-884+EBP],EAX
   221 00000262 0F BF 05 00000FF6               	MOVSX	EAX,WORD [4086]
   222 00000269 8D 48 D4                        	LEA	ECX,DWORD [-44+EAX]
   223 0000026C 89 C8                           	MOV	EAX,ECX
   224 0000026E 99                              	CDQ
   225 0000026F F7 FB                           	IDIV	EBX
   226 00000271 50                              	PUSH	EAX
   227 00000272 89 85 FFFFFC88                  	MOV	DWORD [-888+EBP],EAX
   228 00000278 FF B5 FFFFFC8C                  	PUSH	DWORD [-884+EBP]
   229 0000027E FF B5 FFFFFC7C                  	PUSH	DWORD [-900+EBP]
   230 00000284 8D 5D A4                        	LEA	EBX,DWORD [-92+EBP]
   231 00000287 E8 [00000000]                   	CALL	_sheet_slide
   232 0000028C 6A 48                           	PUSH	72
   233 0000028E 6A 50                           	PUSH	80
   234 00000290 FF B5 FFFFFC78                  	PUSH	DWORD [-904+EBP]
   235 00000296 E8 [00000000]                   	CALL	_sheet_slide
   236 0000029B 83 C4 24                        	ADD	ESP,36
   237 0000029E 6A 00                           	PUSH	0
   238 000002A0 FF B5 FFFFFC80                  	PUSH	DWORD [-896+EBP]
   239 000002A6 E8 [00000000]                   	CALL	_sheet_updown
   240 000002AB 6A 01                           	PUSH	1
   241 000002AD FF B5 FFFFFC78                  	PUSH	DWORD [-904+EBP]
   242 000002B3 E8 [00000000]                   	CALL	_sheet_updown
   243 000002B8 6A 02                           	PUSH	2
   244 000002BA FF B5 FFFFFC7C                  	PUSH	DWORD [-900+EBP]
   245 000002C0 E8 [00000000]                   	CALL	_sheet_updown
   246 000002C5 FF B5 FFFFFC88                  	PUSH	DWORD [-888+EBP]
   247 000002CB FF B5 FFFFFC8C                  	PUSH	DWORD [-884+EBP]
   248 000002D1 68 [00000008]                   	PUSH	LC1
   249 000002D6 53                              	PUSH	EBX
   250 000002D7 E8 [00000000]                   	CALL	_sprintf
   251 000002DC 83 C4 28                        	ADD	ESP,40
   252 000002DF 6A 0A                           	PUSH	10
   253 000002E1 53                              	PUSH	EBX
   254 000002E2 6A 0E                           	PUSH	14
   255 000002E4 6A 07                           	PUSH	7
   256 000002E6 6A 00                           	PUSH	0
   257 000002E8 6A 00                           	PUSH	0
   258 000002EA FF B5 FFFFFC80                  	PUSH	DWORD [-896+EBP]
   259 000002F0 E8 0000047C                     	CALL	_putfonts8_asc_sht
   260 000002F5 68 003C0000                     	PUSH	3932160
   261 000002FA E8 [00000000]                   	CALL	_memman_total
   262 000002FF C1 E8 0A                        	SHR	EAX,10
   263 00000302 89 04 24                        	MOV	DWORD [ESP],EAX
   264 00000305 57                              	PUSH	EDI
   265 00000306 68 [00000013]                   	PUSH	LC2
   266 0000030B 53                              	PUSH	EBX
   267 0000030C E8 [00000000]                   	CALL	_sprintf
   268 00000311 83 C4 2C                        	ADD	ESP,44
   269 00000314 6A 28                           	PUSH	40
   270 00000316 53                              	PUSH	EBX
   271 00000317 6A 0E                           	PUSH	14
   272 00000319 6A 07                           	PUSH	7
   273 0000031B 6A 20                           	PUSH	32
   274 0000031D 6A 00                           	PUSH	0
   275 0000031F FF B5 FFFFFC80                  	PUSH	DWORD [-896+EBP]
   276 00000325                                 L27:
   277 00000325 E8 00000447                     	CALL	_putfonts8_asc_sht
   278 0000032A                                 L26:
   279 0000032A 83 C4 1C                        	ADD	ESP,28
   280 0000032D                                 L2:
   281 0000032D FF 85 FFFFFC84                  	INC	DWORD [-892+EBP]
   282 00000333 8D 7D A4                        	LEA	EDI,DWORD [-92+EBP]
   283 00000336 FF B5 FFFFFC84                  	PUSH	DWORD [-892+EBP]
   284 0000033C 68 [0000002D]                   	PUSH	LC3
   285 00000341 8D 75 D4                        	LEA	ESI,DWORD [-44+EBP]
   286 00000344 57                              	PUSH	EDI
   287 00000345 E8 [00000000]                   	CALL	_sprintf
   288 0000034A 6A 14                           	PUSH	20
   289 0000034C 57                              	PUSH	EDI
   290 0000034D 6A 0E                           	PUSH	14
   291 0000034F 6A 07                           	PUSH	7
   292 00000351 68 00000096                     	PUSH	150
   293 00000356 6A 00                           	PUSH	0
   294 00000358 FF B5 FFFFFC80                  	PUSH	DWORD [-896+EBP]
   295 0000035E E8 0000040E                     	CALL	_putfonts8_asc_sht
   296 00000363 83 C4 28                        	ADD	ESP,40
   297 00000366 E8 [00000000]                   	CALL	_io_cli
   298 0000036B 56                              	PUSH	ESI
   299 0000036C E8 [00000000]                   	CALL	_fifo32_status
   300 00000371 59                              	POP	ECX
   301 00000372 85 C0                           	TEST	EAX,EAX
   302 00000374 0F 84 00000281                  	JE	L29
   303 0000037A 56                              	PUSH	ESI
   304 0000037B E8 [00000000]                   	CALL	_fifo32_get
   305 00000380 89 C3                           	MOV	EBX,EAX
   306 00000382 E8 [00000000]                   	CALL	_io_sti
   307 00000387 5A                              	POP	EDX
   308 00000388 8D 83 FFFFFF00                  	LEA	EAX,DWORD [-256+EBX]
   309 0000038E 3D 000000FF                     	CMP	EAX,255
   310 00000393 0F 86 00000238                  	JBE	L30
   311 00000399 8D 83 FFFFFE00                  	LEA	EAX,DWORD [-512+EBX]
   312 0000039F 3D 000000FF                     	CMP	EAX,255
   313 000003A4 0F 86 000000F5                  	JBE	L31
   314 000003AA 83 FB 0A                        	CMP	EBX,10
   315 000003AD 0F 84 000000A8                  	JE	L32
   316 000003B3 83 FB 03                        	CMP	EBX,3
   317 000003B6 74 7A                           	JE	L33
   318 000003B8 83 FB 01                        	CMP	EBX,1
   319 000003BB 74 5B                           	JE	L34
   320 000003BD 85 DB                           	TEST	EBX,EBX
   321 000003BF 0F 85 FFFFFF68                  	JNE	L2
   322 000003C5 6A 01                           	PUSH	1
   323 000003C7 56                              	PUSH	ESI
   324 000003C8 FF B5 FFFFFC90                  	PUSH	DWORD [-880+EBP]
   325 000003CE E8 [00000000]                   	CALL	_timer_init
   326 000003D3 6A 6F                           	PUSH	111
   327 000003D5 6A 0F                           	PUSH	15
   328 000003D7 6A 60                           	PUSH	96
   329 000003D9 6A 08                           	PUSH	8
   330 000003DB 6A 0E                           	PUSH	14
   331 000003DD                                 L28:
   332 000003DD 0F BF 05 00000FF4               	MOVSX	EAX,WORD [4084]
   333 000003E4 50                              	PUSH	EAX
   334 000003E5 FF B5 FFFFFC74                  	PUSH	DWORD [-908+EBP]
   335 000003EB E8 [00000000]                   	CALL	_boxfill8
   336 000003F0 83 C4 28                        	ADD	ESP,40
   337 000003F3 6A 32                           	PUSH	50
   338 000003F5 FF B5 FFFFFC90                  	PUSH	DWORD [-880+EBP]
   339 000003FB E8 [00000000]                   	CALL	_timer_settime
   340 00000400 6A 70                           	PUSH	112
   341 00000402 6A 10                           	PUSH	16
   342 00000404 6A 60                           	PUSH	96
   343 00000406 6A 08                           	PUSH	8
   344 00000408 FF B5 FFFFFC80                  	PUSH	DWORD [-896+EBP]
   345 0000040E E8 [00000000]                   	CALL	_sheet_refresh
   346 00000413 E9 FFFFFF12                     	JMP	L26
   347 00000418                                 L34:
   348 00000418 6A 00                           	PUSH	0
   349 0000041A 56                              	PUSH	ESI
   350 0000041B FF B5 FFFFFC90                  	PUSH	DWORD [-880+EBP]
   351 00000421 E8 [00000000]                   	CALL	_timer_init
   352 00000426 6A 6F                           	PUSH	111
   353 00000428 6A 0F                           	PUSH	15
   354 0000042A 6A 60                           	PUSH	96
   355 0000042C 6A 08                           	PUSH	8
   356 0000042E 6A 07                           	PUSH	7
   357 00000430 EB AB                           	JMP	L28
   358 00000432                                 L33:
   359 00000432 6A 06                           	PUSH	6
   360 00000434 68 [00000039]                   	PUSH	LC8
   361 00000439 6A 0E                           	PUSH	14
   362 0000043B 6A 07                           	PUSH	7
   363 0000043D 6A 50                           	PUSH	80
   364 0000043F 6A 00                           	PUSH	0
   365 00000441 FF B5 FFFFFC80                  	PUSH	DWORD [-896+EBP]
   366 00000447 E8 00000325                     	CALL	_putfonts8_asc_sht
   367 0000044C C7 85 FFFFFC84 00000000         	MOV	DWORD [-892+EBP],0
   368 00000456 E9 FFFFFECF                     	JMP	L26
   369 0000045B                                 L32:
   370 0000045B 6A 07                           	PUSH	7
   371 0000045D 68 [00000040]                   	PUSH	LC6
   372 00000462 6A 0E                           	PUSH	14
   373 00000464 6A 07                           	PUSH	7
   374 00000466 6A 40                           	PUSH	64
   375 00000468 6A 00                           	PUSH	0
   376 0000046A FF B5 FFFFFC80                  	PUSH	DWORD [-896+EBP]
   377 00000470 E8 000002FC                     	CALL	_putfonts8_asc_sht
   378 00000475 FF B5 FFFFFC84                  	PUSH	DWORD [-892+EBP]
   379 0000047B 68 [00000048]                   	PUSH	LC7
   380 00000480 57                              	PUSH	EDI
   381 00000481 E8 [00000000]                   	CALL	_sprintf
   382 00000486 83 C4 28                        	ADD	ESP,40
   383 00000489 6A 0A                           	PUSH	10
   384 0000048B 57                              	PUSH	EDI
   385 0000048C 6A 08                           	PUSH	8
   386 0000048E 6A 00                           	PUSH	0
   387 00000490 6A 1C                           	PUSH	28
   388 00000492 6A 28                           	PUSH	40
   389 00000494 FF B5 FFFFFC78                  	PUSH	DWORD [-904+EBP]
   390 0000049A E9 FFFFFE86                     	JMP	L27
   391 0000049F                                 L31:
   392 0000049F 0F B6 C3                        	MOVZX	EAX,BL
   393 000004A2 50                              	PUSH	EAX
   394 000004A3 8D 85 FFFFFD94                  	LEA	EAX,DWORD [-620+EBP]
   395 000004A9 50                              	PUSH	EAX
   396 000004AA E8 [00000000]                   	CALL	_mouse_decode
   397 000004AF 5A                              	POP	EDX
   398 000004B0 59                              	POP	ECX
   399 000004B1 85 C0                           	TEST	EAX,EAX
   400 000004B3 0F 84 FFFFFE74                  	JE	L2
   401 000004B9 FF B5 FFFFFD9C                  	PUSH	DWORD [-612+EBP]
   402 000004BF FF B5 FFFFFD98                  	PUSH	DWORD [-616+EBP]
   403 000004C5 68 [0000004E]                   	PUSH	LC5
   404 000004CA 57                              	PUSH	EDI
   405 000004CB E8 [00000000]                   	CALL	_sprintf
   406 000004D0 83 C4 10                        	ADD	ESP,16
   407 000004D3 8B 85 FFFFFDA0                  	MOV	EAX,DWORD [-608+EBP]
   408 000004D9 A9 00000001                     	TEST	EAX,1
   409 000004DE 74 04                           	JE	L11
   410 000004E0 C6 45 A5 4C                     	MOV	BYTE [-91+EBP],76
   411 000004E4                                 L11:
   412 000004E4 A9 00000002                     	TEST	EAX,2
   413 000004E9 74 04                           	JE	L12
   414 000004EB C6 45 A7 52                     	MOV	BYTE [-89+EBP],82
   415 000004EF                                 L12:
   416 000004EF 83 E0 04                        	AND	EAX,4
   417 000004F2 74 04                           	JE	L13
   418 000004F4 C6 45 A6 43                     	MOV	BYTE [-90+EBP],67
   419 000004F8                                 L13:
   420 000004F8 6A 0F                           	PUSH	15
   421 000004FA 57                              	PUSH	EDI
   422 000004FB 6A 0E                           	PUSH	14
   423 000004FD 6A 07                           	PUSH	7
   424 000004FF 6A 10                           	PUSH	16
   425 00000501 6A 20                           	PUSH	32
   426 00000503 FF B5 FFFFFC80                  	PUSH	DWORD [-896+EBP]
   427 00000509 E8 00000263                     	CALL	_putfonts8_asc_sht
   428 0000050E 8B 85 FFFFFD98                  	MOV	EAX,DWORD [-616+EBP]
   429 00000514 8B 9D FFFFFD9C                  	MOV	EBX,DWORD [-612+EBP]
   430 0000051A 83 C4 1C                        	ADD	ESP,28
   431 0000051D 01 9D FFFFFC88                  	ADD	DWORD [-888+EBP],EBX
   432 00000523 01 85 FFFFFC8C                  	ADD	DWORD [-884+EBP],EAX
   433 00000529 0F 88 00000093                  	JS	L35
   434 0000052F                                 L14:
   435 0000052F 83 BD FFFFFC88 00               	CMP	DWORD [-888+EBP],0
   436 00000536 78 7B                           	JS	L36
   437 00000538                                 L15:
   438 00000538 0F BF 05 00000FF4               	MOVSX	EAX,WORD [4084]
   439 0000053F 48                              	DEC	EAX
   440 00000540 39 85 FFFFFC8C                  	CMP	DWORD [-884+EBP],EAX
   441 00000546 7E 06                           	JLE	L16
   442 00000548 89 85 FFFFFC8C                  	MOV	DWORD [-884+EBP],EAX
   443 0000054E                                 L16:
   444 0000054E 0F BF 05 00000FF6               	MOVSX	EAX,WORD [4086]
   445 00000555 48                              	DEC	EAX
   446 00000556 39 85 FFFFFC88                  	CMP	DWORD [-888+EBP],EAX
   447 0000055C 7E 06                           	JLE	L17
   448 0000055E 89 85 FFFFFC88                  	MOV	DWORD [-888+EBP],EAX
   449 00000564                                 L17:
   450 00000564 FF B5 FFFFFC88                  	PUSH	DWORD [-888+EBP]
   451 0000056A FF B5 FFFFFC8C                  	PUSH	DWORD [-884+EBP]
   452 00000570 68 [00000008]                   	PUSH	LC1
   453 00000575 57                              	PUSH	EDI
   454 00000576 E8 [00000000]                   	CALL	_sprintf
   455 0000057B 6A 0A                           	PUSH	10
   456 0000057D 57                              	PUSH	EDI
   457 0000057E 6A 0E                           	PUSH	14
   458 00000580 6A 07                           	PUSH	7
   459 00000582 6A 00                           	PUSH	0
   460 00000584 6A 00                           	PUSH	0
   461 00000586 FF B5 FFFFFC80                  	PUSH	DWORD [-896+EBP]
   462 0000058C E8 000001E0                     	CALL	_putfonts8_asc_sht
   463 00000591 83 C4 2C                        	ADD	ESP,44
   464 00000594 FF B5 FFFFFC88                  	PUSH	DWORD [-888+EBP]
   465 0000059A FF B5 FFFFFC8C                  	PUSH	DWORD [-884+EBP]
   466 000005A0 FF B5 FFFFFC7C                  	PUSH	DWORD [-900+EBP]
   467 000005A6 E8 [00000000]                   	CALL	_sheet_slide
   468 000005AB 83 C4 0C                        	ADD	ESP,12
   469 000005AE E9 FFFFFD7A                     	JMP	L2
   470 000005B3                                 L36:
   471 000005B3 C7 85 FFFFFC88 00000000         	MOV	DWORD [-888+EBP],0
   472 000005BD E9 FFFFFF76                     	JMP	L15
   473 000005C2                                 L35:
   474 000005C2 C7 85 FFFFFC8C 00000000         	MOV	DWORD [-884+EBP],0
   475 000005CC E9 FFFFFF5E                     	JMP	L14
   476 000005D1                                 L30:
   477 000005D1 50                              	PUSH	EAX
   478 000005D2 68 [0000005C]                   	PUSH	LC4
   479 000005D7 57                              	PUSH	EDI
   480 000005D8 E8 [00000000]                   	CALL	_sprintf
   481 000005DD 6A 02                           	PUSH	2
   482 000005DF 57                              	PUSH	EDI
   483 000005E0 6A 0E                           	PUSH	14
   484 000005E2 6A 07                           	PUSH	7
   485 000005E4 6A 10                           	PUSH	16
   486 000005E6 6A 00                           	PUSH	0
   487 000005E8 FF B5 FFFFFC80                  	PUSH	DWORD [-896+EBP]
   488 000005EE E8 0000017E                     	CALL	_putfonts8_asc_sht
   489 000005F3 83 C4 28                        	ADD	ESP,40
   490 000005F6 E9 FFFFFD32                     	JMP	L2
   491 000005FB                                 L29:
   492 000005FB E8 [00000000]                   	CALL	_io_sti
   493 00000600 E9 FFFFFD28                     	JMP	L2
   494                                          [SECTION .data]
   495 00000061                                 _closebtn.0:
   496 00000061 4F 4F 4F 4F 4F 4F 4F 4F 4F 4F   	DB	"OOOOOOOOOOOOOOO@"
       0000006B 4F 4F 4F 4F 4F 40 
   497 00000071 4F 51 51 51 51 51 51 51 51 51   	DB	"OQQQQQQQQQQQQQ$@"
       0000007B 51 51 51 51 24 40 
   498 00000081 4F 51 51 51 51 51 51 51 51 51   	DB	"OQQQQQQQQQQQQQ$@"
       0000008B 51 51 51 51 24 40 
   499 00000091 4F 51 51 51 40 40 51 51 51 51   	DB	"OQQQ@@QQQQ@@QQ$@"
       0000009B 40 40 51 51 24 40 
   500 000000A1 4F 51 51 51 51 40 40 51 51 40   	DB	"OQQQQ@@QQ@@QQQ$@"
       000000AB 40 51 51 51 24 40 
   501 000000B1 4F 51 51 51 51 51 40 40 40 40   	DB	"OQQQQQ@@@@QQQQ$@"
       000000BB 51 51 51 51 24 40 
   502 000000C1 4F 51 51 51 51 51 51 40 40 51   	DB	"OQQQQQQ@@QQQQQ$@"
       000000CB 51 51 51 51 24 40 
   503 000000D1 4F 51 51 51 51 51 40 40 40 40   	DB	"OQQQQQ@@@@QQQQ$@"
       000000DB 51 51 51 51 24 40 
   504 000000E1 4F 51 51 51 51 40 40 51 51 40   	DB	"OQQQQ@@QQ@@QQQ$@"
       000000EB 40 51 51 51 24 40 
   505 000000F1 4F 51 51 51 40 40 51 51 51 51   	DB	"OQQQ@@QQQQ@@QQ$@"
       000000FB 40 40 51 51 24 40 
   506 00000101 4F 51 51 51 51 51 51 51 51 51   	DB	"OQQQQQQQQQQQQQ$@"
       0000010B 51 51 51 51 24 40 
   507 00000111 4F 51 51 51 51 51 51 51 51 51   	DB	"OQQQQQQQQQQQQQ$@"
       0000011B 51 51 51 51 24 40 
   508 00000121 4F 24 24 24 24 24 24 24 24 24   	DB	"O$$$$$$$$$$$$$$@"
       0000012B 24 24 24 24 24 40 
   509 00000131 40 40 40 40 40 40 40 40 40 40   	DB	"@@@@@@@@@@@@@@@@"
       0000013B 40 40 40 40 40 40 
   510                                          [SECTION .text]
   511 00000605                                 	GLOBAL	_make_window8
   512 00000605                                 _make_window8:
   513 00000605 55                              	PUSH	EBP
   514 00000606 89 E5                           	MOV	EBP,ESP
   515 00000608 57                              	PUSH	EDI
   516 00000609 56                              	PUSH	ESI
   517 0000060A 53                              	PUSH	EBX
   518 0000060B 83 EC 14                        	SUB	ESP,20
   519 0000060E 8B 5D 0C                        	MOV	EBX,DWORD [12+EBP]
   520 00000611 6A 00                           	PUSH	0
   521 00000613 8D 43 FF                        	LEA	EAX,DWORD [-1+EBX]
   522 00000616 8D 7B FE                        	LEA	EDI,DWORD [-2+EBX]
   523 00000619 50                              	PUSH	EAX
   524 0000061A 89 45 EC                        	MOV	DWORD [-20+EBP],EAX
   525 0000061D 6A 00                           	PUSH	0
   526 0000061F 6A 00                           	PUSH	0
   527 00000621 6A 08                           	PUSH	8
   528 00000623 53                              	PUSH	EBX
   529 00000624 FF 75 08                        	PUSH	DWORD [8+EBP]
   530 00000627 E8 [00000000]                   	CALL	_boxfill8
   531 0000062C 6A 01                           	PUSH	1
   532 0000062E 57                              	PUSH	EDI
   533 0000062F 6A 01                           	PUSH	1
   534 00000631 6A 01                           	PUSH	1
   535 00000633 6A 07                           	PUSH	7
   536 00000635 53                              	PUSH	EBX
   537 00000636 FF 75 08                        	PUSH	DWORD [8+EBP]
   538 00000639 E8 [00000000]                   	CALL	_boxfill8
   539 0000063E 8B 55 10                        	MOV	EDX,DWORD [16+EBP]
   540 00000641 83 C4 38                        	ADD	ESP,56
   541 00000644 4A                              	DEC	EDX
   542 00000645 89 55 E8                        	MOV	DWORD [-24+EBP],EDX
   543 00000648 52                              	PUSH	EDX
   544 00000649 6A 00                           	PUSH	0
   545 0000064B 6A 00                           	PUSH	0
   546 0000064D 6A 00                           	PUSH	0
   547 0000064F 6A 08                           	PUSH	8
   548 00000651 53                              	PUSH	EBX
   549 00000652 FF 75 08                        	PUSH	DWORD [8+EBP]
   550 00000655 E8 [00000000]                   	CALL	_boxfill8
   551 0000065A 8B 75 10                        	MOV	ESI,DWORD [16+EBP]
   552 0000065D 83 EE 02                        	SUB	ESI,2
   553 00000660 56                              	PUSH	ESI
   554 00000661 6A 01                           	PUSH	1
   555 00000663 6A 01                           	PUSH	1
   556 00000665 6A 01                           	PUSH	1
   557 00000667 6A 07                           	PUSH	7
   558 00000669 53                              	PUSH	EBX
   559 0000066A FF 75 08                        	PUSH	DWORD [8+EBP]
   560 0000066D E8 [00000000]                   	CALL	_boxfill8
   561 00000672 83 C4 38                        	ADD	ESP,56
   562 00000675 56                              	PUSH	ESI
   563 00000676 57                              	PUSH	EDI
   564 00000677 6A 01                           	PUSH	1
   565 00000679 57                              	PUSH	EDI
   566 0000067A 6A 0F                           	PUSH	15
   567 0000067C 53                              	PUSH	EBX
   568 0000067D FF 75 08                        	PUSH	DWORD [8+EBP]
   569 00000680 E8 [00000000]                   	CALL	_boxfill8
   570 00000685 FF 75 E8                        	PUSH	DWORD [-24+EBP]
   571 00000688 FF 75 EC                        	PUSH	DWORD [-20+EBP]
   572 0000068B 6A 00                           	PUSH	0
   573 0000068D FF 75 EC                        	PUSH	DWORD [-20+EBP]
   574 00000690 6A 00                           	PUSH	0
   575 00000692 53                              	PUSH	EBX
   576 00000693 FF 75 08                        	PUSH	DWORD [8+EBP]
   577 00000696 E8 [00000000]                   	CALL	_boxfill8
   578 0000069B 8B 45 10                        	MOV	EAX,DWORD [16+EBP]
   579 0000069E 83 C4 38                        	ADD	ESP,56
   580 000006A1 83 E8 03                        	SUB	EAX,3
   581 000006A4 50                              	PUSH	EAX
   582 000006A5 8D 43 FD                        	LEA	EAX,DWORD [-3+EBX]
   583 000006A8 50                              	PUSH	EAX
   584 000006A9 6A 02                           	PUSH	2
   585 000006AB 6A 02                           	PUSH	2
   586 000006AD 6A 08                           	PUSH	8
   587 000006AF 53                              	PUSH	EBX
   588 000006B0 FF 75 08                        	PUSH	DWORD [8+EBP]
   589 000006B3 E8 [00000000]                   	CALL	_boxfill8
   590 000006B8 8D 43 FC                        	LEA	EAX,DWORD [-4+EBX]
   591 000006BB 6A 14                           	PUSH	20
   592 000006BD 50                              	PUSH	EAX
   593 000006BE 6A 03                           	PUSH	3
   594 000006C0 6A 03                           	PUSH	3
   595 000006C2 6A 0C                           	PUSH	12
   596 000006C4 53                              	PUSH	EBX
   597 000006C5 FF 75 08                        	PUSH	DWORD [8+EBP]
   598 000006C8 E8 [00000000]                   	CALL	_boxfill8
   599 000006CD 83 C4 38                        	ADD	ESP,56
   600 000006D0 56                              	PUSH	ESI
   601 000006D1 57                              	PUSH	EDI
   602 000006D2 56                              	PUSH	ESI
   603 000006D3 6A 01                           	PUSH	1
   604 000006D5 6A 0F                           	PUSH	15
   605 000006D7 53                              	PUSH	EBX
   606 000006D8 FF 75 08                        	PUSH	DWORD [8+EBP]
   607 000006DB E8 [00000000]                   	CALL	_boxfill8
   608 000006E0 FF 75 E8                        	PUSH	DWORD [-24+EBP]
   609 000006E3 FF 75 EC                        	PUSH	DWORD [-20+EBP]
   610 000006E6 FF 75 E8                        	PUSH	DWORD [-24+EBP]
   611 000006E9 6A 00                           	PUSH	0
   612 000006EB 6A 00                           	PUSH	0
   613 000006ED 6B F3 05                        	IMUL	ESI,EBX,5
   614 000006F0 53                              	PUSH	EBX
   615 000006F1 FF 75 08                        	PUSH	DWORD [8+EBP]
   616 000006F4 E8 [00000000]                   	CALL	_boxfill8
   617 000006F9 83 C4 38                        	ADD	ESP,56
   618 000006FC FF 75 14                        	PUSH	DWORD [20+EBP]
   619 000006FF 6A 07                           	PUSH	7
   620 00000701 6A 04                           	PUSH	4
   621 00000703 6A 18                           	PUSH	24
   622 00000705 53                              	PUSH	EBX
   623 00000706 FF 75 08                        	PUSH	DWORD [8+EBP]
   624 00000709 E8 [00000000]                   	CALL	_putfonts8_asc
   625 0000070E 83 C4 18                        	ADD	ESP,24
   626 00000711 C7 45 F0 00000000               	MOV	DWORD [-16+EBP],0
   627 00000718 C7 45 E0 00000000               	MOV	DWORD [-32+EBP],0
   628 0000071F                                 L53:
   629 0000071F 8D 04 1E                        	LEA	EAX,DWORD [ESI+EBX*1]
   630 00000722 8B 55 08                        	MOV	EDX,DWORD [8+EBP]
   631 00000725 31 FF                           	XOR	EDI,EDI
   632 00000727 8D 4C 02 EB                     	LEA	ECX,DWORD [-21+EDX+EAX*1]
   633 0000072B                                 L52:
   634 0000072B 8B 45 E0                        	MOV	EAX,DWORD [-32+EBP]
   635 0000072E 8A 94 07 [00000061]             	MOV	DL,BYTE [_closebtn.0+EDI+EAX*1]
   636 00000735 80 FA 40                        	CMP	DL,64
   637 00000738 74 33                           	JE	L58
   638 0000073A 80 FA 24                        	CMP	DL,36
   639 0000073D 74 2A                           	JE	L59
   640 0000073F 80 FA 51                        	CMP	DL,81
   641 00000742 B2 08                           	MOV	DL,8
   642 00000744 0F 95 C0                        	SETNE	AL
   643 00000747 28 C2                           	SUB	DL,AL
   644 00000749                                 L47:
   645 00000749 47                              	INC	EDI
   646 0000074A 88 11                           	MOV	BYTE [ECX],DL
   647 0000074C 41                              	INC	ECX
   648 0000074D 83 FF 0F                        	CMP	EDI,15
   649 00000750 7E D9                           	JLE	L52
   650 00000752 FF 45 F0                        	INC	DWORD [-16+EBP]
   651 00000755 01 DE                           	ADD	ESI,EBX
   652 00000757 83 45 E0 10                     	ADD	DWORD [-32+EBP],16
   653 0000075B 83 7D F0 0D                     	CMP	DWORD [-16+EBP],13
   654 0000075F 7E BE                           	JLE	L53
   655 00000761 8D 65 F4                        	LEA	ESP,DWORD [-12+EBP]
   656 00000764 5B                              	POP	EBX
   657 00000765 5E                              	POP	ESI
   658 00000766 5F                              	POP	EDI
   659 00000767 5D                              	POP	EBP
   660 00000768 C3                              	RET
   661 00000769                                 L59:
   662 00000769 B2 0F                           	MOV	DL,15
   663 0000076B EB DC                           	JMP	L47
   664 0000076D                                 L58:
   665 0000076D 31 D2                           	XOR	EDX,EDX
   666 0000076F EB D8                           	JMP	L47
   667 00000771                                 	GLOBAL	_putfonts8_asc_sht
   668 00000771                                 _putfonts8_asc_sht:
   669 00000771 55                              	PUSH	EBP
   670 00000772 89 E5                           	MOV	EBP,ESP
   671 00000774 57                              	PUSH	EDI
   672 00000775 56                              	PUSH	ESI
   673 00000776 53                              	PUSH	EBX
   674 00000777 83 EC 0C                        	SUB	ESP,12
   675 0000077A 8B 45 08                        	MOV	EAX,DWORD [8+EBP]
   676 0000077D 8B 7D 10                        	MOV	EDI,DWORD [16+EBP]
   677 00000780 89 45 F0                        	MOV	DWORD [-16+EBP],EAX
   678 00000783 8B 5D 14                        	MOV	EBX,DWORD [20+EBP]
   679 00000786 8B 45 0C                        	MOV	EAX,DWORD [12+EBP]
   680 00000789 89 45 EC                        	MOV	DWORD [-20+EBP],EAX
   681 0000078C 8B 45 1C                        	MOV	EAX,DWORD [28+EBP]
   682 0000078F 89 45 E8                        	MOV	DWORD [-24+EBP],EAX
   683 00000792 8D 47 0F                        	LEA	EAX,DWORD [15+EDI]
   684 00000795 50                              	PUSH	EAX
   685 00000796 8B 45 EC                        	MOV	EAX,DWORD [-20+EBP]
   686 00000799 8B 75 20                        	MOV	ESI,DWORD [32+EBP]
   687 0000079C 0F BE DB                        	MOVSX	EBX,BL
   688 0000079F 8D 34 F0                        	LEA	ESI,DWORD [EAX+ESI*8]
   689 000007A2 8D 46 FF                        	LEA	EAX,DWORD [-1+ESI]
   690 000007A5 50                              	PUSH	EAX
   691 000007A6 57                              	PUSH	EDI
   692 000007A7 FF 75 EC                        	PUSH	DWORD [-20+EBP]
   693 000007AA 0F B6 45 18                     	MOVZX	EAX,BYTE [24+EBP]
   694 000007AE 50                              	PUSH	EAX
   695 000007AF 8B 45 F0                        	MOV	EAX,DWORD [-16+EBP]
   696 000007B2 FF 70 04                        	PUSH	DWORD [4+EAX]
   697 000007B5 FF 30                           	PUSH	DWORD [EAX]
   698 000007B7 E8 [00000000]                   	CALL	_boxfill8
   699 000007BC FF 75 E8                        	PUSH	DWORD [-24+EBP]
   700 000007BF 53                              	PUSH	EBX
   701 000007C0 57                              	PUSH	EDI
   702 000007C1 FF 75 EC                        	PUSH	DWORD [-20+EBP]
   703 000007C4 8B 45 F0                        	MOV	EAX,DWORD [-16+EBP]
   704 000007C7 FF 70 04                        	PUSH	DWORD [4+EAX]
   705 000007CA FF 30                           	PUSH	DWORD [EAX]
   706 000007CC E8 [00000000]                   	CALL	_putfonts8_asc
   707 000007D1 89 7D 10                        	MOV	DWORD [16+EBP],EDI
   708 000007D4 8D 47 10                        	LEA	EAX,DWORD [16+EDI]
   709 000007D7 89 75 14                        	MOV	DWORD [20+EBP],ESI
   710 000007DA 89 45 18                        	MOV	DWORD [24+EBP],EAX
   711 000007DD 83 C4 34                        	ADD	ESP,52
   712 000007E0 8B 45 EC                        	MOV	EAX,DWORD [-20+EBP]
   713 000007E3 89 45 0C                        	MOV	DWORD [12+EBP],EAX
   714 000007E6 8B 45 F0                        	MOV	EAX,DWORD [-16+EBP]
   715 000007E9 89 45 08                        	MOV	DWORD [8+EBP],EAX
   716 000007EC 8D 65 F4                        	LEA	ESP,DWORD [-12+EBP]
   717 000007EF 5B                              	POP	EBX
   718 000007F0 5E                              	POP	ESI
   719 000007F1 5F                              	POP	EDI
   720 000007F2 5D                              	POP	EBP
   721 000007F3 E9 [00000000]                   	JMP	_sheet_refresh
   722 000007F8                                 	GLOBAL	_set490
   723 000007F8                                 _set490:
   724 000007F8 55                              	PUSH	EBP
   725 000007F9 89 E5                           	MOV	EBP,ESP
   726 000007FB 57                              	PUSH	EDI
   727 000007FC 56                              	PUSH	ESI
   728 000007FD 53                              	PUSH	EBX
   729 000007FE 83 7D 0C 00                     	CMP	DWORD [12+EBP],0
   730 00000802 74 34                           	JE	L61
   731 00000804 31 F6                           	XOR	ESI,ESI
   732 00000806 BF 19BFCC00                     	MOV	EDI,432000000
   733 0000080B                                 L67:
   734 0000080B E8 [00000000]                   	CALL	_timer_alloc
   735 00000810 89 C3                           	MOV	EBX,EAX
   736 00000812 8D 86 00000400                  	LEA	EAX,DWORD [1024+ESI]
   737 00000818 50                              	PUSH	EAX
   738 00000819 46                              	INC	ESI
   739 0000081A FF 75 08                        	PUSH	DWORD [8+EBP]
   740 0000081D 53                              	PUSH	EBX
   741 0000081E E8 [00000000]                   	CALL	_timer_init
   742 00000823 57                              	PUSH	EDI
   743 00000824 53                              	PUSH	EBX
   744 00000825 83 C7 64                        	ADD	EDI,100
   745 00000828 E8 [00000000]                   	CALL	_timer_settime
   746 0000082D 83 C4 14                        	ADD	ESP,20
   747 00000830 81 FE 000001E9                  	CMP	ESI,489
   748 00000836 7E D3                           	JLE	L67
   749 00000838                                 L61:
   750 00000838 8D 65 F4                        	LEA	ESP,DWORD [-12+EBP]
   751 0000083B 5B                              	POP	EBX
   752 0000083C 5E                              	POP	ESI
   753 0000083D 5F                              	POP	EDI
   754 0000083E 5D                              	POP	EBP
   755 0000083F C3                              	RET
