     1 00000000                                 [FORMAT "WCOFF"]
     2 00000000                                 [INSTRSET "i486p"]
     3 00000000                                 [OPTIMIZE 1]
     4 00000000                                 [OPTION 1]
     5 00000000                                 [BITS 32]
     6 00000000                                 	EXTERN	_init_gdtidt
     7 00000000                                 	EXTERN	_init_pic
     8 00000000                                 	EXTERN	_io_sti
     9 00000000                                 	EXTERN	_fifo32_init
    10 00000000                                 	EXTERN	_init_pit
    11 00000000                                 	EXTERN	_init_keyboard
    12 00000000                                 	EXTERN	_enable_mouse
    13 00000000                                 	EXTERN	_io_out8
    14 00000000                                 	EXTERN	_memtest
    15 00000000                                 	EXTERN	_memman_init
    16 00000000                                 	EXTERN	_memman_free
    17 00000000                                 	EXTERN	_init_palette
    18 00000000                                 	EXTERN	_shtctl_init
    19 00000000                                 	EXTERN	_task_init
    20 00000000                                 	EXTERN	_task_run
    21 00000000                                 	EXTERN	_sheet_alloc
    22 00000000                                 	EXTERN	_memman_alloc_4k
    23 00000000                                 	EXTERN	_sheet_setbuf
    24 00000000                                 	EXTERN	_init_screen8
    25 00000000                                 	EXTERN	_make_window8
    26 00000000                                 	EXTERN	_make_textbox8
    27 00000000                                 	EXTERN	_task_alloc
    28 00000000                                 	EXTERN	_console_task
    29 00000000                                 	EXTERN	_init_mouse_cursor8
    30 00000000                                 	EXTERN	_sheet_slide
    31 00000000                                 	EXTERN	_sheet_updown
    32 00000000                                 	EXTERN	_fifo32_put
    33 00000000                                 	EXTERN	_fifo32_status
    34 00000000                                 	EXTERN	_io_cli
    35 00000000                                 	EXTERN	_fifo32_get
    36 00000000                                 	EXTERN	_mouse_decode
    37 00000000                                 	EXTERN	_cons_putstr0
    38 00000000                                 	EXTERN	_asm_end_app
    39 00000000                                 	EXTERN	_keytable0.0
    40 00000000                                 	EXTERN	_wait_KBC_sendready
    41 00000000                                 	EXTERN	_keytable1.1
    42 00000000                                 	EXTERN	_task_sleep
    43 00000000                                 	EXTERN	_change_wtitle8
    44 00000000                                 [FILE "bootpack.c"]
    45                                          [SECTION .data]
    46 00000000                                 _keytable0.0:
    47 00000000 00                              	DB	0
    48 00000001 00                              	DB	0
    49 00000002 31                              	DB	49
    50 00000003 32                              	DB	50
    51 00000004 33                              	DB	51
    52 00000005 34                              	DB	52
    53 00000006 35                              	DB	53
    54 00000007 36                              	DB	54
    55 00000008 37                              	DB	55
    56 00000009 38                              	DB	56
    57 0000000A 39                              	DB	57
    58 0000000B 30                              	DB	48
    59 0000000C 2D                              	DB	45
    60 0000000D 5E                              	DB	94
    61 0000000E 08                              	DB	8
    62 0000000F 00                              	DB	0
    63 00000010 51                              	DB	81
    64 00000011 57                              	DB	87
    65 00000012 45                              	DB	69
    66 00000013 52                              	DB	82
    67 00000014 54                              	DB	84
    68 00000015 59                              	DB	89
    69 00000016 55                              	DB	85
    70 00000017 49                              	DB	73
    71 00000018 4F                              	DB	79
    72 00000019 50                              	DB	80
    73 0000001A 40                              	DB	64
    74 0000001B 5B                              	DB	91
    75 0000001C 0A                              	DB	10
    76 0000001D 00                              	DB	0
    77 0000001E 41                              	DB	65
    78 0000001F 53                              	DB	83
    79 00000020 44                              	DB	68
    80 00000021 46                              	DB	70
    81 00000022 47                              	DB	71
    82 00000023 48                              	DB	72
    83 00000024 4A                              	DB	74
    84 00000025 4B                              	DB	75
    85 00000026 4C                              	DB	76
    86 00000027 3B                              	DB	59
    87 00000028 3A                              	DB	58
    88 00000029 00                              	DB	0
    89 0000002A 00                              	DB	0
    90 0000002B 5D                              	DB	93
    91 0000002C 5A                              	DB	90
    92 0000002D 58                              	DB	88
    93 0000002E 43                              	DB	67
    94 0000002F 56                              	DB	86
    95 00000030 42                              	DB	66
    96 00000031 4E                              	DB	78
    97 00000032 4D                              	DB	77
    98 00000033 2C                              	DB	44
    99 00000034 2E                              	DB	46
   100 00000035 2F                              	DB	47
   101 00000036 00                              	DB	0
   102 00000037 2A                              	DB	42
   103 00000038 00                              	DB	0
   104 00000039 20                              	DB	32
   105 0000003A 00                              	DB	0
   106 0000003B 00                              	DB	0
   107 0000003C 00                              	DB	0
   108 0000003D 00                              	DB	0
   109 0000003E 00                              	DB	0
   110 0000003F 00                              	DB	0
   111 00000040 00                              	DB	0
   112 00000041 00                              	DB	0
   113 00000042 00                              	DB	0
   114 00000043 00                              	DB	0
   115 00000044 00                              	DB	0
   116 00000045 00                              	DB	0
   117 00000046 00                              	DB	0
   118 00000047 37                              	DB	55
   119 00000048 38                              	DB	56
   120 00000049 39                              	DB	57
   121 0000004A 2D                              	DB	45
   122 0000004B 34                              	DB	52
   123 0000004C 35                              	DB	53
   124 0000004D 36                              	DB	54
   125 0000004E 2B                              	DB	43
   126 0000004F 31                              	DB	49
   127 00000050 32                              	DB	50
   128 00000051 33                              	DB	51
   129 00000052 30                              	DB	48
   130 00000053 2E                              	DB	46
   131 00000054 00                              	DB	0
   132 00000055 00                              	DB	0
   133 00000056 00                              	DB	0
   134 00000057 00                              	DB	0
   135 00000058 00                              	DB	0
   136 00000059 00                              	DB	0
   137 0000005A 00                              	DB	0
   138 0000005B 00                              	DB	0
   139 0000005C 00                              	DB	0
   140 0000005D 00                              	DB	0
   141 0000005E 00                              	DB	0
   142 0000005F 00                              	DB	0
   143 00000060 00                              	DB	0
   144 00000061 00                              	DB	0
   145 00000062 00                              	DB	0
   146 00000063 00                              	DB	0
   147 00000064 00                              	DB	0
   148 00000065 00                              	DB	0
   149 00000066 00                              	DB	0
   150 00000067 00                              	DB	0
   151 00000068 00                              	DB	0
   152 00000069 00                              	DB	0
   153 0000006A 00                              	DB	0
   154 0000006B 00                              	DB	0
   155 0000006C 00                              	DB	0
   156 0000006D 00                              	DB	0
   157 0000006E 00                              	DB	0
   158 0000006F 00                              	DB	0
   159 00000070 00                              	DB	0
   160 00000071 00                              	DB	0
   161 00000072 00                              	DB	0
   162 00000073 5C                              	DB	92
   163 00000074 00                              	DB	0
   164 00000075 00                              	DB	0
   165 00000076 00                              	DB	0
   166 00000077 00                              	DB	0
   167 00000078 00                              	DB	0
   168 00000079 00                              	DB	0
   169 0000007A 00                              	DB	0
   170 0000007B 00                              	DB	0
   171 0000007C 00                              	DB	0
   172 0000007D 5C                              	DB	92
   173 0000007E 00                              	DB	0
   174 0000007F 00                              	DB	0
   175 00000080                                 _keytable1.1:
   176 00000080 00                              	DB	0
   177 00000081 00                              	DB	0
   178 00000082 21                              	DB	33
   179 00000083 22                              	DB	34
   180 00000084 23                              	DB	35
   181 00000085 24                              	DB	36
   182 00000086 25                              	DB	37
   183 00000087 26                              	DB	38
   184 00000088 27                              	DB	39
   185 00000089 28                              	DB	40
   186 0000008A 29                              	DB	41
   187 0000008B 7E                              	DB	126
   188 0000008C 3D                              	DB	61
   189 0000008D 7E                              	DB	126
   190 0000008E 08                              	DB	8
   191 0000008F 00                              	DB	0
   192 00000090 51                              	DB	81
   193 00000091 57                              	DB	87
   194 00000092 45                              	DB	69
   195 00000093 52                              	DB	82
   196 00000094 54                              	DB	84
   197 00000095 59                              	DB	89
   198 00000096 55                              	DB	85
   199 00000097 49                              	DB	73
   200 00000098 4F                              	DB	79
   201 00000099 50                              	DB	80
   202 0000009A 60                              	DB	96
   203 0000009B 7B                              	DB	123
   204 0000009C 0A                              	DB	10
   205 0000009D 00                              	DB	0
   206 0000009E 41                              	DB	65
   207 0000009F 53                              	DB	83
   208 000000A0 44                              	DB	68
   209 000000A1 46                              	DB	70
   210 000000A2 47                              	DB	71
   211 000000A3 48                              	DB	72
   212 000000A4 4A                              	DB	74
   213 000000A5 4B                              	DB	75
   214 000000A6 4C                              	DB	76
   215 000000A7 2B                              	DB	43
   216 000000A8 2A                              	DB	42
   217 000000A9 00                              	DB	0
   218 000000AA 00                              	DB	0
   219 000000AB 7D                              	DB	125
   220 000000AC 5A                              	DB	90
   221 000000AD 58                              	DB	88
   222 000000AE 43                              	DB	67
   223 000000AF 56                              	DB	86
   224 000000B0 42                              	DB	66
   225 000000B1 4E                              	DB	78
   226 000000B2 4D                              	DB	77
   227 000000B3 3C                              	DB	60
   228 000000B4 3E                              	DB	62
   229 000000B5 3F                              	DB	63
   230 000000B6 00                              	DB	0
   231 000000B7 2A                              	DB	42
   232 000000B8 00                              	DB	0
   233 000000B9 20                              	DB	32
   234 000000BA 00                              	DB	0
   235 000000BB 00                              	DB	0
   236 000000BC 00                              	DB	0
   237 000000BD 00                              	DB	0
   238 000000BE 00                              	DB	0
   239 000000BF 00                              	DB	0
   240 000000C0 00                              	DB	0
   241 000000C1 00                              	DB	0
   242 000000C2 00                              	DB	0
   243 000000C3 00                              	DB	0
   244 000000C4 00                              	DB	0
   245 000000C5 00                              	DB	0
   246 000000C6 00                              	DB	0
   247 000000C7 37                              	DB	55
   248 000000C8 38                              	DB	56
   249 000000C9 39                              	DB	57
   250 000000CA 2D                              	DB	45
   251 000000CB 34                              	DB	52
   252 000000CC 35                              	DB	53
   253 000000CD 36                              	DB	54
   254 000000CE 2B                              	DB	43
   255 000000CF 31                              	DB	49
   256 000000D0 32                              	DB	50
   257 000000D1 33                              	DB	51
   258 000000D2 30                              	DB	48
   259 000000D3 2E                              	DB	46
   260 000000D4 00                              	DB	0
   261 000000D5 00                              	DB	0
   262 000000D6 00                              	DB	0
   263 000000D7 00                              	DB	0
   264 000000D8 00                              	DB	0
   265 000000D9 00                              	DB	0
   266 000000DA 00                              	DB	0
   267 000000DB 00                              	DB	0
   268 000000DC 00                              	DB	0
   269 000000DD 00                              	DB	0
   270 000000DE 00                              	DB	0
   271 000000DF 00                              	DB	0
   272 000000E0 00                              	DB	0
   273 000000E1 00                              	DB	0
   274 000000E2 00                              	DB	0
   275 000000E3 00                              	DB	0
   276 000000E4 00                              	DB	0
   277 000000E5 00                              	DB	0
   278 000000E6 00                              	DB	0
   279 000000E7 00                              	DB	0
   280 000000E8 00                              	DB	0
   281 000000E9 00                              	DB	0
   282 000000EA 00                              	DB	0
   283 000000EB 00                              	DB	0
   284 000000EC 00                              	DB	0
   285 000000ED 00                              	DB	0
   286 000000EE 00                              	DB	0
   287 000000EF 00                              	DB	0
   288 000000F0 00                              	DB	0
   289 000000F1 00                              	DB	0
   290 000000F2 00                              	DB	0
   291 000000F3 5F                              	DB	95
   292 000000F4 00                              	DB	0
   293 000000F5 00                              	DB	0
   294 000000F6 00                              	DB	0
   295 000000F7 00                              	DB	0
   296 000000F8 00                              	DB	0
   297 000000F9 00                              	DB	0
   298 000000FA 00                              	DB	0
   299 000000FB 00                              	DB	0
   300 000000FC 00                              	DB	0
   301 000000FD 7C                              	DB	124
   302 000000FE 00                              	DB	0
   303 000000FF 00                              	DB	0
   304 00000100                                 LC0:
   305 00000100 63 6F 6E 73 6F 6C 65 00         	DB	"console",0x00
   306 00000108                                 LC2:
   307 00000108 0A 42 72 65 61 6B 28 6D 6F 75   	DB	0x0A,"Break(mouse) :",0x0A,0x00
       00000112 73 65 29 20 3A 0A 00 
   308 00000119                                 LC1:
   309 00000119 0A 42 72 65 61 6B 28 6B 65 79   	DB	0x0A,"Break(key) :",0x0A,0x00
       00000123 29 20 3A 0A 00 
   310                                          [SECTION .text]
   311 00000000                                 	GLOBAL	_HariMain
   312 00000000                                 _HariMain:
   313 00000000 55                              	PUSH	EBP
   314 00000001 89 E5                           	MOV	EBP,ESP
   315 00000003 57                              	PUSH	EDI
   316 00000004 56                              	PUSH	ESI
   317 00000005 53                              	PUSH	EBX
   318 00000006 8D 5D A4                        	LEA	EBX,DWORD [-92+EBP]
   319 00000009 81 EC 00000474                  	SUB	ESP,1140
   320 0000000F C7 85 FFFFFBC0 FFFFFFFF         	MOV	DWORD [-1088+EBP],-1
   321 00000019 C7 85 FFFFFBBC 00000000         	MOV	DWORD [-1092+EBP],0
   322 00000023 C7 85 FFFFFBB8 7FFFFFFF         	MOV	DWORD [-1096+EBP],2147483647
   323 0000002D C7 85 FFFFFBB4 00000000         	MOV	DWORD [-1100+EBP],0
   324 00000037 C7 85 FFFFFBA0 00000000         	MOV	DWORD [-1120+EBP],0
   325 00000041 A0 00000FF1                     	MOV	AL,BYTE [4081]
   326 00000046 C0 F8 04                        	SAR	AL,4
   327 00000049 89 C2                           	MOV	EDX,EAX
   328 0000004B 83 E2 07                        	AND	EDX,7
   329 0000004E 89 95 FFFFFB9C                  	MOV	DWORD [-1124+EBP],EDX
   330 00000054 C7 85 FFFFFB98 FFFFFFFF         	MOV	DWORD [-1128+EBP],-1
   331 0000005E C7 85 FFFFFB94 FFFFFFFF         	MOV	DWORD [-1132+EBP],-1
   332 00000068 C7 85 FFFFFB90 FFFFFFFF         	MOV	DWORD [-1136+EBP],-1
   333 00000072 C7 85 FFFFFB8C 00000000         	MOV	DWORD [-1140+EBP],0
   334 0000007C C7 85 FFFFFB88 00000000         	MOV	DWORD [-1144+EBP],0
   335 00000086 E8 [00000000]                   	CALL	_init_gdtidt
   336 0000008B E8 [00000000]                   	CALL	_init_pic
   337 00000090 E8 [00000000]                   	CALL	_io_sti
   338 00000095 8D 85 FFFFFD84                  	LEA	EAX,DWORD [-636+EBP]
   339 0000009B 6A 00                           	PUSH	0
   340 0000009D 50                              	PUSH	EAX
   341 0000009E 68 00000080                     	PUSH	128
   342 000000A3 53                              	PUSH	EBX
   343 000000A4 E8 [00000000]                   	CALL	_fifo32_init
   344 000000A9 E8 [00000000]                   	CALL	_init_pit
   345 000000AE 68 00000100                     	PUSH	256
   346 000000B3 53                              	PUSH	EBX
   347 000000B4 E8 [00000000]                   	CALL	_init_keyboard
   348 000000B9 8D 85 FFFFFCF4                  	LEA	EAX,DWORD [-780+EBP]
   349 000000BF 50                              	PUSH	EAX
   350 000000C0 68 00000200                     	PUSH	512
   351 000000C5 53                              	PUSH	EBX
   352 000000C6 E8 [00000000]                   	CALL	_enable_mouse
   353 000000CB 83 C4 24                        	ADD	ESP,36
   354 000000CE 68 000000F8                     	PUSH	248
   355 000000D3 6A 21                           	PUSH	33
   356 000000D5 E8 [00000000]                   	CALL	_io_out8
   357 000000DA 68 000000EF                     	PUSH	239
   358 000000DF 68 000000A1                     	PUSH	161
   359 000000E4 E8 [00000000]                   	CALL	_io_out8
   360 000000E9 8D 85 FFFFFD04                  	LEA	EAX,DWORD [-764+EBP]
   361 000000EF 6A 00                           	PUSH	0
   362 000000F1 50                              	PUSH	EAX
   363 000000F2 8D 45 84                        	LEA	EAX,DWORD [-124+EBP]
   364 000000F5 6A 20                           	PUSH	32
   365 000000F7 50                              	PUSH	EAX
   366 000000F8 E8 [00000000]                   	CALL	_fifo32_init
   367 000000FD 83 C4 20                        	ADD	ESP,32
   368 00000100 68 BFFFFFFF                     	PUSH	-1073741825
   369 00000105 68 00400000                     	PUSH	4194304
   370 0000010A E8 [00000000]                   	CALL	_memtest
   371 0000010F 68 003C0000                     	PUSH	3932160
   372 00000114 89 85 FFFFFBB0                  	MOV	DWORD [-1104+EBP],EAX
   373 0000011A E8 [00000000]                   	CALL	_memman_init
   374 0000011F 68 0009E000                     	PUSH	647168
   375 00000124 68 00001000                     	PUSH	4096
   376 00000129 68 003C0000                     	PUSH	3932160
   377 0000012E E8 [00000000]                   	CALL	_memman_free
   378 00000133 8B 85 FFFFFBB0                  	MOV	EAX,DWORD [-1104+EBP]
   379 00000139 2D 00400000                     	SUB	EAX,4194304
   380 0000013E 50                              	PUSH	EAX
   381 0000013F 68 00400000                     	PUSH	4194304
   382 00000144 68 003C0000                     	PUSH	3932160
   383 00000149 E8 [00000000]                   	CALL	_memman_free
   384 0000014E 83 C4 24                        	ADD	ESP,36
   385 00000151 E8 [00000000]                   	CALL	_init_palette
   386 00000156 0F BF 05 00000FF6               	MOVSX	EAX,WORD [4086]
   387 0000015D 50                              	PUSH	EAX
   388 0000015E 0F BF 05 00000FF4               	MOVSX	EAX,WORD [4084]
   389 00000165 50                              	PUSH	EAX
   390 00000166 FF 35 00000FF8                  	PUSH	DWORD [4088]
   391 0000016C 68 003C0000                     	PUSH	3932160
   392 00000171 E8 [00000000]                   	CALL	_shtctl_init
   393 00000176 68 003C0000                     	PUSH	3932160
   394 0000017B 89 85 FFFFFBD0                  	MOV	DWORD [-1072+EBP],EAX
   395 00000181 E8 [00000000]                   	CALL	_task_init
   396 00000186 6A 02                           	PUSH	2
   397 00000188 6A 01                           	PUSH	1
   398 0000018A 89 85 FFFFFBA4                  	MOV	DWORD [-1116+EBP],EAX
   399 00000190 50                              	PUSH	EAX
   400 00000191 89 45 BC                        	MOV	DWORD [-68+EBP],EAX
   401 00000194 E8 [00000000]                   	CALL	_task_run
   402 00000199 83 C4 20                        	ADD	ESP,32
   403 0000019C 8B 8D FFFFFBD0                  	MOV	ECX,DWORD [-1072+EBP]
   404 000001A2 89 0D 00000FE4                  	MOV	DWORD [4068],ECX
   405 000001A8 51                              	PUSH	ECX
   406 000001A9 E8 [00000000]                   	CALL	_sheet_alloc
   407 000001AE 0F BF 15 00000FF6               	MOVSX	EDX,WORD [4086]
   408 000001B5 89 85 FFFFFBAC                  	MOV	DWORD [-1108+EBP],EAX
   409 000001BB 0F BF 05 00000FF4               	MOVSX	EAX,WORD [4084]
   410 000001C2 0F AF C2                        	IMUL	EAX,EDX
   411 000001C5 50                              	PUSH	EAX
   412 000001C6 68 003C0000                     	PUSH	3932160
   413 000001CB E8 [00000000]                   	CALL	_memman_alloc_4k
   414 000001D0 6A FF                           	PUSH	-1
   415 000001D2 89 C3                           	MOV	EBX,EAX
   416 000001D4 0F BF 05 00000FF6               	MOVSX	EAX,WORD [4086]
   417 000001DB 50                              	PUSH	EAX
   418 000001DC 0F BF 05 00000FF4               	MOVSX	EAX,WORD [4084]
   419 000001E3 50                              	PUSH	EAX
   420 000001E4 53                              	PUSH	EBX
   421 000001E5 FF B5 FFFFFBAC                  	PUSH	DWORD [-1108+EBP]
   422 000001EB E8 [00000000]                   	CALL	_sheet_setbuf
   423 000001F0 83 C4 20                        	ADD	ESP,32
   424 000001F3 0F BF 05 00000FF6               	MOVSX	EAX,WORD [4086]
   425 000001FA 50                              	PUSH	EAX
   426 000001FB 0F BF 05 00000FF4               	MOVSX	EAX,WORD [4084]
   427 00000202 50                              	PUSH	EAX
   428 00000203 53                              	PUSH	EBX
   429 00000204 E8 [00000000]                   	CALL	_init_screen8
   430 00000209 83 C4 0C                        	ADD	ESP,12
   431 0000020C C7 85 FFFFFBC4 00000001         	MOV	DWORD [-1084+EBP],1
   432 00000216 31 FF                           	XOR	EDI,EDI
   433 00000218                                 L6:
   434 00000218 FF B5 FFFFFBD0                  	PUSH	DWORD [-1072+EBP]
   435 0000021E 8D 9D FFFFFBE4                  	LEA	EBX,DWORD [-1052+EBP]
   436 00000224 E8 [00000000]                   	CALL	_sheet_alloc
   437 00000229 68 0000A500                     	PUSH	42240
   438 0000022E 8D B5 FFFFFBDC                  	LEA	ESI,DWORD [-1060+EBP]
   439 00000234 68 003C0000                     	PUSH	3932160
   440 00000239 89 84 3D FFFFFBEC               	MOV	DWORD [-1044+EBP+EDI*1],EAX
   441 00000240 E8 [00000000]                   	CALL	_memman_alloc_4k
   442 00000245 89 04 3B                        	MOV	DWORD [EBX+EDI*1],EAX
   443 00000248 6A FF                           	PUSH	-1
   444 0000024A 68 000000A5                     	PUSH	165
   445 0000024F 68 00000100                     	PUSH	256
   446 00000254 50                              	PUSH	EAX
   447 00000255 FF B4 3D FFFFFBEC               	PUSH	DWORD [-1044+EBP+EDI*1]
   448 0000025C E8 [00000000]                   	CALL	_sheet_setbuf
   449 00000261 83 C4 20                        	ADD	ESP,32
   450 00000264 6A 00                           	PUSH	0
   451 00000266 68 [00000100]                   	PUSH	LC0
   452 0000026B 68 000000A5                     	PUSH	165
   453 00000270 68 00000100                     	PUSH	256
   454 00000275 FF 34 3B                        	PUSH	DWORD [EBX+EDI*1]
   455 00000278 E8 [00000000]                   	CALL	_make_window8
   456 0000027D 6A 00                           	PUSH	0
   457 0000027F 68 00000080                     	PUSH	128
   458 00000284 68 000000F0                     	PUSH	240
   459 00000289 6A 1C                           	PUSH	28
   460 0000028B 6A 08                           	PUSH	8
   461 0000028D FF B4 3D FFFFFBEC               	PUSH	DWORD [-1044+EBP+EDI*1]
   462 00000294 E8 [00000000]                   	CALL	_make_textbox8
   463 00000299 83 C4 2C                        	ADD	ESP,44
   464 0000029C E8 [00000000]                   	CALL	_task_alloc
   465 000002A1 89 C3                           	MOV	EBX,EAX
   466 000002A3 89 04 3E                        	MOV	DWORD [ESI+EDI*1],EAX
   467 000002A6 68 00010000                     	PUSH	65536
   468 000002AB 68 003C0000                     	PUSH	3932160
   469 000002B0 E8 [00000000]                   	CALL	_memman_alloc_4k
   470 000002B5 8B 94 3D FFFFFBEC               	MOV	EDX,DWORD [-1044+EBP+EDI*1]
   471 000002BC 05 0000FFF4                     	ADD	EAX,65524
   472 000002C1 89 43 64                        	MOV	DWORD [100+EBX],EAX
   473 000002C4 8B 04 3E                        	MOV	EAX,DWORD [ESI+EDI*1]
   474 000002C7 8B 48 64                        	MOV	ECX,DWORD [100+EAX]
   475 000002CA C7 40 4C [00000000]             	MOV	DWORD [76+EAX],_console_task
   476 000002D1 C7 40 74 00000008               	MOV	DWORD [116+EAX],8
   477 000002D8 C7 40 78 00000010               	MOV	DWORD [120+EAX],16
   478 000002DF C7 40 7C 00000008               	MOV	DWORD [124+EAX],8
   479 000002E6 C7 80 00000080 00000008         	MOV	DWORD [128+EAX],8
   480 000002F0 C7 80 00000084 00000008         	MOV	DWORD [132+EAX],8
   481 000002FA C7 80 00000088 00000008         	MOV	DWORD [136+EAX],8
   482 00000304 89 51 04                        	MOV	DWORD [4+ECX],EDX
   483 00000307 8B 8D FFFFFBB0                  	MOV	ECX,DWORD [-1104+EBP]
   484 0000030D 8B 50 64                        	MOV	EDX,DWORD [100+EAX]
   485 00000310 89 4A 08                        	MOV	DWORD [8+EDX],ECX
   486 00000313 6A 02                           	PUSH	2
   487 00000315 6A 02                           	PUSH	2
   488 00000317 50                              	PUSH	EAX
   489 00000318 E8 [00000000]                   	CALL	_task_run
   490 0000031D 8B 14 3E                        	MOV	EDX,DWORD [ESI+EDI*1]
   491 00000320 8B 84 3D FFFFFBEC               	MOV	EAX,DWORD [-1044+EBP+EDI*1]
   492 00000327 83 48 1C 20                     	OR	DWORD [28+EAX],32
   493 0000032B 89 50 24                        	MOV	DWORD [36+EAX],EDX
   494 0000032E 68 00000200                     	PUSH	512
   495 00000333 68 003C0000                     	PUSH	3932160
   496 00000338 E8 [00000000]                   	CALL	_memman_alloc_4k
   497 0000033D 8D 95 FFFFFBD4                  	LEA	EDX,DWORD [-1068+EBP]
   498 00000343 89 04 3A                        	MOV	DWORD [EDX+EDI*1],EAX
   499 00000346 FF 34 3E                        	PUSH	DWORD [ESI+EDI*1]
   500 00000349 50                              	PUSH	EAX
   501 0000034A 68 00000080                     	PUSH	128
   502 0000034F 8B 04 3E                        	MOV	EAX,DWORD [ESI+EDI*1]
   503 00000352 83 C7 04                        	ADD	EDI,4
   504 00000355 83 C0 10                        	ADD	EAX,16
   505 00000358 50                              	PUSH	EAX
   506 00000359 E8 [00000000]                   	CALL	_fifo32_init
   507 0000035E 83 C4 2C                        	ADD	ESP,44
   508 00000361 FF 8D FFFFFBC4                  	DEC	DWORD [-1084+EBP]
   509 00000367 0F 89 FFFFFEAB                  	JNS	L6
   510 0000036D FF B5 FFFFFBD0                  	PUSH	DWORD [-1072+EBP]
   511 00000373 C7 85 FFFFFBC4 00000002         	MOV	DWORD [-1084+EBP],2
   512 0000037D 8D 9D FFFFFBF4                  	LEA	EBX,DWORD [-1036+EBP]
   513 00000383 E8 [00000000]                   	CALL	_sheet_alloc
   514 00000388 6A 63                           	PUSH	99
   515 0000038A 6A 10                           	PUSH	16
   516 0000038C 89 85 FFFFFBA8                  	MOV	DWORD [-1112+EBP],EAX
   517 00000392 6A 10                           	PUSH	16
   518 00000394 53                              	PUSH	EBX
   519 00000395 50                              	PUSH	EAX
   520 00000396 E8 [00000000]                   	CALL	_sheet_setbuf
   521 0000039B 6A 63                           	PUSH	99
   522 0000039D 53                              	PUSH	EBX
   523 0000039E 8D 5D 84                        	LEA	EBX,DWORD [-124+EBP]
   524 000003A1 E8 [00000000]                   	CALL	_init_mouse_cursor8
   525 000003A6 83 C4 20                        	ADD	ESP,32
   526 000003A9 0F BF 05 00000FF4               	MOVSX	EAX,WORD [4084]
   527 000003B0 8D 50 F0                        	LEA	EDX,DWORD [-16+EAX]
   528 000003B3 89 D0                           	MOV	EAX,EDX
   529 000003B5 99                              	CDQ
   530 000003B6 F7 BD FFFFFBC4                  	IDIV	DWORD [-1084+EBP]
   531 000003BC 89 85 FFFFFBCC                  	MOV	DWORD [-1076+EBP],EAX
   532 000003C2 0F BF 05 00000FF6               	MOVSX	EAX,WORD [4086]
   533 000003C9 6A 00                           	PUSH	0
   534 000003CB 8D 50 D4                        	LEA	EDX,DWORD [-44+EAX]
   535 000003CE 6A 00                           	PUSH	0
   536 000003D0 89 D0                           	MOV	EAX,EDX
   537 000003D2 99                              	CDQ
   538 000003D3 F7 BD FFFFFBC4                  	IDIV	DWORD [-1084+EBP]
   539 000003D9 FF B5 FFFFFBAC                  	PUSH	DWORD [-1108+EBP]
   540 000003DF 89 85 FFFFFBC8                  	MOV	DWORD [-1080+EBP],EAX
   541 000003E5 E8 [00000000]                   	CALL	_sheet_slide
   542 000003EA 6A 06                           	PUSH	6
   543 000003EC 6A 38                           	PUSH	56
   544 000003EE FF B5 FFFFFBF0                  	PUSH	DWORD [-1040+EBP]
   545 000003F4 E8 [00000000]                   	CALL	_sheet_slide
   546 000003F9 6A 02                           	PUSH	2
   547 000003FB 6A 08                           	PUSH	8
   548 000003FD FF B5 FFFFFBEC                  	PUSH	DWORD [-1044+EBP]
   549 00000403 E8 [00000000]                   	CALL	_sheet_slide
   550 00000408 83 C4 24                        	ADD	ESP,36
   551 0000040B FF B5 FFFFFBC8                  	PUSH	DWORD [-1080+EBP]
   552 00000411 FF B5 FFFFFBCC                  	PUSH	DWORD [-1076+EBP]
   553 00000417 FF B5 FFFFFBA8                  	PUSH	DWORD [-1112+EBP]
   554 0000041D E8 [00000000]                   	CALL	_sheet_slide
   555 00000422 6A 00                           	PUSH	0
   556 00000424 FF B5 FFFFFBAC                  	PUSH	DWORD [-1108+EBP]
   557 0000042A E8 [00000000]                   	CALL	_sheet_updown
   558 0000042F 6A 01                           	PUSH	1
   559 00000431 FF B5 FFFFFBF0                  	PUSH	DWORD [-1040+EBP]
   560 00000437 E8 [00000000]                   	CALL	_sheet_updown
   561 0000043C 6A 02                           	PUSH	2
   562 0000043E FF B5 FFFFFBEC                  	PUSH	DWORD [-1044+EBP]
   563 00000444 E8 [00000000]                   	CALL	_sheet_updown
   564 00000449 83 C4 24                        	ADD	ESP,36
   565 0000044C 6A 03                           	PUSH	3
   566 0000044E FF B5 FFFFFBA8                  	PUSH	DWORD [-1112+EBP]
   567 00000454 E8 [00000000]                   	CALL	_sheet_updown
   568 00000459 8B BD FFFFFBEC                  	MOV	EDI,DWORD [-1044+EBP]
   569 0000045F 57                              	PUSH	EDI
   570 00000460 E8 000006AD                     	CALL	_keywin_on
   571 00000465 68 000000ED                     	PUSH	237
   572 0000046A 53                              	PUSH	EBX
   573 0000046B E8 [00000000]                   	CALL	_fifo32_put
   574 00000470 FF B5 FFFFFB9C                  	PUSH	DWORD [-1124+EBP]
   575 00000476 53                              	PUSH	EBX
   576 00000477 E8 [00000000]                   	CALL	_fifo32_put
   577 0000047C 83 C4 1C                        	ADD	ESP,28
   578 0000047F                                 L7:
   579 0000047F 8D 5D 84                        	LEA	EBX,DWORD [-124+EBP]
   580 00000482 53                              	PUSH	EBX
   581 00000483 E8 [00000000]                   	CALL	_fifo32_status
   582 00000488 59                              	POP	ECX
   583 00000489 85 C0                           	TEST	EAX,EAX
   584 0000048B 7E 0D                           	JLE	L10
   585 0000048D 83 BD FFFFFB98 00               	CMP	DWORD [-1128+EBP],0
   586 00000494 0F 88 00000624                  	JS	L74
   587 0000049A                                 L10:
   588 0000049A 8D 5D A4                        	LEA	EBX,DWORD [-92+EBP]
   589 0000049D E8 [00000000]                   	CALL	_io_cli
   590 000004A2 53                              	PUSH	EBX
   591 000004A3 E8 [00000000]                   	CALL	_fifo32_status
   592 000004A8 5A                              	POP	EDX
   593 000004A9 85 C0                           	TEST	EAX,EAX
   594 000004AB 0F 84 000005AD                  	JE	L75
   595 000004B1 53                              	PUSH	EBX
   596 000004B2 E8 [00000000]                   	CALL	_fifo32_get
   597 000004B7 89 85 FFFFFBC4                  	MOV	DWORD [-1084+EBP],EAX
   598 000004BD E8 [00000000]                   	CALL	_io_sti
   599 000004C2 58                              	POP	EAX
   600 000004C3 83 7F 1C 00                     	CMP	DWORD [28+EDI],0
   601 000004C7 75 14                           	JNE	L17
   602 000004C9 8B 95 FFFFFBD0                  	MOV	EDX,DWORD [-1072+EBP]
   603 000004CF 8B 42 10                        	MOV	EAX,DWORD [16+EDX]
   604 000004D2 8B 7C 82 10                     	MOV	EDI,DWORD [16+EDX+EAX*4]
   605 000004D6 57                              	PUSH	EDI
   606 000004D7 E8 00000636                     	CALL	_keywin_on
   607 000004DC 58                              	POP	EAX
   608 000004DD                                 L17:
   609 000004DD 8B 85 FFFFFBC4                  	MOV	EAX,DWORD [-1084+EBP]
   610 000004E3 2D 00000100                     	SUB	EAX,256
   611 000004E8 3D 000000FF                     	CMP	EAX,255
   612 000004ED 0F 86 000002BC                  	JBE	L76
   613 000004F3 8B 85 FFFFFBC4                  	MOV	EAX,DWORD [-1084+EBP]
   614 000004F9 2D 00000200                     	SUB	EAX,512
   615 000004FE 3D 000000FF                     	CMP	EAX,255
   616 00000503 0F 87 FFFFFF76                  	JA	L7
   617 00000509 0F B6 85 FFFFFBC4               	MOVZX	EAX,BYTE [-1084+EBP]
   618 00000510 50                              	PUSH	EAX
   619 00000511 8D 85 FFFFFCF4                  	LEA	EAX,DWORD [-780+EBP]
   620 00000517 50                              	PUSH	EAX
   621 00000518 E8 [00000000]                   	CALL	_mouse_decode
   622 0000051D 59                              	POP	ECX
   623 0000051E 5B                              	POP	EBX
   624 0000051F 85 C0                           	TEST	EAX,EAX
   625 00000521 0F 84 FFFFFF58                  	JE	L7
   626 00000527 8B 85 FFFFFCFC                  	MOV	EAX,DWORD [-772+EBP]
   627 0000052D 8B 95 FFFFFCF8                  	MOV	EDX,DWORD [-776+EBP]
   628 00000533 01 85 FFFFFBC8                  	ADD	DWORD [-1080+EBP],EAX
   629 00000539 01 95 FFFFFBCC                  	ADD	DWORD [-1076+EBP],EDX
   630 0000053F 0F 88 0000025B                  	JS	L77
   631 00000545                                 L45:
   632 00000545 83 BD FFFFFBC8 00               	CMP	DWORD [-1080+EBP],0
   633 0000054C 0F 88 0000023F                  	JS	L78
   634 00000552                                 L46:
   635 00000552 0F BF 05 00000FF4               	MOVSX	EAX,WORD [4084]
   636 00000559 48                              	DEC	EAX
   637 0000055A 39 85 FFFFFBCC                  	CMP	DWORD [-1076+EBP],EAX
   638 00000560 7E 06                           	JLE	L47
   639 00000562 89 85 FFFFFBCC                  	MOV	DWORD [-1076+EBP],EAX
   640 00000568                                 L47:
   641 00000568 0F BF 05 00000FF6               	MOVSX	EAX,WORD [4086]
   642 0000056F 48                              	DEC	EAX
   643 00000570 39 85 FFFFFBC8                  	CMP	DWORD [-1080+EBP],EAX
   644 00000576 7E 06                           	JLE	L48
   645 00000578 89 85 FFFFFBC8                  	MOV	DWORD [-1080+EBP],EAX
   646 0000057E                                 L48:
   647 0000057E 8B 8D FFFFFBCC                  	MOV	ECX,DWORD [-1076+EBP]
   648 00000584 8B 85 FFFFFBC8                  	MOV	EAX,DWORD [-1080+EBP]
   649 0000058A 89 8D FFFFFBC0                  	MOV	DWORD [-1088+EBP],ECX
   650 00000590 89 85 FFFFFBBC                  	MOV	DWORD [-1092+EBP],EAX
   651 00000596 F7 85 FFFFFD00 00000001         	TEST	DWORD [-768+EBP],1
   652 000005A0 75 43                           	JNE	L79
   653 000005A2 C7 85 FFFFFB94 FFFFFFFF         	MOV	DWORD [-1132+EBP],-1
   654 000005AC 81 BD FFFFFBB8 7FFFFFFF         	CMP	DWORD [-1096+EBP],2147483647
   655 000005B6 0F 84 FFFFFEC3                  	JE	L7
   656 000005BC                                 L70:
   657 000005BC FF B5 FFFFFBB4                  	PUSH	DWORD [-1100+EBP]
   658 000005C2 FF B5 FFFFFBB8                  	PUSH	DWORD [-1096+EBP]
   659 000005C8 FF B5 FFFFFB88                  	PUSH	DWORD [-1144+EBP]
   660 000005CE E8 [00000000]                   	CALL	_sheet_slide
   661 000005D3 C7 85 FFFFFBB8 7FFFFFFF         	MOV	DWORD [-1096+EBP],2147483647
   662 000005DD                                 L71:
   663 000005DD 83 C4 0C                        	ADD	ESP,12
   664 000005E0 E9 FFFFFE9A                     	JMP	L7
   665 000005E5                                 L79:
   666 000005E5 83 BD FFFFFB94 00               	CMP	DWORD [-1132+EBP],0
   667 000005EC 78 46                           	JS	L80
   668 000005EE 8B 9D FFFFFBCC                  	MOV	EBX,DWORD [-1076+EBP]
   669 000005F4 8B 85 FFFFFB8C                  	MOV	EAX,DWORD [-1140+EBP]
   670 000005FA 2B 9D FFFFFB94                  	SUB	EBX,DWORD [-1132+EBP]
   671 00000600 8B B5 FFFFFBC8                  	MOV	ESI,DWORD [-1080+EBP]
   672 00000606 2B B5 FFFFFB90                  	SUB	ESI,DWORD [-1136+EBP]
   673 0000060C 8B 95 FFFFFBC8                  	MOV	EDX,DWORD [-1080+EBP]
   674 00000612 8D 5C 03 02                     	LEA	EBX,DWORD [2+EBX+EAX*1]
   675 00000616 89 95 FFFFFB90                  	MOV	DWORD [-1136+EBP],EDX
   676 0000061C 89 9D FFFFFBB8                  	MOV	DWORD [-1096+EBP],EBX
   677 00000622 01 B5 FFFFFBB4                  	ADD	DWORD [-1100+EBP],ESI
   678 00000628 83 A5 FFFFFBB8 FC               	AND	DWORD [-1096+EBP],-4
   679 0000062F E9 FFFFFE4B                     	JMP	L7
   680 00000634                                 L80:
   681 00000634 8B 95 FFFFFBD0                  	MOV	EDX,DWORD [-1072+EBP]
   682 0000063A 8B 52 10                        	MOV	EDX,DWORD [16+EDX]
   683 0000063D 89 95 FFFFFB84                  	MOV	DWORD [-1148+EBP],EDX
   684 00000643 89 D1                           	MOV	ECX,EDX
   685 00000645                                 L73:
   686 00000645 49                              	DEC	ECX
   687 00000646 85 C9                           	TEST	ECX,ECX
   688 00000648 0F 8E FFFFFE31                  	JLE	L7
   689 0000064E 8B 85 FFFFFBD0                  	MOV	EAX,DWORD [-1072+EBP]
   690 00000654 8B B5 FFFFFBC8                  	MOV	ESI,DWORD [-1080+EBP]
   691 0000065A 8B 9D FFFFFBCC                  	MOV	EBX,DWORD [-1076+EBP]
   692 00000660 8B 44 88 14                     	MOV	EAX,DWORD [20+EAX+ECX*4]
   693 00000664 89 85 FFFFFB88                  	MOV	DWORD [-1144+EBP],EAX
   694 0000066A 2B 70 10                        	SUB	ESI,DWORD [16+EAX]
   695 0000066D 2B 58 0C                        	SUB	EBX,DWORD [12+EAX]
   696 00000670 78 D3                           	JS	L73
   697 00000672 8B 40 04                        	MOV	EAX,DWORD [4+EAX]
   698 00000675 39 C3                           	CMP	EBX,EAX
   699 00000677 7D CC                           	JGE	L73
   700 00000679 85 F6                           	TEST	ESI,ESI
   701 0000067B 78 C8                           	JS	L73
   702 0000067D 8B 95 FFFFFB88                  	MOV	EDX,DWORD [-1144+EBP]
   703 00000683 3B 72 08                        	CMP	ESI,DWORD [8+EDX]
   704 00000686 7D BD                           	JGE	L73
   705 00000688 0F AF C6                        	IMUL	EAX,ESI
   706 0000068B 89 85 FFFFFB80                  	MOV	DWORD [-1152+EBP],EAX
   707 00000691 8B 12                           	MOV	EDX,DWORD [EDX]
   708 00000693 8B 85 FFFFFB80                  	MOV	EAX,DWORD [-1152+EBP]
   709 00000699 01 D8                           	ADD	EAX,EBX
   710 0000069B 0F B6 04 10                     	MOVZX	EAX,BYTE [EAX+EDX*1]
   711 0000069F 8B 95 FFFFFB88                  	MOV	EDX,DWORD [-1144+EBP]
   712 000006A5 3B 42 14                        	CMP	EAX,DWORD [20+EDX]
   713 000006A8 74 9B                           	JE	L73
   714 000006AA 8B 85 FFFFFB84                  	MOV	EAX,DWORD [-1148+EBP]
   715 000006B0 48                              	DEC	EAX
   716 000006B1 50                              	PUSH	EAX
   717 000006B2 52                              	PUSH	EDX
   718 000006B3 E8 [00000000]                   	CALL	_sheet_updown
   719 000006B8 39 BD FFFFFB88                  	CMP	DWORD [-1144+EBP],EDI
   720 000006BE 58                              	POP	EAX
   721 000006BF 5A                              	POP	EDX
   722 000006C0 74 14                           	JE	L57
   723 000006C2 57                              	PUSH	EDI
   724 000006C3 E8 0000041C                     	CALL	_keywin_off
   725 000006C8 8B BD FFFFFB88                  	MOV	EDI,DWORD [-1144+EBP]
   726 000006CE 57                              	PUSH	EDI
   727 000006CF E8 0000043E                     	CALL	_keywin_on
   728 000006D4 59                              	POP	ECX
   729 000006D5 58                              	POP	EAX
   730 000006D6                                 L57:
   731 000006D6 83 FB 02                        	CMP	EBX,2
   732 000006D9 7E 4A                           	JLE	L58
   733 000006DB 8B 8D FFFFFB88                  	MOV	ECX,DWORD [-1144+EBP]
   734 000006E1 8B 41 04                        	MOV	EAX,DWORD [4+ECX]
   735 000006E4 83 E8 03                        	SUB	EAX,3
   736 000006E7 39 C3                           	CMP	EBX,EAX
   737 000006E9 7D 3A                           	JGE	L58
   738 000006EB 83 FE 02                        	CMP	ESI,2
   739 000006EE 7E 35                           	JLE	L58
   740 000006F0 83 FE 14                        	CMP	ESI,20
   741 000006F3 7F 30                           	JG	L58
   742 000006F5 8B 85 FFFFFBCC                  	MOV	EAX,DWORD [-1076+EBP]
   743 000006FB 8B 95 FFFFFBC8                  	MOV	EDX,DWORD [-1080+EBP]
   744 00000701 89 85 FFFFFB94                  	MOV	DWORD [-1132+EBP],EAX
   745 00000707 8B 49 0C                        	MOV	ECX,DWORD [12+ECX]
   746 0000070A 8B 85 FFFFFB88                  	MOV	EAX,DWORD [-1144+EBP]
   747 00000710 89 95 FFFFFB90                  	MOV	DWORD [-1136+EBP],EDX
   748 00000716 89 8D FFFFFB8C                  	MOV	DWORD [-1140+EBP],ECX
   749 0000071C 8B 40 10                        	MOV	EAX,DWORD [16+EAX]
   750 0000071F 89 85 FFFFFBB4                  	MOV	DWORD [-1100+EBP],EAX
   751 00000725                                 L58:
   752 00000725 8B 8D FFFFFB88                  	MOV	ECX,DWORD [-1144+EBP]
   753 0000072B 8B 51 04                        	MOV	EDX,DWORD [4+ECX]
   754 0000072E 8D 42 EB                        	LEA	EAX,DWORD [-21+EDX]
   755 00000731 39 D8                           	CMP	EAX,EBX
   756 00000733 0F 8F FFFFFD46                  	JG	L7
   757 00000739 8D 42 FB                        	LEA	EAX,DWORD [-5+EDX]
   758 0000073C 39 C3                           	CMP	EBX,EAX
   759 0000073E 0F 8D FFFFFD3B                  	JGE	L7
   760 00000744 83 FE 04                        	CMP	ESI,4
   761 00000747 0F 8E FFFFFD32                  	JLE	L7
   762 0000074D 83 FE 12                        	CMP	ESI,18
   763 00000750 0F 8F FFFFFD29                  	JG	L7
   764 00000756 F6 41 1C 10                     	TEST	BYTE [28+ECX],16
   765 0000075A 0F 84 FFFFFD1F                  	JE	L7
   766 00000760 8B 59 24                        	MOV	EBX,DWORD [36+ECX]
   767 00000763 68 [00000108]                   	PUSH	LC2
   768 00000768 FF B3 00000094                  	PUSH	DWORD [148+EBX]
   769 0000076E E8 [00000000]                   	CALL	_cons_putstr0
   770 00000773 E8 [00000000]                   	CALL	_io_cli
   771 00000778 8D 43 30                        	LEA	EAX,DWORD [48+EBX]
   772 0000077B 89 43 54                        	MOV	DWORD [84+EBX],EAX
   773 0000077E C7 43 4C [00000000]             	MOV	DWORD [76+EBX],_asm_end_app
   774 00000785 E8 [00000000]                   	CALL	_io_sti
   775 0000078A                                 L69:
   776 0000078A 58                              	POP	EAX
   777 0000078B 5A                              	POP	EDX
   778 0000078C E9 FFFFFCEE                     	JMP	L7
   779 00000791                                 L78:
   780 00000791 C7 85 FFFFFBC8 00000000         	MOV	DWORD [-1080+EBP],0
   781 0000079B E9 FFFFFDB2                     	JMP	L46
   782 000007A0                                 L77:
   783 000007A0 C7 85 FFFFFBCC 00000000         	MOV	DWORD [-1076+EBP],0
   784 000007AA E9 FFFFFD96                     	JMP	L45
   785 000007AF                                 L76:
   786 000007AF 81 BD FFFFFBC4 0000017F         	CMP	DWORD [-1084+EBP],383
   787 000007B9 0F 8F 00000296                  	JG	L19
   788 000007BF 83 BD FFFFFBA0 00               	CMP	DWORD [-1120+EBP],0
   789 000007C6 0F 85 00000278                  	JNE	L20
   790 000007CC 8B 8D FFFFFBC4                  	MOV	ECX,DWORD [-1084+EBP]
   791 000007D2 8A 81 [FFFFFF00]                	MOV	AL,BYTE [_keytable0.0-256+ECX]
   792 000007D8                                 L72:
   793 000007D8 88 45 C4                        	MOV	BYTE [-60+EBP],AL
   794 000007DB                                 L22:
   795 000007DB 8A 55 C4                        	MOV	DL,BYTE [-60+EBP]
   796 000007DE 8D 42 BF                        	LEA	EAX,DWORD [-65+EDX]
   797 000007E1 3C 19                           	CMP	AL,25
   798 000007E3 77 1D                           	JA	L23
   799 000007E5 F7 85 FFFFFB9C 00000004         	TEST	DWORD [-1124+EBP],4
   800 000007EF 0F 85 00000240                  	JNE	L68
   801 000007F5 83 BD FFFFFBA0 00               	CMP	DWORD [-1120+EBP],0
   802 000007FC 0F 84 00000228                  	JE	L25
   803 00000802                                 L23:
   804 00000802 8A 45 C4                        	MOV	AL,BYTE [-60+EBP]
   805 00000805 84 C0                           	TEST	AL,AL
   806 00000807 74 17                           	JE	L27
   807 00000809 0F BE C0                        	MOVSX	EAX,AL
   808 0000080C 05 00000100                     	ADD	EAX,256
   809 00000811 50                              	PUSH	EAX
   810 00000812 8B 47 24                        	MOV	EAX,DWORD [36+EDI]
   811 00000815 83 C0 10                        	ADD	EAX,16
   812 00000818 50                              	PUSH	EAX
   813 00000819 E8 [00000000]                   	CALL	_fifo32_put
   814 0000081E 5E                              	POP	ESI
   815 0000081F 58                              	POP	EAX
   816 00000820                                 L27:
   817 00000820 81 BD FFFFFBC4 0000010F         	CMP	DWORD [-1084+EBP],271
   818 0000082A 0F 84 000001CD                  	JE	L81
   819 00000830                                 L28:
   820 00000830 81 BD FFFFFBC4 0000012A         	CMP	DWORD [-1084+EBP],298
   821 0000083A 0F 84 000001B1                  	JE	L82
   822 00000840                                 L30:
   823 00000840 81 BD FFFFFBC4 00000136         	CMP	DWORD [-1084+EBP],310
   824 0000084A 0F 84 00000195                  	JE	L83
   825 00000850                                 L31:
   826 00000850 81 BD FFFFFBC4 000001AA         	CMP	DWORD [-1084+EBP],426
   827 0000085A 0F 84 00000179                  	JE	L84
   828 00000860                                 L32:
   829 00000860 81 BD FFFFFBC4 000001B6         	CMP	DWORD [-1084+EBP],438
   830 0000086A 0F 84 0000015D                  	JE	L85
   831 00000870                                 L33:
   832 00000870 81 BD FFFFFBC4 0000013A         	CMP	DWORD [-1084+EBP],314
   833 0000087A 0F 84 00000124                  	JE	L86
   834 00000880                                 L34:
   835 00000880 81 BD FFFFFBC4 00000145         	CMP	DWORD [-1084+EBP],325
   836 0000088A 0F 84 000000EB                  	JE	L87
   837 00000890                                 L35:
   838 00000890 81 BD FFFFFBC4 00000146         	CMP	DWORD [-1084+EBP],326
   839 0000089A 0F 84 000000B2                  	JE	L88
   840 000008A0                                 L36:
   841 000008A0 81 BD FFFFFBC4 0000013B         	CMP	DWORD [-1084+EBP],315
   842 000008AA 74 62                           	JE	L89
   843 000008AC                                 L37:
   844 000008AC 81 BD FFFFFBC4 00000157         	CMP	DWORD [-1084+EBP],343
   845 000008B6 74 3F                           	JE	L90
   846 000008B8                                 L39:
   847 000008B8 81 BD FFFFFBC4 000001FA         	CMP	DWORD [-1084+EBP],506
   848 000008C2 74 27                           	JE	L91
   849 000008C4                                 L40:
   850 000008C4 81 BD FFFFFBC4 000001FE         	CMP	DWORD [-1084+EBP],510
   851 000008CE 0F 85 FFFFFBAB                  	JNE	L7
   852 000008D4 E8 [00000000]                   	CALL	_wait_KBC_sendready
   853 000008D9 FF B5 FFFFFB98                  	PUSH	DWORD [-1128+EBP]
   854 000008DF 6A 60                           	PUSH	96
   855 000008E1 E8 [00000000]                   	CALL	_io_out8
   856 000008E6 E9 FFFFFE9F                     	JMP	L69
   857 000008EB                                 L91:
   858 000008EB C7 85 FFFFFB98 FFFFFFFF         	MOV	DWORD [-1128+EBP],-1
   859 000008F5 EB CD                           	JMP	L40
   860 000008F7                                 L90:
   861 000008F7 8B 8D FFFFFBD0                  	MOV	ECX,DWORD [-1072+EBP]
   862 000008FD 8B 41 10                        	MOV	EAX,DWORD [16+ECX]
   863 00000900 48                              	DEC	EAX
   864 00000901 50                              	PUSH	EAX
   865 00000902 FF 71 18                        	PUSH	DWORD [24+ECX]
   866 00000905 E8 [00000000]                   	CALL	_sheet_updown
   867 0000090A 5E                              	POP	ESI
   868 0000090B 58                              	POP	EAX
   869 0000090C EB AA                           	JMP	L39
   870 0000090E                                 L89:
   871 0000090E 83 BD FFFFFBA0 00               	CMP	DWORD [-1120+EBP],0
   872 00000915 74 95                           	JE	L37
   873 00000917 8B 5F 24                        	MOV	EBX,DWORD [36+EDI]
   874 0000091A 85 DB                           	TEST	EBX,EBX
   875 0000091C 74 8E                           	JE	L37
   876 0000091E 83 7B 34 00                     	CMP	DWORD [52+EBX],0
   877 00000922 74 88                           	JE	L37
   878 00000924 68 [00000119]                   	PUSH	LC1
   879 00000929 FF B3 00000094                  	PUSH	DWORD [148+EBX]
   880 0000092F E8 [00000000]                   	CALL	_cons_putstr0
   881 00000934 E8 [00000000]                   	CALL	_io_cli
   882 00000939 8D 43 30                        	LEA	EAX,DWORD [48+EBX]
   883 0000093C 89 43 54                        	MOV	DWORD [84+EBX],EAX
   884 0000093F C7 43 4C [00000000]             	MOV	DWORD [76+EBX],_asm_end_app
   885 00000946 E8 [00000000]                   	CALL	_io_sti
   886 0000094B 58                              	POP	EAX
   887 0000094C 5A                              	POP	EDX
   888 0000094D E9 FFFFFF5A                     	JMP	L37
   889 00000952                                 L88:
   890 00000952 68 000000ED                     	PUSH	237
   891 00000957 8D 5D 84                        	LEA	EBX,DWORD [-124+EBP]
   892 0000095A 53                              	PUSH	EBX
   893 0000095B 83 B5 FFFFFB9C 01               	XOR	DWORD [-1124+EBP],1
   894 00000962 E8 [00000000]                   	CALL	_fifo32_put
   895 00000967 FF B5 FFFFFB9C                  	PUSH	DWORD [-1124+EBP]
   896 0000096D 53                              	PUSH	EBX
   897 0000096E E8 [00000000]                   	CALL	_fifo32_put
   898 00000973 83 C4 10                        	ADD	ESP,16
   899 00000976 E9 FFFFFF25                     	JMP	L36
   900 0000097B                                 L87:
   901 0000097B 68 000000ED                     	PUSH	237
   902 00000980 8D 5D 84                        	LEA	EBX,DWORD [-124+EBP]
   903 00000983 53                              	PUSH	EBX
   904 00000984 83 B5 FFFFFB9C 02               	XOR	DWORD [-1124+EBP],2
   905 0000098B E8 [00000000]                   	CALL	_fifo32_put
   906 00000990 FF B5 FFFFFB9C                  	PUSH	DWORD [-1124+EBP]
   907 00000996 53                              	PUSH	EBX
   908 00000997 E8 [00000000]                   	CALL	_fifo32_put
   909 0000099C 83 C4 10                        	ADD	ESP,16
   910 0000099F E9 FFFFFEEC                     	JMP	L35
   911 000009A4                                 L86:
   912 000009A4 68 000000ED                     	PUSH	237
   913 000009A9 8D 5D 84                        	LEA	EBX,DWORD [-124+EBP]
   914 000009AC 53                              	PUSH	EBX
   915 000009AD 83 B5 FFFFFB9C 04               	XOR	DWORD [-1124+EBP],4
   916 000009B4 E8 [00000000]                   	CALL	_fifo32_put
   917 000009B9 FF B5 FFFFFB9C                  	PUSH	DWORD [-1124+EBP]
   918 000009BF 53                              	PUSH	EBX
   919 000009C0 E8 [00000000]                   	CALL	_fifo32_put
   920 000009C5 83 C4 10                        	ADD	ESP,16
   921 000009C8 E9 FFFFFEB3                     	JMP	L34
   922 000009CD                                 L85:
   923 000009CD 83 A5 FFFFFBA0 FD               	AND	DWORD [-1120+EBP],-3
   924 000009D4 E9 FFFFFE97                     	JMP	L33
   925 000009D9                                 L84:
   926 000009D9 83 A5 FFFFFBA0 FE               	AND	DWORD [-1120+EBP],-2
   927 000009E0 E9 FFFFFE7B                     	JMP	L32
   928 000009E5                                 L83:
   929 000009E5 83 8D FFFFFBA0 02               	OR	DWORD [-1120+EBP],2
   930 000009EC E9 FFFFFE5F                     	JMP	L31
   931 000009F1                                 L82:
   932 000009F1 83 8D FFFFFBA0 01               	OR	DWORD [-1120+EBP],1
   933 000009F8 E9 FFFFFE43                     	JMP	L30
   934 000009FD                                 L81:
   935 000009FD 57                              	PUSH	EDI
   936 000009FE E8 000000E1                     	CALL	_keywin_off
   937 00000A03 8B 4F 18                        	MOV	ECX,DWORD [24+EDI]
   938 00000A06 49                              	DEC	ECX
   939 00000A07 5B                              	POP	EBX
   940 00000A08 75 0A                           	JNE	L29
   941 00000A0A 8B 85 FFFFFBD0                  	MOV	EAX,DWORD [-1072+EBP]
   942 00000A10 8B 48 10                        	MOV	ECX,DWORD [16+EAX]
   943 00000A13 49                              	DEC	ECX
   944 00000A14                                 L29:
   945 00000A14 8B 95 FFFFFBD0                  	MOV	EDX,DWORD [-1072+EBP]
   946 00000A1A 8B 7C 8A 14                     	MOV	EDI,DWORD [20+EDX+ECX*4]
   947 00000A1E 57                              	PUSH	EDI
   948 00000A1F E8 000000EE                     	CALL	_keywin_on
   949 00000A24 59                              	POP	ECX
   950 00000A25 E9 FFFFFE06                     	JMP	L28
   951 00000A2A                                 L25:
   952 00000A2A 8D 42 20                        	LEA	EAX,DWORD [32+EDX]
   953 00000A2D 88 45 C4                        	MOV	BYTE [-60+EBP],AL
   954 00000A30 E9 FFFFFDCD                     	JMP	L23
   955 00000A35                                 L68:
   956 00000A35 83 BD FFFFFBA0 00               	CMP	DWORD [-1120+EBP],0
   957 00000A3C 0F 84 FFFFFDC0                  	JE	L23
   958 00000A42 EB E6                           	JMP	L25
   959 00000A44                                 L20:
   960 00000A44 8B 95 FFFFFBC4                  	MOV	EDX,DWORD [-1084+EBP]
   961 00000A4A 8A 82 [FFFFFF80]                	MOV	AL,BYTE [_keytable1.1-256+EDX]
   962 00000A50 E9 FFFFFD83                     	JMP	L72
   963 00000A55                                 L19:
   964 00000A55 C6 45 C4 00                     	MOV	BYTE [-60+EBP],0
   965 00000A59 E9 FFFFFD7D                     	JMP	L22
   966 00000A5E                                 L75:
   967 00000A5E 83 BD FFFFFBC0 00               	CMP	DWORD [-1088+EBP],0
   968 00000A65 79 2C                           	JNS	L92
   969 00000A67 81 BD FFFFFBB8 7FFFFFFF         	CMP	DWORD [-1096+EBP],2147483647
   970 00000A71 75 16                           	JNE	L93
   971 00000A73 FF B5 FFFFFBA4                  	PUSH	DWORD [-1116+EBP]
   972 00000A79 E8 [00000000]                   	CALL	_task_sleep
   973 00000A7E E8 [00000000]                   	CALL	_io_sti
   974 00000A83 58                              	POP	EAX
   975 00000A84 E9 FFFFF9F6                     	JMP	L7
   976 00000A89                                 L93:
   977 00000A89 E8 [00000000]                   	CALL	_io_sti
   978 00000A8E E9 FFFFFB29                     	JMP	L70
   979 00000A93                                 L92:
   980 00000A93 E8 [00000000]                   	CALL	_io_sti
   981 00000A98 FF B5 FFFFFBBC                  	PUSH	DWORD [-1092+EBP]
   982 00000A9E FF B5 FFFFFBC0                  	PUSH	DWORD [-1088+EBP]
   983 00000AA4 FF B5 FFFFFBA8                  	PUSH	DWORD [-1112+EBP]
   984 00000AAA E8 [00000000]                   	CALL	_sheet_slide
   985 00000AAF C7 85 FFFFFBC0 FFFFFFFF         	MOV	DWORD [-1088+EBP],-1
   986 00000AB9 E9 FFFFFB1F                     	JMP	L71
   987 00000ABE                                 L74:
   988 00000ABE 53                              	PUSH	EBX
   989 00000ABF E8 [00000000]                   	CALL	_fifo32_get
   990 00000AC4 89 85 FFFFFB98                  	MOV	DWORD [-1128+EBP],EAX
   991 00000ACA E8 [00000000]                   	CALL	_wait_KBC_sendready
   992 00000ACF FF B5 FFFFFB98                  	PUSH	DWORD [-1128+EBP]
   993 00000AD5 6A 60                           	PUSH	96
   994 00000AD7 E8 [00000000]                   	CALL	_io_out8
   995 00000ADC 83 C4 0C                        	ADD	ESP,12
   996 00000ADF E9 FFFFF9B6                     	JMP	L10
   997 00000AE4                                 	GLOBAL	_keywin_off
   998 00000AE4                                 _keywin_off:
   999 00000AE4 55                              	PUSH	EBP
  1000 00000AE5 89 E5                           	MOV	EBP,ESP
  1001 00000AE7 53                              	PUSH	EBX
  1002 00000AE8 6A 00                           	PUSH	0
  1003 00000AEA 8B 5D 08                        	MOV	EBX,DWORD [8+EBP]
  1004 00000AED 53                              	PUSH	EBX
  1005 00000AEE E8 [00000000]                   	CALL	_change_wtitle8
  1006 00000AF3 F6 43 1C 20                     	TEST	BYTE [28+EBX],32
  1007 00000AF7 58                              	POP	EAX
  1008 00000AF8 5A                              	POP	EDX
  1009 00000AF9 75 05                           	JNE	L96
  1010 00000AFB                                 L94:
  1011 00000AFB 8B 5D FC                        	MOV	EBX,DWORD [-4+EBP]
  1012 00000AFE C9                              	LEAVE
  1013 00000AFF C3                              	RET
  1014 00000B00                                 L96:
  1015 00000B00 6A 03                           	PUSH	3
  1016 00000B02 8B 43 24                        	MOV	EAX,DWORD [36+EBX]
  1017 00000B05 83 C0 10                        	ADD	EAX,16
  1018 00000B08 50                              	PUSH	EAX
  1019 00000B09 E8 [00000000]                   	CALL	_fifo32_put
  1020 00000B0E 5B                              	POP	EBX
  1021 00000B0F 58                              	POP	EAX
  1022 00000B10 EB E9                           	JMP	L94
  1023 00000B12                                 	GLOBAL	_keywin_on
  1024 00000B12                                 _keywin_on:
  1025 00000B12 55                              	PUSH	EBP
  1026 00000B13 89 E5                           	MOV	EBP,ESP
  1027 00000B15 53                              	PUSH	EBX
  1028 00000B16 6A 01                           	PUSH	1
  1029 00000B18 8B 5D 08                        	MOV	EBX,DWORD [8+EBP]
  1030 00000B1B 53                              	PUSH	EBX
  1031 00000B1C E8 [00000000]                   	CALL	_change_wtitle8
  1032 00000B21 F6 43 1C 20                     	TEST	BYTE [28+EBX],32
  1033 00000B25 58                              	POP	EAX
  1034 00000B26 5A                              	POP	EDX
  1035 00000B27 75 05                           	JNE	L99
  1036 00000B29                                 L97:
  1037 00000B29 8B 5D FC                        	MOV	EBX,DWORD [-4+EBP]
  1038 00000B2C C9                              	LEAVE
  1039 00000B2D C3                              	RET
  1040 00000B2E                                 L99:
  1041 00000B2E 6A 02                           	PUSH	2
  1042 00000B30 8B 43 24                        	MOV	EAX,DWORD [36+EBX]
  1043 00000B33 83 C0 10                        	ADD	EAX,16
  1044 00000B36 50                              	PUSH	EAX
  1045 00000B37 E8 [00000000]                   	CALL	_fifo32_put
  1046 00000B3C 59                              	POP	ECX
  1047 00000B3D 5B                              	POP	EBX
  1048 00000B3E EB E9                           	JMP	L97
