     1 00000000                                 [FORMAT "WCOFF"]
     2 00000000                                 [INSTRSET "i486p"]
     3 00000000                                 [OPTIMIZE 1]
     4 00000000                                 [OPTION 1]
     5 00000000                                 [BITS 32]
     6 00000000                                 	EXTERN	_init_gdtidt
     7 00000000                                 	EXTERN	_init_pic
     8 00000000                                 	EXTERN	_io_sti
     9 00000000                                 	EXTERN	_fifo32_init
    10 00000000                                 	EXTERN	_init_pit
    11 00000000                                 	EXTERN	_init_keyboard
    12 00000000                                 	EXTERN	_enable_mouse
    13 00000000                                 	EXTERN	_io_out8
    14 00000000                                 	EXTERN	_memtest
    15 00000000                                 	EXTERN	_memman_init
    16 00000000                                 	EXTERN	_memman_free
    17 00000000                                 	EXTERN	_init_palette
    18 00000000                                 	EXTERN	_shtctl_init
    19 00000000                                 	EXTERN	_task_init
    20 00000000                                 	EXTERN	_task_run
    21 00000000                                 	EXTERN	_sheet_alloc
    22 00000000                                 	EXTERN	_memman_alloc_4k
    23 00000000                                 	EXTERN	_sheet_setbuf
    24 00000000                                 	EXTERN	_init_screen8
    25 00000000                                 	EXTERN	_init_mouse_cursor8
    26 00000000                                 	EXTERN	_sheet_slide
    27 00000000                                 	EXTERN	_sheet_updown
    28 00000000                                 	EXTERN	_fifo32_put
    29 00000000                                 	EXTERN	_fifo32_status
    30 00000000                                 	EXTERN	_io_cli
    31 00000000                                 	EXTERN	_fifo32_get
    32 00000000                                 	EXTERN	_mouse_decode
    33 00000000                                 	EXTERN	_cons_putstr0
    34 00000000                                 	EXTERN	_asm_end_app
    35 00000000                                 	EXTERN	_keytable0.0
    36 00000000                                 	EXTERN	_wait_KBC_sendready
    37 00000000                                 	EXTERN	_keytable1.1
    38 00000000                                 	EXTERN	_task_sleep
    39 00000000                                 	EXTERN	_change_wtitle8
    40 00000000                                 	EXTERN	_task_alloc
    41 00000000                                 	EXTERN	_make_window8
    42 00000000                                 	EXTERN	_make_textbox8
    43 00000000                                 	EXTERN	_console_task
    44 00000000                                 [FILE "bootpack.c"]
    45                                          [SECTION .data]
    46 00000000                                 _keytable0.0:
    47 00000000 00                              	DB	0
    48 00000001 00                              	DB	0
    49 00000002 31                              	DB	49
    50 00000003 32                              	DB	50
    51 00000004 33                              	DB	51
    52 00000005 34                              	DB	52
    53 00000006 35                              	DB	53
    54 00000007 36                              	DB	54
    55 00000008 37                              	DB	55
    56 00000009 38                              	DB	56
    57 0000000A 39                              	DB	57
    58 0000000B 30                              	DB	48
    59 0000000C 2D                              	DB	45
    60 0000000D 5E                              	DB	94
    61 0000000E 08                              	DB	8
    62 0000000F 00                              	DB	0
    63 00000010 51                              	DB	81
    64 00000011 57                              	DB	87
    65 00000012 45                              	DB	69
    66 00000013 52                              	DB	82
    67 00000014 54                              	DB	84
    68 00000015 59                              	DB	89
    69 00000016 55                              	DB	85
    70 00000017 49                              	DB	73
    71 00000018 4F                              	DB	79
    72 00000019 50                              	DB	80
    73 0000001A 40                              	DB	64
    74 0000001B 5B                              	DB	91
    75 0000001C 0A                              	DB	10
    76 0000001D 00                              	DB	0
    77 0000001E 41                              	DB	65
    78 0000001F 53                              	DB	83
    79 00000020 44                              	DB	68
    80 00000021 46                              	DB	70
    81 00000022 47                              	DB	71
    82 00000023 48                              	DB	72
    83 00000024 4A                              	DB	74
    84 00000025 4B                              	DB	75
    85 00000026 4C                              	DB	76
    86 00000027 3B                              	DB	59
    87 00000028 3A                              	DB	58
    88 00000029 00                              	DB	0
    89 0000002A 00                              	DB	0
    90 0000002B 5D                              	DB	93
    91 0000002C 5A                              	DB	90
    92 0000002D 58                              	DB	88
    93 0000002E 43                              	DB	67
    94 0000002F 56                              	DB	86
    95 00000030 42                              	DB	66
    96 00000031 4E                              	DB	78
    97 00000032 4D                              	DB	77
    98 00000033 2C                              	DB	44
    99 00000034 2E                              	DB	46
   100 00000035 2F                              	DB	47
   101 00000036 00                              	DB	0
   102 00000037 2A                              	DB	42
   103 00000038 00                              	DB	0
   104 00000039 20                              	DB	32
   105 0000003A 00                              	DB	0
   106 0000003B 00                              	DB	0
   107 0000003C 00                              	DB	0
   108 0000003D 00                              	DB	0
   109 0000003E 00                              	DB	0
   110 0000003F 00                              	DB	0
   111 00000040 00                              	DB	0
   112 00000041 00                              	DB	0
   113 00000042 00                              	DB	0
   114 00000043 00                              	DB	0
   115 00000044 00                              	DB	0
   116 00000045 00                              	DB	0
   117 00000046 00                              	DB	0
   118 00000047 37                              	DB	55
   119 00000048 38                              	DB	56
   120 00000049 39                              	DB	57
   121 0000004A 2D                              	DB	45
   122 0000004B 34                              	DB	52
   123 0000004C 35                              	DB	53
   124 0000004D 36                              	DB	54
   125 0000004E 2B                              	DB	43
   126 0000004F 31                              	DB	49
   127 00000050 32                              	DB	50
   128 00000051 33                              	DB	51
   129 00000052 30                              	DB	48
   130 00000053 2E                              	DB	46
   131 00000054 00                              	DB	0
   132 00000055 00                              	DB	0
   133 00000056 00                              	DB	0
   134 00000057 00                              	DB	0
   135 00000058 00                              	DB	0
   136 00000059 00                              	DB	0
   137 0000005A 00                              	DB	0
   138 0000005B 00                              	DB	0
   139 0000005C 00                              	DB	0
   140 0000005D 00                              	DB	0
   141 0000005E 00                              	DB	0
   142 0000005F 00                              	DB	0
   143 00000060 00                              	DB	0
   144 00000061 00                              	DB	0
   145 00000062 00                              	DB	0
   146 00000063 00                              	DB	0
   147 00000064 00                              	DB	0
   148 00000065 00                              	DB	0
   149 00000066 00                              	DB	0
   150 00000067 00                              	DB	0
   151 00000068 00                              	DB	0
   152 00000069 00                              	DB	0
   153 0000006A 00                              	DB	0
   154 0000006B 00                              	DB	0
   155 0000006C 00                              	DB	0
   156 0000006D 00                              	DB	0
   157 0000006E 00                              	DB	0
   158 0000006F 00                              	DB	0
   159 00000070 00                              	DB	0
   160 00000071 00                              	DB	0
   161 00000072 00                              	DB	0
   162 00000073 5C                              	DB	92
   163 00000074 00                              	DB	0
   164 00000075 00                              	DB	0
   165 00000076 00                              	DB	0
   166 00000077 00                              	DB	0
   167 00000078 00                              	DB	0
   168 00000079 00                              	DB	0
   169 0000007A 00                              	DB	0
   170 0000007B 00                              	DB	0
   171 0000007C 00                              	DB	0
   172 0000007D 5C                              	DB	92
   173 0000007E 00                              	DB	0
   174 0000007F 00                              	DB	0
   175 00000080                                 _keytable1.1:
   176 00000080 00                              	DB	0
   177 00000081 00                              	DB	0
   178 00000082 21                              	DB	33
   179 00000083 22                              	DB	34
   180 00000084 23                              	DB	35
   181 00000085 24                              	DB	36
   182 00000086 25                              	DB	37
   183 00000087 26                              	DB	38
   184 00000088 27                              	DB	39
   185 00000089 28                              	DB	40
   186 0000008A 29                              	DB	41
   187 0000008B 7E                              	DB	126
   188 0000008C 3D                              	DB	61
   189 0000008D 7E                              	DB	126
   190 0000008E 08                              	DB	8
   191 0000008F 00                              	DB	0
   192 00000090 51                              	DB	81
   193 00000091 57                              	DB	87
   194 00000092 45                              	DB	69
   195 00000093 52                              	DB	82
   196 00000094 54                              	DB	84
   197 00000095 59                              	DB	89
   198 00000096 55                              	DB	85
   199 00000097 49                              	DB	73
   200 00000098 4F                              	DB	79
   201 00000099 50                              	DB	80
   202 0000009A 60                              	DB	96
   203 0000009B 7B                              	DB	123
   204 0000009C 0A                              	DB	10
   205 0000009D 00                              	DB	0
   206 0000009E 41                              	DB	65
   207 0000009F 53                              	DB	83
   208 000000A0 44                              	DB	68
   209 000000A1 46                              	DB	70
   210 000000A2 47                              	DB	71
   211 000000A3 48                              	DB	72
   212 000000A4 4A                              	DB	74
   213 000000A5 4B                              	DB	75
   214 000000A6 4C                              	DB	76
   215 000000A7 2B                              	DB	43
   216 000000A8 2A                              	DB	42
   217 000000A9 00                              	DB	0
   218 000000AA 00                              	DB	0
   219 000000AB 7D                              	DB	125
   220 000000AC 5A                              	DB	90
   221 000000AD 58                              	DB	88
   222 000000AE 43                              	DB	67
   223 000000AF 56                              	DB	86
   224 000000B0 42                              	DB	66
   225 000000B1 4E                              	DB	78
   226 000000B2 4D                              	DB	77
   227 000000B3 3C                              	DB	60
   228 000000B4 3E                              	DB	62
   229 000000B5 3F                              	DB	63
   230 000000B6 00                              	DB	0
   231 000000B7 2A                              	DB	42
   232 000000B8 00                              	DB	0
   233 000000B9 20                              	DB	32
   234 000000BA 00                              	DB	0
   235 000000BB 00                              	DB	0
   236 000000BC 00                              	DB	0
   237 000000BD 00                              	DB	0
   238 000000BE 00                              	DB	0
   239 000000BF 00                              	DB	0
   240 000000C0 00                              	DB	0
   241 000000C1 00                              	DB	0
   242 000000C2 00                              	DB	0
   243 000000C3 00                              	DB	0
   244 000000C4 00                              	DB	0
   245 000000C5 00                              	DB	0
   246 000000C6 00                              	DB	0
   247 000000C7 37                              	DB	55
   248 000000C8 38                              	DB	56
   249 000000C9 39                              	DB	57
   250 000000CA 2D                              	DB	45
   251 000000CB 34                              	DB	52
   252 000000CC 35                              	DB	53
   253 000000CD 36                              	DB	54
   254 000000CE 2B                              	DB	43
   255 000000CF 31                              	DB	49
   256 000000D0 32                              	DB	50
   257 000000D1 33                              	DB	51
   258 000000D2 30                              	DB	48
   259 000000D3 2E                              	DB	46
   260 000000D4 00                              	DB	0
   261 000000D5 00                              	DB	0
   262 000000D6 00                              	DB	0
   263 000000D7 00                              	DB	0
   264 000000D8 00                              	DB	0
   265 000000D9 00                              	DB	0
   266 000000DA 00                              	DB	0
   267 000000DB 00                              	DB	0
   268 000000DC 00                              	DB	0
   269 000000DD 00                              	DB	0
   270 000000DE 00                              	DB	0
   271 000000DF 00                              	DB	0
   272 000000E0 00                              	DB	0
   273 000000E1 00                              	DB	0
   274 000000E2 00                              	DB	0
   275 000000E3 00                              	DB	0
   276 000000E4 00                              	DB	0
   277 000000E5 00                              	DB	0
   278 000000E6 00                              	DB	0
   279 000000E7 00                              	DB	0
   280 000000E8 00                              	DB	0
   281 000000E9 00                              	DB	0
   282 000000EA 00                              	DB	0
   283 000000EB 00                              	DB	0
   284 000000EC 00                              	DB	0
   285 000000ED 00                              	DB	0
   286 000000EE 00                              	DB	0
   287 000000EF 00                              	DB	0
   288 000000F0 00                              	DB	0
   289 000000F1 00                              	DB	0
   290 000000F2 00                              	DB	0
   291 000000F3 5F                              	DB	95
   292 000000F4 00                              	DB	0
   293 000000F5 00                              	DB	0
   294 000000F6 00                              	DB	0
   295 000000F7 00                              	DB	0
   296 000000F8 00                              	DB	0
   297 000000F9 00                              	DB	0
   298 000000FA 00                              	DB	0
   299 000000FB 00                              	DB	0
   300 000000FC 00                              	DB	0
   301 000000FD 7C                              	DB	124
   302 000000FE 00                              	DB	0
   303 000000FF 00                              	DB	0
   304 00000100                                 LC1:
   305 00000100 0A 42 72 65 61 6B 28 6D 6F 75   	DB	0x0A,"Break(mouse) :",0x0A,0x00
       0000010A 73 65 29 20 3A 0A 00 
   306 00000111                                 LC0:
   307 00000111 0A 42 72 65 61 6B 28 6B 65 79   	DB	0x0A,"Break(key) :",0x0A,0x00
       0000011B 29 20 3A 0A 00 
   308                                          [SECTION .text]
   309 00000000                                 	GLOBAL	_HariMain
   310 00000000                                 _HariMain:
   311 00000000 55                              	PUSH	EBP
   312 00000001 89 E5                           	MOV	EBP,ESP
   313 00000003 57                              	PUSH	EDI
   314 00000004 56                              	PUSH	ESI
   315 00000005 53                              	PUSH	EBX
   316 00000006 8D 5D A4                        	LEA	EBX,DWORD [-92+EBP]
   317 00000009 81 EC 00000458                  	SUB	ESP,1112
   318 0000000F C7 85 FFFFFBC8 00000000         	MOV	DWORD [-1080+EBP],0
   319 00000019 C7 85 FFFFFBCC 00000000         	MOV	DWORD [-1076+EBP],0
   320 00000023 C7 85 FFFFFBE4 FFFFFFFF         	MOV	DWORD [-1052+EBP],-1
   321 0000002D C7 85 FFFFFBE0 00000000         	MOV	DWORD [-1056+EBP],0
   322 00000037 C7 85 FFFFFBDC 7FFFFFFF         	MOV	DWORD [-1060+EBP],2147483647
   323 00000041 C7 85 FFFFFBD8 00000000         	MOV	DWORD [-1064+EBP],0
   324 0000004B C7 85 FFFFFBC0 00000000         	MOV	DWORD [-1088+EBP],0
   325 00000055 A0 00000FF1                     	MOV	AL,BYTE [4081]
   326 0000005A C0 F8 04                        	SAR	AL,4
   327 0000005D 89 C2                           	MOV	EDX,EAX
   328 0000005F 83 E2 07                        	AND	EDX,7
   329 00000062 89 95 FFFFFBBC                  	MOV	DWORD [-1092+EBP],EDX
   330 00000068 C7 85 FFFFFBB8 FFFFFFFF         	MOV	DWORD [-1096+EBP],-1
   331 00000072 C7 85 FFFFFBB4 FFFFFFFF         	MOV	DWORD [-1100+EBP],-1
   332 0000007C C7 85 FFFFFBB0 FFFFFFFF         	MOV	DWORD [-1104+EBP],-1
   333 00000086 C7 85 FFFFFBAC 00000000         	MOV	DWORD [-1108+EBP],0
   334 00000090 C7 85 FFFFFBA8 00000000         	MOV	DWORD [-1112+EBP],0
   335 0000009A E8 [00000000]                   	CALL	_init_gdtidt
   336 0000009F E8 [00000000]                   	CALL	_init_pic
   337 000000A4 E8 [00000000]                   	CALL	_io_sti
   338 000000A9 8D 85 FFFFFD84                  	LEA	EAX,DWORD [-636+EBP]
   339 000000AF 6A 00                           	PUSH	0
   340 000000B1 50                              	PUSH	EAX
   341 000000B2 68 00000080                     	PUSH	128
   342 000000B7 53                              	PUSH	EBX
   343 000000B8 E8 [00000000]                   	CALL	_fifo32_init
   344 000000BD E8 [00000000]                   	CALL	_init_pit
   345 000000C2 68 00000100                     	PUSH	256
   346 000000C7 53                              	PUSH	EBX
   347 000000C8 E8 [00000000]                   	CALL	_init_keyboard
   348 000000CD 8D 85 FFFFFCF4                  	LEA	EAX,DWORD [-780+EBP]
   349 000000D3 50                              	PUSH	EAX
   350 000000D4 68 00000200                     	PUSH	512
   351 000000D9 53                              	PUSH	EBX
   352 000000DA E8 [00000000]                   	CALL	_enable_mouse
   353 000000DF 83 C4 24                        	ADD	ESP,36
   354 000000E2 68 000000F8                     	PUSH	248
   355 000000E7 6A 21                           	PUSH	33
   356 000000E9 E8 [00000000]                   	CALL	_io_out8
   357 000000EE 68 000000EF                     	PUSH	239
   358 000000F3 68 000000A1                     	PUSH	161
   359 000000F8 E8 [00000000]                   	CALL	_io_out8
   360 000000FD 8D 85 FFFFFD04                  	LEA	EAX,DWORD [-764+EBP]
   361 00000103 6A 00                           	PUSH	0
   362 00000105 50                              	PUSH	EAX
   363 00000106 8D 45 84                        	LEA	EAX,DWORD [-124+EBP]
   364 00000109 6A 20                           	PUSH	32
   365 0000010B 50                              	PUSH	EAX
   366 0000010C E8 [00000000]                   	CALL	_fifo32_init
   367 00000111 83 C4 20                        	ADD	ESP,32
   368 00000114 68 BFFFFFFF                     	PUSH	-1073741825
   369 00000119 68 00400000                     	PUSH	4194304
   370 0000011E E8 [00000000]                   	CALL	_memtest
   371 00000123 68 003C0000                     	PUSH	3932160
   372 00000128 89 85 FFFFFBD4                  	MOV	DWORD [-1068+EBP],EAX
   373 0000012E E8 [00000000]                   	CALL	_memman_init
   374 00000133 68 0009E000                     	PUSH	647168
   375 00000138 68 00001000                     	PUSH	4096
   376 0000013D 68 003C0000                     	PUSH	3932160
   377 00000142 E8 [00000000]                   	CALL	_memman_free
   378 00000147 8B 85 FFFFFBD4                  	MOV	EAX,DWORD [-1068+EBP]
   379 0000014D 2D 00400000                     	SUB	EAX,4194304
   380 00000152 50                              	PUSH	EAX
   381 00000153 68 00400000                     	PUSH	4194304
   382 00000158 68 003C0000                     	PUSH	3932160
   383 0000015D E8 [00000000]                   	CALL	_memman_free
   384 00000162 83 C4 24                        	ADD	ESP,36
   385 00000165 E8 [00000000]                   	CALL	_init_palette
   386 0000016A 0F BF 05 00000FF6               	MOVSX	EAX,WORD [4086]
   387 00000171 50                              	PUSH	EAX
   388 00000172 0F BF 05 00000FF4               	MOVSX	EAX,WORD [4084]
   389 00000179 50                              	PUSH	EAX
   390 0000017A FF 35 00000FF8                  	PUSH	DWORD [4088]
   391 00000180 68 003C0000                     	PUSH	3932160
   392 00000185 E8 [00000000]                   	CALL	_shtctl_init
   393 0000018A 68 003C0000                     	PUSH	3932160
   394 0000018F 89 85 FFFFFBF0                  	MOV	DWORD [-1040+EBP],EAX
   395 00000195 E8 [00000000]                   	CALL	_task_init
   396 0000019A 6A 02                           	PUSH	2
   397 0000019C 6A 01                           	PUSH	1
   398 0000019E 89 85 FFFFFBC4                  	MOV	DWORD [-1084+EBP],EAX
   399 000001A4 50                              	PUSH	EAX
   400 000001A5 89 45 BC                        	MOV	DWORD [-68+EBP],EAX
   401 000001A8 E8 [00000000]                   	CALL	_task_run
   402 000001AD 83 C4 20                        	ADD	ESP,32
   403 000001B0 8B 95 FFFFFBF0                  	MOV	EDX,DWORD [-1040+EBP]
   404 000001B6 89 15 00000FE4                  	MOV	DWORD [4068],EDX
   405 000001BC 52                              	PUSH	EDX
   406 000001BD E8 [00000000]                   	CALL	_sheet_alloc
   407 000001C2 89 C7                           	MOV	EDI,EAX
   408 000001C4 0F BF 15 00000FF4               	MOVSX	EDX,WORD [4084]
   409 000001CB 0F BF 05 00000FF6               	MOVSX	EAX,WORD [4086]
   410 000001D2 0F AF D0                        	IMUL	EDX,EAX
   411 000001D5 52                              	PUSH	EDX
   412 000001D6 68 003C0000                     	PUSH	3932160
   413 000001DB E8 [00000000]                   	CALL	_memman_alloc_4k
   414 000001E0 6A FF                           	PUSH	-1
   415 000001E2 89 C3                           	MOV	EBX,EAX
   416 000001E4 0F BF 05 00000FF6               	MOVSX	EAX,WORD [4086]
   417 000001EB 50                              	PUSH	EAX
   418 000001EC 0F BF 05 00000FF4               	MOVSX	EAX,WORD [4084]
   419 000001F3 50                              	PUSH	EAX
   420 000001F4 53                              	PUSH	EBX
   421 000001F5 57                              	PUSH	EDI
   422 000001F6 E8 [00000000]                   	CALL	_sheet_setbuf
   423 000001FB 83 C4 20                        	ADD	ESP,32
   424 000001FE 0F BF 05 00000FF6               	MOVSX	EAX,WORD [4086]
   425 00000205 50                              	PUSH	EAX
   426 00000206 0F BF 05 00000FF4               	MOVSX	EAX,WORD [4084]
   427 0000020D 50                              	PUSH	EAX
   428 0000020E 53                              	PUSH	EBX
   429 0000020F 8D 9D FFFFFBF4                  	LEA	EBX,DWORD [-1036+EBP]
   430 00000215 E8 [00000000]                   	CALL	_init_screen8
   431 0000021A FF B5 FFFFFBD4                  	PUSH	DWORD [-1068+EBP]
   432 00000220 FF B5 FFFFFBF0                  	PUSH	DWORD [-1040+EBP]
   433 00000226 E8 000007C6                     	CALL	_open_console
   434 0000022B FF B5 FFFFFBF0                  	PUSH	DWORD [-1040+EBP]
   435 00000231 89 C6                           	MOV	ESI,EAX
   436 00000233 89 85 FFFFFBC8                  	MOV	DWORD [-1080+EBP],EAX
   437 00000239 C7 85 FFFFFBCC 00000000         	MOV	DWORD [-1076+EBP],0
   438 00000243 E8 [00000000]                   	CALL	_sheet_alloc
   439 00000248 6A 63                           	PUSH	99
   440 0000024A 6A 10                           	PUSH	16
   441 0000024C 6A 10                           	PUSH	16
   442 0000024E 89 85 FFFFFBD0                  	MOV	DWORD [-1072+EBP],EAX
   443 00000254 53                              	PUSH	EBX
   444 00000255 50                              	PUSH	EAX
   445 00000256 E8 [00000000]                   	CALL	_sheet_setbuf
   446 0000025B 83 C4 2C                        	ADD	ESP,44
   447 0000025E 6A 63                           	PUSH	99
   448 00000260 53                              	PUSH	EBX
   449 00000261 BB 00000002                     	MOV	EBX,2
   450 00000266 E8 [00000000]                   	CALL	_init_mouse_cursor8
   451 0000026B 0F BF 05 00000FF4               	MOVSX	EAX,WORD [4084]
   452 00000272 8D 48 F0                        	LEA	ECX,DWORD [-16+EAX]
   453 00000275 89 C8                           	MOV	EAX,ECX
   454 00000277 99                              	CDQ
   455 00000278 F7 FB                           	IDIV	EBX
   456 0000027A 89 85 FFFFFBEC                  	MOV	DWORD [-1044+EBP],EAX
   457 00000280 0F BF 05 00000FF6               	MOVSX	EAX,WORD [4086]
   458 00000287 6A 00                           	PUSH	0
   459 00000289 8D 48 D4                        	LEA	ECX,DWORD [-44+EAX]
   460 0000028C 6A 00                           	PUSH	0
   461 0000028E 89 C8                           	MOV	EAX,ECX
   462 00000290 57                              	PUSH	EDI
   463 00000291 99                              	CDQ
   464 00000292 F7 FB                           	IDIV	EBX
   465 00000294 89 85 FFFFFBE8                  	MOV	DWORD [-1048+EBP],EAX
   466 0000029A E8 [00000000]                   	CALL	_sheet_slide
   467 0000029F 6A 04                           	PUSH	4
   468 000002A1 6A 20                           	PUSH	32
   469 000002A3 56                              	PUSH	ESI
   470 000002A4 E8 [00000000]                   	CALL	_sheet_slide
   471 000002A9 83 C4 20                        	ADD	ESP,32
   472 000002AC FF B5 FFFFFBE8                  	PUSH	DWORD [-1048+EBP]
   473 000002B2 FF B5 FFFFFBEC                  	PUSH	DWORD [-1044+EBP]
   474 000002B8 FF B5 FFFFFBD0                  	PUSH	DWORD [-1072+EBP]
   475 000002BE E8 [00000000]                   	CALL	_sheet_slide
   476 000002C3 6A 00                           	PUSH	0
   477 000002C5 57                              	PUSH	EDI
   478 000002C6 89 F7                           	MOV	EDI,ESI
   479 000002C8 E8 [00000000]                   	CALL	_sheet_updown
   480 000002CD 6A 01                           	PUSH	1
   481 000002CF 56                              	PUSH	ESI
   482 000002D0 E8 [00000000]                   	CALL	_sheet_updown
   483 000002D5 6A 02                           	PUSH	2
   484 000002D7 FF B5 FFFFFBD0                  	PUSH	DWORD [-1072+EBP]
   485 000002DD E8 [00000000]                   	CALL	_sheet_updown
   486 000002E2 83 C4 24                        	ADD	ESP,36
   487 000002E5 56                              	PUSH	ESI
   488 000002E6 E8 000006D8                     	CALL	_keywin_on
   489 000002EB 8D 55 84                        	LEA	EDX,DWORD [-124+EBP]
   490 000002EE 68 000000ED                     	PUSH	237
   491 000002F3 52                              	PUSH	EDX
   492 000002F4 E8 [00000000]                   	CALL	_fifo32_put
   493 000002F9 8D 45 84                        	LEA	EAX,DWORD [-124+EBP]
   494 000002FC FF B5 FFFFFBBC                  	PUSH	DWORD [-1092+EBP]
   495 00000302 50                              	PUSH	EAX
   496 00000303 E8 [00000000]                   	CALL	_fifo32_put
   497 00000308 83 C4 14                        	ADD	ESP,20
   498 0000030B                                 L2:
   499 0000030B 8D 5D 84                        	LEA	EBX,DWORD [-124+EBP]
   500 0000030E 53                              	PUSH	EBX
   501 0000030F E8 [00000000]                   	CALL	_fifo32_status
   502 00000314 59                              	POP	ECX
   503 00000315 85 C0                           	TEST	EAX,EAX
   504 00000317 7E 0D                           	JLE	L5
   505 00000319 83 BD FFFFFBB8 00               	CMP	DWORD [-1096+EBP],0
   506 00000320 0F 88 00000649                  	JS	L68
   507 00000326                                 L5:
   508 00000326 8D 5D A4                        	LEA	EBX,DWORD [-92+EBP]
   509 00000329 E8 [00000000]                   	CALL	_io_cli
   510 0000032E 53                              	PUSH	EBX
   511 0000032F E8 [00000000]                   	CALL	_fifo32_status
   512 00000334 5A                              	POP	EDX
   513 00000335 85 C0                           	TEST	EAX,EAX
   514 00000337 0F 84 000005D2                  	JE	L69
   515 0000033D 53                              	PUSH	EBX
   516 0000033E E8 [00000000]                   	CALL	_fifo32_get
   517 00000343 89 C6                           	MOV	ESI,EAX
   518 00000345 E8 [00000000]                   	CALL	_io_sti
   519 0000034A 5B                              	POP	EBX
   520 0000034B 83 7F 1C 00                     	CMP	DWORD [28+EDI],0
   521 0000034F 75 14                           	JNE	L12
   522 00000351 8B 95 FFFFFBF0                  	MOV	EDX,DWORD [-1040+EBP]
   523 00000357 8B 42 10                        	MOV	EAX,DWORD [16+EDX]
   524 0000035A 8B 7C 82 10                     	MOV	EDI,DWORD [16+EDX+EAX*4]
   525 0000035E 57                              	PUSH	EDI
   526 0000035F E8 0000065F                     	CALL	_keywin_on
   527 00000364 59                              	POP	ECX
   528 00000365                                 L12:
   529 00000365 8D 86 FFFFFF00                  	LEA	EAX,DWORD [-256+ESI]
   530 0000036B 3D 000000FF                     	CMP	EAX,255
   531 00000370 0F 86 000002B7                  	JBE	L70
   532 00000376 8D 86 FFFFFE00                  	LEA	EAX,DWORD [-512+ESI]
   533 0000037C 3D 000000FF                     	CMP	EAX,255
   534 00000381 77 88                           	JA	L2
   535 00000383 89 F2                           	MOV	EDX,ESI
   536 00000385 0F B6 C2                        	MOVZX	EAX,DL
   537 00000388 50                              	PUSH	EAX
   538 00000389 8D 85 FFFFFCF4                  	LEA	EAX,DWORD [-780+EBP]
   539 0000038F 50                              	PUSH	EAX
   540 00000390 E8 [00000000]                   	CALL	_mouse_decode
   541 00000395 59                              	POP	ECX
   542 00000396 5B                              	POP	EBX
   543 00000397 85 C0                           	TEST	EAX,EAX
   544 00000399 0F 84 FFFFFF6C                  	JE	L2
   545 0000039F 8B 85 FFFFFCFC                  	MOV	EAX,DWORD [-772+EBP]
   546 000003A5 8B 95 FFFFFCF8                  	MOV	EDX,DWORD [-776+EBP]
   547 000003AB 01 85 FFFFFBE8                  	ADD	DWORD [-1048+EBP],EAX
   548 000003B1 01 95 FFFFFBEC                  	ADD	DWORD [-1044+EBP],EDX
   549 000003B7 0F 88 00000261                  	JS	L71
   550 000003BD                                 L41:
   551 000003BD 83 BD FFFFFBE8 00               	CMP	DWORD [-1048+EBP],0
   552 000003C4 0F 88 00000245                  	JS	L72
   553 000003CA                                 L42:
   554 000003CA 0F BF 05 00000FF4               	MOVSX	EAX,WORD [4084]
   555 000003D1 48                              	DEC	EAX
   556 000003D2 39 85 FFFFFBEC                  	CMP	DWORD [-1044+EBP],EAX
   557 000003D8 7E 06                           	JLE	L43
   558 000003DA 89 85 FFFFFBEC                  	MOV	DWORD [-1044+EBP],EAX
   559 000003E0                                 L43:
   560 000003E0 0F BF 05 00000FF6               	MOVSX	EAX,WORD [4086]
   561 000003E7 48                              	DEC	EAX
   562 000003E8 39 85 FFFFFBE8                  	CMP	DWORD [-1048+EBP],EAX
   563 000003EE 7E 06                           	JLE	L44
   564 000003F0 89 85 FFFFFBE8                  	MOV	DWORD [-1048+EBP],EAX
   565 000003F6                                 L44:
   566 000003F6 8B 85 FFFFFBEC                  	MOV	EAX,DWORD [-1044+EBP]
   567 000003FC 8B 95 FFFFFBE8                  	MOV	EDX,DWORD [-1048+EBP]
   568 00000402 89 85 FFFFFBE4                  	MOV	DWORD [-1052+EBP],EAX
   569 00000408 89 95 FFFFFBE0                  	MOV	DWORD [-1056+EBP],EDX
   570 0000040E F7 85 FFFFFD00 00000001         	TEST	DWORD [-768+EBP],1
   571 00000418 75 43                           	JNE	L73
   572 0000041A C7 85 FFFFFBB4 FFFFFFFF         	MOV	DWORD [-1100+EBP],-1
   573 00000424 81 BD FFFFFBDC 7FFFFFFF         	CMP	DWORD [-1060+EBP],2147483647
   574 0000042E 0F 84 FFFFFED7                  	JE	L2
   575 00000434                                 L64:
   576 00000434 FF B5 FFFFFBD8                  	PUSH	DWORD [-1064+EBP]
   577 0000043A FF B5 FFFFFBDC                  	PUSH	DWORD [-1060+EBP]
   578 00000440 FF B5 FFFFFBA8                  	PUSH	DWORD [-1112+EBP]
   579 00000446 E8 [00000000]                   	CALL	_sheet_slide
   580 0000044B C7 85 FFFFFBDC 7FFFFFFF         	MOV	DWORD [-1060+EBP],2147483647
   581 00000455                                 L65:
   582 00000455 83 C4 0C                        	ADD	ESP,12
   583 00000458 E9 FFFFFEAE                     	JMP	L2
   584 0000045D                                 L73:
   585 0000045D 83 BD FFFFFBB4 00               	CMP	DWORD [-1100+EBP],0
   586 00000464 78 46                           	JS	L74
   587 00000466 8B 9D FFFFFBEC                  	MOV	EBX,DWORD [-1044+EBP]
   588 0000046C 8B 85 FFFFFBAC                  	MOV	EAX,DWORD [-1108+EBP]
   589 00000472 2B 9D FFFFFBB4                  	SUB	EBX,DWORD [-1100+EBP]
   590 00000478 8B B5 FFFFFBE8                  	MOV	ESI,DWORD [-1048+EBP]
   591 0000047E 2B B5 FFFFFBB0                  	SUB	ESI,DWORD [-1104+EBP]
   592 00000484 8B 95 FFFFFBE8                  	MOV	EDX,DWORD [-1048+EBP]
   593 0000048A 8D 5C 03 02                     	LEA	EBX,DWORD [2+EBX+EAX*1]
   594 0000048E 89 95 FFFFFBB0                  	MOV	DWORD [-1104+EBP],EDX
   595 00000494 89 9D FFFFFBDC                  	MOV	DWORD [-1060+EBP],EBX
   596 0000049A 01 B5 FFFFFBD8                  	ADD	DWORD [-1064+EBP],ESI
   597 000004A0 83 A5 FFFFFBDC FC               	AND	DWORD [-1060+EBP],-4
   598 000004A7 E9 FFFFFE5F                     	JMP	L2
   599 000004AC                                 L74:
   600 000004AC 8B 85 FFFFFBF0                  	MOV	EAX,DWORD [-1040+EBP]
   601 000004B2 8B 40 10                        	MOV	EAX,DWORD [16+EAX]
   602 000004B5 89 85 FFFFFBA0                  	MOV	DWORD [-1120+EBP],EAX
   603 000004BB 89 C1                           	MOV	ECX,EAX
   604 000004BD                                 L67:
   605 000004BD 49                              	DEC	ECX
   606 000004BE 85 C9                           	TEST	ECX,ECX
   607 000004C0 0F 8E FFFFFE45                  	JLE	L2
   608 000004C6 8B 95 FFFFFBF0                  	MOV	EDX,DWORD [-1040+EBP]
   609 000004CC 8B B5 FFFFFBE8                  	MOV	ESI,DWORD [-1048+EBP]
   610 000004D2 8B 9D FFFFFBEC                  	MOV	EBX,DWORD [-1044+EBP]
   611 000004D8 8B 54 8A 14                     	MOV	EDX,DWORD [20+EDX+ECX*4]
   612 000004DC 89 95 FFFFFBA8                  	MOV	DWORD [-1112+EBP],EDX
   613 000004E2 2B 72 10                        	SUB	ESI,DWORD [16+EDX]
   614 000004E5 2B 5A 0C                        	SUB	EBX,DWORD [12+EDX]
   615 000004E8 78 D3                           	JS	L67
   616 000004EA 8B 42 04                        	MOV	EAX,DWORD [4+EDX]
   617 000004ED 39 C3                           	CMP	EBX,EAX
   618 000004EF 7D CC                           	JGE	L67
   619 000004F1 85 F6                           	TEST	ESI,ESI
   620 000004F3 78 C8                           	JS	L67
   621 000004F5 3B 72 08                        	CMP	ESI,DWORD [8+EDX]
   622 000004F8 7D C3                           	JGE	L67
   623 000004FA 0F AF C6                        	IMUL	EAX,ESI
   624 000004FD 89 85 FFFFFB9C                  	MOV	DWORD [-1124+EBP],EAX
   625 00000503 8B 12                           	MOV	EDX,DWORD [EDX]
   626 00000505 8B 85 FFFFFB9C                  	MOV	EAX,DWORD [-1124+EBP]
   627 0000050B 01 D8                           	ADD	EAX,EBX
   628 0000050D 0F B6 04 10                     	MOVZX	EAX,BYTE [EAX+EDX*1]
   629 00000511 8B 95 FFFFFBA8                  	MOV	EDX,DWORD [-1112+EBP]
   630 00000517 3B 42 14                        	CMP	EAX,DWORD [20+EDX]
   631 0000051A 74 A1                           	JE	L67
   632 0000051C 8B 85 FFFFFBA0                  	MOV	EAX,DWORD [-1120+EBP]
   633 00000522 48                              	DEC	EAX
   634 00000523 50                              	PUSH	EAX
   635 00000524 52                              	PUSH	EDX
   636 00000525 E8 [00000000]                   	CALL	_sheet_updown
   637 0000052A 39 BD FFFFFBA8                  	CMP	DWORD [-1112+EBP],EDI
   638 00000530 58                              	POP	EAX
   639 00000531 5A                              	POP	EDX
   640 00000532 74 14                           	JE	L53
   641 00000534 57                              	PUSH	EDI
   642 00000535 E8 0000045B                     	CALL	_keywin_off
   643 0000053A 8B BD FFFFFBA8                  	MOV	EDI,DWORD [-1112+EBP]
   644 00000540 57                              	PUSH	EDI
   645 00000541 E8 0000047D                     	CALL	_keywin_on
   646 00000546 59                              	POP	ECX
   647 00000547 58                              	POP	EAX
   648 00000548                                 L53:
   649 00000548 83 FB 02                        	CMP	EBX,2
   650 0000054B 7E 50                           	JLE	L54
   651 0000054D 8B 95 FFFFFBA8                  	MOV	EDX,DWORD [-1112+EBP]
   652 00000553 8B 42 04                        	MOV	EAX,DWORD [4+EDX]
   653 00000556 83 E8 03                        	SUB	EAX,3
   654 00000559 39 C3                           	CMP	EBX,EAX
   655 0000055B 7D 40                           	JGE	L54
   656 0000055D 83 FE 02                        	CMP	ESI,2
   657 00000560 7E 3B                           	JLE	L54
   658 00000562 83 FE 14                        	CMP	ESI,20
   659 00000565 7F 36                           	JG	L54
   660 00000567 8B 85 FFFFFBEC                  	MOV	EAX,DWORD [-1044+EBP]
   661 0000056D 8B 95 FFFFFBE8                  	MOV	EDX,DWORD [-1048+EBP]
   662 00000573 89 85 FFFFFBB4                  	MOV	DWORD [-1100+EBP],EAX
   663 00000579 89 95 FFFFFBB0                  	MOV	DWORD [-1104+EBP],EDX
   664 0000057F 8B 85 FFFFFBA8                  	MOV	EAX,DWORD [-1112+EBP]
   665 00000585 8B 95 FFFFFBA8                  	MOV	EDX,DWORD [-1112+EBP]
   666 0000058B 8B 40 0C                        	MOV	EAX,DWORD [12+EAX]
   667 0000058E 8B 52 10                        	MOV	EDX,DWORD [16+EDX]
   668 00000591 89 85 FFFFFBAC                  	MOV	DWORD [-1108+EBP],EAX
   669 00000597 89 95 FFFFFBD8                  	MOV	DWORD [-1064+EBP],EDX
   670 0000059D                                 L54:
   671 0000059D 8B 85 FFFFFBA8                  	MOV	EAX,DWORD [-1112+EBP]
   672 000005A3 8B 50 04                        	MOV	EDX,DWORD [4+EAX]
   673 000005A6 8D 42 EB                        	LEA	EAX,DWORD [-21+EDX]
   674 000005A9 39 D8                           	CMP	EAX,EBX
   675 000005AB 0F 8F FFFFFD5A                  	JG	L2
   676 000005B1 8D 42 FB                        	LEA	EAX,DWORD [-5+EDX]
   677 000005B4 39 C3                           	CMP	EBX,EAX
   678 000005B6 0F 8D FFFFFD4F                  	JGE	L2
   679 000005BC 83 FE 04                        	CMP	ESI,4
   680 000005BF 0F 8E FFFFFD46                  	JLE	L2
   681 000005C5 83 FE 12                        	CMP	ESI,18
   682 000005C8 0F 8F FFFFFD3D                  	JG	L2
   683 000005CE 8B 95 FFFFFBA8                  	MOV	EDX,DWORD [-1112+EBP]
   684 000005D4 F6 42 1C 10                     	TEST	BYTE [28+EDX],16
   685 000005D8 0F 84 FFFFFD2D                  	JE	L2
   686 000005DE 8B 5A 24                        	MOV	EBX,DWORD [36+EDX]
   687 000005E1 68 [00000100]                   	PUSH	LC1
   688 000005E6 FF B3 00000094                  	PUSH	DWORD [148+EBX]
   689 000005EC E8 [00000000]                   	CALL	_cons_putstr0
   690 000005F1 E8 [00000000]                   	CALL	_io_cli
   691 000005F6 8D 43 30                        	LEA	EAX,DWORD [48+EBX]
   692 000005F9 89 43 54                        	MOV	DWORD [84+EBX],EAX
   693 000005FC C7 43 4C [00000000]             	MOV	DWORD [76+EBX],_asm_end_app
   694 00000603 E8 [00000000]                   	CALL	_io_sti
   695 00000608                                 L63:
   696 00000608 58                              	POP	EAX
   697 00000609 5A                              	POP	EDX
   698 0000060A E9 FFFFFCFC                     	JMP	L2
   699 0000060F                                 L72:
   700 0000060F C7 85 FFFFFBE8 00000000         	MOV	DWORD [-1048+EBP],0
   701 00000619 E9 FFFFFDAC                     	JMP	L42
   702 0000061E                                 L71:
   703 0000061E C7 85 FFFFFBEC 00000000         	MOV	DWORD [-1044+EBP],0
   704 00000628 E9 FFFFFD90                     	JMP	L41
   705 0000062D                                 L70:
   706 0000062D 81 FE 0000017F                  	CMP	ESI,383
   707 00000633 0F 8F 000002CD                  	JG	L14
   708 00000639 83 BD FFFFFBC0 00               	CMP	DWORD [-1088+EBP],0
   709 00000640 0F 85 000002B5                  	JNE	L15
   710 00000646 8A 86 [FFFFFF00]                	MOV	AL,BYTE [_keytable0.0-256+ESI]
   711 0000064C                                 L66:
   712 0000064C 88 45 C4                        	MOV	BYTE [-60+EBP],AL
   713 0000064F                                 L17:
   714 0000064F 8A 55 C4                        	MOV	DL,BYTE [-60+EBP]
   715 00000652 8D 42 BF                        	LEA	EAX,DWORD [-65+EDX]
   716 00000655 3C 19                           	CMP	AL,25
   717 00000657 77 1D                           	JA	L18
   718 00000659 F7 85 FFFFFBBC 00000004         	TEST	DWORD [-1092+EBP],4
   719 00000663 0F 85 00000283                  	JNE	L62
   720 00000669 83 BD FFFFFBC0 00               	CMP	DWORD [-1088+EBP],0
   721 00000670 0F 84 0000026B                  	JE	L20
   722 00000676                                 L18:
   723 00000676 8A 45 C4                        	MOV	AL,BYTE [-60+EBP]
   724 00000679 84 C0                           	TEST	AL,AL
   725 0000067B 74 17                           	JE	L22
   726 0000067D 0F BE C0                        	MOVSX	EAX,AL
   727 00000680 05 00000100                     	ADD	EAX,256
   728 00000685 50                              	PUSH	EAX
   729 00000686 8B 47 24                        	MOV	EAX,DWORD [36+EDI]
   730 00000689 83 C0 10                        	ADD	EAX,16
   731 0000068C 50                              	PUSH	EAX
   732 0000068D E8 [00000000]                   	CALL	_fifo32_put
   733 00000692 58                              	POP	EAX
   734 00000693 5A                              	POP	EDX
   735 00000694                                 L22:
   736 00000694 81 FE 0000010F                  	CMP	ESI,271
   737 0000069A 0F 84 00000214                  	JE	L75
   738 000006A0                                 L23:
   739 000006A0 81 FE 0000012A                  	CMP	ESI,298
   740 000006A6 0F 84 000001FC                  	JE	L76
   741 000006AC                                 L25:
   742 000006AC 81 FE 00000136                  	CMP	ESI,310
   743 000006B2 0F 84 000001E4                  	JE	L77
   744 000006B8                                 L26:
   745 000006B8 81 FE 000001AA                  	CMP	ESI,426
   746 000006BE 0F 84 000001CC                  	JE	L78
   747 000006C4                                 L27:
   748 000006C4 81 FE 000001B6                  	CMP	ESI,438
   749 000006CA 0F 84 000001B4                  	JE	L79
   750 000006D0                                 L28:
   751 000006D0 81 FE 0000013A                  	CMP	ESI,314
   752 000006D6 0F 84 0000017F                  	JE	L80
   753 000006DC                                 L29:
   754 000006DC 81 FE 00000145                  	CMP	ESI,325
   755 000006E2 0F 84 0000014A                  	JE	L81
   756 000006E8                                 L30:
   757 000006E8 81 FE 00000146                  	CMP	ESI,326
   758 000006EE 0F 84 00000115                  	JE	L82
   759 000006F4                                 L31:
   760 000006F4 81 FE 0000013B                  	CMP	ESI,315
   761 000006FA 0F 84 000000B9                  	JE	L83
   762 00000700                                 L32:
   763 00000700 81 FE 0000013C                  	CMP	ESI,316
   764 00000706 74 56                           	JE	L84
   765 00000708                                 L34:
   766 00000708 81 FE 00000157                  	CMP	ESI,343
   767 0000070E 74 37                           	JE	L85
   768 00000710                                 L35:
   769 00000710 81 FE 000001FA                  	CMP	ESI,506
   770 00000716 74 23                           	JE	L86
   771 00000718                                 L36:
   772 00000718 81 FE 000001FE                  	CMP	ESI,510
   773 0000071E 0F 85 FFFFFBE7                  	JNE	L2
   774 00000724 E8 [00000000]                   	CALL	_wait_KBC_sendready
   775 00000729 FF B5 FFFFFBB8                  	PUSH	DWORD [-1096+EBP]
   776 0000072F 6A 60                           	PUSH	96
   777 00000731 E8 [00000000]                   	CALL	_io_out8
   778 00000736 E9 FFFFFECD                     	JMP	L63
   779 0000073B                                 L86:
   780 0000073B C7 85 FFFFFBB8 FFFFFFFF         	MOV	DWORD [-1096+EBP],-1
   781 00000745 EB D1                           	JMP	L36
   782 00000747                                 L85:
   783 00000747 8B 95 FFFFFBF0                  	MOV	EDX,DWORD [-1040+EBP]
   784 0000074D 8B 42 10                        	MOV	EAX,DWORD [16+EDX]
   785 00000750 48                              	DEC	EAX
   786 00000751 50                              	PUSH	EAX
   787 00000752 FF 72 18                        	PUSH	DWORD [24+EDX]
   788 00000755 E8 [00000000]                   	CALL	_sheet_updown
   789 0000075A 58                              	POP	EAX
   790 0000075B 5A                              	POP	EDX
   791 0000075C EB B2                           	JMP	L35
   792 0000075E                                 L84:
   793 0000075E 83 BD FFFFFBC0 00               	CMP	DWORD [-1088+EBP],0
   794 00000765 74 A1                           	JE	L34
   795 00000767 83 BD FFFFFBCC 00               	CMP	DWORD [-1076+EBP],0
   796 0000076E 75 98                           	JNE	L34
   797 00000770 FF B5 FFFFFBD4                  	PUSH	DWORD [-1068+EBP]
   798 00000776 FF B5 FFFFFBF0                  	PUSH	DWORD [-1040+EBP]
   799 0000077C E8 00000270                     	CALL	_open_console
   800 00000781 6A 04                           	PUSH	4
   801 00000783 6A 20                           	PUSH	32
   802 00000785 89 C3                           	MOV	EBX,EAX
   803 00000787 50                              	PUSH	EAX
   804 00000788 89 85 FFFFFBCC                  	MOV	DWORD [-1076+EBP],EAX
   805 0000078E E8 [00000000]                   	CALL	_sheet_slide
   806 00000793 8B 85 FFFFFBF0                  	MOV	EAX,DWORD [-1040+EBP]
   807 00000799 FF 70 10                        	PUSH	DWORD [16+EAX]
   808 0000079C 53                              	PUSH	EBX
   809 0000079D E8 [00000000]                   	CALL	_sheet_updown
   810 000007A2 57                              	PUSH	EDI
   811 000007A3 89 DF                           	MOV	EDI,EBX
   812 000007A5 E8 000001EB                     	CALL	_keywin_off
   813 000007AA 83 C4 20                        	ADD	ESP,32
   814 000007AD 53                              	PUSH	EBX
   815 000007AE E8 00000210                     	CALL	_keywin_on
   816 000007B3 59                              	POP	ECX
   817 000007B4 E9 FFFFFF4F                     	JMP	L34
   818 000007B9                                 L83:
   819 000007B9 83 BD FFFFFBC0 00               	CMP	DWORD [-1088+EBP],0
   820 000007C0 0F 84 FFFFFF3A                  	JE	L32
   821 000007C6 8B 5F 24                        	MOV	EBX,DWORD [36+EDI]
   822 000007C9 85 DB                           	TEST	EBX,EBX
   823 000007CB 0F 84 FFFFFF2F                  	JE	L32
   824 000007D1 83 7B 34 00                     	CMP	DWORD [52+EBX],0
   825 000007D5 0F 84 FFFFFF25                  	JE	L32
   826 000007DB 68 [00000111]                   	PUSH	LC0
   827 000007E0 FF B3 00000094                  	PUSH	DWORD [148+EBX]
   828 000007E6 E8 [00000000]                   	CALL	_cons_putstr0
   829 000007EB E8 [00000000]                   	CALL	_io_cli
   830 000007F0 8D 43 30                        	LEA	EAX,DWORD [48+EBX]
   831 000007F3 89 43 54                        	MOV	DWORD [84+EBX],EAX
   832 000007F6 C7 43 4C [00000000]             	MOV	DWORD [76+EBX],_asm_end_app
   833 000007FD E8 [00000000]                   	CALL	_io_sti
   834 00000802 5B                              	POP	EBX
   835 00000803 58                              	POP	EAX
   836 00000804 E9 FFFFFEF7                     	JMP	L32
   837 00000809                                 L82:
   838 00000809 68 000000ED                     	PUSH	237
   839 0000080E 8D 5D 84                        	LEA	EBX,DWORD [-124+EBP]
   840 00000811 53                              	PUSH	EBX
   841 00000812 83 B5 FFFFFBBC 01               	XOR	DWORD [-1092+EBP],1
   842 00000819 E8 [00000000]                   	CALL	_fifo32_put
   843 0000081E FF B5 FFFFFBBC                  	PUSH	DWORD [-1092+EBP]
   844 00000824 53                              	PUSH	EBX
   845 00000825 E8 [00000000]                   	CALL	_fifo32_put
   846 0000082A 83 C4 10                        	ADD	ESP,16
   847 0000082D E9 FFFFFEC2                     	JMP	L31
   848 00000832                                 L81:
   849 00000832 68 000000ED                     	PUSH	237
   850 00000837 8D 5D 84                        	LEA	EBX,DWORD [-124+EBP]
   851 0000083A 53                              	PUSH	EBX
   852 0000083B 83 B5 FFFFFBBC 02               	XOR	DWORD [-1092+EBP],2
   853 00000842 E8 [00000000]                   	CALL	_fifo32_put
   854 00000847 FF B5 FFFFFBBC                  	PUSH	DWORD [-1092+EBP]
   855 0000084D 53                              	PUSH	EBX
   856 0000084E E8 [00000000]                   	CALL	_fifo32_put
   857 00000853 83 C4 10                        	ADD	ESP,16
   858 00000856 E9 FFFFFE8D                     	JMP	L30
   859 0000085B                                 L80:
   860 0000085B 68 000000ED                     	PUSH	237
   861 00000860 8D 5D 84                        	LEA	EBX,DWORD [-124+EBP]
   862 00000863 53                              	PUSH	EBX
   863 00000864 83 B5 FFFFFBBC 04               	XOR	DWORD [-1092+EBP],4
   864 0000086B E8 [00000000]                   	CALL	_fifo32_put
   865 00000870 FF B5 FFFFFBBC                  	PUSH	DWORD [-1092+EBP]
   866 00000876 53                              	PUSH	EBX
   867 00000877 E8 [00000000]                   	CALL	_fifo32_put
   868 0000087C 83 C4 10                        	ADD	ESP,16
   869 0000087F E9 FFFFFE58                     	JMP	L29
   870 00000884                                 L79:
   871 00000884 83 A5 FFFFFBC0 FD               	AND	DWORD [-1088+EBP],-3
   872 0000088B E9 FFFFFE40                     	JMP	L28
   873 00000890                                 L78:
   874 00000890 83 A5 FFFFFBC0 FE               	AND	DWORD [-1088+EBP],-2
   875 00000897 E9 FFFFFE28                     	JMP	L27
   876 0000089C                                 L77:
   877 0000089C 83 8D FFFFFBC0 02               	OR	DWORD [-1088+EBP],2
   878 000008A3 E9 FFFFFE10                     	JMP	L26
   879 000008A8                                 L76:
   880 000008A8 83 8D FFFFFBC0 01               	OR	DWORD [-1088+EBP],1
   881 000008AF E9 FFFFFDF8                     	JMP	L25
   882 000008B4                                 L75:
   883 000008B4 57                              	PUSH	EDI
   884 000008B5 E8 000000DB                     	CALL	_keywin_off
   885 000008BA 8B 4F 18                        	MOV	ECX,DWORD [24+EDI]
   886 000008BD 49                              	DEC	ECX
   887 000008BE 58                              	POP	EAX
   888 000008BF 75 0A                           	JNE	L24
   889 000008C1 8B 85 FFFFFBF0                  	MOV	EAX,DWORD [-1040+EBP]
   890 000008C7 8B 48 10                        	MOV	ECX,DWORD [16+EAX]
   891 000008CA 49                              	DEC	ECX
   892 000008CB                                 L24:
   893 000008CB 8B 95 FFFFFBF0                  	MOV	EDX,DWORD [-1040+EBP]
   894 000008D1 8B 7C 8A 14                     	MOV	EDI,DWORD [20+EDX+ECX*4]
   895 000008D5 57                              	PUSH	EDI
   896 000008D6 E8 000000E8                     	CALL	_keywin_on
   897 000008DB 58                              	POP	EAX
   898 000008DC E9 FFFFFDBF                     	JMP	L23
   899 000008E1                                 L20:
   900 000008E1 8D 42 20                        	LEA	EAX,DWORD [32+EDX]
   901 000008E4 88 45 C4                        	MOV	BYTE [-60+EBP],AL
   902 000008E7 E9 FFFFFD8A                     	JMP	L18
   903 000008EC                                 L62:
   904 000008EC 83 BD FFFFFBC0 00               	CMP	DWORD [-1088+EBP],0
   905 000008F3 0F 84 FFFFFD7D                  	JE	L18
   906 000008F9 EB E6                           	JMP	L20
   907 000008FB                                 L15:
   908 000008FB 8A 86 [FFFFFF80]                	MOV	AL,BYTE [_keytable1.1-256+ESI]
   909 00000901 E9 FFFFFD46                     	JMP	L66
   910 00000906                                 L14:
   911 00000906 C6 45 C4 00                     	MOV	BYTE [-60+EBP],0
   912 0000090A E9 FFFFFD40                     	JMP	L17
   913 0000090F                                 L69:
   914 0000090F 83 BD FFFFFBE4 00               	CMP	DWORD [-1052+EBP],0
   915 00000916 79 2C                           	JNS	L87
   916 00000918 81 BD FFFFFBDC 7FFFFFFF         	CMP	DWORD [-1060+EBP],2147483647
   917 00000922 75 16                           	JNE	L88
   918 00000924 FF B5 FFFFFBC4                  	PUSH	DWORD [-1084+EBP]
   919 0000092A E8 [00000000]                   	CALL	_task_sleep
   920 0000092F E8 [00000000]                   	CALL	_io_sti
   921 00000934 5E                              	POP	ESI
   922 00000935 E9 FFFFF9D1                     	JMP	L2
   923 0000093A                                 L88:
   924 0000093A E8 [00000000]                   	CALL	_io_sti
   925 0000093F E9 FFFFFAF0                     	JMP	L64
   926 00000944                                 L87:
   927 00000944 E8 [00000000]                   	CALL	_io_sti
   928 00000949 FF B5 FFFFFBE0                  	PUSH	DWORD [-1056+EBP]
   929 0000094F FF B5 FFFFFBE4                  	PUSH	DWORD [-1052+EBP]
   930 00000955 FF B5 FFFFFBD0                  	PUSH	DWORD [-1072+EBP]
   931 0000095B E8 [00000000]                   	CALL	_sheet_slide
   932 00000960 C7 85 FFFFFBE4 FFFFFFFF         	MOV	DWORD [-1052+EBP],-1
   933 0000096A E9 FFFFFAE6                     	JMP	L65
   934 0000096F                                 L68:
   935 0000096F 53                              	PUSH	EBX
   936 00000970 E8 [00000000]                   	CALL	_fifo32_get
   937 00000975 89 85 FFFFFBB8                  	MOV	DWORD [-1096+EBP],EAX
   938 0000097B E8 [00000000]                   	CALL	_wait_KBC_sendready
   939 00000980 FF B5 FFFFFBB8                  	PUSH	DWORD [-1096+EBP]
   940 00000986 6A 60                           	PUSH	96
   941 00000988 E8 [00000000]                   	CALL	_io_out8
   942 0000098D 83 C4 0C                        	ADD	ESP,12
   943 00000990 E9 FFFFF991                     	JMP	L5
   944 00000995                                 	GLOBAL	_keywin_off
   945 00000995                                 _keywin_off:
   946 00000995 55                              	PUSH	EBP
   947 00000996 89 E5                           	MOV	EBP,ESP
   948 00000998 53                              	PUSH	EBX
   949 00000999 6A 00                           	PUSH	0
   950 0000099B 8B 5D 08                        	MOV	EBX,DWORD [8+EBP]
   951 0000099E 53                              	PUSH	EBX
   952 0000099F E8 [00000000]                   	CALL	_change_wtitle8
   953 000009A4 F6 43 1C 20                     	TEST	BYTE [28+EBX],32
   954 000009A8 58                              	POP	EAX
   955 000009A9 5A                              	POP	EDX
   956 000009AA 75 05                           	JNE	L91
   957 000009AC                                 L89:
   958 000009AC 8B 5D FC                        	MOV	EBX,DWORD [-4+EBP]
   959 000009AF C9                              	LEAVE
   960 000009B0 C3                              	RET
   961 000009B1                                 L91:
   962 000009B1 6A 03                           	PUSH	3
   963 000009B3 8B 43 24                        	MOV	EAX,DWORD [36+EBX]
   964 000009B6 83 C0 10                        	ADD	EAX,16
   965 000009B9 50                              	PUSH	EAX
   966 000009BA E8 [00000000]                   	CALL	_fifo32_put
   967 000009BF 5B                              	POP	EBX
   968 000009C0 58                              	POP	EAX
   969 000009C1 EB E9                           	JMP	L89
   970 000009C3                                 	GLOBAL	_keywin_on
   971 000009C3                                 _keywin_on:
   972 000009C3 55                              	PUSH	EBP
   973 000009C4 89 E5                           	MOV	EBP,ESP
   974 000009C6 53                              	PUSH	EBX
   975 000009C7 6A 01                           	PUSH	1
   976 000009C9 8B 5D 08                        	MOV	EBX,DWORD [8+EBP]
   977 000009CC 53                              	PUSH	EBX
   978 000009CD E8 [00000000]                   	CALL	_change_wtitle8
   979 000009D2 F6 43 1C 20                     	TEST	BYTE [28+EBX],32
   980 000009D6 58                              	POP	EAX
   981 000009D7 5A                              	POP	EDX
   982 000009D8 75 05                           	JNE	L94
   983 000009DA                                 L92:
   984 000009DA 8B 5D FC                        	MOV	EBX,DWORD [-4+EBP]
   985 000009DD C9                              	LEAVE
   986 000009DE C3                              	RET
   987 000009DF                                 L94:
   988 000009DF 6A 02                           	PUSH	2
   989 000009E1 8B 43 24                        	MOV	EAX,DWORD [36+EBX]
   990 000009E4 83 C0 10                        	ADD	EAX,16
   991 000009E7 50                              	PUSH	EAX
   992 000009E8 E8 [00000000]                   	CALL	_fifo32_put
   993 000009ED 59                              	POP	ECX
   994 000009EE 5B                              	POP	EBX
   995 000009EF EB E9                           	JMP	L92
   996                                          [SECTION .data]
   997 00000120                                 LC2:
   998 00000120 63 6F 6E 73 6F 6C 65 00         	DB	"console",0x00
   999                                          [SECTION .text]
  1000 000009F1                                 	GLOBAL	_open_console
  1001 000009F1                                 _open_console:
  1002 000009F1 55                              	PUSH	EBP
  1003 000009F2 89 E5                           	MOV	EBP,ESP
  1004 000009F4 57                              	PUSH	EDI
  1005 000009F5 56                              	PUSH	ESI
  1006 000009F6 53                              	PUSH	EBX
  1007 000009F7 51                              	PUSH	ECX
  1008 000009F8 FF 75 08                        	PUSH	DWORD [8+EBP]
  1009 000009FB E8 [00000000]                   	CALL	_sheet_alloc
  1010 00000A00 68 0000A500                     	PUSH	42240
  1011 00000A05 68 003C0000                     	PUSH	3932160
  1012 00000A0A 89 C3                           	MOV	EBX,EAX
  1013 00000A0C E8 [00000000]                   	CALL	_memman_alloc_4k
  1014 00000A11 89 C6                           	MOV	ESI,EAX
  1015 00000A13 E8 [00000000]                   	CALL	_task_alloc
  1016 00000A18 68 00000200                     	PUSH	512
  1017 00000A1D 89 C7                           	MOV	EDI,EAX
  1018 00000A1F 68 003C0000                     	PUSH	3932160
  1019 00000A24 E8 [00000000]                   	CALL	_memman_alloc_4k
  1020 00000A29 6A FF                           	PUSH	-1
  1021 00000A2B 68 000000A5                     	PUSH	165
  1022 00000A30 68 00000100                     	PUSH	256
  1023 00000A35 89 45 F0                        	MOV	DWORD [-16+EBP],EAX
  1024 00000A38 56                              	PUSH	ESI
  1025 00000A39 53                              	PUSH	EBX
  1026 00000A3A E8 [00000000]                   	CALL	_sheet_setbuf
  1027 00000A3F 83 C4 28                        	ADD	ESP,40
  1028 00000A42 6A 00                           	PUSH	0
  1029 00000A44 68 [00000120]                   	PUSH	LC2
  1030 00000A49 68 000000A5                     	PUSH	165
  1031 00000A4E 68 00000100                     	PUSH	256
  1032 00000A53 56                              	PUSH	ESI
  1033 00000A54 E8 [00000000]                   	CALL	_make_window8
  1034 00000A59 6A 00                           	PUSH	0
  1035 00000A5B 68 00000080                     	PUSH	128
  1036 00000A60 68 000000F0                     	PUSH	240
  1037 00000A65 6A 1C                           	PUSH	28
  1038 00000A67 6A 08                           	PUSH	8
  1039 00000A69 53                              	PUSH	EBX
  1040 00000A6A E8 [00000000]                   	CALL	_make_textbox8
  1041 00000A6F 83 C4 2C                        	ADD	ESP,44
  1042 00000A72 68 00010000                     	PUSH	65536
  1043 00000A77 68 003C0000                     	PUSH	3932160
  1044 00000A7C E8 [00000000]                   	CALL	_memman_alloc_4k
  1045 00000A81 05 0000FFF4                     	ADD	EAX,65524
  1046 00000A86 89 47 64                        	MOV	DWORD [100+EDI],EAX
  1047 00000A89 C7 47 4C [00000000]             	MOV	DWORD [76+EDI],_console_task
  1048 00000A90 C7 47 74 00000008               	MOV	DWORD [116+EDI],8
  1049 00000A97 C7 47 78 00000010               	MOV	DWORD [120+EDI],16
  1050 00000A9E C7 47 7C 00000008               	MOV	DWORD [124+EDI],8
  1051 00000AA5 C7 87 00000080 00000008         	MOV	DWORD [128+EDI],8
  1052 00000AAF C7 87 00000084 00000008         	MOV	DWORD [132+EDI],8
  1053 00000AB9 C7 87 00000088 00000008         	MOV	DWORD [136+EDI],8
  1054 00000AC3 89 58 04                        	MOV	DWORD [4+EAX],EBX
  1055 00000AC6 8B 57 64                        	MOV	EDX,DWORD [100+EDI]
  1056 00000AC9 8B 45 0C                        	MOV	EAX,DWORD [12+EBP]
  1057 00000ACC 89 42 08                        	MOV	DWORD [8+EDX],EAX
  1058 00000ACF 6A 02                           	PUSH	2
  1059 00000AD1 6A 02                           	PUSH	2
  1060 00000AD3 57                              	PUSH	EDI
  1061 00000AD4 E8 [00000000]                   	CALL	_task_run
  1062 00000AD9 8D 47 10                        	LEA	EAX,DWORD [16+EDI]
  1063 00000ADC 89 7B 24                        	MOV	DWORD [36+EBX],EDI
  1064 00000ADF 83 4B 1C 20                     	OR	DWORD [28+EBX],32
  1065 00000AE3 57                              	PUSH	EDI
  1066 00000AE4 FF 75 F0                        	PUSH	DWORD [-16+EBP]
  1067 00000AE7 68 00000080                     	PUSH	128
  1068 00000AEC 50                              	PUSH	EAX
  1069 00000AED E8 [00000000]                   	CALL	_fifo32_init
  1070 00000AF2 8D 65 F4                        	LEA	ESP,DWORD [-12+EBP]
  1071 00000AF5 89 D8                           	MOV	EAX,EBX
  1072 00000AF7 5B                              	POP	EBX
  1073 00000AF8 5E                              	POP	ESI
  1074 00000AF9 5F                              	POP	EDI
  1075 00000AFA 5D                              	POP	EBP
  1076 00000AFB C3                              	RET
