     1 00000000                                 [FORMAT "WCOFF"]
     2 00000000                                 [INSTRSET "i486p"]
     3 00000000                                 [OPTIMIZE 1]
     4 00000000                                 [OPTION 1]
     5 00000000                                 [BITS 32]
     6 00000000                                 	EXTERN	_init_gdtidt
     7 00000000                                 	EXTERN	_init_pic
     8 00000000                                 	EXTERN	_io_sti
     9 00000000                                 	EXTERN	_fifo32_init
    10 00000000                                 	EXTERN	_init_pit
    11 00000000                                 	EXTERN	_init_keyboard
    12 00000000                                 	EXTERN	_enable_mouse
    13 00000000                                 	EXTERN	_io_out8
    14 00000000                                 	EXTERN	_timer_alloc
    15 00000000                                 	EXTERN	_timer_init
    16 00000000                                 	EXTERN	_timer_settime
    17 00000000                                 	EXTERN	_memtest
    18 00000000                                 	EXTERN	_memman_init
    19 00000000                                 	EXTERN	_memman_free
    20 00000000                                 	EXTERN	_init_palette
    21 00000000                                 	EXTERN	_shtctl_init
    22 00000000                                 	EXTERN	_sheet_alloc
    23 00000000                                 	EXTERN	_memman_alloc_4k
    24 00000000                                 	EXTERN	_sheet_setbuf
    25 00000000                                 	EXTERN	_init_screen8
    26 00000000                                 	EXTERN	_init_mouse_cursor8
    27 00000000                                 	EXTERN	_sheet_slide
    28 00000000                                 	EXTERN	_sheet_updown
    29 00000000                                 	EXTERN	_sprintf
    30 00000000                                 	EXTERN	_memman_total
    31 00000000                                 	EXTERN	_io_cli
    32 00000000                                 	EXTERN	_fifo32_status
    33 00000000                                 	EXTERN	_fifo32_get
    34 00000000                                 	EXTERN	_boxfill8
    35 00000000                                 	EXTERN	_sheet_refresh
    36 00000000                                 	EXTERN	_mouse_decode
    37 00000000                                 	EXTERN	_keytable.0
    38 00000000                                 	EXTERN	_io_stihlt
    39 00000000                                 	EXTERN	_putfonts8_asc
    40 00000000                                 [FILE "bootpack.c"]
    41                                          [SECTION .data]
    42 00000000                                 _keytable.0:
    43 00000000 00                              	DB	0
    44 00000001 00                              	DB	0
    45 00000002 31                              	DB	49
    46 00000003 32                              	DB	50
    47 00000004 33                              	DB	51
    48 00000005 34                              	DB	52
    49 00000006 35                              	DB	53
    50 00000007 36                              	DB	54
    51 00000008 37                              	DB	55
    52 00000009 38                              	DB	56
    53 0000000A 39                              	DB	57
    54 0000000B 30                              	DB	48
    55 0000000C 2D                              	DB	45
    56 0000000D 5E                              	DB	94
    57 0000000E 00                              	DB	0
    58 0000000F 00                              	DB	0
    59 00000010 51                              	DB	81
    60 00000011 57                              	DB	87
    61 00000012 45                              	DB	69
    62 00000013 52                              	DB	82
    63 00000014 54                              	DB	84
    64 00000015 59                              	DB	89
    65 00000016 55                              	DB	85
    66 00000017 49                              	DB	73
    67 00000018 4F                              	DB	79
    68 00000019 50                              	DB	80
    69 0000001A 40                              	DB	64
    70 0000001B 5B                              	DB	91
    71 0000001C 00                              	DB	0
    72 0000001D 00                              	DB	0
    73 0000001E 41                              	DB	65
    74 0000001F 53                              	DB	83
    75 00000020 44                              	DB	68
    76 00000021 46                              	DB	70
    77 00000022 47                              	DB	71
    78 00000023 48                              	DB	72
    79 00000024 4A                              	DB	74
    80 00000025 4B                              	DB	75
    81 00000026 4C                              	DB	76
    82 00000027 3B                              	DB	59
    83 00000028 3A                              	DB	58
    84 00000029 00                              	DB	0
    85 0000002A 00                              	DB	0
    86 0000002B 5D                              	DB	93
    87 0000002C 5A                              	DB	90
    88 0000002D 58                              	DB	88
    89 0000002E 43                              	DB	67
    90 0000002F 56                              	DB	86
    91 00000030 42                              	DB	66
    92 00000031 4E                              	DB	78
    93 00000032 4D                              	DB	77
    94 00000033 2C                              	DB	44
    95 00000034 2E                              	DB	46
    96 00000035 2F                              	DB	47
    97 00000036 00                              	DB	0
    98 00000037 2A                              	DB	42
    99 00000038 00                              	DB	0
   100 00000039 20                              	DB	32
   101 0000003A 00                              	DB	0
   102 0000003B 00                              	DB	0
   103 0000003C 00                              	DB	0
   104 0000003D 00                              	DB	0
   105 0000003E 00                              	DB	0
   106 0000003F 00                              	DB	0
   107 00000040 00                              	DB	0
   108 00000041 00                              	DB	0
   109 00000042 00                              	DB	0
   110 00000043 00                              	DB	0
   111 00000044 00                              	DB	0
   112 00000045 00                              	DB	0
   113 00000046 00                              	DB	0
   114 00000047 37                              	DB	55
   115 00000048 38                              	DB	56
   116 00000049 39                              	DB	57
   117 0000004A 2D                              	DB	45
   118 0000004B 34                              	DB	52
   119 0000004C 35                              	DB	53
   120 0000004D 36                              	DB	54
   121 0000004E 2B                              	DB	43
   122 0000004F 31                              	DB	49
   123 00000050 32                              	DB	50
   124 00000051 33                              	DB	51
   125 00000052 30                              	DB	48
   126 00000053 2E                              	DB	46
   127 00000054                                 LC0:
   128 00000054 77 69 6E 64 6F 77 00            	DB	"window",0x00
   129 0000005B                                 LC1:
   130 0000005B 28 25 33 64 2C 20 25 33 64 29   	DB	"(%3d, %3d)",0x00
       00000065 00 
   131 00000066                                 LC2:
   132 00000066 6D 65 6D 6F 72 79 20 25 64 4D   	DB	"memory %dMB   free : %dKB",0x00
       00000070 42 20 20 20 66 72 65 65 20 3A 
       0000007A 20 25 64 4B 42 00 
   133 00000080                                 LC6:
   134 00000080 33 5B 73 65 63 5D 00            	DB	"3[sec]",0x00
   135 00000087                                 LC5:
   136 00000087 31 30 5B 73 65 63 5D 00         	DB	"10[sec]",0x00
   137 0000008F                                 LC4:
   138 0000008F 5B 6C 63 72 20 25 34 64 20 25   	DB	"[lcr %4d %4d]",0x00
       00000099 34 64 5D 00 
   139 0000009D                                 LC3:
   140 0000009D 25 30 32 58 00                  	DB	"%02X",0x00
   141                                          [SECTION .text]
   142 00000000                                 	GLOBAL	_HariMain
   143 00000000                                 _HariMain:
   144 00000000 55                              	PUSH	EBP
   145 00000001 89 E5                           	MOV	EBP,ESP
   146 00000003 57                              	PUSH	EDI
   147 00000004 56                              	PUSH	ESI
   148 00000005 53                              	PUSH	EBX
   149 00000006 8D 75 D4                        	LEA	ESI,DWORD [-44+EBP]
   150 00000009 81 EC 00000384                  	SUB	ESP,900
   151 0000000F E8 [00000000]                   	CALL	_init_gdtidt
   152 00000014 E8 [00000000]                   	CALL	_init_pic
   153 00000019 E8 [00000000]                   	CALL	_io_sti
   154 0000001E 8D 85 FFFFFDA4                  	LEA	EAX,DWORD [-604+EBP]
   155 00000024 50                              	PUSH	EAX
   156 00000025 68 00000080                     	PUSH	128
   157 0000002A 56                              	PUSH	ESI
   158 0000002B E8 [00000000]                   	CALL	_fifo32_init
   159 00000030 E8 [00000000]                   	CALL	_init_pit
   160 00000035 68 00000100                     	PUSH	256
   161 0000003A 56                              	PUSH	ESI
   162 0000003B E8 [00000000]                   	CALL	_init_keyboard
   163 00000040 8D 85 FFFFFD94                  	LEA	EAX,DWORD [-620+EBP]
   164 00000046 50                              	PUSH	EAX
   165 00000047 68 00000200                     	PUSH	512
   166 0000004C 56                              	PUSH	ESI
   167 0000004D E8 [00000000]                   	CALL	_enable_mouse
   168 00000052 83 C4 20                        	ADD	ESP,32
   169 00000055 68 000000F8                     	PUSH	248
   170 0000005A 6A 21                           	PUSH	33
   171 0000005C E8 [00000000]                   	CALL	_io_out8
   172 00000061 68 000000EF                     	PUSH	239
   173 00000066 68 000000A1                     	PUSH	161
   174 0000006B E8 [00000000]                   	CALL	_io_out8
   175 00000070 E8 [00000000]                   	CALL	_timer_alloc
   176 00000075 6A 0A                           	PUSH	10
   177 00000077 56                              	PUSH	ESI
   178 00000078 89 C3                           	MOV	EBX,EAX
   179 0000007A 50                              	PUSH	EAX
   180 0000007B E8 [00000000]                   	CALL	_timer_init
   181 00000080 68 000003E8                     	PUSH	1000
   182 00000085 53                              	PUSH	EBX
   183 00000086 E8 [00000000]                   	CALL	_timer_settime
   184 0000008B 83 C4 24                        	ADD	ESP,36
   185 0000008E E8 [00000000]                   	CALL	_timer_alloc
   186 00000093 6A 03                           	PUSH	3
   187 00000095 89 C3                           	MOV	EBX,EAX
   188 00000097 56                              	PUSH	ESI
   189 00000098 50                              	PUSH	EAX
   190 00000099 E8 [00000000]                   	CALL	_timer_init
   191 0000009E 68 0000012C                     	PUSH	300
   192 000000A3 53                              	PUSH	EBX
   193 000000A4 E8 [00000000]                   	CALL	_timer_settime
   194 000000A9 E8 [00000000]                   	CALL	_timer_alloc
   195 000000AE 6A 01                           	PUSH	1
   196 000000B0 56                              	PUSH	ESI
   197 000000B1 50                              	PUSH	EAX
   198 000000B2 89 85 FFFFFC90                  	MOV	DWORD [-880+EBP],EAX
   199 000000B8 E8 [00000000]                   	CALL	_timer_init
   200 000000BD 83 C4 20                        	ADD	ESP,32
   201 000000C0 6A 32                           	PUSH	50
   202 000000C2 FF B5 FFFFFC90                  	PUSH	DWORD [-880+EBP]
   203 000000C8 E8 [00000000]                   	CALL	_timer_settime
   204 000000CD 68 BFFFFFFF                     	PUSH	-1073741825
   205 000000D2 68 00400000                     	PUSH	4194304
   206 000000D7 E8 [00000000]                   	CALL	_memtest
   207 000000DC 68 003C0000                     	PUSH	3932160
   208 000000E1 89 85 FFFFFC88                  	MOV	DWORD [-888+EBP],EAX
   209 000000E7 E8 [00000000]                   	CALL	_memman_init
   210 000000EC 68 0009E000                     	PUSH	647168
   211 000000F1 68 00001000                     	PUSH	4096
   212 000000F6 68 003C0000                     	PUSH	3932160
   213 000000FB E8 [00000000]                   	CALL	_memman_free
   214 00000100 8B 85 FFFFFC88                  	MOV	EAX,DWORD [-888+EBP]
   215 00000106 83 C4 20                        	ADD	ESP,32
   216 00000109 2D 00400000                     	SUB	EAX,4194304
   217 0000010E 50                              	PUSH	EAX
   218 0000010F 68 00400000                     	PUSH	4194304
   219 00000114 68 003C0000                     	PUSH	3932160
   220 00000119 E8 [00000000]                   	CALL	_memman_free
   221 0000011E E8 [00000000]                   	CALL	_init_palette
   222 00000123 0F BF 05 00000FF6               	MOVSX	EAX,WORD [4086]
   223 0000012A 50                              	PUSH	EAX
   224 0000012B 0F BF 05 00000FF4               	MOVSX	EAX,WORD [4084]
   225 00000132 50                              	PUSH	EAX
   226 00000133 FF 35 00000FF8                  	PUSH	DWORD [4088]
   227 00000139 68 003C0000                     	PUSH	3932160
   228 0000013E E8 [00000000]                   	CALL	_shtctl_init
   229 00000143 89 C3                           	MOV	EBX,EAX
   230 00000145 50                              	PUSH	EAX
   231 00000146 E8 [00000000]                   	CALL	_sheet_alloc
   232 0000014B 83 C4 20                        	ADD	ESP,32
   233 0000014E 53                              	PUSH	EBX
   234 0000014F 89 85 FFFFFC84                  	MOV	DWORD [-892+EBP],EAX
   235 00000155 E8 [00000000]                   	CALL	_sheet_alloc
   236 0000015A 53                              	PUSH	EBX
   237 0000015B 8D 9D FFFFFC94                  	LEA	EBX,DWORD [-876+EBP]
   238 00000161 89 85 FFFFFC80                  	MOV	DWORD [-896+EBP],EAX
   239 00000167 E8 [00000000]                   	CALL	_sheet_alloc
   240 0000016C 0F BF 15 00000FF6               	MOVSX	EDX,WORD [4086]
   241 00000173 89 85 FFFFFC7C                  	MOV	DWORD [-900+EBP],EAX
   242 00000179 0F BF 05 00000FF4               	MOVSX	EAX,WORD [4084]
   243 00000180 0F AF C2                        	IMUL	EAX,EDX
   244 00000183 50                              	PUSH	EAX
   245 00000184 68 003C0000                     	PUSH	3932160
   246 00000189 E8 [00000000]                   	CALL	_memman_alloc_4k
   247 0000018E 68 00002080                     	PUSH	8320
   248 00000193 68 003C0000                     	PUSH	3932160
   249 00000198 89 85 FFFFFC78                  	MOV	DWORD [-904+EBP],EAX
   250 0000019E E8 [00000000]                   	CALL	_memman_alloc_4k
   251 000001A3 6A FF                           	PUSH	-1
   252 000001A5 89 C6                           	MOV	ESI,EAX
   253 000001A7 0F BF 05 00000FF6               	MOVSX	EAX,WORD [4086]
   254 000001AE 50                              	PUSH	EAX
   255 000001AF 0F BF 05 00000FF4               	MOVSX	EAX,WORD [4084]
   256 000001B6 50                              	PUSH	EAX
   257 000001B7 FF B5 FFFFFC78                  	PUSH	DWORD [-904+EBP]
   258 000001BD FF B5 FFFFFC84                  	PUSH	DWORD [-892+EBP]
   259 000001C3 E8 [00000000]                   	CALL	_sheet_setbuf
   260 000001C8 83 C4 2C                        	ADD	ESP,44
   261 000001CB 6A 63                           	PUSH	99
   262 000001CD 6A 10                           	PUSH	16
   263 000001CF 6A 10                           	PUSH	16
   264 000001D1 53                              	PUSH	EBX
   265 000001D2 FF B5 FFFFFC80                  	PUSH	DWORD [-896+EBP]
   266 000001D8 E8 [00000000]                   	CALL	_sheet_setbuf
   267 000001DD 6A FF                           	PUSH	-1
   268 000001DF 6A 34                           	PUSH	52
   269 000001E1 68 000000A0                     	PUSH	160
   270 000001E6 56                              	PUSH	ESI
   271 000001E7 FF B5 FFFFFC7C                  	PUSH	DWORD [-900+EBP]
   272 000001ED E8 [00000000]                   	CALL	_sheet_setbuf
   273 000001F2 83 C4 28                        	ADD	ESP,40
   274 000001F5 0F BF 05 00000FF6               	MOVSX	EAX,WORD [4086]
   275 000001FC 50                              	PUSH	EAX
   276 000001FD 0F BF 05 00000FF4               	MOVSX	EAX,WORD [4084]
   277 00000204 50                              	PUSH	EAX
   278 00000205 FF B5 FFFFFC78                  	PUSH	DWORD [-904+EBP]
   279 0000020B E8 [00000000]                   	CALL	_init_screen8
   280 00000210 6A 63                           	PUSH	99
   281 00000212 53                              	PUSH	EBX
   282 00000213 BB 00000002                     	MOV	EBX,2
   283 00000218 E8 [00000000]                   	CALL	_init_mouse_cursor8
   284 0000021D 68 [00000054]                   	PUSH	LC0
   285 00000222 6A 34                           	PUSH	52
   286 00000224 68 000000A0                     	PUSH	160
   287 00000229 56                              	PUSH	ESI
   288 0000022A E8 00000353                     	CALL	_make_window8
   289 0000022F 83 C4 24                        	ADD	ESP,36
   290 00000232 6A 00                           	PUSH	0
   291 00000234 6A 00                           	PUSH	0
   292 00000236 FF B5 FFFFFC84                  	PUSH	DWORD [-892+EBP]
   293 0000023C E8 [00000000]                   	CALL	_sheet_slide
   294 00000241 0F BF 05 00000FF4               	MOVSX	EAX,WORD [4084]
   295 00000248 8D 48 F0                        	LEA	ECX,DWORD [-16+EAX]
   296 0000024B 89 C8                           	MOV	EAX,ECX
   297 0000024D 99                              	CDQ
   298 0000024E F7 FB                           	IDIV	EBX
   299 00000250 89 85 FFFFFC8C                  	MOV	DWORD [-884+EBP],EAX
   300 00000256 0F BF 05 00000FF6               	MOVSX	EAX,WORD [4086]
   301 0000025D 8D 48 D4                        	LEA	ECX,DWORD [-44+EAX]
   302 00000260 89 C8                           	MOV	EAX,ECX
   303 00000262 99                              	CDQ
   304 00000263 F7 FB                           	IDIV	EBX
   305 00000265 50                              	PUSH	EAX
   306 00000266 89 C7                           	MOV	EDI,EAX
   307 00000268 FF B5 FFFFFC8C                  	PUSH	DWORD [-884+EBP]
   308 0000026E FF B5 FFFFFC80                  	PUSH	DWORD [-896+EBP]
   309 00000274 8D 5D A4                        	LEA	EBX,DWORD [-92+EBP]
   310 00000277 E8 [00000000]                   	CALL	_sheet_slide
   311 0000027C 6A 48                           	PUSH	72
   312 0000027E 6A 50                           	PUSH	80
   313 00000280 FF B5 FFFFFC7C                  	PUSH	DWORD [-900+EBP]
   314 00000286 E8 [00000000]                   	CALL	_sheet_slide
   315 0000028B 83 C4 24                        	ADD	ESP,36
   316 0000028E 6A 00                           	PUSH	0
   317 00000290 FF B5 FFFFFC84                  	PUSH	DWORD [-892+EBP]
   318 00000296 E8 [00000000]                   	CALL	_sheet_updown
   319 0000029B 6A 01                           	PUSH	1
   320 0000029D FF B5 FFFFFC7C                  	PUSH	DWORD [-900+EBP]
   321 000002A3 E8 [00000000]                   	CALL	_sheet_updown
   322 000002A8 6A 02                           	PUSH	2
   323 000002AA FF B5 FFFFFC80                  	PUSH	DWORD [-896+EBP]
   324 000002B0 E8 [00000000]                   	CALL	_sheet_updown
   325 000002B5 57                              	PUSH	EDI
   326 000002B6 FF B5 FFFFFC8C                  	PUSH	DWORD [-884+EBP]
   327 000002BC 68 [0000005B]                   	PUSH	LC1
   328 000002C1 53                              	PUSH	EBX
   329 000002C2 E8 [00000000]                   	CALL	_sprintf
   330 000002C7 83 C4 28                        	ADD	ESP,40
   331 000002CA 6A 0A                           	PUSH	10
   332 000002CC 53                              	PUSH	EBX
   333 000002CD 6A 0E                           	PUSH	14
   334 000002CF 6A 07                           	PUSH	7
   335 000002D1 6A 00                           	PUSH	0
   336 000002D3 6A 00                           	PUSH	0
   337 000002D5 FF B5 FFFFFC84                  	PUSH	DWORD [-892+EBP]
   338 000002DB E8 0000040E                     	CALL	_putfonts8_asc_sht
   339 000002E0 68 003C0000                     	PUSH	3932160
   340 000002E5 E8 [00000000]                   	CALL	_memman_total
   341 000002EA C1 AD FFFFFC88 14               	SHR	DWORD [-888+EBP],20
   342 000002F1 C1 E8 0A                        	SHR	EAX,10
   343 000002F4 89 04 24                        	MOV	DWORD [ESP],EAX
   344 000002F7 FF B5 FFFFFC88                  	PUSH	DWORD [-888+EBP]
   345 000002FD 68 [00000066]                   	PUSH	LC2
   346 00000302 53                              	PUSH	EBX
   347 00000303 E8 [00000000]                   	CALL	_sprintf
   348 00000308 83 C4 2C                        	ADD	ESP,44
   349 0000030B 6A 28                           	PUSH	40
   350 0000030D 53                              	PUSH	EBX
   351 0000030E 6A 0E                           	PUSH	14
   352 00000310 6A 07                           	PUSH	7
   353 00000312 6A 20                           	PUSH	32
   354 00000314                                 L31:
   355 00000314 6A 00                           	PUSH	0
   356 00000316 FF B5 FFFFFC84                  	PUSH	DWORD [-892+EBP]
   357 0000031C                                 L29:
   358 0000031C E8 000003CD                     	CALL	_putfonts8_asc_sht
   359 00000321                                 L28:
   360 00000321 83 C4 1C                        	ADD	ESP,28
   361 00000324                                 L2:
   362 00000324 8D 75 D4                        	LEA	ESI,DWORD [-44+EBP]
   363 00000327 E8 [00000000]                   	CALL	_io_cli
   364 0000032C 56                              	PUSH	ESI
   365 0000032D E8 [00000000]                   	CALL	_fifo32_status
   366 00000332 59                              	POP	ECX
   367 00000333 85 C0                           	TEST	EAX,EAX
   368 00000335 0F 84 0000023D                  	JE	L32
   369 0000033B 56                              	PUSH	ESI
   370 0000033C E8 [00000000]                   	CALL	_fifo32_get
   371 00000341 89 C3                           	MOV	EBX,EAX
   372 00000343 E8 [00000000]                   	CALL	_io_sti
   373 00000348 5A                              	POP	EDX
   374 00000349 8D 83 FFFFFF00                  	LEA	EAX,DWORD [-256+EBX]
   375 0000034F 3D 000000FF                     	CMP	EAX,255
   376 00000354 0F 86 000001BF                  	JBE	L33
   377 0000035A 8D 83 FFFFFE00                  	LEA	EAX,DWORD [-512+EBX]
   378 00000360 3D 000000FF                     	CMP	EAX,255
   379 00000365 0F 86 000000A8                  	JBE	L34
   380 0000036B 83 FB 0A                        	CMP	EBX,10
   381 0000036E 0F 84 0000008D                  	JE	L35
   382 00000374 83 FB 03                        	CMP	EBX,3
   383 00000377 74 76                           	JE	L36
   384 00000379 83 FB 01                        	CMP	EBX,1
   385 0000037C 74 57                           	JE	L37
   386 0000037E 85 DB                           	TEST	EBX,EBX
   387 00000380 75 A2                           	JNE	L2
   388 00000382 6A 01                           	PUSH	1
   389 00000384 56                              	PUSH	ESI
   390 00000385 FF B5 FFFFFC90                  	PUSH	DWORD [-880+EBP]
   391 0000038B E8 [00000000]                   	CALL	_timer_init
   392 00000390 6A 6F                           	PUSH	111
   393 00000392 6A 0F                           	PUSH	15
   394 00000394 6A 60                           	PUSH	96
   395 00000396 6A 08                           	PUSH	8
   396 00000398 6A 0E                           	PUSH	14
   397 0000039A                                 L30:
   398 0000039A 0F BF 05 00000FF4               	MOVSX	EAX,WORD [4084]
   399 000003A1 50                              	PUSH	EAX
   400 000003A2 FF B5 FFFFFC78                  	PUSH	DWORD [-904+EBP]
   401 000003A8 E8 [00000000]                   	CALL	_boxfill8
   402 000003AD 83 C4 28                        	ADD	ESP,40
   403 000003B0 6A 32                           	PUSH	50
   404 000003B2 FF B5 FFFFFC90                  	PUSH	DWORD [-880+EBP]
   405 000003B8 E8 [00000000]                   	CALL	_timer_settime
   406 000003BD 6A 70                           	PUSH	112
   407 000003BF 6A 10                           	PUSH	16
   408 000003C1 6A 60                           	PUSH	96
   409 000003C3 6A 08                           	PUSH	8
   410 000003C5 FF B5 FFFFFC84                  	PUSH	DWORD [-892+EBP]
   411 000003CB E8 [00000000]                   	CALL	_sheet_refresh
   412 000003D0 E9 FFFFFF4C                     	JMP	L28
   413 000003D5                                 L37:
   414 000003D5 6A 00                           	PUSH	0
   415 000003D7 56                              	PUSH	ESI
   416 000003D8 FF B5 FFFFFC90                  	PUSH	DWORD [-880+EBP]
   417 000003DE E8 [00000000]                   	CALL	_timer_init
   418 000003E3 6A 6F                           	PUSH	111
   419 000003E5 6A 0F                           	PUSH	15
   420 000003E7 6A 60                           	PUSH	96
   421 000003E9 6A 08                           	PUSH	8
   422 000003EB 6A 07                           	PUSH	7
   423 000003ED EB AB                           	JMP	L30
   424 000003EF                                 L36:
   425 000003EF 6A 06                           	PUSH	6
   426 000003F1 68 [00000080]                   	PUSH	LC6
   427 000003F6 6A 0E                           	PUSH	14
   428 000003F8 6A 07                           	PUSH	7
   429 000003FA 6A 50                           	PUSH	80
   430 000003FC E9 FFFFFF13                     	JMP	L31
   431 00000401                                 L35:
   432 00000401 6A 07                           	PUSH	7
   433 00000403 68 [00000087]                   	PUSH	LC5
   434 00000408 6A 0E                           	PUSH	14
   435 0000040A 6A 07                           	PUSH	7
   436 0000040C 6A 40                           	PUSH	64
   437 0000040E E9 FFFFFF01                     	JMP	L31
   438 00000413                                 L34:
   439 00000413 0F B6 C3                        	MOVZX	EAX,BL
   440 00000416 50                              	PUSH	EAX
   441 00000417 8D 85 FFFFFD94                  	LEA	EAX,DWORD [-620+EBP]
   442 0000041D 50                              	PUSH	EAX
   443 0000041E E8 [00000000]                   	CALL	_mouse_decode
   444 00000423 5A                              	POP	EDX
   445 00000424 59                              	POP	ECX
   446 00000425 85 C0                           	TEST	EAX,EAX
   447 00000427 0F 84 FFFFFEF7                  	JE	L2
   448 0000042D FF B5 FFFFFD9C                  	PUSH	DWORD [-612+EBP]
   449 00000433 FF B5 FFFFFD98                  	PUSH	DWORD [-616+EBP]
   450 00000439 68 [0000008F]                   	PUSH	LC4
   451 0000043E 8D 5D A4                        	LEA	EBX,DWORD [-92+EBP]
   452 00000441 53                              	PUSH	EBX
   453 00000442 E8 [00000000]                   	CALL	_sprintf
   454 00000447 83 C4 10                        	ADD	ESP,16
   455 0000044A 8B 85 FFFFFDA0                  	MOV	EAX,DWORD [-608+EBP]
   456 00000450 A9 00000001                     	TEST	EAX,1
   457 00000455 74 04                           	JE	L13
   458 00000457 C6 45 A5 4C                     	MOV	BYTE [-91+EBP],76
   459 0000045B                                 L13:
   460 0000045B A9 00000002                     	TEST	EAX,2
   461 00000460 74 04                           	JE	L14
   462 00000462 C6 45 A7 52                     	MOV	BYTE [-89+EBP],82
   463 00000466                                 L14:
   464 00000466 83 E0 04                        	AND	EAX,4
   465 00000469 74 04                           	JE	L15
   466 0000046B C6 45 A6 43                     	MOV	BYTE [-90+EBP],67
   467 0000046F                                 L15:
   468 0000046F 6A 0F                           	PUSH	15
   469 00000471 53                              	PUSH	EBX
   470 00000472 6A 0E                           	PUSH	14
   471 00000474 6A 07                           	PUSH	7
   472 00000476 6A 10                           	PUSH	16
   473 00000478 6A 20                           	PUSH	32
   474 0000047A FF B5 FFFFFC84                  	PUSH	DWORD [-892+EBP]
   475 00000480 E8 00000269                     	CALL	_putfonts8_asc_sht
   476 00000485 8B 85 FFFFFD98                  	MOV	EAX,DWORD [-616+EBP]
   477 0000048B 03 BD FFFFFD9C                  	ADD	EDI,DWORD [-612+EBP]
   478 00000491 83 C4 1C                        	ADD	ESP,28
   479 00000494 01 85 FFFFFC8C                  	ADD	DWORD [-884+EBP],EAX
   480 0000049A 78 71                           	JS	L38
   481 0000049C                                 L16:
   482 0000049C 85 FF                           	TEST	EDI,EDI
   483 0000049E 78 69                           	JS	L39
   484 000004A0                                 L17:
   485 000004A0 0F BF 05 00000FF4               	MOVSX	EAX,WORD [4084]
   486 000004A7 48                              	DEC	EAX
   487 000004A8 39 85 FFFFFC8C                  	CMP	DWORD [-884+EBP],EAX
   488 000004AE 7E 06                           	JLE	L18
   489 000004B0 89 85 FFFFFC8C                  	MOV	DWORD [-884+EBP],EAX
   490 000004B6                                 L18:
   491 000004B6 0F BF 05 00000FF6               	MOVSX	EAX,WORD [4086]
   492 000004BD 48                              	DEC	EAX
   493 000004BE 39 C7                           	CMP	EDI,EAX
   494 000004C0 7E 02                           	JLE	L19
   495 000004C2 89 C7                           	MOV	EDI,EAX
   496 000004C4                                 L19:
   497 000004C4 57                              	PUSH	EDI
   498 000004C5 FF B5 FFFFFC8C                  	PUSH	DWORD [-884+EBP]
   499 000004CB 68 [0000005B]                   	PUSH	LC1
   500 000004D0 53                              	PUSH	EBX
   501 000004D1 E8 [00000000]                   	CALL	_sprintf
   502 000004D6 6A 0A                           	PUSH	10
   503 000004D8 53                              	PUSH	EBX
   504 000004D9 6A 0E                           	PUSH	14
   505 000004DB 6A 07                           	PUSH	7
   506 000004DD 6A 00                           	PUSH	0
   507 000004DF 6A 00                           	PUSH	0
   508 000004E1 FF B5 FFFFFC84                  	PUSH	DWORD [-892+EBP]
   509 000004E7 E8 00000202                     	CALL	_putfonts8_asc_sht
   510 000004EC 83 C4 2C                        	ADD	ESP,44
   511 000004EF 57                              	PUSH	EDI
   512 000004F0 FF B5 FFFFFC8C                  	PUSH	DWORD [-884+EBP]
   513 000004F6 FF B5 FFFFFC80                  	PUSH	DWORD [-896+EBP]
   514 000004FC E8 [00000000]                   	CALL	_sheet_slide
   515 00000501 83 C4 0C                        	ADD	ESP,12
   516 00000504 E9 FFFFFE1B                     	JMP	L2
   517 00000509                                 L39:
   518 00000509 31 FF                           	XOR	EDI,EDI
   519 0000050B EB 93                           	JMP	L17
   520 0000050D                                 L38:
   521 0000050D C7 85 FFFFFC8C 00000000         	MOV	DWORD [-884+EBP],0
   522 00000517 EB 83                           	JMP	L16
   523 00000519                                 L33:
   524 00000519 50                              	PUSH	EAX
   525 0000051A 8D 75 A4                        	LEA	ESI,DWORD [-92+EBP]
   526 0000051D 68 [0000009D]                   	PUSH	LC3
   527 00000522 56                              	PUSH	ESI
   528 00000523 E8 [00000000]                   	CALL	_sprintf
   529 00000528 6A 02                           	PUSH	2
   530 0000052A 56                              	PUSH	ESI
   531 0000052B 6A 0E                           	PUSH	14
   532 0000052D 6A 07                           	PUSH	7
   533 0000052F 6A 10                           	PUSH	16
   534 00000531 6A 00                           	PUSH	0
   535 00000533 FF B5 FFFFFC84                  	PUSH	DWORD [-892+EBP]
   536 00000539 E8 000001B0                     	CALL	_putfonts8_asc_sht
   537 0000053E 83 C4 28                        	ADD	ESP,40
   538 00000541 81 FB 00000153                  	CMP	EBX,339
   539 00000547 0F 8F FFFFFDD7                  	JG	L2
   540 0000054D 8A 83 [FFFFFF00]                	MOV	AL,BYTE [_keytable.0-256+EBX]
   541 00000553 84 C0                           	TEST	AL,AL
   542 00000555 0F 84 FFFFFDC9                  	JE	L2
   543 0000055B 6A 01                           	PUSH	1
   544 0000055D 88 45 A4                        	MOV	BYTE [-92+EBP],AL
   545 00000560 56                              	PUSH	ESI
   546 00000561 6A 08                           	PUSH	8
   547 00000563 6A 00                           	PUSH	0
   548 00000565 6A 1C                           	PUSH	28
   549 00000567 6A 28                           	PUSH	40
   550 00000569 FF B5 FFFFFC7C                  	PUSH	DWORD [-900+EBP]
   551 0000056F C6 45 A5 00                     	MOV	BYTE [-91+EBP],0
   552 00000573 E9 FFFFFDA4                     	JMP	L29
   553 00000578                                 L32:
   554 00000578 E8 [00000000]                   	CALL	_io_stihlt
   555 0000057D E9 FFFFFDA2                     	JMP	L2
   556                                          [SECTION .data]
   557 000000A2                                 _closebtn.1:
   558 000000A2 4F 4F 4F 4F 4F 4F 4F 4F 4F 4F   	DB	"OOOOOOOOOOOOOOO@"
       000000AC 4F 4F 4F 4F 4F 40 
   559 000000B2 4F 51 51 51 51 51 51 51 51 51   	DB	"OQQQQQQQQQQQQQ$@"
       000000BC 51 51 51 51 24 40 
   560 000000C2 4F 51 51 51 51 51 51 51 51 51   	DB	"OQQQQQQQQQQQQQ$@"
       000000CC 51 51 51 51 24 40 
   561 000000D2 4F 51 51 51 40 40 51 51 51 51   	DB	"OQQQ@@QQQQ@@QQ$@"
       000000DC 40 40 51 51 24 40 
   562 000000E2 4F 51 51 51 51 40 40 51 51 40   	DB	"OQQQQ@@QQ@@QQQ$@"
       000000EC 40 51 51 51 24 40 
   563 000000F2 4F 51 51 51 51 51 40 40 40 40   	DB	"OQQQQQ@@@@QQQQ$@"
       000000FC 51 51 51 51 24 40 
   564 00000102 4F 51 51 51 51 51 51 40 40 51   	DB	"OQQQQQQ@@QQQQQ$@"
       0000010C 51 51 51 51 24 40 
   565 00000112 4F 51 51 51 51 51 40 40 40 40   	DB	"OQQQQQ@@@@QQQQ$@"
       0000011C 51 51 51 51 24 40 
   566 00000122 4F 51 51 51 51 40 40 51 51 40   	DB	"OQQQQ@@QQ@@QQQ$@"
       0000012C 40 51 51 51 24 40 
   567 00000132 4F 51 51 51 40 40 51 51 51 51   	DB	"OQQQ@@QQQQ@@QQ$@"
       0000013C 40 40 51 51 24 40 
   568 00000142 4F 51 51 51 51 51 51 51 51 51   	DB	"OQQQQQQQQQQQQQ$@"
       0000014C 51 51 51 51 24 40 
   569 00000152 4F 51 51 51 51 51 51 51 51 51   	DB	"OQQQQQQQQQQQQQ$@"
       0000015C 51 51 51 51 24 40 
   570 00000162 4F 24 24 24 24 24 24 24 24 24   	DB	"O$$$$$$$$$$$$$$@"
       0000016C 24 24 24 24 24 40 
   571 00000172 40 40 40 40 40 40 40 40 40 40   	DB	"@@@@@@@@@@@@@@@@"
       0000017C 40 40 40 40 40 40 
   572                                          [SECTION .text]
   573 00000582                                 	GLOBAL	_make_window8
   574 00000582                                 _make_window8:
   575 00000582 55                              	PUSH	EBP
   576 00000583 89 E5                           	MOV	EBP,ESP
   577 00000585 57                              	PUSH	EDI
   578 00000586 56                              	PUSH	ESI
   579 00000587 53                              	PUSH	EBX
   580 00000588 83 EC 14                        	SUB	ESP,20
   581 0000058B 8B 5D 0C                        	MOV	EBX,DWORD [12+EBP]
   582 0000058E 6A 00                           	PUSH	0
   583 00000590 8D 43 FF                        	LEA	EAX,DWORD [-1+EBX]
   584 00000593 8D 7B FE                        	LEA	EDI,DWORD [-2+EBX]
   585 00000596 50                              	PUSH	EAX
   586 00000597 89 45 EC                        	MOV	DWORD [-20+EBP],EAX
   587 0000059A 6A 00                           	PUSH	0
   588 0000059C 6A 00                           	PUSH	0
   589 0000059E 6A 08                           	PUSH	8
   590 000005A0 53                              	PUSH	EBX
   591 000005A1 FF 75 08                        	PUSH	DWORD [8+EBP]
   592 000005A4 E8 [00000000]                   	CALL	_boxfill8
   593 000005A9 6A 01                           	PUSH	1
   594 000005AB 57                              	PUSH	EDI
   595 000005AC 6A 01                           	PUSH	1
   596 000005AE 6A 01                           	PUSH	1
   597 000005B0 6A 07                           	PUSH	7
   598 000005B2 53                              	PUSH	EBX
   599 000005B3 FF 75 08                        	PUSH	DWORD [8+EBP]
   600 000005B6 E8 [00000000]                   	CALL	_boxfill8
   601 000005BB 8B 55 10                        	MOV	EDX,DWORD [16+EBP]
   602 000005BE 83 C4 38                        	ADD	ESP,56
   603 000005C1 4A                              	DEC	EDX
   604 000005C2 89 55 E8                        	MOV	DWORD [-24+EBP],EDX
   605 000005C5 52                              	PUSH	EDX
   606 000005C6 6A 00                           	PUSH	0
   607 000005C8 6A 00                           	PUSH	0
   608 000005CA 6A 00                           	PUSH	0
   609 000005CC 6A 08                           	PUSH	8
   610 000005CE 53                              	PUSH	EBX
   611 000005CF FF 75 08                        	PUSH	DWORD [8+EBP]
   612 000005D2 E8 [00000000]                   	CALL	_boxfill8
   613 000005D7 8B 75 10                        	MOV	ESI,DWORD [16+EBP]
   614 000005DA 83 EE 02                        	SUB	ESI,2
   615 000005DD 56                              	PUSH	ESI
   616 000005DE 6A 01                           	PUSH	1
   617 000005E0 6A 01                           	PUSH	1
   618 000005E2 6A 01                           	PUSH	1
   619 000005E4 6A 07                           	PUSH	7
   620 000005E6 53                              	PUSH	EBX
   621 000005E7 FF 75 08                        	PUSH	DWORD [8+EBP]
   622 000005EA E8 [00000000]                   	CALL	_boxfill8
   623 000005EF 83 C4 38                        	ADD	ESP,56
   624 000005F2 56                              	PUSH	ESI
   625 000005F3 57                              	PUSH	EDI
   626 000005F4 6A 01                           	PUSH	1
   627 000005F6 57                              	PUSH	EDI
   628 000005F7 6A 0F                           	PUSH	15
   629 000005F9 53                              	PUSH	EBX
   630 000005FA FF 75 08                        	PUSH	DWORD [8+EBP]
   631 000005FD E8 [00000000]                   	CALL	_boxfill8
   632 00000602 FF 75 E8                        	PUSH	DWORD [-24+EBP]
   633 00000605 FF 75 EC                        	PUSH	DWORD [-20+EBP]
   634 00000608 6A 00                           	PUSH	0
   635 0000060A FF 75 EC                        	PUSH	DWORD [-20+EBP]
   636 0000060D 6A 00                           	PUSH	0
   637 0000060F 53                              	PUSH	EBX
   638 00000610 FF 75 08                        	PUSH	DWORD [8+EBP]
   639 00000613 E8 [00000000]                   	CALL	_boxfill8
   640 00000618 8B 45 10                        	MOV	EAX,DWORD [16+EBP]
   641 0000061B 83 C4 38                        	ADD	ESP,56
   642 0000061E 83 E8 03                        	SUB	EAX,3
   643 00000621 50                              	PUSH	EAX
   644 00000622 8D 43 FD                        	LEA	EAX,DWORD [-3+EBX]
   645 00000625 50                              	PUSH	EAX
   646 00000626 6A 02                           	PUSH	2
   647 00000628 6A 02                           	PUSH	2
   648 0000062A 6A 08                           	PUSH	8
   649 0000062C 53                              	PUSH	EBX
   650 0000062D FF 75 08                        	PUSH	DWORD [8+EBP]
   651 00000630 E8 [00000000]                   	CALL	_boxfill8
   652 00000635 8D 43 FC                        	LEA	EAX,DWORD [-4+EBX]
   653 00000638 6A 14                           	PUSH	20
   654 0000063A 50                              	PUSH	EAX
   655 0000063B 6A 03                           	PUSH	3
   656 0000063D 6A 03                           	PUSH	3
   657 0000063F 6A 0C                           	PUSH	12
   658 00000641 53                              	PUSH	EBX
   659 00000642 FF 75 08                        	PUSH	DWORD [8+EBP]
   660 00000645 E8 [00000000]                   	CALL	_boxfill8
   661 0000064A 83 C4 38                        	ADD	ESP,56
   662 0000064D 56                              	PUSH	ESI
   663 0000064E 57                              	PUSH	EDI
   664 0000064F 56                              	PUSH	ESI
   665 00000650 6A 01                           	PUSH	1
   666 00000652 6A 0F                           	PUSH	15
   667 00000654 53                              	PUSH	EBX
   668 00000655 FF 75 08                        	PUSH	DWORD [8+EBP]
   669 00000658 E8 [00000000]                   	CALL	_boxfill8
   670 0000065D FF 75 E8                        	PUSH	DWORD [-24+EBP]
   671 00000660 FF 75 EC                        	PUSH	DWORD [-20+EBP]
   672 00000663 FF 75 E8                        	PUSH	DWORD [-24+EBP]
   673 00000666 6A 00                           	PUSH	0
   674 00000668 6A 00                           	PUSH	0
   675 0000066A 6B F3 05                        	IMUL	ESI,EBX,5
   676 0000066D 53                              	PUSH	EBX
   677 0000066E FF 75 08                        	PUSH	DWORD [8+EBP]
   678 00000671 E8 [00000000]                   	CALL	_boxfill8
   679 00000676 83 C4 38                        	ADD	ESP,56
   680 00000679 FF 75 14                        	PUSH	DWORD [20+EBP]
   681 0000067C 6A 07                           	PUSH	7
   682 0000067E 6A 04                           	PUSH	4
   683 00000680 6A 18                           	PUSH	24
   684 00000682 53                              	PUSH	EBX
   685 00000683 FF 75 08                        	PUSH	DWORD [8+EBP]
   686 00000686 E8 [00000000]                   	CALL	_putfonts8_asc
   687 0000068B 83 C4 18                        	ADD	ESP,24
   688 0000068E C7 45 F0 00000000               	MOV	DWORD [-16+EBP],0
   689 00000695 C7 45 E0 00000000               	MOV	DWORD [-32+EBP],0
   690 0000069C                                 L56:
   691 0000069C 8D 04 1E                        	LEA	EAX,DWORD [ESI+EBX*1]
   692 0000069F 8B 55 08                        	MOV	EDX,DWORD [8+EBP]
   693 000006A2 31 FF                           	XOR	EDI,EDI
   694 000006A4 8D 4C 02 EB                     	LEA	ECX,DWORD [-21+EDX+EAX*1]
   695 000006A8                                 L55:
   696 000006A8 8B 45 E0                        	MOV	EAX,DWORD [-32+EBP]
   697 000006AB 8A 94 07 [000000A2]             	MOV	DL,BYTE [_closebtn.1+EDI+EAX*1]
   698 000006B2 80 FA 40                        	CMP	DL,64
   699 000006B5 74 33                           	JE	L61
   700 000006B7 80 FA 24                        	CMP	DL,36
   701 000006BA 74 2A                           	JE	L62
   702 000006BC 80 FA 51                        	CMP	DL,81
   703 000006BF B2 08                           	MOV	DL,8
   704 000006C1 0F 95 C0                        	SETNE	AL
   705 000006C4 28 C2                           	SUB	DL,AL
   706 000006C6                                 L50:
   707 000006C6 47                              	INC	EDI
   708 000006C7 88 11                           	MOV	BYTE [ECX],DL
   709 000006C9 41                              	INC	ECX
   710 000006CA 83 FF 0F                        	CMP	EDI,15
   711 000006CD 7E D9                           	JLE	L55
   712 000006CF FF 45 F0                        	INC	DWORD [-16+EBP]
   713 000006D2 01 DE                           	ADD	ESI,EBX
   714 000006D4 83 45 E0 10                     	ADD	DWORD [-32+EBP],16
   715 000006D8 83 7D F0 0D                     	CMP	DWORD [-16+EBP],13
   716 000006DC 7E BE                           	JLE	L56
   717 000006DE 8D 65 F4                        	LEA	ESP,DWORD [-12+EBP]
   718 000006E1 5B                              	POP	EBX
   719 000006E2 5E                              	POP	ESI
   720 000006E3 5F                              	POP	EDI
   721 000006E4 5D                              	POP	EBP
   722 000006E5 C3                              	RET
   723 000006E6                                 L62:
   724 000006E6 B2 0F                           	MOV	DL,15
   725 000006E8 EB DC                           	JMP	L50
   726 000006EA                                 L61:
   727 000006EA 31 D2                           	XOR	EDX,EDX
   728 000006EC EB D8                           	JMP	L50
   729 000006EE                                 	GLOBAL	_putfonts8_asc_sht
   730 000006EE                                 _putfonts8_asc_sht:
   731 000006EE 55                              	PUSH	EBP
   732 000006EF 89 E5                           	MOV	EBP,ESP
   733 000006F1 57                              	PUSH	EDI
   734 000006F2 56                              	PUSH	ESI
   735 000006F3 53                              	PUSH	EBX
   736 000006F4 83 EC 0C                        	SUB	ESP,12
   737 000006F7 8B 45 08                        	MOV	EAX,DWORD [8+EBP]
   738 000006FA 8B 7D 10                        	MOV	EDI,DWORD [16+EBP]
   739 000006FD 89 45 F0                        	MOV	DWORD [-16+EBP],EAX
   740 00000700 8B 5D 14                        	MOV	EBX,DWORD [20+EBP]
   741 00000703 8B 45 0C                        	MOV	EAX,DWORD [12+EBP]
   742 00000706 89 45 EC                        	MOV	DWORD [-20+EBP],EAX
   743 00000709 8B 45 1C                        	MOV	EAX,DWORD [28+EBP]
   744 0000070C 89 45 E8                        	MOV	DWORD [-24+EBP],EAX
   745 0000070F 8D 47 0F                        	LEA	EAX,DWORD [15+EDI]
   746 00000712 50                              	PUSH	EAX
   747 00000713 8B 45 EC                        	MOV	EAX,DWORD [-20+EBP]
   748 00000716 8B 75 20                        	MOV	ESI,DWORD [32+EBP]
   749 00000719 0F BE DB                        	MOVSX	EBX,BL
   750 0000071C 8D 34 F0                        	LEA	ESI,DWORD [EAX+ESI*8]
   751 0000071F 8D 46 FF                        	LEA	EAX,DWORD [-1+ESI]
   752 00000722 50                              	PUSH	EAX
   753 00000723 57                              	PUSH	EDI
   754 00000724 FF 75 EC                        	PUSH	DWORD [-20+EBP]
   755 00000727 0F B6 45 18                     	MOVZX	EAX,BYTE [24+EBP]
   756 0000072B 50                              	PUSH	EAX
   757 0000072C 8B 45 F0                        	MOV	EAX,DWORD [-16+EBP]
   758 0000072F FF 70 04                        	PUSH	DWORD [4+EAX]
   759 00000732 FF 30                           	PUSH	DWORD [EAX]
   760 00000734 E8 [00000000]                   	CALL	_boxfill8
   761 00000739 FF 75 E8                        	PUSH	DWORD [-24+EBP]
   762 0000073C 53                              	PUSH	EBX
   763 0000073D 57                              	PUSH	EDI
   764 0000073E FF 75 EC                        	PUSH	DWORD [-20+EBP]
   765 00000741 8B 45 F0                        	MOV	EAX,DWORD [-16+EBP]
   766 00000744 FF 70 04                        	PUSH	DWORD [4+EAX]
   767 00000747 FF 30                           	PUSH	DWORD [EAX]
   768 00000749 E8 [00000000]                   	CALL	_putfonts8_asc
   769 0000074E 89 7D 10                        	MOV	DWORD [16+EBP],EDI
   770 00000751 8D 47 10                        	LEA	EAX,DWORD [16+EDI]
   771 00000754 89 75 14                        	MOV	DWORD [20+EBP],ESI
   772 00000757 89 45 18                        	MOV	DWORD [24+EBP],EAX
   773 0000075A 83 C4 34                        	ADD	ESP,52
   774 0000075D 8B 45 EC                        	MOV	EAX,DWORD [-20+EBP]
   775 00000760 89 45 0C                        	MOV	DWORD [12+EBP],EAX
   776 00000763 8B 45 F0                        	MOV	EAX,DWORD [-16+EBP]
   777 00000766 89 45 08                        	MOV	DWORD [8+EBP],EAX
   778 00000769 8D 65 F4                        	LEA	ESP,DWORD [-12+EBP]
   779 0000076C 5B                              	POP	EBX
   780 0000076D 5E                              	POP	ESI
   781 0000076E 5F                              	POP	EDI
   782 0000076F 5D                              	POP	EBP
   783 00000770 E9 [00000000]                   	JMP	_sheet_refresh
