     1 00000000                                 [FORMAT "WCOFF"]
     2 00000000                                 [INSTRSET "i486p"]
     3 00000000                                 [OPTIMIZE 1]
     4 00000000                                 [OPTION 1]
     5 00000000                                 [BITS 32]
     6 00000000                                 	EXTERN	_init_gdtidt
     7 00000000                                 	EXTERN	_init_pic
     8 00000000                                 	EXTERN	_io_sti
     9 00000000                                 	EXTERN	_keyfifo
    10 00000000                                 	EXTERN	_fifo8_init
    11 00000000                                 	EXTERN	_mousefifo
    12 00000000                                 	EXTERN	_init_pit
    13 00000000                                 	EXTERN	_io_out8
    14 00000000                                 	EXTERN	_settimer
    15 00000000                                 	EXTERN	_init_keyboard
    16 00000000                                 	EXTERN	_enable_mouse
    17 00000000                                 	EXTERN	_memtest
    18 00000000                                 	EXTERN	_memman_init
    19 00000000                                 	EXTERN	_memman_free
    20 00000000                                 	EXTERN	_init_palette
    21 00000000                                 	EXTERN	_shtctl_init
    22 00000000                                 	EXTERN	_sheet_alloc
    23 00000000                                 	EXTERN	_memman_alloc_4k
    24 00000000                                 	EXTERN	_sheet_setbuf
    25 00000000                                 	EXTERN	_init_screen8
    26 00000000                                 	EXTERN	_init_mouse_cursor8
    27 00000000                                 	EXTERN	_sheet_slide
    28 00000000                                 	EXTERN	_sheet_updown
    29 00000000                                 	EXTERN	_sprintf
    30 00000000                                 	EXTERN	_putfonts8_asc
    31 00000000                                 	EXTERN	_memman_total
    32 00000000                                 	EXTERN	_sheet_refresh
    33 00000000                                 	EXTERN	_timerctl
    34 00000000                                 	EXTERN	_boxfill8
    35 00000000                                 	EXTERN	_io_cli
    36 00000000                                 	EXTERN	_fifo8_status
    37 00000000                                 	EXTERN	_fifo8_get
    38 00000000                                 	EXTERN	_mouse_decode
    39 00000000                                 [FILE "bootpack.c"]
    40                                          [SECTION .data]
    41 00000000                                 LC0:
    42 00000000 63 6F 75 6E 74 65 72 00         	DB	"counter",0x00
    43 00000008                                 LC1:
    44 00000008 28 25 33 64 2C 20 25 33 64 29   	DB	"(%3d, %3d)",0x00
       00000012 00 
    45 00000013                                 LC2:
    46 00000013 6D 65 6D 6F 72 79 20 25 64 4D   	DB	"memory %dMB   free : %dKB",0x00
       0000001D 42 20 20 20 66 72 65 65 20 3A 
       00000027 20 25 64 4B 42 00 
    47 0000002D                                 LC3:
    48 0000002D 25 30 31 30 64 00               	DB	"%010d",0x00
    49 00000033                                 LC6:
    50 00000033 5B 73 65 63 5D 00               	DB	"[sec]",0x00
    51 00000039                                 LC5:
    52 00000039 5B 6C 63 72 20 25 34 64 20 25   	DB	"[lcr %4d %4d]",0x00
       00000043 34 64 5D 00 
    53 00000047                                 LC4:
    54 00000047 25 30 32 58 00                  	DB	"%02X",0x00
    55                                          [SECTION .text]
    56 00000000                                 	GLOBAL	_HariMain
    57 00000000                                 _HariMain:
    58 00000000 55                              	PUSH	EBP
    59 00000001 89 E5                           	MOV	EBP,ESP
    60 00000003 57                              	PUSH	EDI
    61 00000004 56                              	PUSH	ESI
    62 00000005 53                              	PUSH	EBX
    63 00000006 8D 5D D4                        	LEA	EBX,DWORD [-44+EBP]
    64 00000009 81 EC 0000022C                  	SUB	ESP,556
    65 0000000F E8 [00000000]                   	CALL	_init_gdtidt
    66 00000014 E8 [00000000]                   	CALL	_init_pic
    67 00000019 E8 [00000000]                   	CALL	_io_sti
    68 0000001E 8D 45 84                        	LEA	EAX,DWORD [-124+EBP]
    69 00000021 50                              	PUSH	EAX
    70 00000022 6A 20                           	PUSH	32
    71 00000024 68 [00000000]                   	PUSH	_keyfifo
    72 00000029 E8 [00000000]                   	CALL	_fifo8_init
    73 0000002E 8D 85 FFFFFF04                  	LEA	EAX,DWORD [-252+EBP]
    74 00000034 50                              	PUSH	EAX
    75 00000035 68 00000080                     	PUSH	128
    76 0000003A 68 [00000000]                   	PUSH	_mousefifo
    77 0000003F E8 [00000000]                   	CALL	_fifo8_init
    78 00000044 E8 [00000000]                   	CALL	_init_pit
    79 00000049 68 000000F8                     	PUSH	248
    80 0000004E 6A 21                           	PUSH	33
    81 00000050 E8 [00000000]                   	CALL	_io_out8
    82 00000055 83 C4 20                        	ADD	ESP,32
    83 00000058 68 000000EF                     	PUSH	239
    84 0000005D 68 000000A1                     	PUSH	161
    85 00000062 E8 [00000000]                   	CALL	_io_out8
    86 00000067 8D 85 FFFFFDEC                  	LEA	EAX,DWORD [-532+EBP]
    87 0000006D 50                              	PUSH	EAX
    88 0000006E 6A 08                           	PUSH	8
    89 00000070 53                              	PUSH	EBX
    90 00000071 E8 [00000000]                   	CALL	_fifo8_init
    91 00000076 6A 01                           	PUSH	1
    92 00000078 53                              	PUSH	EBX
    93 00000079 68 000003E8                     	PUSH	1000
    94 0000007E E8 [00000000]                   	CALL	_settimer
    95 00000083 83 C4 20                        	ADD	ESP,32
    96 00000086 E8 [00000000]                   	CALL	_init_keyboard
    97 0000008B 8D 85 FFFFFEF4                  	LEA	EAX,DWORD [-268+EBP]
    98 00000091 50                              	PUSH	EAX
    99 00000092 E8 [00000000]                   	CALL	_enable_mouse
   100 00000097 68 BFFFFFFF                     	PUSH	-1073741825
   101 0000009C 68 00400000                     	PUSH	4194304
   102 000000A1 E8 [00000000]                   	CALL	_memtest
   103 000000A6 68 003C0000                     	PUSH	3932160
   104 000000AB 89 C6                           	MOV	ESI,EAX
   105 000000AD E8 [00000000]                   	CALL	_memman_init
   106 000000B2 68 0009E000                     	PUSH	647168
   107 000000B7 68 00001000                     	PUSH	4096
   108 000000BC 68 003C0000                     	PUSH	3932160
   109 000000C1 E8 [00000000]                   	CALL	_memman_free
   110 000000C6 8D 86 FFC00000                  	LEA	EAX,DWORD [-4194304+ESI]
   111 000000CC C1 EE 14                        	SHR	ESI,20
   112 000000CF 50                              	PUSH	EAX
   113 000000D0 68 00400000                     	PUSH	4194304
   114 000000D5 68 003C0000                     	PUSH	3932160
   115 000000DA E8 [00000000]                   	CALL	_memman_free
   116 000000DF 83 C4 28                        	ADD	ESP,40
   117 000000E2 E8 [00000000]                   	CALL	_init_palette
   118 000000E7 0F BF 05 00000FF6               	MOVSX	EAX,WORD [4086]
   119 000000EE 50                              	PUSH	EAX
   120 000000EF 0F BF 05 00000FF4               	MOVSX	EAX,WORD [4084]
   121 000000F6 50                              	PUSH	EAX
   122 000000F7 FF 35 00000FF8                  	PUSH	DWORD [4088]
   123 000000FD 68 003C0000                     	PUSH	3932160
   124 00000102 E8 [00000000]                   	CALL	_shtctl_init
   125 00000107 89 C3                           	MOV	EBX,EAX
   126 00000109 50                              	PUSH	EAX
   127 0000010A E8 [00000000]                   	CALL	_sheet_alloc
   128 0000010F 53                              	PUSH	EBX
   129 00000110 89 85 FFFFFDE4                  	MOV	DWORD [-540+EBP],EAX
   130 00000116 E8 [00000000]                   	CALL	_sheet_alloc
   131 0000011B 53                              	PUSH	EBX
   132 0000011C 8D 9D FFFFFDF4                  	LEA	EBX,DWORD [-524+EBP]
   133 00000122 89 85 FFFFFDE0                  	MOV	DWORD [-544+EBP],EAX
   134 00000128 E8 [00000000]                   	CALL	_sheet_alloc
   135 0000012D 0F BF 15 00000FF6               	MOVSX	EDX,WORD [4086]
   136 00000134 89 85 FFFFFDDC                  	MOV	DWORD [-548+EBP],EAX
   137 0000013A 0F BF 05 00000FF4               	MOVSX	EAX,WORD [4084]
   138 00000141 0F AF C2                        	IMUL	EAX,EDX
   139 00000144 50                              	PUSH	EAX
   140 00000145 68 003C0000                     	PUSH	3932160
   141 0000014A E8 [00000000]                   	CALL	_memman_alloc_4k
   142 0000014F 83 C4 24                        	ADD	ESP,36
   143 00000152 68 00002080                     	PUSH	8320
   144 00000157 89 85 FFFFFDD8                  	MOV	DWORD [-552+EBP],EAX
   145 0000015D 68 003C0000                     	PUSH	3932160
   146 00000162 E8 [00000000]                   	CALL	_memman_alloc_4k
   147 00000167 6A FF                           	PUSH	-1
   148 00000169 89 85 FFFFFDD4                  	MOV	DWORD [-556+EBP],EAX
   149 0000016F 0F BF 05 00000FF6               	MOVSX	EAX,WORD [4086]
   150 00000176 50                              	PUSH	EAX
   151 00000177 0F BF 05 00000FF4               	MOVSX	EAX,WORD [4084]
   152 0000017E 50                              	PUSH	EAX
   153 0000017F FF B5 FFFFFDD8                  	PUSH	DWORD [-552+EBP]
   154 00000185 FF B5 FFFFFDE4                  	PUSH	DWORD [-540+EBP]
   155 0000018B E8 [00000000]                   	CALL	_sheet_setbuf
   156 00000190 6A 63                           	PUSH	99
   157 00000192 6A 10                           	PUSH	16
   158 00000194 6A 10                           	PUSH	16
   159 00000196 53                              	PUSH	EBX
   160 00000197 FF B5 FFFFFDE0                  	PUSH	DWORD [-544+EBP]
   161 0000019D E8 [00000000]                   	CALL	_sheet_setbuf
   162 000001A2 83 C4 30                        	ADD	ESP,48
   163 000001A5 6A FF                           	PUSH	-1
   164 000001A7 6A 34                           	PUSH	52
   165 000001A9 68 000000A0                     	PUSH	160
   166 000001AE FF B5 FFFFFDD4                  	PUSH	DWORD [-556+EBP]
   167 000001B4 FF B5 FFFFFDDC                  	PUSH	DWORD [-548+EBP]
   168 000001BA E8 [00000000]                   	CALL	_sheet_setbuf
   169 000001BF 0F BF 05 00000FF6               	MOVSX	EAX,WORD [4086]
   170 000001C6 50                              	PUSH	EAX
   171 000001C7 0F BF 05 00000FF4               	MOVSX	EAX,WORD [4084]
   172 000001CE 50                              	PUSH	EAX
   173 000001CF FF B5 FFFFFDD8                  	PUSH	DWORD [-552+EBP]
   174 000001D5 E8 [00000000]                   	CALL	_init_screen8
   175 000001DA 83 C4 20                        	ADD	ESP,32
   176 000001DD 6A 63                           	PUSH	99
   177 000001DF 53                              	PUSH	EBX
   178 000001E0 BB 00000002                     	MOV	EBX,2
   179 000001E5 E8 [00000000]                   	CALL	_init_mouse_cursor8
   180 000001EA 68 [00000000]                   	PUSH	LC0
   181 000001EF 6A 34                           	PUSH	52
   182 000001F1 68 000000A0                     	PUSH	160
   183 000001F6 FF B5 FFFFFDD4                  	PUSH	DWORD [-556+EBP]
   184 000001FC E8 00000434                     	CALL	_make_window8
   185 00000201 6A 00                           	PUSH	0
   186 00000203 6A 00                           	PUSH	0
   187 00000205 FF B5 FFFFFDE4                  	PUSH	DWORD [-540+EBP]
   188 0000020B E8 [00000000]                   	CALL	_sheet_slide
   189 00000210 83 C4 24                        	ADD	ESP,36
   190 00000213 0F BF 05 00000FF4               	MOVSX	EAX,WORD [4084]
   191 0000021A 8D 48 F0                        	LEA	ECX,DWORD [-16+EAX]
   192 0000021D 89 C8                           	MOV	EAX,ECX
   193 0000021F 99                              	CDQ
   194 00000220 F7 FB                           	IDIV	EBX
   195 00000222 89 85 FFFFFDE8                  	MOV	DWORD [-536+EBP],EAX
   196 00000228 0F BF 05 00000FF6               	MOVSX	EAX,WORD [4086]
   197 0000022F 8D 48 D4                        	LEA	ECX,DWORD [-44+EAX]
   198 00000232 89 C8                           	MOV	EAX,ECX
   199 00000234 99                              	CDQ
   200 00000235 F7 FB                           	IDIV	EBX
   201 00000237 50                              	PUSH	EAX
   202 00000238 89 C7                           	MOV	EDI,EAX
   203 0000023A FF B5 FFFFFDE8                  	PUSH	DWORD [-536+EBP]
   204 00000240 FF B5 FFFFFDE0                  	PUSH	DWORD [-544+EBP]
   205 00000246 8D 5D A4                        	LEA	EBX,DWORD [-92+EBP]
   206 00000249 E8 [00000000]                   	CALL	_sheet_slide
   207 0000024E 6A 48                           	PUSH	72
   208 00000250 6A 50                           	PUSH	80
   209 00000252 FF B5 FFFFFDDC                  	PUSH	DWORD [-548+EBP]
   210 00000258 E8 [00000000]                   	CALL	_sheet_slide
   211 0000025D 6A 00                           	PUSH	0
   212 0000025F FF B5 FFFFFDE4                  	PUSH	DWORD [-540+EBP]
   213 00000265 E8 [00000000]                   	CALL	_sheet_updown
   214 0000026A 83 C4 20                        	ADD	ESP,32
   215 0000026D 6A 01                           	PUSH	1
   216 0000026F FF B5 FFFFFDDC                  	PUSH	DWORD [-548+EBP]
   217 00000275 E8 [00000000]                   	CALL	_sheet_updown
   218 0000027A 6A 02                           	PUSH	2
   219 0000027C FF B5 FFFFFDE0                  	PUSH	DWORD [-544+EBP]
   220 00000282 E8 [00000000]                   	CALL	_sheet_updown
   221 00000287 57                              	PUSH	EDI
   222 00000288 FF B5 FFFFFDE8                  	PUSH	DWORD [-536+EBP]
   223 0000028E 68 [00000008]                   	PUSH	LC1
   224 00000293 53                              	PUSH	EBX
   225 00000294 E8 [00000000]                   	CALL	_sprintf
   226 00000299 83 C4 20                        	ADD	ESP,32
   227 0000029C 53                              	PUSH	EBX
   228 0000029D 6A 07                           	PUSH	7
   229 0000029F 6A 00                           	PUSH	0
   230 000002A1 6A 00                           	PUSH	0
   231 000002A3 0F BF 05 00000FF4               	MOVSX	EAX,WORD [4084]
   232 000002AA 50                              	PUSH	EAX
   233 000002AB FF B5 FFFFFDD8                  	PUSH	DWORD [-552+EBP]
   234 000002B1 E8 [00000000]                   	CALL	_putfonts8_asc
   235 000002B6 68 003C0000                     	PUSH	3932160
   236 000002BB E8 [00000000]                   	CALL	_memman_total
   237 000002C0 C1 E8 0A                        	SHR	EAX,10
   238 000002C3 89 04 24                        	MOV	DWORD [ESP],EAX
   239 000002C6 56                              	PUSH	ESI
   240 000002C7 68 [00000013]                   	PUSH	LC2
   241 000002CC 53                              	PUSH	EBX
   242 000002CD E8 [00000000]                   	CALL	_sprintf
   243 000002D2 83 C4 28                        	ADD	ESP,40
   244 000002D5 53                              	PUSH	EBX
   245 000002D6 6A 07                           	PUSH	7
   246 000002D8 6A 20                           	PUSH	32
   247 000002DA 6A 00                           	PUSH	0
   248 000002DC 0F BF 05 00000FF4               	MOVSX	EAX,WORD [4084]
   249 000002E3 50                              	PUSH	EAX
   250 000002E4 FF B5 FFFFFDD8                  	PUSH	DWORD [-552+EBP]
   251 000002EA E8 [00000000]                   	CALL	_putfonts8_asc
   252 000002EF 6A 30                           	PUSH	48
   253 000002F1 0F BF 05 00000FF4               	MOVSX	EAX,WORD [4084]
   254 000002F8 50                              	PUSH	EAX
   255 000002F9 6A 00                           	PUSH	0
   256 000002FB                                 L20:
   257 000002FB 6A 00                           	PUSH	0
   258 000002FD FF B5 FFFFFDE4                  	PUSH	DWORD [-540+EBP]
   259 00000303 E8 [00000000]                   	CALL	_sheet_refresh
   260 00000308 83 C4 2C                        	ADD	ESP,44
   261 0000030B                                 L2:
   262 0000030B FF 35 [00000000]                	PUSH	DWORD [_timerctl]
   263 00000311 68 [0000002D]                   	PUSH	LC3
   264 00000316 8D 5D A4                        	LEA	EBX,DWORD [-92+EBP]
   265 00000319 53                              	PUSH	EBX
   266 0000031A 8D 75 D4                        	LEA	ESI,DWORD [-44+EBP]
   267 0000031D E8 [00000000]                   	CALL	_sprintf
   268 00000322 6A 2B                           	PUSH	43
   269 00000324 6A 77                           	PUSH	119
   270 00000326 6A 1C                           	PUSH	28
   271 00000328 6A 28                           	PUSH	40
   272 0000032A 6A 08                           	PUSH	8
   273 0000032C 68 000000A0                     	PUSH	160
   274 00000331 FF B5 FFFFFDD4                  	PUSH	DWORD [-556+EBP]
   275 00000337 E8 [00000000]                   	CALL	_boxfill8
   276 0000033C 83 C4 28                        	ADD	ESP,40
   277 0000033F 53                              	PUSH	EBX
   278 00000340 6A 00                           	PUSH	0
   279 00000342 6A 1C                           	PUSH	28
   280 00000344 6A 28                           	PUSH	40
   281 00000346 68 000000A0                     	PUSH	160
   282 0000034B FF B5 FFFFFDD4                  	PUSH	DWORD [-556+EBP]
   283 00000351 E8 [00000000]                   	CALL	_putfonts8_asc
   284 00000356 6A 2C                           	PUSH	44
   285 00000358 6A 78                           	PUSH	120
   286 0000035A 6A 1C                           	PUSH	28
   287 0000035C 6A 28                           	PUSH	40
   288 0000035E FF B5 FFFFFDDC                  	PUSH	DWORD [-548+EBP]
   289 00000364 E8 [00000000]                   	CALL	_sheet_refresh
   290 00000369 83 C4 2C                        	ADD	ESP,44
   291 0000036C E8 [00000000]                   	CALL	_io_cli
   292 00000371 68 [00000000]                   	PUSH	_keyfifo
   293 00000376 E8 [00000000]                   	CALL	_fifo8_status
   294 0000037B 68 [00000000]                   	PUSH	_mousefifo
   295 00000380 89 C3                           	MOV	EBX,EAX
   296 00000382 E8 [00000000]                   	CALL	_fifo8_status
   297 00000387 56                              	PUSH	ESI
   298 00000388 01 C3                           	ADD	EBX,EAX
   299 0000038A E8 [00000000]                   	CALL	_fifo8_status
   300 0000038F 83 C4 0C                        	ADD	ESP,12
   301 00000392 8D 04 18                        	LEA	EAX,DWORD [EAX+EBX*1]
   302 00000395 85 C0                           	TEST	EAX,EAX
   303 00000397 0F 84 0000028E                  	JE	L21
   304 0000039D 68 [00000000]                   	PUSH	_keyfifo
   305 000003A2 E8 [00000000]                   	CALL	_fifo8_status
   306 000003A7 5B                              	POP	EBX
   307 000003A8 85 C0                           	TEST	EAX,EAX
   308 000003AA 0F 85 00000213                  	JNE	L22
   309 000003B0 68 [00000000]                   	PUSH	_mousefifo
   310 000003B5 E8 [00000000]                   	CALL	_fifo8_status
   311 000003BA 59                              	POP	ECX
   312 000003BB 85 C0                           	TEST	EAX,EAX
   313 000003BD 75 61                           	JNE	L23
   314 000003BF 56                              	PUSH	ESI
   315 000003C0 E8 [00000000]                   	CALL	_fifo8_status
   316 000003C5 5A                              	POP	EDX
   317 000003C6 85 C0                           	TEST	EAX,EAX
   318 000003C8 0F 84 FFFFFF3D                  	JE	L2
   319 000003CE 56                              	PUSH	ESI
   320 000003CF E8 [00000000]                   	CALL	_fifo8_get
   321 000003D4 E8 [00000000]                   	CALL	_io_sti
   322 000003D9 83 85 FFFFFDC8 0A               	ADD	DWORD [-568+EBP],10
   323 000003E0 8B 85 FFFFFDC8                  	MOV	EAX,DWORD [-568+EBP]
   324 000003E6 05 [00000033]                   	ADD	EAX,LC6
   325 000003EB 50                              	PUSH	EAX
   326 000003EC 6A 07                           	PUSH	7
   327 000003EE 6A 40                           	PUSH	64
   328 000003F0 6A 00                           	PUSH	0
   329 000003F2 0F BF 05 00000FF4               	MOVSX	EAX,WORD [4084]
   330 000003F9 50                              	PUSH	EAX
   331 000003FA FF B5 FFFFFDD8                  	PUSH	DWORD [-552+EBP]
   332 00000400 E8 [00000000]                   	CALL	_putfonts8_asc
   333 00000405 6A 50                           	PUSH	80
   334 00000407 6A 38                           	PUSH	56
   335 00000409 6A 40                           	PUSH	64
   336 0000040B 6A 00                           	PUSH	0
   337 0000040D FF B5 FFFFFDE4                  	PUSH	DWORD [-540+EBP]
   338 00000413 E8 [00000000]                   	CALL	_sheet_refresh
   339 00000418 83 C4 30                        	ADD	ESP,48
   340 0000041B E9 FFFFFEEB                     	JMP	L2
   341 00000420                                 L23:
   342 00000420 68 [00000000]                   	PUSH	_mousefifo
   343 00000425 E8 [00000000]                   	CALL	_fifo8_get
   344 0000042A 89 C3                           	MOV	EBX,EAX
   345 0000042C E8 [00000000]                   	CALL	_io_sti
   346 00000431 0F B6 C3                        	MOVZX	EAX,BL
   347 00000434 50                              	PUSH	EAX
   348 00000435 8D 85 FFFFFEF4                  	LEA	EAX,DWORD [-268+EBP]
   349 0000043B 50                              	PUSH	EAX
   350 0000043C E8 [00000000]                   	CALL	_mouse_decode
   351 00000441 83 C4 0C                        	ADD	ESP,12
   352 00000444 85 C0                           	TEST	EAX,EAX
   353 00000446 0F 84 FFFFFEBF                  	JE	L2
   354 0000044C FF B5 FFFFFEFC                  	PUSH	DWORD [-260+EBP]
   355 00000452 FF B5 FFFFFEF8                  	PUSH	DWORD [-264+EBP]
   356 00000458 68 [00000039]                   	PUSH	LC5
   357 0000045D 8D 45 A4                        	LEA	EAX,DWORD [-92+EBP]
   358 00000460 50                              	PUSH	EAX
   359 00000461 E8 [00000000]                   	CALL	_sprintf
   360 00000466 83 C4 10                        	ADD	ESP,16
   361 00000469 8B 85 FFFFFF00                  	MOV	EAX,DWORD [-256+EBP]
   362 0000046F A9 00000001                     	TEST	EAX,1
   363 00000474 74 04                           	JE	L11
   364 00000476 C6 45 A5 4C                     	MOV	BYTE [-91+EBP],76
   365 0000047A                                 L11:
   366 0000047A A9 00000002                     	TEST	EAX,2
   367 0000047F 74 04                           	JE	L12
   368 00000481 C6 45 A7 52                     	MOV	BYTE [-89+EBP],82
   369 00000485                                 L12:
   370 00000485 83 E0 04                        	AND	EAX,4
   371 00000488 74 04                           	JE	L13
   372 0000048A C6 45 A6 43                     	MOV	BYTE [-90+EBP],67
   373 0000048E                                 L13:
   374 0000048E 6A 1F                           	PUSH	31
   375 00000490 68 00000097                     	PUSH	151
   376 00000495 6A 10                           	PUSH	16
   377 00000497 6A 20                           	PUSH	32
   378 00000499 6A 0E                           	PUSH	14
   379 0000049B 0F BF 05 00000FF4               	MOVSX	EAX,WORD [4084]
   380 000004A2 50                              	PUSH	EAX
   381 000004A3 FF B5 FFFFFDD8                  	PUSH	DWORD [-552+EBP]
   382 000004A9 E8 [00000000]                   	CALL	_boxfill8
   383 000004AE 8D 55 A4                        	LEA	EDX,DWORD [-92+EBP]
   384 000004B1 52                              	PUSH	EDX
   385 000004B2 6A 07                           	PUSH	7
   386 000004B4 6A 10                           	PUSH	16
   387 000004B6 6A 20                           	PUSH	32
   388 000004B8 0F BF 05 00000FF4               	MOVSX	EAX,WORD [4084]
   389 000004BF 50                              	PUSH	EAX
   390 000004C0 FF B5 FFFFFDD8                  	PUSH	DWORD [-552+EBP]
   391 000004C6 E8 [00000000]                   	CALL	_putfonts8_asc
   392 000004CB 83 C4 34                        	ADD	ESP,52
   393 000004CE 6A 20                           	PUSH	32
   394 000004D0 68 00000098                     	PUSH	152
   395 000004D5 6A 10                           	PUSH	16
   396 000004D7 6A 20                           	PUSH	32
   397 000004D9 FF B5 FFFFFDE4                  	PUSH	DWORD [-540+EBP]
   398 000004DF E8 [00000000]                   	CALL	_sheet_refresh
   399 000004E4 8B 9D FFFFFEF8                  	MOV	EBX,DWORD [-264+EBP]
   400 000004EA 03 BD FFFFFEFC                  	ADD	EDI,DWORD [-260+EBP]
   401 000004F0 83 C4 14                        	ADD	ESP,20
   402 000004F3 01 9D FFFFFDE8                  	ADD	DWORD [-536+EBP],EBX
   403 000004F9 0F 88 000000B5                  	JS	L24
   404 000004FF                                 L14:
   405 000004FF 85 FF                           	TEST	EDI,EDI
   406 00000501 0F 88 000000A6                  	JS	L25
   407 00000507                                 L15:
   408 00000507 0F BF 05 00000FF4               	MOVSX	EAX,WORD [4084]
   409 0000050E 48                              	DEC	EAX
   410 0000050F 39 85 FFFFFDE8                  	CMP	DWORD [-536+EBP],EAX
   411 00000515 7E 06                           	JLE	L16
   412 00000517 89 85 FFFFFDE8                  	MOV	DWORD [-536+EBP],EAX
   413 0000051D                                 L16:
   414 0000051D 0F BF 05 00000FF6               	MOVSX	EAX,WORD [4086]
   415 00000524 48                              	DEC	EAX
   416 00000525 39 C7                           	CMP	EDI,EAX
   417 00000527 7E 02                           	JLE	L17
   418 00000529 89 C7                           	MOV	EDI,EAX
   419 0000052B                                 L17:
   420 0000052B 57                              	PUSH	EDI
   421 0000052C 8D 45 A4                        	LEA	EAX,DWORD [-92+EBP]
   422 0000052F FF B5 FFFFFDE8                  	PUSH	DWORD [-536+EBP]
   423 00000535 68 [00000008]                   	PUSH	LC1
   424 0000053A 50                              	PUSH	EAX
   425 0000053B E8 [00000000]                   	CALL	_sprintf
   426 00000540 6A 0F                           	PUSH	15
   427 00000542 6A 4F                           	PUSH	79
   428 00000544 6A 00                           	PUSH	0
   429 00000546 6A 00                           	PUSH	0
   430 00000548 6A 0E                           	PUSH	14
   431 0000054A 0F BF 05 00000FF4               	MOVSX	EAX,WORD [4084]
   432 00000551 50                              	PUSH	EAX
   433 00000552 FF B5 FFFFFDD8                  	PUSH	DWORD [-552+EBP]
   434 00000558 E8 [00000000]                   	CALL	_boxfill8
   435 0000055D 8D 55 A4                        	LEA	EDX,DWORD [-92+EBP]
   436 00000560 83 C4 2C                        	ADD	ESP,44
   437 00000563 52                              	PUSH	EDX
   438 00000564 6A 07                           	PUSH	7
   439 00000566 6A 00                           	PUSH	0
   440 00000568 6A 00                           	PUSH	0
   441 0000056A 0F BF 05 00000FF4               	MOVSX	EAX,WORD [4084]
   442 00000571 50                              	PUSH	EAX
   443 00000572 FF B5 FFFFFDD8                  	PUSH	DWORD [-552+EBP]
   444 00000578 E8 [00000000]                   	CALL	_putfonts8_asc
   445 0000057D 6A 10                           	PUSH	16
   446 0000057F 6A 50                           	PUSH	80
   447 00000581 6A 00                           	PUSH	0
   448 00000583 6A 00                           	PUSH	0
   449 00000585 FF B5 FFFFFDE4                  	PUSH	DWORD [-540+EBP]
   450 0000058B E8 [00000000]                   	CALL	_sheet_refresh
   451 00000590 83 C4 2C                        	ADD	ESP,44
   452 00000593 57                              	PUSH	EDI
   453 00000594 FF B5 FFFFFDE8                  	PUSH	DWORD [-536+EBP]
   454 0000059A FF B5 FFFFFDE0                  	PUSH	DWORD [-544+EBP]
   455 000005A0 E8 [00000000]                   	CALL	_sheet_slide
   456 000005A5 83 C4 0C                        	ADD	ESP,12
   457 000005A8 E9 FFFFFD5E                     	JMP	L2
   458 000005AD                                 L25:
   459 000005AD 31 FF                           	XOR	EDI,EDI
   460 000005AF E9 FFFFFF53                     	JMP	L15
   461 000005B4                                 L24:
   462 000005B4 C7 85 FFFFFDE8 00000000         	MOV	DWORD [-536+EBP],0
   463 000005BE E9 FFFFFF3C                     	JMP	L14
   464 000005C3                                 L22:
   465 000005C3 68 [00000000]                   	PUSH	_keyfifo
   466 000005C8 E8 [00000000]                   	CALL	_fifo8_get
   467 000005CD 89 C3                           	MOV	EBX,EAX
   468 000005CF E8 [00000000]                   	CALL	_io_sti
   469 000005D4 53                              	PUSH	EBX
   470 000005D5 8D 55 A4                        	LEA	EDX,DWORD [-92+EBP]
   471 000005D8 68 [00000047]                   	PUSH	LC4
   472 000005DD 8D 5D A4                        	LEA	EBX,DWORD [-92+EBP]
   473 000005E0 52                              	PUSH	EDX
   474 000005E1 E8 [00000000]                   	CALL	_sprintf
   475 000005E6 6A 1F                           	PUSH	31
   476 000005E8 6A 0F                           	PUSH	15
   477 000005EA 6A 10                           	PUSH	16
   478 000005EC 6A 00                           	PUSH	0
   479 000005EE 6A 0E                           	PUSH	14
   480 000005F0 0F BF 05 00000FF4               	MOVSX	EAX,WORD [4084]
   481 000005F7 50                              	PUSH	EAX
   482 000005F8 FF B5 FFFFFDD8                  	PUSH	DWORD [-552+EBP]
   483 000005FE E8 [00000000]                   	CALL	_boxfill8
   484 00000603 83 C4 2C                        	ADD	ESP,44
   485 00000606 53                              	PUSH	EBX
   486 00000607 6A 07                           	PUSH	7
   487 00000609 6A 10                           	PUSH	16
   488 0000060B 6A 00                           	PUSH	0
   489 0000060D 0F BF 05 00000FF4               	MOVSX	EAX,WORD [4084]
   490 00000614 50                              	PUSH	EAX
   491 00000615 FF B5 FFFFFDD8                  	PUSH	DWORD [-552+EBP]
   492 0000061B E8 [00000000]                   	CALL	_putfonts8_asc
   493 00000620 6A 20                           	PUSH	32
   494 00000622 6A 10                           	PUSH	16
   495 00000624 6A 10                           	PUSH	16
   496 00000626 E9 FFFFFCD0                     	JMP	L20
   497 0000062B                                 L21:
   498 0000062B E8 [00000000]                   	CALL	_io_sti
   499 00000630 E9 FFFFFCD6                     	JMP	L2
   500                                          [SECTION .data]
   501 0000004C                                 _closebtn.0:
   502 0000004C 4F 4F 4F 4F 4F 4F 4F 4F 4F 4F   	DB	"OOOOOOOOOOOOOOO@"
       00000056 4F 4F 4F 4F 4F 40 
   503 0000005C 4F 51 51 51 51 51 51 51 51 51   	DB	"OQQQQQQQQQQQQQ$@"
       00000066 51 51 51 51 24 40 
   504 0000006C 4F 51 51 51 51 51 51 51 51 51   	DB	"OQQQQQQQQQQQQQ$@"
       00000076 51 51 51 51 24 40 
   505 0000007C 4F 51 51 51 40 40 51 51 51 51   	DB	"OQQQ@@QQQQ@@QQ$@"
       00000086 40 40 51 51 24 40 
   506 0000008C 4F 51 51 51 51 40 40 51 51 40   	DB	"OQQQQ@@QQ@@QQQ$@"
       00000096 40 51 51 51 24 40 
   507 0000009C 4F 51 51 51 51 51 40 40 40 40   	DB	"OQQQQQ@@@@QQQQ$@"
       000000A6 51 51 51 51 24 40 
   508 000000AC 4F 51 51 51 51 51 51 40 40 51   	DB	"OQQQQQQ@@QQQQQ$@"
       000000B6 51 51 51 51 24 40 
   509 000000BC 4F 51 51 51 51 51 40 40 40 40   	DB	"OQQQQQ@@@@QQQQ$@"
       000000C6 51 51 51 51 24 40 
   510 000000CC 4F 51 51 51 51 40 40 51 51 40   	DB	"OQQQQ@@QQ@@QQQ$@"
       000000D6 40 51 51 51 24 40 
   511 000000DC 4F 51 51 51 40 40 51 51 51 51   	DB	"OQQQ@@QQQQ@@QQ$@"
       000000E6 40 40 51 51 24 40 
   512 000000EC 4F 51 51 51 51 51 51 51 51 51   	DB	"OQQQQQQQQQQQQQ$@"
       000000F6 51 51 51 51 24 40 
   513 000000FC 4F 51 51 51 51 51 51 51 51 51   	DB	"OQQQQQQQQQQQQQ$@"
       00000106 51 51 51 51 24 40 
   514 0000010C 4F 24 24 24 24 24 24 24 24 24   	DB	"O$$$$$$$$$$$$$$@"
       00000116 24 24 24 24 24 40 
   515 0000011C 40 40 40 40 40 40 40 40 40 40   	DB	"@@@@@@@@@@@@@@@@"
       00000126 40 40 40 40 40 40 
   516                                          [SECTION .text]
   517 00000635                                 	GLOBAL	_make_window8
   518 00000635                                 _make_window8:
   519 00000635 55                              	PUSH	EBP
   520 00000636 89 E5                           	MOV	EBP,ESP
   521 00000638 57                              	PUSH	EDI
   522 00000639 56                              	PUSH	ESI
   523 0000063A 53                              	PUSH	EBX
   524 0000063B 83 EC 14                        	SUB	ESP,20
   525 0000063E 8B 5D 0C                        	MOV	EBX,DWORD [12+EBP]
   526 00000641 6A 00                           	PUSH	0
   527 00000643 8D 43 FF                        	LEA	EAX,DWORD [-1+EBX]
   528 00000646 8D 7B FE                        	LEA	EDI,DWORD [-2+EBX]
   529 00000649 50                              	PUSH	EAX
   530 0000064A 89 45 EC                        	MOV	DWORD [-20+EBP],EAX
   531 0000064D 6A 00                           	PUSH	0
   532 0000064F 6A 00                           	PUSH	0
   533 00000651 6A 08                           	PUSH	8
   534 00000653 53                              	PUSH	EBX
   535 00000654 FF 75 08                        	PUSH	DWORD [8+EBP]
   536 00000657 E8 [00000000]                   	CALL	_boxfill8
   537 0000065C 6A 01                           	PUSH	1
   538 0000065E 57                              	PUSH	EDI
   539 0000065F 6A 01                           	PUSH	1
   540 00000661 6A 01                           	PUSH	1
   541 00000663 6A 07                           	PUSH	7
   542 00000665 53                              	PUSH	EBX
   543 00000666 FF 75 08                        	PUSH	DWORD [8+EBP]
   544 00000669 E8 [00000000]                   	CALL	_boxfill8
   545 0000066E 8B 55 10                        	MOV	EDX,DWORD [16+EBP]
   546 00000671 83 C4 38                        	ADD	ESP,56
   547 00000674 4A                              	DEC	EDX
   548 00000675 89 55 E8                        	MOV	DWORD [-24+EBP],EDX
   549 00000678 52                              	PUSH	EDX
   550 00000679 6A 00                           	PUSH	0
   551 0000067B 6A 00                           	PUSH	0
   552 0000067D 6A 00                           	PUSH	0
   553 0000067F 6A 08                           	PUSH	8
   554 00000681 53                              	PUSH	EBX
   555 00000682 FF 75 08                        	PUSH	DWORD [8+EBP]
   556 00000685 E8 [00000000]                   	CALL	_boxfill8
   557 0000068A 8B 75 10                        	MOV	ESI,DWORD [16+EBP]
   558 0000068D 83 EE 02                        	SUB	ESI,2
   559 00000690 56                              	PUSH	ESI
   560 00000691 6A 01                           	PUSH	1
   561 00000693 6A 01                           	PUSH	1
   562 00000695 6A 01                           	PUSH	1
   563 00000697 6A 07                           	PUSH	7
   564 00000699 53                              	PUSH	EBX
   565 0000069A FF 75 08                        	PUSH	DWORD [8+EBP]
   566 0000069D E8 [00000000]                   	CALL	_boxfill8
   567 000006A2 83 C4 38                        	ADD	ESP,56
   568 000006A5 56                              	PUSH	ESI
   569 000006A6 57                              	PUSH	EDI
   570 000006A7 6A 01                           	PUSH	1
   571 000006A9 57                              	PUSH	EDI
   572 000006AA 6A 0F                           	PUSH	15
   573 000006AC 53                              	PUSH	EBX
   574 000006AD FF 75 08                        	PUSH	DWORD [8+EBP]
   575 000006B0 E8 [00000000]                   	CALL	_boxfill8
   576 000006B5 FF 75 E8                        	PUSH	DWORD [-24+EBP]
   577 000006B8 FF 75 EC                        	PUSH	DWORD [-20+EBP]
   578 000006BB 6A 00                           	PUSH	0
   579 000006BD FF 75 EC                        	PUSH	DWORD [-20+EBP]
   580 000006C0 6A 00                           	PUSH	0
   581 000006C2 53                              	PUSH	EBX
   582 000006C3 FF 75 08                        	PUSH	DWORD [8+EBP]
   583 000006C6 E8 [00000000]                   	CALL	_boxfill8
   584 000006CB 8B 45 10                        	MOV	EAX,DWORD [16+EBP]
   585 000006CE 83 C4 38                        	ADD	ESP,56
   586 000006D1 83 E8 03                        	SUB	EAX,3
   587 000006D4 50                              	PUSH	EAX
   588 000006D5 8D 43 FD                        	LEA	EAX,DWORD [-3+EBX]
   589 000006D8 50                              	PUSH	EAX
   590 000006D9 6A 02                           	PUSH	2
   591 000006DB 6A 02                           	PUSH	2
   592 000006DD 6A 08                           	PUSH	8
   593 000006DF 53                              	PUSH	EBX
   594 000006E0 FF 75 08                        	PUSH	DWORD [8+EBP]
   595 000006E3 E8 [00000000]                   	CALL	_boxfill8
   596 000006E8 8D 43 FC                        	LEA	EAX,DWORD [-4+EBX]
   597 000006EB 6A 14                           	PUSH	20
   598 000006ED 50                              	PUSH	EAX
   599 000006EE 6A 03                           	PUSH	3
   600 000006F0 6A 03                           	PUSH	3
   601 000006F2 6A 0C                           	PUSH	12
   602 000006F4 53                              	PUSH	EBX
   603 000006F5 FF 75 08                        	PUSH	DWORD [8+EBP]
   604 000006F8 E8 [00000000]                   	CALL	_boxfill8
   605 000006FD 83 C4 38                        	ADD	ESP,56
   606 00000700 56                              	PUSH	ESI
   607 00000701 57                              	PUSH	EDI
   608 00000702 56                              	PUSH	ESI
   609 00000703 6A 01                           	PUSH	1
   610 00000705 6A 0F                           	PUSH	15
   611 00000707 53                              	PUSH	EBX
   612 00000708 FF 75 08                        	PUSH	DWORD [8+EBP]
   613 0000070B E8 [00000000]                   	CALL	_boxfill8
   614 00000710 FF 75 E8                        	PUSH	DWORD [-24+EBP]
   615 00000713 FF 75 EC                        	PUSH	DWORD [-20+EBP]
   616 00000716 FF 75 E8                        	PUSH	DWORD [-24+EBP]
   617 00000719 6A 00                           	PUSH	0
   618 0000071B 6A 00                           	PUSH	0
   619 0000071D 6B F3 05                        	IMUL	ESI,EBX,5
   620 00000720 53                              	PUSH	EBX
   621 00000721 FF 75 08                        	PUSH	DWORD [8+EBP]
   622 00000724 E8 [00000000]                   	CALL	_boxfill8
   623 00000729 83 C4 38                        	ADD	ESP,56
   624 0000072C FF 75 14                        	PUSH	DWORD [20+EBP]
   625 0000072F 6A 07                           	PUSH	7
   626 00000731 6A 04                           	PUSH	4
   627 00000733 6A 18                           	PUSH	24
   628 00000735 53                              	PUSH	EBX
   629 00000736 FF 75 08                        	PUSH	DWORD [8+EBP]
   630 00000739 E8 [00000000]                   	CALL	_putfonts8_asc
   631 0000073E 83 C4 18                        	ADD	ESP,24
   632 00000741 C7 45 F0 00000000               	MOV	DWORD [-16+EBP],0
   633 00000748 C7 45 E0 00000000               	MOV	DWORD [-32+EBP],0
   634 0000074F                                 L42:
   635 0000074F 8D 04 1E                        	LEA	EAX,DWORD [ESI+EBX*1]
   636 00000752 8B 55 08                        	MOV	EDX,DWORD [8+EBP]
   637 00000755 31 FF                           	XOR	EDI,EDI
   638 00000757 8D 4C 02 EB                     	LEA	ECX,DWORD [-21+EDX+EAX*1]
   639 0000075B                                 L41:
   640 0000075B 8B 45 E0                        	MOV	EAX,DWORD [-32+EBP]
   641 0000075E 8A 94 07 [0000004C]             	MOV	DL,BYTE [_closebtn.0+EDI+EAX*1]
   642 00000765 80 FA 40                        	CMP	DL,64
   643 00000768 74 33                           	JE	L47
   644 0000076A 80 FA 24                        	CMP	DL,36
   645 0000076D 74 2A                           	JE	L48
   646 0000076F 80 FA 51                        	CMP	DL,81
   647 00000772 B2 08                           	MOV	DL,8
   648 00000774 0F 95 C0                        	SETNE	AL
   649 00000777 28 C2                           	SUB	DL,AL
   650 00000779                                 L36:
   651 00000779 47                              	INC	EDI
   652 0000077A 88 11                           	MOV	BYTE [ECX],DL
   653 0000077C 41                              	INC	ECX
   654 0000077D 83 FF 0F                        	CMP	EDI,15
   655 00000780 7E D9                           	JLE	L41
   656 00000782 FF 45 F0                        	INC	DWORD [-16+EBP]
   657 00000785 01 DE                           	ADD	ESI,EBX
   658 00000787 83 45 E0 10                     	ADD	DWORD [-32+EBP],16
   659 0000078B 83 7D F0 0D                     	CMP	DWORD [-16+EBP],13
   660 0000078F 7E BE                           	JLE	L42
   661 00000791 8D 65 F4                        	LEA	ESP,DWORD [-12+EBP]
   662 00000794 5B                              	POP	EBX
   663 00000795 5E                              	POP	ESI
   664 00000796 5F                              	POP	EDI
   665 00000797 5D                              	POP	EBP
   666 00000798 C3                              	RET
   667 00000799                                 L48:
   668 00000799 B2 0F                           	MOV	DL,15
   669 0000079B EB DC                           	JMP	L36
   670 0000079D                                 L47:
   671 0000079D 31 D2                           	XOR	EDX,EDX
   672 0000079F EB D8                           	JMP	L36
