     1 00000000                                 ; haribote-os boot asm
     2 00000000                                 ; TAB=4
     3 00000000                                 
     4  = 00280000                              BOTPAK	EQU		0x00280000		; bootpackのロード先
     5  = 00100000                              DSKCAC	EQU		0x00100000		; ディスクキャッシュの場所
     6  = 00008000                              DSKCAC0	EQU		0x00008000		; ディスクキャッシュの場所（リアルモード）
     7 00000000                                 
     8 00000000                                 ; BOOT_INFO関係
     9  = 00000FF0                              CYLS	EQU		0x0ff0			; ブートセクタが設定する
    10  = 00000FF1                              LEDS	EQU		0x0ff1
    11  = 00000FF2                              VMODE	EQU		0x0ff2			; 色数に関する情報。何ビットカラーか？
    12  = 00000FF4                              SCRNX	EQU		0x0ff4			; 解像度のX
    13  = 00000FF6                              SCRNY	EQU		0x0ff6			; 解像度のY
    14  = 00000FF8                              VRAM	EQU		0x0ff8			; グラフィックバッファの開始番地
    15 00000000                                 
    16                                          		ORG		0xc200			; このプログラムがどこに読み込まれるのか
    17 0000C200                                 
    18 0000C200                                 ; 画面モードを設定
    19 0000C200                                 
    20 0000C200 BB 4101                         		MOV		BX,0x4101		; VBEの640x480x8bitカラー
    21 0000C203 B8 4F02                         		MOV		AX,0x4f02
    22 0000C206 CD 10                           		INT		0x10
    23 0000C208 C6 06 0FF2 08                   		MOV		BYTE [VMODE],8	; 画面モードをメモする（C言語が参照する）
    24 0000C20D C7 06 0FF4 0280                 		MOV		WORD [SCRNX],640
    25 0000C213 C7 06 0FF6 01E0                 		MOV		WORD [SCRNY],480
    26 0000C219 66 C7 06 0FF8 E0000000          		MOV		DWORD [VRAM],0xe0000000
    27 0000C222                                 
    28 0000C222                                 ; キーボードのLED状態をBIOSに教えてもらう
    29 0000C222                                 
    30 0000C222 B4 02                           		MOV		AH,0x02
    31 0000C224 CD 16                           		INT		0x16 			; keyboard BIOS
    32 0000C226 A2 0FF1                         		MOV		[LEDS],AL
    33 0000C229                                 
    34 0000C229                                 ; PICが一切の割り込みを受け付けないようにする
    35 0000C229                                 ;	AT互換機の仕様では、PICの初期化をするなら、
    36 0000C229                                 ;	こいつをCLI前にやっておかないと、たまにハングアップする
    37 0000C229                                 ;	PICの初期化はあとでやる
    38 0000C229                                 
    39 0000C229 B0 FF                           		MOV		AL,0xff
    40 0000C22B E6 21                           		OUT		0x21,AL
    41 0000C22D 90                              		NOP						; OUT命令を連続させるとうまくいかない機種があるらしいので
    42 0000C22E E6 A1                           		OUT		0xa1,AL
    43 0000C230                                 
    44 0000C230 FA                              		CLI						; さらにCPUレベルでも割り込み禁止
    45 0000C231                                 
    46 0000C231                                 ; CPUから1MB以上のメモリにアクセスできるように、A20GATEを設定
    47 0000C231                                 
    48 0000C231 E8 00B5                         		CALL	waitkbdout
    49 0000C234 B0 D1                           		MOV		AL,0xd1
    50 0000C236 E6 64                           		OUT		0x64,AL
    51 0000C238 E8 00AE                         		CALL	waitkbdout
    52 0000C23B B0 DF                           		MOV		AL,0xdf			; enable A20
    53 0000C23D E6 60                           		OUT		0x60,AL
    54 0000C23F E8 00A7                         		CALL	waitkbdout
    55 0000C242                                 
    56 0000C242                                 ; プロテクトモード移行
    57 0000C242                                 
    58 0000C242                                 [INSTRSET "i486p"]				; 486の命令まで使いたいという記述
    59 0000C242                                 
    60 0000C242 0F 01 16 C32A                   		LGDT	[GDTR0]			; 暫定GDTを設定
    61 0000C247 0F 20 C0                        		MOV		EAX,CR0
    62 0000C24A 66 25 7FFFFFFF                  		AND		EAX,0x7fffffff	; bit31を0にする（ページング禁止のため）
    63 0000C250 66 83 C8 01                     		OR		EAX,0x00000001	; bit0を1にする（プロテクトモード移行のため）
    64 0000C254 0F 22 C0                        		MOV		CR0,EAX
    65 0000C257 EB 00                           		JMP		pipelineflush
    66 0000C259                                 pipelineflush:
    67 0000C259 B8 0008                         		MOV		AX,1*8			;  読み書き可能セグメント32bit
    68 0000C25C 8E D8                           		MOV		DS,AX
    69 0000C25E 8E C0                           		MOV		ES,AX
    70 0000C260 8E E0                           		MOV		FS,AX
    71 0000C262 8E E8                           		MOV		GS,AX
    72 0000C264 8E D0                           		MOV		SS,AX
    73 0000C266                                 
    74 0000C266                                 ; bootpackの転送
    75 0000C266                                 
    76 0000C266 66 BE 0000C330                  		MOV		ESI,bootpack	; 転送元
    77 0000C26C 66 BF 00280000                  		MOV		EDI,BOTPAK		; 転送先
    78 0000C272 66 B9 00020000                  		MOV		ECX,512*1024/4
    79 0000C278 E8 0075                         		CALL	memcpy
    80 0000C27B                                 
    81 0000C27B                                 ; ついでにディスクデータも本来の位置へ転送
    82 0000C27B                                 
    83 0000C27B                                 ; まずはブートセクタから
    84 0000C27B                                 
    85 0000C27B 66 BE 00007C00                  		MOV		ESI,0x7c00		; 転送元
    86 0000C281 66 BF 00100000                  		MOV		EDI,DSKCAC		; 転送先
    87 0000C287 66 B9 00000080                  		MOV		ECX,512/4
    88 0000C28D E8 0060                         		CALL	memcpy
    89 0000C290                                 
    90 0000C290                                 ; 残り全部
    91 0000C290                                 
    92 0000C290 66 BE 00008200                  		MOV		ESI,DSKCAC0+512	; 転送元
    93 0000C296 66 BF 00100200                  		MOV		EDI,DSKCAC+512	; 転送先
    94 0000C29C 66 B9 00000000                  		MOV		ECX,0
    95 0000C2A2 8A 0E 0FF0                      		MOV		CL,BYTE [CYLS]
    96 0000C2A6 66 69 C9 00001200               		IMUL	ECX,512*18*2/4	; シリンダ数からバイト数/4に変換
    97 0000C2AD 66 81 E9 00000080               		SUB		ECX,512/4		; IPLの分だけ差し引く
    98 0000C2B4 E8 0039                         		CALL	memcpy
    99 0000C2B7                                 
   100 0000C2B7                                 ; asmheadでしなければいけないことは全部し終わったので、
   101 0000C2B7                                 ;	あとはbootpackに任せる
   102 0000C2B7                                 
   103 0000C2B7                                 ; bootpackの起動
   104 0000C2B7                                 
   105 0000C2B7 66 BB 00280000                  		MOV		EBX,BOTPAK
   106 0000C2BD 67 66 8B 4B 10                  		MOV		ECX,[EBX+16]
   107 0000C2C2 66 83 C1 03                     		ADD		ECX,3			; ECX += 3;
   108 0000C2C6 66 C1 E9 02                     		SHR		ECX,2			; ECX /= 4;
   109 0000C2CA 74 10                           		JZ		skip			; 転送するべきものがない
   110 0000C2CC 67 66 8B 73 14                  		MOV		ESI,[EBX+20]	; 転送元
   111 0000C2D1 66 01 DE                        		ADD		ESI,EBX
   112 0000C2D4 67 66 8B 7B 0C                  		MOV		EDI,[EBX+12]	; 転送先
   113 0000C2D9 E8 0014                         		CALL	memcpy
   114 0000C2DC                                 skip:
   115 0000C2DC 67 66 8B 63 0C                  		MOV		ESP,[EBX+12]	; スタック初期値
   116 0000C2E1 66 EA 0000001B 0010             		JMP		DWORD 2*8:0x0000001b
   117 0000C2E9                                 
   118 0000C2E9                                 waitkbdout:
   119 0000C2E9 E4 64                           		IN		 AL,0x64
   120 0000C2EB 24 02                           		AND		 AL,0x02
   121 0000C2ED 75 FA                           		JNZ		waitkbdout		; ANDの結果が0でなければwaitkbdoutへ
   122 0000C2EF C3                              		RET
   123 0000C2F0                                 
   124 0000C2F0                                 memcpy:
   125 0000C2F0 67 66 8B 06                     		MOV		EAX,[ESI]
   126 0000C2F4 66 83 C6 04                     		ADD		ESI,4
   127 0000C2F8 67 66 89 07                     		MOV		[EDI],EAX
   128 0000C2FC 66 83 C7 04                     		ADD		EDI,4
   129 0000C300 66 83 E9 01                     		SUB		ECX,1
   130 0000C304 75 EA                           		JNZ		memcpy			; 引き算した結果が0でなければmemcpyへ
   131 0000C306 C3                              		RET
   132 0000C307                                 ; memcpyはアドレスサイズプリフィクスを入れ忘れなければ、ストリング命令でも書ける
   133 0000C307                                 
   134 0000C307 00 00 00 00 00 00 00 00 00      		ALIGNB	16
   135 0000C310                                 GDT0:
   136 0000C310 00 00 00 00 00 00 00 00         		RESB	8				; ヌルセレクタ
   137 0000C318 FFFF 0000 9200 00CF             		DW		0xffff,0x0000,0x9200,0x00cf	; 読み書き可能セグメント32bit
   138 0000C320 FFFF 0000 9A28 0047             		DW		0xffff,0x0000,0x9a28,0x0047	; 実行可能セグメント32bit（bootpack用）
   139 0000C328                                 
   140 0000C328 0000                            		DW		0
   141 0000C32A                                 GDTR0:
   142 0000C32A 0017                            		DW		8*3-1
   143 0000C32C 0000C310                        		DD		GDT0
   144 0000C330                                 
   145 0000C330                                 		ALIGNB	16
   146 0000C330                                 bootpack:
