     1 00000000                                 [FORMAT "WCOFF"]
     2 00000000                                 [INSTRSET "i486p"]
     3 00000000                                 [OPTIMIZE 1]
     4 00000000                                 [OPTION 1]
     5 00000000                                 [BITS 32]
     6 00000000                                 	EXTERN	_init_gdtidt
     7 00000000                                 	EXTERN	_init_pic
     8 00000000                                 	EXTERN	_io_sti
     9 00000000                                 	EXTERN	_fifo32_init
    10 00000000                                 	EXTERN	_init_pit
    11 00000000                                 	EXTERN	_init_keyboard
    12 00000000                                 	EXTERN	_enable_mouse
    13 00000000                                 	EXTERN	_io_out8
    14 00000000                                 	EXTERN	_memtest
    15 00000000                                 	EXTERN	_memman_init
    16 00000000                                 	EXTERN	_memman_free
    17 00000000                                 	EXTERN	_init_palette
    18 00000000                                 	EXTERN	_shtctl_init
    19 00000000                                 	EXTERN	_task_init
    20 00000000                                 	EXTERN	_task_run
    21 00000000                                 	EXTERN	_sheet_alloc
    22 00000000                                 	EXTERN	_memman_alloc_4k
    23 00000000                                 	EXTERN	_sheet_setbuf
    24 00000000                                 	EXTERN	_init_screen8
    25 00000000                                 	EXTERN	_make_window8
    26 00000000                                 	EXTERN	_make_textbox8
    27 00000000                                 	EXTERN	_task_alloc
    28 00000000                                 	EXTERN	_console_task
    29 00000000                                 	EXTERN	_timer_alloc
    30 00000000                                 	EXTERN	_timer_init
    31 00000000                                 	EXTERN	_timer_settime
    32 00000000                                 	EXTERN	_init_mouse_cursor8
    33 00000000                                 	EXTERN	_sheet_slide
    34 00000000                                 	EXTERN	_sheet_updown
    35 00000000                                 	EXTERN	_fifo32_put
    36 00000000                                 	EXTERN	_fifo32_status
    37 00000000                                 	EXTERN	_io_cli
    38 00000000                                 	EXTERN	_fifo32_get
    39 00000000                                 	EXTERN	_putfonts8_asc_sht
    40 00000000                                 	EXTERN	_boxfill8
    41 00000000                                 	EXTERN	_sheet_refresh
    42 00000000                                 	EXTERN	_mouse_decode
    43 00000000                                 	EXTERN	_keytable0.0
    44 00000000                                 	EXTERN	_wait_KBC_sendready
    45 00000000                                 	EXTERN	_make_wtitle8
    46 00000000                                 	EXTERN	_keytable1.1
    47 00000000                                 	EXTERN	_task_sleep
    48 00000000                                 [FILE "bootpack.c"]
    49                                          [SECTION .data]
    50 00000000                                 _keytable0.0:
    51 00000000 00                              	DB	0
    52 00000001 00                              	DB	0
    53 00000002 31                              	DB	49
    54 00000003 32                              	DB	50
    55 00000004 33                              	DB	51
    56 00000005 34                              	DB	52
    57 00000006 35                              	DB	53
    58 00000007 36                              	DB	54
    59 00000008 37                              	DB	55
    60 00000009 38                              	DB	56
    61 0000000A 39                              	DB	57
    62 0000000B 30                              	DB	48
    63 0000000C 2D                              	DB	45
    64 0000000D 5E                              	DB	94
    65 0000000E 00                              	DB	0
    66 0000000F 00                              	DB	0
    67 00000010 51                              	DB	81
    68 00000011 57                              	DB	87
    69 00000012 45                              	DB	69
    70 00000013 52                              	DB	82
    71 00000014 54                              	DB	84
    72 00000015 59                              	DB	89
    73 00000016 55                              	DB	85
    74 00000017 49                              	DB	73
    75 00000018 4F                              	DB	79
    76 00000019 50                              	DB	80
    77 0000001A 40                              	DB	64
    78 0000001B 5B                              	DB	91
    79 0000001C 00                              	DB	0
    80 0000001D 00                              	DB	0
    81 0000001E 41                              	DB	65
    82 0000001F 53                              	DB	83
    83 00000020 44                              	DB	68
    84 00000021 46                              	DB	70
    85 00000022 47                              	DB	71
    86 00000023 48                              	DB	72
    87 00000024 4A                              	DB	74
    88 00000025 4B                              	DB	75
    89 00000026 4C                              	DB	76
    90 00000027 3B                              	DB	59
    91 00000028 3A                              	DB	58
    92 00000029 00                              	DB	0
    93 0000002A 00                              	DB	0
    94 0000002B 5D                              	DB	93
    95 0000002C 5A                              	DB	90
    96 0000002D 58                              	DB	88
    97 0000002E 43                              	DB	67
    98 0000002F 56                              	DB	86
    99 00000030 42                              	DB	66
   100 00000031 4E                              	DB	78
   101 00000032 4D                              	DB	77
   102 00000033 2C                              	DB	44
   103 00000034 2E                              	DB	46
   104 00000035 2F                              	DB	47
   105 00000036 00                              	DB	0
   106 00000037 2A                              	DB	42
   107 00000038 00                              	DB	0
   108 00000039 20                              	DB	32
   109 0000003A 00                              	DB	0
   110 0000003B 00                              	DB	0
   111 0000003C 00                              	DB	0
   112 0000003D 00                              	DB	0
   113 0000003E 00                              	DB	0
   114 0000003F 00                              	DB	0
   115 00000040 00                              	DB	0
   116 00000041 00                              	DB	0
   117 00000042 00                              	DB	0
   118 00000043 00                              	DB	0
   119 00000044 00                              	DB	0
   120 00000045 00                              	DB	0
   121 00000046 00                              	DB	0
   122 00000047 37                              	DB	55
   123 00000048 38                              	DB	56
   124 00000049 39                              	DB	57
   125 0000004A 2D                              	DB	45
   126 0000004B 34                              	DB	52
   127 0000004C 35                              	DB	53
   128 0000004D 36                              	DB	54
   129 0000004E 2B                              	DB	43
   130 0000004F 31                              	DB	49
   131 00000050 32                              	DB	50
   132 00000051 33                              	DB	51
   133 00000052 30                              	DB	48
   134 00000053 2E                              	DB	46
   135 00000054 00                              	DB	0
   136 00000055 00                              	DB	0
   137 00000056 00                              	DB	0
   138 00000057 00                              	DB	0
   139 00000058 00                              	DB	0
   140 00000059 00                              	DB	0
   141 0000005A 00                              	DB	0
   142 0000005B 00                              	DB	0
   143 0000005C 00                              	DB	0
   144 0000005D 00                              	DB	0
   145 0000005E 00                              	DB	0
   146 0000005F 00                              	DB	0
   147 00000060 00                              	DB	0
   148 00000061 00                              	DB	0
   149 00000062 00                              	DB	0
   150 00000063 00                              	DB	0
   151 00000064 00                              	DB	0
   152 00000065 00                              	DB	0
   153 00000066 00                              	DB	0
   154 00000067 00                              	DB	0
   155 00000068 00                              	DB	0
   156 00000069 00                              	DB	0
   157 0000006A 00                              	DB	0
   158 0000006B 00                              	DB	0
   159 0000006C 00                              	DB	0
   160 0000006D 00                              	DB	0
   161 0000006E 00                              	DB	0
   162 0000006F 00                              	DB	0
   163 00000070 00                              	DB	0
   164 00000071 00                              	DB	0
   165 00000072 00                              	DB	0
   166 00000073 5C                              	DB	92
   167 00000074 00                              	DB	0
   168 00000075 00                              	DB	0
   169 00000076 00                              	DB	0
   170 00000077 00                              	DB	0
   171 00000078 00                              	DB	0
   172 00000079 00                              	DB	0
   173 0000007A 00                              	DB	0
   174 0000007B 00                              	DB	0
   175 0000007C 00                              	DB	0
   176 0000007D 5C                              	DB	92
   177 0000007E 00                              	DB	0
   178 0000007F 00                              	DB	0
   179 00000080                                 _keytable1.1:
   180 00000080 00                              	DB	0
   181 00000081 00                              	DB	0
   182 00000082 21                              	DB	33
   183 00000083 22                              	DB	34
   184 00000084 23                              	DB	35
   185 00000085 24                              	DB	36
   186 00000086 25                              	DB	37
   187 00000087 26                              	DB	38
   188 00000088 27                              	DB	39
   189 00000089 28                              	DB	40
   190 0000008A 29                              	DB	41
   191 0000008B 7E                              	DB	126
   192 0000008C 3D                              	DB	61
   193 0000008D 7E                              	DB	126
   194 0000008E 00                              	DB	0
   195 0000008F 00                              	DB	0
   196 00000090 51                              	DB	81
   197 00000091 57                              	DB	87
   198 00000092 45                              	DB	69
   199 00000093 52                              	DB	82
   200 00000094 54                              	DB	84
   201 00000095 59                              	DB	89
   202 00000096 55                              	DB	85
   203 00000097 49                              	DB	73
   204 00000098 4F                              	DB	79
   205 00000099 50                              	DB	80
   206 0000009A 60                              	DB	96
   207 0000009B 7B                              	DB	123
   208 0000009C 00                              	DB	0
   209 0000009D 00                              	DB	0
   210 0000009E 41                              	DB	65
   211 0000009F 53                              	DB	83
   212 000000A0 44                              	DB	68
   213 000000A1 46                              	DB	70
   214 000000A2 47                              	DB	71
   215 000000A3 48                              	DB	72
   216 000000A4 4A                              	DB	74
   217 000000A5 4B                              	DB	75
   218 000000A6 4C                              	DB	76
   219 000000A7 2B                              	DB	43
   220 000000A8 2A                              	DB	42
   221 000000A9 00                              	DB	0
   222 000000AA 00                              	DB	0
   223 000000AB 7D                              	DB	125
   224 000000AC 5A                              	DB	90
   225 000000AD 58                              	DB	88
   226 000000AE 43                              	DB	67
   227 000000AF 56                              	DB	86
   228 000000B0 42                              	DB	66
   229 000000B1 4E                              	DB	78
   230 000000B2 4D                              	DB	77
   231 000000B3 3C                              	DB	60
   232 000000B4 3E                              	DB	62
   233 000000B5 3F                              	DB	63
   234 000000B6 00                              	DB	0
   235 000000B7 2A                              	DB	42
   236 000000B8 00                              	DB	0
   237 000000B9 20                              	DB	32
   238 000000BA 00                              	DB	0
   239 000000BB 00                              	DB	0
   240 000000BC 00                              	DB	0
   241 000000BD 00                              	DB	0
   242 000000BE 00                              	DB	0
   243 000000BF 00                              	DB	0
   244 000000C0 00                              	DB	0
   245 000000C1 00                              	DB	0
   246 000000C2 00                              	DB	0
   247 000000C3 00                              	DB	0
   248 000000C4 00                              	DB	0
   249 000000C5 00                              	DB	0
   250 000000C6 00                              	DB	0
   251 000000C7 37                              	DB	55
   252 000000C8 38                              	DB	56
   253 000000C9 39                              	DB	57
   254 000000CA 2D                              	DB	45
   255 000000CB 34                              	DB	52
   256 000000CC 35                              	DB	53
   257 000000CD 36                              	DB	54
   258 000000CE 2B                              	DB	43
   259 000000CF 31                              	DB	49
   260 000000D0 32                              	DB	50
   261 000000D1 33                              	DB	51
   262 000000D2 30                              	DB	48
   263 000000D3 2E                              	DB	46
   264 000000D4 00                              	DB	0
   265 000000D5 00                              	DB	0
   266 000000D6 00                              	DB	0
   267 000000D7 00                              	DB	0
   268 000000D8 00                              	DB	0
   269 000000D9 00                              	DB	0
   270 000000DA 00                              	DB	0
   271 000000DB 00                              	DB	0
   272 000000DC 00                              	DB	0
   273 000000DD 00                              	DB	0
   274 000000DE 00                              	DB	0
   275 000000DF 00                              	DB	0
   276 000000E0 00                              	DB	0
   277 000000E1 00                              	DB	0
   278 000000E2 00                              	DB	0
   279 000000E3 00                              	DB	0
   280 000000E4 00                              	DB	0
   281 000000E5 00                              	DB	0
   282 000000E6 00                              	DB	0
   283 000000E7 00                              	DB	0
   284 000000E8 00                              	DB	0
   285 000000E9 00                              	DB	0
   286 000000EA 00                              	DB	0
   287 000000EB 00                              	DB	0
   288 000000EC 00                              	DB	0
   289 000000ED 00                              	DB	0
   290 000000EE 00                              	DB	0
   291 000000EF 00                              	DB	0
   292 000000F0 00                              	DB	0
   293 000000F1 00                              	DB	0
   294 000000F2 00                              	DB	0
   295 000000F3 5F                              	DB	95
   296 000000F4 00                              	DB	0
   297 000000F5 00                              	DB	0
   298 000000F6 00                              	DB	0
   299 000000F7 00                              	DB	0
   300 000000F8 00                              	DB	0
   301 000000F9 00                              	DB	0
   302 000000FA 00                              	DB	0
   303 000000FB 00                              	DB	0
   304 000000FC 00                              	DB	0
   305 000000FD 7C                              	DB	124
   306 000000FE 00                              	DB	0
   307 000000FF 00                              	DB	0
   308 00000100                                 LC0:
   309 00000100 63 6F 6E 73 6F 6C 65 00         	DB	"console",0x00
   310 00000108                                 LC1:
   311 00000108 74 61 73 6B 5F 61 00            	DB	"task_a",0x00
   312 0000010F                                 LC2:
   313 0000010F 20 00                           	DB	" ",0x00
   314                                          [SECTION .text]
   315 00000000                                 	GLOBAL	_HariMain
   316 00000000                                 _HariMain:
   317 00000000 55                              	PUSH	EBP
   318 00000001 89 E5                           	MOV	EBP,ESP
   319 00000003 57                              	PUSH	EDI
   320 00000004 56                              	PUSH	ESI
   321 00000005 53                              	PUSH	EBX
   322 00000006 81 EC 00000448                  	SUB	ESP,1096
   323 0000000C C7 85 FFFFFBBC 00000000         	MOV	DWORD [-1092+EBP],0
   324 00000016 C7 85 FFFFFBB8 00000000         	MOV	DWORD [-1096+EBP],0
   325 00000020 A0 00000FF1                     	MOV	AL,BYTE [4081]
   326 00000025 C0 F8 04                        	SAR	AL,4
   327 00000028 89 C2                           	MOV	EDX,EAX
   328 0000002A 83 E2 07                        	AND	EDX,7
   329 0000002D 89 95 FFFFFBB4                  	MOV	DWORD [-1100+EBP],EDX
   330 00000033 C7 85 FFFFFBB0 FFFFFFFF         	MOV	DWORD [-1104+EBP],-1
   331 0000003D E8 [00000000]                   	CALL	_init_gdtidt
   332 00000042 E8 [00000000]                   	CALL	_init_pic
   333 00000047 E8 [00000000]                   	CALL	_io_sti
   334 0000004C 8D 85 FFFFFD84                  	LEA	EAX,DWORD [-636+EBP]
   335 00000052 6A 00                           	PUSH	0
   336 00000054 50                              	PUSH	EAX
   337 00000055 8D 45 A4                        	LEA	EAX,DWORD [-92+EBP]
   338 00000058 68 00000080                     	PUSH	128
   339 0000005D 50                              	PUSH	EAX
   340 0000005E E8 [00000000]                   	CALL	_fifo32_init
   341 00000063 E8 [00000000]                   	CALL	_init_pit
   342 00000068 8D 55 A4                        	LEA	EDX,DWORD [-92+EBP]
   343 0000006B 68 00000100                     	PUSH	256
   344 00000070 52                              	PUSH	EDX
   345 00000071 E8 [00000000]                   	CALL	_init_keyboard
   346 00000076 8D 85 FFFFFCF4                  	LEA	EAX,DWORD [-780+EBP]
   347 0000007C 50                              	PUSH	EAX
   348 0000007D 8D 45 A4                        	LEA	EAX,DWORD [-92+EBP]
   349 00000080 68 00000200                     	PUSH	512
   350 00000085 50                              	PUSH	EAX
   351 00000086 E8 [00000000]                   	CALL	_enable_mouse
   352 0000008B 83 C4 24                        	ADD	ESP,36
   353 0000008E 68 000000F8                     	PUSH	248
   354 00000093 6A 21                           	PUSH	33
   355 00000095 E8 [00000000]                   	CALL	_io_out8
   356 0000009A 68 000000EF                     	PUSH	239
   357 0000009F 68 000000A1                     	PUSH	161
   358 000000A4 E8 [00000000]                   	CALL	_io_out8
   359 000000A9 8D 55 84                        	LEA	EDX,DWORD [-124+EBP]
   360 000000AC 6A 00                           	PUSH	0
   361 000000AE 8D 85 FFFFFD04                  	LEA	EAX,DWORD [-764+EBP]
   362 000000B4 50                              	PUSH	EAX
   363 000000B5 6A 20                           	PUSH	32
   364 000000B7 52                              	PUSH	EDX
   365 000000B8 E8 [00000000]                   	CALL	_fifo32_init
   366 000000BD 83 C4 20                        	ADD	ESP,32
   367 000000C0 68 BFFFFFFF                     	PUSH	-1073741825
   368 000000C5 68 00400000                     	PUSH	4194304
   369 000000CA E8 [00000000]                   	CALL	_memtest
   370 000000CF 68 003C0000                     	PUSH	3932160
   371 000000D4 89 85 FFFFFBE0                  	MOV	DWORD [-1056+EBP],EAX
   372 000000DA E8 [00000000]                   	CALL	_memman_init
   373 000000DF 68 0009E000                     	PUSH	647168
   374 000000E4 68 00001000                     	PUSH	4096
   375 000000E9 68 003C0000                     	PUSH	3932160
   376 000000EE E8 [00000000]                   	CALL	_memman_free
   377 000000F3 8B 85 FFFFFBE0                  	MOV	EAX,DWORD [-1056+EBP]
   378 000000F9 2D 00400000                     	SUB	EAX,4194304
   379 000000FE 50                              	PUSH	EAX
   380 000000FF 68 00400000                     	PUSH	4194304
   381 00000104 68 003C0000                     	PUSH	3932160
   382 00000109 E8 [00000000]                   	CALL	_memman_free
   383 0000010E 83 C4 24                        	ADD	ESP,36
   384 00000111 E8 [00000000]                   	CALL	_init_palette
   385 00000116 0F BF 05 00000FF6               	MOVSX	EAX,WORD [4086]
   386 0000011D 50                              	PUSH	EAX
   387 0000011E 0F BF 05 00000FF4               	MOVSX	EAX,WORD [4084]
   388 00000125 50                              	PUSH	EAX
   389 00000126 FF 35 00000FF8                  	PUSH	DWORD [4088]
   390 0000012C 68 003C0000                     	PUSH	3932160
   391 00000131 E8 [00000000]                   	CALL	_shtctl_init
   392 00000136 68 003C0000                     	PUSH	3932160
   393 0000013B 89 C6                           	MOV	ESI,EAX
   394 0000013D E8 [00000000]                   	CALL	_task_init
   395 00000142 6A 02                           	PUSH	2
   396 00000144 6A 01                           	PUSH	1
   397 00000146 89 85 FFFFFBC8                  	MOV	DWORD [-1080+EBP],EAX
   398 0000014C 50                              	PUSH	EAX
   399 0000014D 89 45 BC                        	MOV	DWORD [-68+EBP],EAX
   400 00000150 E8 [00000000]                   	CALL	_task_run
   401 00000155 83 C4 20                        	ADD	ESP,32
   402 00000158 56                              	PUSH	ESI
   403 00000159 E8 [00000000]                   	CALL	_sheet_alloc
   404 0000015E 0F BF 15 00000FF6               	MOVSX	EDX,WORD [4086]
   405 00000165 89 85 FFFFFBD4                  	MOV	DWORD [-1068+EBP],EAX
   406 0000016B 0F BF 05 00000FF4               	MOVSX	EAX,WORD [4084]
   407 00000172 0F AF C2                        	IMUL	EAX,EDX
   408 00000175 50                              	PUSH	EAX
   409 00000176 68 003C0000                     	PUSH	3932160
   410 0000017B E8 [00000000]                   	CALL	_memman_alloc_4k
   411 00000180 6A FF                           	PUSH	-1
   412 00000182 89 C3                           	MOV	EBX,EAX
   413 00000184 0F BF 05 00000FF6               	MOVSX	EAX,WORD [4086]
   414 0000018B 50                              	PUSH	EAX
   415 0000018C 0F BF 05 00000FF4               	MOVSX	EAX,WORD [4084]
   416 00000193 50                              	PUSH	EAX
   417 00000194 53                              	PUSH	EBX
   418 00000195 FF B5 FFFFFBD4                  	PUSH	DWORD [-1068+EBP]
   419 0000019B E8 [00000000]                   	CALL	_sheet_setbuf
   420 000001A0 83 C4 20                        	ADD	ESP,32
   421 000001A3 0F BF 05 00000FF6               	MOVSX	EAX,WORD [4086]
   422 000001AA 50                              	PUSH	EAX
   423 000001AB 0F BF 05 00000FF4               	MOVSX	EAX,WORD [4084]
   424 000001B2 50                              	PUSH	EAX
   425 000001B3 53                              	PUSH	EBX
   426 000001B4 8D 9D FFFFFBF4                  	LEA	EBX,DWORD [-1036+EBP]
   427 000001BA E8 [00000000]                   	CALL	_init_screen8
   428 000001BF 56                              	PUSH	ESI
   429 000001C0 E8 [00000000]                   	CALL	_sheet_alloc
   430 000001C5 68 0000A500                     	PUSH	42240
   431 000001CA 68 003C0000                     	PUSH	3932160
   432 000001CF 89 85 FFFFFBCC                  	MOV	DWORD [-1076+EBP],EAX
   433 000001D5 E8 [00000000]                   	CALL	_memman_alloc_4k
   434 000001DA 6A FF                           	PUSH	-1
   435 000001DC 68 000000A5                     	PUSH	165
   436 000001E1 89 85 FFFFFBD8                  	MOV	DWORD [-1064+EBP],EAX
   437 000001E7 68 00000100                     	PUSH	256
   438 000001EC 50                              	PUSH	EAX
   439 000001ED FF B5 FFFFFBCC                  	PUSH	DWORD [-1076+EBP]
   440 000001F3 E8 [00000000]                   	CALL	_sheet_setbuf
   441 000001F8 83 C4 2C                        	ADD	ESP,44
   442 000001FB 6A 00                           	PUSH	0
   443 000001FD 68 [00000100]                   	PUSH	LC0
   444 00000202 68 000000A5                     	PUSH	165
   445 00000207 68 00000100                     	PUSH	256
   446 0000020C FF B5 FFFFFBD8                  	PUSH	DWORD [-1064+EBP]
   447 00000212 E8 [00000000]                   	CALL	_make_window8
   448 00000217 6A 00                           	PUSH	0
   449 00000219 68 00000080                     	PUSH	128
   450 0000021E 68 000000F0                     	PUSH	240
   451 00000223 6A 1C                           	PUSH	28
   452 00000225 6A 08                           	PUSH	8
   453 00000227 FF B5 FFFFFBCC                  	PUSH	DWORD [-1076+EBP]
   454 0000022D E8 [00000000]                   	CALL	_make_textbox8
   455 00000232 83 C4 2C                        	ADD	ESP,44
   456 00000235 E8 [00000000]                   	CALL	_task_alloc
   457 0000023A 68 00010000                     	PUSH	65536
   458 0000023F 68 003C0000                     	PUSH	3932160
   459 00000244 89 85 FFFFFBC4                  	MOV	DWORD [-1084+EBP],EAX
   460 0000024A E8 [00000000]                   	CALL	_memman_alloc_4k
   461 0000024F 8B 95 FFFFFBC4                  	MOV	EDX,DWORD [-1084+EBP]
   462 00000255 05 0000FFF4                     	ADD	EAX,65524
   463 0000025A 89 42 64                        	MOV	DWORD [100+EDX],EAX
   464 0000025D C7 42 4C [00000000]             	MOV	DWORD [76+EDX],_console_task
   465 00000264 C7 42 74 00000008               	MOV	DWORD [116+EDX],8
   466 0000026B C7 42 78 00000010               	MOV	DWORD [120+EDX],16
   467 00000272 C7 42 7C 00000008               	MOV	DWORD [124+EDX],8
   468 00000279 C7 82 00000080 00000008         	MOV	DWORD [128+EDX],8
   469 00000283 C7 82 00000084 00000008         	MOV	DWORD [132+EDX],8
   470 0000028D C7 82 00000088 00000008         	MOV	DWORD [136+EDX],8
   471 00000297 8B 95 FFFFFBCC                  	MOV	EDX,DWORD [-1076+EBP]
   472 0000029D 89 50 04                        	MOV	DWORD [4+EAX],EDX
   473 000002A0 8B 95 FFFFFBC4                  	MOV	EDX,DWORD [-1084+EBP]
   474 000002A6 8B 42 64                        	MOV	EAX,DWORD [100+EDX]
   475 000002A9 8B 95 FFFFFBE0                  	MOV	EDX,DWORD [-1056+EBP]
   476 000002AF 89 50 08                        	MOV	DWORD [8+EAX],EDX
   477 000002B2 6A 02                           	PUSH	2
   478 000002B4 6A 02                           	PUSH	2
   479 000002B6 FF B5 FFFFFBC4                  	PUSH	DWORD [-1084+EBP]
   480 000002BC E8 [00000000]                   	CALL	_task_run
   481 000002C1 56                              	PUSH	ESI
   482 000002C2 E8 [00000000]                   	CALL	_sheet_alloc
   483 000002C7 68 00002080                     	PUSH	8320
   484 000002CC 68 003C0000                     	PUSH	3932160
   485 000002D1 89 C7                           	MOV	EDI,EAX
   486 000002D3 E8 [00000000]                   	CALL	_memman_alloc_4k
   487 000002D8 83 C4 20                        	ADD	ESP,32
   488 000002DB 6A FF                           	PUSH	-1
   489 000002DD 89 85 FFFFFBDC                  	MOV	DWORD [-1060+EBP],EAX
   490 000002E3 6A 34                           	PUSH	52
   491 000002E5 68 00000090                     	PUSH	144
   492 000002EA 50                              	PUSH	EAX
   493 000002EB 57                              	PUSH	EDI
   494 000002EC E8 [00000000]                   	CALL	_sheet_setbuf
   495 000002F1 6A 01                           	PUSH	1
   496 000002F3 68 [00000108]                   	PUSH	LC1
   497 000002F8 6A 34                           	PUSH	52
   498 000002FA 68 00000090                     	PUSH	144
   499 000002FF FF B5 FFFFFBDC                  	PUSH	DWORD [-1060+EBP]
   500 00000305 E8 [00000000]                   	CALL	_make_window8
   501 0000030A 83 C4 28                        	ADD	ESP,40
   502 0000030D 6A 07                           	PUSH	7
   503 0000030F 6A 10                           	PUSH	16
   504 00000311 68 00000080                     	PUSH	128
   505 00000316 6A 1C                           	PUSH	28
   506 00000318 6A 08                           	PUSH	8
   507 0000031A 57                              	PUSH	EDI
   508 0000031B E8 [00000000]                   	CALL	_make_textbox8
   509 00000320 C7 85 FFFFFBE8 00000008         	MOV	DWORD [-1048+EBP],8
   510 0000032A C7 85 FFFFFBE4 00000007         	MOV	DWORD [-1052+EBP],7
   511 00000334 E8 [00000000]                   	CALL	_timer_alloc
   512 00000339 6A 01                           	PUSH	1
   513 0000033B 89 85 FFFFFBC0                  	MOV	DWORD [-1088+EBP],EAX
   514 00000341 8D 45 A4                        	LEA	EAX,DWORD [-92+EBP]
   515 00000344 50                              	PUSH	EAX
   516 00000345 FF B5 FFFFFBC0                  	PUSH	DWORD [-1088+EBP]
   517 0000034B E8 [00000000]                   	CALL	_timer_init
   518 00000350 83 C4 24                        	ADD	ESP,36
   519 00000353 6A 32                           	PUSH	50
   520 00000355 FF B5 FFFFFBC0                  	PUSH	DWORD [-1088+EBP]
   521 0000035B E8 [00000000]                   	CALL	_timer_settime
   522 00000360 56                              	PUSH	ESI
   523 00000361 E8 [00000000]                   	CALL	_sheet_alloc
   524 00000366 6A 63                           	PUSH	99
   525 00000368 6A 10                           	PUSH	16
   526 0000036A 6A 10                           	PUSH	16
   527 0000036C 89 85 FFFFFBD0                  	MOV	DWORD [-1072+EBP],EAX
   528 00000372 53                              	PUSH	EBX
   529 00000373 50                              	PUSH	EAX
   530 00000374 E8 [00000000]                   	CALL	_sheet_setbuf
   531 00000379 83 C4 20                        	ADD	ESP,32
   532 0000037C 6A 63                           	PUSH	99
   533 0000037E 53                              	PUSH	EBX
   534 0000037F BB 00000002                     	MOV	EBX,2
   535 00000384 E8 [00000000]                   	CALL	_init_mouse_cursor8
   536 00000389 0F BF 05 00000FF4               	MOVSX	EAX,WORD [4084]
   537 00000390 8D 48 F0                        	LEA	ECX,DWORD [-16+EAX]
   538 00000393 89 C8                           	MOV	EAX,ECX
   539 00000395 99                              	CDQ
   540 00000396 F7 FB                           	IDIV	EBX
   541 00000398 89 85 FFFFFBF0                  	MOV	DWORD [-1040+EBP],EAX
   542 0000039E 0F BF 05 00000FF6               	MOVSX	EAX,WORD [4086]
   543 000003A5 6A 00                           	PUSH	0
   544 000003A7 8D 48 D4                        	LEA	ECX,DWORD [-44+EAX]
   545 000003AA 6A 00                           	PUSH	0
   546 000003AC 89 C8                           	MOV	EAX,ECX
   547 000003AE 99                              	CDQ
   548 000003AF F7 FB                           	IDIV	EBX
   549 000003B1 FF B5 FFFFFBD4                  	PUSH	DWORD [-1068+EBP]
   550 000003B7 89 85 FFFFFBEC                  	MOV	DWORD [-1044+EBP],EAX
   551 000003BD E8 [00000000]                   	CALL	_sheet_slide
   552 000003C2 6A 04                           	PUSH	4
   553 000003C4 6A 20                           	PUSH	32
   554 000003C6 FF B5 FFFFFBCC                  	PUSH	DWORD [-1076+EBP]
   555 000003CC E8 [00000000]                   	CALL	_sheet_slide
   556 000003D1 83 C4 20                        	ADD	ESP,32
   557 000003D4 6A 38                           	PUSH	56
   558 000003D6 6A 40                           	PUSH	64
   559 000003D8 57                              	PUSH	EDI
   560 000003D9 E8 [00000000]                   	CALL	_sheet_slide
   561 000003DE FF B5 FFFFFBEC                  	PUSH	DWORD [-1044+EBP]
   562 000003E4 FF B5 FFFFFBF0                  	PUSH	DWORD [-1040+EBP]
   563 000003EA FF B5 FFFFFBD0                  	PUSH	DWORD [-1072+EBP]
   564 000003F0 E8 [00000000]                   	CALL	_sheet_slide
   565 000003F5 6A 00                           	PUSH	0
   566 000003F7 FF B5 FFFFFBD4                  	PUSH	DWORD [-1068+EBP]
   567 000003FD E8 [00000000]                   	CALL	_sheet_updown
   568 00000402 83 C4 20                        	ADD	ESP,32
   569 00000405 6A 01                           	PUSH	1
   570 00000407 FF B5 FFFFFBCC                  	PUSH	DWORD [-1076+EBP]
   571 0000040D E8 [00000000]                   	CALL	_sheet_updown
   572 00000412 6A 02                           	PUSH	2
   573 00000414 57                              	PUSH	EDI
   574 00000415 E8 [00000000]                   	CALL	_sheet_updown
   575 0000041A 6A 03                           	PUSH	3
   576 0000041C FF B5 FFFFFBD0                  	PUSH	DWORD [-1072+EBP]
   577 00000422 E8 [00000000]                   	CALL	_sheet_updown
   578 00000427 8D 55 84                        	LEA	EDX,DWORD [-124+EBP]
   579 0000042A 68 000000ED                     	PUSH	237
   580 0000042F 52                              	PUSH	EDX
   581 00000430 E8 [00000000]                   	CALL	_fifo32_put
   582 00000435 8D 45 84                        	LEA	EAX,DWORD [-124+EBP]
   583 00000438 83 C4 20                        	ADD	ESP,32
   584 0000043B FF B5 FFFFFBB4                  	PUSH	DWORD [-1100+EBP]
   585 00000441 50                              	PUSH	EAX
   586 00000442 E8 [00000000]                   	CALL	_fifo32_put
   587 00000447 5B                              	POP	EBX
   588 00000448 5E                              	POP	ESI
   589 00000449                                 L2:
   590 00000449 8D 5D 84                        	LEA	EBX,DWORD [-124+EBP]
   591 0000044C 53                              	PUSH	EBX
   592 0000044D E8 [00000000]                   	CALL	_fifo32_status
   593 00000452 59                              	POP	ECX
   594 00000453 85 C0                           	TEST	EAX,EAX
   595 00000455 7E 0D                           	JLE	L5
   596 00000457 83 BD FFFFFBB0 00               	CMP	DWORD [-1104+EBP],0
   597 0000045E 0F 88 0000062F                  	JS	L57
   598 00000464                                 L5:
   599 00000464 8D 5D A4                        	LEA	EBX,DWORD [-92+EBP]
   600 00000467 E8 [00000000]                   	CALL	_io_cli
   601 0000046C 53                              	PUSH	EBX
   602 0000046D E8 [00000000]                   	CALL	_fifo32_status
   603 00000472 5A                              	POP	EDX
   604 00000473 85 C0                           	TEST	EAX,EAX
   605 00000475 0F 84 00000602                  	JE	L58
   606 0000047B 53                              	PUSH	EBX
   607 0000047C E8 [00000000]                   	CALL	_fifo32_get
   608 00000481 6A 04                           	PUSH	4
   609 00000483 89 C6                           	MOV	ESI,EAX
   610 00000485 0F BE C0                        	MOVSX	EAX,AL
   611 00000488 50                              	PUSH	EAX
   612 00000489 6A 07                           	PUSH	7
   613 0000048B 6A 00                           	PUSH	0
   614 0000048D 6A 1C                           	PUSH	28
   615 0000048F FF B5 FFFFFBE8                  	PUSH	DWORD [-1048+EBP]
   616 00000495 57                              	PUSH	EDI
   617 00000496 E8 [00000000]                   	CALL	_putfonts8_asc_sht
   618 0000049B 83 C4 20                        	ADD	ESP,32
   619 0000049E E8 [00000000]                   	CALL	_io_sti
   620 000004A3 8D 86 FFFFFF00                  	LEA	EAX,DWORD [-256+ESI]
   621 000004A9 3D 000000FF                     	CMP	EAX,255
   622 000004AE 0F 86 000001B0                  	JBE	L59
   623 000004B4 8D 86 FFFFFE00                  	LEA	EAX,DWORD [-512+ESI]
   624 000004BA 3D 000000FF                     	CMP	EAX,255
   625 000004BF 0F 86 000000C6                  	JBE	L60
   626 000004C5 83 FE 01                        	CMP	ESI,1
   627 000004C8 0F 8F FFFFFF7B                  	JG	L2
   628 000004CE 85 F6                           	TEST	ESI,ESI
   629 000004D0 0F 84 00000088                  	JE	L50
   630 000004D6 6A 00                           	PUSH	0
   631 000004D8 53                              	PUSH	EBX
   632 000004D9 FF B5 FFFFFBC0                  	PUSH	DWORD [-1088+EBP]
   633 000004DF E8 [00000000]                   	CALL	_timer_init
   634 000004E4 83 C4 0C                        	ADD	ESP,12
   635 000004E7 83 BD FFFFFBE4 00               	CMP	DWORD [-1052+EBP],0
   636 000004EE 78 0A                           	JS	L52
   637 000004F0 C7 85 FFFFFBE4 00000000         	MOV	DWORD [-1052+EBP],0
   638 000004FA                                 L52:
   639 000004FA 6A 32                           	PUSH	50
   640 000004FC FF B5 FFFFFBC0                  	PUSH	DWORD [-1088+EBP]
   641 00000502 E8 [00000000]                   	CALL	_timer_settime
   642 00000507 58                              	POP	EAX
   643 00000508 5A                              	POP	EDX
   644 00000509 83 BD FFFFFBE4 00               	CMP	DWORD [-1052+EBP],0
   645 00000510 0F 88 FFFFFF33                  	JS	L2
   646 00000516 8B 85 FFFFFBE8                  	MOV	EAX,DWORD [-1048+EBP]
   647 0000051C 6A 2B                           	PUSH	43
   648 0000051E 83 C0 07                        	ADD	EAX,7
   649 00000521 50                              	PUSH	EAX
   650 00000522 6A 1C                           	PUSH	28
   651 00000524 FF B5 FFFFFBE8                  	PUSH	DWORD [-1048+EBP]
   652 0000052A 0F B6 85 FFFFFBE4               	MOVZX	EAX,BYTE [-1052+EBP]
   653 00000531 50                              	PUSH	EAX
   654 00000532 FF 77 04                        	PUSH	DWORD [4+EDI]
   655 00000535 FF 37                           	PUSH	DWORD [EDI]
   656 00000537 E8 [00000000]                   	CALL	_boxfill8
   657 0000053C 8B 85 FFFFFBE8                  	MOV	EAX,DWORD [-1048+EBP]
   658 00000542 6A 2C                           	PUSH	44
   659 00000544 83 C0 08                        	ADD	EAX,8
   660 00000547 50                              	PUSH	EAX
   661 00000548 6A 1C                           	PUSH	28
   662 0000054A FF B5 FFFFFBE8                  	PUSH	DWORD [-1048+EBP]
   663 00000550 57                              	PUSH	EDI
   664 00000551 E8 [00000000]                   	CALL	_sheet_refresh
   665 00000556 83 C4 30                        	ADD	ESP,48
   666 00000559 E9 FFFFFEEB                     	JMP	L2
   667 0000055E                                 L50:
   668 0000055E 6A 01                           	PUSH	1
   669 00000560 53                              	PUSH	EBX
   670 00000561 FF B5 FFFFFBC0                  	PUSH	DWORD [-1088+EBP]
   671 00000567 E8 [00000000]                   	CALL	_timer_init
   672 0000056C 83 C4 0C                        	ADD	ESP,12
   673 0000056F 83 BD FFFFFBE4 00               	CMP	DWORD [-1052+EBP],0
   674 00000576 0F 88 FFFFFF7E                  	JS	L52
   675 0000057C C7 85 FFFFFBE4 00000007         	MOV	DWORD [-1052+EBP],7
   676 00000586 E9 FFFFFF6F                     	JMP	L52
   677 0000058B                                 L60:
   678 0000058B 89 F2                           	MOV	EDX,ESI
   679 0000058D 0F B6 C2                        	MOVZX	EAX,DL
   680 00000590 50                              	PUSH	EAX
   681 00000591 8D 85 FFFFFCF4                  	LEA	EAX,DWORD [-780+EBP]
   682 00000597 50                              	PUSH	EAX
   683 00000598 E8 [00000000]                   	CALL	_mouse_decode
   684 0000059D 59                              	POP	ECX
   685 0000059E 5B                              	POP	EBX
   686 0000059F 85 C0                           	TEST	EAX,EAX
   687 000005A1 0F 84 FFFFFEA2                  	JE	L2
   688 000005A7 8B 85 FFFFFCFC                  	MOV	EAX,DWORD [-772+EBP]
   689 000005AD 8B 95 FFFFFCF8                  	MOV	EDX,DWORD [-776+EBP]
   690 000005B3 01 85 FFFFFBEC                  	ADD	DWORD [-1044+EBP],EAX
   691 000005B9 01 95 FFFFFBF0                  	ADD	DWORD [-1040+EBP],EDX
   692 000005BF 0F 88 00000090                  	JS	L61
   693 000005C5                                 L43:
   694 000005C5 83 BD FFFFFBEC 00               	CMP	DWORD [-1044+EBP],0
   695 000005CC 78 78                           	JS	L62
   696 000005CE                                 L44:
   697 000005CE 0F BF 05 00000FF4               	MOVSX	EAX,WORD [4084]
   698 000005D5 48                              	DEC	EAX
   699 000005D6 39 85 FFFFFBF0                  	CMP	DWORD [-1040+EBP],EAX
   700 000005DC 7E 06                           	JLE	L45
   701 000005DE 89 85 FFFFFBF0                  	MOV	DWORD [-1040+EBP],EAX
   702 000005E4                                 L45:
   703 000005E4 0F BF 05 00000FF6               	MOVSX	EAX,WORD [4086]
   704 000005EB 48                              	DEC	EAX
   705 000005EC 39 85 FFFFFBEC                  	CMP	DWORD [-1044+EBP],EAX
   706 000005F2 7E 06                           	JLE	L46
   707 000005F4 89 85 FFFFFBEC                  	MOV	DWORD [-1044+EBP],EAX
   708 000005FA                                 L46:
   709 000005FA FF B5 FFFFFBEC                  	PUSH	DWORD [-1044+EBP]
   710 00000600 FF B5 FFFFFBF0                  	PUSH	DWORD [-1040+EBP]
   711 00000606 FF B5 FFFFFBD0                  	PUSH	DWORD [-1072+EBP]
   712 0000060C E8 [00000000]                   	CALL	_sheet_slide
   713 00000611 83 C4 0C                        	ADD	ESP,12
   714 00000614 F7 85 FFFFFD00 00000001         	TEST	DWORD [-768+EBP],1
   715 0000061E 0F 84 FFFFFE25                  	JE	L2
   716 00000624 8B 85 FFFFFBEC                  	MOV	EAX,DWORD [-1044+EBP]
   717 0000062A 83 E8 08                        	SUB	EAX,8
   718 0000062D 50                              	PUSH	EAX
   719 0000062E 8B 85 FFFFFBF0                  	MOV	EAX,DWORD [-1040+EBP]
   720 00000634 83 E8 50                        	SUB	EAX,80
   721 00000637 50                              	PUSH	EAX
   722 00000638 57                              	PUSH	EDI
   723 00000639 E8 [00000000]                   	CALL	_sheet_slide
   724 0000063E 83 C4 0C                        	ADD	ESP,12
   725 00000641 E9 FFFFFE03                     	JMP	L2
   726 00000646                                 L62:
   727 00000646 C7 85 FFFFFBEC 00000000         	MOV	DWORD [-1044+EBP],0
   728 00000650 E9 FFFFFF79                     	JMP	L44
   729 00000655                                 L61:
   730 00000655 C7 85 FFFFFBF0 00000000         	MOV	DWORD [-1040+EBP],0
   731 0000065F E9 FFFFFF61                     	JMP	L43
   732 00000664                                 L59:
   733 00000664 81 FE 0000017F                  	CMP	ESI,383
   734 0000066A 0F 8F 00000404                  	JG	L9
   735 00000670 83 BD FFFFFBB8 00               	CMP	DWORD [-1096+EBP],0
   736 00000677 0F 85 000003EC                  	JNE	L10
   737 0000067D 8A 86 [FFFFFF00]                	MOV	AL,BYTE [_keytable0.0-256+ESI]
   738 00000683                                 L56:
   739 00000683 88 45 C4                        	MOV	BYTE [-60+EBP],AL
   740 00000686                                 L12:
   741 00000686 8A 55 C4                        	MOV	DL,BYTE [-60+EBP]
   742 00000689 8D 42 BF                        	LEA	EAX,DWORD [-65+EDX]
   743 0000068C 3C 19                           	CMP	AL,25
   744 0000068E 77 1D                           	JA	L13
   745 00000690 F7 85 FFFFFBB4 00000004         	TEST	DWORD [-1100+EBP],4
   746 0000069A 0F 85 000003BA                  	JNE	L55
   747 000006A0 83 BD FFFFFBB8 00               	CMP	DWORD [-1096+EBP],0
   748 000006A7 0F 84 000003A2                  	JE	L15
   749 000006AD                                 L13:
   750 000006AD 8A 45 C4                        	MOV	AL,BYTE [-60+EBP]
   751 000006B0 84 C0                           	TEST	AL,AL
   752 000006B2 74 3C                           	JE	L17
   753 000006B4 83 BD FFFFFBBC 00               	CMP	DWORD [-1092+EBP],0
   754 000006BB 0F 85 0000036F                  	JNE	L18
   755 000006C1 83 BD FFFFFBE8 7F               	CMP	DWORD [-1048+EBP],127
   756 000006C8 7F 26                           	JG	L17
   757 000006CA 6A 01                           	PUSH	1
   758 000006CC 8D 45 C4                        	LEA	EAX,DWORD [-60+EBP]
   759 000006CF 50                              	PUSH	EAX
   760 000006D0 6A 07                           	PUSH	7
   761 000006D2 6A 00                           	PUSH	0
   762 000006D4 6A 1C                           	PUSH	28
   763 000006D6 FF B5 FFFFFBE8                  	PUSH	DWORD [-1048+EBP]
   764 000006DC 57                              	PUSH	EDI
   765 000006DD C6 45 C5 00                     	MOV	BYTE [-59+EBP],0
   766 000006E1 E8 [00000000]                   	CALL	_putfonts8_asc_sht
   767 000006E6 83 C4 1C                        	ADD	ESP,28
   768 000006E9 83 85 FFFFFBE8 08               	ADD	DWORD [-1048+EBP],8
   769 000006F0                                 L17:
   770 000006F0 81 FE 0000010E                  	CMP	ESI,270
   771 000006F6 0F 84 000002DB                  	JE	L63
   772 000006FC                                 L21:
   773 000006FC 81 FE 0000011C                  	CMP	ESI,284
   774 00000702 0F 84 000002A7                  	JE	L64
   775 00000708                                 L25:
   776 00000708 81 FE 0000010F                  	CMP	ESI,271
   777 0000070E 0F 84 00000188                  	JE	L65
   778 00000714                                 L27:
   779 00000714 81 FE 0000012A                  	CMP	ESI,298
   780 0000071A 0F 84 00000170                  	JE	L66
   781 00000720                                 L30:
   782 00000720 81 FE 00000136                  	CMP	ESI,310
   783 00000726 0F 84 00000158                  	JE	L67
   784 0000072C                                 L31:
   785 0000072C 81 FE 000001AA                  	CMP	ESI,426
   786 00000732 0F 84 00000140                  	JE	L68
   787 00000738                                 L32:
   788 00000738 81 FE 000001B6                  	CMP	ESI,438
   789 0000073E 0F 84 00000128                  	JE	L69
   790 00000744                                 L33:
   791 00000744 81 FE 0000013A                  	CMP	ESI,314
   792 0000074A 0F 84 000000F3                  	JE	L70
   793 00000750                                 L34:
   794 00000750 81 FE 00000145                  	CMP	ESI,325
   795 00000756 0F 84 000000BE                  	JE	L71
   796 0000075C                                 L35:
   797 0000075C 81 FE 00000146                  	CMP	ESI,326
   798 00000762 0F 84 00000089                  	JE	L72
   799 00000768                                 L36:
   800 00000768 81 FE 000001FA                  	CMP	ESI,506
   801 0000076E 74 72                           	JE	L73
   802 00000770                                 L37:
   803 00000770 81 FE 000001FE                  	CMP	ESI,510
   804 00000776 74 54                           	JE	L74
   805 00000778                                 L38:
   806 00000778 83 BD FFFFFBE4 00               	CMP	DWORD [-1052+EBP],0
   807 0000077F 78 29                           	JS	L39
   808 00000781 8B 85 FFFFFBE8                  	MOV	EAX,DWORD [-1048+EBP]
   809 00000787 6A 2B                           	PUSH	43
   810 00000789 83 C0 07                        	ADD	EAX,7
   811 0000078C 50                              	PUSH	EAX
   812 0000078D 6A 1C                           	PUSH	28
   813 0000078F FF B5 FFFFFBE8                  	PUSH	DWORD [-1048+EBP]
   814 00000795 0F B6 85 FFFFFBE4               	MOVZX	EAX,BYTE [-1052+EBP]
   815 0000079C 50                              	PUSH	EAX
   816 0000079D FF 77 04                        	PUSH	DWORD [4+EDI]
   817 000007A0 FF 37                           	PUSH	DWORD [EDI]
   818 000007A2 E8 [00000000]                   	CALL	_boxfill8
   819 000007A7 83 C4 1C                        	ADD	ESP,28
   820 000007AA                                 L39:
   821 000007AA 8B 85 FFFFFBE8                  	MOV	EAX,DWORD [-1048+EBP]
   822 000007B0 6A 2C                           	PUSH	44
   823 000007B2 83 C0 08                        	ADD	EAX,8
   824 000007B5 50                              	PUSH	EAX
   825 000007B6 6A 1C                           	PUSH	28
   826 000007B8 FF B5 FFFFFBE8                  	PUSH	DWORD [-1048+EBP]
   827 000007BE 57                              	PUSH	EDI
   828 000007BF E8 [00000000]                   	CALL	_sheet_refresh
   829 000007C4 83 C4 14                        	ADD	ESP,20
   830 000007C7 E9 FFFFFC7D                     	JMP	L2
   831 000007CC                                 L74:
   832 000007CC E8 [00000000]                   	CALL	_wait_KBC_sendready
   833 000007D1 FF B5 FFFFFBB0                  	PUSH	DWORD [-1104+EBP]
   834 000007D7 6A 60                           	PUSH	96
   835 000007D9 E8 [00000000]                   	CALL	_io_out8
   836 000007DE 5E                              	POP	ESI
   837 000007DF 58                              	POP	EAX
   838 000007E0 EB 96                           	JMP	L38
   839 000007E2                                 L73:
   840 000007E2 C7 85 FFFFFBB0 FFFFFFFF         	MOV	DWORD [-1104+EBP],-1
   841 000007EC E9 FFFFFF7F                     	JMP	L37
   842 000007F1                                 L72:
   843 000007F1 68 000000ED                     	PUSH	237
   844 000007F6 8D 5D 84                        	LEA	EBX,DWORD [-124+EBP]
   845 000007F9 53                              	PUSH	EBX
   846 000007FA 83 B5 FFFFFBB4 01               	XOR	DWORD [-1100+EBP],1
   847 00000801 E8 [00000000]                   	CALL	_fifo32_put
   848 00000806 FF B5 FFFFFBB4                  	PUSH	DWORD [-1100+EBP]
   849 0000080C 53                              	PUSH	EBX
   850 0000080D E8 [00000000]                   	CALL	_fifo32_put
   851 00000812 83 C4 10                        	ADD	ESP,16
   852 00000815 E9 FFFFFF4E                     	JMP	L36
   853 0000081A                                 L71:
   854 0000081A 68 000000ED                     	PUSH	237
   855 0000081F 8D 5D 84                        	LEA	EBX,DWORD [-124+EBP]
   856 00000822 53                              	PUSH	EBX
   857 00000823 83 B5 FFFFFBB4 02               	XOR	DWORD [-1100+EBP],2
   858 0000082A E8 [00000000]                   	CALL	_fifo32_put
   859 0000082F FF B5 FFFFFBB4                  	PUSH	DWORD [-1100+EBP]
   860 00000835 53                              	PUSH	EBX
   861 00000836 E8 [00000000]                   	CALL	_fifo32_put
   862 0000083B 83 C4 10                        	ADD	ESP,16
   863 0000083E E9 FFFFFF19                     	JMP	L35
   864 00000843                                 L70:
   865 00000843 68 000000ED                     	PUSH	237
   866 00000848 8D 5D 84                        	LEA	EBX,DWORD [-124+EBP]
   867 0000084B 53                              	PUSH	EBX
   868 0000084C 83 B5 FFFFFBB4 04               	XOR	DWORD [-1100+EBP],4
   869 00000853 E8 [00000000]                   	CALL	_fifo32_put
   870 00000858 FF B5 FFFFFBB4                  	PUSH	DWORD [-1100+EBP]
   871 0000085E 53                              	PUSH	EBX
   872 0000085F E8 [00000000]                   	CALL	_fifo32_put
   873 00000864 83 C4 10                        	ADD	ESP,16
   874 00000867 E9 FFFFFEE4                     	JMP	L34
   875 0000086C                                 L69:
   876 0000086C 83 A5 FFFFFBB8 FD               	AND	DWORD [-1096+EBP],-3
   877 00000873 E9 FFFFFECC                     	JMP	L33
   878 00000878                                 L68:
   879 00000878 83 A5 FFFFFBB8 FE               	AND	DWORD [-1096+EBP],-2
   880 0000087F E9 FFFFFEB4                     	JMP	L32
   881 00000884                                 L67:
   882 00000884 83 8D FFFFFBB8 02               	OR	DWORD [-1096+EBP],2
   883 0000088B E9 FFFFFE9C                     	JMP	L31
   884 00000890                                 L66:
   885 00000890 83 8D FFFFFBB8 01               	OR	DWORD [-1096+EBP],1
   886 00000897 E9 FFFFFE84                     	JMP	L30
   887 0000089C                                 L65:
   888 0000089C 83 BD FFFFFBBC 00               	CMP	DWORD [-1092+EBP],0
   889 000008A3 0F 85 000000A7                  	JNE	L28
   890 000008A9 6A 00                           	PUSH	0
   891 000008AB 68 [00000108]                   	PUSH	LC1
   892 000008B0 FF 77 04                        	PUSH	DWORD [4+EDI]
   893 000008B3 FF B5 FFFFFBDC                  	PUSH	DWORD [-1060+EBP]
   894 000008B9 C7 85 FFFFFBBC 00000001         	MOV	DWORD [-1092+EBP],1
   895 000008C3 E8 [00000000]                   	CALL	_make_wtitle8
   896 000008C8 8B 85 FFFFFBCC                  	MOV	EAX,DWORD [-1076+EBP]
   897 000008CE 6A 01                           	PUSH	1
   898 000008D0 68 [00000100]                   	PUSH	LC0
   899 000008D5 FF 70 04                        	PUSH	DWORD [4+EAX]
   900 000008D8 FF B5 FFFFFBD8                  	PUSH	DWORD [-1064+EBP]
   901 000008DE E8 [00000000]                   	CALL	_make_wtitle8
   902 000008E3 8B 85 FFFFFBE8                  	MOV	EAX,DWORD [-1048+EBP]
   903 000008E9 83 C4 20                        	ADD	ESP,32
   904 000008EC 83 C0 07                        	ADD	EAX,7
   905 000008EF C7 85 FFFFFBE4 FFFFFFFF         	MOV	DWORD [-1052+EBP],-1
   906 000008F9 6A 2B                           	PUSH	43
   907 000008FB 50                              	PUSH	EAX
   908 000008FC 6A 1C                           	PUSH	28
   909 000008FE FF B5 FFFFFBE8                  	PUSH	DWORD [-1048+EBP]
   910 00000904 6A 07                           	PUSH	7
   911 00000906 FF 77 04                        	PUSH	DWORD [4+EDI]
   912 00000909 FF 37                           	PUSH	DWORD [EDI]
   913 0000090B E8 [00000000]                   	CALL	_boxfill8
   914 00000910 8B 85 FFFFFBC4                  	MOV	EAX,DWORD [-1084+EBP]
   915 00000916 6A 02                           	PUSH	2
   916 00000918 83 C0 10                        	ADD	EAX,16
   917 0000091B 50                              	PUSH	EAX
   918 0000091C E8 [00000000]                   	CALL	_fifo32_put
   919 00000921 83 C4 24                        	ADD	ESP,36
   920 00000924                                 L29:
   921 00000924 6A 15                           	PUSH	21
   922 00000926 FF 77 04                        	PUSH	DWORD [4+EDI]
   923 00000929 6A 00                           	PUSH	0
   924 0000092B 6A 00                           	PUSH	0
   925 0000092D 57                              	PUSH	EDI
   926 0000092E E8 [00000000]                   	CALL	_sheet_refresh
   927 00000933 8B 85 FFFFFBCC                  	MOV	EAX,DWORD [-1076+EBP]
   928 00000939 6A 15                           	PUSH	21
   929 0000093B FF 70 04                        	PUSH	DWORD [4+EAX]
   930 0000093E 6A 00                           	PUSH	0
   931 00000940 6A 00                           	PUSH	0
   932 00000942 50                              	PUSH	EAX
   933 00000943 E8 [00000000]                   	CALL	_sheet_refresh
   934 00000948 83 C4 28                        	ADD	ESP,40
   935 0000094B E9 FFFFFDC4                     	JMP	L27
   936 00000950                                 L28:
   937 00000950 6A 01                           	PUSH	1
   938 00000952 68 [00000108]                   	PUSH	LC1
   939 00000957 FF 77 04                        	PUSH	DWORD [4+EDI]
   940 0000095A FF B5 FFFFFBDC                  	PUSH	DWORD [-1060+EBP]
   941 00000960 C7 85 FFFFFBBC 00000000         	MOV	DWORD [-1092+EBP],0
   942 0000096A E8 [00000000]                   	CALL	_make_wtitle8
   943 0000096F 8B 95 FFFFFBCC                  	MOV	EDX,DWORD [-1076+EBP]
   944 00000975 6A 00                           	PUSH	0
   945 00000977 68 [00000100]                   	PUSH	LC0
   946 0000097C FF 72 04                        	PUSH	DWORD [4+EDX]
   947 0000097F FF B5 FFFFFBD8                  	PUSH	DWORD [-1064+EBP]
   948 00000985 E8 [00000000]                   	CALL	_make_wtitle8
   949 0000098A 8B 85 FFFFFBC4                  	MOV	EAX,DWORD [-1084+EBP]
   950 00000990 83 C4 20                        	ADD	ESP,32
   951 00000993 83 C0 10                        	ADD	EAX,16
   952 00000996 C7 85 FFFFFBE4 00000000         	MOV	DWORD [-1052+EBP],0
   953 000009A0 6A 03                           	PUSH	3
   954 000009A2 50                              	PUSH	EAX
   955 000009A3 E8 [00000000]                   	CALL	_fifo32_put
   956 000009A8 58                              	POP	EAX
   957 000009A9 5A                              	POP	EDX
   958 000009AA E9 FFFFFF75                     	JMP	L29
   959 000009AF                                 L64:
   960 000009AF 83 BD FFFFFBBC 00               	CMP	DWORD [-1092+EBP],0
   961 000009B6 0F 84 FFFFFD4C                  	JE	L25
   962 000009BC 8B 85 FFFFFBC4                  	MOV	EAX,DWORD [-1084+EBP]
   963 000009C2 68 0000010A                     	PUSH	266
   964 000009C7 83 C0 10                        	ADD	EAX,16
   965 000009CA 50                              	PUSH	EAX
   966 000009CB E8 [00000000]                   	CALL	_fifo32_put
   967 000009D0 59                              	POP	ECX
   968 000009D1 5B                              	POP	EBX
   969 000009D2 E9 FFFFFD31                     	JMP	L25
   970 000009D7                                 L63:
   971 000009D7 83 BD FFFFFBBC 00               	CMP	DWORD [-1092+EBP],0
   972 000009DE 75 35                           	JNE	L22
   973 000009E0 83 BD FFFFFBE8 08               	CMP	DWORD [-1048+EBP],8
   974 000009E7 0F 8E FFFFFD0F                  	JLE	L21
   975 000009ED 6A 01                           	PUSH	1
   976 000009EF 68 [0000010F]                   	PUSH	LC2
   977 000009F4 6A 07                           	PUSH	7
   978 000009F6 6A 00                           	PUSH	0
   979 000009F8 6A 1C                           	PUSH	28
   980 000009FA FF B5 FFFFFBE8                  	PUSH	DWORD [-1048+EBP]
   981 00000A00 57                              	PUSH	EDI
   982 00000A01 E8 [00000000]                   	CALL	_putfonts8_asc_sht
   983 00000A06 83 C4 1C                        	ADD	ESP,28
   984 00000A09 83 AD FFFFFBE8 08               	SUB	DWORD [-1048+EBP],8
   985 00000A10 E9 FFFFFCE7                     	JMP	L21
   986 00000A15                                 L22:
   987 00000A15 8B 85 FFFFFBC4                  	MOV	EAX,DWORD [-1084+EBP]
   988 00000A1B 68 00000108                     	PUSH	264
   989 00000A20 83 C0 10                        	ADD	EAX,16
   990 00000A23 50                              	PUSH	EAX
   991 00000A24 E8 [00000000]                   	CALL	_fifo32_put
   992 00000A29 58                              	POP	EAX
   993 00000A2A 5A                              	POP	EDX
   994 00000A2B E9 FFFFFCCC                     	JMP	L21
   995 00000A30                                 L18:
   996 00000A30 0F BE C0                        	MOVSX	EAX,AL
   997 00000A33 05 00000100                     	ADD	EAX,256
   998 00000A38 50                              	PUSH	EAX
   999 00000A39 8B 85 FFFFFBC4                  	MOV	EAX,DWORD [-1084+EBP]
  1000 00000A3F 83 C0 10                        	ADD	EAX,16
  1001 00000A42 50                              	PUSH	EAX
  1002 00000A43 E8 [00000000]                   	CALL	_fifo32_put
  1003 00000A48 59                              	POP	ECX
  1004 00000A49 5B                              	POP	EBX
  1005 00000A4A E9 FFFFFCA1                     	JMP	L17
  1006 00000A4F                                 L15:
  1007 00000A4F 8D 42 20                        	LEA	EAX,DWORD [32+EDX]
  1008 00000A52 88 45 C4                        	MOV	BYTE [-60+EBP],AL
  1009 00000A55 E9 FFFFFC53                     	JMP	L13
  1010 00000A5A                                 L55:
  1011 00000A5A 83 BD FFFFFBB8 00               	CMP	DWORD [-1096+EBP],0
  1012 00000A61 0F 84 FFFFFC46                  	JE	L13
  1013 00000A67 EB E6                           	JMP	L15
  1014 00000A69                                 L10:
  1015 00000A69 8A 86 [FFFFFF80]                	MOV	AL,BYTE [_keytable1.1-256+ESI]
  1016 00000A6F E9 FFFFFC0F                     	JMP	L56
  1017 00000A74                                 L9:
  1018 00000A74 C6 45 C4 00                     	MOV	BYTE [-60+EBP],0
  1019 00000A78 E9 FFFFFC09                     	JMP	L12
  1020 00000A7D                                 L58:
  1021 00000A7D FF B5 FFFFFBC8                  	PUSH	DWORD [-1080+EBP]
  1022 00000A83 E8 [00000000]                   	CALL	_task_sleep
  1023 00000A88 E8 [00000000]                   	CALL	_io_sti
  1024 00000A8D 5E                              	POP	ESI
  1025 00000A8E E9 FFFFF9B6                     	JMP	L2
  1026 00000A93                                 L57:
  1027 00000A93 53                              	PUSH	EBX
  1028 00000A94 E8 [00000000]                   	CALL	_fifo32_get
  1029 00000A99 89 85 FFFFFBB0                  	MOV	DWORD [-1104+EBP],EAX
  1030 00000A9F E8 [00000000]                   	CALL	_wait_KBC_sendready
  1031 00000AA4 FF B5 FFFFFBB0                  	PUSH	DWORD [-1104+EBP]
  1032 00000AAA 6A 60                           	PUSH	96
  1033 00000AAC E8 [00000000]                   	CALL	_io_out8
  1034 00000AB1 83 C4 0C                        	ADD	ESP,12
  1035 00000AB4 E9 FFFFF9AB                     	JMP	L5
