     1 00000000                                 [FORMAT "WCOFF"]
     2 00000000                                 [INSTRSET "i486p"]
     3 00000000                                 [OPTIMIZE 1]
     4 00000000                                 [OPTION 1]
     5 00000000                                 [BITS 32]
     6 00000000                                 	EXTERN	_init_gdtidt
     7 00000000                                 	EXTERN	_init_pic
     8 00000000                                 	EXTERN	_io_sti
     9 00000000                                 	EXTERN	_fifo32_init
    10 00000000                                 	EXTERN	_init_pit
    11 00000000                                 	EXTERN	_init_keyboard
    12 00000000                                 	EXTERN	_enable_mouse
    13 00000000                                 	EXTERN	_io_out8
    14 00000000                                 	EXTERN	_timer_alloc
    15 00000000                                 	EXTERN	_timer_init
    16 00000000                                 	EXTERN	_timer_settime
    17 00000000                                 	EXTERN	_memtest
    18 00000000                                 	EXTERN	_memman_init
    19 00000000                                 	EXTERN	_memman_free
    20 00000000                                 	EXTERN	_init_palette
    21 00000000                                 	EXTERN	_shtctl_init
    22 00000000                                 	EXTERN	_sheet_alloc
    23 00000000                                 	EXTERN	_memman_alloc_4k
    24 00000000                                 	EXTERN	_sheet_setbuf
    25 00000000                                 	EXTERN	_init_screen8
    26 00000000                                 	EXTERN	_init_mouse_cursor8
    27 00000000                                 	EXTERN	_sheet_slide
    28 00000000                                 	EXTERN	_sheet_updown
    29 00000000                                 	EXTERN	_sprintf
    30 00000000                                 	EXTERN	_memman_total
    31 00000000                                 	EXTERN	_set_segmdesc
    32 00000000                                 	EXTERN	_load_tr
    33 00000000                                 	EXTERN	_io_cli
    34 00000000                                 	EXTERN	_fifo32_status
    35 00000000                                 	EXTERN	_fifo32_get
    36 00000000                                 	EXTERN	_boxfill8
    37 00000000                                 	EXTERN	_sheet_refresh
    38 00000000                                 	EXTERN	_mouse_decode
    39 00000000                                 	EXTERN	_keytable.0
    40 00000000                                 	EXTERN	_farjmp
    41 00000000                                 	EXTERN	_io_stihlt
    42 00000000                                 	EXTERN	_putfonts8_asc
    43 00000000                                 [FILE "bootpack.c"]
    44                                          [SECTION .data]
    45 00000000                                 _keytable.0:
    46 00000000 00                              	DB	0
    47 00000001 00                              	DB	0
    48 00000002 31                              	DB	49
    49 00000003 32                              	DB	50
    50 00000004 33                              	DB	51
    51 00000005 34                              	DB	52
    52 00000006 35                              	DB	53
    53 00000007 36                              	DB	54
    54 00000008 37                              	DB	55
    55 00000009 38                              	DB	56
    56 0000000A 39                              	DB	57
    57 0000000B 30                              	DB	48
    58 0000000C 2D                              	DB	45
    59 0000000D 5E                              	DB	94
    60 0000000E 00                              	DB	0
    61 0000000F 00                              	DB	0
    62 00000010 51                              	DB	81
    63 00000011 57                              	DB	87
    64 00000012 45                              	DB	69
    65 00000013 52                              	DB	82
    66 00000014 54                              	DB	84
    67 00000015 59                              	DB	89
    68 00000016 55                              	DB	85
    69 00000017 49                              	DB	73
    70 00000018 4F                              	DB	79
    71 00000019 50                              	DB	80
    72 0000001A 40                              	DB	64
    73 0000001B 5B                              	DB	91
    74 0000001C 00                              	DB	0
    75 0000001D 00                              	DB	0
    76 0000001E 41                              	DB	65
    77 0000001F 53                              	DB	83
    78 00000020 44                              	DB	68
    79 00000021 46                              	DB	70
    80 00000022 47                              	DB	71
    81 00000023 48                              	DB	72
    82 00000024 4A                              	DB	74
    83 00000025 4B                              	DB	75
    84 00000026 4C                              	DB	76
    85 00000027 3B                              	DB	59
    86 00000028 3A                              	DB	58
    87 00000029 00                              	DB	0
    88 0000002A 00                              	DB	0
    89 0000002B 5D                              	DB	93
    90 0000002C 5A                              	DB	90
    91 0000002D 58                              	DB	88
    92 0000002E 43                              	DB	67
    93 0000002F 56                              	DB	86
    94 00000030 42                              	DB	66
    95 00000031 4E                              	DB	78
    96 00000032 4D                              	DB	77
    97 00000033 2C                              	DB	44
    98 00000034 2E                              	DB	46
    99 00000035 2F                              	DB	47
   100 00000036 00                              	DB	0
   101 00000037 2A                              	DB	42
   102 00000038 00                              	DB	0
   103 00000039 20                              	DB	32
   104 0000003A 00                              	DB	0
   105 0000003B 00                              	DB	0
   106 0000003C 00                              	DB	0
   107 0000003D 00                              	DB	0
   108 0000003E 00                              	DB	0
   109 0000003F 00                              	DB	0
   110 00000040 00                              	DB	0
   111 00000041 00                              	DB	0
   112 00000042 00                              	DB	0
   113 00000043 00                              	DB	0
   114 00000044 00                              	DB	0
   115 00000045 00                              	DB	0
   116 00000046 00                              	DB	0
   117 00000047 37                              	DB	55
   118 00000048 38                              	DB	56
   119 00000049 39                              	DB	57
   120 0000004A 2D                              	DB	45
   121 0000004B 34                              	DB	52
   122 0000004C 35                              	DB	53
   123 0000004D 36                              	DB	54
   124 0000004E 2B                              	DB	43
   125 0000004F 31                              	DB	49
   126 00000050 32                              	DB	50
   127 00000051 33                              	DB	51
   128 00000052 30                              	DB	48
   129 00000053 2E                              	DB	46
   130 00000054                                 LC0:
   131 00000054 77 69 6E 64 6F 77 00            	DB	"window",0x00
   132 0000005B                                 LC1:
   133 0000005B 28 25 33 64 2C 20 25 33 64 29   	DB	"(%3d, %3d)",0x00
       00000065 00 
   134 00000066                                 LC2:
   135 00000066 6D 65 6D 6F 72 79 20 25 64 4D   	DB	"memory %dMB   free : %dKB",0x00
       00000070 42 20 20 20 66 72 65 65 20 3A 
       0000007A 20 25 64 4B 42 00 
   136 00000080                                 LC7:
   137 00000080 33 5B 73 65 63 5D 00            	DB	"3[sec]",0x00
   138 00000087                                 LC6:
   139 00000087 31 30 5B 73 65 63 5D 00         	DB	"10[sec]",0x00
   140 0000008F                                 LC5:
   141 0000008F 5B 6C 63 72 20 25 34 64 20 25   	DB	"[lcr %4d %4d]",0x00
       00000099 34 64 5D 00 
   142 0000009D                                 LC3:
   143 0000009D 25 30 32 58 00                  	DB	"%02X",0x00
   144 000000A2                                 LC4:
   145 000000A2 20 00                           	DB	" ",0x00
   146                                          [SECTION .text]
   147 00000000                                 	GLOBAL	_HariMain
   148 00000000                                 _HariMain:
   149 00000000 55                              	PUSH	EBP
   150 00000001 89 E5                           	MOV	EBP,ESP
   151 00000003 57                              	PUSH	EDI
   152 00000004 56                              	PUSH	ESI
   153 00000005 53                              	PUSH	EBX
   154 00000006 8D 75 D4                        	LEA	ESI,DWORD [-44+EBP]
   155 00000009 81 EC 0000046C                  	SUB	ESP,1132
   156 0000000F E8 [00000000]                   	CALL	_init_gdtidt
   157 00000014 E8 [00000000]                   	CALL	_init_pic
   158 00000019 E8 [00000000]                   	CALL	_io_sti
   159 0000001E 8D 85 FFFFFDA4                  	LEA	EAX,DWORD [-604+EBP]
   160 00000024 50                              	PUSH	EAX
   161 00000025 68 00000080                     	PUSH	128
   162 0000002A 56                              	PUSH	ESI
   163 0000002B E8 [00000000]                   	CALL	_fifo32_init
   164 00000030 E8 [00000000]                   	CALL	_init_pit
   165 00000035 68 00000100                     	PUSH	256
   166 0000003A 56                              	PUSH	ESI
   167 0000003B E8 [00000000]                   	CALL	_init_keyboard
   168 00000040 8D 85 FFFFFD94                  	LEA	EAX,DWORD [-620+EBP]
   169 00000046 50                              	PUSH	EAX
   170 00000047 68 00000200                     	PUSH	512
   171 0000004C 56                              	PUSH	ESI
   172 0000004D E8 [00000000]                   	CALL	_enable_mouse
   173 00000052 83 C4 20                        	ADD	ESP,32
   174 00000055 68 000000F8                     	PUSH	248
   175 0000005A 6A 21                           	PUSH	33
   176 0000005C E8 [00000000]                   	CALL	_io_out8
   177 00000061 68 000000EF                     	PUSH	239
   178 00000066 68 000000A1                     	PUSH	161
   179 0000006B E8 [00000000]                   	CALL	_io_out8
   180 00000070 E8 [00000000]                   	CALL	_timer_alloc
   181 00000075 6A 0A                           	PUSH	10
   182 00000077 56                              	PUSH	ESI
   183 00000078 89 C3                           	MOV	EBX,EAX
   184 0000007A 50                              	PUSH	EAX
   185 0000007B E8 [00000000]                   	CALL	_timer_init
   186 00000080 68 000003E8                     	PUSH	1000
   187 00000085 53                              	PUSH	EBX
   188 00000086 E8 [00000000]                   	CALL	_timer_settime
   189 0000008B 83 C4 24                        	ADD	ESP,36
   190 0000008E E8 [00000000]                   	CALL	_timer_alloc
   191 00000093 6A 03                           	PUSH	3
   192 00000095 89 C3                           	MOV	EBX,EAX
   193 00000097 56                              	PUSH	ESI
   194 00000098 50                              	PUSH	EAX
   195 00000099 E8 [00000000]                   	CALL	_timer_init
   196 0000009E 68 0000012C                     	PUSH	300
   197 000000A3 53                              	PUSH	EBX
   198 000000A4 E8 [00000000]                   	CALL	_timer_settime
   199 000000A9 E8 [00000000]                   	CALL	_timer_alloc
   200 000000AE 6A 01                           	PUSH	1
   201 000000B0 56                              	PUSH	ESI
   202 000000B1 50                              	PUSH	EAX
   203 000000B2 89 85 FFFFFBB0                  	MOV	DWORD [-1104+EBP],EAX
   204 000000B8 E8 [00000000]                   	CALL	_timer_init
   205 000000BD 83 C4 20                        	ADD	ESP,32
   206 000000C0 6A 32                           	PUSH	50
   207 000000C2 FF B5 FFFFFBB0                  	PUSH	DWORD [-1104+EBP]
   208 000000C8 E8 [00000000]                   	CALL	_timer_settime
   209 000000CD E8 [00000000]                   	CALL	_timer_alloc
   210 000000D2 6A 02                           	PUSH	2
   211 000000D4 56                              	PUSH	ESI
   212 000000D5 50                              	PUSH	EAX
   213 000000D6 89 85 FFFFFBAC                  	MOV	DWORD [-1108+EBP],EAX
   214 000000DC E8 [00000000]                   	CALL	_timer_init
   215 000000E1 6A 02                           	PUSH	2
   216 000000E3 FF B5 FFFFFBAC                  	PUSH	DWORD [-1108+EBP]
   217 000000E9 E8 [00000000]                   	CALL	_timer_settime
   218 000000EE 68 BFFFFFFF                     	PUSH	-1073741825
   219 000000F3 68 00400000                     	PUSH	4194304
   220 000000F8 E8 [00000000]                   	CALL	_memtest
   221 000000FD 83 C4 24                        	ADD	ESP,36
   222 00000100 68 003C0000                     	PUSH	3932160
   223 00000105 89 85 FFFFFB9C                  	MOV	DWORD [-1124+EBP],EAX
   224 0000010B E8 [00000000]                   	CALL	_memman_init
   225 00000110 68 0009E000                     	PUSH	647168
   226 00000115 68 00001000                     	PUSH	4096
   227 0000011A 68 003C0000                     	PUSH	3932160
   228 0000011F E8 [00000000]                   	CALL	_memman_free
   229 00000124 8B 85 FFFFFB9C                  	MOV	EAX,DWORD [-1124+EBP]
   230 0000012A 2D 00400000                     	SUB	EAX,4194304
   231 0000012F 50                              	PUSH	EAX
   232 00000130 68 00400000                     	PUSH	4194304
   233 00000135 68 003C0000                     	PUSH	3932160
   234 0000013A E8 [00000000]                   	CALL	_memman_free
   235 0000013F E8 [00000000]                   	CALL	_init_palette
   236 00000144 0F BF 05 00000FF6               	MOVSX	EAX,WORD [4086]
   237 0000014B 50                              	PUSH	EAX
   238 0000014C 0F BF 05 00000FF4               	MOVSX	EAX,WORD [4084]
   239 00000153 50                              	PUSH	EAX
   240 00000154 FF 35 00000FF8                  	PUSH	DWORD [4088]
   241 0000015A 68 003C0000                     	PUSH	3932160
   242 0000015F E8 [00000000]                   	CALL	_shtctl_init
   243 00000164 83 C4 2C                        	ADD	ESP,44
   244 00000167 89 C3                           	MOV	EBX,EAX
   245 00000169 50                              	PUSH	EAX
   246 0000016A E8 [00000000]                   	CALL	_sheet_alloc
   247 0000016F 53                              	PUSH	EBX
   248 00000170 89 85 FFFFFB98                  	MOV	DWORD [-1128+EBP],EAX
   249 00000176 E8 [00000000]                   	CALL	_sheet_alloc
   250 0000017B 53                              	PUSH	EBX
   251 0000017C 8D 9D FFFFFC94                  	LEA	EBX,DWORD [-876+EBP]
   252 00000182 89 85 FFFFFB94                  	MOV	DWORD [-1132+EBP],EAX
   253 00000188 E8 [00000000]                   	CALL	_sheet_alloc
   254 0000018D 0F BF 15 00000FF6               	MOVSX	EDX,WORD [4086]
   255 00000194 89 85 FFFFFB90                  	MOV	DWORD [-1136+EBP],EAX
   256 0000019A 0F BF 05 00000FF4               	MOVSX	EAX,WORD [4084]
   257 000001A1 0F AF C2                        	IMUL	EAX,EDX
   258 000001A4 50                              	PUSH	EAX
   259 000001A5 68 003C0000                     	PUSH	3932160
   260 000001AA E8 [00000000]                   	CALL	_memman_alloc_4k
   261 000001AF 68 00002080                     	PUSH	8320
   262 000001B4 68 003C0000                     	PUSH	3932160
   263 000001B9 89 C6                           	MOV	ESI,EAX
   264 000001BB E8 [00000000]                   	CALL	_memman_alloc_4k
   265 000001C0 6A FF                           	PUSH	-1
   266 000001C2 89 C7                           	MOV	EDI,EAX
   267 000001C4 0F BF 05 00000FF6               	MOVSX	EAX,WORD [4086]
   268 000001CB 50                              	PUSH	EAX
   269 000001CC 0F BF 05 00000FF4               	MOVSX	EAX,WORD [4084]
   270 000001D3 50                              	PUSH	EAX
   271 000001D4 56                              	PUSH	ESI
   272 000001D5 FF B5 FFFFFB98                  	PUSH	DWORD [-1128+EBP]
   273 000001DB E8 [00000000]                   	CALL	_sheet_setbuf
   274 000001E0 83 C4 30                        	ADD	ESP,48
   275 000001E3 6A 63                           	PUSH	99
   276 000001E5 6A 10                           	PUSH	16
   277 000001E7 6A 10                           	PUSH	16
   278 000001E9 53                              	PUSH	EBX
   279 000001EA FF B5 FFFFFB94                  	PUSH	DWORD [-1132+EBP]
   280 000001F0 E8 [00000000]                   	CALL	_sheet_setbuf
   281 000001F5 6A FF                           	PUSH	-1
   282 000001F7 6A 34                           	PUSH	52
   283 000001F9 68 000000A0                     	PUSH	160
   284 000001FE 57                              	PUSH	EDI
   285 000001FF FF B5 FFFFFB90                  	PUSH	DWORD [-1136+EBP]
   286 00000205 E8 [00000000]                   	CALL	_sheet_setbuf
   287 0000020A 83 C4 28                        	ADD	ESP,40
   288 0000020D 0F BF 05 00000FF6               	MOVSX	EAX,WORD [4086]
   289 00000214 50                              	PUSH	EAX
   290 00000215 0F BF 05 00000FF4               	MOVSX	EAX,WORD [4084]
   291 0000021C 50                              	PUSH	EAX
   292 0000021D 56                              	PUSH	ESI
   293 0000021E E8 [00000000]                   	CALL	_init_screen8
   294 00000223 6A 63                           	PUSH	99
   295 00000225 53                              	PUSH	EBX
   296 00000226 BB 00000002                     	MOV	EBX,2
   297 0000022B E8 [00000000]                   	CALL	_init_mouse_cursor8
   298 00000230 68 [00000054]                   	PUSH	LC0
   299 00000235 6A 34                           	PUSH	52
   300 00000237 68 000000A0                     	PUSH	160
   301 0000023C 57                              	PUSH	EDI
   302 0000023D E8 000005D1                     	CALL	_make_window8
   303 00000242 83 C4 24                        	ADD	ESP,36
   304 00000245 6A 07                           	PUSH	7
   305 00000247 6A 10                           	PUSH	16
   306 00000249 68 00000090                     	PUSH	144
   307 0000024E 6A 1C                           	PUSH	28
   308 00000250 6A 08                           	PUSH	8
   309 00000252 FF B5 FFFFFB90                  	PUSH	DWORD [-1136+EBP]
   310 00000258 E8 000007A9                     	CALL	_make_textbox8
   311 0000025D 6A 00                           	PUSH	0
   312 0000025F 6A 00                           	PUSH	0
   313 00000261 FF B5 FFFFFB98                  	PUSH	DWORD [-1128+EBP]
   314 00000267 C7 85 FFFFFBA4 00000008         	MOV	DWORD [-1116+EBP],8
   315 00000271 C7 85 FFFFFBA0 00000007         	MOV	DWORD [-1120+EBP],7
   316 0000027B E8 [00000000]                   	CALL	_sheet_slide
   317 00000280 83 C4 24                        	ADD	ESP,36
   318 00000283 0F BF 05 00000FF4               	MOVSX	EAX,WORD [4084]
   319 0000028A 8D 48 F0                        	LEA	ECX,DWORD [-16+EAX]
   320 0000028D 89 C8                           	MOV	EAX,ECX
   321 0000028F 99                              	CDQ
   322 00000290 F7 FB                           	IDIV	EBX
   323 00000292 89 85 FFFFFBA8                  	MOV	DWORD [-1112+EBP],EAX
   324 00000298 0F BF 05 00000FF6               	MOVSX	EAX,WORD [4086]
   325 0000029F 8D 48 D4                        	LEA	ECX,DWORD [-44+EAX]
   326 000002A2 89 C8                           	MOV	EAX,ECX
   327 000002A4 99                              	CDQ
   328 000002A5 F7 FB                           	IDIV	EBX
   329 000002A7 50                              	PUSH	EAX
   330 000002A8 89 C7                           	MOV	EDI,EAX
   331 000002AA FF B5 FFFFFBA8                  	PUSH	DWORD [-1112+EBP]
   332 000002B0 FF B5 FFFFFB94                  	PUSH	DWORD [-1132+EBP]
   333 000002B6 8D 5D A4                        	LEA	EBX,DWORD [-92+EBP]
   334 000002B9 E8 [00000000]                   	CALL	_sheet_slide
   335 000002BE 6A 48                           	PUSH	72
   336 000002C0 6A 50                           	PUSH	80
   337 000002C2 FF B5 FFFFFB90                  	PUSH	DWORD [-1136+EBP]
   338 000002C8 E8 [00000000]                   	CALL	_sheet_slide
   339 000002CD 6A 00                           	PUSH	0
   340 000002CF FF B5 FFFFFB98                  	PUSH	DWORD [-1128+EBP]
   341 000002D5 E8 [00000000]                   	CALL	_sheet_updown
   342 000002DA 83 C4 20                        	ADD	ESP,32
   343 000002DD 6A 01                           	PUSH	1
   344 000002DF FF B5 FFFFFB90                  	PUSH	DWORD [-1136+EBP]
   345 000002E5 E8 [00000000]                   	CALL	_sheet_updown
   346 000002EA 6A 02                           	PUSH	2
   347 000002EC FF B5 FFFFFB94                  	PUSH	DWORD [-1132+EBP]
   348 000002F2 E8 [00000000]                   	CALL	_sheet_updown
   349 000002F7 57                              	PUSH	EDI
   350 000002F8 FF B5 FFFFFBA8                  	PUSH	DWORD [-1112+EBP]
   351 000002FE 68 [0000005B]                   	PUSH	LC1
   352 00000303 53                              	PUSH	EBX
   353 00000304 E8 [00000000]                   	CALL	_sprintf
   354 00000309 83 C4 20                        	ADD	ESP,32
   355 0000030C 6A 0A                           	PUSH	10
   356 0000030E 53                              	PUSH	EBX
   357 0000030F 6A 0E                           	PUSH	14
   358 00000311 6A 07                           	PUSH	7
   359 00000313 6A 00                           	PUSH	0
   360 00000315 6A 00                           	PUSH	0
   361 00000317 FF B5 FFFFFB98                  	PUSH	DWORD [-1128+EBP]
   362 0000031D E8 0000065D                     	CALL	_putfonts8_asc_sht
   363 00000322 68 003C0000                     	PUSH	3932160
   364 00000327 E8 [00000000]                   	CALL	_memman_total
   365 0000032C C1 AD FFFFFB9C 14               	SHR	DWORD [-1124+EBP],20
   366 00000333 C1 E8 0A                        	SHR	EAX,10
   367 00000336 89 04 24                        	MOV	DWORD [ESP],EAX
   368 00000339 FF B5 FFFFFB9C                  	PUSH	DWORD [-1124+EBP]
   369 0000033F 68 [00000066]                   	PUSH	LC2
   370 00000344 53                              	PUSH	EBX
   371 00000345 E8 [00000000]                   	CALL	_sprintf
   372 0000034A 83 C4 2C                        	ADD	ESP,44
   373 0000034D 6A 28                           	PUSH	40
   374 0000034F 53                              	PUSH	EBX
   375 00000350 6A 0E                           	PUSH	14
   376 00000352 6A 07                           	PUSH	7
   377 00000354 6A 20                           	PUSH	32
   378 00000356 6A 00                           	PUSH	0
   379 00000358 FF B5 FFFFFB98                  	PUSH	DWORD [-1128+EBP]
   380 0000035E E8 0000061C                     	CALL	_putfonts8_asc_sht
   381 00000363 8D 85 FFFFFC24                  	LEA	EAX,DWORD [-988+EBP]
   382 00000369 68 00000089                     	PUSH	137
   383 0000036E 50                              	PUSH	EAX
   384 0000036F 6A 67                           	PUSH	103
   385 00000371 68 00270018                     	PUSH	2555928
   386 00000376 C7 85 FFFFFC84 00000000         	MOV	DWORD [-892+EBP],0
   387 00000380 C7 85 FFFFFC88 40000000         	MOV	DWORD [-888+EBP],1073741824
   388 0000038A C7 85 FFFFFC14 00000000         	MOV	DWORD [-1004+EBP],0
   389 00000394 C7 85 FFFFFC18 40000000         	MOV	DWORD [-1000+EBP],1073741824
   390 0000039E E8 [00000000]                   	CALL	_set_segmdesc
   391 000003A3 8D 85 FFFFFBB4                  	LEA	EAX,DWORD [-1100+EBP]
   392 000003A9 83 C4 2C                        	ADD	ESP,44
   393 000003AC 68 00000089                     	PUSH	137
   394 000003B1 50                              	PUSH	EAX
   395 000003B2 6A 67                           	PUSH	103
   396 000003B4 68 00270020                     	PUSH	2555936
   397 000003B9 E8 [00000000]                   	CALL	_set_segmdesc
   398 000003BE 6A 18                           	PUSH	24
   399 000003C0 E8 [00000000]                   	CALL	_load_tr
   400 000003C5 68 00010000                     	PUSH	65536
   401 000003CA 68 003C0000                     	PUSH	3932160
   402 000003CF E8 [00000000]                   	CALL	_memman_alloc_4k
   403 000003D4 8B 9D FFFFFB98                  	MOV	EBX,DWORD [-1128+EBP]
   404 000003DA 05 0000FFF8                     	ADD	EAX,65528
   405 000003DF C7 85 FFFFFBD4 [00000B3C]       	MOV	DWORD [-1068+EBP],_task_b_main
   406 000003E9 C7 85 FFFFFBD8 00000202         	MOV	DWORD [-1064+EBP],514
   407 000003F3 C7 85 FFFFFBDC 00000000         	MOV	DWORD [-1060+EBP],0
   408 000003FD C7 85 FFFFFBE0 00000000         	MOV	DWORD [-1056+EBP],0
   409 00000407 C7 85 FFFFFBE4 00000000         	MOV	DWORD [-1052+EBP],0
   410 00000411 C7 85 FFFFFBE8 00000000         	MOV	DWORD [-1048+EBP],0
   411 0000041B 89 85 FFFFFBEC                  	MOV	DWORD [-1044+EBP],EAX
   412 00000421 C7 85 FFFFFBF0 00000000         	MOV	DWORD [-1040+EBP],0
   413 0000042B C7 85 FFFFFBF4 00000000         	MOV	DWORD [-1036+EBP],0
   414 00000435 C7 85 FFFFFBF8 00000000         	MOV	DWORD [-1032+EBP],0
   415 0000043F C7 85 FFFFFBFC 00000008         	MOV	DWORD [-1028+EBP],8
   416 00000449 C7 85 FFFFFC00 00000010         	MOV	DWORD [-1024+EBP],16
   417 00000453 C7 85 FFFFFC04 00000008         	MOV	DWORD [-1020+EBP],8
   418 0000045D C7 85 FFFFFC08 00000008         	MOV	DWORD [-1016+EBP],8
   419 00000467 C7 85 FFFFFC0C 00000008         	MOV	DWORD [-1012+EBP],8
   420 00000471 C7 85 FFFFFC10 00000008         	MOV	DWORD [-1008+EBP],8
   421 0000047B 89 58 04                        	MOV	DWORD [4+EAX],EBX
   422 0000047E                                 L32:
   423 0000047E 83 C4 1C                        	ADD	ESP,28
   424 00000481                                 L2:
   425 00000481 8D 75 D4                        	LEA	ESI,DWORD [-44+EBP]
   426 00000484 E8 [00000000]                   	CALL	_io_cli
   427 00000489 56                              	PUSH	ESI
   428 0000048A E8 [00000000]                   	CALL	_fifo32_status
   429 0000048F 5A                              	POP	EDX
   430 00000490 85 C0                           	TEST	EAX,EAX
   431 00000492 0F 84 00000371                  	JE	L35
   432 00000498 56                              	PUSH	ESI
   433 00000499 E8 [00000000]                   	CALL	_fifo32_get
   434 0000049E 89 C3                           	MOV	EBX,EAX
   435 000004A0 E8 [00000000]                   	CALL	_io_sti
   436 000004A5 58                              	POP	EAX
   437 000004A6 83 FB 02                        	CMP	EBX,2
   438 000004A9 0F 84 0000033C                  	JE	L36
   439 000004AF 8D 83 FFFFFF00                  	LEA	EAX,DWORD [-256+EBX]
   440 000004B5 3D 000000FF                     	CMP	EAX,255
   441 000004BA 0F 86 0000022B                  	JBE	L37
   442 000004C0 8D 83 FFFFFE00                  	LEA	EAX,DWORD [-512+EBX]
   443 000004C6 3D 000000FF                     	CMP	EAX,255
   444 000004CB 0F 86 000000DA                  	JBE	L38
   445 000004D1 83 FB 0A                        	CMP	EBX,10
   446 000004D4 0F 84 000000C2                  	JE	L39
   447 000004DA 83 FB 03                        	CMP	EBX,3
   448 000004DD 0F 84 0000009A                  	JE	L40
   449 000004E3 83 FB 01                        	CMP	EBX,1
   450 000004E6 7F 99                           	JG	L2
   451 000004E8 85 DB                           	TEST	EBX,EBX
   452 000004EA 74 77                           	JE	L30
   453 000004EC 6A 00                           	PUSH	0
   454 000004EE 56                              	PUSH	ESI
   455 000004EF FF B5 FFFFFBB0                  	PUSH	DWORD [-1104+EBP]
   456 000004F5 E8 [00000000]                   	CALL	_timer_init
   457 000004FA C7 85 FFFFFBA0 00000000         	MOV	DWORD [-1120+EBP],0
   458 00000504                                 L34:
   459 00000504 83 C4 0C                        	ADD	ESP,12
   460 00000507 6A 32                           	PUSH	50
   461 00000509 FF B5 FFFFFBB0                  	PUSH	DWORD [-1104+EBP]
   462 0000050F E8 [00000000]                   	CALL	_timer_settime
   463 00000514 8B 9D FFFFFB90                  	MOV	EBX,DWORD [-1136+EBP]
   464 0000051A 8B 85 FFFFFBA4                  	MOV	EAX,DWORD [-1116+EBP]
   465 00000520 6A 2B                           	PUSH	43
   466 00000522 83 C0 07                        	ADD	EAX,7
   467 00000525 50                              	PUSH	EAX
   468 00000526 6A 1C                           	PUSH	28
   469 00000528 FF B5 FFFFFBA4                  	PUSH	DWORD [-1116+EBP]
   470 0000052E FF B5 FFFFFBA0                  	PUSH	DWORD [-1120+EBP]
   471 00000534 FF 73 04                        	PUSH	DWORD [4+EBX]
   472 00000537 FF 33                           	PUSH	DWORD [EBX]
   473 00000539 E8 [00000000]                   	CALL	_boxfill8
   474 0000053E 8B 85 FFFFFBA4                  	MOV	EAX,DWORD [-1116+EBP]
   475 00000544 83 C4 24                        	ADD	ESP,36
   476 00000547 83 C0 08                        	ADD	EAX,8
   477 0000054A 6A 2C                           	PUSH	44
   478 0000054C 50                              	PUSH	EAX
   479 0000054D 6A 1C                           	PUSH	28
   480 0000054F FF B5 FFFFFBA4                  	PUSH	DWORD [-1116+EBP]
   481 00000555 53                              	PUSH	EBX
   482 00000556 E8 [00000000]                   	CALL	_sheet_refresh
   483 0000055B 83 C4 14                        	ADD	ESP,20
   484 0000055E E9 FFFFFF1E                     	JMP	L2
   485 00000563                                 L30:
   486 00000563 6A 01                           	PUSH	1
   487 00000565 56                              	PUSH	ESI
   488 00000566 FF B5 FFFFFBB0                  	PUSH	DWORD [-1104+EBP]
   489 0000056C E8 [00000000]                   	CALL	_timer_init
   490 00000571 C7 85 FFFFFBA0 00000007         	MOV	DWORD [-1120+EBP],7
   491 0000057B EB 87                           	JMP	L34
   492 0000057D                                 L40:
   493 0000057D 6A 06                           	PUSH	6
   494 0000057F 68 [00000080]                   	PUSH	LC7
   495 00000584 6A 0E                           	PUSH	14
   496 00000586 6A 07                           	PUSH	7
   497 00000588 6A 50                           	PUSH	80
   498 0000058A                                 L33:
   499 0000058A 6A 00                           	PUSH	0
   500 0000058C FF B5 FFFFFB98                  	PUSH	DWORD [-1128+EBP]
   501 00000592 E8 000003E8                     	CALL	_putfonts8_asc_sht
   502 00000597 E9 FFFFFEE2                     	JMP	L32
   503 0000059C                                 L39:
   504 0000059C 6A 07                           	PUSH	7
   505 0000059E 68 [00000087]                   	PUSH	LC6
   506 000005A3 6A 0E                           	PUSH	14
   507 000005A5 6A 07                           	PUSH	7
   508 000005A7 6A 40                           	PUSH	64
   509 000005A9 EB DF                           	JMP	L33
   510 000005AB                                 L38:
   511 000005AB 0F B6 C3                        	MOVZX	EAX,BL
   512 000005AE 50                              	PUSH	EAX
   513 000005AF 8D 85 FFFFFD94                  	LEA	EAX,DWORD [-620+EBP]
   514 000005B5 50                              	PUSH	EAX
   515 000005B6 E8 [00000000]                   	CALL	_mouse_decode
   516 000005BB 5A                              	POP	EDX
   517 000005BC 59                              	POP	ECX
   518 000005BD 85 C0                           	TEST	EAX,EAX
   519 000005BF 0F 84 FFFFFEBC                  	JE	L2
   520 000005C5 FF B5 FFFFFD9C                  	PUSH	DWORD [-612+EBP]
   521 000005CB FF B5 FFFFFD98                  	PUSH	DWORD [-616+EBP]
   522 000005D1 68 [0000008F]                   	PUSH	LC5
   523 000005D6 8D 5D A4                        	LEA	EBX,DWORD [-92+EBP]
   524 000005D9 53                              	PUSH	EBX
   525 000005DA E8 [00000000]                   	CALL	_sprintf
   526 000005DF 83 C4 10                        	ADD	ESP,16
   527 000005E2 8B 85 FFFFFDA0                  	MOV	EAX,DWORD [-608+EBP]
   528 000005E8 A9 00000001                     	TEST	EAX,1
   529 000005ED 74 04                           	JE	L16
   530 000005EF C6 45 A5 4C                     	MOV	BYTE [-91+EBP],76
   531 000005F3                                 L16:
   532 000005F3 A9 00000002                     	TEST	EAX,2
   533 000005F8 74 04                           	JE	L17
   534 000005FA C6 45 A7 52                     	MOV	BYTE [-89+EBP],82
   535 000005FE                                 L17:
   536 000005FE 83 E0 04                        	AND	EAX,4
   537 00000601 74 04                           	JE	L18
   538 00000603 C6 45 A6 43                     	MOV	BYTE [-90+EBP],67
   539 00000607                                 L18:
   540 00000607 6A 0F                           	PUSH	15
   541 00000609 53                              	PUSH	EBX
   542 0000060A 6A 0E                           	PUSH	14
   543 0000060C 6A 07                           	PUSH	7
   544 0000060E 6A 10                           	PUSH	16
   545 00000610 6A 20                           	PUSH	32
   546 00000612 FF B5 FFFFFB98                  	PUSH	DWORD [-1128+EBP]
   547 00000618 E8 00000362                     	CALL	_putfonts8_asc_sht
   548 0000061D 8B 95 FFFFFD98                  	MOV	EDX,DWORD [-616+EBP]
   549 00000623 03 BD FFFFFD9C                  	ADD	EDI,DWORD [-612+EBP]
   550 00000629 83 C4 1C                        	ADD	ESP,28
   551 0000062C 01 95 FFFFFBA8                  	ADD	DWORD [-1112+EBP],EDX
   552 00000632 0F 88 000000A4                  	JS	L41
   553 00000638                                 L19:
   554 00000638 85 FF                           	TEST	EDI,EDI
   555 0000063A 0F 88 00000095                  	JS	L42
   556 00000640                                 L20:
   557 00000640 0F BF 05 00000FF4               	MOVSX	EAX,WORD [4084]
   558 00000647 48                              	DEC	EAX
   559 00000648 39 85 FFFFFBA8                  	CMP	DWORD [-1112+EBP],EAX
   560 0000064E 7E 06                           	JLE	L21
   561 00000650 89 85 FFFFFBA8                  	MOV	DWORD [-1112+EBP],EAX
   562 00000656                                 L21:
   563 00000656 0F BF 05 00000FF6               	MOVSX	EAX,WORD [4086]
   564 0000065D 48                              	DEC	EAX
   565 0000065E 39 C7                           	CMP	EDI,EAX
   566 00000660 7E 02                           	JLE	L22
   567 00000662 89 C7                           	MOV	EDI,EAX
   568 00000664                                 L22:
   569 00000664 57                              	PUSH	EDI
   570 00000665 FF B5 FFFFFBA8                  	PUSH	DWORD [-1112+EBP]
   571 0000066B 68 [0000005B]                   	PUSH	LC1
   572 00000670 53                              	PUSH	EBX
   573 00000671 E8 [00000000]                   	CALL	_sprintf
   574 00000676 6A 0A                           	PUSH	10
   575 00000678 53                              	PUSH	EBX
   576 00000679 6A 0E                           	PUSH	14
   577 0000067B 6A 07                           	PUSH	7
   578 0000067D 6A 00                           	PUSH	0
   579 0000067F 6A 00                           	PUSH	0
   580 00000681 FF B5 FFFFFB98                  	PUSH	DWORD [-1128+EBP]
   581 00000687 E8 000002F3                     	CALL	_putfonts8_asc_sht
   582 0000068C 83 C4 2C                        	ADD	ESP,44
   583 0000068F 57                              	PUSH	EDI
   584 00000690 FF B5 FFFFFBA8                  	PUSH	DWORD [-1112+EBP]
   585 00000696 FF B5 FFFFFB94                  	PUSH	DWORD [-1132+EBP]
   586 0000069C E8 [00000000]                   	CALL	_sheet_slide
   587 000006A1 83 C4 0C                        	ADD	ESP,12
   588 000006A4 F7 85 FFFFFDA0 00000001         	TEST	DWORD [-608+EBP],1
   589 000006AE 0F 84 FFFFFDCD                  	JE	L2
   590 000006B4 8D 47 F8                        	LEA	EAX,DWORD [-8+EDI]
   591 000006B7 50                              	PUSH	EAX
   592 000006B8 8B 85 FFFFFBA8                  	MOV	EAX,DWORD [-1112+EBP]
   593 000006BE 83 E8 50                        	SUB	EAX,80
   594 000006C1 50                              	PUSH	EAX
   595 000006C2 FF B5 FFFFFB90                  	PUSH	DWORD [-1136+EBP]
   596 000006C8 E8 [00000000]                   	CALL	_sheet_slide
   597 000006CD 83 C4 0C                        	ADD	ESP,12
   598 000006D0 E9 FFFFFDAC                     	JMP	L2
   599 000006D5                                 L42:
   600 000006D5 31 FF                           	XOR	EDI,EDI
   601 000006D7 E9 FFFFFF64                     	JMP	L20
   602 000006DC                                 L41:
   603 000006DC C7 85 FFFFFBA8 00000000         	MOV	DWORD [-1112+EBP],0
   604 000006E6 E9 FFFFFF4D                     	JMP	L19
   605 000006EB                                 L37:
   606 000006EB 50                              	PUSH	EAX
   607 000006EC 8D 75 A4                        	LEA	ESI,DWORD [-92+EBP]
   608 000006EF 68 [0000009D]                   	PUSH	LC3
   609 000006F4 56                              	PUSH	ESI
   610 000006F5 E8 [00000000]                   	CALL	_sprintf
   611 000006FA 6A 02                           	PUSH	2
   612 000006FC 56                              	PUSH	ESI
   613 000006FD 6A 0E                           	PUSH	14
   614 000006FF 6A 07                           	PUSH	7
   615 00000701 6A 10                           	PUSH	16
   616 00000703 6A 00                           	PUSH	0
   617 00000705 FF B5 FFFFFB98                  	PUSH	DWORD [-1128+EBP]
   618 0000070B E8 0000026F                     	CALL	_putfonts8_asc_sht
   619 00000710 83 C4 28                        	ADD	ESP,40
   620 00000713 81 FB 00000153                  	CMP	EBX,339
   621 00000719 7F 41                           	JG	L10
   622 0000071B 8A 83 [FFFFFF00]                	MOV	AL,BYTE [_keytable.0-256+EBX]
   623 00000721 84 C0                           	TEST	AL,AL
   624 00000723 74 37                           	JE	L10
   625 00000725 81 BD FFFFFBA4 0000008F         	CMP	DWORD [-1116+EBP],143
   626 0000072F 7F 2B                           	JG	L10
   627 00000731 6A 01                           	PUSH	1
   628 00000733 88 45 A4                        	MOV	BYTE [-92+EBP],AL
   629 00000736 56                              	PUSH	ESI
   630 00000737 6A 07                           	PUSH	7
   631 00000739 6A 00                           	PUSH	0
   632 0000073B 6A 1C                           	PUSH	28
   633 0000073D FF B5 FFFFFBA4                  	PUSH	DWORD [-1116+EBP]
   634 00000743 FF B5 FFFFFB90                  	PUSH	DWORD [-1136+EBP]
   635 00000749 C6 45 A5 00                     	MOV	BYTE [-91+EBP],0
   636 0000074D E8 0000022D                     	CALL	_putfonts8_asc_sht
   637 00000752 83 C4 1C                        	ADD	ESP,28
   638 00000755 83 85 FFFFFBA4 08               	ADD	DWORD [-1116+EBP],8
   639 0000075C                                 L10:
   640 0000075C 81 FB 0000010E                  	CMP	EBX,270
   641 00000762 74 51                           	JE	L43
   642 00000764                                 L12:
   643 00000764 8B 85 FFFFFBA4                  	MOV	EAX,DWORD [-1116+EBP]
   644 0000076A 6A 2B                           	PUSH	43
   645 0000076C 83 C0 07                        	ADD	EAX,7
   646 0000076F 50                              	PUSH	EAX
   647 00000770 8B 85 FFFFFB90                  	MOV	EAX,DWORD [-1136+EBP]
   648 00000776 6A 1C                           	PUSH	28
   649 00000778 FF B5 FFFFFBA4                  	PUSH	DWORD [-1116+EBP]
   650 0000077E FF B5 FFFFFBA0                  	PUSH	DWORD [-1120+EBP]
   651 00000784 FF 70 04                        	PUSH	DWORD [4+EAX]
   652 00000787 FF 30                           	PUSH	DWORD [EAX]
   653 00000789 E8 [00000000]                   	CALL	_boxfill8
   654 0000078E 8B 85 FFFFFBA4                  	MOV	EAX,DWORD [-1116+EBP]
   655 00000794 6A 2C                           	PUSH	44
   656 00000796 83 C0 08                        	ADD	EAX,8
   657 00000799 50                              	PUSH	EAX
   658 0000079A 6A 1C                           	PUSH	28
   659 0000079C FF B5 FFFFFBA4                  	PUSH	DWORD [-1116+EBP]
   660 000007A2 FF B5 FFFFFB90                  	PUSH	DWORD [-1136+EBP]
   661 000007A8 E8 [00000000]                   	CALL	_sheet_refresh
   662 000007AD 83 C4 30                        	ADD	ESP,48
   663 000007B0 E9 FFFFFCCC                     	JMP	L2
   664 000007B5                                 L43:
   665 000007B5 83 BD FFFFFBA4 08               	CMP	DWORD [-1116+EBP],8
   666 000007BC 7E A6                           	JLE	L12
   667 000007BE 6A 01                           	PUSH	1
   668 000007C0 68 [000000A2]                   	PUSH	LC4
   669 000007C5 6A 07                           	PUSH	7
   670 000007C7 6A 00                           	PUSH	0
   671 000007C9 6A 1C                           	PUSH	28
   672 000007CB FF B5 FFFFFBA4                  	PUSH	DWORD [-1116+EBP]
   673 000007D1 FF B5 FFFFFB90                  	PUSH	DWORD [-1136+EBP]
   674 000007D7 E8 000001A3                     	CALL	_putfonts8_asc_sht
   675 000007DC 83 C4 1C                        	ADD	ESP,28
   676 000007DF 83 AD FFFFFBA4 08               	SUB	DWORD [-1116+EBP],8
   677 000007E6 E9 FFFFFF79                     	JMP	L12
   678 000007EB                                 L36:
   679 000007EB 6A 20                           	PUSH	32
   680 000007ED 6A 00                           	PUSH	0
   681 000007EF E8 [00000000]                   	CALL	_farjmp
   682 000007F4 6A 02                           	PUSH	2
   683 000007F6 FF B5 FFFFFBAC                  	PUSH	DWORD [-1108+EBP]
   684 000007FC E8 [00000000]                   	CALL	_timer_settime
   685 00000801 83 C4 10                        	ADD	ESP,16
   686 00000804 E9 FFFFFC78                     	JMP	L2
   687 00000809                                 L35:
   688 00000809 E8 [00000000]                   	CALL	_io_stihlt
   689 0000080E E9 FFFFFC6E                     	JMP	L2
   690                                          [SECTION .data]
   691 000000A4                                 _closebtn.1:
   692 000000A4 4F 4F 4F 4F 4F 4F 4F 4F 4F 4F   	DB	"OOOOOOOOOOOOOOO@"
       000000AE 4F 4F 4F 4F 4F 40 
   693 000000B4 4F 51 51 51 51 51 51 51 51 51   	DB	"OQQQQQQQQQQQQQ$@"
       000000BE 51 51 51 51 24 40 
   694 000000C4 4F 51 51 51 51 51 51 51 51 51   	DB	"OQQQQQQQQQQQQQ$@"
       000000CE 51 51 51 51 24 40 
   695 000000D4 4F 51 51 51 40 40 51 51 51 51   	DB	"OQQQ@@QQQQ@@QQ$@"
       000000DE 40 40 51 51 24 40 
   696 000000E4 4F 51 51 51 51 40 40 51 51 40   	DB	"OQQQQ@@QQ@@QQQ$@"
       000000EE 40 51 51 51 24 40 
   697 000000F4 4F 51 51 51 51 51 40 40 40 40   	DB	"OQQQQQ@@@@QQQQ$@"
       000000FE 51 51 51 51 24 40 
   698 00000104 4F 51 51 51 51 51 51 40 40 51   	DB	"OQQQQQQ@@QQQQQ$@"
       0000010E 51 51 51 51 24 40 
   699 00000114 4F 51 51 51 51 51 40 40 40 40   	DB	"OQQQQQ@@@@QQQQ$@"
       0000011E 51 51 51 51 24 40 
   700 00000124 4F 51 51 51 51 40 40 51 51 40   	DB	"OQQQQ@@QQ@@QQQ$@"
       0000012E 40 51 51 51 24 40 
   701 00000134 4F 51 51 51 40 40 51 51 51 51   	DB	"OQQQ@@QQQQ@@QQ$@"
       0000013E 40 40 51 51 24 40 
   702 00000144 4F 51 51 51 51 51 51 51 51 51   	DB	"OQQQQQQQQQQQQQ$@"
       0000014E 51 51 51 51 24 40 
   703 00000154 4F 51 51 51 51 51 51 51 51 51   	DB	"OQQQQQQQQQQQQQ$@"
       0000015E 51 51 51 51 24 40 
   704 00000164 4F 24 24 24 24 24 24 24 24 24   	DB	"O$$$$$$$$$$$$$$@"
       0000016E 24 24 24 24 24 40 
   705 00000174 40 40 40 40 40 40 40 40 40 40   	DB	"@@@@@@@@@@@@@@@@"
       0000017E 40 40 40 40 40 40 
   706                                          [SECTION .text]
   707 00000813                                 	GLOBAL	_make_window8
   708 00000813                                 _make_window8:
   709 00000813 55                              	PUSH	EBP
   710 00000814 89 E5                           	MOV	EBP,ESP
   711 00000816 57                              	PUSH	EDI
   712 00000817 56                              	PUSH	ESI
   713 00000818 53                              	PUSH	EBX
   714 00000819 83 EC 14                        	SUB	ESP,20
   715 0000081C 8B 5D 0C                        	MOV	EBX,DWORD [12+EBP]
   716 0000081F 6A 00                           	PUSH	0
   717 00000821 8D 43 FF                        	LEA	EAX,DWORD [-1+EBX]
   718 00000824 8D 7B FE                        	LEA	EDI,DWORD [-2+EBX]
   719 00000827 50                              	PUSH	EAX
   720 00000828 89 45 EC                        	MOV	DWORD [-20+EBP],EAX
   721 0000082B 6A 00                           	PUSH	0
   722 0000082D 6A 00                           	PUSH	0
   723 0000082F 6A 08                           	PUSH	8
   724 00000831 53                              	PUSH	EBX
   725 00000832 FF 75 08                        	PUSH	DWORD [8+EBP]
   726 00000835 E8 [00000000]                   	CALL	_boxfill8
   727 0000083A 6A 01                           	PUSH	1
   728 0000083C 57                              	PUSH	EDI
   729 0000083D 6A 01                           	PUSH	1
   730 0000083F 6A 01                           	PUSH	1
   731 00000841 6A 07                           	PUSH	7
   732 00000843 53                              	PUSH	EBX
   733 00000844 FF 75 08                        	PUSH	DWORD [8+EBP]
   734 00000847 E8 [00000000]                   	CALL	_boxfill8
   735 0000084C 8B 55 10                        	MOV	EDX,DWORD [16+EBP]
   736 0000084F 83 C4 38                        	ADD	ESP,56
   737 00000852 4A                              	DEC	EDX
   738 00000853 89 55 E8                        	MOV	DWORD [-24+EBP],EDX
   739 00000856 52                              	PUSH	EDX
   740 00000857 6A 00                           	PUSH	0
   741 00000859 6A 00                           	PUSH	0
   742 0000085B 6A 00                           	PUSH	0
   743 0000085D 6A 08                           	PUSH	8
   744 0000085F 53                              	PUSH	EBX
   745 00000860 FF 75 08                        	PUSH	DWORD [8+EBP]
   746 00000863 E8 [00000000]                   	CALL	_boxfill8
   747 00000868 8B 75 10                        	MOV	ESI,DWORD [16+EBP]
   748 0000086B 83 EE 02                        	SUB	ESI,2
   749 0000086E 56                              	PUSH	ESI
   750 0000086F 6A 01                           	PUSH	1
   751 00000871 6A 01                           	PUSH	1
   752 00000873 6A 01                           	PUSH	1
   753 00000875 6A 07                           	PUSH	7
   754 00000877 53                              	PUSH	EBX
   755 00000878 FF 75 08                        	PUSH	DWORD [8+EBP]
   756 0000087B E8 [00000000]                   	CALL	_boxfill8
   757 00000880 83 C4 38                        	ADD	ESP,56
   758 00000883 56                              	PUSH	ESI
   759 00000884 57                              	PUSH	EDI
   760 00000885 6A 01                           	PUSH	1
   761 00000887 57                              	PUSH	EDI
   762 00000888 6A 0F                           	PUSH	15
   763 0000088A 53                              	PUSH	EBX
   764 0000088B FF 75 08                        	PUSH	DWORD [8+EBP]
   765 0000088E E8 [00000000]                   	CALL	_boxfill8
   766 00000893 FF 75 E8                        	PUSH	DWORD [-24+EBP]
   767 00000896 FF 75 EC                        	PUSH	DWORD [-20+EBP]
   768 00000899 6A 00                           	PUSH	0
   769 0000089B FF 75 EC                        	PUSH	DWORD [-20+EBP]
   770 0000089E 6A 00                           	PUSH	0
   771 000008A0 53                              	PUSH	EBX
   772 000008A1 FF 75 08                        	PUSH	DWORD [8+EBP]
   773 000008A4 E8 [00000000]                   	CALL	_boxfill8
   774 000008A9 8B 45 10                        	MOV	EAX,DWORD [16+EBP]
   775 000008AC 83 C4 38                        	ADD	ESP,56
   776 000008AF 83 E8 03                        	SUB	EAX,3
   777 000008B2 50                              	PUSH	EAX
   778 000008B3 8D 43 FD                        	LEA	EAX,DWORD [-3+EBX]
   779 000008B6 50                              	PUSH	EAX
   780 000008B7 6A 02                           	PUSH	2
   781 000008B9 6A 02                           	PUSH	2
   782 000008BB 6A 08                           	PUSH	8
   783 000008BD 53                              	PUSH	EBX
   784 000008BE FF 75 08                        	PUSH	DWORD [8+EBP]
   785 000008C1 E8 [00000000]                   	CALL	_boxfill8
   786 000008C6 8D 43 FC                        	LEA	EAX,DWORD [-4+EBX]
   787 000008C9 6A 14                           	PUSH	20
   788 000008CB 50                              	PUSH	EAX
   789 000008CC 6A 03                           	PUSH	3
   790 000008CE 6A 03                           	PUSH	3
   791 000008D0 6A 0C                           	PUSH	12
   792 000008D2 53                              	PUSH	EBX
   793 000008D3 FF 75 08                        	PUSH	DWORD [8+EBP]
   794 000008D6 E8 [00000000]                   	CALL	_boxfill8
   795 000008DB 83 C4 38                        	ADD	ESP,56
   796 000008DE 56                              	PUSH	ESI
   797 000008DF 57                              	PUSH	EDI
   798 000008E0 56                              	PUSH	ESI
   799 000008E1 6A 01                           	PUSH	1
   800 000008E3 6A 0F                           	PUSH	15
   801 000008E5 53                              	PUSH	EBX
   802 000008E6 FF 75 08                        	PUSH	DWORD [8+EBP]
   803 000008E9 E8 [00000000]                   	CALL	_boxfill8
   804 000008EE FF 75 E8                        	PUSH	DWORD [-24+EBP]
   805 000008F1 FF 75 EC                        	PUSH	DWORD [-20+EBP]
   806 000008F4 FF 75 E8                        	PUSH	DWORD [-24+EBP]
   807 000008F7 6A 00                           	PUSH	0
   808 000008F9 6A 00                           	PUSH	0
   809 000008FB 6B F3 05                        	IMUL	ESI,EBX,5
   810 000008FE 53                              	PUSH	EBX
   811 000008FF FF 75 08                        	PUSH	DWORD [8+EBP]
   812 00000902 E8 [00000000]                   	CALL	_boxfill8
   813 00000907 83 C4 38                        	ADD	ESP,56
   814 0000090A FF 75 14                        	PUSH	DWORD [20+EBP]
   815 0000090D 6A 07                           	PUSH	7
   816 0000090F 6A 04                           	PUSH	4
   817 00000911 6A 18                           	PUSH	24
   818 00000913 53                              	PUSH	EBX
   819 00000914 FF 75 08                        	PUSH	DWORD [8+EBP]
   820 00000917 E8 [00000000]                   	CALL	_putfonts8_asc
   821 0000091C 83 C4 18                        	ADD	ESP,24
   822 0000091F C7 45 F0 00000000               	MOV	DWORD [-16+EBP],0
   823 00000926 C7 45 E0 00000000               	MOV	DWORD [-32+EBP],0
   824 0000092D                                 L60:
   825 0000092D 8D 04 1E                        	LEA	EAX,DWORD [ESI+EBX*1]
   826 00000930 8B 55 08                        	MOV	EDX,DWORD [8+EBP]
   827 00000933 31 FF                           	XOR	EDI,EDI
   828 00000935 8D 4C 02 EB                     	LEA	ECX,DWORD [-21+EDX+EAX*1]
   829 00000939                                 L59:
   830 00000939 8B 45 E0                        	MOV	EAX,DWORD [-32+EBP]
   831 0000093C 8A 94 07 [000000A4]             	MOV	DL,BYTE [_closebtn.1+EDI+EAX*1]
   832 00000943 80 FA 40                        	CMP	DL,64
   833 00000946 74 33                           	JE	L65
   834 00000948 80 FA 24                        	CMP	DL,36
   835 0000094B 74 2A                           	JE	L66
   836 0000094D 80 FA 51                        	CMP	DL,81
   837 00000950 B2 08                           	MOV	DL,8
   838 00000952 0F 95 C0                        	SETNE	AL
   839 00000955 28 C2                           	SUB	DL,AL
   840 00000957                                 L54:
   841 00000957 47                              	INC	EDI
   842 00000958 88 11                           	MOV	BYTE [ECX],DL
   843 0000095A 41                              	INC	ECX
   844 0000095B 83 FF 0F                        	CMP	EDI,15
   845 0000095E 7E D9                           	JLE	L59
   846 00000960 FF 45 F0                        	INC	DWORD [-16+EBP]
   847 00000963 01 DE                           	ADD	ESI,EBX
   848 00000965 83 45 E0 10                     	ADD	DWORD [-32+EBP],16
   849 00000969 83 7D F0 0D                     	CMP	DWORD [-16+EBP],13
   850 0000096D 7E BE                           	JLE	L60
   851 0000096F 8D 65 F4                        	LEA	ESP,DWORD [-12+EBP]
   852 00000972 5B                              	POP	EBX
   853 00000973 5E                              	POP	ESI
   854 00000974 5F                              	POP	EDI
   855 00000975 5D                              	POP	EBP
   856 00000976 C3                              	RET
   857 00000977                                 L66:
   858 00000977 B2 0F                           	MOV	DL,15
   859 00000979 EB DC                           	JMP	L54
   860 0000097B                                 L65:
   861 0000097B 31 D2                           	XOR	EDX,EDX
   862 0000097D EB D8                           	JMP	L54
   863 0000097F                                 	GLOBAL	_putfonts8_asc_sht
   864 0000097F                                 _putfonts8_asc_sht:
   865 0000097F 55                              	PUSH	EBP
   866 00000980 89 E5                           	MOV	EBP,ESP
   867 00000982 57                              	PUSH	EDI
   868 00000983 56                              	PUSH	ESI
   869 00000984 53                              	PUSH	EBX
   870 00000985 83 EC 0C                        	SUB	ESP,12
   871 00000988 8B 45 08                        	MOV	EAX,DWORD [8+EBP]
   872 0000098B 8B 7D 10                        	MOV	EDI,DWORD [16+EBP]
   873 0000098E 89 45 F0                        	MOV	DWORD [-16+EBP],EAX
   874 00000991 8B 5D 14                        	MOV	EBX,DWORD [20+EBP]
   875 00000994 8B 45 0C                        	MOV	EAX,DWORD [12+EBP]
   876 00000997 89 45 EC                        	MOV	DWORD [-20+EBP],EAX
   877 0000099A 8B 45 1C                        	MOV	EAX,DWORD [28+EBP]
   878 0000099D 89 45 E8                        	MOV	DWORD [-24+EBP],EAX
   879 000009A0 8D 47 0F                        	LEA	EAX,DWORD [15+EDI]
   880 000009A3 50                              	PUSH	EAX
   881 000009A4 8B 45 EC                        	MOV	EAX,DWORD [-20+EBP]
   882 000009A7 8B 75 20                        	MOV	ESI,DWORD [32+EBP]
   883 000009AA 0F BE DB                        	MOVSX	EBX,BL
   884 000009AD 8D 34 F0                        	LEA	ESI,DWORD [EAX+ESI*8]
   885 000009B0 8D 46 FF                        	LEA	EAX,DWORD [-1+ESI]
   886 000009B3 50                              	PUSH	EAX
   887 000009B4 57                              	PUSH	EDI
   888 000009B5 FF 75 EC                        	PUSH	DWORD [-20+EBP]
   889 000009B8 0F B6 45 18                     	MOVZX	EAX,BYTE [24+EBP]
   890 000009BC 50                              	PUSH	EAX
   891 000009BD 8B 45 F0                        	MOV	EAX,DWORD [-16+EBP]
   892 000009C0 FF 70 04                        	PUSH	DWORD [4+EAX]
   893 000009C3 FF 30                           	PUSH	DWORD [EAX]
   894 000009C5 E8 [00000000]                   	CALL	_boxfill8
   895 000009CA FF 75 E8                        	PUSH	DWORD [-24+EBP]
   896 000009CD 53                              	PUSH	EBX
   897 000009CE 57                              	PUSH	EDI
   898 000009CF FF 75 EC                        	PUSH	DWORD [-20+EBP]
   899 000009D2 8B 45 F0                        	MOV	EAX,DWORD [-16+EBP]
   900 000009D5 FF 70 04                        	PUSH	DWORD [4+EAX]
   901 000009D8 FF 30                           	PUSH	DWORD [EAX]
   902 000009DA E8 [00000000]                   	CALL	_putfonts8_asc
   903 000009DF 89 7D 10                        	MOV	DWORD [16+EBP],EDI
   904 000009E2 8D 47 10                        	LEA	EAX,DWORD [16+EDI]
   905 000009E5 89 75 14                        	MOV	DWORD [20+EBP],ESI
   906 000009E8 89 45 18                        	MOV	DWORD [24+EBP],EAX
   907 000009EB 83 C4 34                        	ADD	ESP,52
   908 000009EE 8B 45 EC                        	MOV	EAX,DWORD [-20+EBP]
   909 000009F1 89 45 0C                        	MOV	DWORD [12+EBP],EAX
   910 000009F4 8B 45 F0                        	MOV	EAX,DWORD [-16+EBP]
   911 000009F7 89 45 08                        	MOV	DWORD [8+EBP],EAX
   912 000009FA 8D 65 F4                        	LEA	ESP,DWORD [-12+EBP]
   913 000009FD 5B                              	POP	EBX
   914 000009FE 5E                              	POP	ESI
   915 000009FF 5F                              	POP	EDI
   916 00000A00 5D                              	POP	EBP
   917 00000A01 E9 [00000000]                   	JMP	_sheet_refresh
   918 00000A06                                 	GLOBAL	_make_textbox8
   919 00000A06                                 _make_textbox8:
   920 00000A06 55                              	PUSH	EBP
   921 00000A07 89 E5                           	MOV	EBP,ESP
   922 00000A09 57                              	PUSH	EDI
   923 00000A0A 56                              	PUSH	ESI
   924 00000A0B 53                              	PUSH	EBX
   925 00000A0C 83 EC 14                        	SUB	ESP,20
   926 00000A0F 8B 45 0C                        	MOV	EAX,DWORD [12+EBP]
   927 00000A12 8B 75 10                        	MOV	ESI,DWORD [16+EBP]
   928 00000A15 03 45 14                        	ADD	EAX,DWORD [20+EBP]
   929 00000A18 83 EE 03                        	SUB	ESI,3
   930 00000A1B 56                              	PUSH	ESI
   931 00000A1C 89 45 F0                        	MOV	DWORD [-16+EBP],EAX
   932 00000A1F 8B 45 10                        	MOV	EAX,DWORD [16+EBP]
   933 00000A22 03 45 18                        	ADD	EAX,DWORD [24+EBP]
   934 00000A25 89 45 EC                        	MOV	DWORD [-20+EBP],EAX
   935 00000A28 8B 45 F0                        	MOV	EAX,DWORD [-16+EBP]
   936 00000A2B 40                              	INC	EAX
   937 00000A2C 50                              	PUSH	EAX
   938 00000A2D 89 45 E8                        	MOV	DWORD [-24+EBP],EAX
   939 00000A30 8B 45 0C                        	MOV	EAX,DWORD [12+EBP]
   940 00000A33 56                              	PUSH	ESI
   941 00000A34 83 E8 02                        	SUB	EAX,2
   942 00000A37 50                              	PUSH	EAX
   943 00000A38 89 45 E4                        	MOV	DWORD [-28+EBP],EAX
   944 00000A3B 8B 45 08                        	MOV	EAX,DWORD [8+EBP]
   945 00000A3E 6A 0F                           	PUSH	15
   946 00000A40 FF 70 04                        	PUSH	DWORD [4+EAX]
   947 00000A43 FF 30                           	PUSH	DWORD [EAX]
   948 00000A45 E8 [00000000]                   	CALL	_boxfill8
   949 00000A4A 8B 7D 0C                        	MOV	EDI,DWORD [12+EBP]
   950 00000A4D 8B 45 EC                        	MOV	EAX,DWORD [-20+EBP]
   951 00000A50 83 EF 03                        	SUB	EDI,3
   952 00000A53 40                              	INC	EAX
   953 00000A54 50                              	PUSH	EAX
   954 00000A55 89 45 E0                        	MOV	DWORD [-32+EBP],EAX
   955 00000A58 57                              	PUSH	EDI
   956 00000A59 8B 45 08                        	MOV	EAX,DWORD [8+EBP]
   957 00000A5C 56                              	PUSH	ESI
   958 00000A5D 57                              	PUSH	EDI
   959 00000A5E 6A 0F                           	PUSH	15
   960 00000A60 FF 70 04                        	PUSH	DWORD [4+EAX]
   961 00000A63 FF 30                           	PUSH	DWORD [EAX]
   962 00000A65 E8 [00000000]                   	CALL	_boxfill8
   963 00000A6A 8B 45 08                        	MOV	EAX,DWORD [8+EBP]
   964 00000A6D 83 C4 38                        	ADD	ESP,56
   965 00000A70 8B 5D EC                        	MOV	EBX,DWORD [-20+EBP]
   966 00000A73 83 C3 02                        	ADD	EBX,2
   967 00000A76 53                              	PUSH	EBX
   968 00000A77 FF 75 E8                        	PUSH	DWORD [-24+EBP]
   969 00000A7A 53                              	PUSH	EBX
   970 00000A7B 57                              	PUSH	EDI
   971 00000A7C 6A 07                           	PUSH	7
   972 00000A7E FF 70 04                        	PUSH	DWORD [4+EAX]
   973 00000A81 FF 30                           	PUSH	DWORD [EAX]
   974 00000A83 E8 [00000000]                   	CALL	_boxfill8
   975 00000A88 8B 45 F0                        	MOV	EAX,DWORD [-16+EBP]
   976 00000A8B 53                              	PUSH	EBX
   977 00000A8C 83 C0 02                        	ADD	EAX,2
   978 00000A8F 50                              	PUSH	EAX
   979 00000A90 56                              	PUSH	ESI
   980 00000A91 50                              	PUSH	EAX
   981 00000A92 8B 45 08                        	MOV	EAX,DWORD [8+EBP]
   982 00000A95 6A 07                           	PUSH	7
   983 00000A97 FF 70 04                        	PUSH	DWORD [4+EAX]
   984 00000A9A FF 30                           	PUSH	DWORD [EAX]
   985 00000A9C E8 [00000000]                   	CALL	_boxfill8
   986 00000AA1 8B 45 08                        	MOV	EAX,DWORD [8+EBP]
   987 00000AA4 83 C4 38                        	ADD	ESP,56
   988 00000AA7 8B 5D 10                        	MOV	EBX,DWORD [16+EBP]
   989 00000AAA 83 EB 02                        	SUB	EBX,2
   990 00000AAD 8B 7D 0C                        	MOV	EDI,DWORD [12+EBP]
   991 00000AB0 53                              	PUSH	EBX
   992 00000AB1 4F                              	DEC	EDI
   993 00000AB2 FF 75 F0                        	PUSH	DWORD [-16+EBP]
   994 00000AB5 53                              	PUSH	EBX
   995 00000AB6 57                              	PUSH	EDI
   996 00000AB7 6A 00                           	PUSH	0
   997 00000AB9 FF 70 04                        	PUSH	DWORD [4+EAX]
   998 00000ABC FF 30                           	PUSH	DWORD [EAX]
   999 00000ABE E8 [00000000]                   	CALL	_boxfill8
  1000 00000AC3 8B 45 08                        	MOV	EAX,DWORD [8+EBP]
  1001 00000AC6 FF 75 EC                        	PUSH	DWORD [-20+EBP]
  1002 00000AC9 FF 75 E4                        	PUSH	DWORD [-28+EBP]
  1003 00000ACC 53                              	PUSH	EBX
  1004 00000ACD FF 75 E4                        	PUSH	DWORD [-28+EBP]
  1005 00000AD0 6A 00                           	PUSH	0
  1006 00000AD2 FF 70 04                        	PUSH	DWORD [4+EAX]
  1007 00000AD5 FF 30                           	PUSH	DWORD [EAX]
  1008 00000AD7 E8 [00000000]                   	CALL	_boxfill8
  1009 00000ADC 8B 45 08                        	MOV	EAX,DWORD [8+EBP]
  1010 00000ADF 83 C4 38                        	ADD	ESP,56
  1011 00000AE2 FF 75 E0                        	PUSH	DWORD [-32+EBP]
  1012 00000AE5 FF 75 F0                        	PUSH	DWORD [-16+EBP]
  1013 00000AE8 FF 75 E0                        	PUSH	DWORD [-32+EBP]
  1014 00000AEB FF 75 E4                        	PUSH	DWORD [-28+EBP]
  1015 00000AEE 6A 08                           	PUSH	8
  1016 00000AF0 FF 70 04                        	PUSH	DWORD [4+EAX]
  1017 00000AF3 FF 30                           	PUSH	DWORD [EAX]
  1018 00000AF5 E8 [00000000]                   	CALL	_boxfill8
  1019 00000AFA 8B 45 08                        	MOV	EAX,DWORD [8+EBP]
  1020 00000AFD FF 75 E0                        	PUSH	DWORD [-32+EBP]
  1021 00000B00 FF 75 E8                        	PUSH	DWORD [-24+EBP]
  1022 00000B03 53                              	PUSH	EBX
  1023 00000B04 FF 75 E8                        	PUSH	DWORD [-24+EBP]
  1024 00000B07 6A 08                           	PUSH	8
  1025 00000B09 FF 70 04                        	PUSH	DWORD [4+EAX]
  1026 00000B0C FF 30                           	PUSH	DWORD [EAX]
  1027 00000B0E E8 [00000000]                   	CALL	_boxfill8
  1028 00000B13 8B 45 10                        	MOV	EAX,DWORD [16+EBP]
  1029 00000B16 83 C4 38                        	ADD	ESP,56
  1030 00000B19 48                              	DEC	EAX
  1031 00000B1A FF 75 EC                        	PUSH	DWORD [-20+EBP]
  1032 00000B1D FF 75 F0                        	PUSH	DWORD [-16+EBP]
  1033 00000B20 50                              	PUSH	EAX
  1034 00000B21 57                              	PUSH	EDI
  1035 00000B22 0F B6 45 1C                     	MOVZX	EAX,BYTE [28+EBP]
  1036 00000B26 50                              	PUSH	EAX
  1037 00000B27 8B 45 08                        	MOV	EAX,DWORD [8+EBP]
  1038 00000B2A FF 70 04                        	PUSH	DWORD [4+EAX]
  1039 00000B2D FF 30                           	PUSH	DWORD [EAX]
  1040 00000B2F E8 [00000000]                   	CALL	_boxfill8
  1041 00000B34 8D 65 F4                        	LEA	ESP,DWORD [-12+EBP]
  1042 00000B37 5B                              	POP	EBX
  1043 00000B38 5E                              	POP	ESI
  1044 00000B39 5F                              	POP	EDI
  1045 00000B3A 5D                              	POP	EBP
  1046 00000B3B C3                              	RET
  1047                                          [SECTION .data]
  1048 00000184                                 LC8:
  1049 00000184 25 31 31 64 00                  	DB	"%11d",0x00
  1050                                          [SECTION .text]
  1051 00000B3C                                 	GLOBAL	_task_b_main
  1052 00000B3C                                 _task_b_main:
  1053 00000B3C 55                              	PUSH	EBP
  1054 00000B3D 89 E5                           	MOV	EBP,ESP
  1055 00000B3F 57                              	PUSH	EDI
  1056 00000B40 56                              	PUSH	ESI
  1057 00000B41 53                              	PUSH	EBX
  1058 00000B42 8D 85 FFFFFDD4                  	LEA	EAX,DWORD [-556+EBP]
  1059 00000B48 81 EC 0000023C                  	SUB	ESP,572
  1060 00000B4E 8D 5D D4                        	LEA	EBX,DWORD [-44+EBP]
  1061 00000B51 C7 85 FFFFFDBC 00000000         	MOV	DWORD [-580+EBP],0
  1062 00000B5B 50                              	PUSH	EAX
  1063 00000B5C 68 00000080                     	PUSH	128
  1064 00000B61 53                              	PUSH	EBX
  1065 00000B62 C7 85 FFFFFDB8 00000000         	MOV	DWORD [-584+EBP],0
  1066 00000B6C E8 [00000000]                   	CALL	_fifo32_init
  1067 00000B71 E8 [00000000]                   	CALL	_timer_alloc
  1068 00000B76 6A 02                           	PUSH	2
  1069 00000B78 53                              	PUSH	EBX
  1070 00000B79 50                              	PUSH	EAX
  1071 00000B7A 89 85 FFFFFDC0                  	MOV	DWORD [-576+EBP],EAX
  1072 00000B80 E8 [00000000]                   	CALL	_timer_init
  1073 00000B85 6A 02                           	PUSH	2
  1074 00000B87 FF B5 FFFFFDC0                  	PUSH	DWORD [-576+EBP]
  1075 00000B8D E8 [00000000]                   	CALL	_timer_settime
  1076 00000B92 83 C4 20                        	ADD	ESP,32
  1077 00000B95 E8 [00000000]                   	CALL	_timer_alloc
  1078 00000B9A 6A 01                           	PUSH	1
  1079 00000B9C 89 C7                           	MOV	EDI,EAX
  1080 00000B9E 53                              	PUSH	EBX
  1081 00000B9F 50                              	PUSH	EAX
  1082 00000BA0 E8 [00000000]                   	CALL	_timer_init
  1083 00000BA5 6A 01                           	PUSH	1
  1084 00000BA7 57                              	PUSH	EDI
  1085 00000BA8 E8 [00000000]                   	CALL	_timer_settime
  1086 00000BAD E8 [00000000]                   	CALL	_timer_alloc
  1087 00000BB2 6A 64                           	PUSH	100
  1088 00000BB4 53                              	PUSH	EBX
  1089 00000BB5 89 C6                           	MOV	ESI,EAX
  1090 00000BB7 50                              	PUSH	EAX
  1091 00000BB8 E8 [00000000]                   	CALL	_timer_init
  1092 00000BBD 83 C4 20                        	ADD	ESP,32
  1093 00000BC0                                 L80:
  1094 00000BC0 6A 64                           	PUSH	100
  1095 00000BC2 56                              	PUSH	ESI
  1096 00000BC3                                 L81:
  1097 00000BC3 E8 [00000000]                   	CALL	_timer_settime
  1098 00000BC8 59                              	POP	ECX
  1099 00000BC9 5B                              	POP	EBX
  1100 00000BCA                                 L70:
  1101 00000BCA 8D 5D D4                        	LEA	EBX,DWORD [-44+EBP]
  1102 00000BCD FF 85 FFFFFDBC                  	INC	DWORD [-580+EBP]
  1103 00000BD3 E8 [00000000]                   	CALL	_io_cli
  1104 00000BD8 53                              	PUSH	EBX
  1105 00000BD9 E8 [00000000]                   	CALL	_fifo32_status
  1106 00000BDE 5A                              	POP	EDX
  1107 00000BDF 85 C0                           	TEST	EAX,EAX
  1108 00000BE1 0F 84 000000BB                  	JE	L82
  1109 00000BE7 53                              	PUSH	EBX
  1110 00000BE8 E8 [00000000]                   	CALL	_fifo32_get
  1111 00000BED 89 C3                           	MOV	EBX,EAX
  1112 00000BEF E8 [00000000]                   	CALL	_io_sti
  1113 00000BF4 59                              	POP	ECX
  1114 00000BF5 83 FB 01                        	CMP	EBX,1
  1115 00000BF8 74 70                           	JE	L83
  1116 00000BFA 83 FB 02                        	CMP	EBX,2
  1117 00000BFD 74 4D                           	JE	L84
  1118 00000BFF 83 FB 64                        	CMP	EBX,100
  1119 00000C02 75 C6                           	JNE	L70
  1120 00000C04 8B 85 FFFFFDBC                  	MOV	EAX,DWORD [-580+EBP]
  1121 00000C0A 8D 9D FFFFFDC4                  	LEA	EBX,DWORD [-572+EBP]
  1122 00000C10 2B 85 FFFFFDB8                  	SUB	EAX,DWORD [-584+EBP]
  1123 00000C16 50                              	PUSH	EAX
  1124 00000C17 68 [00000184]                   	PUSH	LC8
  1125 00000C1C 53                              	PUSH	EBX
  1126 00000C1D E8 [00000000]                   	CALL	_sprintf
  1127 00000C22 6A 0B                           	PUSH	11
  1128 00000C24 53                              	PUSH	EBX
  1129 00000C25 6A 0E                           	PUSH	14
  1130 00000C27 6A 07                           	PUSH	7
  1131 00000C29 68 00000080                     	PUSH	128
  1132 00000C2E 6A 00                           	PUSH	0
  1133 00000C30 FF 75 08                        	PUSH	DWORD [8+EBP]
  1134 00000C33 E8 FFFFFD47                     	CALL	_putfonts8_asc_sht
  1135 00000C38 83 C4 28                        	ADD	ESP,40
  1136 00000C3B 8B 85 FFFFFDBC                  	MOV	EAX,DWORD [-580+EBP]
  1137 00000C41 89 85 FFFFFDB8                  	MOV	DWORD [-584+EBP],EAX
  1138 00000C47 E9 FFFFFF74                     	JMP	L80
  1139 00000C4C                                 L84:
  1140 00000C4C 6A 18                           	PUSH	24
  1141 00000C4E 6A 00                           	PUSH	0
  1142 00000C50 E8 [00000000]                   	CALL	_farjmp
  1143 00000C55 6A 02                           	PUSH	2
  1144 00000C57 FF B5 FFFFFDC0                  	PUSH	DWORD [-576+EBP]
  1145 00000C5D E8 [00000000]                   	CALL	_timer_settime
  1146 00000C62 83 C4 10                        	ADD	ESP,16
  1147 00000C65 E9 FFFFFF60                     	JMP	L70
  1148 00000C6A                                 L83:
  1149 00000C6A FF B5 FFFFFDBC                  	PUSH	DWORD [-580+EBP]
  1150 00000C70 68 [00000184]                   	PUSH	LC8
  1151 00000C75 8D 9D FFFFFDC4                  	LEA	EBX,DWORD [-572+EBP]
  1152 00000C7B 53                              	PUSH	EBX
  1153 00000C7C E8 [00000000]                   	CALL	_sprintf
  1154 00000C81 6A 0B                           	PUSH	11
  1155 00000C83 53                              	PUSH	EBX
  1156 00000C84 6A 0E                           	PUSH	14
  1157 00000C86 6A 07                           	PUSH	7
  1158 00000C88 68 00000090                     	PUSH	144
  1159 00000C8D 6A 00                           	PUSH	0
  1160 00000C8F FF 75 08                        	PUSH	DWORD [8+EBP]
  1161 00000C92 E8 FFFFFCE8                     	CALL	_putfonts8_asc_sht
  1162 00000C97 83 C4 28                        	ADD	ESP,40
  1163 00000C9A 6A 01                           	PUSH	1
  1164 00000C9C 57                              	PUSH	EDI
  1165 00000C9D E9 FFFFFF21                     	JMP	L81
  1166 00000CA2                                 L82:
  1167 00000CA2 E8 [00000000]                   	CALL	_io_sti
  1168 00000CA7 E9 FFFFFF1E                     	JMP	L70
