     1 00000000                                 [FORMAT "WCOFF"]
     2 00000000                                 [INSTRSET "i486p"]
     3 00000000                                 [OPTIMIZE 1]
     4 00000000                                 [OPTION 1]
     5 00000000                                 [BITS 32]
     6 00000000                                 	EXTERN	_init_gdtidt
     7 00000000                                 	EXTERN	_init_pic
     8 00000000                                 	EXTERN	_io_sti
     9 00000000                                 	EXTERN	_fifo32_init
    10 00000000                                 	EXTERN	_init_pit
    11 00000000                                 	EXTERN	_init_keyboard
    12 00000000                                 	EXTERN	_enable_mouse
    13 00000000                                 	EXTERN	_io_out8
    14 00000000                                 	EXTERN	_memtest
    15 00000000                                 	EXTERN	_memman_init
    16 00000000                                 	EXTERN	_memman_free
    17 00000000                                 	EXTERN	_init_palette
    18 00000000                                 	EXTERN	_shtctl_init
    19 00000000                                 	EXTERN	_task_init
    20 00000000                                 	EXTERN	_task_run
    21 00000000                                 	EXTERN	_sheet_alloc
    22 00000000                                 	EXTERN	_memman_alloc_4k
    23 00000000                                 	EXTERN	_sheet_setbuf
    24 00000000                                 	EXTERN	_init_screen8
    25 00000000                                 	EXTERN	_make_window8
    26 00000000                                 	EXTERN	_make_textbox8
    27 00000000                                 	EXTERN	_task_alloc
    28 00000000                                 	EXTERN	_console_task
    29 00000000                                 	EXTERN	_init_mouse_cursor8
    30 00000000                                 	EXTERN	_sheet_slide
    31 00000000                                 	EXTERN	_sheet_updown
    32 00000000                                 	EXTERN	_fifo32_put
    33 00000000                                 	EXTERN	_fifo32_status
    34 00000000                                 	EXTERN	_io_cli
    35 00000000                                 	EXTERN	_fifo32_get
    36 00000000                                 	EXTERN	_mouse_decode
    37 00000000                                 	EXTERN	_cons_putstr0
    38 00000000                                 	EXTERN	_asm_end_app
    39 00000000                                 	EXTERN	_keytable0.0
    40 00000000                                 	EXTERN	_wait_KBC_sendready
    41 00000000                                 	EXTERN	_keytable1.1
    42 00000000                                 	EXTERN	_task_sleep
    43 00000000                                 	EXTERN	_change_wtitle8
    44 00000000                                 [FILE "bootpack.c"]
    45                                          [SECTION .data]
    46 00000000                                 _keytable0.0:
    47 00000000 00                              	DB	0
    48 00000001 00                              	DB	0
    49 00000002 31                              	DB	49
    50 00000003 32                              	DB	50
    51 00000004 33                              	DB	51
    52 00000005 34                              	DB	52
    53 00000006 35                              	DB	53
    54 00000007 36                              	DB	54
    55 00000008 37                              	DB	55
    56 00000009 38                              	DB	56
    57 0000000A 39                              	DB	57
    58 0000000B 30                              	DB	48
    59 0000000C 2D                              	DB	45
    60 0000000D 5E                              	DB	94
    61 0000000E 08                              	DB	8
    62 0000000F 00                              	DB	0
    63 00000010 51                              	DB	81
    64 00000011 57                              	DB	87
    65 00000012 45                              	DB	69
    66 00000013 52                              	DB	82
    67 00000014 54                              	DB	84
    68 00000015 59                              	DB	89
    69 00000016 55                              	DB	85
    70 00000017 49                              	DB	73
    71 00000018 4F                              	DB	79
    72 00000019 50                              	DB	80
    73 0000001A 40                              	DB	64
    74 0000001B 5B                              	DB	91
    75 0000001C 0A                              	DB	10
    76 0000001D 00                              	DB	0
    77 0000001E 41                              	DB	65
    78 0000001F 53                              	DB	83
    79 00000020 44                              	DB	68
    80 00000021 46                              	DB	70
    81 00000022 47                              	DB	71
    82 00000023 48                              	DB	72
    83 00000024 4A                              	DB	74
    84 00000025 4B                              	DB	75
    85 00000026 4C                              	DB	76
    86 00000027 3B                              	DB	59
    87 00000028 3A                              	DB	58
    88 00000029 00                              	DB	0
    89 0000002A 00                              	DB	0
    90 0000002B 5D                              	DB	93
    91 0000002C 5A                              	DB	90
    92 0000002D 58                              	DB	88
    93 0000002E 43                              	DB	67
    94 0000002F 56                              	DB	86
    95 00000030 42                              	DB	66
    96 00000031 4E                              	DB	78
    97 00000032 4D                              	DB	77
    98 00000033 2C                              	DB	44
    99 00000034 2E                              	DB	46
   100 00000035 2F                              	DB	47
   101 00000036 00                              	DB	0
   102 00000037 2A                              	DB	42
   103 00000038 00                              	DB	0
   104 00000039 20                              	DB	32
   105 0000003A 00                              	DB	0
   106 0000003B 00                              	DB	0
   107 0000003C 00                              	DB	0
   108 0000003D 00                              	DB	0
   109 0000003E 00                              	DB	0
   110 0000003F 00                              	DB	0
   111 00000040 00                              	DB	0
   112 00000041 00                              	DB	0
   113 00000042 00                              	DB	0
   114 00000043 00                              	DB	0
   115 00000044 00                              	DB	0
   116 00000045 00                              	DB	0
   117 00000046 00                              	DB	0
   118 00000047 37                              	DB	55
   119 00000048 38                              	DB	56
   120 00000049 39                              	DB	57
   121 0000004A 2D                              	DB	45
   122 0000004B 34                              	DB	52
   123 0000004C 35                              	DB	53
   124 0000004D 36                              	DB	54
   125 0000004E 2B                              	DB	43
   126 0000004F 31                              	DB	49
   127 00000050 32                              	DB	50
   128 00000051 33                              	DB	51
   129 00000052 30                              	DB	48
   130 00000053 2E                              	DB	46
   131 00000054 00                              	DB	0
   132 00000055 00                              	DB	0
   133 00000056 00                              	DB	0
   134 00000057 00                              	DB	0
   135 00000058 00                              	DB	0
   136 00000059 00                              	DB	0
   137 0000005A 00                              	DB	0
   138 0000005B 00                              	DB	0
   139 0000005C 00                              	DB	0
   140 0000005D 00                              	DB	0
   141 0000005E 00                              	DB	0
   142 0000005F 00                              	DB	0
   143 00000060 00                              	DB	0
   144 00000061 00                              	DB	0
   145 00000062 00                              	DB	0
   146 00000063 00                              	DB	0
   147 00000064 00                              	DB	0
   148 00000065 00                              	DB	0
   149 00000066 00                              	DB	0
   150 00000067 00                              	DB	0
   151 00000068 00                              	DB	0
   152 00000069 00                              	DB	0
   153 0000006A 00                              	DB	0
   154 0000006B 00                              	DB	0
   155 0000006C 00                              	DB	0
   156 0000006D 00                              	DB	0
   157 0000006E 00                              	DB	0
   158 0000006F 00                              	DB	0
   159 00000070 00                              	DB	0
   160 00000071 00                              	DB	0
   161 00000072 00                              	DB	0
   162 00000073 5C                              	DB	92
   163 00000074 00                              	DB	0
   164 00000075 00                              	DB	0
   165 00000076 00                              	DB	0
   166 00000077 00                              	DB	0
   167 00000078 00                              	DB	0
   168 00000079 00                              	DB	0
   169 0000007A 00                              	DB	0
   170 0000007B 00                              	DB	0
   171 0000007C 00                              	DB	0
   172 0000007D 5C                              	DB	92
   173 0000007E 00                              	DB	0
   174 0000007F 00                              	DB	0
   175 00000080                                 _keytable1.1:
   176 00000080 00                              	DB	0
   177 00000081 00                              	DB	0
   178 00000082 21                              	DB	33
   179 00000083 22                              	DB	34
   180 00000084 23                              	DB	35
   181 00000085 24                              	DB	36
   182 00000086 25                              	DB	37
   183 00000087 26                              	DB	38
   184 00000088 27                              	DB	39
   185 00000089 28                              	DB	40
   186 0000008A 29                              	DB	41
   187 0000008B 7E                              	DB	126
   188 0000008C 3D                              	DB	61
   189 0000008D 7E                              	DB	126
   190 0000008E 08                              	DB	8
   191 0000008F 00                              	DB	0
   192 00000090 51                              	DB	81
   193 00000091 57                              	DB	87
   194 00000092 45                              	DB	69
   195 00000093 52                              	DB	82
   196 00000094 54                              	DB	84
   197 00000095 59                              	DB	89
   198 00000096 55                              	DB	85
   199 00000097 49                              	DB	73
   200 00000098 4F                              	DB	79
   201 00000099 50                              	DB	80
   202 0000009A 60                              	DB	96
   203 0000009B 7B                              	DB	123
   204 0000009C 0A                              	DB	10
   205 0000009D 00                              	DB	0
   206 0000009E 41                              	DB	65
   207 0000009F 53                              	DB	83
   208 000000A0 44                              	DB	68
   209 000000A1 46                              	DB	70
   210 000000A2 47                              	DB	71
   211 000000A3 48                              	DB	72
   212 000000A4 4A                              	DB	74
   213 000000A5 4B                              	DB	75
   214 000000A6 4C                              	DB	76
   215 000000A7 2B                              	DB	43
   216 000000A8 2A                              	DB	42
   217 000000A9 00                              	DB	0
   218 000000AA 00                              	DB	0
   219 000000AB 7D                              	DB	125
   220 000000AC 5A                              	DB	90
   221 000000AD 58                              	DB	88
   222 000000AE 43                              	DB	67
   223 000000AF 56                              	DB	86
   224 000000B0 42                              	DB	66
   225 000000B1 4E                              	DB	78
   226 000000B2 4D                              	DB	77
   227 000000B3 3C                              	DB	60
   228 000000B4 3E                              	DB	62
   229 000000B5 3F                              	DB	63
   230 000000B6 00                              	DB	0
   231 000000B7 2A                              	DB	42
   232 000000B8 00                              	DB	0
   233 000000B9 20                              	DB	32
   234 000000BA 00                              	DB	0
   235 000000BB 00                              	DB	0
   236 000000BC 00                              	DB	0
   237 000000BD 00                              	DB	0
   238 000000BE 00                              	DB	0
   239 000000BF 00                              	DB	0
   240 000000C0 00                              	DB	0
   241 000000C1 00                              	DB	0
   242 000000C2 00                              	DB	0
   243 000000C3 00                              	DB	0
   244 000000C4 00                              	DB	0
   245 000000C5 00                              	DB	0
   246 000000C6 00                              	DB	0
   247 000000C7 37                              	DB	55
   248 000000C8 38                              	DB	56
   249 000000C9 39                              	DB	57
   250 000000CA 2D                              	DB	45
   251 000000CB 34                              	DB	52
   252 000000CC 35                              	DB	53
   253 000000CD 36                              	DB	54
   254 000000CE 2B                              	DB	43
   255 000000CF 31                              	DB	49
   256 000000D0 32                              	DB	50
   257 000000D1 33                              	DB	51
   258 000000D2 30                              	DB	48
   259 000000D3 2E                              	DB	46
   260 000000D4 00                              	DB	0
   261 000000D5 00                              	DB	0
   262 000000D6 00                              	DB	0
   263 000000D7 00                              	DB	0
   264 000000D8 00                              	DB	0
   265 000000D9 00                              	DB	0
   266 000000DA 00                              	DB	0
   267 000000DB 00                              	DB	0
   268 000000DC 00                              	DB	0
   269 000000DD 00                              	DB	0
   270 000000DE 00                              	DB	0
   271 000000DF 00                              	DB	0
   272 000000E0 00                              	DB	0
   273 000000E1 00                              	DB	0
   274 000000E2 00                              	DB	0
   275 000000E3 00                              	DB	0
   276 000000E4 00                              	DB	0
   277 000000E5 00                              	DB	0
   278 000000E6 00                              	DB	0
   279 000000E7 00                              	DB	0
   280 000000E8 00                              	DB	0
   281 000000E9 00                              	DB	0
   282 000000EA 00                              	DB	0
   283 000000EB 00                              	DB	0
   284 000000EC 00                              	DB	0
   285 000000ED 00                              	DB	0
   286 000000EE 00                              	DB	0
   287 000000EF 00                              	DB	0
   288 000000F0 00                              	DB	0
   289 000000F1 00                              	DB	0
   290 000000F2 00                              	DB	0
   291 000000F3 5F                              	DB	95
   292 000000F4 00                              	DB	0
   293 000000F5 00                              	DB	0
   294 000000F6 00                              	DB	0
   295 000000F7 00                              	DB	0
   296 000000F8 00                              	DB	0
   297 000000F9 00                              	DB	0
   298 000000FA 00                              	DB	0
   299 000000FB 00                              	DB	0
   300 000000FC 00                              	DB	0
   301 000000FD 7C                              	DB	124
   302 000000FE 00                              	DB	0
   303 000000FF 00                              	DB	0
   304 00000100                                 LC0:
   305 00000100 63 6F 6E 73 6F 6C 65 00         	DB	"console",0x00
   306 00000108                                 LC2:
   307 00000108 0A 42 72 65 61 6B 28 6D 6F 75   	DB	0x0A,"Break(mouse) :",0x0A,0x00
       00000112 73 65 29 20 3A 0A 00 
   308 00000119                                 LC1:
   309 00000119 0A 42 72 65 61 6B 28 6B 65 79   	DB	0x0A,"Break(key) :",0x0A,0x00
       00000123 29 20 3A 0A 00 
   310                                          [SECTION .text]
   311 00000000                                 	GLOBAL	_HariMain
   312 00000000                                 _HariMain:
   313 00000000 55                              	PUSH	EBP
   314 00000001 89 E5                           	MOV	EBP,ESP
   315 00000003 57                              	PUSH	EDI
   316 00000004 56                              	PUSH	ESI
   317 00000005 53                              	PUSH	EBX
   318 00000006 8D 5D A4                        	LEA	EBX,DWORD [-92+EBP]
   319 00000009 81 EC 00000458                  	SUB	ESP,1112
   320 0000000F C7 85 FFFFFBB8 00000000         	MOV	DWORD [-1096+EBP],0
   321 00000019 A0 00000FF1                     	MOV	AL,BYTE [4081]
   322 0000001E C0 F8 04                        	SAR	AL,4
   323 00000021 89 C2                           	MOV	EDX,EAX
   324 00000023 83 E2 07                        	AND	EDX,7
   325 00000026 89 95 FFFFFBB4                  	MOV	DWORD [-1100+EBP],EDX
   326 0000002C C7 85 FFFFFBB0 FFFFFFFF         	MOV	DWORD [-1104+EBP],-1
   327 00000036 C7 85 FFFFFBAC FFFFFFFF         	MOV	DWORD [-1108+EBP],-1
   328 00000040 C7 85 FFFFFBA8 FFFFFFFF         	MOV	DWORD [-1112+EBP],-1
   329 0000004A C7 85 FFFFFBA4 00000000         	MOV	DWORD [-1116+EBP],0
   330 00000054 E8 [00000000]                   	CALL	_init_gdtidt
   331 00000059 E8 [00000000]                   	CALL	_init_pic
   332 0000005E E8 [00000000]                   	CALL	_io_sti
   333 00000063 8D 85 FFFFFD84                  	LEA	EAX,DWORD [-636+EBP]
   334 00000069 6A 00                           	PUSH	0
   335 0000006B 50                              	PUSH	EAX
   336 0000006C 68 00000080                     	PUSH	128
   337 00000071 53                              	PUSH	EBX
   338 00000072 E8 [00000000]                   	CALL	_fifo32_init
   339 00000077 E8 [00000000]                   	CALL	_init_pit
   340 0000007C 68 00000100                     	PUSH	256
   341 00000081 53                              	PUSH	EBX
   342 00000082 E8 [00000000]                   	CALL	_init_keyboard
   343 00000087 8D 85 FFFFFCF4                  	LEA	EAX,DWORD [-780+EBP]
   344 0000008D 50                              	PUSH	EAX
   345 0000008E 68 00000200                     	PUSH	512
   346 00000093 53                              	PUSH	EBX
   347 00000094 E8 [00000000]                   	CALL	_enable_mouse
   348 00000099 83 C4 24                        	ADD	ESP,36
   349 0000009C 68 000000F8                     	PUSH	248
   350 000000A1 6A 21                           	PUSH	33
   351 000000A3 E8 [00000000]                   	CALL	_io_out8
   352 000000A8 68 000000EF                     	PUSH	239
   353 000000AD 68 000000A1                     	PUSH	161
   354 000000B2 E8 [00000000]                   	CALL	_io_out8
   355 000000B7 8D 85 FFFFFD04                  	LEA	EAX,DWORD [-764+EBP]
   356 000000BD 6A 00                           	PUSH	0
   357 000000BF 50                              	PUSH	EAX
   358 000000C0 8D 45 84                        	LEA	EAX,DWORD [-124+EBP]
   359 000000C3 6A 20                           	PUSH	32
   360 000000C5 50                              	PUSH	EAX
   361 000000C6 E8 [00000000]                   	CALL	_fifo32_init
   362 000000CB 83 C4 20                        	ADD	ESP,32
   363 000000CE 68 BFFFFFFF                     	PUSH	-1073741825
   364 000000D3 68 00400000                     	PUSH	4194304
   365 000000D8 E8 [00000000]                   	CALL	_memtest
   366 000000DD 68 003C0000                     	PUSH	3932160
   367 000000E2 89 85 FFFFFBC8                  	MOV	DWORD [-1080+EBP],EAX
   368 000000E8 E8 [00000000]                   	CALL	_memman_init
   369 000000ED 68 0009E000                     	PUSH	647168
   370 000000F2 68 00001000                     	PUSH	4096
   371 000000F7 68 003C0000                     	PUSH	3932160
   372 000000FC E8 [00000000]                   	CALL	_memman_free
   373 00000101 8B 85 FFFFFBC8                  	MOV	EAX,DWORD [-1080+EBP]
   374 00000107 2D 00400000                     	SUB	EAX,4194304
   375 0000010C 50                              	PUSH	EAX
   376 0000010D 68 00400000                     	PUSH	4194304
   377 00000112 68 003C0000                     	PUSH	3932160
   378 00000117 E8 [00000000]                   	CALL	_memman_free
   379 0000011C 83 C4 24                        	ADD	ESP,36
   380 0000011F E8 [00000000]                   	CALL	_init_palette
   381 00000124 0F BF 05 00000FF6               	MOVSX	EAX,WORD [4086]
   382 0000012B 50                              	PUSH	EAX
   383 0000012C 0F BF 05 00000FF4               	MOVSX	EAX,WORD [4084]
   384 00000133 50                              	PUSH	EAX
   385 00000134 FF 35 00000FF8                  	PUSH	DWORD [4088]
   386 0000013A 68 003C0000                     	PUSH	3932160
   387 0000013F E8 [00000000]                   	CALL	_shtctl_init
   388 00000144 68 003C0000                     	PUSH	3932160
   389 00000149 89 85 FFFFFBD8                  	MOV	DWORD [-1064+EBP],EAX
   390 0000014F E8 [00000000]                   	CALL	_task_init
   391 00000154 6A 02                           	PUSH	2
   392 00000156 6A 01                           	PUSH	1
   393 00000158 89 85 FFFFFBBC                  	MOV	DWORD [-1092+EBP],EAX
   394 0000015E 50                              	PUSH	EAX
   395 0000015F 89 45 BC                        	MOV	DWORD [-68+EBP],EAX
   396 00000162 E8 [00000000]                   	CALL	_task_run
   397 00000167 83 C4 20                        	ADD	ESP,32
   398 0000016A 8B 8D FFFFFBD8                  	MOV	ECX,DWORD [-1064+EBP]
   399 00000170 89 0D 00000FE4                  	MOV	DWORD [4068],ECX
   400 00000176 51                              	PUSH	ECX
   401 00000177 E8 [00000000]                   	CALL	_sheet_alloc
   402 0000017C 0F BF 15 00000FF6               	MOVSX	EDX,WORD [4086]
   403 00000183 89 85 FFFFFBC4                  	MOV	DWORD [-1084+EBP],EAX
   404 00000189 0F BF 05 00000FF4               	MOVSX	EAX,WORD [4084]
   405 00000190 0F AF C2                        	IMUL	EAX,EDX
   406 00000193 50                              	PUSH	EAX
   407 00000194 68 003C0000                     	PUSH	3932160
   408 00000199 E8 [00000000]                   	CALL	_memman_alloc_4k
   409 0000019E 6A FF                           	PUSH	-1
   410 000001A0 89 C3                           	MOV	EBX,EAX
   411 000001A2 0F BF 05 00000FF6               	MOVSX	EAX,WORD [4086]
   412 000001A9 50                              	PUSH	EAX
   413 000001AA 0F BF 05 00000FF4               	MOVSX	EAX,WORD [4084]
   414 000001B1 50                              	PUSH	EAX
   415 000001B2 53                              	PUSH	EBX
   416 000001B3 FF B5 FFFFFBC4                  	PUSH	DWORD [-1084+EBP]
   417 000001B9 E8 [00000000]                   	CALL	_sheet_setbuf
   418 000001BE 83 C4 20                        	ADD	ESP,32
   419 000001C1 0F BF 05 00000FF6               	MOVSX	EAX,WORD [4086]
   420 000001C8 50                              	PUSH	EAX
   421 000001C9 0F BF 05 00000FF4               	MOVSX	EAX,WORD [4084]
   422 000001D0 50                              	PUSH	EAX
   423 000001D1 53                              	PUSH	EBX
   424 000001D2 E8 [00000000]                   	CALL	_init_screen8
   425 000001D7 83 C4 0C                        	ADD	ESP,12
   426 000001DA C7 85 FFFFFBCC 00000001         	MOV	DWORD [-1076+EBP],1
   427 000001E4 31 FF                           	XOR	EDI,EDI
   428 000001E6                                 L6:
   429 000001E6 FF B5 FFFFFBD8                  	PUSH	DWORD [-1064+EBP]
   430 000001EC 8D 9D FFFFFBE4                  	LEA	EBX,DWORD [-1052+EBP]
   431 000001F2 E8 [00000000]                   	CALL	_sheet_alloc
   432 000001F7 68 0000A500                     	PUSH	42240
   433 000001FC 8D B5 FFFFFBDC                  	LEA	ESI,DWORD [-1060+EBP]
   434 00000202 68 003C0000                     	PUSH	3932160
   435 00000207 89 84 3D FFFFFBEC               	MOV	DWORD [-1044+EBP+EDI*1],EAX
   436 0000020E E8 [00000000]                   	CALL	_memman_alloc_4k
   437 00000213 89 04 3B                        	MOV	DWORD [EBX+EDI*1],EAX
   438 00000216 6A FF                           	PUSH	-1
   439 00000218 68 000000A5                     	PUSH	165
   440 0000021D 68 00000100                     	PUSH	256
   441 00000222 50                              	PUSH	EAX
   442 00000223 FF B4 3D FFFFFBEC               	PUSH	DWORD [-1044+EBP+EDI*1]
   443 0000022A E8 [00000000]                   	CALL	_sheet_setbuf
   444 0000022F 83 C4 20                        	ADD	ESP,32
   445 00000232 6A 00                           	PUSH	0
   446 00000234 68 [00000100]                   	PUSH	LC0
   447 00000239 68 000000A5                     	PUSH	165
   448 0000023E 68 00000100                     	PUSH	256
   449 00000243 FF 34 3B                        	PUSH	DWORD [EBX+EDI*1]
   450 00000246 E8 [00000000]                   	CALL	_make_window8
   451 0000024B 6A 00                           	PUSH	0
   452 0000024D 68 00000080                     	PUSH	128
   453 00000252 68 000000F0                     	PUSH	240
   454 00000257 6A 1C                           	PUSH	28
   455 00000259 6A 08                           	PUSH	8
   456 0000025B FF B4 3D FFFFFBEC               	PUSH	DWORD [-1044+EBP+EDI*1]
   457 00000262 E8 [00000000]                   	CALL	_make_textbox8
   458 00000267 83 C4 2C                        	ADD	ESP,44
   459 0000026A E8 [00000000]                   	CALL	_task_alloc
   460 0000026F 89 C3                           	MOV	EBX,EAX
   461 00000271 89 04 3E                        	MOV	DWORD [ESI+EDI*1],EAX
   462 00000274 68 00010000                     	PUSH	65536
   463 00000279 68 003C0000                     	PUSH	3932160
   464 0000027E E8 [00000000]                   	CALL	_memman_alloc_4k
   465 00000283 8B 94 3D FFFFFBEC               	MOV	EDX,DWORD [-1044+EBP+EDI*1]
   466 0000028A 05 0000FFF4                     	ADD	EAX,65524
   467 0000028F 89 43 64                        	MOV	DWORD [100+EBX],EAX
   468 00000292 8B 04 3E                        	MOV	EAX,DWORD [ESI+EDI*1]
   469 00000295 8B 48 64                        	MOV	ECX,DWORD [100+EAX]
   470 00000298 C7 40 4C [00000000]             	MOV	DWORD [76+EAX],_console_task
   471 0000029F C7 40 74 00000008               	MOV	DWORD [116+EAX],8
   472 000002A6 C7 40 78 00000010               	MOV	DWORD [120+EAX],16
   473 000002AD C7 40 7C 00000008               	MOV	DWORD [124+EAX],8
   474 000002B4 C7 80 00000080 00000008         	MOV	DWORD [128+EAX],8
   475 000002BE C7 80 00000084 00000008         	MOV	DWORD [132+EAX],8
   476 000002C8 C7 80 00000088 00000008         	MOV	DWORD [136+EAX],8
   477 000002D2 89 51 04                        	MOV	DWORD [4+ECX],EDX
   478 000002D5 8B 8D FFFFFBC8                  	MOV	ECX,DWORD [-1080+EBP]
   479 000002DB 8B 50 64                        	MOV	EDX,DWORD [100+EAX]
   480 000002DE 89 4A 08                        	MOV	DWORD [8+EDX],ECX
   481 000002E1 6A 02                           	PUSH	2
   482 000002E3 6A 02                           	PUSH	2
   483 000002E5 50                              	PUSH	EAX
   484 000002E6 E8 [00000000]                   	CALL	_task_run
   485 000002EB 83 C4 14                        	ADD	ESP,20
   486 000002EE 8B 84 3D FFFFFBEC               	MOV	EAX,DWORD [-1044+EBP+EDI*1]
   487 000002F5 8B 14 3E                        	MOV	EDX,DWORD [ESI+EDI*1]
   488 000002F8 83 C7 04                        	ADD	EDI,4
   489 000002FB 83 48 1C 20                     	OR	DWORD [28+EAX],32
   490 000002FF FF 8D FFFFFBCC                  	DEC	DWORD [-1076+EBP]
   491 00000305 89 50 24                        	MOV	DWORD [36+EAX],EDX
   492 00000308 0F 89 FFFFFED8                  	JNS	L6
   493 0000030E FF B5 FFFFFBD8                  	PUSH	DWORD [-1064+EBP]
   494 00000314 C7 85 FFFFFBCC 00000002         	MOV	DWORD [-1076+EBP],2
   495 0000031E 8D 9D FFFFFBF4                  	LEA	EBX,DWORD [-1036+EBP]
   496 00000324 E8 [00000000]                   	CALL	_sheet_alloc
   497 00000329 6A 63                           	PUSH	99
   498 0000032B 6A 10                           	PUSH	16
   499 0000032D 89 85 FFFFFBC0                  	MOV	DWORD [-1088+EBP],EAX
   500 00000333 6A 10                           	PUSH	16
   501 00000335 53                              	PUSH	EBX
   502 00000336 50                              	PUSH	EAX
   503 00000337 E8 [00000000]                   	CALL	_sheet_setbuf
   504 0000033C 6A 63                           	PUSH	99
   505 0000033E 53                              	PUSH	EBX
   506 0000033F 8D 5D 84                        	LEA	EBX,DWORD [-124+EBP]
   507 00000342 E8 [00000000]                   	CALL	_init_mouse_cursor8
   508 00000347 83 C4 20                        	ADD	ESP,32
   509 0000034A 0F BF 05 00000FF4               	MOVSX	EAX,WORD [4084]
   510 00000351 8D 50 F0                        	LEA	EDX,DWORD [-16+EAX]
   511 00000354 89 D0                           	MOV	EAX,EDX
   512 00000356 99                              	CDQ
   513 00000357 F7 BD FFFFFBCC                  	IDIV	DWORD [-1076+EBP]
   514 0000035D 89 85 FFFFFBD4                  	MOV	DWORD [-1068+EBP],EAX
   515 00000363 0F BF 05 00000FF6               	MOVSX	EAX,WORD [4086]
   516 0000036A 6A 00                           	PUSH	0
   517 0000036C 8D 50 D4                        	LEA	EDX,DWORD [-44+EAX]
   518 0000036F 6A 00                           	PUSH	0
   519 00000371 89 D0                           	MOV	EAX,EDX
   520 00000373 99                              	CDQ
   521 00000374 F7 BD FFFFFBCC                  	IDIV	DWORD [-1076+EBP]
   522 0000037A FF B5 FFFFFBC4                  	PUSH	DWORD [-1084+EBP]
   523 00000380 89 85 FFFFFBD0                  	MOV	DWORD [-1072+EBP],EAX
   524 00000386 E8 [00000000]                   	CALL	_sheet_slide
   525 0000038B 6A 06                           	PUSH	6
   526 0000038D 6A 38                           	PUSH	56
   527 0000038F FF B5 FFFFFBF0                  	PUSH	DWORD [-1040+EBP]
   528 00000395 E8 [00000000]                   	CALL	_sheet_slide
   529 0000039A 6A 02                           	PUSH	2
   530 0000039C 6A 08                           	PUSH	8
   531 0000039E FF B5 FFFFFBEC                  	PUSH	DWORD [-1044+EBP]
   532 000003A4 E8 [00000000]                   	CALL	_sheet_slide
   533 000003A9 83 C4 24                        	ADD	ESP,36
   534 000003AC FF B5 FFFFFBD0                  	PUSH	DWORD [-1072+EBP]
   535 000003B2 FF B5 FFFFFBD4                  	PUSH	DWORD [-1068+EBP]
   536 000003B8 FF B5 FFFFFBC0                  	PUSH	DWORD [-1088+EBP]
   537 000003BE E8 [00000000]                   	CALL	_sheet_slide
   538 000003C3 6A 00                           	PUSH	0
   539 000003C5 FF B5 FFFFFBC4                  	PUSH	DWORD [-1084+EBP]
   540 000003CB E8 [00000000]                   	CALL	_sheet_updown
   541 000003D0 6A 01                           	PUSH	1
   542 000003D2 FF B5 FFFFFBF0                  	PUSH	DWORD [-1040+EBP]
   543 000003D8 E8 [00000000]                   	CALL	_sheet_updown
   544 000003DD 6A 02                           	PUSH	2
   545 000003DF FF B5 FFFFFBEC                  	PUSH	DWORD [-1044+EBP]
   546 000003E5 E8 [00000000]                   	CALL	_sheet_updown
   547 000003EA 83 C4 24                        	ADD	ESP,36
   548 000003ED 6A 03                           	PUSH	3
   549 000003EF FF B5 FFFFFBC0                  	PUSH	DWORD [-1088+EBP]
   550 000003F5 E8 [00000000]                   	CALL	_sheet_updown
   551 000003FA 8B BD FFFFFBEC                  	MOV	EDI,DWORD [-1044+EBP]
   552 00000400 57                              	PUSH	EDI
   553 00000401 E8 0000061D                     	CALL	_keywin_on
   554 00000406 68 000000ED                     	PUSH	237
   555 0000040B 53                              	PUSH	EBX
   556 0000040C E8 [00000000]                   	CALL	_fifo32_put
   557 00000411 FF B5 FFFFFBB4                  	PUSH	DWORD [-1100+EBP]
   558 00000417 53                              	PUSH	EBX
   559 00000418 E8 [00000000]                   	CALL	_fifo32_put
   560 0000041D 83 C4 1C                        	ADD	ESP,28
   561 00000420                                 L7:
   562 00000420 8D 5D 84                        	LEA	EBX,DWORD [-124+EBP]
   563 00000423 53                              	PUSH	EBX
   564 00000424 E8 [00000000]                   	CALL	_fifo32_status
   565 00000429 59                              	POP	ECX
   566 0000042A 85 C0                           	TEST	EAX,EAX
   567 0000042C 7E 0D                           	JLE	L10
   568 0000042E 83 BD FFFFFBB0 00               	CMP	DWORD [-1104+EBP],0
   569 00000435 0F 88 00000594                  	JS	L67
   570 0000043B                                 L10:
   571 0000043B 8D 5D A4                        	LEA	EBX,DWORD [-92+EBP]
   572 0000043E E8 [00000000]                   	CALL	_io_cli
   573 00000443 53                              	PUSH	EBX
   574 00000444 E8 [00000000]                   	CALL	_fifo32_status
   575 00000449 5A                              	POP	EDX
   576 0000044A 85 C0                           	TEST	EAX,EAX
   577 0000044C 0F 84 00000567                  	JE	L68
   578 00000452 53                              	PUSH	EBX
   579 00000453 E8 [00000000]                   	CALL	_fifo32_get
   580 00000458 89 85 FFFFFBCC                  	MOV	DWORD [-1076+EBP],EAX
   581 0000045E E8 [00000000]                   	CALL	_io_sti
   582 00000463 58                              	POP	EAX
   583 00000464 83 7F 1C 00                     	CMP	DWORD [28+EDI],0
   584 00000468 75 14                           	JNE	L13
   585 0000046A 8B 95 FFFFFBD8                  	MOV	EDX,DWORD [-1064+EBP]
   586 00000470 8B 42 10                        	MOV	EAX,DWORD [16+EDX]
   587 00000473 8B 7C 82 10                     	MOV	EDI,DWORD [16+EDX+EAX*4]
   588 00000477 57                              	PUSH	EDI
   589 00000478 E8 000005A6                     	CALL	_keywin_on
   590 0000047D 58                              	POP	EAX
   591 0000047E                                 L13:
   592 0000047E 8B 85 FFFFFBCC                  	MOV	EAX,DWORD [-1076+EBP]
   593 00000484 2D 00000100                     	SUB	EAX,256
   594 00000489 3D 000000FF                     	CMP	EAX,255
   595 0000048E 0F 86 00000276                  	JBE	L69
   596 00000494 8B 85 FFFFFBCC                  	MOV	EAX,DWORD [-1076+EBP]
   597 0000049A 2D 00000200                     	SUB	EAX,512
   598 0000049F 3D 000000FF                     	CMP	EAX,255
   599 000004A4 0F 87 FFFFFF76                  	JA	L7
   600 000004AA 0F B6 85 FFFFFBCC               	MOVZX	EAX,BYTE [-1076+EBP]
   601 000004B1 50                              	PUSH	EAX
   602 000004B2 8D 85 FFFFFCF4                  	LEA	EAX,DWORD [-780+EBP]
   603 000004B8 50                              	PUSH	EAX
   604 000004B9 E8 [00000000]                   	CALL	_mouse_decode
   605 000004BE 59                              	POP	ECX
   606 000004BF 5B                              	POP	EBX
   607 000004C0 85 C0                           	TEST	EAX,EAX
   608 000004C2 0F 84 FFFFFF58                  	JE	L7
   609 000004C8 8B 85 FFFFFCFC                  	MOV	EAX,DWORD [-772+EBP]
   610 000004CE 8B 95 FFFFFCF8                  	MOV	EDX,DWORD [-776+EBP]
   611 000004D4 01 85 FFFFFBD0                  	ADD	DWORD [-1072+EBP],EAX
   612 000004DA 01 95 FFFFFBD4                  	ADD	DWORD [-1068+EBP],EDX
   613 000004E0 0F 88 00000215                  	JS	L70
   614 000004E6                                 L41:
   615 000004E6 83 BD FFFFFBD0 00               	CMP	DWORD [-1072+EBP],0
   616 000004ED 0F 88 000001F9                  	JS	L71
   617 000004F3                                 L42:
   618 000004F3 0F BF 05 00000FF4               	MOVSX	EAX,WORD [4084]
   619 000004FA 48                              	DEC	EAX
   620 000004FB 39 85 FFFFFBD4                  	CMP	DWORD [-1068+EBP],EAX
   621 00000501 7E 06                           	JLE	L43
   622 00000503 89 85 FFFFFBD4                  	MOV	DWORD [-1068+EBP],EAX
   623 00000509                                 L43:
   624 00000509 0F BF 05 00000FF6               	MOVSX	EAX,WORD [4086]
   625 00000510 48                              	DEC	EAX
   626 00000511 39 85 FFFFFBD0                  	CMP	DWORD [-1072+EBP],EAX
   627 00000517 7E 06                           	JLE	L44
   628 00000519 89 85 FFFFFBD0                  	MOV	DWORD [-1072+EBP],EAX
   629 0000051F                                 L44:
   630 0000051F FF B5 FFFFFBD0                  	PUSH	DWORD [-1072+EBP]
   631 00000525 FF B5 FFFFFBD4                  	PUSH	DWORD [-1068+EBP]
   632 0000052B FF B5 FFFFFBC0                  	PUSH	DWORD [-1088+EBP]
   633 00000531 E8 [00000000]                   	CALL	_sheet_slide
   634 00000536 83 C4 0C                        	ADD	ESP,12
   635 00000539 F7 85 FFFFFD00 00000001         	TEST	DWORD [-768+EBP],1
   636 00000543 75 0F                           	JNE	L72
   637 00000545 C7 85 FFFFFBAC FFFFFFFF         	MOV	DWORD [-1108+EBP],-1
   638 0000054F E9 FFFFFECC                     	JMP	L7
   639 00000554                                 L72:
   640 00000554 83 BD FFFFFBAC 00               	CMP	DWORD [-1108+EBP],0
   641 0000055B 78 4C                           	JS	L73
   642 0000055D 8B 9D FFFFFBD0                  	MOV	EBX,DWORD [-1072+EBP]
   643 00000563 8B 85 FFFFFBA4                  	MOV	EAX,DWORD [-1116+EBP]
   644 00000569 2B 9D FFFFFBA8                  	SUB	EBX,DWORD [-1112+EBP]
   645 0000056F 8B B5 FFFFFBD4                  	MOV	ESI,DWORD [-1068+EBP]
   646 00000575 2B B5 FFFFFBAC                  	SUB	ESI,DWORD [-1108+EBP]
   647 0000057B 03 58 10                        	ADD	EBX,DWORD [16+EAX]
   648 0000057E 53                              	PUSH	EBX
   649 0000057F 03 70 0C                        	ADD	ESI,DWORD [12+EAX]
   650 00000582 56                              	PUSH	ESI
   651 00000583 50                              	PUSH	EAX
   652 00000584 E8 [00000000]                   	CALL	_sheet_slide
   653 00000589 83 C4 0C                        	ADD	ESP,12
   654 0000058C 8B 95 FFFFFBD4                  	MOV	EDX,DWORD [-1068+EBP]
   655 00000592 8B 8D FFFFFBD0                  	MOV	ECX,DWORD [-1072+EBP]
   656 00000598 89 95 FFFFFBAC                  	MOV	DWORD [-1108+EBP],EDX
   657 0000059E 89 8D FFFFFBA8                  	MOV	DWORD [-1112+EBP],ECX
   658 000005A4 E9 FFFFFE77                     	JMP	L7
   659 000005A9                                 L73:
   660 000005A9 8B 8D FFFFFBD8                  	MOV	ECX,DWORD [-1064+EBP]
   661 000005AF 8B 49 10                        	MOV	ECX,DWORD [16+ECX]
   662 000005B2 89 8D FFFFFBA0                  	MOV	DWORD [-1120+EBP],ECX
   663 000005B8                                 L66:
   664 000005B8 49                              	DEC	ECX
   665 000005B9 85 C9                           	TEST	ECX,ECX
   666 000005BB 0F 8E FFFFFE5F                  	JLE	L7
   667 000005C1 8B 85 FFFFFBD8                  	MOV	EAX,DWORD [-1064+EBP]
   668 000005C7 8B 9D FFFFFBD0                  	MOV	EBX,DWORD [-1072+EBP]
   669 000005CD 8B B5 FFFFFBD4                  	MOV	ESI,DWORD [-1068+EBP]
   670 000005D3 8B 44 88 14                     	MOV	EAX,DWORD [20+EAX+ECX*4]
   671 000005D7 89 85 FFFFFBA4                  	MOV	DWORD [-1116+EBP],EAX
   672 000005DD 2B 58 10                        	SUB	EBX,DWORD [16+EAX]
   673 000005E0 2B 70 0C                        	SUB	ESI,DWORD [12+EAX]
   674 000005E3 78 D3                           	JS	L66
   675 000005E5 8B 40 04                        	MOV	EAX,DWORD [4+EAX]
   676 000005E8 39 C6                           	CMP	ESI,EAX
   677 000005EA 7D CC                           	JGE	L66
   678 000005EC 85 DB                           	TEST	EBX,EBX
   679 000005EE 78 C8                           	JS	L66
   680 000005F0 8B 95 FFFFFBA4                  	MOV	EDX,DWORD [-1116+EBP]
   681 000005F6 3B 5A 08                        	CMP	EBX,DWORD [8+EDX]
   682 000005F9 7D BD                           	JGE	L66
   683 000005FB 0F AF C3                        	IMUL	EAX,EBX
   684 000005FE 89 85 FFFFFB9C                  	MOV	DWORD [-1124+EBP],EAX
   685 00000604 8B 12                           	MOV	EDX,DWORD [EDX]
   686 00000606 8B 85 FFFFFB9C                  	MOV	EAX,DWORD [-1124+EBP]
   687 0000060C 01 F0                           	ADD	EAX,ESI
   688 0000060E 0F B6 04 10                     	MOVZX	EAX,BYTE [EAX+EDX*1]
   689 00000612 8B 95 FFFFFBA4                  	MOV	EDX,DWORD [-1116+EBP]
   690 00000618 3B 42 14                        	CMP	EAX,DWORD [20+EDX]
   691 0000061B 74 9B                           	JE	L66
   692 0000061D 8B 85 FFFFFBA0                  	MOV	EAX,DWORD [-1120+EBP]
   693 00000623 48                              	DEC	EAX
   694 00000624 50                              	PUSH	EAX
   695 00000625 52                              	PUSH	EDX
   696 00000626 E8 [00000000]                   	CALL	_sheet_updown
   697 0000062B 39 BD FFFFFBA4                  	CMP	DWORD [-1116+EBP],EDI
   698 00000631 58                              	POP	EAX
   699 00000632 5A                              	POP	EDX
   700 00000633 74 14                           	JE	L53
   701 00000635 57                              	PUSH	EDI
   702 00000636 E8 000003BA                     	CALL	_keywin_off
   703 0000063B 8B BD FFFFFBA4                  	MOV	EDI,DWORD [-1116+EBP]
   704 00000641 57                              	PUSH	EDI
   705 00000642 E8 000003DC                     	CALL	_keywin_on
   706 00000647 59                              	POP	ECX
   707 00000648 58                              	POP	EAX
   708 00000649                                 L53:
   709 00000649 83 FE 02                        	CMP	ESI,2
   710 0000064C 7E 32                           	JLE	L54
   711 0000064E 8B 8D FFFFFBA4                  	MOV	ECX,DWORD [-1116+EBP]
   712 00000654 8B 41 04                        	MOV	EAX,DWORD [4+ECX]
   713 00000657 83 E8 03                        	SUB	EAX,3
   714 0000065A 39 C6                           	CMP	ESI,EAX
   715 0000065C 7D 22                           	JGE	L54
   716 0000065E 83 FB 02                        	CMP	EBX,2
   717 00000661 7E 1D                           	JLE	L54
   718 00000663 83 FB 14                        	CMP	EBX,20
   719 00000666 7F 18                           	JG	L54
   720 00000668 8B 85 FFFFFBD4                  	MOV	EAX,DWORD [-1068+EBP]
   721 0000066E 8B 95 FFFFFBD0                  	MOV	EDX,DWORD [-1072+EBP]
   722 00000674 89 85 FFFFFBAC                  	MOV	DWORD [-1108+EBP],EAX
   723 0000067A 89 95 FFFFFBA8                  	MOV	DWORD [-1112+EBP],EDX
   724 00000680                                 L54:
   725 00000680 8B 8D FFFFFBA4                  	MOV	ECX,DWORD [-1116+EBP]
   726 00000686 8B 51 04                        	MOV	EDX,DWORD [4+ECX]
   727 00000689 8D 42 EB                        	LEA	EAX,DWORD [-21+EDX]
   728 0000068C 39 F0                           	CMP	EAX,ESI
   729 0000068E 0F 8F FFFFFD8C                  	JG	L7
   730 00000694 8D 42 FB                        	LEA	EAX,DWORD [-5+EDX]
   731 00000697 39 C6                           	CMP	ESI,EAX
   732 00000699 0F 8D FFFFFD81                  	JGE	L7
   733 0000069F 83 FB 04                        	CMP	EBX,4
   734 000006A2 0F 8E FFFFFD78                  	JLE	L7
   735 000006A8 83 FB 12                        	CMP	EBX,18
   736 000006AB 0F 8F FFFFFD6F                  	JG	L7
   737 000006B1 F6 41 1C 10                     	TEST	BYTE [28+ECX],16
   738 000006B5 0F 84 FFFFFD65                  	JE	L7
   739 000006BB 8B 59 24                        	MOV	EBX,DWORD [36+ECX]
   740 000006BE 68 [00000108]                   	PUSH	LC2
   741 000006C3 FF B3 00000094                  	PUSH	DWORD [148+EBX]
   742 000006C9 E8 [00000000]                   	CALL	_cons_putstr0
   743 000006CE E8 [00000000]                   	CALL	_io_cli
   744 000006D3 8D 43 30                        	LEA	EAX,DWORD [48+EBX]
   745 000006D6 89 43 54                        	MOV	DWORD [84+EBX],EAX
   746 000006D9 C7 43 4C [00000000]             	MOV	DWORD [76+EBX],_asm_end_app
   747 000006E0 E8 [00000000]                   	CALL	_io_sti
   748 000006E5                                 L64:
   749 000006E5 58                              	POP	EAX
   750 000006E6 5A                              	POP	EDX
   751 000006E7 E9 FFFFFD34                     	JMP	L7
   752 000006EC                                 L71:
   753 000006EC C7 85 FFFFFBD0 00000000         	MOV	DWORD [-1072+EBP],0
   754 000006F6 E9 FFFFFDF8                     	JMP	L42
   755 000006FB                                 L70:
   756 000006FB C7 85 FFFFFBD4 00000000         	MOV	DWORD [-1068+EBP],0
   757 00000705 E9 FFFFFDDC                     	JMP	L41
   758 0000070A                                 L69:
   759 0000070A 81 BD FFFFFBCC 0000017F         	CMP	DWORD [-1076+EBP],383
   760 00000714 0F 8F 00000296                  	JG	L15
   761 0000071A 83 BD FFFFFBB8 00               	CMP	DWORD [-1096+EBP],0
   762 00000721 0F 85 00000278                  	JNE	L16
   763 00000727 8B 8D FFFFFBCC                  	MOV	ECX,DWORD [-1076+EBP]
   764 0000072D 8A 81 [FFFFFF00]                	MOV	AL,BYTE [_keytable0.0-256+ECX]
   765 00000733                                 L65:
   766 00000733 88 45 C4                        	MOV	BYTE [-60+EBP],AL
   767 00000736                                 L18:
   768 00000736 8A 55 C4                        	MOV	DL,BYTE [-60+EBP]
   769 00000739 8D 42 BF                        	LEA	EAX,DWORD [-65+EDX]
   770 0000073C 3C 19                           	CMP	AL,25
   771 0000073E 77 1D                           	JA	L19
   772 00000740 F7 85 FFFFFBB4 00000004         	TEST	DWORD [-1100+EBP],4
   773 0000074A 0F 85 00000240                  	JNE	L63
   774 00000750 83 BD FFFFFBB8 00               	CMP	DWORD [-1096+EBP],0
   775 00000757 0F 84 00000228                  	JE	L21
   776 0000075D                                 L19:
   777 0000075D 8A 45 C4                        	MOV	AL,BYTE [-60+EBP]
   778 00000760 84 C0                           	TEST	AL,AL
   779 00000762 74 17                           	JE	L23
   780 00000764 0F BE C0                        	MOVSX	EAX,AL
   781 00000767 05 00000100                     	ADD	EAX,256
   782 0000076C 50                              	PUSH	EAX
   783 0000076D 8B 47 24                        	MOV	EAX,DWORD [36+EDI]
   784 00000770 83 C0 10                        	ADD	EAX,16
   785 00000773 50                              	PUSH	EAX
   786 00000774 E8 [00000000]                   	CALL	_fifo32_put
   787 00000779 5E                              	POP	ESI
   788 0000077A 58                              	POP	EAX
   789 0000077B                                 L23:
   790 0000077B 81 BD FFFFFBCC 0000010F         	CMP	DWORD [-1076+EBP],271
   791 00000785 0F 84 000001CD                  	JE	L74
   792 0000078B                                 L24:
   793 0000078B 81 BD FFFFFBCC 0000012A         	CMP	DWORD [-1076+EBP],298
   794 00000795 0F 84 000001B1                  	JE	L75
   795 0000079B                                 L26:
   796 0000079B 81 BD FFFFFBCC 00000136         	CMP	DWORD [-1076+EBP],310
   797 000007A5 0F 84 00000195                  	JE	L76
   798 000007AB                                 L27:
   799 000007AB 81 BD FFFFFBCC 000001AA         	CMP	DWORD [-1076+EBP],426
   800 000007B5 0F 84 00000179                  	JE	L77
   801 000007BB                                 L28:
   802 000007BB 81 BD FFFFFBCC 000001B6         	CMP	DWORD [-1076+EBP],438
   803 000007C5 0F 84 0000015D                  	JE	L78
   804 000007CB                                 L29:
   805 000007CB 81 BD FFFFFBCC 0000013A         	CMP	DWORD [-1076+EBP],314
   806 000007D5 0F 84 00000124                  	JE	L79
   807 000007DB                                 L30:
   808 000007DB 81 BD FFFFFBCC 00000145         	CMP	DWORD [-1076+EBP],325
   809 000007E5 0F 84 000000EB                  	JE	L80
   810 000007EB                                 L31:
   811 000007EB 81 BD FFFFFBCC 00000146         	CMP	DWORD [-1076+EBP],326
   812 000007F5 0F 84 000000B2                  	JE	L81
   813 000007FB                                 L32:
   814 000007FB 81 BD FFFFFBCC 0000013B         	CMP	DWORD [-1076+EBP],315
   815 00000805 74 62                           	JE	L82
   816 00000807                                 L33:
   817 00000807 81 BD FFFFFBCC 00000157         	CMP	DWORD [-1076+EBP],343
   818 00000811 74 3F                           	JE	L83
   819 00000813                                 L35:
   820 00000813 81 BD FFFFFBCC 000001FA         	CMP	DWORD [-1076+EBP],506
   821 0000081D 74 27                           	JE	L84
   822 0000081F                                 L36:
   823 0000081F 81 BD FFFFFBCC 000001FE         	CMP	DWORD [-1076+EBP],510
   824 00000829 0F 85 FFFFFBF1                  	JNE	L7
   825 0000082F E8 [00000000]                   	CALL	_wait_KBC_sendready
   826 00000834 FF B5 FFFFFBB0                  	PUSH	DWORD [-1104+EBP]
   827 0000083A 6A 60                           	PUSH	96
   828 0000083C E8 [00000000]                   	CALL	_io_out8
   829 00000841 E9 FFFFFE9F                     	JMP	L64
   830 00000846                                 L84:
   831 00000846 C7 85 FFFFFBB0 FFFFFFFF         	MOV	DWORD [-1104+EBP],-1
   832 00000850 EB CD                           	JMP	L36
   833 00000852                                 L83:
   834 00000852 8B 8D FFFFFBD8                  	MOV	ECX,DWORD [-1064+EBP]
   835 00000858 8B 41 10                        	MOV	EAX,DWORD [16+ECX]
   836 0000085B 48                              	DEC	EAX
   837 0000085C 50                              	PUSH	EAX
   838 0000085D FF 71 18                        	PUSH	DWORD [24+ECX]
   839 00000860 E8 [00000000]                   	CALL	_sheet_updown
   840 00000865 5E                              	POP	ESI
   841 00000866 58                              	POP	EAX
   842 00000867 EB AA                           	JMP	L35
   843 00000869                                 L82:
   844 00000869 83 BD FFFFFBB8 00               	CMP	DWORD [-1096+EBP],0
   845 00000870 74 95                           	JE	L33
   846 00000872 8B 5F 24                        	MOV	EBX,DWORD [36+EDI]
   847 00000875 85 DB                           	TEST	EBX,EBX
   848 00000877 74 8E                           	JE	L33
   849 00000879 83 7B 34 00                     	CMP	DWORD [52+EBX],0
   850 0000087D 74 88                           	JE	L33
   851 0000087F 68 [00000119]                   	PUSH	LC1
   852 00000884 FF B3 00000094                  	PUSH	DWORD [148+EBX]
   853 0000088A E8 [00000000]                   	CALL	_cons_putstr0
   854 0000088F E8 [00000000]                   	CALL	_io_cli
   855 00000894 8D 43 30                        	LEA	EAX,DWORD [48+EBX]
   856 00000897 89 43 54                        	MOV	DWORD [84+EBX],EAX
   857 0000089A C7 43 4C [00000000]             	MOV	DWORD [76+EBX],_asm_end_app
   858 000008A1 E8 [00000000]                   	CALL	_io_sti
   859 000008A6 58                              	POP	EAX
   860 000008A7 5A                              	POP	EDX
   861 000008A8 E9 FFFFFF5A                     	JMP	L33
   862 000008AD                                 L81:
   863 000008AD 68 000000ED                     	PUSH	237
   864 000008B2 8D 5D 84                        	LEA	EBX,DWORD [-124+EBP]
   865 000008B5 53                              	PUSH	EBX
   866 000008B6 83 B5 FFFFFBB4 01               	XOR	DWORD [-1100+EBP],1
   867 000008BD E8 [00000000]                   	CALL	_fifo32_put
   868 000008C2 FF B5 FFFFFBB4                  	PUSH	DWORD [-1100+EBP]
   869 000008C8 53                              	PUSH	EBX
   870 000008C9 E8 [00000000]                   	CALL	_fifo32_put
   871 000008CE 83 C4 10                        	ADD	ESP,16
   872 000008D1 E9 FFFFFF25                     	JMP	L32
   873 000008D6                                 L80:
   874 000008D6 68 000000ED                     	PUSH	237
   875 000008DB 8D 5D 84                        	LEA	EBX,DWORD [-124+EBP]
   876 000008DE 53                              	PUSH	EBX
   877 000008DF 83 B5 FFFFFBB4 02               	XOR	DWORD [-1100+EBP],2
   878 000008E6 E8 [00000000]                   	CALL	_fifo32_put
   879 000008EB FF B5 FFFFFBB4                  	PUSH	DWORD [-1100+EBP]
   880 000008F1 53                              	PUSH	EBX
   881 000008F2 E8 [00000000]                   	CALL	_fifo32_put
   882 000008F7 83 C4 10                        	ADD	ESP,16
   883 000008FA E9 FFFFFEEC                     	JMP	L31
   884 000008FF                                 L79:
   885 000008FF 68 000000ED                     	PUSH	237
   886 00000904 8D 5D 84                        	LEA	EBX,DWORD [-124+EBP]
   887 00000907 53                              	PUSH	EBX
   888 00000908 83 B5 FFFFFBB4 04               	XOR	DWORD [-1100+EBP],4
   889 0000090F E8 [00000000]                   	CALL	_fifo32_put
   890 00000914 FF B5 FFFFFBB4                  	PUSH	DWORD [-1100+EBP]
   891 0000091A 53                              	PUSH	EBX
   892 0000091B E8 [00000000]                   	CALL	_fifo32_put
   893 00000920 83 C4 10                        	ADD	ESP,16
   894 00000923 E9 FFFFFEB3                     	JMP	L30
   895 00000928                                 L78:
   896 00000928 83 A5 FFFFFBB8 FD               	AND	DWORD [-1096+EBP],-3
   897 0000092F E9 FFFFFE97                     	JMP	L29
   898 00000934                                 L77:
   899 00000934 83 A5 FFFFFBB8 FE               	AND	DWORD [-1096+EBP],-2
   900 0000093B E9 FFFFFE7B                     	JMP	L28
   901 00000940                                 L76:
   902 00000940 83 8D FFFFFBB8 02               	OR	DWORD [-1096+EBP],2
   903 00000947 E9 FFFFFE5F                     	JMP	L27
   904 0000094C                                 L75:
   905 0000094C 83 8D FFFFFBB8 01               	OR	DWORD [-1096+EBP],1
   906 00000953 E9 FFFFFE43                     	JMP	L26
   907 00000958                                 L74:
   908 00000958 57                              	PUSH	EDI
   909 00000959 E8 00000097                     	CALL	_keywin_off
   910 0000095E 8B 4F 18                        	MOV	ECX,DWORD [24+EDI]
   911 00000961 49                              	DEC	ECX
   912 00000962 5B                              	POP	EBX
   913 00000963 75 0A                           	JNE	L25
   914 00000965 8B 85 FFFFFBD8                  	MOV	EAX,DWORD [-1064+EBP]
   915 0000096B 8B 48 10                        	MOV	ECX,DWORD [16+EAX]
   916 0000096E 49                              	DEC	ECX
   917 0000096F                                 L25:
   918 0000096F 8B 95 FFFFFBD8                  	MOV	EDX,DWORD [-1064+EBP]
   919 00000975 8B 7C 8A 14                     	MOV	EDI,DWORD [20+EDX+ECX*4]
   920 00000979 57                              	PUSH	EDI
   921 0000097A E8 000000A4                     	CALL	_keywin_on
   922 0000097F 59                              	POP	ECX
   923 00000980 E9 FFFFFE06                     	JMP	L24
   924 00000985                                 L21:
   925 00000985 8D 42 20                        	LEA	EAX,DWORD [32+EDX]
   926 00000988 88 45 C4                        	MOV	BYTE [-60+EBP],AL
   927 0000098B E9 FFFFFDCD                     	JMP	L19
   928 00000990                                 L63:
   929 00000990 83 BD FFFFFBB8 00               	CMP	DWORD [-1096+EBP],0
   930 00000997 0F 84 FFFFFDC0                  	JE	L19
   931 0000099D EB E6                           	JMP	L21
   932 0000099F                                 L16:
   933 0000099F 8B 95 FFFFFBCC                  	MOV	EDX,DWORD [-1076+EBP]
   934 000009A5 8A 82 [FFFFFF80]                	MOV	AL,BYTE [_keytable1.1-256+EDX]
   935 000009AB E9 FFFFFD83                     	JMP	L65
   936 000009B0                                 L15:
   937 000009B0 C6 45 C4 00                     	MOV	BYTE [-60+EBP],0
   938 000009B4 E9 FFFFFD7D                     	JMP	L18
   939 000009B9                                 L68:
   940 000009B9 FF B5 FFFFFBBC                  	PUSH	DWORD [-1092+EBP]
   941 000009BF E8 [00000000]                   	CALL	_task_sleep
   942 000009C4 E8 [00000000]                   	CALL	_io_sti
   943 000009C9 58                              	POP	EAX
   944 000009CA E9 FFFFFA51                     	JMP	L7
   945 000009CF                                 L67:
   946 000009CF 53                              	PUSH	EBX
   947 000009D0 E8 [00000000]                   	CALL	_fifo32_get
   948 000009D5 89 85 FFFFFBB0                  	MOV	DWORD [-1104+EBP],EAX
   949 000009DB E8 [00000000]                   	CALL	_wait_KBC_sendready
   950 000009E0 FF B5 FFFFFBB0                  	PUSH	DWORD [-1104+EBP]
   951 000009E6 6A 60                           	PUSH	96
   952 000009E8 E8 [00000000]                   	CALL	_io_out8
   953 000009ED 83 C4 0C                        	ADD	ESP,12
   954 000009F0 E9 FFFFFA46                     	JMP	L10
   955 000009F5                                 	GLOBAL	_keywin_off
   956 000009F5                                 _keywin_off:
   957 000009F5 55                              	PUSH	EBP
   958 000009F6 89 E5                           	MOV	EBP,ESP
   959 000009F8 53                              	PUSH	EBX
   960 000009F9 6A 00                           	PUSH	0
   961 000009FB 8B 5D 08                        	MOV	EBX,DWORD [8+EBP]
   962 000009FE 53                              	PUSH	EBX
   963 000009FF E8 [00000000]                   	CALL	_change_wtitle8
   964 00000A04 F6 43 1C 20                     	TEST	BYTE [28+EBX],32
   965 00000A08 58                              	POP	EAX
   966 00000A09 5A                              	POP	EDX
   967 00000A0A 75 05                           	JNE	L87
   968 00000A0C                                 L85:
   969 00000A0C 8B 5D FC                        	MOV	EBX,DWORD [-4+EBP]
   970 00000A0F C9                              	LEAVE
   971 00000A10 C3                              	RET
   972 00000A11                                 L87:
   973 00000A11 6A 03                           	PUSH	3
   974 00000A13 8B 43 24                        	MOV	EAX,DWORD [36+EBX]
   975 00000A16 83 C0 10                        	ADD	EAX,16
   976 00000A19 50                              	PUSH	EAX
   977 00000A1A E8 [00000000]                   	CALL	_fifo32_put
   978 00000A1F 5B                              	POP	EBX
   979 00000A20 58                              	POP	EAX
   980 00000A21 EB E9                           	JMP	L85
   981 00000A23                                 	GLOBAL	_keywin_on
   982 00000A23                                 _keywin_on:
   983 00000A23 55                              	PUSH	EBP
   984 00000A24 89 E5                           	MOV	EBP,ESP
   985 00000A26 53                              	PUSH	EBX
   986 00000A27 6A 01                           	PUSH	1
   987 00000A29 8B 5D 08                        	MOV	EBX,DWORD [8+EBP]
   988 00000A2C 53                              	PUSH	EBX
   989 00000A2D E8 [00000000]                   	CALL	_change_wtitle8
   990 00000A32 F6 43 1C 20                     	TEST	BYTE [28+EBX],32
   991 00000A36 58                              	POP	EAX
   992 00000A37 5A                              	POP	EDX
   993 00000A38 75 05                           	JNE	L90
   994 00000A3A                                 L88:
   995 00000A3A 8B 5D FC                        	MOV	EBX,DWORD [-4+EBP]
   996 00000A3D C9                              	LEAVE
   997 00000A3E C3                              	RET
   998 00000A3F                                 L90:
   999 00000A3F 6A 02                           	PUSH	2
  1000 00000A41 8B 43 24                        	MOV	EAX,DWORD [36+EBX]
  1001 00000A44 83 C0 10                        	ADD	EAX,16
  1002 00000A47 50                              	PUSH	EAX
  1003 00000A48 E8 [00000000]                   	CALL	_fifo32_put
  1004 00000A4D 59                              	POP	ECX
  1005 00000A4E 5B                              	POP	EBX
  1006 00000A4F EB E9                           	JMP	L88
