     1 00000000                                 [FORMAT "WCOFF"]
     2 00000000                                 [INSTRSET "i486p"]
     3 00000000                                 [OPTIMIZE 1]
     4 00000000                                 [OPTION 1]
     5 00000000                                 [BITS 32]
     6 00000000                                 	EXTERN	_init_gdtidt
     7 00000000                                 	EXTERN	_init_pic
     8 00000000                                 	EXTERN	_io_sti
     9 00000000                                 	EXTERN	_fifo32_init
    10 00000000                                 	EXTERN	_init_pit
    11 00000000                                 	EXTERN	_init_keyboard
    12 00000000                                 	EXTERN	_enable_mouse
    13 00000000                                 	EXTERN	_io_out8
    14 00000000                                 	EXTERN	_timer_alloc
    15 00000000                                 	EXTERN	_timer_init
    16 00000000                                 	EXTERN	_timer_settime
    17 00000000                                 	EXTERN	_memtest
    18 00000000                                 	EXTERN	_memman_init
    19 00000000                                 	EXTERN	_memman_free
    20 00000000                                 	EXTERN	_init_palette
    21 00000000                                 	EXTERN	_shtctl_init
    22 00000000                                 	EXTERN	_sheet_alloc
    23 00000000                                 	EXTERN	_memman_alloc_4k
    24 00000000                                 	EXTERN	_sheet_setbuf
    25 00000000                                 	EXTERN	_init_screen8
    26 00000000                                 	EXTERN	_init_mouse_cursor8
    27 00000000                                 	EXTERN	_sheet_slide
    28 00000000                                 	EXTERN	_sheet_updown
    29 00000000                                 	EXTERN	_sprintf
    30 00000000                                 	EXTERN	_memman_total
    31 00000000                                 	EXTERN	_set_segmdesc
    32 00000000                                 	EXTERN	_load_tr
    33 00000000                                 	EXTERN	_io_cli
    34 00000000                                 	EXTERN	_fifo32_status
    35 00000000                                 	EXTERN	_fifo32_get
    36 00000000                                 	EXTERN	_boxfill8
    37 00000000                                 	EXTERN	_sheet_refresh
    38 00000000                                 	EXTERN	_taskswitch4
    39 00000000                                 	EXTERN	_mouse_decode
    40 00000000                                 	EXTERN	_keytable.0
    41 00000000                                 	EXTERN	_io_stihlt
    42 00000000                                 	EXTERN	_putfonts8_asc
    43 00000000                                 	EXTERN	_taskswitch3
    44 00000000                                 	EXTERN	_io_hlt
    45 00000000                                 [FILE "bootpack.c"]
    46                                          [SECTION .data]
    47 00000000                                 _keytable.0:
    48 00000000 00                              	DB	0
    49 00000001 00                              	DB	0
    50 00000002 31                              	DB	49
    51 00000003 32                              	DB	50
    52 00000004 33                              	DB	51
    53 00000005 34                              	DB	52
    54 00000006 35                              	DB	53
    55 00000007 36                              	DB	54
    56 00000008 37                              	DB	55
    57 00000009 38                              	DB	56
    58 0000000A 39                              	DB	57
    59 0000000B 30                              	DB	48
    60 0000000C 2D                              	DB	45
    61 0000000D 5E                              	DB	94
    62 0000000E 00                              	DB	0
    63 0000000F 00                              	DB	0
    64 00000010 51                              	DB	81
    65 00000011 57                              	DB	87
    66 00000012 45                              	DB	69
    67 00000013 52                              	DB	82
    68 00000014 54                              	DB	84
    69 00000015 59                              	DB	89
    70 00000016 55                              	DB	85
    71 00000017 49                              	DB	73
    72 00000018 4F                              	DB	79
    73 00000019 50                              	DB	80
    74 0000001A 40                              	DB	64
    75 0000001B 5B                              	DB	91
    76 0000001C 00                              	DB	0
    77 0000001D 00                              	DB	0
    78 0000001E 41                              	DB	65
    79 0000001F 53                              	DB	83
    80 00000020 44                              	DB	68
    81 00000021 46                              	DB	70
    82 00000022 47                              	DB	71
    83 00000023 48                              	DB	72
    84 00000024 4A                              	DB	74
    85 00000025 4B                              	DB	75
    86 00000026 4C                              	DB	76
    87 00000027 3B                              	DB	59
    88 00000028 3A                              	DB	58
    89 00000029 00                              	DB	0
    90 0000002A 00                              	DB	0
    91 0000002B 5D                              	DB	93
    92 0000002C 5A                              	DB	90
    93 0000002D 58                              	DB	88
    94 0000002E 43                              	DB	67
    95 0000002F 56                              	DB	86
    96 00000030 42                              	DB	66
    97 00000031 4E                              	DB	78
    98 00000032 4D                              	DB	77
    99 00000033 2C                              	DB	44
   100 00000034 2E                              	DB	46
   101 00000035 2F                              	DB	47
   102 00000036 00                              	DB	0
   103 00000037 2A                              	DB	42
   104 00000038 00                              	DB	0
   105 00000039 20                              	DB	32
   106 0000003A 00                              	DB	0
   107 0000003B 00                              	DB	0
   108 0000003C 00                              	DB	0
   109 0000003D 00                              	DB	0
   110 0000003E 00                              	DB	0
   111 0000003F 00                              	DB	0
   112 00000040 00                              	DB	0
   113 00000041 00                              	DB	0
   114 00000042 00                              	DB	0
   115 00000043 00                              	DB	0
   116 00000044 00                              	DB	0
   117 00000045 00                              	DB	0
   118 00000046 00                              	DB	0
   119 00000047 37                              	DB	55
   120 00000048 38                              	DB	56
   121 00000049 39                              	DB	57
   122 0000004A 2D                              	DB	45
   123 0000004B 34                              	DB	52
   124 0000004C 35                              	DB	53
   125 0000004D 36                              	DB	54
   126 0000004E 2B                              	DB	43
   127 0000004F 31                              	DB	49
   128 00000050 32                              	DB	50
   129 00000051 33                              	DB	51
   130 00000052 30                              	DB	48
   131 00000053 2E                              	DB	46
   132 00000054                                 LC0:
   133 00000054 77 69 6E 64 6F 77 00            	DB	"window",0x00
   134 0000005B                                 LC1:
   135 0000005B 28 25 33 64 2C 20 25 33 64 29   	DB	"(%3d, %3d)",0x00
       00000065 00 
   136 00000066                                 LC2:
   137 00000066 6D 65 6D 6F 72 79 20 25 64 4D   	DB	"memory %dMB   free : %dKB",0x00
       00000070 42 20 20 20 66 72 65 65 20 3A 
       0000007A 20 25 64 4B 42 00 
   138 00000080                                 LC7:
   139 00000080 33 5B 73 65 63 5D 00            	DB	"3[sec]",0x00
   140 00000087                                 LC6:
   141 00000087 31 30 5B 73 65 63 5D 00         	DB	"10[sec]",0x00
   142 0000008F                                 LC5:
   143 0000008F 5B 6C 63 72 20 25 34 64 20 25   	DB	"[lcr %4d %4d]",0x00
       00000099 34 64 5D 00 
   144 0000009D                                 LC3:
   145 0000009D 25 30 32 58 00                  	DB	"%02X",0x00
   146 000000A2                                 LC4:
   147 000000A2 20 00                           	DB	" ",0x00
   148                                          [SECTION .text]
   149 00000000                                 	GLOBAL	_HariMain
   150 00000000                                 _HariMain:
   151 00000000 55                              	PUSH	EBP
   152 00000001 89 E5                           	MOV	EBP,ESP
   153 00000003 57                              	PUSH	EDI
   154 00000004 56                              	PUSH	ESI
   155 00000005 53                              	PUSH	EBX
   156 00000006 8D 75 D4                        	LEA	ESI,DWORD [-44+EBP]
   157 00000009 81 EC 00000468                  	SUB	ESP,1128
   158 0000000F E8 [00000000]                   	CALL	_init_gdtidt
   159 00000014 E8 [00000000]                   	CALL	_init_pic
   160 00000019 E8 [00000000]                   	CALL	_io_sti
   161 0000001E 8D 85 FFFFFDA4                  	LEA	EAX,DWORD [-604+EBP]
   162 00000024 50                              	PUSH	EAX
   163 00000025 68 00000080                     	PUSH	128
   164 0000002A 56                              	PUSH	ESI
   165 0000002B E8 [00000000]                   	CALL	_fifo32_init
   166 00000030 E8 [00000000]                   	CALL	_init_pit
   167 00000035 68 00000100                     	PUSH	256
   168 0000003A 56                              	PUSH	ESI
   169 0000003B E8 [00000000]                   	CALL	_init_keyboard
   170 00000040 8D 85 FFFFFD94                  	LEA	EAX,DWORD [-620+EBP]
   171 00000046 50                              	PUSH	EAX
   172 00000047 68 00000200                     	PUSH	512
   173 0000004C 56                              	PUSH	ESI
   174 0000004D E8 [00000000]                   	CALL	_enable_mouse
   175 00000052 83 C4 20                        	ADD	ESP,32
   176 00000055 68 000000F8                     	PUSH	248
   177 0000005A 6A 21                           	PUSH	33
   178 0000005C E8 [00000000]                   	CALL	_io_out8
   179 00000061 68 000000EF                     	PUSH	239
   180 00000066 68 000000A1                     	PUSH	161
   181 0000006B E8 [00000000]                   	CALL	_io_out8
   182 00000070 E8 [00000000]                   	CALL	_timer_alloc
   183 00000075 6A 0A                           	PUSH	10
   184 00000077 56                              	PUSH	ESI
   185 00000078 89 C3                           	MOV	EBX,EAX
   186 0000007A 50                              	PUSH	EAX
   187 0000007B E8 [00000000]                   	CALL	_timer_init
   188 00000080 68 000003E8                     	PUSH	1000
   189 00000085 53                              	PUSH	EBX
   190 00000086 E8 [00000000]                   	CALL	_timer_settime
   191 0000008B 83 C4 24                        	ADD	ESP,36
   192 0000008E E8 [00000000]                   	CALL	_timer_alloc
   193 00000093 6A 03                           	PUSH	3
   194 00000095 89 C3                           	MOV	EBX,EAX
   195 00000097 56                              	PUSH	ESI
   196 00000098 50                              	PUSH	EAX
   197 00000099 E8 [00000000]                   	CALL	_timer_init
   198 0000009E 68 0000012C                     	PUSH	300
   199 000000A3 53                              	PUSH	EBX
   200 000000A4 E8 [00000000]                   	CALL	_timer_settime
   201 000000A9 E8 [00000000]                   	CALL	_timer_alloc
   202 000000AE 6A 01                           	PUSH	1
   203 000000B0 56                              	PUSH	ESI
   204 000000B1 50                              	PUSH	EAX
   205 000000B2 89 85 FFFFFBB0                  	MOV	DWORD [-1104+EBP],EAX
   206 000000B8 E8 [00000000]                   	CALL	_timer_init
   207 000000BD 83 C4 20                        	ADD	ESP,32
   208 000000C0 6A 32                           	PUSH	50
   209 000000C2 FF B5 FFFFFBB0                  	PUSH	DWORD [-1104+EBP]
   210 000000C8 E8 [00000000]                   	CALL	_timer_settime
   211 000000CD 68 BFFFFFFF                     	PUSH	-1073741825
   212 000000D2 68 00400000                     	PUSH	4194304
   213 000000D7 E8 [00000000]                   	CALL	_memtest
   214 000000DC 68 003C0000                     	PUSH	3932160
   215 000000E1 89 85 FFFFFBA0                  	MOV	DWORD [-1120+EBP],EAX
   216 000000E7 E8 [00000000]                   	CALL	_memman_init
   217 000000EC 68 0009E000                     	PUSH	647168
   218 000000F1 68 00001000                     	PUSH	4096
   219 000000F6 68 003C0000                     	PUSH	3932160
   220 000000FB E8 [00000000]                   	CALL	_memman_free
   221 00000100 8B 85 FFFFFBA0                  	MOV	EAX,DWORD [-1120+EBP]
   222 00000106 83 C4 20                        	ADD	ESP,32
   223 00000109 2D 00400000                     	SUB	EAX,4194304
   224 0000010E 50                              	PUSH	EAX
   225 0000010F 68 00400000                     	PUSH	4194304
   226 00000114 68 003C0000                     	PUSH	3932160
   227 00000119 E8 [00000000]                   	CALL	_memman_free
   228 0000011E E8 [00000000]                   	CALL	_init_palette
   229 00000123 0F BF 05 00000FF6               	MOVSX	EAX,WORD [4086]
   230 0000012A 50                              	PUSH	EAX
   231 0000012B 0F BF 05 00000FF4               	MOVSX	EAX,WORD [4084]
   232 00000132 50                              	PUSH	EAX
   233 00000133 FF 35 00000FF8                  	PUSH	DWORD [4088]
   234 00000139 68 003C0000                     	PUSH	3932160
   235 0000013E E8 [00000000]                   	CALL	_shtctl_init
   236 00000143 89 C3                           	MOV	EBX,EAX
   237 00000145 50                              	PUSH	EAX
   238 00000146 E8 [00000000]                   	CALL	_sheet_alloc
   239 0000014B 83 C4 20                        	ADD	ESP,32
   240 0000014E 53                              	PUSH	EBX
   241 0000014F 89 85 FFFFFB9C                  	MOV	DWORD [-1124+EBP],EAX
   242 00000155 E8 [00000000]                   	CALL	_sheet_alloc
   243 0000015A 53                              	PUSH	EBX
   244 0000015B 8D 9D FFFFFC94                  	LEA	EBX,DWORD [-876+EBP]
   245 00000161 89 85 FFFFFB98                  	MOV	DWORD [-1128+EBP],EAX
   246 00000167 E8 [00000000]                   	CALL	_sheet_alloc
   247 0000016C 0F BF 15 00000FF6               	MOVSX	EDX,WORD [4086]
   248 00000173 89 85 FFFFFB94                  	MOV	DWORD [-1132+EBP],EAX
   249 00000179 0F BF 05 00000FF4               	MOVSX	EAX,WORD [4084]
   250 00000180 0F AF C2                        	IMUL	EAX,EDX
   251 00000183 50                              	PUSH	EAX
   252 00000184 68 003C0000                     	PUSH	3932160
   253 00000189 E8 [00000000]                   	CALL	_memman_alloc_4k
   254 0000018E 68 00002080                     	PUSH	8320
   255 00000193 68 003C0000                     	PUSH	3932160
   256 00000198 89 C6                           	MOV	ESI,EAX
   257 0000019A E8 [00000000]                   	CALL	_memman_alloc_4k
   258 0000019F 6A FF                           	PUSH	-1
   259 000001A1 89 C7                           	MOV	EDI,EAX
   260 000001A3 0F BF 05 00000FF6               	MOVSX	EAX,WORD [4086]
   261 000001AA 50                              	PUSH	EAX
   262 000001AB 0F BF 05 00000FF4               	MOVSX	EAX,WORD [4084]
   263 000001B2 50                              	PUSH	EAX
   264 000001B3 56                              	PUSH	ESI
   265 000001B4 FF B5 FFFFFB9C                  	PUSH	DWORD [-1124+EBP]
   266 000001BA E8 [00000000]                   	CALL	_sheet_setbuf
   267 000001BF 83 C4 2C                        	ADD	ESP,44
   268 000001C2 6A 63                           	PUSH	99
   269 000001C4 6A 10                           	PUSH	16
   270 000001C6 6A 10                           	PUSH	16
   271 000001C8 53                              	PUSH	EBX
   272 000001C9 FF B5 FFFFFB98                  	PUSH	DWORD [-1128+EBP]
   273 000001CF E8 [00000000]                   	CALL	_sheet_setbuf
   274 000001D4 6A FF                           	PUSH	-1
   275 000001D6 6A 34                           	PUSH	52
   276 000001D8 68 000000A0                     	PUSH	160
   277 000001DD 57                              	PUSH	EDI
   278 000001DE FF B5 FFFFFB94                  	PUSH	DWORD [-1132+EBP]
   279 000001E4 E8 [00000000]                   	CALL	_sheet_setbuf
   280 000001E9 83 C4 28                        	ADD	ESP,40
   281 000001EC 0F BF 05 00000FF6               	MOVSX	EAX,WORD [4086]
   282 000001F3 50                              	PUSH	EAX
   283 000001F4 0F BF 05 00000FF4               	MOVSX	EAX,WORD [4084]
   284 000001FB 50                              	PUSH	EAX
   285 000001FC 56                              	PUSH	ESI
   286 000001FD E8 [00000000]                   	CALL	_init_screen8
   287 00000202 6A 63                           	PUSH	99
   288 00000204 53                              	PUSH	EBX
   289 00000205 BB 00000002                     	MOV	EBX,2
   290 0000020A E8 [00000000]                   	CALL	_init_mouse_cursor8
   291 0000020F 68 [00000054]                   	PUSH	LC0
   292 00000214 6A 34                           	PUSH	52
   293 00000216 68 000000A0                     	PUSH	160
   294 0000021B 57                              	PUSH	EDI
   295 0000021C E8 000005B9                     	CALL	_make_window8
   296 00000221 83 C4 24                        	ADD	ESP,36
   297 00000224 6A 07                           	PUSH	7
   298 00000226 6A 10                           	PUSH	16
   299 00000228 68 00000090                     	PUSH	144
   300 0000022D 6A 1C                           	PUSH	28
   301 0000022F 6A 08                           	PUSH	8
   302 00000231 FF B5 FFFFFB94                  	PUSH	DWORD [-1132+EBP]
   303 00000237 E8 00000791                     	CALL	_make_textbox8
   304 0000023C 6A 00                           	PUSH	0
   305 0000023E 6A 00                           	PUSH	0
   306 00000240 FF B5 FFFFFB9C                  	PUSH	DWORD [-1124+EBP]
   307 00000246 C7 85 FFFFFBA8 00000008         	MOV	DWORD [-1112+EBP],8
   308 00000250 C7 85 FFFFFBA4 00000007         	MOV	DWORD [-1116+EBP],7
   309 0000025A E8 [00000000]                   	CALL	_sheet_slide
   310 0000025F 83 C4 24                        	ADD	ESP,36
   311 00000262 0F BF 05 00000FF4               	MOVSX	EAX,WORD [4084]
   312 00000269 8D 48 F0                        	LEA	ECX,DWORD [-16+EAX]
   313 0000026C 89 C8                           	MOV	EAX,ECX
   314 0000026E 99                              	CDQ
   315 0000026F F7 FB                           	IDIV	EBX
   316 00000271 89 85 FFFFFBAC                  	MOV	DWORD [-1108+EBP],EAX
   317 00000277 0F BF 05 00000FF6               	MOVSX	EAX,WORD [4086]
   318 0000027E 8D 48 D4                        	LEA	ECX,DWORD [-44+EAX]
   319 00000281 89 C8                           	MOV	EAX,ECX
   320 00000283 99                              	CDQ
   321 00000284 F7 FB                           	IDIV	EBX
   322 00000286 50                              	PUSH	EAX
   323 00000287 89 C7                           	MOV	EDI,EAX
   324 00000289 FF B5 FFFFFBAC                  	PUSH	DWORD [-1108+EBP]
   325 0000028F FF B5 FFFFFB98                  	PUSH	DWORD [-1128+EBP]
   326 00000295 8D 5D A4                        	LEA	EBX,DWORD [-92+EBP]
   327 00000298 E8 [00000000]                   	CALL	_sheet_slide
   328 0000029D 6A 48                           	PUSH	72
   329 0000029F 6A 50                           	PUSH	80
   330 000002A1 FF B5 FFFFFB94                  	PUSH	DWORD [-1132+EBP]
   331 000002A7 E8 [00000000]                   	CALL	_sheet_slide
   332 000002AC 6A 00                           	PUSH	0
   333 000002AE FF B5 FFFFFB9C                  	PUSH	DWORD [-1124+EBP]
   334 000002B4 E8 [00000000]                   	CALL	_sheet_updown
   335 000002B9 83 C4 20                        	ADD	ESP,32
   336 000002BC 6A 01                           	PUSH	1
   337 000002BE FF B5 FFFFFB94                  	PUSH	DWORD [-1132+EBP]
   338 000002C4 E8 [00000000]                   	CALL	_sheet_updown
   339 000002C9 6A 02                           	PUSH	2
   340 000002CB FF B5 FFFFFB98                  	PUSH	DWORD [-1128+EBP]
   341 000002D1 E8 [00000000]                   	CALL	_sheet_updown
   342 000002D6 57                              	PUSH	EDI
   343 000002D7 FF B5 FFFFFBAC                  	PUSH	DWORD [-1108+EBP]
   344 000002DD 68 [0000005B]                   	PUSH	LC1
   345 000002E2 53                              	PUSH	EBX
   346 000002E3 E8 [00000000]                   	CALL	_sprintf
   347 000002E8 83 C4 20                        	ADD	ESP,32
   348 000002EB 6A 0A                           	PUSH	10
   349 000002ED 53                              	PUSH	EBX
   350 000002EE 6A 0E                           	PUSH	14
   351 000002F0 6A 07                           	PUSH	7
   352 000002F2 6A 00                           	PUSH	0
   353 000002F4 6A 00                           	PUSH	0
   354 000002F6 FF B5 FFFFFB9C                  	PUSH	DWORD [-1124+EBP]
   355 000002FC E8 00000645                     	CALL	_putfonts8_asc_sht
   356 00000301 68 003C0000                     	PUSH	3932160
   357 00000306 E8 [00000000]                   	CALL	_memman_total
   358 0000030B C1 AD FFFFFBA0 14               	SHR	DWORD [-1120+EBP],20
   359 00000312 C1 E8 0A                        	SHR	EAX,10
   360 00000315 89 04 24                        	MOV	DWORD [ESP],EAX
   361 00000318 FF B5 FFFFFBA0                  	PUSH	DWORD [-1120+EBP]
   362 0000031E 68 [00000066]                   	PUSH	LC2
   363 00000323 53                              	PUSH	EBX
   364 00000324 E8 [00000000]                   	CALL	_sprintf
   365 00000329 83 C4 2C                        	ADD	ESP,44
   366 0000032C 6A 28                           	PUSH	40
   367 0000032E 53                              	PUSH	EBX
   368 0000032F 6A 0E                           	PUSH	14
   369 00000331 6A 07                           	PUSH	7
   370 00000333 6A 20                           	PUSH	32
   371 00000335 6A 00                           	PUSH	0
   372 00000337 FF B5 FFFFFB9C                  	PUSH	DWORD [-1124+EBP]
   373 0000033D E8 00000604                     	CALL	_putfonts8_asc_sht
   374 00000342 8D 85 FFFFFC24                  	LEA	EAX,DWORD [-988+EBP]
   375 00000348 68 00000089                     	PUSH	137
   376 0000034D 50                              	PUSH	EAX
   377 0000034E 6A 67                           	PUSH	103
   378 00000350 68 00270018                     	PUSH	2555928
   379 00000355 C7 85 FFFFFC84 00000000         	MOV	DWORD [-892+EBP],0
   380 0000035F C7 85 FFFFFC88 40000000         	MOV	DWORD [-888+EBP],1073741824
   381 00000369 C7 85 FFFFFC14 00000000         	MOV	DWORD [-1004+EBP],0
   382 00000373 C7 85 FFFFFC18 40000000         	MOV	DWORD [-1000+EBP],1073741824
   383 0000037D E8 [00000000]                   	CALL	_set_segmdesc
   384 00000382 8D 85 FFFFFBB4                  	LEA	EAX,DWORD [-1100+EBP]
   385 00000388 83 C4 2C                        	ADD	ESP,44
   386 0000038B 68 00000089                     	PUSH	137
   387 00000390 50                              	PUSH	EAX
   388 00000391 6A 67                           	PUSH	103
   389 00000393 68 00270020                     	PUSH	2555936
   390 00000398 E8 [00000000]                   	CALL	_set_segmdesc
   391 0000039D 6A 18                           	PUSH	24
   392 0000039F E8 [00000000]                   	CALL	_load_tr
   393 000003A4 68 00010000                     	PUSH	65536
   394 000003A9 68 003C0000                     	PUSH	3932160
   395 000003AE E8 [00000000]                   	CALL	_memman_alloc_4k
   396 000003B3 05 00010000                     	ADD	EAX,65536
   397 000003B8 C7 85 FFFFFBD4 [00000B03]       	MOV	DWORD [-1068+EBP],_task_b_main
   398 000003C2 C7 85 FFFFFBD8 00000202         	MOV	DWORD [-1064+EBP],514
   399 000003CC C7 85 FFFFFBDC 00000000         	MOV	DWORD [-1060+EBP],0
   400 000003D6 C7 85 FFFFFBE0 00000000         	MOV	DWORD [-1056+EBP],0
   401 000003E0 C7 85 FFFFFBE4 00000000         	MOV	DWORD [-1052+EBP],0
   402 000003EA C7 85 FFFFFBE8 00000000         	MOV	DWORD [-1048+EBP],0
   403 000003F4 89 85 FFFFFBEC                  	MOV	DWORD [-1044+EBP],EAX
   404 000003FA C7 85 FFFFFBF0 00000000         	MOV	DWORD [-1040+EBP],0
   405 00000404 C7 85 FFFFFBF4 00000000         	MOV	DWORD [-1036+EBP],0
   406 0000040E C7 85 FFFFFBF8 00000000         	MOV	DWORD [-1032+EBP],0
   407 00000418 C7 85 FFFFFBFC 00000008         	MOV	DWORD [-1028+EBP],8
   408 00000422 C7 85 FFFFFC00 00000010         	MOV	DWORD [-1024+EBP],16
   409 0000042C C7 85 FFFFFC04 00000008         	MOV	DWORD [-1020+EBP],8
   410 00000436 C7 85 FFFFFC08 00000008         	MOV	DWORD [-1016+EBP],8
   411 00000440 C7 85 FFFFFC0C 00000008         	MOV	DWORD [-1012+EBP],8
   412 0000044A C7 85 FFFFFC10 00000008         	MOV	DWORD [-1008+EBP],8
   413 00000454                                 L30:
   414 00000454 83 C4 1C                        	ADD	ESP,28
   415 00000457                                 L2:
   416 00000457 8D 75 D4                        	LEA	ESI,DWORD [-44+EBP]
   417 0000045A E8 [00000000]                   	CALL	_io_cli
   418 0000045F 56                              	PUSH	ESI
   419 00000460 E8 [00000000]                   	CALL	_fifo32_status
   420 00000465 59                              	POP	ECX
   421 00000466 85 C0                           	TEST	EAX,EAX
   422 00000468 0F 84 00000362                  	JE	L32
   423 0000046E 56                              	PUSH	ESI
   424 0000046F E8 [00000000]                   	CALL	_fifo32_get
   425 00000474 89 C3                           	MOV	EBX,EAX
   426 00000476 E8 [00000000]                   	CALL	_io_sti
   427 0000047B 5A                              	POP	EDX
   428 0000047C 8D 83 FFFFFF00                  	LEA	EAX,DWORD [-256+EBX]
   429 00000482 3D 000000FF                     	CMP	EAX,255
   430 00000487 0F 86 00000248                  	JBE	L33
   431 0000048D 8D 83 FFFFFE00                  	LEA	EAX,DWORD [-512+EBX]
   432 00000493 3D 000000FF                     	CMP	EAX,255
   433 00000498 0F 86 000000F7                  	JBE	L34
   434 0000049E 83 FB 0A                        	CMP	EBX,10
   435 000004A1 0F 84 000000CA                  	JE	L35
   436 000004A7 83 FB 03                        	CMP	EBX,3
   437 000004AA 0F 84 000000A2                  	JE	L36
   438 000004B0 83 FB 01                        	CMP	EBX,1
   439 000004B3 7F A2                           	JG	L2
   440 000004B5 85 DB                           	TEST	EBX,EBX
   441 000004B7 74 7C                           	JE	L28
   442 000004B9 6A 00                           	PUSH	0
   443 000004BB 56                              	PUSH	ESI
   444 000004BC FF B5 FFFFFBB0                  	PUSH	DWORD [-1104+EBP]
   445 000004C2 E8 [00000000]                   	CALL	_timer_init
   446 000004C7 C7 85 FFFFFBA4 00000000         	MOV	DWORD [-1116+EBP],0
   447 000004D1                                 L31:
   448 000004D1 83 C4 0C                        	ADD	ESP,12
   449 000004D4 6A 32                           	PUSH	50
   450 000004D6 FF B5 FFFFFBB0                  	PUSH	DWORD [-1104+EBP]
   451 000004DC E8 [00000000]                   	CALL	_timer_settime
   452 000004E1 8B 95 FFFFFB94                  	MOV	EDX,DWORD [-1132+EBP]
   453 000004E7 8B 85 FFFFFBA8                  	MOV	EAX,DWORD [-1112+EBP]
   454 000004ED 6A 2B                           	PUSH	43
   455 000004EF 83 C0 07                        	ADD	EAX,7
   456 000004F2 50                              	PUSH	EAX
   457 000004F3 6A 1C                           	PUSH	28
   458 000004F5 FF B5 FFFFFBA8                  	PUSH	DWORD [-1112+EBP]
   459 000004FB FF B5 FFFFFBA4                  	PUSH	DWORD [-1116+EBP]
   460 00000501 FF 72 04                        	PUSH	DWORD [4+EDX]
   461 00000504 FF 32                           	PUSH	DWORD [EDX]
   462 00000506 E8 [00000000]                   	CALL	_boxfill8
   463 0000050B 8B 85 FFFFFBA8                  	MOV	EAX,DWORD [-1112+EBP]
   464 00000511 83 C4 24                        	ADD	ESP,36
   465 00000514 83 C0 08                        	ADD	EAX,8
   466 00000517 6A 2C                           	PUSH	44
   467 00000519 50                              	PUSH	EAX
   468 0000051A 6A 1C                           	PUSH	28
   469 0000051C FF B5 FFFFFBA8                  	PUSH	DWORD [-1112+EBP]
   470 00000522 FF B5 FFFFFB94                  	PUSH	DWORD [-1132+EBP]
   471 00000528 E8 [00000000]                   	CALL	_sheet_refresh
   472 0000052D 83 C4 14                        	ADD	ESP,20
   473 00000530 E9 FFFFFF22                     	JMP	L2
   474 00000535                                 L28:
   475 00000535 6A 01                           	PUSH	1
   476 00000537 56                              	PUSH	ESI
   477 00000538 FF B5 FFFFFBB0                  	PUSH	DWORD [-1104+EBP]
   478 0000053E E8 [00000000]                   	CALL	_timer_init
   479 00000543 C7 85 FFFFFBA4 00000007         	MOV	DWORD [-1116+EBP],7
   480 0000054D E9 FFFFFF7F                     	JMP	L31
   481 00000552                                 L36:
   482 00000552 6A 06                           	PUSH	6
   483 00000554 68 [00000080]                   	PUSH	LC7
   484 00000559 6A 0E                           	PUSH	14
   485 0000055B 6A 07                           	PUSH	7
   486 0000055D 6A 50                           	PUSH	80
   487 0000055F 6A 00                           	PUSH	0
   488 00000561 FF B5 FFFFFB9C                  	PUSH	DWORD [-1124+EBP]
   489 00000567 E8 000003DA                     	CALL	_putfonts8_asc_sht
   490 0000056C E9 FFFFFEE3                     	JMP	L30
   491 00000571                                 L35:
   492 00000571 6A 07                           	PUSH	7
   493 00000573 68 [00000087]                   	PUSH	LC6
   494 00000578 6A 0E                           	PUSH	14
   495 0000057A 6A 07                           	PUSH	7
   496 0000057C 6A 40                           	PUSH	64
   497 0000057E 6A 00                           	PUSH	0
   498 00000580 FF B5 FFFFFB9C                  	PUSH	DWORD [-1124+EBP]
   499 00000586 E8 000003BB                     	CALL	_putfonts8_asc_sht
   500 0000058B E8 [00000000]                   	CALL	_taskswitch4
   501 00000590 E9 FFFFFEBF                     	JMP	L30
   502 00000595                                 L34:
   503 00000595 0F B6 C3                        	MOVZX	EAX,BL
   504 00000598 50                              	PUSH	EAX
   505 00000599 8D 85 FFFFFD94                  	LEA	EAX,DWORD [-620+EBP]
   506 0000059F 50                              	PUSH	EAX
   507 000005A0 E8 [00000000]                   	CALL	_mouse_decode
   508 000005A5 5A                              	POP	EDX
   509 000005A6 59                              	POP	ECX
   510 000005A7 85 C0                           	TEST	EAX,EAX
   511 000005A9 0F 84 FFFFFEA8                  	JE	L2
   512 000005AF FF B5 FFFFFD9C                  	PUSH	DWORD [-612+EBP]
   513 000005B5 FF B5 FFFFFD98                  	PUSH	DWORD [-616+EBP]
   514 000005BB 68 [0000008F]                   	PUSH	LC5
   515 000005C0 8D 5D A4                        	LEA	EBX,DWORD [-92+EBP]
   516 000005C3 53                              	PUSH	EBX
   517 000005C4 E8 [00000000]                   	CALL	_sprintf
   518 000005C9 83 C4 10                        	ADD	ESP,16
   519 000005CC 8B 85 FFFFFDA0                  	MOV	EAX,DWORD [-608+EBP]
   520 000005D2 A9 00000001                     	TEST	EAX,1
   521 000005D7 74 04                           	JE	L14
   522 000005D9 C6 45 A5 4C                     	MOV	BYTE [-91+EBP],76
   523 000005DD                                 L14:
   524 000005DD A9 00000002                     	TEST	EAX,2
   525 000005E2 74 04                           	JE	L15
   526 000005E4 C6 45 A7 52                     	MOV	BYTE [-89+EBP],82
   527 000005E8                                 L15:
   528 000005E8 83 E0 04                        	AND	EAX,4
   529 000005EB 74 04                           	JE	L16
   530 000005ED C6 45 A6 43                     	MOV	BYTE [-90+EBP],67
   531 000005F1                                 L16:
   532 000005F1 6A 0F                           	PUSH	15
   533 000005F3 53                              	PUSH	EBX
   534 000005F4 6A 0E                           	PUSH	14
   535 000005F6 6A 07                           	PUSH	7
   536 000005F8 6A 10                           	PUSH	16
   537 000005FA 6A 20                           	PUSH	32
   538 000005FC FF B5 FFFFFB9C                  	PUSH	DWORD [-1124+EBP]
   539 00000602 E8 0000033F                     	CALL	_putfonts8_asc_sht
   540 00000607 8B 85 FFFFFD98                  	MOV	EAX,DWORD [-616+EBP]
   541 0000060D 03 BD FFFFFD9C                  	ADD	EDI,DWORD [-612+EBP]
   542 00000613 83 C4 1C                        	ADD	ESP,28
   543 00000616 01 85 FFFFFBAC                  	ADD	DWORD [-1108+EBP],EAX
   544 0000061C 0F 88 000000A4                  	JS	L37
   545 00000622                                 L17:
   546 00000622 85 FF                           	TEST	EDI,EDI
   547 00000624 0F 88 00000095                  	JS	L38
   548 0000062A                                 L18:
   549 0000062A 0F BF 05 00000FF4               	MOVSX	EAX,WORD [4084]
   550 00000631 48                              	DEC	EAX
   551 00000632 39 85 FFFFFBAC                  	CMP	DWORD [-1108+EBP],EAX
   552 00000638 7E 06                           	JLE	L19
   553 0000063A 89 85 FFFFFBAC                  	MOV	DWORD [-1108+EBP],EAX
   554 00000640                                 L19:
   555 00000640 0F BF 05 00000FF6               	MOVSX	EAX,WORD [4086]
   556 00000647 48                              	DEC	EAX
   557 00000648 39 C7                           	CMP	EDI,EAX
   558 0000064A 7E 02                           	JLE	L20
   559 0000064C 89 C7                           	MOV	EDI,EAX
   560 0000064E                                 L20:
   561 0000064E 57                              	PUSH	EDI
   562 0000064F FF B5 FFFFFBAC                  	PUSH	DWORD [-1108+EBP]
   563 00000655 68 [0000005B]                   	PUSH	LC1
   564 0000065A 53                              	PUSH	EBX
   565 0000065B E8 [00000000]                   	CALL	_sprintf
   566 00000660 6A 0A                           	PUSH	10
   567 00000662 53                              	PUSH	EBX
   568 00000663 6A 0E                           	PUSH	14
   569 00000665 6A 07                           	PUSH	7
   570 00000667 6A 00                           	PUSH	0
   571 00000669 6A 00                           	PUSH	0
   572 0000066B FF B5 FFFFFB9C                  	PUSH	DWORD [-1124+EBP]
   573 00000671 E8 000002D0                     	CALL	_putfonts8_asc_sht
   574 00000676 83 C4 2C                        	ADD	ESP,44
   575 00000679 57                              	PUSH	EDI
   576 0000067A FF B5 FFFFFBAC                  	PUSH	DWORD [-1108+EBP]
   577 00000680 FF B5 FFFFFB98                  	PUSH	DWORD [-1128+EBP]
   578 00000686 E8 [00000000]                   	CALL	_sheet_slide
   579 0000068B 83 C4 0C                        	ADD	ESP,12
   580 0000068E F7 85 FFFFFDA0 00000001         	TEST	DWORD [-608+EBP],1
   581 00000698 0F 84 FFFFFDB9                  	JE	L2
   582 0000069E 8D 47 F8                        	LEA	EAX,DWORD [-8+EDI]
   583 000006A1 50                              	PUSH	EAX
   584 000006A2 8B 85 FFFFFBAC                  	MOV	EAX,DWORD [-1108+EBP]
   585 000006A8 83 E8 50                        	SUB	EAX,80
   586 000006AB 50                              	PUSH	EAX
   587 000006AC FF B5 FFFFFB94                  	PUSH	DWORD [-1132+EBP]
   588 000006B2 E8 [00000000]                   	CALL	_sheet_slide
   589 000006B7 83 C4 0C                        	ADD	ESP,12
   590 000006BA E9 FFFFFD98                     	JMP	L2
   591 000006BF                                 L38:
   592 000006BF 31 FF                           	XOR	EDI,EDI
   593 000006C1 E9 FFFFFF64                     	JMP	L18
   594 000006C6                                 L37:
   595 000006C6 C7 85 FFFFFBAC 00000000         	MOV	DWORD [-1108+EBP],0
   596 000006D0 E9 FFFFFF4D                     	JMP	L17
   597 000006D5                                 L33:
   598 000006D5 50                              	PUSH	EAX
   599 000006D6 8D 75 A4                        	LEA	ESI,DWORD [-92+EBP]
   600 000006D9 68 [0000009D]                   	PUSH	LC3
   601 000006DE 56                              	PUSH	ESI
   602 000006DF E8 [00000000]                   	CALL	_sprintf
   603 000006E4 6A 02                           	PUSH	2
   604 000006E6 56                              	PUSH	ESI
   605 000006E7 6A 0E                           	PUSH	14
   606 000006E9 6A 07                           	PUSH	7
   607 000006EB 6A 10                           	PUSH	16
   608 000006ED 6A 00                           	PUSH	0
   609 000006EF FF B5 FFFFFB9C                  	PUSH	DWORD [-1124+EBP]
   610 000006F5 E8 0000024C                     	CALL	_putfonts8_asc_sht
   611 000006FA 83 C4 28                        	ADD	ESP,40
   612 000006FD 81 FB 00000153                  	CMP	EBX,339
   613 00000703 7F 41                           	JG	L8
   614 00000705 8A 83 [FFFFFF00]                	MOV	AL,BYTE [_keytable.0-256+EBX]
   615 0000070B 84 C0                           	TEST	AL,AL
   616 0000070D 74 37                           	JE	L8
   617 0000070F 81 BD FFFFFBA8 0000008F         	CMP	DWORD [-1112+EBP],143
   618 00000719 7F 2B                           	JG	L8
   619 0000071B 6A 01                           	PUSH	1
   620 0000071D 88 45 A4                        	MOV	BYTE [-92+EBP],AL
   621 00000720 56                              	PUSH	ESI
   622 00000721 6A 07                           	PUSH	7
   623 00000723 6A 00                           	PUSH	0
   624 00000725 6A 1C                           	PUSH	28
   625 00000727 FF B5 FFFFFBA8                  	PUSH	DWORD [-1112+EBP]
   626 0000072D FF B5 FFFFFB94                  	PUSH	DWORD [-1132+EBP]
   627 00000733 C6 45 A5 00                     	MOV	BYTE [-91+EBP],0
   628 00000737 E8 0000020A                     	CALL	_putfonts8_asc_sht
   629 0000073C 83 C4 1C                        	ADD	ESP,28
   630 0000073F 83 85 FFFFFBA8 08               	ADD	DWORD [-1112+EBP],8
   631 00000746                                 L8:
   632 00000746 81 FB 0000010E                  	CMP	EBX,270
   633 0000074C 74 4C                           	JE	L39
   634 0000074E                                 L10:
   635 0000074E 8B 85 FFFFFBA8                  	MOV	EAX,DWORD [-1112+EBP]
   636 00000754 6A 2B                           	PUSH	43
   637 00000756 83 C0 07                        	ADD	EAX,7
   638 00000759 8B 9D FFFFFB94                  	MOV	EBX,DWORD [-1132+EBP]
   639 0000075F 50                              	PUSH	EAX
   640 00000760 6A 1C                           	PUSH	28
   641 00000762 FF B5 FFFFFBA8                  	PUSH	DWORD [-1112+EBP]
   642 00000768 FF B5 FFFFFBA4                  	PUSH	DWORD [-1116+EBP]
   643 0000076E FF 73 04                        	PUSH	DWORD [4+EBX]
   644 00000771 FF 33                           	PUSH	DWORD [EBX]
   645 00000773 E8 [00000000]                   	CALL	_boxfill8
   646 00000778 8B 85 FFFFFBA8                  	MOV	EAX,DWORD [-1112+EBP]
   647 0000077E 6A 2C                           	PUSH	44
   648 00000780 83 C0 08                        	ADD	EAX,8
   649 00000783 50                              	PUSH	EAX
   650 00000784 6A 1C                           	PUSH	28
   651 00000786 FF B5 FFFFFBA8                  	PUSH	DWORD [-1112+EBP]
   652 0000078C 53                              	PUSH	EBX
   653 0000078D E8 [00000000]                   	CALL	_sheet_refresh
   654 00000792 83 C4 30                        	ADD	ESP,48
   655 00000795 E9 FFFFFCBD                     	JMP	L2
   656 0000079A                                 L39:
   657 0000079A 83 BD FFFFFBA8 08               	CMP	DWORD [-1112+EBP],8
   658 000007A1 7E AB                           	JLE	L10
   659 000007A3 6A 01                           	PUSH	1
   660 000007A5 68 [000000A2]                   	PUSH	LC4
   661 000007AA 6A 07                           	PUSH	7
   662 000007AC 6A 00                           	PUSH	0
   663 000007AE 6A 1C                           	PUSH	28
   664 000007B0 FF B5 FFFFFBA8                  	PUSH	DWORD [-1112+EBP]
   665 000007B6 FF B5 FFFFFB94                  	PUSH	DWORD [-1132+EBP]
   666 000007BC E8 00000185                     	CALL	_putfonts8_asc_sht
   667 000007C1 83 C4 1C                        	ADD	ESP,28
   668 000007C4 83 AD FFFFFBA8 08               	SUB	DWORD [-1112+EBP],8
   669 000007CB E9 FFFFFF7E                     	JMP	L10
   670 000007D0                                 L32:
   671 000007D0 E8 [00000000]                   	CALL	_io_stihlt
   672 000007D5 E9 FFFFFC7D                     	JMP	L2
   673                                          [SECTION .data]
   674 000000A4                                 _closebtn.1:
   675 000000A4 4F 4F 4F 4F 4F 4F 4F 4F 4F 4F   	DB	"OOOOOOOOOOOOOOO@"
       000000AE 4F 4F 4F 4F 4F 40 
   676 000000B4 4F 51 51 51 51 51 51 51 51 51   	DB	"OQQQQQQQQQQQQQ$@"
       000000BE 51 51 51 51 24 40 
   677 000000C4 4F 51 51 51 51 51 51 51 51 51   	DB	"OQQQQQQQQQQQQQ$@"
       000000CE 51 51 51 51 24 40 
   678 000000D4 4F 51 51 51 40 40 51 51 51 51   	DB	"OQQQ@@QQQQ@@QQ$@"
       000000DE 40 40 51 51 24 40 
   679 000000E4 4F 51 51 51 51 40 40 51 51 40   	DB	"OQQQQ@@QQ@@QQQ$@"
       000000EE 40 51 51 51 24 40 
   680 000000F4 4F 51 51 51 51 51 40 40 40 40   	DB	"OQQQQQ@@@@QQQQ$@"
       000000FE 51 51 51 51 24 40 
   681 00000104 4F 51 51 51 51 51 51 40 40 51   	DB	"OQQQQQQ@@QQQQQ$@"
       0000010E 51 51 51 51 24 40 
   682 00000114 4F 51 51 51 51 51 40 40 40 40   	DB	"OQQQQQ@@@@QQQQ$@"
       0000011E 51 51 51 51 24 40 
   683 00000124 4F 51 51 51 51 40 40 51 51 40   	DB	"OQQQQ@@QQ@@QQQ$@"
       0000012E 40 51 51 51 24 40 
   684 00000134 4F 51 51 51 40 40 51 51 51 51   	DB	"OQQQ@@QQQQ@@QQ$@"
       0000013E 40 40 51 51 24 40 
   685 00000144 4F 51 51 51 51 51 51 51 51 51   	DB	"OQQQQQQQQQQQQQ$@"
       0000014E 51 51 51 51 24 40 
   686 00000154 4F 51 51 51 51 51 51 51 51 51   	DB	"OQQQQQQQQQQQQQ$@"
       0000015E 51 51 51 51 24 40 
   687 00000164 4F 24 24 24 24 24 24 24 24 24   	DB	"O$$$$$$$$$$$$$$@"
       0000016E 24 24 24 24 24 40 
   688 00000174 40 40 40 40 40 40 40 40 40 40   	DB	"@@@@@@@@@@@@@@@@"
       0000017E 40 40 40 40 40 40 
   689                                          [SECTION .text]
   690 000007DA                                 	GLOBAL	_make_window8
   691 000007DA                                 _make_window8:
   692 000007DA 55                              	PUSH	EBP
   693 000007DB 89 E5                           	MOV	EBP,ESP
   694 000007DD 57                              	PUSH	EDI
   695 000007DE 56                              	PUSH	ESI
   696 000007DF 53                              	PUSH	EBX
   697 000007E0 83 EC 14                        	SUB	ESP,20
   698 000007E3 8B 5D 0C                        	MOV	EBX,DWORD [12+EBP]
   699 000007E6 6A 00                           	PUSH	0
   700 000007E8 8D 43 FF                        	LEA	EAX,DWORD [-1+EBX]
   701 000007EB 8D 7B FE                        	LEA	EDI,DWORD [-2+EBX]
   702 000007EE 50                              	PUSH	EAX
   703 000007EF 89 45 EC                        	MOV	DWORD [-20+EBP],EAX
   704 000007F2 6A 00                           	PUSH	0
   705 000007F4 6A 00                           	PUSH	0
   706 000007F6 6A 08                           	PUSH	8
   707 000007F8 53                              	PUSH	EBX
   708 000007F9 FF 75 08                        	PUSH	DWORD [8+EBP]
   709 000007FC E8 [00000000]                   	CALL	_boxfill8
   710 00000801 6A 01                           	PUSH	1
   711 00000803 57                              	PUSH	EDI
   712 00000804 6A 01                           	PUSH	1
   713 00000806 6A 01                           	PUSH	1
   714 00000808 6A 07                           	PUSH	7
   715 0000080A 53                              	PUSH	EBX
   716 0000080B FF 75 08                        	PUSH	DWORD [8+EBP]
   717 0000080E E8 [00000000]                   	CALL	_boxfill8
   718 00000813 8B 55 10                        	MOV	EDX,DWORD [16+EBP]
   719 00000816 83 C4 38                        	ADD	ESP,56
   720 00000819 4A                              	DEC	EDX
   721 0000081A 89 55 E8                        	MOV	DWORD [-24+EBP],EDX
   722 0000081D 52                              	PUSH	EDX
   723 0000081E 6A 00                           	PUSH	0
   724 00000820 6A 00                           	PUSH	0
   725 00000822 6A 00                           	PUSH	0
   726 00000824 6A 08                           	PUSH	8
   727 00000826 53                              	PUSH	EBX
   728 00000827 FF 75 08                        	PUSH	DWORD [8+EBP]
   729 0000082A E8 [00000000]                   	CALL	_boxfill8
   730 0000082F 8B 75 10                        	MOV	ESI,DWORD [16+EBP]
   731 00000832 83 EE 02                        	SUB	ESI,2
   732 00000835 56                              	PUSH	ESI
   733 00000836 6A 01                           	PUSH	1
   734 00000838 6A 01                           	PUSH	1
   735 0000083A 6A 01                           	PUSH	1
   736 0000083C 6A 07                           	PUSH	7
   737 0000083E 53                              	PUSH	EBX
   738 0000083F FF 75 08                        	PUSH	DWORD [8+EBP]
   739 00000842 E8 [00000000]                   	CALL	_boxfill8
   740 00000847 83 C4 38                        	ADD	ESP,56
   741 0000084A 56                              	PUSH	ESI
   742 0000084B 57                              	PUSH	EDI
   743 0000084C 6A 01                           	PUSH	1
   744 0000084E 57                              	PUSH	EDI
   745 0000084F 6A 0F                           	PUSH	15
   746 00000851 53                              	PUSH	EBX
   747 00000852 FF 75 08                        	PUSH	DWORD [8+EBP]
   748 00000855 E8 [00000000]                   	CALL	_boxfill8
   749 0000085A FF 75 E8                        	PUSH	DWORD [-24+EBP]
   750 0000085D FF 75 EC                        	PUSH	DWORD [-20+EBP]
   751 00000860 6A 00                           	PUSH	0
   752 00000862 FF 75 EC                        	PUSH	DWORD [-20+EBP]
   753 00000865 6A 00                           	PUSH	0
   754 00000867 53                              	PUSH	EBX
   755 00000868 FF 75 08                        	PUSH	DWORD [8+EBP]
   756 0000086B E8 [00000000]                   	CALL	_boxfill8
   757 00000870 8B 45 10                        	MOV	EAX,DWORD [16+EBP]
   758 00000873 83 C4 38                        	ADD	ESP,56
   759 00000876 83 E8 03                        	SUB	EAX,3
   760 00000879 50                              	PUSH	EAX
   761 0000087A 8D 43 FD                        	LEA	EAX,DWORD [-3+EBX]
   762 0000087D 50                              	PUSH	EAX
   763 0000087E 6A 02                           	PUSH	2
   764 00000880 6A 02                           	PUSH	2
   765 00000882 6A 08                           	PUSH	8
   766 00000884 53                              	PUSH	EBX
   767 00000885 FF 75 08                        	PUSH	DWORD [8+EBP]
   768 00000888 E8 [00000000]                   	CALL	_boxfill8
   769 0000088D 8D 43 FC                        	LEA	EAX,DWORD [-4+EBX]
   770 00000890 6A 14                           	PUSH	20
   771 00000892 50                              	PUSH	EAX
   772 00000893 6A 03                           	PUSH	3
   773 00000895 6A 03                           	PUSH	3
   774 00000897 6A 0C                           	PUSH	12
   775 00000899 53                              	PUSH	EBX
   776 0000089A FF 75 08                        	PUSH	DWORD [8+EBP]
   777 0000089D E8 [00000000]                   	CALL	_boxfill8
   778 000008A2 83 C4 38                        	ADD	ESP,56
   779 000008A5 56                              	PUSH	ESI
   780 000008A6 57                              	PUSH	EDI
   781 000008A7 56                              	PUSH	ESI
   782 000008A8 6A 01                           	PUSH	1
   783 000008AA 6A 0F                           	PUSH	15
   784 000008AC 53                              	PUSH	EBX
   785 000008AD FF 75 08                        	PUSH	DWORD [8+EBP]
   786 000008B0 E8 [00000000]                   	CALL	_boxfill8
   787 000008B5 FF 75 E8                        	PUSH	DWORD [-24+EBP]
   788 000008B8 FF 75 EC                        	PUSH	DWORD [-20+EBP]
   789 000008BB FF 75 E8                        	PUSH	DWORD [-24+EBP]
   790 000008BE 6A 00                           	PUSH	0
   791 000008C0 6A 00                           	PUSH	0
   792 000008C2 6B F3 05                        	IMUL	ESI,EBX,5
   793 000008C5 53                              	PUSH	EBX
   794 000008C6 FF 75 08                        	PUSH	DWORD [8+EBP]
   795 000008C9 E8 [00000000]                   	CALL	_boxfill8
   796 000008CE 83 C4 38                        	ADD	ESP,56
   797 000008D1 FF 75 14                        	PUSH	DWORD [20+EBP]
   798 000008D4 6A 07                           	PUSH	7
   799 000008D6 6A 04                           	PUSH	4
   800 000008D8 6A 18                           	PUSH	24
   801 000008DA 53                              	PUSH	EBX
   802 000008DB FF 75 08                        	PUSH	DWORD [8+EBP]
   803 000008DE E8 [00000000]                   	CALL	_putfonts8_asc
   804 000008E3 83 C4 18                        	ADD	ESP,24
   805 000008E6 C7 45 F0 00000000               	MOV	DWORD [-16+EBP],0
   806 000008ED C7 45 E0 00000000               	MOV	DWORD [-32+EBP],0
   807 000008F4                                 L56:
   808 000008F4 8D 04 1E                        	LEA	EAX,DWORD [ESI+EBX*1]
   809 000008F7 8B 55 08                        	MOV	EDX,DWORD [8+EBP]
   810 000008FA 31 FF                           	XOR	EDI,EDI
   811 000008FC 8D 4C 02 EB                     	LEA	ECX,DWORD [-21+EDX+EAX*1]
   812 00000900                                 L55:
   813 00000900 8B 45 E0                        	MOV	EAX,DWORD [-32+EBP]
   814 00000903 8A 94 07 [000000A4]             	MOV	DL,BYTE [_closebtn.1+EDI+EAX*1]
   815 0000090A 80 FA 40                        	CMP	DL,64
   816 0000090D 74 33                           	JE	L61
   817 0000090F 80 FA 24                        	CMP	DL,36
   818 00000912 74 2A                           	JE	L62
   819 00000914 80 FA 51                        	CMP	DL,81
   820 00000917 B2 08                           	MOV	DL,8
   821 00000919 0F 95 C0                        	SETNE	AL
   822 0000091C 28 C2                           	SUB	DL,AL
   823 0000091E                                 L50:
   824 0000091E 47                              	INC	EDI
   825 0000091F 88 11                           	MOV	BYTE [ECX],DL
   826 00000921 41                              	INC	ECX
   827 00000922 83 FF 0F                        	CMP	EDI,15
   828 00000925 7E D9                           	JLE	L55
   829 00000927 FF 45 F0                        	INC	DWORD [-16+EBP]
   830 0000092A 01 DE                           	ADD	ESI,EBX
   831 0000092C 83 45 E0 10                     	ADD	DWORD [-32+EBP],16
   832 00000930 83 7D F0 0D                     	CMP	DWORD [-16+EBP],13
   833 00000934 7E BE                           	JLE	L56
   834 00000936 8D 65 F4                        	LEA	ESP,DWORD [-12+EBP]
   835 00000939 5B                              	POP	EBX
   836 0000093A 5E                              	POP	ESI
   837 0000093B 5F                              	POP	EDI
   838 0000093C 5D                              	POP	EBP
   839 0000093D C3                              	RET
   840 0000093E                                 L62:
   841 0000093E B2 0F                           	MOV	DL,15
   842 00000940 EB DC                           	JMP	L50
   843 00000942                                 L61:
   844 00000942 31 D2                           	XOR	EDX,EDX
   845 00000944 EB D8                           	JMP	L50
   846 00000946                                 	GLOBAL	_putfonts8_asc_sht
   847 00000946                                 _putfonts8_asc_sht:
   848 00000946 55                              	PUSH	EBP
   849 00000947 89 E5                           	MOV	EBP,ESP
   850 00000949 57                              	PUSH	EDI
   851 0000094A 56                              	PUSH	ESI
   852 0000094B 53                              	PUSH	EBX
   853 0000094C 83 EC 0C                        	SUB	ESP,12
   854 0000094F 8B 45 08                        	MOV	EAX,DWORD [8+EBP]
   855 00000952 8B 7D 10                        	MOV	EDI,DWORD [16+EBP]
   856 00000955 89 45 F0                        	MOV	DWORD [-16+EBP],EAX
   857 00000958 8B 5D 14                        	MOV	EBX,DWORD [20+EBP]
   858 0000095B 8B 45 0C                        	MOV	EAX,DWORD [12+EBP]
   859 0000095E 89 45 EC                        	MOV	DWORD [-20+EBP],EAX
   860 00000961 8B 45 1C                        	MOV	EAX,DWORD [28+EBP]
   861 00000964 89 45 E8                        	MOV	DWORD [-24+EBP],EAX
   862 00000967 8D 47 0F                        	LEA	EAX,DWORD [15+EDI]
   863 0000096A 50                              	PUSH	EAX
   864 0000096B 8B 45 EC                        	MOV	EAX,DWORD [-20+EBP]
   865 0000096E 8B 75 20                        	MOV	ESI,DWORD [32+EBP]
   866 00000971 0F BE DB                        	MOVSX	EBX,BL
   867 00000974 8D 34 F0                        	LEA	ESI,DWORD [EAX+ESI*8]
   868 00000977 8D 46 FF                        	LEA	EAX,DWORD [-1+ESI]
   869 0000097A 50                              	PUSH	EAX
   870 0000097B 57                              	PUSH	EDI
   871 0000097C FF 75 EC                        	PUSH	DWORD [-20+EBP]
   872 0000097F 0F B6 45 18                     	MOVZX	EAX,BYTE [24+EBP]
   873 00000983 50                              	PUSH	EAX
   874 00000984 8B 45 F0                        	MOV	EAX,DWORD [-16+EBP]
   875 00000987 FF 70 04                        	PUSH	DWORD [4+EAX]
   876 0000098A FF 30                           	PUSH	DWORD [EAX]
   877 0000098C E8 [00000000]                   	CALL	_boxfill8
   878 00000991 FF 75 E8                        	PUSH	DWORD [-24+EBP]
   879 00000994 53                              	PUSH	EBX
   880 00000995 57                              	PUSH	EDI
   881 00000996 FF 75 EC                        	PUSH	DWORD [-20+EBP]
   882 00000999 8B 45 F0                        	MOV	EAX,DWORD [-16+EBP]
   883 0000099C FF 70 04                        	PUSH	DWORD [4+EAX]
   884 0000099F FF 30                           	PUSH	DWORD [EAX]
   885 000009A1 E8 [00000000]                   	CALL	_putfonts8_asc
   886 000009A6 89 7D 10                        	MOV	DWORD [16+EBP],EDI
   887 000009A9 8D 47 10                        	LEA	EAX,DWORD [16+EDI]
   888 000009AC 89 75 14                        	MOV	DWORD [20+EBP],ESI
   889 000009AF 89 45 18                        	MOV	DWORD [24+EBP],EAX
   890 000009B2 83 C4 34                        	ADD	ESP,52
   891 000009B5 8B 45 EC                        	MOV	EAX,DWORD [-20+EBP]
   892 000009B8 89 45 0C                        	MOV	DWORD [12+EBP],EAX
   893 000009BB 8B 45 F0                        	MOV	EAX,DWORD [-16+EBP]
   894 000009BE 89 45 08                        	MOV	DWORD [8+EBP],EAX
   895 000009C1 8D 65 F4                        	LEA	ESP,DWORD [-12+EBP]
   896 000009C4 5B                              	POP	EBX
   897 000009C5 5E                              	POP	ESI
   898 000009C6 5F                              	POP	EDI
   899 000009C7 5D                              	POP	EBP
   900 000009C8 E9 [00000000]                   	JMP	_sheet_refresh
   901 000009CD                                 	GLOBAL	_make_textbox8
   902 000009CD                                 _make_textbox8:
   903 000009CD 55                              	PUSH	EBP
   904 000009CE 89 E5                           	MOV	EBP,ESP
   905 000009D0 57                              	PUSH	EDI
   906 000009D1 56                              	PUSH	ESI
   907 000009D2 53                              	PUSH	EBX
   908 000009D3 83 EC 14                        	SUB	ESP,20
   909 000009D6 8B 45 0C                        	MOV	EAX,DWORD [12+EBP]
   910 000009D9 8B 75 10                        	MOV	ESI,DWORD [16+EBP]
   911 000009DC 03 45 14                        	ADD	EAX,DWORD [20+EBP]
   912 000009DF 83 EE 03                        	SUB	ESI,3
   913 000009E2 56                              	PUSH	ESI
   914 000009E3 89 45 F0                        	MOV	DWORD [-16+EBP],EAX
   915 000009E6 8B 45 10                        	MOV	EAX,DWORD [16+EBP]
   916 000009E9 03 45 18                        	ADD	EAX,DWORD [24+EBP]
   917 000009EC 89 45 EC                        	MOV	DWORD [-20+EBP],EAX
   918 000009EF 8B 45 F0                        	MOV	EAX,DWORD [-16+EBP]
   919 000009F2 40                              	INC	EAX
   920 000009F3 50                              	PUSH	EAX
   921 000009F4 89 45 E8                        	MOV	DWORD [-24+EBP],EAX
   922 000009F7 8B 45 0C                        	MOV	EAX,DWORD [12+EBP]
   923 000009FA 56                              	PUSH	ESI
   924 000009FB 83 E8 02                        	SUB	EAX,2
   925 000009FE 50                              	PUSH	EAX
   926 000009FF 89 45 E4                        	MOV	DWORD [-28+EBP],EAX
   927 00000A02 8B 45 08                        	MOV	EAX,DWORD [8+EBP]
   928 00000A05 6A 0F                           	PUSH	15
   929 00000A07 FF 70 04                        	PUSH	DWORD [4+EAX]
   930 00000A0A FF 30                           	PUSH	DWORD [EAX]
   931 00000A0C E8 [00000000]                   	CALL	_boxfill8
   932 00000A11 8B 7D 0C                        	MOV	EDI,DWORD [12+EBP]
   933 00000A14 8B 45 EC                        	MOV	EAX,DWORD [-20+EBP]
   934 00000A17 83 EF 03                        	SUB	EDI,3
   935 00000A1A 40                              	INC	EAX
   936 00000A1B 50                              	PUSH	EAX
   937 00000A1C 89 45 E0                        	MOV	DWORD [-32+EBP],EAX
   938 00000A1F 57                              	PUSH	EDI
   939 00000A20 8B 45 08                        	MOV	EAX,DWORD [8+EBP]
   940 00000A23 56                              	PUSH	ESI
   941 00000A24 57                              	PUSH	EDI
   942 00000A25 6A 0F                           	PUSH	15
   943 00000A27 FF 70 04                        	PUSH	DWORD [4+EAX]
   944 00000A2A FF 30                           	PUSH	DWORD [EAX]
   945 00000A2C E8 [00000000]                   	CALL	_boxfill8
   946 00000A31 8B 45 08                        	MOV	EAX,DWORD [8+EBP]
   947 00000A34 83 C4 38                        	ADD	ESP,56
   948 00000A37 8B 5D EC                        	MOV	EBX,DWORD [-20+EBP]
   949 00000A3A 83 C3 02                        	ADD	EBX,2
   950 00000A3D 53                              	PUSH	EBX
   951 00000A3E FF 75 E8                        	PUSH	DWORD [-24+EBP]
   952 00000A41 53                              	PUSH	EBX
   953 00000A42 57                              	PUSH	EDI
   954 00000A43 6A 07                           	PUSH	7
   955 00000A45 FF 70 04                        	PUSH	DWORD [4+EAX]
   956 00000A48 FF 30                           	PUSH	DWORD [EAX]
   957 00000A4A E8 [00000000]                   	CALL	_boxfill8
   958 00000A4F 8B 45 F0                        	MOV	EAX,DWORD [-16+EBP]
   959 00000A52 53                              	PUSH	EBX
   960 00000A53 83 C0 02                        	ADD	EAX,2
   961 00000A56 50                              	PUSH	EAX
   962 00000A57 56                              	PUSH	ESI
   963 00000A58 50                              	PUSH	EAX
   964 00000A59 8B 45 08                        	MOV	EAX,DWORD [8+EBP]
   965 00000A5C 6A 07                           	PUSH	7
   966 00000A5E FF 70 04                        	PUSH	DWORD [4+EAX]
   967 00000A61 FF 30                           	PUSH	DWORD [EAX]
   968 00000A63 E8 [00000000]                   	CALL	_boxfill8
   969 00000A68 8B 45 08                        	MOV	EAX,DWORD [8+EBP]
   970 00000A6B 83 C4 38                        	ADD	ESP,56
   971 00000A6E 8B 5D 10                        	MOV	EBX,DWORD [16+EBP]
   972 00000A71 83 EB 02                        	SUB	EBX,2
   973 00000A74 8B 7D 0C                        	MOV	EDI,DWORD [12+EBP]
   974 00000A77 53                              	PUSH	EBX
   975 00000A78 4F                              	DEC	EDI
   976 00000A79 FF 75 F0                        	PUSH	DWORD [-16+EBP]
   977 00000A7C 53                              	PUSH	EBX
   978 00000A7D 57                              	PUSH	EDI
   979 00000A7E 6A 00                           	PUSH	0
   980 00000A80 FF 70 04                        	PUSH	DWORD [4+EAX]
   981 00000A83 FF 30                           	PUSH	DWORD [EAX]
   982 00000A85 E8 [00000000]                   	CALL	_boxfill8
   983 00000A8A 8B 45 08                        	MOV	EAX,DWORD [8+EBP]
   984 00000A8D FF 75 EC                        	PUSH	DWORD [-20+EBP]
   985 00000A90 FF 75 E4                        	PUSH	DWORD [-28+EBP]
   986 00000A93 53                              	PUSH	EBX
   987 00000A94 FF 75 E4                        	PUSH	DWORD [-28+EBP]
   988 00000A97 6A 00                           	PUSH	0
   989 00000A99 FF 70 04                        	PUSH	DWORD [4+EAX]
   990 00000A9C FF 30                           	PUSH	DWORD [EAX]
   991 00000A9E E8 [00000000]                   	CALL	_boxfill8
   992 00000AA3 8B 45 08                        	MOV	EAX,DWORD [8+EBP]
   993 00000AA6 83 C4 38                        	ADD	ESP,56
   994 00000AA9 FF 75 E0                        	PUSH	DWORD [-32+EBP]
   995 00000AAC FF 75 F0                        	PUSH	DWORD [-16+EBP]
   996 00000AAF FF 75 E0                        	PUSH	DWORD [-32+EBP]
   997 00000AB2 FF 75 E4                        	PUSH	DWORD [-28+EBP]
   998 00000AB5 6A 08                           	PUSH	8
   999 00000AB7 FF 70 04                        	PUSH	DWORD [4+EAX]
  1000 00000ABA FF 30                           	PUSH	DWORD [EAX]
  1001 00000ABC E8 [00000000]                   	CALL	_boxfill8
  1002 00000AC1 8B 45 08                        	MOV	EAX,DWORD [8+EBP]
  1003 00000AC4 FF 75 E0                        	PUSH	DWORD [-32+EBP]
  1004 00000AC7 FF 75 E8                        	PUSH	DWORD [-24+EBP]
  1005 00000ACA 53                              	PUSH	EBX
  1006 00000ACB FF 75 E8                        	PUSH	DWORD [-24+EBP]
  1007 00000ACE 6A 08                           	PUSH	8
  1008 00000AD0 FF 70 04                        	PUSH	DWORD [4+EAX]
  1009 00000AD3 FF 30                           	PUSH	DWORD [EAX]
  1010 00000AD5 E8 [00000000]                   	CALL	_boxfill8
  1011 00000ADA 8B 45 10                        	MOV	EAX,DWORD [16+EBP]
  1012 00000ADD 83 C4 38                        	ADD	ESP,56
  1013 00000AE0 48                              	DEC	EAX
  1014 00000AE1 FF 75 EC                        	PUSH	DWORD [-20+EBP]
  1015 00000AE4 FF 75 F0                        	PUSH	DWORD [-16+EBP]
  1016 00000AE7 50                              	PUSH	EAX
  1017 00000AE8 57                              	PUSH	EDI
  1018 00000AE9 0F B6 45 1C                     	MOVZX	EAX,BYTE [28+EBP]
  1019 00000AED 50                              	PUSH	EAX
  1020 00000AEE 8B 45 08                        	MOV	EAX,DWORD [8+EBP]
  1021 00000AF1 FF 70 04                        	PUSH	DWORD [4+EAX]
  1022 00000AF4 FF 30                           	PUSH	DWORD [EAX]
  1023 00000AF6 E8 [00000000]                   	CALL	_boxfill8
  1024 00000AFB 8D 65 F4                        	LEA	ESP,DWORD [-12+EBP]
  1025 00000AFE 5B                              	POP	EBX
  1026 00000AFF 5E                              	POP	ESI
  1027 00000B00 5F                              	POP	EDI
  1028 00000B01 5D                              	POP	EBP
  1029 00000B02 C3                              	RET
  1030 00000B03                                 	GLOBAL	_task_b_main
  1031 00000B03                                 _task_b_main:
  1032 00000B03 55                              	PUSH	EBP
  1033 00000B04 89 E5                           	MOV	EBP,ESP
  1034 00000B06 56                              	PUSH	ESI
  1035 00000B07 53                              	PUSH	EBX
  1036 00000B08 81 EC 00000220                  	SUB	ESP,544
  1037 00000B0E 8D 85 FFFFFDD8                  	LEA	EAX,DWORD [-552+EBP]
  1038 00000B14 8D 5D D8                        	LEA	EBX,DWORD [-40+EBP]
  1039 00000B17 50                              	PUSH	EAX
  1040 00000B18 68 00000080                     	PUSH	128
  1041 00000B1D 53                              	PUSH	EBX
  1042 00000B1E E8 [00000000]                   	CALL	_fifo32_init
  1043 00000B23 E8 [00000000]                   	CALL	_timer_alloc
  1044 00000B28 6A 01                           	PUSH	1
  1045 00000B2A 53                              	PUSH	EBX
  1046 00000B2B 89 C6                           	MOV	ESI,EAX
  1047 00000B2D 50                              	PUSH	EAX
  1048 00000B2E E8 [00000000]                   	CALL	_timer_init
  1049 00000B33 68 000001F4                     	PUSH	500
  1050 00000B38 56                              	PUSH	ESI
  1051 00000B39 E8 [00000000]                   	CALL	_timer_settime
  1052 00000B3E 83 C4 20                        	ADD	ESP,32
  1053 00000B41                                 L66:
  1054 00000B41 8D 5D D8                        	LEA	EBX,DWORD [-40+EBP]
  1055 00000B44 E8 [00000000]                   	CALL	_io_cli
  1056 00000B49 53                              	PUSH	EBX
  1057 00000B4A E8 [00000000]                   	CALL	_fifo32_status
  1058 00000B4F 5A                              	POP	EDX
  1059 00000B50 85 C0                           	TEST	EAX,EAX
  1060 00000B52 74 18                           	JE	L72
  1061 00000B54 53                              	PUSH	EBX
  1062 00000B55 E8 [00000000]                   	CALL	_fifo32_get
  1063 00000B5A 89 C3                           	MOV	EBX,EAX
  1064 00000B5C E8 [00000000]                   	CALL	_io_sti
  1065 00000B61 5E                              	POP	ESI
  1066 00000B62 4B                              	DEC	EBX
  1067 00000B63 75 DC                           	JNE	L66
  1068 00000B65 E8 [00000000]                   	CALL	_taskswitch3
  1069 00000B6A EB D5                           	JMP	L66
  1070 00000B6C                                 L72:
  1071 00000B6C E8 [00000000]                   	CALL	_io_sti
  1072 00000B71 E8 [00000000]                   	CALL	_io_hlt
  1073 00000B76 EB C9                           	JMP	L66
