     1 00000000                                 [FORMAT "WCOFF"]
     2 00000000                                 [INSTRSET "i486p"]
     3 00000000                                 [OPTIMIZE 1]
     4 00000000                                 [OPTION 1]
     5 00000000                                 [BITS 32]
     6 00000000                                 	EXTERN	_init_gdtidt
     7 00000000                                 	EXTERN	_init_pic
     8 00000000                                 	EXTERN	_io_sti
     9 00000000                                 	EXTERN	_fifo32_init
    10 00000000                                 	EXTERN	_init_pit
    11 00000000                                 	EXTERN	_init_keyboard
    12 00000000                                 	EXTERN	_enable_mouse
    13 00000000                                 	EXTERN	_io_out8
    14 00000000                                 	EXTERN	_timer_alloc
    15 00000000                                 	EXTERN	_timer_init
    16 00000000                                 	EXTERN	_timer_settime
    17 00000000                                 	EXTERN	_memtest
    18 00000000                                 	EXTERN	_memman_init
    19 00000000                                 	EXTERN	_memman_free
    20 00000000                                 	EXTERN	_init_palette
    21 00000000                                 	EXTERN	_shtctl_init
    22 00000000                                 	EXTERN	_sheet_alloc
    23 00000000                                 	EXTERN	_memman_alloc_4k
    24 00000000                                 	EXTERN	_sheet_setbuf
    25 00000000                                 	EXTERN	_init_screen8
    26 00000000                                 	EXTERN	_init_mouse_cursor8
    27 00000000                                 	EXTERN	_sheet_slide
    28 00000000                                 	EXTERN	_sheet_updown
    29 00000000                                 	EXTERN	_sprintf
    30 00000000                                 	EXTERN	_memman_total
    31 00000000                                 	EXTERN	_io_cli
    32 00000000                                 	EXTERN	_fifo32_status
    33 00000000                                 	EXTERN	_fifo32_get
    34 00000000                                 	EXTERN	_boxfill8
    35 00000000                                 	EXTERN	_sheet_refresh
    36 00000000                                 	EXTERN	_mouse_decode
    37 00000000                                 	EXTERN	_putfonts8_asc
    38 00000000                                 [FILE "bootpack.c"]
    39                                          [SECTION .data]
    40 00000000                                 LC0:
    41 00000000 63 6F 75 6E 74 65 72 00         	DB	"counter",0x00
    42 00000008                                 LC1:
    43 00000008 28 25 33 64 2C 20 25 33 64 29   	DB	"(%3d, %3d)",0x00
       00000012 00 
    44 00000013                                 LC2:
    45 00000013 6D 65 6D 6F 72 79 20 25 64 4D   	DB	"memory %dMB   free : %dKB",0x00
       0000001D 42 20 20 20 66 72 65 65 20 3A 
       00000027 20 25 64 4B 42 00 
    46 0000002D                                 LC7:
    47 0000002D 33 5B 73 65 63 5D 00            	DB	"3[sec]",0x00
    48 00000034                                 LC5:
    49 00000034 31 30 5B 73 65 63 5D 00         	DB	"10[sec]",0x00
    50 0000003C                                 LC6:
    51 0000003C 25 30 31 30 64 00               	DB	"%010d",0x00
    52 00000042                                 LC4:
    53 00000042 5B 6C 63 72 20 25 34 64 20 25   	DB	"[lcr %4d %4d]",0x00
       0000004C 34 64 5D 00 
    54 00000050                                 LC3:
    55 00000050 25 30 32 58 00                  	DB	"%02X",0x00
    56                                          [SECTION .text]
    57 00000000                                 	GLOBAL	_HariMain
    58 00000000                                 _HariMain:
    59 00000000 55                              	PUSH	EBP
    60 00000001 89 E5                           	MOV	EBP,ESP
    61 00000003 57                              	PUSH	EDI
    62 00000004 56                              	PUSH	ESI
    63 00000005 53                              	PUSH	EBX
    64 00000006 8D 75 D4                        	LEA	ESI,DWORD [-44+EBP]
    65 00000009 81 EC 00000384                  	SUB	ESP,900
    66 0000000F E8 [00000000]                   	CALL	_init_gdtidt
    67 00000014 E8 [00000000]                   	CALL	_init_pic
    68 00000019 E8 [00000000]                   	CALL	_io_sti
    69 0000001E 8D 85 FFFFFDA4                  	LEA	EAX,DWORD [-604+EBP]
    70 00000024 50                              	PUSH	EAX
    71 00000025 68 00000080                     	PUSH	128
    72 0000002A 56                              	PUSH	ESI
    73 0000002B E8 [00000000]                   	CALL	_fifo32_init
    74 00000030 E8 [00000000]                   	CALL	_init_pit
    75 00000035 68 00000100                     	PUSH	256
    76 0000003A 56                              	PUSH	ESI
    77 0000003B E8 [00000000]                   	CALL	_init_keyboard
    78 00000040 8D 85 FFFFFD94                  	LEA	EAX,DWORD [-620+EBP]
    79 00000046 50                              	PUSH	EAX
    80 00000047 68 00000200                     	PUSH	512
    81 0000004C 56                              	PUSH	ESI
    82 0000004D E8 [00000000]                   	CALL	_enable_mouse
    83 00000052 83 C4 20                        	ADD	ESP,32
    84 00000055 68 000000F8                     	PUSH	248
    85 0000005A 6A 21                           	PUSH	33
    86 0000005C E8 [00000000]                   	CALL	_io_out8
    87 00000061 68 000000EF                     	PUSH	239
    88 00000066 68 000000A1                     	PUSH	161
    89 0000006B E8 [00000000]                   	CALL	_io_out8
    90 00000070 E8 [00000000]                   	CALL	_timer_alloc
    91 00000075 6A 0A                           	PUSH	10
    92 00000077 56                              	PUSH	ESI
    93 00000078 89 C3                           	MOV	EBX,EAX
    94 0000007A 50                              	PUSH	EAX
    95 0000007B E8 [00000000]                   	CALL	_timer_init
    96 00000080 68 000003E8                     	PUSH	1000
    97 00000085 53                              	PUSH	EBX
    98 00000086 E8 [00000000]                   	CALL	_timer_settime
    99 0000008B 83 C4 24                        	ADD	ESP,36
   100 0000008E E8 [00000000]                   	CALL	_timer_alloc
   101 00000093 6A 03                           	PUSH	3
   102 00000095 89 C3                           	MOV	EBX,EAX
   103 00000097 56                              	PUSH	ESI
   104 00000098 50                              	PUSH	EAX
   105 00000099 E8 [00000000]                   	CALL	_timer_init
   106 0000009E 68 0000012C                     	PUSH	300
   107 000000A3 53                              	PUSH	EBX
   108 000000A4 E8 [00000000]                   	CALL	_timer_settime
   109 000000A9 E8 [00000000]                   	CALL	_timer_alloc
   110 000000AE 6A 01                           	PUSH	1
   111 000000B0 56                              	PUSH	ESI
   112 000000B1 50                              	PUSH	EAX
   113 000000B2 89 85 FFFFFC90                  	MOV	DWORD [-880+EBP],EAX
   114 000000B8 E8 [00000000]                   	CALL	_timer_init
   115 000000BD 83 C4 20                        	ADD	ESP,32
   116 000000C0 6A 32                           	PUSH	50
   117 000000C2 FF B5 FFFFFC90                  	PUSH	DWORD [-880+EBP]
   118 000000C8 E8 [00000000]                   	CALL	_timer_settime
   119 000000CD 68 BFFFFFFF                     	PUSH	-1073741825
   120 000000D2 68 00400000                     	PUSH	4194304
   121 000000D7 E8 [00000000]                   	CALL	_memtest
   122 000000DC 68 003C0000                     	PUSH	3932160
   123 000000E1 89 85 FFFFFC88                  	MOV	DWORD [-888+EBP],EAX
   124 000000E7 E8 [00000000]                   	CALL	_memman_init
   125 000000EC 68 0009E000                     	PUSH	647168
   126 000000F1 68 00001000                     	PUSH	4096
   127 000000F6 68 003C0000                     	PUSH	3932160
   128 000000FB E8 [00000000]                   	CALL	_memman_free
   129 00000100 8B 85 FFFFFC88                  	MOV	EAX,DWORD [-888+EBP]
   130 00000106 83 C4 20                        	ADD	ESP,32
   131 00000109 2D 00400000                     	SUB	EAX,4194304
   132 0000010E 50                              	PUSH	EAX
   133 0000010F 68 00400000                     	PUSH	4194304
   134 00000114 68 003C0000                     	PUSH	3932160
   135 00000119 E8 [00000000]                   	CALL	_memman_free
   136 0000011E E8 [00000000]                   	CALL	_init_palette
   137 00000123 0F BF 05 00000FF6               	MOVSX	EAX,WORD [4086]
   138 0000012A 50                              	PUSH	EAX
   139 0000012B 0F BF 05 00000FF4               	MOVSX	EAX,WORD [4084]
   140 00000132 50                              	PUSH	EAX
   141 00000133 FF 35 00000FF8                  	PUSH	DWORD [4088]
   142 00000139 68 003C0000                     	PUSH	3932160
   143 0000013E E8 [00000000]                   	CALL	_shtctl_init
   144 00000143 89 C3                           	MOV	EBX,EAX
   145 00000145 50                              	PUSH	EAX
   146 00000146 E8 [00000000]                   	CALL	_sheet_alloc
   147 0000014B 83 C4 20                        	ADD	ESP,32
   148 0000014E 53                              	PUSH	EBX
   149 0000014F 89 85 FFFFFC84                  	MOV	DWORD [-892+EBP],EAX
   150 00000155 E8 [00000000]                   	CALL	_sheet_alloc
   151 0000015A 53                              	PUSH	EBX
   152 0000015B 8D 9D FFFFFC94                  	LEA	EBX,DWORD [-876+EBP]
   153 00000161 89 85 FFFFFC80                  	MOV	DWORD [-896+EBP],EAX
   154 00000167 E8 [00000000]                   	CALL	_sheet_alloc
   155 0000016C 0F BF 15 00000FF6               	MOVSX	EDX,WORD [4086]
   156 00000173 89 85 FFFFFC7C                  	MOV	DWORD [-900+EBP],EAX
   157 00000179 0F BF 05 00000FF4               	MOVSX	EAX,WORD [4084]
   158 00000180 0F AF C2                        	IMUL	EAX,EDX
   159 00000183 50                              	PUSH	EAX
   160 00000184 68 003C0000                     	PUSH	3932160
   161 00000189 E8 [00000000]                   	CALL	_memman_alloc_4k
   162 0000018E 68 00002080                     	PUSH	8320
   163 00000193 68 003C0000                     	PUSH	3932160
   164 00000198 89 85 FFFFFC78                  	MOV	DWORD [-904+EBP],EAX
   165 0000019E E8 [00000000]                   	CALL	_memman_alloc_4k
   166 000001A3 6A FF                           	PUSH	-1
   167 000001A5 89 C6                           	MOV	ESI,EAX
   168 000001A7 0F BF 05 00000FF6               	MOVSX	EAX,WORD [4086]
   169 000001AE 50                              	PUSH	EAX
   170 000001AF 0F BF 05 00000FF4               	MOVSX	EAX,WORD [4084]
   171 000001B6 50                              	PUSH	EAX
   172 000001B7 FF B5 FFFFFC78                  	PUSH	DWORD [-904+EBP]
   173 000001BD FF B5 FFFFFC84                  	PUSH	DWORD [-892+EBP]
   174 000001C3 E8 [00000000]                   	CALL	_sheet_setbuf
   175 000001C8 83 C4 2C                        	ADD	ESP,44
   176 000001CB 6A 63                           	PUSH	99
   177 000001CD 6A 10                           	PUSH	16
   178 000001CF 6A 10                           	PUSH	16
   179 000001D1 53                              	PUSH	EBX
   180 000001D2 FF B5 FFFFFC80                  	PUSH	DWORD [-896+EBP]
   181 000001D8 E8 [00000000]                   	CALL	_sheet_setbuf
   182 000001DD 6A FF                           	PUSH	-1
   183 000001DF 6A 34                           	PUSH	52
   184 000001E1 68 000000A0                     	PUSH	160
   185 000001E6 56                              	PUSH	ESI
   186 000001E7 FF B5 FFFFFC7C                  	PUSH	DWORD [-900+EBP]
   187 000001ED E8 [00000000]                   	CALL	_sheet_setbuf
   188 000001F2 83 C4 28                        	ADD	ESP,40
   189 000001F5 0F BF 05 00000FF6               	MOVSX	EAX,WORD [4086]
   190 000001FC 50                              	PUSH	EAX
   191 000001FD 0F BF 05 00000FF4               	MOVSX	EAX,WORD [4084]
   192 00000204 50                              	PUSH	EAX
   193 00000205 FF B5 FFFFFC78                  	PUSH	DWORD [-904+EBP]
   194 0000020B E8 [00000000]                   	CALL	_init_screen8
   195 00000210 6A 63                           	PUSH	99
   196 00000212 53                              	PUSH	EBX
   197 00000213 BB 00000002                     	MOV	EBX,2
   198 00000218 E8 [00000000]                   	CALL	_init_mouse_cursor8
   199 0000021D 68 [00000000]                   	PUSH	LC0
   200 00000222 6A 34                           	PUSH	52
   201 00000224 68 000000A0                     	PUSH	160
   202 00000229 56                              	PUSH	ESI
   203 0000022A E8 00000352                     	CALL	_make_window8
   204 0000022F 83 C4 24                        	ADD	ESP,36
   205 00000232 6A 00                           	PUSH	0
   206 00000234 6A 00                           	PUSH	0
   207 00000236 FF B5 FFFFFC84                  	PUSH	DWORD [-892+EBP]
   208 0000023C E8 [00000000]                   	CALL	_sheet_slide
   209 00000241 0F BF 05 00000FF4               	MOVSX	EAX,WORD [4084]
   210 00000248 8D 48 F0                        	LEA	ECX,DWORD [-16+EAX]
   211 0000024B 89 C8                           	MOV	EAX,ECX
   212 0000024D 99                              	CDQ
   213 0000024E F7 FB                           	IDIV	EBX
   214 00000250 89 85 FFFFFC8C                  	MOV	DWORD [-884+EBP],EAX
   215 00000256 0F BF 05 00000FF6               	MOVSX	EAX,WORD [4086]
   216 0000025D 8D 48 D4                        	LEA	ECX,DWORD [-44+EAX]
   217 00000260 89 C8                           	MOV	EAX,ECX
   218 00000262 99                              	CDQ
   219 00000263 F7 FB                           	IDIV	EBX
   220 00000265 50                              	PUSH	EAX
   221 00000266 89 C7                           	MOV	EDI,EAX
   222 00000268 FF B5 FFFFFC8C                  	PUSH	DWORD [-884+EBP]
   223 0000026E FF B5 FFFFFC80                  	PUSH	DWORD [-896+EBP]
   224 00000274 8D 5D A4                        	LEA	EBX,DWORD [-92+EBP]
   225 00000277 E8 [00000000]                   	CALL	_sheet_slide
   226 0000027C 6A 48                           	PUSH	72
   227 0000027E 6A 50                           	PUSH	80
   228 00000280 FF B5 FFFFFC7C                  	PUSH	DWORD [-900+EBP]
   229 00000286 E8 [00000000]                   	CALL	_sheet_slide
   230 0000028B 83 C4 24                        	ADD	ESP,36
   231 0000028E 6A 00                           	PUSH	0
   232 00000290 FF B5 FFFFFC84                  	PUSH	DWORD [-892+EBP]
   233 00000296 E8 [00000000]                   	CALL	_sheet_updown
   234 0000029B 6A 01                           	PUSH	1
   235 0000029D FF B5 FFFFFC7C                  	PUSH	DWORD [-900+EBP]
   236 000002A3 E8 [00000000]                   	CALL	_sheet_updown
   237 000002A8 6A 02                           	PUSH	2
   238 000002AA FF B5 FFFFFC80                  	PUSH	DWORD [-896+EBP]
   239 000002B0 E8 [00000000]                   	CALL	_sheet_updown
   240 000002B5 57                              	PUSH	EDI
   241 000002B6 FF B5 FFFFFC8C                  	PUSH	DWORD [-884+EBP]
   242 000002BC 68 [00000008]                   	PUSH	LC1
   243 000002C1 53                              	PUSH	EBX
   244 000002C2 E8 [00000000]                   	CALL	_sprintf
   245 000002C7 83 C4 28                        	ADD	ESP,40
   246 000002CA 6A 0A                           	PUSH	10
   247 000002CC 53                              	PUSH	EBX
   248 000002CD 6A 0E                           	PUSH	14
   249 000002CF 6A 07                           	PUSH	7
   250 000002D1 6A 00                           	PUSH	0
   251 000002D3 6A 00                           	PUSH	0
   252 000002D5 FF B5 FFFFFC84                  	PUSH	DWORD [-892+EBP]
   253 000002DB E8 0000040D                     	CALL	_putfonts8_asc_sht
   254 000002E0 68 003C0000                     	PUSH	3932160
   255 000002E5 E8 [00000000]                   	CALL	_memman_total
   256 000002EA C1 AD FFFFFC88 14               	SHR	DWORD [-888+EBP],20
   257 000002F1 C1 E8 0A                        	SHR	EAX,10
   258 000002F4 89 04 24                        	MOV	DWORD [ESP],EAX
   259 000002F7 FF B5 FFFFFC88                  	PUSH	DWORD [-888+EBP]
   260 000002FD 68 [00000013]                   	PUSH	LC2
   261 00000302 53                              	PUSH	EBX
   262 00000303 E8 [00000000]                   	CALL	_sprintf
   263 00000308 83 C4 2C                        	ADD	ESP,44
   264 0000030B 6A 28                           	PUSH	40
   265 0000030D 53                              	PUSH	EBX
   266 0000030E 6A 0E                           	PUSH	14
   267 00000310 6A 07                           	PUSH	7
   268 00000312 6A 20                           	PUSH	32
   269 00000314                                 L29:
   270 00000314 6A 00                           	PUSH	0
   271 00000316 FF B5 FFFFFC84                  	PUSH	DWORD [-892+EBP]
   272 0000031C                                 L27:
   273 0000031C E8 000003CC                     	CALL	_putfonts8_asc_sht
   274 00000321                                 L26:
   275 00000321 83 C4 1C                        	ADD	ESP,28
   276 00000324                                 L2:
   277 00000324 8D 75 D4                        	LEA	ESI,DWORD [-44+EBP]
   278 00000327 E8 [00000000]                   	CALL	_io_cli
   279 0000032C 56                              	PUSH	ESI
   280 0000032D E8 [00000000]                   	CALL	_fifo32_status
   281 00000332 59                              	POP	ECX
   282 00000333 85 C0                           	TEST	EAX,EAX
   283 00000335 0F 84 0000023C                  	JE	L30
   284 0000033B 56                              	PUSH	ESI
   285 0000033C E8 [00000000]                   	CALL	_fifo32_get
   286 00000341 89 C3                           	MOV	EBX,EAX
   287 00000343 E8 [00000000]                   	CALL	_io_sti
   288 00000348 5A                              	POP	EDX
   289 00000349 8D 83 FFFFFF00                  	LEA	EAX,DWORD [-256+EBX]
   290 0000034F 3D 000000FF                     	CMP	EAX,255
   291 00000354 0F 86 000001F0                  	JBE	L31
   292 0000035A 8D 83 FFFFFE00                  	LEA	EAX,DWORD [-512+EBX]
   293 00000360 3D 000000FF                     	CMP	EAX,255
   294 00000365 0F 86 000000D9                  	JBE	L32
   295 0000036B 83 FB 0A                        	CMP	EBX,10
   296 0000036E 0F 84 0000008D                  	JE	L33
   297 00000374 83 FB 03                        	CMP	EBX,3
   298 00000377 74 76                           	JE	L34
   299 00000379 83 FB 01                        	CMP	EBX,1
   300 0000037C 74 57                           	JE	L35
   301 0000037E 85 DB                           	TEST	EBX,EBX
   302 00000380 75 A2                           	JNE	L2
   303 00000382 6A 01                           	PUSH	1
   304 00000384 56                              	PUSH	ESI
   305 00000385 FF B5 FFFFFC90                  	PUSH	DWORD [-880+EBP]
   306 0000038B E8 [00000000]                   	CALL	_timer_init
   307 00000390 6A 6F                           	PUSH	111
   308 00000392 6A 0F                           	PUSH	15
   309 00000394 6A 60                           	PUSH	96
   310 00000396 6A 08                           	PUSH	8
   311 00000398 6A 0E                           	PUSH	14
   312 0000039A                                 L28:
   313 0000039A 0F BF 05 00000FF4               	MOVSX	EAX,WORD [4084]
   314 000003A1 50                              	PUSH	EAX
   315 000003A2 FF B5 FFFFFC78                  	PUSH	DWORD [-904+EBP]
   316 000003A8 E8 [00000000]                   	CALL	_boxfill8
   317 000003AD 83 C4 28                        	ADD	ESP,40
   318 000003B0 6A 32                           	PUSH	50
   319 000003B2 FF B5 FFFFFC90                  	PUSH	DWORD [-880+EBP]
   320 000003B8 E8 [00000000]                   	CALL	_timer_settime
   321 000003BD 6A 70                           	PUSH	112
   322 000003BF 6A 10                           	PUSH	16
   323 000003C1 6A 60                           	PUSH	96
   324 000003C3 6A 08                           	PUSH	8
   325 000003C5 FF B5 FFFFFC84                  	PUSH	DWORD [-892+EBP]
   326 000003CB E8 [00000000]                   	CALL	_sheet_refresh
   327 000003D0 E9 FFFFFF4C                     	JMP	L26
   328 000003D5                                 L35:
   329 000003D5 6A 00                           	PUSH	0
   330 000003D7 56                              	PUSH	ESI
   331 000003D8 FF B5 FFFFFC90                  	PUSH	DWORD [-880+EBP]
   332 000003DE E8 [00000000]                   	CALL	_timer_init
   333 000003E3 6A 6F                           	PUSH	111
   334 000003E5 6A 0F                           	PUSH	15
   335 000003E7 6A 60                           	PUSH	96
   336 000003E9 6A 08                           	PUSH	8
   337 000003EB 6A 07                           	PUSH	7
   338 000003ED EB AB                           	JMP	L28
   339 000003EF                                 L34:
   340 000003EF 6A 06                           	PUSH	6
   341 000003F1 68 [0000002D]                   	PUSH	LC7
   342 000003F6 6A 0E                           	PUSH	14
   343 000003F8 6A 07                           	PUSH	7
   344 000003FA 6A 50                           	PUSH	80
   345 000003FC E9 FFFFFF13                     	JMP	L29
   346 00000401                                 L33:
   347 00000401 6A 07                           	PUSH	7
   348 00000403 8D 5D A4                        	LEA	EBX,DWORD [-92+EBP]
   349 00000406 68 [00000034]                   	PUSH	LC5
   350 0000040B 6A 0E                           	PUSH	14
   351 0000040D 6A 07                           	PUSH	7
   352 0000040F 6A 40                           	PUSH	64
   353 00000411 6A 00                           	PUSH	0
   354 00000413 FF B5 FFFFFC84                  	PUSH	DWORD [-892+EBP]
   355 00000419 E8 000002CF                     	CALL	_putfonts8_asc_sht
   356 0000041E 6A 00                           	PUSH	0
   357 00000420 68 [0000003C]                   	PUSH	LC6
   358 00000425 53                              	PUSH	EBX
   359 00000426 E8 [00000000]                   	CALL	_sprintf
   360 0000042B 83 C4 28                        	ADD	ESP,40
   361 0000042E 6A 0A                           	PUSH	10
   362 00000430 53                              	PUSH	EBX
   363 00000431 6A 08                           	PUSH	8
   364 00000433 6A 00                           	PUSH	0
   365 00000435 6A 1C                           	PUSH	28
   366 00000437 6A 28                           	PUSH	40
   367 00000439 FF B5 FFFFFC7C                  	PUSH	DWORD [-900+EBP]
   368 0000043F E9 FFFFFED8                     	JMP	L27
   369 00000444                                 L32:
   370 00000444 0F B6 C3                        	MOVZX	EAX,BL
   371 00000447 50                              	PUSH	EAX
   372 00000448 8D 85 FFFFFD94                  	LEA	EAX,DWORD [-620+EBP]
   373 0000044E 50                              	PUSH	EAX
   374 0000044F E8 [00000000]                   	CALL	_mouse_decode
   375 00000454 5A                              	POP	EDX
   376 00000455 59                              	POP	ECX
   377 00000456 85 C0                           	TEST	EAX,EAX
   378 00000458 0F 84 FFFFFEC6                  	JE	L2
   379 0000045E FF B5 FFFFFD9C                  	PUSH	DWORD [-612+EBP]
   380 00000464 FF B5 FFFFFD98                  	PUSH	DWORD [-616+EBP]
   381 0000046A 68 [00000042]                   	PUSH	LC4
   382 0000046F 8D 5D A4                        	LEA	EBX,DWORD [-92+EBP]
   383 00000472 53                              	PUSH	EBX
   384 00000473 E8 [00000000]                   	CALL	_sprintf
   385 00000478 83 C4 10                        	ADD	ESP,16
   386 0000047B 8B 85 FFFFFDA0                  	MOV	EAX,DWORD [-608+EBP]
   387 00000481 A9 00000001                     	TEST	EAX,1
   388 00000486 74 04                           	JE	L11
   389 00000488 C6 45 A5 4C                     	MOV	BYTE [-91+EBP],76
   390 0000048C                                 L11:
   391 0000048C A9 00000002                     	TEST	EAX,2
   392 00000491 74 04                           	JE	L12
   393 00000493 C6 45 A7 52                     	MOV	BYTE [-89+EBP],82
   394 00000497                                 L12:
   395 00000497 83 E0 04                        	AND	EAX,4
   396 0000049A 74 04                           	JE	L13
   397 0000049C C6 45 A6 43                     	MOV	BYTE [-90+EBP],67
   398 000004A0                                 L13:
   399 000004A0 6A 0F                           	PUSH	15
   400 000004A2 53                              	PUSH	EBX
   401 000004A3 6A 0E                           	PUSH	14
   402 000004A5 6A 07                           	PUSH	7
   403 000004A7 6A 10                           	PUSH	16
   404 000004A9 6A 20                           	PUSH	32
   405 000004AB FF B5 FFFFFC84                  	PUSH	DWORD [-892+EBP]
   406 000004B1 E8 00000237                     	CALL	_putfonts8_asc_sht
   407 000004B6 8B 85 FFFFFD98                  	MOV	EAX,DWORD [-616+EBP]
   408 000004BC 03 BD FFFFFD9C                  	ADD	EDI,DWORD [-612+EBP]
   409 000004C2 83 C4 1C                        	ADD	ESP,28
   410 000004C5 01 85 FFFFFC8C                  	ADD	DWORD [-884+EBP],EAX
   411 000004CB 78 71                           	JS	L36
   412 000004CD                                 L14:
   413 000004CD 85 FF                           	TEST	EDI,EDI
   414 000004CF 78 69                           	JS	L37
   415 000004D1                                 L15:
   416 000004D1 0F BF 05 00000FF4               	MOVSX	EAX,WORD [4084]
   417 000004D8 48                              	DEC	EAX
   418 000004D9 39 85 FFFFFC8C                  	CMP	DWORD [-884+EBP],EAX
   419 000004DF 7E 06                           	JLE	L16
   420 000004E1 89 85 FFFFFC8C                  	MOV	DWORD [-884+EBP],EAX
   421 000004E7                                 L16:
   422 000004E7 0F BF 05 00000FF6               	MOVSX	EAX,WORD [4086]
   423 000004EE 48                              	DEC	EAX
   424 000004EF 39 C7                           	CMP	EDI,EAX
   425 000004F1 7E 02                           	JLE	L17
   426 000004F3 89 C7                           	MOV	EDI,EAX
   427 000004F5                                 L17:
   428 000004F5 57                              	PUSH	EDI
   429 000004F6 FF B5 FFFFFC8C                  	PUSH	DWORD [-884+EBP]
   430 000004FC 68 [00000008]                   	PUSH	LC1
   431 00000501 53                              	PUSH	EBX
   432 00000502 E8 [00000000]                   	CALL	_sprintf
   433 00000507 6A 0A                           	PUSH	10
   434 00000509 53                              	PUSH	EBX
   435 0000050A 6A 0E                           	PUSH	14
   436 0000050C 6A 07                           	PUSH	7
   437 0000050E 6A 00                           	PUSH	0
   438 00000510 6A 00                           	PUSH	0
   439 00000512 FF B5 FFFFFC84                  	PUSH	DWORD [-892+EBP]
   440 00000518 E8 000001D0                     	CALL	_putfonts8_asc_sht
   441 0000051D 83 C4 2C                        	ADD	ESP,44
   442 00000520 57                              	PUSH	EDI
   443 00000521 FF B5 FFFFFC8C                  	PUSH	DWORD [-884+EBP]
   444 00000527 FF B5 FFFFFC80                  	PUSH	DWORD [-896+EBP]
   445 0000052D E8 [00000000]                   	CALL	_sheet_slide
   446 00000532 83 C4 0C                        	ADD	ESP,12
   447 00000535 E9 FFFFFDEA                     	JMP	L2
   448 0000053A                                 L37:
   449 0000053A 31 FF                           	XOR	EDI,EDI
   450 0000053C EB 93                           	JMP	L15
   451 0000053E                                 L36:
   452 0000053E C7 85 FFFFFC8C 00000000         	MOV	DWORD [-884+EBP],0
   453 00000548 EB 83                           	JMP	L14
   454 0000054A                                 L31:
   455 0000054A 50                              	PUSH	EAX
   456 0000054B 8D 5D A4                        	LEA	EBX,DWORD [-92+EBP]
   457 0000054E 68 [00000050]                   	PUSH	LC3
   458 00000553 53                              	PUSH	EBX
   459 00000554 E8 [00000000]                   	CALL	_sprintf
   460 00000559 6A 02                           	PUSH	2
   461 0000055B 53                              	PUSH	EBX
   462 0000055C 6A 0E                           	PUSH	14
   463 0000055E 6A 07                           	PUSH	7
   464 00000560 6A 10                           	PUSH	16
   465 00000562 6A 00                           	PUSH	0
   466 00000564 FF B5 FFFFFC84                  	PUSH	DWORD [-892+EBP]
   467 0000056A E8 0000017E                     	CALL	_putfonts8_asc_sht
   468 0000056F 83 C4 28                        	ADD	ESP,40
   469 00000572 E9 FFFFFDAD                     	JMP	L2
   470 00000577                                 L30:
   471 00000577 E8 [00000000]                   	CALL	_io_sti
   472 0000057C E9 FFFFFDA3                     	JMP	L2
   473                                          [SECTION .data]
   474 00000055                                 _closebtn.0:
   475 00000055 4F 4F 4F 4F 4F 4F 4F 4F 4F 4F   	DB	"OOOOOOOOOOOOOOO@"
       0000005F 4F 4F 4F 4F 4F 40 
   476 00000065 4F 51 51 51 51 51 51 51 51 51   	DB	"OQQQQQQQQQQQQQ$@"
       0000006F 51 51 51 51 24 40 
   477 00000075 4F 51 51 51 51 51 51 51 51 51   	DB	"OQQQQQQQQQQQQQ$@"
       0000007F 51 51 51 51 24 40 
   478 00000085 4F 51 51 51 40 40 51 51 51 51   	DB	"OQQQ@@QQQQ@@QQ$@"
       0000008F 40 40 51 51 24 40 
   479 00000095 4F 51 51 51 51 40 40 51 51 40   	DB	"OQQQQ@@QQ@@QQQ$@"
       0000009F 40 51 51 51 24 40 
   480 000000A5 4F 51 51 51 51 51 40 40 40 40   	DB	"OQQQQQ@@@@QQQQ$@"
       000000AF 51 51 51 51 24 40 
   481 000000B5 4F 51 51 51 51 51 51 40 40 51   	DB	"OQQQQQQ@@QQQQQ$@"
       000000BF 51 51 51 51 24 40 
   482 000000C5 4F 51 51 51 51 51 40 40 40 40   	DB	"OQQQQQ@@@@QQQQ$@"
       000000CF 51 51 51 51 24 40 
   483 000000D5 4F 51 51 51 51 40 40 51 51 40   	DB	"OQQQQ@@QQ@@QQQ$@"
       000000DF 40 51 51 51 24 40 
   484 000000E5 4F 51 51 51 40 40 51 51 51 51   	DB	"OQQQ@@QQQQ@@QQ$@"
       000000EF 40 40 51 51 24 40 
   485 000000F5 4F 51 51 51 51 51 51 51 51 51   	DB	"OQQQQQQQQQQQQQ$@"
       000000FF 51 51 51 51 24 40 
   486 00000105 4F 51 51 51 51 51 51 51 51 51   	DB	"OQQQQQQQQQQQQQ$@"
       0000010F 51 51 51 51 24 40 
   487 00000115 4F 24 24 24 24 24 24 24 24 24   	DB	"O$$$$$$$$$$$$$$@"
       0000011F 24 24 24 24 24 40 
   488 00000125 40 40 40 40 40 40 40 40 40 40   	DB	"@@@@@@@@@@@@@@@@"
       0000012F 40 40 40 40 40 40 
   489                                          [SECTION .text]
   490 00000581                                 	GLOBAL	_make_window8
   491 00000581                                 _make_window8:
   492 00000581 55                              	PUSH	EBP
   493 00000582 89 E5                           	MOV	EBP,ESP
   494 00000584 57                              	PUSH	EDI
   495 00000585 56                              	PUSH	ESI
   496 00000586 53                              	PUSH	EBX
   497 00000587 83 EC 14                        	SUB	ESP,20
   498 0000058A 8B 5D 0C                        	MOV	EBX,DWORD [12+EBP]
   499 0000058D 6A 00                           	PUSH	0
   500 0000058F 8D 43 FF                        	LEA	EAX,DWORD [-1+EBX]
   501 00000592 8D 7B FE                        	LEA	EDI,DWORD [-2+EBX]
   502 00000595 50                              	PUSH	EAX
   503 00000596 89 45 EC                        	MOV	DWORD [-20+EBP],EAX
   504 00000599 6A 00                           	PUSH	0
   505 0000059B 6A 00                           	PUSH	0
   506 0000059D 6A 08                           	PUSH	8
   507 0000059F 53                              	PUSH	EBX
   508 000005A0 FF 75 08                        	PUSH	DWORD [8+EBP]
   509 000005A3 E8 [00000000]                   	CALL	_boxfill8
   510 000005A8 6A 01                           	PUSH	1
   511 000005AA 57                              	PUSH	EDI
   512 000005AB 6A 01                           	PUSH	1
   513 000005AD 6A 01                           	PUSH	1
   514 000005AF 6A 07                           	PUSH	7
   515 000005B1 53                              	PUSH	EBX
   516 000005B2 FF 75 08                        	PUSH	DWORD [8+EBP]
   517 000005B5 E8 [00000000]                   	CALL	_boxfill8
   518 000005BA 8B 55 10                        	MOV	EDX,DWORD [16+EBP]
   519 000005BD 83 C4 38                        	ADD	ESP,56
   520 000005C0 4A                              	DEC	EDX
   521 000005C1 89 55 E8                        	MOV	DWORD [-24+EBP],EDX
   522 000005C4 52                              	PUSH	EDX
   523 000005C5 6A 00                           	PUSH	0
   524 000005C7 6A 00                           	PUSH	0
   525 000005C9 6A 00                           	PUSH	0
   526 000005CB 6A 08                           	PUSH	8
   527 000005CD 53                              	PUSH	EBX
   528 000005CE FF 75 08                        	PUSH	DWORD [8+EBP]
   529 000005D1 E8 [00000000]                   	CALL	_boxfill8
   530 000005D6 8B 75 10                        	MOV	ESI,DWORD [16+EBP]
   531 000005D9 83 EE 02                        	SUB	ESI,2
   532 000005DC 56                              	PUSH	ESI
   533 000005DD 6A 01                           	PUSH	1
   534 000005DF 6A 01                           	PUSH	1
   535 000005E1 6A 01                           	PUSH	1
   536 000005E3 6A 07                           	PUSH	7
   537 000005E5 53                              	PUSH	EBX
   538 000005E6 FF 75 08                        	PUSH	DWORD [8+EBP]
   539 000005E9 E8 [00000000]                   	CALL	_boxfill8
   540 000005EE 83 C4 38                        	ADD	ESP,56
   541 000005F1 56                              	PUSH	ESI
   542 000005F2 57                              	PUSH	EDI
   543 000005F3 6A 01                           	PUSH	1
   544 000005F5 57                              	PUSH	EDI
   545 000005F6 6A 0F                           	PUSH	15
   546 000005F8 53                              	PUSH	EBX
   547 000005F9 FF 75 08                        	PUSH	DWORD [8+EBP]
   548 000005FC E8 [00000000]                   	CALL	_boxfill8
   549 00000601 FF 75 E8                        	PUSH	DWORD [-24+EBP]
   550 00000604 FF 75 EC                        	PUSH	DWORD [-20+EBP]
   551 00000607 6A 00                           	PUSH	0
   552 00000609 FF 75 EC                        	PUSH	DWORD [-20+EBP]
   553 0000060C 6A 00                           	PUSH	0
   554 0000060E 53                              	PUSH	EBX
   555 0000060F FF 75 08                        	PUSH	DWORD [8+EBP]
   556 00000612 E8 [00000000]                   	CALL	_boxfill8
   557 00000617 8B 45 10                        	MOV	EAX,DWORD [16+EBP]
   558 0000061A 83 C4 38                        	ADD	ESP,56
   559 0000061D 83 E8 03                        	SUB	EAX,3
   560 00000620 50                              	PUSH	EAX
   561 00000621 8D 43 FD                        	LEA	EAX,DWORD [-3+EBX]
   562 00000624 50                              	PUSH	EAX
   563 00000625 6A 02                           	PUSH	2
   564 00000627 6A 02                           	PUSH	2
   565 00000629 6A 08                           	PUSH	8
   566 0000062B 53                              	PUSH	EBX
   567 0000062C FF 75 08                        	PUSH	DWORD [8+EBP]
   568 0000062F E8 [00000000]                   	CALL	_boxfill8
   569 00000634 8D 43 FC                        	LEA	EAX,DWORD [-4+EBX]
   570 00000637 6A 14                           	PUSH	20
   571 00000639 50                              	PUSH	EAX
   572 0000063A 6A 03                           	PUSH	3
   573 0000063C 6A 03                           	PUSH	3
   574 0000063E 6A 0C                           	PUSH	12
   575 00000640 53                              	PUSH	EBX
   576 00000641 FF 75 08                        	PUSH	DWORD [8+EBP]
   577 00000644 E8 [00000000]                   	CALL	_boxfill8
   578 00000649 83 C4 38                        	ADD	ESP,56
   579 0000064C 56                              	PUSH	ESI
   580 0000064D 57                              	PUSH	EDI
   581 0000064E 56                              	PUSH	ESI
   582 0000064F 6A 01                           	PUSH	1
   583 00000651 6A 0F                           	PUSH	15
   584 00000653 53                              	PUSH	EBX
   585 00000654 FF 75 08                        	PUSH	DWORD [8+EBP]
   586 00000657 E8 [00000000]                   	CALL	_boxfill8
   587 0000065C FF 75 E8                        	PUSH	DWORD [-24+EBP]
   588 0000065F FF 75 EC                        	PUSH	DWORD [-20+EBP]
   589 00000662 FF 75 E8                        	PUSH	DWORD [-24+EBP]
   590 00000665 6A 00                           	PUSH	0
   591 00000667 6A 00                           	PUSH	0
   592 00000669 6B F3 05                        	IMUL	ESI,EBX,5
   593 0000066C 53                              	PUSH	EBX
   594 0000066D FF 75 08                        	PUSH	DWORD [8+EBP]
   595 00000670 E8 [00000000]                   	CALL	_boxfill8
   596 00000675 83 C4 38                        	ADD	ESP,56
   597 00000678 FF 75 14                        	PUSH	DWORD [20+EBP]
   598 0000067B 6A 07                           	PUSH	7
   599 0000067D 6A 04                           	PUSH	4
   600 0000067F 6A 18                           	PUSH	24
   601 00000681 53                              	PUSH	EBX
   602 00000682 FF 75 08                        	PUSH	DWORD [8+EBP]
   603 00000685 E8 [00000000]                   	CALL	_putfonts8_asc
   604 0000068A 83 C4 18                        	ADD	ESP,24
   605 0000068D C7 45 F0 00000000               	MOV	DWORD [-16+EBP],0
   606 00000694 C7 45 E0 00000000               	MOV	DWORD [-32+EBP],0
   607 0000069B                                 L54:
   608 0000069B 8D 04 1E                        	LEA	EAX,DWORD [ESI+EBX*1]
   609 0000069E 8B 55 08                        	MOV	EDX,DWORD [8+EBP]
   610 000006A1 31 FF                           	XOR	EDI,EDI
   611 000006A3 8D 4C 02 EB                     	LEA	ECX,DWORD [-21+EDX+EAX*1]
   612 000006A7                                 L53:
   613 000006A7 8B 45 E0                        	MOV	EAX,DWORD [-32+EBP]
   614 000006AA 8A 94 07 [00000055]             	MOV	DL,BYTE [_closebtn.0+EDI+EAX*1]
   615 000006B1 80 FA 40                        	CMP	DL,64
   616 000006B4 74 33                           	JE	L59
   617 000006B6 80 FA 24                        	CMP	DL,36
   618 000006B9 74 2A                           	JE	L60
   619 000006BB 80 FA 51                        	CMP	DL,81
   620 000006BE B2 08                           	MOV	DL,8
   621 000006C0 0F 95 C0                        	SETNE	AL
   622 000006C3 28 C2                           	SUB	DL,AL
   623 000006C5                                 L48:
   624 000006C5 47                              	INC	EDI
   625 000006C6 88 11                           	MOV	BYTE [ECX],DL
   626 000006C8 41                              	INC	ECX
   627 000006C9 83 FF 0F                        	CMP	EDI,15
   628 000006CC 7E D9                           	JLE	L53
   629 000006CE FF 45 F0                        	INC	DWORD [-16+EBP]
   630 000006D1 01 DE                           	ADD	ESI,EBX
   631 000006D3 83 45 E0 10                     	ADD	DWORD [-32+EBP],16
   632 000006D7 83 7D F0 0D                     	CMP	DWORD [-16+EBP],13
   633 000006DB 7E BE                           	JLE	L54
   634 000006DD 8D 65 F4                        	LEA	ESP,DWORD [-12+EBP]
   635 000006E0 5B                              	POP	EBX
   636 000006E1 5E                              	POP	ESI
   637 000006E2 5F                              	POP	EDI
   638 000006E3 5D                              	POP	EBP
   639 000006E4 C3                              	RET
   640 000006E5                                 L60:
   641 000006E5 B2 0F                           	MOV	DL,15
   642 000006E7 EB DC                           	JMP	L48
   643 000006E9                                 L59:
   644 000006E9 31 D2                           	XOR	EDX,EDX
   645 000006EB EB D8                           	JMP	L48
   646 000006ED                                 	GLOBAL	_putfonts8_asc_sht
   647 000006ED                                 _putfonts8_asc_sht:
   648 000006ED 55                              	PUSH	EBP
   649 000006EE 89 E5                           	MOV	EBP,ESP
   650 000006F0 57                              	PUSH	EDI
   651 000006F1 56                              	PUSH	ESI
   652 000006F2 53                              	PUSH	EBX
   653 000006F3 83 EC 0C                        	SUB	ESP,12
   654 000006F6 8B 45 08                        	MOV	EAX,DWORD [8+EBP]
   655 000006F9 8B 7D 10                        	MOV	EDI,DWORD [16+EBP]
   656 000006FC 89 45 F0                        	MOV	DWORD [-16+EBP],EAX
   657 000006FF 8B 5D 14                        	MOV	EBX,DWORD [20+EBP]
   658 00000702 8B 45 0C                        	MOV	EAX,DWORD [12+EBP]
   659 00000705 89 45 EC                        	MOV	DWORD [-20+EBP],EAX
   660 00000708 8B 45 1C                        	MOV	EAX,DWORD [28+EBP]
   661 0000070B 89 45 E8                        	MOV	DWORD [-24+EBP],EAX
   662 0000070E 8D 47 0F                        	LEA	EAX,DWORD [15+EDI]
   663 00000711 50                              	PUSH	EAX
   664 00000712 8B 45 EC                        	MOV	EAX,DWORD [-20+EBP]
   665 00000715 8B 75 20                        	MOV	ESI,DWORD [32+EBP]
   666 00000718 0F BE DB                        	MOVSX	EBX,BL
   667 0000071B 8D 34 F0                        	LEA	ESI,DWORD [EAX+ESI*8]
   668 0000071E 8D 46 FF                        	LEA	EAX,DWORD [-1+ESI]
   669 00000721 50                              	PUSH	EAX
   670 00000722 57                              	PUSH	EDI
   671 00000723 FF 75 EC                        	PUSH	DWORD [-20+EBP]
   672 00000726 0F B6 45 18                     	MOVZX	EAX,BYTE [24+EBP]
   673 0000072A 50                              	PUSH	EAX
   674 0000072B 8B 45 F0                        	MOV	EAX,DWORD [-16+EBP]
   675 0000072E FF 70 04                        	PUSH	DWORD [4+EAX]
   676 00000731 FF 30                           	PUSH	DWORD [EAX]
   677 00000733 E8 [00000000]                   	CALL	_boxfill8
   678 00000738 FF 75 E8                        	PUSH	DWORD [-24+EBP]
   679 0000073B 53                              	PUSH	EBX
   680 0000073C 57                              	PUSH	EDI
   681 0000073D FF 75 EC                        	PUSH	DWORD [-20+EBP]
   682 00000740 8B 45 F0                        	MOV	EAX,DWORD [-16+EBP]
   683 00000743 FF 70 04                        	PUSH	DWORD [4+EAX]
   684 00000746 FF 30                           	PUSH	DWORD [EAX]
   685 00000748 E8 [00000000]                   	CALL	_putfonts8_asc
   686 0000074D 89 7D 10                        	MOV	DWORD [16+EBP],EDI
   687 00000750 8D 47 10                        	LEA	EAX,DWORD [16+EDI]
   688 00000753 89 75 14                        	MOV	DWORD [20+EBP],ESI
   689 00000756 89 45 18                        	MOV	DWORD [24+EBP],EAX
   690 00000759 83 C4 34                        	ADD	ESP,52
   691 0000075C 8B 45 EC                        	MOV	EAX,DWORD [-20+EBP]
   692 0000075F 89 45 0C                        	MOV	DWORD [12+EBP],EAX
   693 00000762 8B 45 F0                        	MOV	EAX,DWORD [-16+EBP]
   694 00000765 89 45 08                        	MOV	DWORD [8+EBP],EAX
   695 00000768 8D 65 F4                        	LEA	ESP,DWORD [-12+EBP]
   696 0000076B 5B                              	POP	EBX
   697 0000076C 5E                              	POP	ESI
   698 0000076D 5F                              	POP	EDI
   699 0000076E 5D                              	POP	EBP
   700 0000076F E9 [00000000]                   	JMP	_sheet_refresh
