     1 00000000                                 [FORMAT "WCOFF"]
     2 00000000                                 [INSTRSET "i486p"]
     3 00000000                                 [OPTIMIZE 1]
     4 00000000                                 [OPTION 1]
     5 00000000                                 [BITS 32]
     6 00000000                                 	EXTERN	_init_gdtidt
     7 00000000                                 	EXTERN	_init_pic
     8 00000000                                 	EXTERN	_io_sti
     9 00000000                                 	EXTERN	_fifo32_init
    10 00000000                                 	EXTERN	_init_pit
    11 00000000                                 	EXTERN	_init_keyboard
    12 00000000                                 	EXTERN	_enable_mouse
    13 00000000                                 	EXTERN	_io_out8
    14 00000000                                 	EXTERN	_memtest
    15 00000000                                 	EXTERN	_memman_init
    16 00000000                                 	EXTERN	_memman_free
    17 00000000                                 	EXTERN	_init_palette
    18 00000000                                 	EXTERN	_shtctl_init
    19 00000000                                 	EXTERN	_task_init
    20 00000000                                 	EXTERN	_task_run
    21 00000000                                 	EXTERN	_sheet_alloc
    22 00000000                                 	EXTERN	_memman_alloc_4k
    23 00000000                                 	EXTERN	_sheet_setbuf
    24 00000000                                 	EXTERN	_init_screen8
    25 00000000                                 	EXTERN	_init_mouse_cursor8
    26 00000000                                 	EXTERN	_sheet_slide
    27 00000000                                 	EXTERN	_sheet_updown
    28 00000000                                 	EXTERN	_fifo32_put
    29 00000000                                 	EXTERN	_fifo32_status
    30 00000000                                 	EXTERN	_io_cli
    31 00000000                                 	EXTERN	_fifo32_get
    32 00000000                                 	EXTERN	_taskctl
    33 00000000                                 	EXTERN	_mouse_decode
    34 00000000                                 	EXTERN	_cons_putstr0
    35 00000000                                 	EXTERN	_asm_end_app
    36 00000000                                 	EXTERN	_keytable0.0
    37 00000000                                 	EXTERN	_wait_KBC_sendready
    38 00000000                                 	EXTERN	_keytable1.1
    39 00000000                                 	EXTERN	_task_sleep
    40 00000000                                 	EXTERN	_change_wtitle8
    41 00000000                                 	EXTERN	_task_alloc
    42 00000000                                 	EXTERN	_console_task
    43 00000000                                 	EXTERN	_make_window8
    44 00000000                                 	EXTERN	_make_textbox8
    45 00000000                                 	EXTERN	_memman_free_4k
    46 00000000                                 	EXTERN	_sheet_free
    47 00000000                                 [FILE "bootpack.c"]
    48                                          [SECTION .data]
    49 00000000                                 _keytable0.0:
    50 00000000 00                              	DB	0
    51 00000001 00                              	DB	0
    52 00000002 31                              	DB	49
    53 00000003 32                              	DB	50
    54 00000004 33                              	DB	51
    55 00000005 34                              	DB	52
    56 00000006 35                              	DB	53
    57 00000007 36                              	DB	54
    58 00000008 37                              	DB	55
    59 00000009 38                              	DB	56
    60 0000000A 39                              	DB	57
    61 0000000B 30                              	DB	48
    62 0000000C 2D                              	DB	45
    63 0000000D 5E                              	DB	94
    64 0000000E 08                              	DB	8
    65 0000000F 00                              	DB	0
    66 00000010 51                              	DB	81
    67 00000011 57                              	DB	87
    68 00000012 45                              	DB	69
    69 00000013 52                              	DB	82
    70 00000014 54                              	DB	84
    71 00000015 59                              	DB	89
    72 00000016 55                              	DB	85
    73 00000017 49                              	DB	73
    74 00000018 4F                              	DB	79
    75 00000019 50                              	DB	80
    76 0000001A 40                              	DB	64
    77 0000001B 5B                              	DB	91
    78 0000001C 0A                              	DB	10
    79 0000001D 00                              	DB	0
    80 0000001E 41                              	DB	65
    81 0000001F 53                              	DB	83
    82 00000020 44                              	DB	68
    83 00000021 46                              	DB	70
    84 00000022 47                              	DB	71
    85 00000023 48                              	DB	72
    86 00000024 4A                              	DB	74
    87 00000025 4B                              	DB	75
    88 00000026 4C                              	DB	76
    89 00000027 3B                              	DB	59
    90 00000028 3A                              	DB	58
    91 00000029 00                              	DB	0
    92 0000002A 00                              	DB	0
    93 0000002B 5D                              	DB	93
    94 0000002C 5A                              	DB	90
    95 0000002D 58                              	DB	88
    96 0000002E 43                              	DB	67
    97 0000002F 56                              	DB	86
    98 00000030 42                              	DB	66
    99 00000031 4E                              	DB	78
   100 00000032 4D                              	DB	77
   101 00000033 2C                              	DB	44
   102 00000034 2E                              	DB	46
   103 00000035 2F                              	DB	47
   104 00000036 00                              	DB	0
   105 00000037 2A                              	DB	42
   106 00000038 00                              	DB	0
   107 00000039 20                              	DB	32
   108 0000003A 00                              	DB	0
   109 0000003B 00                              	DB	0
   110 0000003C 00                              	DB	0
   111 0000003D 00                              	DB	0
   112 0000003E 00                              	DB	0
   113 0000003F 00                              	DB	0
   114 00000040 00                              	DB	0
   115 00000041 00                              	DB	0
   116 00000042 00                              	DB	0
   117 00000043 00                              	DB	0
   118 00000044 00                              	DB	0
   119 00000045 00                              	DB	0
   120 00000046 00                              	DB	0
   121 00000047 37                              	DB	55
   122 00000048 38                              	DB	56
   123 00000049 39                              	DB	57
   124 0000004A 2D                              	DB	45
   125 0000004B 34                              	DB	52
   126 0000004C 35                              	DB	53
   127 0000004D 36                              	DB	54
   128 0000004E 2B                              	DB	43
   129 0000004F 31                              	DB	49
   130 00000050 32                              	DB	50
   131 00000051 33                              	DB	51
   132 00000052 30                              	DB	48
   133 00000053 2E                              	DB	46
   134 00000054 00                              	DB	0
   135 00000055 00                              	DB	0
   136 00000056 00                              	DB	0
   137 00000057 00                              	DB	0
   138 00000058 00                              	DB	0
   139 00000059 00                              	DB	0
   140 0000005A 00                              	DB	0
   141 0000005B 00                              	DB	0
   142 0000005C 00                              	DB	0
   143 0000005D 00                              	DB	0
   144 0000005E 00                              	DB	0
   145 0000005F 00                              	DB	0
   146 00000060 00                              	DB	0
   147 00000061 00                              	DB	0
   148 00000062 00                              	DB	0
   149 00000063 00                              	DB	0
   150 00000064 00                              	DB	0
   151 00000065 00                              	DB	0
   152 00000066 00                              	DB	0
   153 00000067 00                              	DB	0
   154 00000068 00                              	DB	0
   155 00000069 00                              	DB	0
   156 0000006A 00                              	DB	0
   157 0000006B 00                              	DB	0
   158 0000006C 00                              	DB	0
   159 0000006D 00                              	DB	0
   160 0000006E 00                              	DB	0
   161 0000006F 00                              	DB	0
   162 00000070 00                              	DB	0
   163 00000071 00                              	DB	0
   164 00000072 00                              	DB	0
   165 00000073 5C                              	DB	92
   166 00000074 00                              	DB	0
   167 00000075 00                              	DB	0
   168 00000076 00                              	DB	0
   169 00000077 00                              	DB	0
   170 00000078 00                              	DB	0
   171 00000079 00                              	DB	0
   172 0000007A 00                              	DB	0
   173 0000007B 00                              	DB	0
   174 0000007C 00                              	DB	0
   175 0000007D 5C                              	DB	92
   176 0000007E 00                              	DB	0
   177 0000007F 00                              	DB	0
   178 00000080                                 _keytable1.1:
   179 00000080 00                              	DB	0
   180 00000081 00                              	DB	0
   181 00000082 21                              	DB	33
   182 00000083 22                              	DB	34
   183 00000084 23                              	DB	35
   184 00000085 24                              	DB	36
   185 00000086 25                              	DB	37
   186 00000087 26                              	DB	38
   187 00000088 27                              	DB	39
   188 00000089 28                              	DB	40
   189 0000008A 29                              	DB	41
   190 0000008B 7E                              	DB	126
   191 0000008C 3D                              	DB	61
   192 0000008D 7E                              	DB	126
   193 0000008E 08                              	DB	8
   194 0000008F 00                              	DB	0
   195 00000090 51                              	DB	81
   196 00000091 57                              	DB	87
   197 00000092 45                              	DB	69
   198 00000093 52                              	DB	82
   199 00000094 54                              	DB	84
   200 00000095 59                              	DB	89
   201 00000096 55                              	DB	85
   202 00000097 49                              	DB	73
   203 00000098 4F                              	DB	79
   204 00000099 50                              	DB	80
   205 0000009A 60                              	DB	96
   206 0000009B 7B                              	DB	123
   207 0000009C 0A                              	DB	10
   208 0000009D 00                              	DB	0
   209 0000009E 41                              	DB	65
   210 0000009F 53                              	DB	83
   211 000000A0 44                              	DB	68
   212 000000A1 46                              	DB	70
   213 000000A2 47                              	DB	71
   214 000000A3 48                              	DB	72
   215 000000A4 4A                              	DB	74
   216 000000A5 4B                              	DB	75
   217 000000A6 4C                              	DB	76
   218 000000A7 2B                              	DB	43
   219 000000A8 2A                              	DB	42
   220 000000A9 00                              	DB	0
   221 000000AA 00                              	DB	0
   222 000000AB 7D                              	DB	125
   223 000000AC 5A                              	DB	90
   224 000000AD 58                              	DB	88
   225 000000AE 43                              	DB	67
   226 000000AF 56                              	DB	86
   227 000000B0 42                              	DB	66
   228 000000B1 4E                              	DB	78
   229 000000B2 4D                              	DB	77
   230 000000B3 3C                              	DB	60
   231 000000B4 3E                              	DB	62
   232 000000B5 3F                              	DB	63
   233 000000B6 00                              	DB	0
   234 000000B7 2A                              	DB	42
   235 000000B8 00                              	DB	0
   236 000000B9 20                              	DB	32
   237 000000BA 00                              	DB	0
   238 000000BB 00                              	DB	0
   239 000000BC 00                              	DB	0
   240 000000BD 00                              	DB	0
   241 000000BE 00                              	DB	0
   242 000000BF 00                              	DB	0
   243 000000C0 00                              	DB	0
   244 000000C1 00                              	DB	0
   245 000000C2 00                              	DB	0
   246 000000C3 00                              	DB	0
   247 000000C4 00                              	DB	0
   248 000000C5 00                              	DB	0
   249 000000C6 00                              	DB	0
   250 000000C7 37                              	DB	55
   251 000000C8 38                              	DB	56
   252 000000C9 39                              	DB	57
   253 000000CA 2D                              	DB	45
   254 000000CB 34                              	DB	52
   255 000000CC 35                              	DB	53
   256 000000CD 36                              	DB	54
   257 000000CE 2B                              	DB	43
   258 000000CF 31                              	DB	49
   259 000000D0 32                              	DB	50
   260 000000D1 33                              	DB	51
   261 000000D2 30                              	DB	48
   262 000000D3 2E                              	DB	46
   263 000000D4 00                              	DB	0
   264 000000D5 00                              	DB	0
   265 000000D6 00                              	DB	0
   266 000000D7 00                              	DB	0
   267 000000D8 00                              	DB	0
   268 000000D9 00                              	DB	0
   269 000000DA 00                              	DB	0
   270 000000DB 00                              	DB	0
   271 000000DC 00                              	DB	0
   272 000000DD 00                              	DB	0
   273 000000DE 00                              	DB	0
   274 000000DF 00                              	DB	0
   275 000000E0 00                              	DB	0
   276 000000E1 00                              	DB	0
   277 000000E2 00                              	DB	0
   278 000000E3 00                              	DB	0
   279 000000E4 00                              	DB	0
   280 000000E5 00                              	DB	0
   281 000000E6 00                              	DB	0
   282 000000E7 00                              	DB	0
   283 000000E8 00                              	DB	0
   284 000000E9 00                              	DB	0
   285 000000EA 00                              	DB	0
   286 000000EB 00                              	DB	0
   287 000000EC 00                              	DB	0
   288 000000ED 00                              	DB	0
   289 000000EE 00                              	DB	0
   290 000000EF 00                              	DB	0
   291 000000F0 00                              	DB	0
   292 000000F1 00                              	DB	0
   293 000000F2 00                              	DB	0
   294 000000F3 5F                              	DB	95
   295 000000F4 00                              	DB	0
   296 000000F5 00                              	DB	0
   297 000000F6 00                              	DB	0
   298 000000F7 00                              	DB	0
   299 000000F8 00                              	DB	0
   300 000000F9 00                              	DB	0
   301 000000FA 00                              	DB	0
   302 000000FB 00                              	DB	0
   303 000000FC 00                              	DB	0
   304 000000FD 7C                              	DB	124
   305 000000FE 00                              	DB	0
   306 000000FF 00                              	DB	0
   307 00000100                                 LC1:
   308 00000100 0A 42 72 65 61 6B 28 6D 6F 75   	DB	0x0A,"Break(mouse) :",0x0A,0x00
       0000010A 73 65 29 20 3A 0A 00 
   309 00000111                                 LC0:
   310 00000111 0A 42 72 65 61 6B 28 6B 65 79   	DB	0x0A,"Break(key) :",0x0A,0x00
       0000011B 29 20 3A 0A 00 
   311                                          [SECTION .text]
   312 00000000                                 	GLOBAL	_HariMain
   313 00000000                                 _HariMain:
   314 00000000 55                              	PUSH	EBP
   315 00000001 89 E5                           	MOV	EBP,ESP
   316 00000003 57                              	PUSH	EDI
   317 00000004 56                              	PUSH	ESI
   318 00000005 53                              	PUSH	EBX
   319 00000006 8D 5D A4                        	LEA	EBX,DWORD [-92+EBP]
   320 00000009 81 EC 00000450                  	SUB	ESP,1104
   321 0000000F C7 85 FFFFFBE4 FFFFFFFF         	MOV	DWORD [-1052+EBP],-1
   322 00000019 C7 85 FFFFFBE0 00000000         	MOV	DWORD [-1056+EBP],0
   323 00000023 C7 85 FFFFFBDC 7FFFFFFF         	MOV	DWORD [-1060+EBP],2147483647
   324 0000002D C7 85 FFFFFBD8 00000000         	MOV	DWORD [-1064+EBP],0
   325 00000037 C7 85 FFFFFBC8 00000000         	MOV	DWORD [-1080+EBP],0
   326 00000041 A0 00000FF1                     	MOV	AL,BYTE [4081]
   327 00000046 C0 F8 04                        	SAR	AL,4
   328 00000049 89 C2                           	MOV	EDX,EAX
   329 0000004B 83 E2 07                        	AND	EDX,7
   330 0000004E 89 95 FFFFFBC4                  	MOV	DWORD [-1084+EBP],EDX
   331 00000054 C7 85 FFFFFBC0 FFFFFFFF         	MOV	DWORD [-1088+EBP],-1
   332 0000005E C7 85 FFFFFBBC FFFFFFFF         	MOV	DWORD [-1092+EBP],-1
   333 00000068 C7 85 FFFFFBB8 FFFFFFFF         	MOV	DWORD [-1096+EBP],-1
   334 00000072 C7 85 FFFFFBB4 00000000         	MOV	DWORD [-1100+EBP],0
   335 0000007C C7 85 FFFFFBB0 00000000         	MOV	DWORD [-1104+EBP],0
   336 00000086 E8 [00000000]                   	CALL	_init_gdtidt
   337 0000008B E8 [00000000]                   	CALL	_init_pic
   338 00000090 E8 [00000000]                   	CALL	_io_sti
   339 00000095 8D 85 FFFFFD84                  	LEA	EAX,DWORD [-636+EBP]
   340 0000009B 6A 00                           	PUSH	0
   341 0000009D 50                              	PUSH	EAX
   342 0000009E 68 00000080                     	PUSH	128
   343 000000A3 53                              	PUSH	EBX
   344 000000A4 E8 [00000000]                   	CALL	_fifo32_init
   345 000000A9 89 1D 00000FEC                  	MOV	DWORD [4076],EBX
   346 000000AF E8 [00000000]                   	CALL	_init_pit
   347 000000B4 68 00000100                     	PUSH	256
   348 000000B9 53                              	PUSH	EBX
   349 000000BA E8 [00000000]                   	CALL	_init_keyboard
   350 000000BF 8D 85 FFFFFCF4                  	LEA	EAX,DWORD [-780+EBP]
   351 000000C5 50                              	PUSH	EAX
   352 000000C6 68 00000200                     	PUSH	512
   353 000000CB 53                              	PUSH	EBX
   354 000000CC E8 [00000000]                   	CALL	_enable_mouse
   355 000000D1 83 C4 24                        	ADD	ESP,36
   356 000000D4 68 000000F8                     	PUSH	248
   357 000000D9 6A 21                           	PUSH	33
   358 000000DB E8 [00000000]                   	CALL	_io_out8
   359 000000E0 68 000000EF                     	PUSH	239
   360 000000E5 68 000000A1                     	PUSH	161
   361 000000EA E8 [00000000]                   	CALL	_io_out8
   362 000000EF 8D 85 FFFFFD04                  	LEA	EAX,DWORD [-764+EBP]
   363 000000F5 6A 00                           	PUSH	0
   364 000000F7 50                              	PUSH	EAX
   365 000000F8 8D 45 84                        	LEA	EAX,DWORD [-124+EBP]
   366 000000FB 6A 20                           	PUSH	32
   367 000000FD 50                              	PUSH	EAX
   368 000000FE E8 [00000000]                   	CALL	_fifo32_init
   369 00000103 83 C4 20                        	ADD	ESP,32
   370 00000106 68 BFFFFFFF                     	PUSH	-1073741825
   371 0000010B 68 00400000                     	PUSH	4194304
   372 00000110 E8 [00000000]                   	CALL	_memtest
   373 00000115 68 003C0000                     	PUSH	3932160
   374 0000011A 89 85 FFFFFBD4                  	MOV	DWORD [-1068+EBP],EAX
   375 00000120 E8 [00000000]                   	CALL	_memman_init
   376 00000125 68 0009E000                     	PUSH	647168
   377 0000012A 68 00001000                     	PUSH	4096
   378 0000012F 68 003C0000                     	PUSH	3932160
   379 00000134 E8 [00000000]                   	CALL	_memman_free
   380 00000139 8B 85 FFFFFBD4                  	MOV	EAX,DWORD [-1068+EBP]
   381 0000013F 2D 00400000                     	SUB	EAX,4194304
   382 00000144 50                              	PUSH	EAX
   383 00000145 68 00400000                     	PUSH	4194304
   384 0000014A 68 003C0000                     	PUSH	3932160
   385 0000014F E8 [00000000]                   	CALL	_memman_free
   386 00000154 83 C4 24                        	ADD	ESP,36
   387 00000157 E8 [00000000]                   	CALL	_init_palette
   388 0000015C 0F BF 05 00000FF6               	MOVSX	EAX,WORD [4086]
   389 00000163 50                              	PUSH	EAX
   390 00000164 0F BF 05 00000FF4               	MOVSX	EAX,WORD [4084]
   391 0000016B 50                              	PUSH	EAX
   392 0000016C FF 35 00000FF8                  	PUSH	DWORD [4088]
   393 00000172 68 003C0000                     	PUSH	3932160
   394 00000177 E8 [00000000]                   	CALL	_shtctl_init
   395 0000017C 68 003C0000                     	PUSH	3932160
   396 00000181 89 85 FFFFFBF0                  	MOV	DWORD [-1040+EBP],EAX
   397 00000187 E8 [00000000]                   	CALL	_task_init
   398 0000018C 6A 02                           	PUSH	2
   399 0000018E 6A 01                           	PUSH	1
   400 00000190 89 85 FFFFFBCC                  	MOV	DWORD [-1076+EBP],EAX
   401 00000196 50                              	PUSH	EAX
   402 00000197 89 45 BC                        	MOV	DWORD [-68+EBP],EAX
   403 0000019A E8 [00000000]                   	CALL	_task_run
   404 0000019F 83 C4 20                        	ADD	ESP,32
   405 000001A2 8B 95 FFFFFBF0                  	MOV	EDX,DWORD [-1040+EBP]
   406 000001A8 89 15 00000FE4                  	MOV	DWORD [4068],EDX
   407 000001AE 52                              	PUSH	EDX
   408 000001AF E8 [00000000]                   	CALL	_sheet_alloc
   409 000001B4 89 C6                           	MOV	ESI,EAX
   410 000001B6 0F BF 15 00000FF6               	MOVSX	EDX,WORD [4086]
   411 000001BD 0F BF 05 00000FF4               	MOVSX	EAX,WORD [4084]
   412 000001C4 0F AF C2                        	IMUL	EAX,EDX
   413 000001C7 50                              	PUSH	EAX
   414 000001C8 68 003C0000                     	PUSH	3932160
   415 000001CD E8 [00000000]                   	CALL	_memman_alloc_4k
   416 000001D2 6A FF                           	PUSH	-1
   417 000001D4 89 C3                           	MOV	EBX,EAX
   418 000001D6 0F BF 05 00000FF6               	MOVSX	EAX,WORD [4086]
   419 000001DD 50                              	PUSH	EAX
   420 000001DE 0F BF 05 00000FF4               	MOVSX	EAX,WORD [4084]
   421 000001E5 50                              	PUSH	EAX
   422 000001E6 53                              	PUSH	EBX
   423 000001E7 56                              	PUSH	ESI
   424 000001E8 E8 [00000000]                   	CALL	_sheet_setbuf
   425 000001ED 83 C4 20                        	ADD	ESP,32
   426 000001F0 0F BF 05 00000FF6               	MOVSX	EAX,WORD [4086]
   427 000001F7 50                              	PUSH	EAX
   428 000001F8 0F BF 05 00000FF4               	MOVSX	EAX,WORD [4084]
   429 000001FF 50                              	PUSH	EAX
   430 00000200 53                              	PUSH	EBX
   431 00000201 8D 9D FFFFFBF4                  	LEA	EBX,DWORD [-1036+EBP]
   432 00000207 E8 [00000000]                   	CALL	_init_screen8
   433 0000020C FF B5 FFFFFBD4                  	PUSH	DWORD [-1068+EBP]
   434 00000212 FF B5 FFFFFBF0                  	PUSH	DWORD [-1040+EBP]
   435 00000218 E8 000008F9                     	CALL	_open_console
   436 0000021D FF B5 FFFFFBF0                  	PUSH	DWORD [-1040+EBP]
   437 00000223 89 C7                           	MOV	EDI,EAX
   438 00000225 E8 [00000000]                   	CALL	_sheet_alloc
   439 0000022A 6A 63                           	PUSH	99
   440 0000022C 6A 10                           	PUSH	16
   441 0000022E 89 85 FFFFFBD0                  	MOV	DWORD [-1072+EBP],EAX
   442 00000234 6A 10                           	PUSH	16
   443 00000236 53                              	PUSH	EBX
   444 00000237 50                              	PUSH	EAX
   445 00000238 E8 [00000000]                   	CALL	_sheet_setbuf
   446 0000023D 83 C4 2C                        	ADD	ESP,44
   447 00000240 6A 63                           	PUSH	99
   448 00000242 53                              	PUSH	EBX
   449 00000243 BB 00000002                     	MOV	EBX,2
   450 00000248 E8 [00000000]                   	CALL	_init_mouse_cursor8
   451 0000024D 0F BF 05 00000FF4               	MOVSX	EAX,WORD [4084]
   452 00000254 8D 48 F0                        	LEA	ECX,DWORD [-16+EAX]
   453 00000257 89 C8                           	MOV	EAX,ECX
   454 00000259 99                              	CDQ
   455 0000025A F7 FB                           	IDIV	EBX
   456 0000025C 89 85 FFFFFBEC                  	MOV	DWORD [-1044+EBP],EAX
   457 00000262 0F BF 05 00000FF6               	MOVSX	EAX,WORD [4086]
   458 00000269 6A 00                           	PUSH	0
   459 0000026B 8D 48 D4                        	LEA	ECX,DWORD [-44+EAX]
   460 0000026E 6A 00                           	PUSH	0
   461 00000270 89 C8                           	MOV	EAX,ECX
   462 00000272 56                              	PUSH	ESI
   463 00000273 99                              	CDQ
   464 00000274 F7 FB                           	IDIV	EBX
   465 00000276 89 85 FFFFFBE8                  	MOV	DWORD [-1048+EBP],EAX
   466 0000027C E8 [00000000]                   	CALL	_sheet_slide
   467 00000281 6A 04                           	PUSH	4
   468 00000283 6A 20                           	PUSH	32
   469 00000285 57                              	PUSH	EDI
   470 00000286 E8 [00000000]                   	CALL	_sheet_slide
   471 0000028B 83 C4 20                        	ADD	ESP,32
   472 0000028E FF B5 FFFFFBE8                  	PUSH	DWORD [-1048+EBP]
   473 00000294 FF B5 FFFFFBEC                  	PUSH	DWORD [-1044+EBP]
   474 0000029A FF B5 FFFFFBD0                  	PUSH	DWORD [-1072+EBP]
   475 000002A0 E8 [00000000]                   	CALL	_sheet_slide
   476 000002A5 6A 00                           	PUSH	0
   477 000002A7 56                              	PUSH	ESI
   478 000002A8 E8 [00000000]                   	CALL	_sheet_updown
   479 000002AD 6A 01                           	PUSH	1
   480 000002AF 57                              	PUSH	EDI
   481 000002B0 E8 [00000000]                   	CALL	_sheet_updown
   482 000002B5 6A 02                           	PUSH	2
   483 000002B7 FF B5 FFFFFBD0                  	PUSH	DWORD [-1072+EBP]
   484 000002BD E8 [00000000]                   	CALL	_sheet_updown
   485 000002C2 83 C4 24                        	ADD	ESP,36
   486 000002C5 57                              	PUSH	EDI
   487 000002C6 E8 00000777                     	CALL	_keywin_on
   488 000002CB 8D 55 84                        	LEA	EDX,DWORD [-124+EBP]
   489 000002CE 68 000000ED                     	PUSH	237
   490 000002D3 52                              	PUSH	EDX
   491 000002D4 E8 [00000000]                   	CALL	_fifo32_put
   492 000002D9 8D 45 84                        	LEA	EAX,DWORD [-124+EBP]
   493 000002DC FF B5 FFFFFBC4                  	PUSH	DWORD [-1084+EBP]
   494 000002E2 50                              	PUSH	EAX
   495 000002E3 E8 [00000000]                   	CALL	_fifo32_put
   496 000002E8                                 L75:
   497 000002E8 83 C4 14                        	ADD	ESP,20
   498 000002EB                                 L2:
   499 000002EB 8D 5D 84                        	LEA	EBX,DWORD [-124+EBP]
   500 000002EE 53                              	PUSH	EBX
   501 000002EF E8 [00000000]                   	CALL	_fifo32_status
   502 000002F4 5A                              	POP	EDX
   503 000002F5 85 C0                           	TEST	EAX,EAX
   504 000002F7 7E 0D                           	JLE	L5
   505 000002F9 83 BD FFFFFBC0 00               	CMP	DWORD [-1088+EBP],0
   506 00000300 0F 88 000006E8                  	JS	L79
   507 00000306                                 L5:
   508 00000306 8D 5D A4                        	LEA	EBX,DWORD [-92+EBP]
   509 00000309 E8 [00000000]                   	CALL	_io_cli
   510 0000030E 53                              	PUSH	EBX
   511 0000030F E8 [00000000]                   	CALL	_fifo32_status
   512 00000314 5E                              	POP	ESI
   513 00000315 85 C0                           	TEST	EAX,EAX
   514 00000317 0F 84 00000672                  	JE	L80
   515 0000031D 53                              	PUSH	EBX
   516 0000031E E8 [00000000]                   	CALL	_fifo32_get
   517 00000323 89 C6                           	MOV	ESI,EAX
   518 00000325 E8 [00000000]                   	CALL	_io_sti
   519 0000032A 5B                              	POP	EBX
   520 0000032B 85 FF                           	TEST	EDI,EDI
   521 0000032D 74 27                           	JE	L12
   522 0000032F 83 7F 1C 00                     	CMP	DWORD [28+EDI],0
   523 00000333 75 21                           	JNE	L12
   524 00000335 8B 95 FFFFFBF0                  	MOV	EDX,DWORD [-1040+EBP]
   525 0000033B 31 FF                           	XOR	EDI,EDI
   526 0000033D 8B 42 10                        	MOV	EAX,DWORD [16+EDX]
   527 00000340 83 F8 01                        	CMP	EAX,1
   528 00000343 74 11                           	JE	L12
   529 00000345 8B 95 FFFFFBF0                  	MOV	EDX,DWORD [-1040+EBP]
   530 0000034B 8B 7C 82 10                     	MOV	EDI,DWORD [16+EDX+EAX*4]
   531 0000034F 57                              	PUSH	EDI
   532 00000350 E8 000006ED                     	CALL	_keywin_on
   533 00000355 59                              	POP	ECX
   534 00000356                                 L12:
   535 00000356 8D 86 FFFFFF00                  	LEA	EAX,DWORD [-256+ESI]
   536 0000035C 3D 000000FF                     	CMP	EAX,255
   537 00000361 0F 86 00000334                  	JBE	L81
   538 00000367 8D 86 FFFFFE00                  	LEA	EAX,DWORD [-512+ESI]
   539 0000036D 3D 000000FF                     	CMP	EAX,255
   540 00000372 76 54                           	JBE	L82
   541 00000374 8D 86 FFFFFD00                  	LEA	EAX,DWORD [-768+ESI]
   542 0000037A 3D 000000FF                     	CMP	EAX,255
   543 0000037F 76 2F                           	JBE	L83
   544 00000381 8D 86 FFFFFC00                  	LEA	EAX,DWORD [-1024+ESI]
   545 00000387 3D 000003E7                     	CMP	EAX,999
   546 0000038C 0F 87 FFFFFF59                  	JA	L2
   547 00000392 69 F6 000000A0                  	IMUL	ESI,ESI,160
   548 00000398 03 35 [00000000]                	ADD	ESI,DWORD [_taskctl]
   549 0000039E 8D 86 FFFD8FF8                  	LEA	EAX,DWORD [-159752+ESI]
   550 000003A4 50                              	PUSH	EAX
   551 000003A5 E8 000007EB                     	CALL	_close_constask
   552 000003AA                                 L72:
   553 000003AA 58                              	POP	EAX
   554 000003AB E9 FFFFFF3B                     	JMP	L2
   555 000003B0                                 L83:
   556 000003B0 6B C6 28                        	IMUL	EAX,ESI,40
   557 000003B3 8B 95 FFFFFBF0                  	MOV	EDX,DWORD [-1040+EBP]
   558 000003B9 8D 84 10 FFFF8C14               	LEA	EAX,DWORD [-29676+EAX+EDX*1]
   559 000003C0 50                              	PUSH	EAX
   560 000003C1 E8 0000080F                     	CALL	_close_console
   561 000003C6 EB E2                           	JMP	L72
   562 000003C8                                 L82:
   563 000003C8 89 F2                           	MOV	EDX,ESI
   564 000003CA 0F B6 C2                        	MOVZX	EAX,DL
   565 000003CD 50                              	PUSH	EAX
   566 000003CE 8D 85 FFFFFCF4                  	LEA	EAX,DWORD [-780+EBP]
   567 000003D4 50                              	PUSH	EAX
   568 000003D5 E8 [00000000]                   	CALL	_mouse_decode
   569 000003DA 5A                              	POP	EDX
   570 000003DB 59                              	POP	ECX
   571 000003DC 85 C0                           	TEST	EAX,EAX
   572 000003DE 0F 84 FFFFFF07                  	JE	L2
   573 000003E4 8B 85 FFFFFCFC                  	MOV	EAX,DWORD [-772+EBP]
   574 000003EA 8B 95 FFFFFCF8                  	MOV	EDX,DWORD [-776+EBP]
   575 000003F0 01 85 FFFFFBE8                  	ADD	DWORD [-1048+EBP],EAX
   576 000003F6 01 95 FFFFFBEC                  	ADD	DWORD [-1044+EBP],EDX
   577 000003FC 0F 88 0000028A                  	JS	L84
   578 00000402                                 L44:
   579 00000402 83 BD FFFFFBE8 00               	CMP	DWORD [-1048+EBP],0
   580 00000409 0F 88 0000026E                  	JS	L85
   581 0000040F                                 L45:
   582 0000040F 0F BF 05 00000FF4               	MOVSX	EAX,WORD [4084]
   583 00000416 48                              	DEC	EAX
   584 00000417 39 85 FFFFFBEC                  	CMP	DWORD [-1044+EBP],EAX
   585 0000041D 7E 06                           	JLE	L46
   586 0000041F 89 85 FFFFFBEC                  	MOV	DWORD [-1044+EBP],EAX
   587 00000425                                 L46:
   588 00000425 0F BF 05 00000FF6               	MOVSX	EAX,WORD [4086]
   589 0000042C 48                              	DEC	EAX
   590 0000042D 39 85 FFFFFBE8                  	CMP	DWORD [-1048+EBP],EAX
   591 00000433 7E 06                           	JLE	L47
   592 00000435 89 85 FFFFFBE8                  	MOV	DWORD [-1048+EBP],EAX
   593 0000043B                                 L47:
   594 0000043B 8B 85 FFFFFBEC                  	MOV	EAX,DWORD [-1044+EBP]
   595 00000441 8B 95 FFFFFBE8                  	MOV	EDX,DWORD [-1048+EBP]
   596 00000447 89 85 FFFFFBE4                  	MOV	DWORD [-1052+EBP],EAX
   597 0000044D 89 95 FFFFFBE0                  	MOV	DWORD [-1056+EBP],EDX
   598 00000453 F7 85 FFFFFD00 00000001         	TEST	DWORD [-768+EBP],1
   599 0000045D 75 43                           	JNE	L86
   600 0000045F C7 85 FFFFFBBC FFFFFFFF         	MOV	DWORD [-1092+EBP],-1
   601 00000469 81 BD FFFFFBDC 7FFFFFFF         	CMP	DWORD [-1060+EBP],2147483647
   602 00000473 0F 84 FFFFFE72                  	JE	L2
   603 00000479                                 L74:
   604 00000479 FF B5 FFFFFBD8                  	PUSH	DWORD [-1064+EBP]
   605 0000047F FF B5 FFFFFBDC                  	PUSH	DWORD [-1060+EBP]
   606 00000485 FF B5 FFFFFBB0                  	PUSH	DWORD [-1104+EBP]
   607 0000048B E8 [00000000]                   	CALL	_sheet_slide
   608 00000490 C7 85 FFFFFBDC 7FFFFFFF         	MOV	DWORD [-1060+EBP],2147483647
   609 0000049A                                 L76:
   610 0000049A 83 C4 0C                        	ADD	ESP,12
   611 0000049D E9 FFFFFE49                     	JMP	L2
   612 000004A2                                 L86:
   613 000004A2 83 BD FFFFFBBC 00               	CMP	DWORD [-1092+EBP],0
   614 000004A9 78 46                           	JS	L87
   615 000004AB 8B 9D FFFFFBEC                  	MOV	EBX,DWORD [-1044+EBP]
   616 000004B1 8B 85 FFFFFBB4                  	MOV	EAX,DWORD [-1100+EBP]
   617 000004B7 2B 9D FFFFFBBC                  	SUB	EBX,DWORD [-1092+EBP]
   618 000004BD 8B B5 FFFFFBE8                  	MOV	ESI,DWORD [-1048+EBP]
   619 000004C3 2B B5 FFFFFBB8                  	SUB	ESI,DWORD [-1096+EBP]
   620 000004C9 8B 95 FFFFFBE8                  	MOV	EDX,DWORD [-1048+EBP]
   621 000004CF 8D 5C 03 02                     	LEA	EBX,DWORD [2+EBX+EAX*1]
   622 000004D3 89 95 FFFFFBB8                  	MOV	DWORD [-1096+EBP],EDX
   623 000004D9 89 9D FFFFFBDC                  	MOV	DWORD [-1060+EBP],EBX
   624 000004DF 01 B5 FFFFFBD8                  	ADD	DWORD [-1064+EBP],ESI
   625 000004E5 83 A5 FFFFFBDC FC               	AND	DWORD [-1060+EBP],-4
   626 000004EC E9 FFFFFDFA                     	JMP	L2
   627 000004F1                                 L87:
   628 000004F1 8B 85 FFFFFBF0                  	MOV	EAX,DWORD [-1040+EBP]
   629 000004F7 8B 40 10                        	MOV	EAX,DWORD [16+EAX]
   630 000004FA 89 85 FFFFFBA8                  	MOV	DWORD [-1112+EBP],EAX
   631 00000500 89 C1                           	MOV	ECX,EAX
   632 00000502                                 L78:
   633 00000502 49                              	DEC	ECX
   634 00000503 85 C9                           	TEST	ECX,ECX
   635 00000505 0F 8E FFFFFDE0                  	JLE	L2
   636 0000050B 8B 95 FFFFFBF0                  	MOV	EDX,DWORD [-1040+EBP]
   637 00000511 8B B5 FFFFFBE8                  	MOV	ESI,DWORD [-1048+EBP]
   638 00000517 8B 9D FFFFFBEC                  	MOV	EBX,DWORD [-1044+EBP]
   639 0000051D 8B 54 8A 14                     	MOV	EDX,DWORD [20+EDX+ECX*4]
   640 00000521 89 95 FFFFFBB0                  	MOV	DWORD [-1104+EBP],EDX
   641 00000527 2B 72 10                        	SUB	ESI,DWORD [16+EDX]
   642 0000052A 2B 5A 0C                        	SUB	EBX,DWORD [12+EDX]
   643 0000052D 78 D3                           	JS	L78
   644 0000052F 8B 42 04                        	MOV	EAX,DWORD [4+EDX]
   645 00000532 39 C3                           	CMP	EBX,EAX
   646 00000534 7D CC                           	JGE	L78
   647 00000536 85 F6                           	TEST	ESI,ESI
   648 00000538 78 C8                           	JS	L78
   649 0000053A 3B 72 08                        	CMP	ESI,DWORD [8+EDX]
   650 0000053D 7D C3                           	JGE	L78
   651 0000053F 0F AF C6                        	IMUL	EAX,ESI
   652 00000542 89 85 FFFFFBA4                  	MOV	DWORD [-1116+EBP],EAX
   653 00000548 8B 12                           	MOV	EDX,DWORD [EDX]
   654 0000054A 8B 85 FFFFFBA4                  	MOV	EAX,DWORD [-1116+EBP]
   655 00000550 01 D8                           	ADD	EAX,EBX
   656 00000552 0F B6 04 10                     	MOVZX	EAX,BYTE [EAX+EDX*1]
   657 00000556 8B 95 FFFFFBB0                  	MOV	EDX,DWORD [-1104+EBP]
   658 0000055C 3B 42 14                        	CMP	EAX,DWORD [20+EDX]
   659 0000055F 74 A1                           	JE	L78
   660 00000561 8B 85 FFFFFBA8                  	MOV	EAX,DWORD [-1112+EBP]
   661 00000567 48                              	DEC	EAX
   662 00000568 50                              	PUSH	EAX
   663 00000569 52                              	PUSH	EDX
   664 0000056A E8 [00000000]                   	CALL	_sheet_updown
   665 0000056F 39 BD FFFFFBB0                  	CMP	DWORD [-1104+EBP],EDI
   666 00000575 59                              	POP	ECX
   667 00000576 58                              	POP	EAX
   668 00000577 74 14                           	JE	L56
   669 00000579 57                              	PUSH	EDI
   670 0000057A E8 00000495                     	CALL	_keywin_off
   671 0000057F 8B BD FFFFFBB0                  	MOV	EDI,DWORD [-1104+EBP]
   672 00000585 57                              	PUSH	EDI
   673 00000586 E8 000004B7                     	CALL	_keywin_on
   674 0000058B 58                              	POP	EAX
   675 0000058C 5A                              	POP	EDX
   676 0000058D                                 L56:
   677 0000058D 83 FB 02                        	CMP	EBX,2
   678 00000590 7E 50                           	JLE	L57
   679 00000592 8B 95 FFFFFBB0                  	MOV	EDX,DWORD [-1104+EBP]
   680 00000598 8B 42 04                        	MOV	EAX,DWORD [4+EDX]
   681 0000059B 83 E8 03                        	SUB	EAX,3
   682 0000059E 39 C3                           	CMP	EBX,EAX
   683 000005A0 7D 40                           	JGE	L57
   684 000005A2 83 FE 02                        	CMP	ESI,2
   685 000005A5 7E 3B                           	JLE	L57
   686 000005A7 83 FE 14                        	CMP	ESI,20
   687 000005AA 7F 36                           	JG	L57
   688 000005AC 8B 85 FFFFFBEC                  	MOV	EAX,DWORD [-1044+EBP]
   689 000005B2 8B 95 FFFFFBE8                  	MOV	EDX,DWORD [-1048+EBP]
   690 000005B8 89 85 FFFFFBBC                  	MOV	DWORD [-1092+EBP],EAX
   691 000005BE 89 95 FFFFFBB8                  	MOV	DWORD [-1096+EBP],EDX
   692 000005C4 8B 85 FFFFFBB0                  	MOV	EAX,DWORD [-1104+EBP]
   693 000005CA 8B 95 FFFFFBB0                  	MOV	EDX,DWORD [-1104+EBP]
   694 000005D0 8B 40 0C                        	MOV	EAX,DWORD [12+EAX]
   695 000005D3 8B 52 10                        	MOV	EDX,DWORD [16+EDX]
   696 000005D6 89 85 FFFFFBB4                  	MOV	DWORD [-1100+EBP],EAX
   697 000005DC 89 95 FFFFFBD8                  	MOV	DWORD [-1064+EBP],EDX
   698 000005E2                                 L57:
   699 000005E2 8B 85 FFFFFBB0                  	MOV	EAX,DWORD [-1104+EBP]
   700 000005E8 8B 50 04                        	MOV	EDX,DWORD [4+EAX]
   701 000005EB 8D 42 EB                        	LEA	EAX,DWORD [-21+EDX]
   702 000005EE 39 D8                           	CMP	EAX,EBX
   703 000005F0 0F 8F FFFFFCF5                  	JG	L2
   704 000005F6 8D 42 FB                        	LEA	EAX,DWORD [-5+EDX]
   705 000005F9 39 C3                           	CMP	EBX,EAX
   706 000005FB 0F 8D FFFFFCEA                  	JGE	L2
   707 00000601 83 FE 04                        	CMP	ESI,4
   708 00000604 0F 8E FFFFFCE1                  	JLE	L2
   709 0000060A 83 FE 12                        	CMP	ESI,18
   710 0000060D 0F 8F FFFFFCD8                  	JG	L2
   711 00000613 8B 95 FFFFFBB0                  	MOV	EDX,DWORD [-1104+EBP]
   712 00000619 F6 42 1C 10                     	TEST	BYTE [28+EDX],16
   713 0000061D 74 3F                           	JE	L88
   714 0000061F 8B 95 FFFFFBB0                  	MOV	EDX,DWORD [-1104+EBP]
   715 00000625 8B 5A 24                        	MOV	EBX,DWORD [36+EDX]
   716 00000628 68 [00000100]                   	PUSH	LC1
   717 0000062D FF B3 00000094                  	PUSH	DWORD [148+EBX]
   718 00000633 E8 [00000000]                   	CALL	_cons_putstr0
   719 00000638 E8 [00000000]                   	CALL	_io_cli
   720 0000063D 8D 43 30                        	LEA	EAX,DWORD [48+EBX]
   721 00000640 89 43 54                        	MOV	DWORD [84+EBX],EAX
   722 00000643 C7 43 4C [00000000]             	MOV	DWORD [76+EBX],_asm_end_app
   723 0000064A E8 [00000000]                   	CALL	_io_sti
   724 0000064F 6A 00                           	PUSH	0
   725 00000651 6A FF                           	PUSH	-1
   726 00000653 53                              	PUSH	EBX
   727 00000654 E8 [00000000]                   	CALL	_task_run
   728 00000659 E9 FFFFFC8A                     	JMP	L75
   729 0000065E                                 L88:
   730 0000065E 8B 5A 24                        	MOV	EBX,DWORD [36+EDX]
   731 00000661 E8 [00000000]                   	CALL	_io_cli
   732 00000666 6A 04                           	PUSH	4
   733 00000668 8D 43 10                        	LEA	EAX,DWORD [16+EBX]
   734 0000066B 50                              	PUSH	EAX
   735 0000066C E8 [00000000]                   	CALL	_fifo32_put
   736 00000671 E8 [00000000]                   	CALL	_io_sti
   737 00000676                                 L73:
   738 00000676 5A                              	POP	EDX
   739 00000677 59                              	POP	ECX
   740 00000678 E9 FFFFFC6E                     	JMP	L2
   741 0000067D                                 L85:
   742 0000067D C7 85 FFFFFBE8 00000000         	MOV	DWORD [-1048+EBP],0
   743 00000687 E9 FFFFFD83                     	JMP	L45
   744 0000068C                                 L84:
   745 0000068C C7 85 FFFFFBEC 00000000         	MOV	DWORD [-1044+EBP],0
   746 00000696 E9 FFFFFD67                     	JMP	L44
   747 0000069B                                 L81:
   748 0000069B 81 FE 0000017F                  	CMP	ESI,383
   749 000006A1 0F 8F 000002DF                  	JG	L16
   750 000006A7 83 BD FFFFFBC8 00               	CMP	DWORD [-1080+EBP],0
   751 000006AE 0F 85 000002C7                  	JNE	L17
   752 000006B4 8A 86 [FFFFFF00]                	MOV	AL,BYTE [_keytable0.0-256+ESI]
   753 000006BA                                 L77:
   754 000006BA 88 45 C4                        	MOV	BYTE [-60+EBP],AL
   755 000006BD                                 L19:
   756 000006BD 8A 55 C4                        	MOV	DL,BYTE [-60+EBP]
   757 000006C0 8D 42 BF                        	LEA	EAX,DWORD [-65+EDX]
   758 000006C3 3C 19                           	CMP	AL,25
   759 000006C5 77 1D                           	JA	L20
   760 000006C7 F7 85 FFFFFBC4 00000004         	TEST	DWORD [-1084+EBP],4
   761 000006D1 0F 85 00000295                  	JNE	L70
   762 000006D7 83 BD FFFFFBC8 00               	CMP	DWORD [-1080+EBP],0
   763 000006DE 0F 84 0000027D                  	JE	L22
   764 000006E4                                 L20:
   765 000006E4 8A 45 C4                        	MOV	AL,BYTE [-60+EBP]
   766 000006E7 84 C0                           	TEST	AL,AL
   767 000006E9 74 1B                           	JE	L24
   768 000006EB 85 FF                           	TEST	EDI,EDI
   769 000006ED 74 17                           	JE	L24
   770 000006EF 0F BE C0                        	MOVSX	EAX,AL
   771 000006F2 05 00000100                     	ADD	EAX,256
   772 000006F7 50                              	PUSH	EAX
   773 000006F8 8B 47 24                        	MOV	EAX,DWORD [36+EDI]
   774 000006FB 83 C0 10                        	ADD	EAX,16
   775 000006FE 50                              	PUSH	EAX
   776 000006FF E8 [00000000]                   	CALL	_fifo32_put
   777 00000704 58                              	POP	EAX
   778 00000705 5A                              	POP	EDX
   779 00000706                                 L24:
   780 00000706 81 FE 0000010F                  	CMP	ESI,271
   781 0000070C 0F 84 0000021A                  	JE	L89
   782 00000712                                 L25:
   783 00000712 81 FE 0000012A                  	CMP	ESI,298
   784 00000718 0F 84 00000202                  	JE	L90
   785 0000071E                                 L27:
   786 0000071E 81 FE 00000136                  	CMP	ESI,310
   787 00000724 0F 84 000001EA                  	JE	L91
   788 0000072A                                 L28:
   789 0000072A 81 FE 000001AA                  	CMP	ESI,426
   790 00000730 0F 84 000001D2                  	JE	L92
   791 00000736                                 L29:
   792 00000736 81 FE 000001B6                  	CMP	ESI,438
   793 0000073C 0F 84 000001BA                  	JE	L93
   794 00000742                                 L30:
   795 00000742 81 FE 0000013A                  	CMP	ESI,314
   796 00000748 0F 84 00000185                  	JE	L94
   797 0000074E                                 L31:
   798 0000074E 81 FE 00000145                  	CMP	ESI,325
   799 00000754 0F 84 00000150                  	JE	L95
   800 0000075A                                 L32:
   801 0000075A 81 FE 00000146                  	CMP	ESI,326
   802 00000760 0F 84 0000011B                  	JE	L96
   803 00000766                                 L33:
   804 00000766 81 FE 0000013B                  	CMP	ESI,315
   805 0000076C 0F 84 000000AC                  	JE	L97
   806 00000772                                 L34:
   807 00000772 81 FE 0000013C                  	CMP	ESI,316
   808 00000778 74 56                           	JE	L98
   809 0000077A                                 L36:
   810 0000077A 81 FE 00000157                  	CMP	ESI,343
   811 00000780 74 37                           	JE	L99
   812 00000782                                 L38:
   813 00000782 81 FE 000001FA                  	CMP	ESI,506
   814 00000788 74 23                           	JE	L100
   815 0000078A                                 L39:
   816 0000078A 81 FE 000001FE                  	CMP	ESI,510
   817 00000790 0F 85 FFFFFB55                  	JNE	L2
   818 00000796 E8 [00000000]                   	CALL	_wait_KBC_sendready
   819 0000079B FF B5 FFFFFBC0                  	PUSH	DWORD [-1088+EBP]
   820 000007A1 6A 60                           	PUSH	96
   821 000007A3 E8 [00000000]                   	CALL	_io_out8
   822 000007A8 E9 FFFFFEC9                     	JMP	L73
   823 000007AD                                 L100:
   824 000007AD C7 85 FFFFFBC0 FFFFFFFF         	MOV	DWORD [-1088+EBP],-1
   825 000007B7 EB D1                           	JMP	L39
   826 000007B9                                 L99:
   827 000007B9 8B 95 FFFFFBF0                  	MOV	EDX,DWORD [-1040+EBP]
   828 000007BF 8B 42 10                        	MOV	EAX,DWORD [16+EDX]
   829 000007C2 48                              	DEC	EAX
   830 000007C3 50                              	PUSH	EAX
   831 000007C4 FF 72 18                        	PUSH	DWORD [24+EDX]
   832 000007C7 E8 [00000000]                   	CALL	_sheet_updown
   833 000007CC 5B                              	POP	EBX
   834 000007CD 58                              	POP	EAX
   835 000007CE EB B2                           	JMP	L38
   836 000007D0                                 L98:
   837 000007D0 83 BD FFFFFBC8 00               	CMP	DWORD [-1080+EBP],0
   838 000007D7 74 A1                           	JE	L36
   839 000007D9 85 FF                           	TEST	EDI,EDI
   840 000007DB 74 07                           	JE	L37
   841 000007DD 57                              	PUSH	EDI
   842 000007DE E8 00000231                     	CALL	_keywin_off
   843 000007E3 58                              	POP	EAX
   844 000007E4                                 L37:
   845 000007E4 FF B5 FFFFFBD4                  	PUSH	DWORD [-1068+EBP]
   846 000007EA FF B5 FFFFFBF0                  	PUSH	DWORD [-1040+EBP]
   847 000007F0 E8 00000321                     	CALL	_open_console
   848 000007F5 6A 04                           	PUSH	4
   849 000007F7 6A 20                           	PUSH	32
   850 000007F9 89 C7                           	MOV	EDI,EAX
   851 000007FB 50                              	PUSH	EAX
   852 000007FC E8 [00000000]                   	CALL	_sheet_slide
   853 00000801 8B 85 FFFFFBF0                  	MOV	EAX,DWORD [-1040+EBP]
   854 00000807 FF 70 10                        	PUSH	DWORD [16+EAX]
   855 0000080A 57                              	PUSH	EDI
   856 0000080B E8 [00000000]                   	CALL	_sheet_updown
   857 00000810 57                              	PUSH	EDI
   858 00000811 E8 0000022C                     	CALL	_keywin_on
   859 00000816 83 C4 20                        	ADD	ESP,32
   860 00000819 E9 FFFFFF5C                     	JMP	L36
   861 0000081E                                 L97:
   862 0000081E 83 BD FFFFFBC8 00               	CMP	DWORD [-1080+EBP],0
   863 00000825 0F 84 FFFFFF47                  	JE	L34
   864 0000082B 85 FF                           	TEST	EDI,EDI
   865 0000082D 0F 84 FFFFFF3F                  	JE	L34
   866 00000833 8B 5F 24                        	MOV	EBX,DWORD [36+EDI]
   867 00000836 85 DB                           	TEST	EBX,EBX
   868 00000838 0F 84 FFFFFF34                  	JE	L34
   869 0000083E 83 7B 34 00                     	CMP	DWORD [52+EBX],0
   870 00000842 0F 84 FFFFFF2A                  	JE	L34
   871 00000848 68 [00000111]                   	PUSH	LC0
   872 0000084D FF B3 00000094                  	PUSH	DWORD [148+EBX]
   873 00000853 E8 [00000000]                   	CALL	_cons_putstr0
   874 00000858 E8 [00000000]                   	CALL	_io_cli
   875 0000085D 8D 43 30                        	LEA	EAX,DWORD [48+EBX]
   876 00000860 89 43 54                        	MOV	DWORD [84+EBX],EAX
   877 00000863 C7 43 4C [00000000]             	MOV	DWORD [76+EBX],_asm_end_app
   878 0000086A E8 [00000000]                   	CALL	_io_sti
   879 0000086F 6A 00                           	PUSH	0
   880 00000871 6A FF                           	PUSH	-1
   881 00000873 53                              	PUSH	EBX
   882 00000874 E8 [00000000]                   	CALL	_task_run
   883 00000879 83 C4 14                        	ADD	ESP,20
   884 0000087C E9 FFFFFEF1                     	JMP	L34
   885 00000881                                 L96:
   886 00000881 68 000000ED                     	PUSH	237
   887 00000886 8D 5D 84                        	LEA	EBX,DWORD [-124+EBP]
   888 00000889 53                              	PUSH	EBX
   889 0000088A 83 B5 FFFFFBC4 01               	XOR	DWORD [-1084+EBP],1
   890 00000891 E8 [00000000]                   	CALL	_fifo32_put
   891 00000896 FF B5 FFFFFBC4                  	PUSH	DWORD [-1084+EBP]
   892 0000089C 53                              	PUSH	EBX
   893 0000089D E8 [00000000]                   	CALL	_fifo32_put
   894 000008A2 83 C4 10                        	ADD	ESP,16
   895 000008A5 E9 FFFFFEBC                     	JMP	L33
   896 000008AA                                 L95:
   897 000008AA 68 000000ED                     	PUSH	237
   898 000008AF 8D 5D 84                        	LEA	EBX,DWORD [-124+EBP]
   899 000008B2 53                              	PUSH	EBX
   900 000008B3 83 B5 FFFFFBC4 02               	XOR	DWORD [-1084+EBP],2
   901 000008BA E8 [00000000]                   	CALL	_fifo32_put
   902 000008BF FF B5 FFFFFBC4                  	PUSH	DWORD [-1084+EBP]
   903 000008C5 53                              	PUSH	EBX
   904 000008C6 E8 [00000000]                   	CALL	_fifo32_put
   905 000008CB 83 C4 10                        	ADD	ESP,16
   906 000008CE E9 FFFFFE87                     	JMP	L32
   907 000008D3                                 L94:
   908 000008D3 68 000000ED                     	PUSH	237
   909 000008D8 8D 5D 84                        	LEA	EBX,DWORD [-124+EBP]
   910 000008DB 53                              	PUSH	EBX
   911 000008DC 83 B5 FFFFFBC4 04               	XOR	DWORD [-1084+EBP],4
   912 000008E3 E8 [00000000]                   	CALL	_fifo32_put
   913 000008E8 FF B5 FFFFFBC4                  	PUSH	DWORD [-1084+EBP]
   914 000008EE 53                              	PUSH	EBX
   915 000008EF E8 [00000000]                   	CALL	_fifo32_put
   916 000008F4 83 C4 10                        	ADD	ESP,16
   917 000008F7 E9 FFFFFE52                     	JMP	L31
   918 000008FC                                 L93:
   919 000008FC 83 A5 FFFFFBC8 FD               	AND	DWORD [-1080+EBP],-3
   920 00000903 E9 FFFFFE3A                     	JMP	L30
   921 00000908                                 L92:
   922 00000908 83 A5 FFFFFBC8 FE               	AND	DWORD [-1080+EBP],-2
   923 0000090F E9 FFFFFE22                     	JMP	L29
   924 00000914                                 L91:
   925 00000914 83 8D FFFFFBC8 02               	OR	DWORD [-1080+EBP],2
   926 0000091B E9 FFFFFE0A                     	JMP	L28
   927 00000920                                 L90:
   928 00000920 83 8D FFFFFBC8 01               	OR	DWORD [-1080+EBP],1
   929 00000927 E9 FFFFFDF2                     	JMP	L27
   930 0000092C                                 L89:
   931 0000092C 85 FF                           	TEST	EDI,EDI
   932 0000092E 0F 84 FFFFFDDE                  	JE	L25
   933 00000934 57                              	PUSH	EDI
   934 00000935 E8 000000DA                     	CALL	_keywin_off
   935 0000093A 8B 4F 18                        	MOV	ECX,DWORD [24+EDI]
   936 0000093D 49                              	DEC	ECX
   937 0000093E 58                              	POP	EAX
   938 0000093F 75 0A                           	JNE	L26
   939 00000941 8B 85 FFFFFBF0                  	MOV	EAX,DWORD [-1040+EBP]
   940 00000947 8B 48 10                        	MOV	ECX,DWORD [16+EAX]
   941 0000094A 49                              	DEC	ECX
   942 0000094B                                 L26:
   943 0000094B 8B 95 FFFFFBF0                  	MOV	EDX,DWORD [-1040+EBP]
   944 00000951 8B 7C 8A 14                     	MOV	EDI,DWORD [20+EDX+ECX*4]
   945 00000955 57                              	PUSH	EDI
   946 00000956 E8 000000E7                     	CALL	_keywin_on
   947 0000095B 58                              	POP	EAX
   948 0000095C E9 FFFFFDB1                     	JMP	L25
   949 00000961                                 L22:
   950 00000961 8D 42 20                        	LEA	EAX,DWORD [32+EDX]
   951 00000964 88 45 C4                        	MOV	BYTE [-60+EBP],AL
   952 00000967 E9 FFFFFD78                     	JMP	L20
   953 0000096C                                 L70:
   954 0000096C 83 BD FFFFFBC8 00               	CMP	DWORD [-1080+EBP],0
   955 00000973 0F 84 FFFFFD6B                  	JE	L20
   956 00000979 EB E6                           	JMP	L22
   957 0000097B                                 L17:
   958 0000097B 8A 86 [FFFFFF80]                	MOV	AL,BYTE [_keytable1.1-256+ESI]
   959 00000981 E9 FFFFFD34                     	JMP	L77
   960 00000986                                 L16:
   961 00000986 C6 45 C4 00                     	MOV	BYTE [-60+EBP],0
   962 0000098A E9 FFFFFD2E                     	JMP	L19
   963 0000098F                                 L80:
   964 0000098F 83 BD FFFFFBE4 00               	CMP	DWORD [-1052+EBP],0
   965 00000996 79 2B                           	JNS	L101
   966 00000998 81 BD FFFFFBDC 7FFFFFFF         	CMP	DWORD [-1060+EBP],2147483647
   967 000009A2 75 15                           	JNE	L102
   968 000009A4 FF B5 FFFFFBCC                  	PUSH	DWORD [-1076+EBP]
   969 000009AA E8 [00000000]                   	CALL	_task_sleep
   970 000009AF E8 [00000000]                   	CALL	_io_sti
   971 000009B4 E9 FFFFF9F1                     	JMP	L72
   972 000009B9                                 L102:
   973 000009B9 E8 [00000000]                   	CALL	_io_sti
   974 000009BE E9 FFFFFAB6                     	JMP	L74
   975 000009C3                                 L101:
   976 000009C3 E8 [00000000]                   	CALL	_io_sti
   977 000009C8 FF B5 FFFFFBE0                  	PUSH	DWORD [-1056+EBP]
   978 000009CE FF B5 FFFFFBE4                  	PUSH	DWORD [-1052+EBP]
   979 000009D4 FF B5 FFFFFBD0                  	PUSH	DWORD [-1072+EBP]
   980 000009DA E8 [00000000]                   	CALL	_sheet_slide
   981 000009DF C7 85 FFFFFBE4 FFFFFFFF         	MOV	DWORD [-1052+EBP],-1
   982 000009E9 E9 FFFFFAAC                     	JMP	L76
   983 000009EE                                 L79:
   984 000009EE 53                              	PUSH	EBX
   985 000009EF E8 [00000000]                   	CALL	_fifo32_get
   986 000009F4 89 85 FFFFFBC0                  	MOV	DWORD [-1088+EBP],EAX
   987 000009FA E8 [00000000]                   	CALL	_wait_KBC_sendready
   988 000009FF FF B5 FFFFFBC0                  	PUSH	DWORD [-1088+EBP]
   989 00000A05 6A 60                           	PUSH	96
   990 00000A07 E8 [00000000]                   	CALL	_io_out8
   991 00000A0C 83 C4 0C                        	ADD	ESP,12
   992 00000A0F E9 FFFFF8F2                     	JMP	L5
   993 00000A14                                 	GLOBAL	_keywin_off
   994 00000A14                                 _keywin_off:
   995 00000A14 55                              	PUSH	EBP
   996 00000A15 89 E5                           	MOV	EBP,ESP
   997 00000A17 53                              	PUSH	EBX
   998 00000A18 6A 00                           	PUSH	0
   999 00000A1A 8B 5D 08                        	MOV	EBX,DWORD [8+EBP]
  1000 00000A1D 53                              	PUSH	EBX
  1001 00000A1E E8 [00000000]                   	CALL	_change_wtitle8
  1002 00000A23 F6 43 1C 20                     	TEST	BYTE [28+EBX],32
  1003 00000A27 58                              	POP	EAX
  1004 00000A28 5A                              	POP	EDX
  1005 00000A29 75 05                           	JNE	L105
  1006 00000A2B                                 L103:
  1007 00000A2B 8B 5D FC                        	MOV	EBX,DWORD [-4+EBP]
  1008 00000A2E C9                              	LEAVE
  1009 00000A2F C3                              	RET
  1010 00000A30                                 L105:
  1011 00000A30 6A 03                           	PUSH	3
  1012 00000A32 8B 43 24                        	MOV	EAX,DWORD [36+EBX]
  1013 00000A35 83 C0 10                        	ADD	EAX,16
  1014 00000A38 50                              	PUSH	EAX
  1015 00000A39 E8 [00000000]                   	CALL	_fifo32_put
  1016 00000A3E 59                              	POP	ECX
  1017 00000A3F 5B                              	POP	EBX
  1018 00000A40 EB E9                           	JMP	L103
  1019 00000A42                                 	GLOBAL	_keywin_on
  1020 00000A42                                 _keywin_on:
  1021 00000A42 55                              	PUSH	EBP
  1022 00000A43 89 E5                           	MOV	EBP,ESP
  1023 00000A45 53                              	PUSH	EBX
  1024 00000A46 6A 01                           	PUSH	1
  1025 00000A48 8B 5D 08                        	MOV	EBX,DWORD [8+EBP]
  1026 00000A4B 53                              	PUSH	EBX
  1027 00000A4C E8 [00000000]                   	CALL	_change_wtitle8
  1028 00000A51 F6 43 1C 20                     	TEST	BYTE [28+EBX],32
  1029 00000A55 58                              	POP	EAX
  1030 00000A56 5A                              	POP	EDX
  1031 00000A57 75 05                           	JNE	L108
  1032 00000A59                                 L106:
  1033 00000A59 8B 5D FC                        	MOV	EBX,DWORD [-4+EBP]
  1034 00000A5C C9                              	LEAVE
  1035 00000A5D C3                              	RET
  1036 00000A5E                                 L108:
  1037 00000A5E 6A 02                           	PUSH	2
  1038 00000A60 8B 43 24                        	MOV	EAX,DWORD [36+EBX]
  1039 00000A63 83 C0 10                        	ADD	EAX,16
  1040 00000A66 50                              	PUSH	EAX
  1041 00000A67 E8 [00000000]                   	CALL	_fifo32_put
  1042 00000A6C 59                              	POP	ECX
  1043 00000A6D 5B                              	POP	EBX
  1044 00000A6E EB E9                           	JMP	L106
  1045 00000A70                                 	GLOBAL	_open_constask
  1046 00000A70                                 _open_constask:
  1047 00000A70 55                              	PUSH	EBP
  1048 00000A71 89 E5                           	MOV	EBP,ESP
  1049 00000A73 56                              	PUSH	ESI
  1050 00000A74 53                              	PUSH	EBX
  1051 00000A75 E8 [00000000]                   	CALL	_task_alloc
  1052 00000A7A 68 00000200                     	PUSH	512
  1053 00000A7F 68 003C0000                     	PUSH	3932160
  1054 00000A84 89 C3                           	MOV	EBX,EAX
  1055 00000A86 E8 [00000000]                   	CALL	_memman_alloc_4k
  1056 00000A8B 68 00010000                     	PUSH	65536
  1057 00000A90 68 003C0000                     	PUSH	3932160
  1058 00000A95 89 C6                           	MOV	ESI,EAX
  1059 00000A97 E8 [00000000]                   	CALL	_memman_alloc_4k
  1060 00000A9C 8B 55 08                        	MOV	EDX,DWORD [8+EBP]
  1061 00000A9F C7 43 4C [00000000]             	MOV	DWORD [76+EBX],_console_task
  1062 00000AA6 89 83 0000009C                  	MOV	DWORD [156+EBX],EAX
  1063 00000AAC 05 0000FFF4                     	ADD	EAX,65524
  1064 00000AB1 89 43 64                        	MOV	DWORD [100+EBX],EAX
  1065 00000AB4 C7 43 74 00000008               	MOV	DWORD [116+EBX],8
  1066 00000ABB C7 43 78 00000010               	MOV	DWORD [120+EBX],16
  1067 00000AC2 C7 43 7C 00000008               	MOV	DWORD [124+EBX],8
  1068 00000AC9 C7 83 00000080 00000008         	MOV	DWORD [128+EBX],8
  1069 00000AD3 C7 83 00000084 00000008         	MOV	DWORD [132+EBX],8
  1070 00000ADD C7 83 00000088 00000008         	MOV	DWORD [136+EBX],8
  1071 00000AE7 89 50 04                        	MOV	DWORD [4+EAX],EDX
  1072 00000AEA 8B 53 64                        	MOV	EDX,DWORD [100+EBX]
  1073 00000AED 8B 45 0C                        	MOV	EAX,DWORD [12+EBP]
  1074 00000AF0 89 42 08                        	MOV	DWORD [8+EDX],EAX
  1075 00000AF3 6A 02                           	PUSH	2
  1076 00000AF5 6A 02                           	PUSH	2
  1077 00000AF7 53                              	PUSH	EBX
  1078 00000AF8 E8 [00000000]                   	CALL	_task_run
  1079 00000AFD 8D 43 10                        	LEA	EAX,DWORD [16+EBX]
  1080 00000B00 53                              	PUSH	EBX
  1081 00000B01 56                              	PUSH	ESI
  1082 00000B02 68 00000080                     	PUSH	128
  1083 00000B07 50                              	PUSH	EAX
  1084 00000B08 E8 [00000000]                   	CALL	_fifo32_init
  1085 00000B0D 8D 65 F8                        	LEA	ESP,DWORD [-8+EBP]
  1086 00000B10 89 D8                           	MOV	EAX,EBX
  1087 00000B12 5B                              	POP	EBX
  1088 00000B13 5E                              	POP	ESI
  1089 00000B14 5D                              	POP	EBP
  1090 00000B15 C3                              	RET
  1091                                          [SECTION .data]
  1092 00000120                                 LC2:
  1093 00000120 63 6F 6E 73 6F 6C 65 00         	DB	"console",0x00
  1094                                          [SECTION .text]
  1095 00000B16                                 	GLOBAL	_open_console
  1096 00000B16                                 _open_console:
  1097 00000B16 55                              	PUSH	EBP
  1098 00000B17 89 E5                           	MOV	EBP,ESP
  1099 00000B19 56                              	PUSH	ESI
  1100 00000B1A 53                              	PUSH	EBX
  1101 00000B1B FF 75 08                        	PUSH	DWORD [8+EBP]
  1102 00000B1E E8 [00000000]                   	CALL	_sheet_alloc
  1103 00000B23 68 0000A500                     	PUSH	42240
  1104 00000B28 68 003C0000                     	PUSH	3932160
  1105 00000B2D 89 C3                           	MOV	EBX,EAX
  1106 00000B2F E8 [00000000]                   	CALL	_memman_alloc_4k
  1107 00000B34 6A FF                           	PUSH	-1
  1108 00000B36 68 000000A5                     	PUSH	165
  1109 00000B3B 89 C6                           	MOV	ESI,EAX
  1110 00000B3D 68 00000100                     	PUSH	256
  1111 00000B42 50                              	PUSH	EAX
  1112 00000B43 53                              	PUSH	EBX
  1113 00000B44 E8 [00000000]                   	CALL	_sheet_setbuf
  1114 00000B49 83 C4 20                        	ADD	ESP,32
  1115 00000B4C 6A 00                           	PUSH	0
  1116 00000B4E 68 [00000120]                   	PUSH	LC2
  1117 00000B53 68 000000A5                     	PUSH	165
  1118 00000B58 68 00000100                     	PUSH	256
  1119 00000B5D 56                              	PUSH	ESI
  1120 00000B5E E8 [00000000]                   	CALL	_make_window8
  1121 00000B63 6A 00                           	PUSH	0
  1122 00000B65 68 00000080                     	PUSH	128
  1123 00000B6A 68 000000F0                     	PUSH	240
  1124 00000B6F 6A 1C                           	PUSH	28
  1125 00000B71 6A 08                           	PUSH	8
  1126 00000B73 53                              	PUSH	EBX
  1127 00000B74 E8 [00000000]                   	CALL	_make_textbox8
  1128 00000B79 83 C4 2C                        	ADD	ESP,44
  1129 00000B7C FF 75 0C                        	PUSH	DWORD [12+EBP]
  1130 00000B7F 53                              	PUSH	EBX
  1131 00000B80 E8 FFFFFEEB                     	CALL	_open_constask
  1132 00000B85 83 4B 1C 20                     	OR	DWORD [28+EBX],32
  1133 00000B89 89 43 24                        	MOV	DWORD [36+EBX],EAX
  1134 00000B8C 8D 65 F8                        	LEA	ESP,DWORD [-8+EBP]
  1135 00000B8F 89 D8                           	MOV	EAX,EBX
  1136 00000B91 5B                              	POP	EBX
  1137 00000B92 5E                              	POP	ESI
  1138 00000B93 5D                              	POP	EBP
  1139 00000B94 C3                              	RET
  1140 00000B95                                 	GLOBAL	_close_constask
  1141 00000B95                                 _close_constask:
  1142 00000B95 55                              	PUSH	EBP
  1143 00000B96 89 E5                           	MOV	EBP,ESP
  1144 00000B98 53                              	PUSH	EBX
  1145 00000B99 8B 5D 08                        	MOV	EBX,DWORD [8+EBP]
  1146 00000B9C 53                              	PUSH	EBX
  1147 00000B9D E8 [00000000]                   	CALL	_task_sleep
  1148 00000BA2 68 00010000                     	PUSH	65536
  1149 00000BA7 FF B3 0000009C                  	PUSH	DWORD [156+EBX]
  1150 00000BAD 68 003C0000                     	PUSH	3932160
  1151 00000BB2 E8 [00000000]                   	CALL	_memman_free_4k
  1152 00000BB7 68 00000200                     	PUSH	512
  1153 00000BBC FF 73 10                        	PUSH	DWORD [16+EBX]
  1154 00000BBF 68 003C0000                     	PUSH	3932160
  1155 00000BC4 E8 [00000000]                   	CALL	_memman_free_4k
  1156 00000BC9 C7 43 04 00000000               	MOV	DWORD [4+EBX],0
  1157 00000BD0 8B 5D FC                        	MOV	EBX,DWORD [-4+EBP]
  1158 00000BD3 C9                              	LEAVE
  1159 00000BD4 C3                              	RET
  1160 00000BD5                                 	GLOBAL	_close_console
  1161 00000BD5                                 _close_console:
  1162 00000BD5 55                              	PUSH	EBP
  1163 00000BD6 89 E5                           	MOV	EBP,ESP
  1164 00000BD8 56                              	PUSH	ESI
  1165 00000BD9 53                              	PUSH	EBX
  1166 00000BDA 8B 5D 08                        	MOV	EBX,DWORD [8+EBP]
  1167 00000BDD 8B 73 24                        	MOV	ESI,DWORD [36+EBX]
  1168 00000BE0 68 0000A500                     	PUSH	42240
  1169 00000BE5 FF 33                           	PUSH	DWORD [EBX]
  1170 00000BE7 68 003C0000                     	PUSH	3932160
  1171 00000BEC E8 [00000000]                   	CALL	_memman_free_4k
  1172 00000BF1 53                              	PUSH	EBX
  1173 00000BF2 E8 [00000000]                   	CALL	_sheet_free
  1174 00000BF7 89 75 08                        	MOV	DWORD [8+EBP],ESI
  1175 00000BFA 83 C4 10                        	ADD	ESP,16
  1176 00000BFD 8D 65 F8                        	LEA	ESP,DWORD [-8+EBP]
  1177 00000C00 5B                              	POP	EBX
  1178 00000C01 5E                              	POP	ESI
  1179 00000C02 5D                              	POP	EBP
  1180 00000C03 EB 90                           	JMP	_close_constask
