     1 00000000                                 [FORMAT "WCOFF"]
     2 00000000                                 [INSTRSET "i486p"]
     3 00000000                                 [OPTIMIZE 1]
     4 00000000                                 [OPTION 1]
     5 00000000                                 [BITS 32]
     6 00000000                                 	EXTERN	_init_gdtidt
     7 00000000                                 	EXTERN	_init_pic
     8 00000000                                 	EXTERN	_io_sti
     9 00000000                                 	EXTERN	_keyfifo
    10 00000000                                 	EXTERN	_fifo8_init
    11 00000000                                 	EXTERN	_mousefifo
    12 00000000                                 	EXTERN	_io_out8
    13 00000000                                 	EXTERN	_init_keyboard
    14 00000000                                 	EXTERN	_enable_mouse
    15 00000000                                 	EXTERN	_memtest
    16 00000000                                 	EXTERN	_memman_init
    17 00000000                                 	EXTERN	_memman_free
    18 00000000                                 	EXTERN	_init_palette
    19 00000000                                 	EXTERN	_shtctl_init
    20 00000000                                 	EXTERN	_sheet_alloc
    21 00000000                                 	EXTERN	_memman_alloc_4k
    22 00000000                                 	EXTERN	_sheet_setbuf
    23 00000000                                 	EXTERN	_init_screen8
    24 00000000                                 	EXTERN	_init_mouse_cursor8
    25 00000000                                 	EXTERN	_sheet_slide
    26 00000000                                 	EXTERN	_sheet_updown
    27 00000000                                 	EXTERN	_sprintf
    28 00000000                                 	EXTERN	_putfonts8_asc
    29 00000000                                 	EXTERN	_memman_total
    30 00000000                                 	EXTERN	_sheet_refresh
    31 00000000                                 	EXTERN	_boxfill8
    32 00000000                                 	EXTERN	_io_cli
    33 00000000                                 	EXTERN	_fifo8_status
    34 00000000                                 	EXTERN	_fifo8_get
    35 00000000                                 	EXTERN	_mouse_decode
    36 00000000                                 [FILE "bootpack.c"]
    37                                          [SECTION .data]
    38 00000000                                 LC0:
    39 00000000 63 6F 75 6E 74 65 72 00         	DB	"counter",0x00
    40 00000008                                 LC1:
    41 00000008 28 25 33 64 2C 20 25 33 64 29   	DB	"(%3d, %3d)",0x00
       00000012 00 
    42 00000013                                 LC2:
    43 00000013 6D 65 6D 6F 72 79 20 25 64 4D   	DB	"memory %dMB   free : %dKB",0x00
       0000001D 42 20 20 20 66 72 65 65 20 3A 
       00000027 20 25 64 4B 42 00 
    44 0000002D                                 LC3:
    45 0000002D 25 30 31 30 64 00               	DB	"%010d",0x00
    46 00000033                                 LC5:
    47 00000033 5B 6C 63 72 20 25 34 64 20 25   	DB	"[lcr %4d %4d]",0x00
       0000003D 34 64 5D 00 
    48 00000041                                 LC4:
    49 00000041 25 30 32 58 00                  	DB	"%02X",0x00
    50                                          [SECTION .text]
    51 00000000                                 	GLOBAL	_HariMain
    52 00000000                                 _HariMain:
    53 00000000 55                              	PUSH	EBP
    54 00000001 89 E5                           	MOV	EBP,ESP
    55 00000003 57                              	PUSH	EDI
    56 00000004 56                              	PUSH	ESI
    57 00000005 53                              	PUSH	EBX
    58 00000006 81 EC 00000204                  	SUB	ESP,516
    59 0000000C C7 85 FFFFFE0C 00000000         	MOV	DWORD [-500+EBP],0
    60 00000016 E8 [00000000]                   	CALL	_init_gdtidt
    61 0000001B E8 [00000000]                   	CALL	_init_pic
    62 00000020 E8 [00000000]                   	CALL	_io_sti
    63 00000025 8D 45 A4                        	LEA	EAX,DWORD [-92+EBP]
    64 00000028 50                              	PUSH	EAX
    65 00000029 6A 20                           	PUSH	32
    66 0000002B 68 [00000000]                   	PUSH	_keyfifo
    67 00000030 E8 [00000000]                   	CALL	_fifo8_init
    68 00000035 8D 85 FFFFFF24                  	LEA	EAX,DWORD [-220+EBP]
    69 0000003B 50                              	PUSH	EAX
    70 0000003C 68 00000080                     	PUSH	128
    71 00000041 68 [00000000]                   	PUSH	_mousefifo
    72 00000046 E8 [00000000]                   	CALL	_fifo8_init
    73 0000004B 68 000000F9                     	PUSH	249
    74 00000050 6A 21                           	PUSH	33
    75 00000052 E8 [00000000]                   	CALL	_io_out8
    76 00000057 83 C4 20                        	ADD	ESP,32
    77 0000005A 68 000000EF                     	PUSH	239
    78 0000005F 68 000000A1                     	PUSH	161
    79 00000064 E8 [00000000]                   	CALL	_io_out8
    80 00000069 E8 [00000000]                   	CALL	_init_keyboard
    81 0000006E 8D 85 FFFFFF14                  	LEA	EAX,DWORD [-236+EBP]
    82 00000074 50                              	PUSH	EAX
    83 00000075 E8 [00000000]                   	CALL	_enable_mouse
    84 0000007A 68 BFFFFFFF                     	PUSH	-1073741825
    85 0000007F 68 00400000                     	PUSH	4194304
    86 00000084 E8 [00000000]                   	CALL	_memtest
    87 00000089 68 003C0000                     	PUSH	3932160
    88 0000008E 89 85 FFFFFE10                  	MOV	DWORD [-496+EBP],EAX
    89 00000094 E8 [00000000]                   	CALL	_memman_init
    90 00000099 68 0009E000                     	PUSH	647168
    91 0000009E 68 00001000                     	PUSH	4096
    92 000000A3 68 003C0000                     	PUSH	3932160
    93 000000A8 E8 [00000000]                   	CALL	_memman_free
    94 000000AD 8B 85 FFFFFE10                  	MOV	EAX,DWORD [-496+EBP]
    95 000000B3 83 C4 24                        	ADD	ESP,36
    96 000000B6 2D 00400000                     	SUB	EAX,4194304
    97 000000BB 50                              	PUSH	EAX
    98 000000BC 68 00400000                     	PUSH	4194304
    99 000000C1 68 003C0000                     	PUSH	3932160
   100 000000C6 E8 [00000000]                   	CALL	_memman_free
   101 000000CB E8 [00000000]                   	CALL	_init_palette
   102 000000D0 0F BF 05 00000FF6               	MOVSX	EAX,WORD [4086]
   103 000000D7 50                              	PUSH	EAX
   104 000000D8 0F BF 05 00000FF4               	MOVSX	EAX,WORD [4084]
   105 000000DF 50                              	PUSH	EAX
   106 000000E0 FF 35 00000FF8                  	PUSH	DWORD [4088]
   107 000000E6 68 003C0000                     	PUSH	3932160
   108 000000EB E8 [00000000]                   	CALL	_shtctl_init
   109 000000F0 89 C3                           	MOV	EBX,EAX
   110 000000F2 50                              	PUSH	EAX
   111 000000F3 E8 [00000000]                   	CALL	_sheet_alloc
   112 000000F8 83 C4 20                        	ADD	ESP,32
   113 000000FB 53                              	PUSH	EBX
   114 000000FC 89 85 FFFFFE08                  	MOV	DWORD [-504+EBP],EAX
   115 00000102 E8 [00000000]                   	CALL	_sheet_alloc
   116 00000107 53                              	PUSH	EBX
   117 00000108 8D 9D FFFFFE14                  	LEA	EBX,DWORD [-492+EBP]
   118 0000010E 89 85 FFFFFE04                  	MOV	DWORD [-508+EBP],EAX
   119 00000114 E8 [00000000]                   	CALL	_sheet_alloc
   120 00000119 0F BF 15 00000FF6               	MOVSX	EDX,WORD [4086]
   121 00000120 89 85 FFFFFE00                  	MOV	DWORD [-512+EBP],EAX
   122 00000126 0F BF 05 00000FF4               	MOVSX	EAX,WORD [4084]
   123 0000012D 0F AF C2                        	IMUL	EAX,EDX
   124 00000130 50                              	PUSH	EAX
   125 00000131 68 003C0000                     	PUSH	3932160
   126 00000136 E8 [00000000]                   	CALL	_memman_alloc_4k
   127 0000013B 68 00002080                     	PUSH	8320
   128 00000140 68 003C0000                     	PUSH	3932160
   129 00000145 89 85 FFFFFDFC                  	MOV	DWORD [-516+EBP],EAX
   130 0000014B E8 [00000000]                   	CALL	_memman_alloc_4k
   131 00000150 6A FF                           	PUSH	-1
   132 00000152 89 85 FFFFFDF8                  	MOV	DWORD [-520+EBP],EAX
   133 00000158 0F BF 05 00000FF6               	MOVSX	EAX,WORD [4086]
   134 0000015F 50                              	PUSH	EAX
   135 00000160 0F BF 05 00000FF4               	MOVSX	EAX,WORD [4084]
   136 00000167 50                              	PUSH	EAX
   137 00000168 FF B5 FFFFFDFC                  	PUSH	DWORD [-516+EBP]
   138 0000016E FF B5 FFFFFE08                  	PUSH	DWORD [-504+EBP]
   139 00000174 E8 [00000000]                   	CALL	_sheet_setbuf
   140 00000179 83 C4 2C                        	ADD	ESP,44
   141 0000017C 6A 63                           	PUSH	99
   142 0000017E 6A 10                           	PUSH	16
   143 00000180 6A 10                           	PUSH	16
   144 00000182 53                              	PUSH	EBX
   145 00000183 FF B5 FFFFFE04                  	PUSH	DWORD [-508+EBP]
   146 00000189 E8 [00000000]                   	CALL	_sheet_setbuf
   147 0000018E 6A FF                           	PUSH	-1
   148 00000190 6A 34                           	PUSH	52
   149 00000192 68 000000A0                     	PUSH	160
   150 00000197 FF B5 FFFFFDF8                  	PUSH	DWORD [-520+EBP]
   151 0000019D FF B5 FFFFFE00                  	PUSH	DWORD [-512+EBP]
   152 000001A3 E8 [00000000]                   	CALL	_sheet_setbuf
   153 000001A8 83 C4 28                        	ADD	ESP,40
   154 000001AB 0F BF 05 00000FF6               	MOVSX	EAX,WORD [4086]
   155 000001B2 50                              	PUSH	EAX
   156 000001B3 0F BF 05 00000FF4               	MOVSX	EAX,WORD [4084]
   157 000001BA 50                              	PUSH	EAX
   158 000001BB FF B5 FFFFFDFC                  	PUSH	DWORD [-516+EBP]
   159 000001C1 E8 [00000000]                   	CALL	_init_screen8
   160 000001C6 6A 63                           	PUSH	99
   161 000001C8 53                              	PUSH	EBX
   162 000001C9 BB 00000002                     	MOV	EBX,2
   163 000001CE E8 [00000000]                   	CALL	_init_mouse_cursor8
   164 000001D3 68 [00000000]                   	PUSH	LC0
   165 000001D8 6A 34                           	PUSH	52
   166 000001DA 68 000000A0                     	PUSH	160
   167 000001DF FF B5 FFFFFDF8                  	PUSH	DWORD [-520+EBP]
   168 000001E5 E8 000003D0                     	CALL	_make_window8
   169 000001EA 83 C4 24                        	ADD	ESP,36
   170 000001ED 6A 00                           	PUSH	0
   171 000001EF 6A 00                           	PUSH	0
   172 000001F1 FF B5 FFFFFE08                  	PUSH	DWORD [-504+EBP]
   173 000001F7 E8 [00000000]                   	CALL	_sheet_slide
   174 000001FC 0F BF 05 00000FF4               	MOVSX	EAX,WORD [4084]
   175 00000203 8D 48 F0                        	LEA	ECX,DWORD [-16+EAX]
   176 00000206 89 C8                           	MOV	EAX,ECX
   177 00000208 99                              	CDQ
   178 00000209 F7 FB                           	IDIV	EBX
   179 0000020B 89 C6                           	MOV	ESI,EAX
   180 0000020D 0F BF 05 00000FF6               	MOVSX	EAX,WORD [4086]
   181 00000214 8D 48 D4                        	LEA	ECX,DWORD [-44+EAX]
   182 00000217 89 C8                           	MOV	EAX,ECX
   183 00000219 99                              	CDQ
   184 0000021A F7 FB                           	IDIV	EBX
   185 0000021C 50                              	PUSH	EAX
   186 0000021D 89 C7                           	MOV	EDI,EAX
   187 0000021F 56                              	PUSH	ESI
   188 00000220 8D 5D C4                        	LEA	EBX,DWORD [-60+EBP]
   189 00000223 FF B5 FFFFFE04                  	PUSH	DWORD [-508+EBP]
   190 00000229 E8 [00000000]                   	CALL	_sheet_slide
   191 0000022E 6A 48                           	PUSH	72
   192 00000230 6A 50                           	PUSH	80
   193 00000232 FF B5 FFFFFE00                  	PUSH	DWORD [-512+EBP]
   194 00000238 E8 [00000000]                   	CALL	_sheet_slide
   195 0000023D 83 C4 24                        	ADD	ESP,36
   196 00000240 6A 00                           	PUSH	0
   197 00000242 FF B5 FFFFFE08                  	PUSH	DWORD [-504+EBP]
   198 00000248 E8 [00000000]                   	CALL	_sheet_updown
   199 0000024D 6A 01                           	PUSH	1
   200 0000024F FF B5 FFFFFE00                  	PUSH	DWORD [-512+EBP]
   201 00000255 E8 [00000000]                   	CALL	_sheet_updown
   202 0000025A 6A 02                           	PUSH	2
   203 0000025C FF B5 FFFFFE04                  	PUSH	DWORD [-508+EBP]
   204 00000262 E8 [00000000]                   	CALL	_sheet_updown
   205 00000267 57                              	PUSH	EDI
   206 00000268 56                              	PUSH	ESI
   207 00000269 68 [00000008]                   	PUSH	LC1
   208 0000026E 53                              	PUSH	EBX
   209 0000026F E8 [00000000]                   	CALL	_sprintf
   210 00000274 83 C4 28                        	ADD	ESP,40
   211 00000277 53                              	PUSH	EBX
   212 00000278 6A 07                           	PUSH	7
   213 0000027A 6A 00                           	PUSH	0
   214 0000027C 6A 00                           	PUSH	0
   215 0000027E 0F BF 05 00000FF4               	MOVSX	EAX,WORD [4084]
   216 00000285 50                              	PUSH	EAX
   217 00000286 FF B5 FFFFFDFC                  	PUSH	DWORD [-516+EBP]
   218 0000028C E8 [00000000]                   	CALL	_putfonts8_asc
   219 00000291 68 003C0000                     	PUSH	3932160
   220 00000296 E8 [00000000]                   	CALL	_memman_total
   221 0000029B C1 AD FFFFFE10 14               	SHR	DWORD [-496+EBP],20
   222 000002A2 C1 E8 0A                        	SHR	EAX,10
   223 000002A5 89 04 24                        	MOV	DWORD [ESP],EAX
   224 000002A8 FF B5 FFFFFE10                  	PUSH	DWORD [-496+EBP]
   225 000002AE 68 [00000013]                   	PUSH	LC2
   226 000002B3 53                              	PUSH	EBX
   227 000002B4 E8 [00000000]                   	CALL	_sprintf
   228 000002B9 83 C4 28                        	ADD	ESP,40
   229 000002BC 53                              	PUSH	EBX
   230 000002BD 6A 07                           	PUSH	7
   231 000002BF 6A 20                           	PUSH	32
   232 000002C1 6A 00                           	PUSH	0
   233 000002C3 0F BF 05 00000FF4               	MOVSX	EAX,WORD [4084]
   234 000002CA 50                              	PUSH	EAX
   235 000002CB FF B5 FFFFFDFC                  	PUSH	DWORD [-516+EBP]
   236 000002D1 E8 [00000000]                   	CALL	_putfonts8_asc
   237 000002D6 6A 30                           	PUSH	48
   238 000002D8 0F BF 05 00000FF4               	MOVSX	EAX,WORD [4084]
   239 000002DF 50                              	PUSH	EAX
   240 000002E0 6A 00                           	PUSH	0
   241 000002E2 6A 00                           	PUSH	0
   242 000002E4 FF B5 FFFFFE08                  	PUSH	DWORD [-504+EBP]
   243 000002EA E8 [00000000]                   	CALL	_sheet_refresh
   244 000002EF 83 C4 2C                        	ADD	ESP,44
   245 000002F2                                 L2:
   246 000002F2 FF 85 FFFFFE0C                  	INC	DWORD [-500+EBP]
   247 000002F8 8D 5D C4                        	LEA	EBX,DWORD [-60+EBP]
   248 000002FB FF B5 FFFFFE0C                  	PUSH	DWORD [-500+EBP]
   249 00000301 68 [0000002D]                   	PUSH	LC3
   250 00000306 53                              	PUSH	EBX
   251 00000307 E8 [00000000]                   	CALL	_sprintf
   252 0000030C 6A 2B                           	PUSH	43
   253 0000030E 6A 77                           	PUSH	119
   254 00000310 6A 1C                           	PUSH	28
   255 00000312 6A 28                           	PUSH	40
   256 00000314 6A 08                           	PUSH	8
   257 00000316 68 000000A0                     	PUSH	160
   258 0000031B FF B5 FFFFFDF8                  	PUSH	DWORD [-520+EBP]
   259 00000321 E8 [00000000]                   	CALL	_boxfill8
   260 00000326 83 C4 28                        	ADD	ESP,40
   261 00000329 53                              	PUSH	EBX
   262 0000032A 6A 00                           	PUSH	0
   263 0000032C 6A 1C                           	PUSH	28
   264 0000032E 6A 28                           	PUSH	40
   265 00000330 68 000000A0                     	PUSH	160
   266 00000335 FF B5 FFFFFDF8                  	PUSH	DWORD [-520+EBP]
   267 0000033B E8 [00000000]                   	CALL	_putfonts8_asc
   268 00000340 E8 [00000000]                   	CALL	_io_cli
   269 00000345 68 [00000000]                   	PUSH	_keyfifo
   270 0000034A E8 [00000000]                   	CALL	_fifo8_status
   271 0000034F 68 [00000000]                   	PUSH	_mousefifo
   272 00000354 89 C3                           	MOV	EBX,EAX
   273 00000356 E8 [00000000]                   	CALL	_fifo8_status
   274 0000035B 83 C4 20                        	ADD	ESP,32
   275 0000035E 8D 04 18                        	LEA	EAX,DWORD [EAX+EBX*1]
   276 00000361 85 C0                           	TEST	EAX,EAX
   277 00000363 0F 84 00000247                  	JE	L18
   278 00000369 68 [00000000]                   	PUSH	_keyfifo
   279 0000036E E8 [00000000]                   	CALL	_fifo8_status
   280 00000373 59                              	POP	ECX
   281 00000374 85 C0                           	TEST	EAX,EAX
   282 00000376 0F 85 000001A6                  	JNE	L19
   283 0000037C 68 [00000000]                   	PUSH	_mousefifo
   284 00000381 E8 [00000000]                   	CALL	_fifo8_status
   285 00000386 5A                              	POP	EDX
   286 00000387 85 C0                           	TEST	EAX,EAX
   287 00000389 0F 84 FFFFFF63                  	JE	L2
   288 0000038F 68 [00000000]                   	PUSH	_mousefifo
   289 00000394 E8 [00000000]                   	CALL	_fifo8_get
   290 00000399 89 C3                           	MOV	EBX,EAX
   291 0000039B E8 [00000000]                   	CALL	_io_sti
   292 000003A0 0F B6 C3                        	MOVZX	EAX,BL
   293 000003A3 50                              	PUSH	EAX
   294 000003A4 8D 85 FFFFFF14                  	LEA	EAX,DWORD [-236+EBP]
   295 000003AA 50                              	PUSH	EAX
   296 000003AB E8 [00000000]                   	CALL	_mouse_decode
   297 000003B0 83 C4 0C                        	ADD	ESP,12
   298 000003B3 85 C0                           	TEST	EAX,EAX
   299 000003B5 0F 84 FFFFFF37                  	JE	L2
   300 000003BB FF B5 FFFFFF1C                  	PUSH	DWORD [-228+EBP]
   301 000003C1 FF B5 FFFFFF18                  	PUSH	DWORD [-232+EBP]
   302 000003C7 68 [00000033]                   	PUSH	LC5
   303 000003CC 8D 45 C4                        	LEA	EAX,DWORD [-60+EBP]
   304 000003CF 50                              	PUSH	EAX
   305 000003D0 E8 [00000000]                   	CALL	_sprintf
   306 000003D5 83 C4 10                        	ADD	ESP,16
   307 000003D8 8B 85 FFFFFF20                  	MOV	EAX,DWORD [-224+EBP]
   308 000003DE A9 00000001                     	TEST	EAX,1
   309 000003E3 74 04                           	JE	L11
   310 000003E5 C6 45 C5 4C                     	MOV	BYTE [-59+EBP],76
   311 000003E9                                 L11:
   312 000003E9 A9 00000002                     	TEST	EAX,2
   313 000003EE 74 04                           	JE	L12
   314 000003F0 C6 45 C7 52                     	MOV	BYTE [-57+EBP],82
   315 000003F4                                 L12:
   316 000003F4 83 E0 04                        	AND	EAX,4
   317 000003F7 74 04                           	JE	L13
   318 000003F9 C6 45 C6 43                     	MOV	BYTE [-58+EBP],67
   319 000003FD                                 L13:
   320 000003FD 6A 1F                           	PUSH	31
   321 000003FF 68 00000097                     	PUSH	151
   322 00000404 6A 10                           	PUSH	16
   323 00000406 6A 20                           	PUSH	32
   324 00000408 6A 0E                           	PUSH	14
   325 0000040A 0F BF 05 00000FF4               	MOVSX	EAX,WORD [4084]
   326 00000411 50                              	PUSH	EAX
   327 00000412 FF B5 FFFFFDFC                  	PUSH	DWORD [-516+EBP]
   328 00000418 E8 [00000000]                   	CALL	_boxfill8
   329 0000041D 8D 55 C4                        	LEA	EDX,DWORD [-60+EBP]
   330 00000420 52                              	PUSH	EDX
   331 00000421 6A 07                           	PUSH	7
   332 00000423 6A 10                           	PUSH	16
   333 00000425 6A 20                           	PUSH	32
   334 00000427 0F BF 05 00000FF4               	MOVSX	EAX,WORD [4084]
   335 0000042E 50                              	PUSH	EAX
   336 0000042F FF B5 FFFFFDFC                  	PUSH	DWORD [-516+EBP]
   337 00000435 E8 [00000000]                   	CALL	_putfonts8_asc
   338 0000043A 83 C4 34                        	ADD	ESP,52
   339 0000043D 6A 20                           	PUSH	32
   340 0000043F 68 00000098                     	PUSH	152
   341 00000444 6A 10                           	PUSH	16
   342 00000446 6A 20                           	PUSH	32
   343 00000448 FF B5 FFFFFE08                  	PUSH	DWORD [-504+EBP]
   344 0000044E E8 [00000000]                   	CALL	_sheet_refresh
   345 00000453 83 C4 14                        	ADD	ESP,20
   346 00000456 03 BD FFFFFF1C                  	ADD	EDI,DWORD [-228+EBP]
   347 0000045C 03 B5 FFFFFF18                  	ADD	ESI,DWORD [-232+EBP]
   348 00000462 0F 88 000000B3                  	JS	L20
   349 00000468                                 L14:
   350 00000468 85 FF                           	TEST	EDI,EDI
   351 0000046A 0F 88 000000A4                  	JS	L21
   352 00000470                                 L15:
   353 00000470 0F BF 05 00000FF4               	MOVSX	EAX,WORD [4084]
   354 00000477 48                              	DEC	EAX
   355 00000478 39 C6                           	CMP	ESI,EAX
   356 0000047A 7E 02                           	JLE	L16
   357 0000047C 89 C6                           	MOV	ESI,EAX
   358 0000047E                                 L16:
   359 0000047E 0F BF 05 00000FF6               	MOVSX	EAX,WORD [4086]
   360 00000485 48                              	DEC	EAX
   361 00000486 39 C7                           	CMP	EDI,EAX
   362 00000488 7E 02                           	JLE	L17
   363 0000048A 89 C7                           	MOV	EDI,EAX
   364 0000048C                                 L17:
   365 0000048C 57                              	PUSH	EDI
   366 0000048D 8D 5D C4                        	LEA	EBX,DWORD [-60+EBP]
   367 00000490 56                              	PUSH	ESI
   368 00000491 68 [00000008]                   	PUSH	LC1
   369 00000496 53                              	PUSH	EBX
   370 00000497 E8 [00000000]                   	CALL	_sprintf
   371 0000049C 6A 0F                           	PUSH	15
   372 0000049E 6A 4F                           	PUSH	79
   373 000004A0 6A 00                           	PUSH	0
   374 000004A2 6A 00                           	PUSH	0
   375 000004A4 6A 0E                           	PUSH	14
   376 000004A6 0F BF 05 00000FF4               	MOVSX	EAX,WORD [4084]
   377 000004AD 50                              	PUSH	EAX
   378 000004AE FF B5 FFFFFDFC                  	PUSH	DWORD [-516+EBP]
   379 000004B4 E8 [00000000]                   	CALL	_boxfill8
   380 000004B9 83 C4 2C                        	ADD	ESP,44
   381 000004BC 53                              	PUSH	EBX
   382 000004BD 6A 07                           	PUSH	7
   383 000004BF 6A 00                           	PUSH	0
   384 000004C1 6A 00                           	PUSH	0
   385 000004C3 0F BF 05 00000FF4               	MOVSX	EAX,WORD [4084]
   386 000004CA 50                              	PUSH	EAX
   387 000004CB FF B5 FFFFFDFC                  	PUSH	DWORD [-516+EBP]
   388 000004D1 E8 [00000000]                   	CALL	_putfonts8_asc
   389 000004D6 6A 10                           	PUSH	16
   390 000004D8 6A 50                           	PUSH	80
   391 000004DA 6A 00                           	PUSH	0
   392 000004DC 6A 00                           	PUSH	0
   393 000004DE FF B5 FFFFFE08                  	PUSH	DWORD [-504+EBP]
   394 000004E4 E8 [00000000]                   	CALL	_sheet_refresh
   395 000004E9 83 C4 2C                        	ADD	ESP,44
   396 000004EC 57                              	PUSH	EDI
   397 000004ED 56                              	PUSH	ESI
   398 000004EE FF B5 FFFFFE04                  	PUSH	DWORD [-508+EBP]
   399 000004F4 E8 [00000000]                   	CALL	_sheet_slide
   400 000004F9 6A 2C                           	PUSH	44
   401 000004FB 6A 78                           	PUSH	120
   402 000004FD 6A 1C                           	PUSH	28
   403 000004FF 6A 28                           	PUSH	40
   404 00000501 FF B5 FFFFFE00                  	PUSH	DWORD [-512+EBP]
   405 00000507 E8 [00000000]                   	CALL	_sheet_refresh
   406 0000050C 83 C4 20                        	ADD	ESP,32
   407 0000050F E9 FFFFFDDE                     	JMP	L2
   408 00000514                                 L21:
   409 00000514 31 FF                           	XOR	EDI,EDI
   410 00000516 E9 FFFFFF55                     	JMP	L15
   411 0000051B                                 L20:
   412 0000051B 31 F6                           	XOR	ESI,ESI
   413 0000051D E9 FFFFFF46                     	JMP	L14
   414 00000522                                 L19:
   415 00000522 68 [00000000]                   	PUSH	_keyfifo
   416 00000527 E8 [00000000]                   	CALL	_fifo8_get
   417 0000052C 89 C3                           	MOV	EBX,EAX
   418 0000052E E8 [00000000]                   	CALL	_io_sti
   419 00000533 53                              	PUSH	EBX
   420 00000534 8D 55 C4                        	LEA	EDX,DWORD [-60+EBP]
   421 00000537 68 [00000041]                   	PUSH	LC4
   422 0000053C 8D 5D C4                        	LEA	EBX,DWORD [-60+EBP]
   423 0000053F 52                              	PUSH	EDX
   424 00000540 E8 [00000000]                   	CALL	_sprintf
   425 00000545 6A 1F                           	PUSH	31
   426 00000547 6A 0F                           	PUSH	15
   427 00000549 6A 10                           	PUSH	16
   428 0000054B 6A 00                           	PUSH	0
   429 0000054D 6A 0E                           	PUSH	14
   430 0000054F 0F BF 05 00000FF4               	MOVSX	EAX,WORD [4084]
   431 00000556 50                              	PUSH	EAX
   432 00000557 FF B5 FFFFFDFC                  	PUSH	DWORD [-516+EBP]
   433 0000055D E8 [00000000]                   	CALL	_boxfill8
   434 00000562 83 C4 2C                        	ADD	ESP,44
   435 00000565 53                              	PUSH	EBX
   436 00000566 6A 07                           	PUSH	7
   437 00000568 6A 10                           	PUSH	16
   438 0000056A 6A 00                           	PUSH	0
   439 0000056C 0F BF 05 00000FF4               	MOVSX	EAX,WORD [4084]
   440 00000573 50                              	PUSH	EAX
   441 00000574 FF B5 FFFFFDFC                  	PUSH	DWORD [-516+EBP]
   442 0000057A E8 [00000000]                   	CALL	_putfonts8_asc
   443 0000057F 6A 20                           	PUSH	32
   444 00000581 6A 10                           	PUSH	16
   445 00000583 6A 10                           	PUSH	16
   446 00000585 6A 00                           	PUSH	0
   447 00000587 FF B5 FFFFFE08                  	PUSH	DWORD [-504+EBP]
   448 0000058D E8 [00000000]                   	CALL	_sheet_refresh
   449 00000592 83 C4 2C                        	ADD	ESP,44
   450 00000595 6A 2C                           	PUSH	44
   451 00000597 6A 78                           	PUSH	120
   452 00000599 6A 1C                           	PUSH	28
   453 0000059B 6A 28                           	PUSH	40
   454 0000059D FF B5 FFFFFE00                  	PUSH	DWORD [-512+EBP]
   455 000005A3 E8 [00000000]                   	CALL	_sheet_refresh
   456 000005A8 83 C4 14                        	ADD	ESP,20
   457 000005AB E9 FFFFFD42                     	JMP	L2
   458 000005B0                                 L18:
   459 000005B0 E8 [00000000]                   	CALL	_io_sti
   460 000005B5 E9 FFFFFD38                     	JMP	L2
   461                                          [SECTION .data]
   462 00000046                                 _closebtn.0:
   463 00000046 4F 4F 4F 4F 4F 4F 4F 4F 4F 4F   	DB	"OOOOOOOOOOOOOOO@"
       00000050 4F 4F 4F 4F 4F 40 
   464 00000056 4F 51 51 51 51 51 51 51 51 51   	DB	"OQQQQQQQQQQQQQ$@"
       00000060 51 51 51 51 24 40 
   465 00000066 4F 51 51 51 51 51 51 51 51 51   	DB	"OQQQQQQQQQQQQQ$@"
       00000070 51 51 51 51 24 40 
   466 00000076 4F 51 51 51 40 40 51 51 51 51   	DB	"OQQQ@@QQQQ@@QQ$@"
       00000080 40 40 51 51 24 40 
   467 00000086 4F 51 51 51 51 40 40 51 51 40   	DB	"OQQQQ@@QQ@@QQQ$@"
       00000090 40 51 51 51 24 40 
   468 00000096 4F 51 51 51 51 51 40 40 40 40   	DB	"OQQQQQ@@@@QQQQ$@"
       000000A0 51 51 51 51 24 40 
   469 000000A6 4F 51 51 51 51 51 51 40 40 51   	DB	"OQQQQQQ@@QQQQQ$@"
       000000B0 51 51 51 51 24 40 
   470 000000B6 4F 51 51 51 51 51 40 40 40 40   	DB	"OQQQQQ@@@@QQQQ$@"
       000000C0 51 51 51 51 24 40 
   471 000000C6 4F 51 51 51 51 40 40 51 51 40   	DB	"OQQQQ@@QQ@@QQQ$@"
       000000D0 40 51 51 51 24 40 
   472 000000D6 4F 51 51 51 40 40 51 51 51 51   	DB	"OQQQ@@QQQQ@@QQ$@"
       000000E0 40 40 51 51 24 40 
   473 000000E6 4F 51 51 51 51 51 51 51 51 51   	DB	"OQQQQQQQQQQQQQ$@"
       000000F0 51 51 51 51 24 40 
   474 000000F6 4F 51 51 51 51 51 51 51 51 51   	DB	"OQQQQQQQQQQQQQ$@"
       00000100 51 51 51 51 24 40 
   475 00000106 4F 24 24 24 24 24 24 24 24 24   	DB	"O$$$$$$$$$$$$$$@"
       00000110 24 24 24 24 24 40 
   476 00000116 40 40 40 40 40 40 40 40 40 40   	DB	"@@@@@@@@@@@@@@@@"
       00000120 40 40 40 40 40 40 
   477                                          [SECTION .text]
   478 000005BA                                 	GLOBAL	_make_window8
   479 000005BA                                 _make_window8:
   480 000005BA 55                              	PUSH	EBP
   481 000005BB 89 E5                           	MOV	EBP,ESP
   482 000005BD 57                              	PUSH	EDI
   483 000005BE 56                              	PUSH	ESI
   484 000005BF 53                              	PUSH	EBX
   485 000005C0 83 EC 14                        	SUB	ESP,20
   486 000005C3 8B 5D 0C                        	MOV	EBX,DWORD [12+EBP]
   487 000005C6 6A 00                           	PUSH	0
   488 000005C8 8D 43 FF                        	LEA	EAX,DWORD [-1+EBX]
   489 000005CB 8D 7B FE                        	LEA	EDI,DWORD [-2+EBX]
   490 000005CE 50                              	PUSH	EAX
   491 000005CF 89 45 EC                        	MOV	DWORD [-20+EBP],EAX
   492 000005D2 6A 00                           	PUSH	0
   493 000005D4 6A 00                           	PUSH	0
   494 000005D6 6A 08                           	PUSH	8
   495 000005D8 53                              	PUSH	EBX
   496 000005D9 FF 75 08                        	PUSH	DWORD [8+EBP]
   497 000005DC E8 [00000000]                   	CALL	_boxfill8
   498 000005E1 6A 01                           	PUSH	1
   499 000005E3 57                              	PUSH	EDI
   500 000005E4 6A 01                           	PUSH	1
   501 000005E6 6A 01                           	PUSH	1
   502 000005E8 6A 07                           	PUSH	7
   503 000005EA 53                              	PUSH	EBX
   504 000005EB FF 75 08                        	PUSH	DWORD [8+EBP]
   505 000005EE E8 [00000000]                   	CALL	_boxfill8
   506 000005F3 8B 55 10                        	MOV	EDX,DWORD [16+EBP]
   507 000005F6 83 C4 38                        	ADD	ESP,56
   508 000005F9 4A                              	DEC	EDX
   509 000005FA 89 55 E8                        	MOV	DWORD [-24+EBP],EDX
   510 000005FD 52                              	PUSH	EDX
   511 000005FE 6A 00                           	PUSH	0
   512 00000600 6A 00                           	PUSH	0
   513 00000602 6A 00                           	PUSH	0
   514 00000604 6A 08                           	PUSH	8
   515 00000606 53                              	PUSH	EBX
   516 00000607 FF 75 08                        	PUSH	DWORD [8+EBP]
   517 0000060A E8 [00000000]                   	CALL	_boxfill8
   518 0000060F 8B 75 10                        	MOV	ESI,DWORD [16+EBP]
   519 00000612 83 EE 02                        	SUB	ESI,2
   520 00000615 56                              	PUSH	ESI
   521 00000616 6A 01                           	PUSH	1
   522 00000618 6A 01                           	PUSH	1
   523 0000061A 6A 01                           	PUSH	1
   524 0000061C 6A 07                           	PUSH	7
   525 0000061E 53                              	PUSH	EBX
   526 0000061F FF 75 08                        	PUSH	DWORD [8+EBP]
   527 00000622 E8 [00000000]                   	CALL	_boxfill8
   528 00000627 83 C4 38                        	ADD	ESP,56
   529 0000062A 56                              	PUSH	ESI
   530 0000062B 57                              	PUSH	EDI
   531 0000062C 6A 01                           	PUSH	1
   532 0000062E 57                              	PUSH	EDI
   533 0000062F 6A 0F                           	PUSH	15
   534 00000631 53                              	PUSH	EBX
   535 00000632 FF 75 08                        	PUSH	DWORD [8+EBP]
   536 00000635 E8 [00000000]                   	CALL	_boxfill8
   537 0000063A FF 75 E8                        	PUSH	DWORD [-24+EBP]
   538 0000063D FF 75 EC                        	PUSH	DWORD [-20+EBP]
   539 00000640 6A 00                           	PUSH	0
   540 00000642 FF 75 EC                        	PUSH	DWORD [-20+EBP]
   541 00000645 6A 00                           	PUSH	0
   542 00000647 53                              	PUSH	EBX
   543 00000648 FF 75 08                        	PUSH	DWORD [8+EBP]
   544 0000064B E8 [00000000]                   	CALL	_boxfill8
   545 00000650 8B 45 10                        	MOV	EAX,DWORD [16+EBP]
   546 00000653 83 C4 38                        	ADD	ESP,56
   547 00000656 83 E8 03                        	SUB	EAX,3
   548 00000659 50                              	PUSH	EAX
   549 0000065A 8D 43 FD                        	LEA	EAX,DWORD [-3+EBX]
   550 0000065D 50                              	PUSH	EAX
   551 0000065E 6A 02                           	PUSH	2
   552 00000660 6A 02                           	PUSH	2
   553 00000662 6A 08                           	PUSH	8
   554 00000664 53                              	PUSH	EBX
   555 00000665 FF 75 08                        	PUSH	DWORD [8+EBP]
   556 00000668 E8 [00000000]                   	CALL	_boxfill8
   557 0000066D 8D 43 FC                        	LEA	EAX,DWORD [-4+EBX]
   558 00000670 6A 14                           	PUSH	20
   559 00000672 50                              	PUSH	EAX
   560 00000673 6A 03                           	PUSH	3
   561 00000675 6A 03                           	PUSH	3
   562 00000677 6A 0C                           	PUSH	12
   563 00000679 53                              	PUSH	EBX
   564 0000067A FF 75 08                        	PUSH	DWORD [8+EBP]
   565 0000067D E8 [00000000]                   	CALL	_boxfill8
   566 00000682 83 C4 38                        	ADD	ESP,56
   567 00000685 56                              	PUSH	ESI
   568 00000686 57                              	PUSH	EDI
   569 00000687 56                              	PUSH	ESI
   570 00000688 6A 01                           	PUSH	1
   571 0000068A 6A 0F                           	PUSH	15
   572 0000068C 53                              	PUSH	EBX
   573 0000068D FF 75 08                        	PUSH	DWORD [8+EBP]
   574 00000690 E8 [00000000]                   	CALL	_boxfill8
   575 00000695 FF 75 E8                        	PUSH	DWORD [-24+EBP]
   576 00000698 FF 75 EC                        	PUSH	DWORD [-20+EBP]
   577 0000069B FF 75 E8                        	PUSH	DWORD [-24+EBP]
   578 0000069E 6A 00                           	PUSH	0
   579 000006A0 6A 00                           	PUSH	0
   580 000006A2 6B F3 05                        	IMUL	ESI,EBX,5
   581 000006A5 53                              	PUSH	EBX
   582 000006A6 FF 75 08                        	PUSH	DWORD [8+EBP]
   583 000006A9 E8 [00000000]                   	CALL	_boxfill8
   584 000006AE 83 C4 38                        	ADD	ESP,56
   585 000006B1 FF 75 14                        	PUSH	DWORD [20+EBP]
   586 000006B4 6A 07                           	PUSH	7
   587 000006B6 6A 04                           	PUSH	4
   588 000006B8 6A 18                           	PUSH	24
   589 000006BA 53                              	PUSH	EBX
   590 000006BB FF 75 08                        	PUSH	DWORD [8+EBP]
   591 000006BE E8 [00000000]                   	CALL	_putfonts8_asc
   592 000006C3 83 C4 18                        	ADD	ESP,24
   593 000006C6 C7 45 F0 00000000               	MOV	DWORD [-16+EBP],0
   594 000006CD C7 45 E0 00000000               	MOV	DWORD [-32+EBP],0
   595 000006D4                                 L38:
   596 000006D4 8D 04 1E                        	LEA	EAX,DWORD [ESI+EBX*1]
   597 000006D7 8B 55 08                        	MOV	EDX,DWORD [8+EBP]
   598 000006DA 31 FF                           	XOR	EDI,EDI
   599 000006DC 8D 4C 02 EB                     	LEA	ECX,DWORD [-21+EDX+EAX*1]
   600 000006E0                                 L37:
   601 000006E0 8B 45 E0                        	MOV	EAX,DWORD [-32+EBP]
   602 000006E3 8A 94 07 [00000046]             	MOV	DL,BYTE [_closebtn.0+EDI+EAX*1]
   603 000006EA 80 FA 40                        	CMP	DL,64
   604 000006ED 74 33                           	JE	L43
   605 000006EF 80 FA 24                        	CMP	DL,36
   606 000006F2 74 2A                           	JE	L44
   607 000006F4 80 FA 51                        	CMP	DL,81
   608 000006F7 B2 08                           	MOV	DL,8
   609 000006F9 0F 95 C0                        	SETNE	AL
   610 000006FC 28 C2                           	SUB	DL,AL
   611 000006FE                                 L32:
   612 000006FE 47                              	INC	EDI
   613 000006FF 88 11                           	MOV	BYTE [ECX],DL
   614 00000701 41                              	INC	ECX
   615 00000702 83 FF 0F                        	CMP	EDI,15
   616 00000705 7E D9                           	JLE	L37
   617 00000707 FF 45 F0                        	INC	DWORD [-16+EBP]
   618 0000070A 01 DE                           	ADD	ESI,EBX
   619 0000070C 83 45 E0 10                     	ADD	DWORD [-32+EBP],16
   620 00000710 83 7D F0 0D                     	CMP	DWORD [-16+EBP],13
   621 00000714 7E BE                           	JLE	L38
   622 00000716 8D 65 F4                        	LEA	ESP,DWORD [-12+EBP]
   623 00000719 5B                              	POP	EBX
   624 0000071A 5E                              	POP	ESI
   625 0000071B 5F                              	POP	EDI
   626 0000071C 5D                              	POP	EBP
   627 0000071D C3                              	RET
   628 0000071E                                 L44:
   629 0000071E B2 0F                           	MOV	DL,15
   630 00000720 EB DC                           	JMP	L32
   631 00000722                                 L43:
   632 00000722 31 D2                           	XOR	EDX,EDX
   633 00000724 EB D8                           	JMP	L32
