     1 00000000                                 [FORMAT "WCOFF"]
     2 00000000                                 [INSTRSET "i486p"]
     3 00000000                                 [BITS 32]
     4 00000000                                 [FILE "a_nask.nas"]
     5 00000000                                 
     6 00000000                                 		GLOBAL	_api_putchar
     7 00000000                                 		GLOBAL	_api_putstr0
     8 00000000                                 		GLOBAL	_api_end
     9 00000000                                 
    10                                          [SECTION .text]
    11 00000000                                 
    12 00000000                                 _api_putchar:	; void api_putchar(int c);
    13 00000000 BA 00000001                     		MOV		EDX,1
    14 00000005 8A 44 24 04                     		MOV		AL,[ESP+4]		; c
    15 00000009 CD 40                           		INT		0x40
    16 0000000B C3                              		RET
    17 0000000C                                 
    18 0000000C                                 _api_putstr0:	; void api_putstr0(char *s);
    19 0000000C 53                              		PUSH	EBX
    20 0000000D BA 00000002                     		MOV		EDX,2
    21 00000012 8B 5C 24 08                     		MOV		EBX,[ESP+8]		; s
    22 00000016 CD 40                           		INT		0x40
    23 00000018 5B                              		POP		EBX
    24 00000019 C3                              		RET
    25 0000001A                                 
    26 0000001A                                 _api_end:	; void api_end(void);
    27 0000001A BA 00000004                     		MOV		EDX,4
    28 0000001F CD 40                           		INT		0x40
