     1 00000000                                 [FORMAT "WCOFF"]
     2 00000000                                 [INSTRSET "i486p"]
     3 00000000                                 [OPTIMIZE 1]
     4 00000000                                 [OPTION 1]
     5 00000000                                 [BITS 32]
     6 00000000                                 	EXTERN	_init_gdtidt
     7 00000000                                 	EXTERN	_init_pic
     8 00000000                                 	EXTERN	_io_sti
     9 00000000                                 	EXTERN	_fifo32_init
    10 00000000                                 	EXTERN	_init_pit
    11 00000000                                 	EXTERN	_init_keyboard
    12 00000000                                 	EXTERN	_enable_mouse
    13 00000000                                 	EXTERN	_io_out8
    14 00000000                                 	EXTERN	_memtest
    15 00000000                                 	EXTERN	_memman_init
    16 00000000                                 	EXTERN	_memman_free
    17 00000000                                 	EXTERN	_init_palette
    18 00000000                                 	EXTERN	_shtctl_init
    19 00000000                                 	EXTERN	_task_init
    20 00000000                                 	EXTERN	_task_run
    21 00000000                                 	EXTERN	_sheet_alloc
    22 00000000                                 	EXTERN	_memman_alloc_4k
    23 00000000                                 	EXTERN	_sheet_setbuf
    24 00000000                                 	EXTERN	_init_screen8
    25 00000000                                 	EXTERN	_make_window8
    26 00000000                                 	EXTERN	_make_textbox8
    27 00000000                                 	EXTERN	_task_alloc
    28 00000000                                 	EXTERN	_console_task
    29 00000000                                 	EXTERN	_timer_alloc
    30 00000000                                 	EXTERN	_timer_init
    31 00000000                                 	EXTERN	_timer_settime
    32 00000000                                 	EXTERN	_init_mouse_cursor8
    33 00000000                                 	EXTERN	_sheet_slide
    34 00000000                                 	EXTERN	_sheet_updown
    35 00000000                                 	EXTERN	_fifo32_put
    36 00000000                                 	EXTERN	_fifo32_status
    37 00000000                                 	EXTERN	_io_cli
    38 00000000                                 	EXTERN	_fifo32_get
    39 00000000                                 	EXTERN	_boxfill8
    40 00000000                                 	EXTERN	_sheet_refresh
    41 00000000                                 	EXTERN	_mouse_decode
    42 00000000                                 	EXTERN	_keytable0.0
    43 00000000                                 	EXTERN	_putfonts8_asc_sht
    44 00000000                                 	EXTERN	_wait_KBC_sendready
    45 00000000                                 	EXTERN	_cons_putstr0
    46 00000000                                 	EXTERN	_asm_end_app
    47 00000000                                 	EXTERN	_make_wtitle8
    48 00000000                                 	EXTERN	_keytable1.1
    49 00000000                                 	EXTERN	_task_sleep
    50 00000000                                 [FILE "bootpack.c"]
    51                                          [SECTION .data]
    52 00000000                                 _keytable0.0:
    53 00000000 00                              	DB	0
    54 00000001 00                              	DB	0
    55 00000002 31                              	DB	49
    56 00000003 32                              	DB	50
    57 00000004 33                              	DB	51
    58 00000005 34                              	DB	52
    59 00000006 35                              	DB	53
    60 00000007 36                              	DB	54
    61 00000008 37                              	DB	55
    62 00000009 38                              	DB	56
    63 0000000A 39                              	DB	57
    64 0000000B 30                              	DB	48
    65 0000000C 2D                              	DB	45
    66 0000000D 5E                              	DB	94
    67 0000000E 00                              	DB	0
    68 0000000F 00                              	DB	0
    69 00000010 51                              	DB	81
    70 00000011 57                              	DB	87
    71 00000012 45                              	DB	69
    72 00000013 52                              	DB	82
    73 00000014 54                              	DB	84
    74 00000015 59                              	DB	89
    75 00000016 55                              	DB	85
    76 00000017 49                              	DB	73
    77 00000018 4F                              	DB	79
    78 00000019 50                              	DB	80
    79 0000001A 40                              	DB	64
    80 0000001B 5B                              	DB	91
    81 0000001C 00                              	DB	0
    82 0000001D 00                              	DB	0
    83 0000001E 41                              	DB	65
    84 0000001F 53                              	DB	83
    85 00000020 44                              	DB	68
    86 00000021 46                              	DB	70
    87 00000022 47                              	DB	71
    88 00000023 48                              	DB	72
    89 00000024 4A                              	DB	74
    90 00000025 4B                              	DB	75
    91 00000026 4C                              	DB	76
    92 00000027 3B                              	DB	59
    93 00000028 3A                              	DB	58
    94 00000029 00                              	DB	0
    95 0000002A 00                              	DB	0
    96 0000002B 5D                              	DB	93
    97 0000002C 5A                              	DB	90
    98 0000002D 58                              	DB	88
    99 0000002E 43                              	DB	67
   100 0000002F 56                              	DB	86
   101 00000030 42                              	DB	66
   102 00000031 4E                              	DB	78
   103 00000032 4D                              	DB	77
   104 00000033 2C                              	DB	44
   105 00000034 2E                              	DB	46
   106 00000035 2F                              	DB	47
   107 00000036 00                              	DB	0
   108 00000037 2A                              	DB	42
   109 00000038 00                              	DB	0
   110 00000039 20                              	DB	32
   111 0000003A 00                              	DB	0
   112 0000003B 00                              	DB	0
   113 0000003C 00                              	DB	0
   114 0000003D 00                              	DB	0
   115 0000003E 00                              	DB	0
   116 0000003F 00                              	DB	0
   117 00000040 00                              	DB	0
   118 00000041 00                              	DB	0
   119 00000042 00                              	DB	0
   120 00000043 00                              	DB	0
   121 00000044 00                              	DB	0
   122 00000045 00                              	DB	0
   123 00000046 00                              	DB	0
   124 00000047 37                              	DB	55
   125 00000048 38                              	DB	56
   126 00000049 39                              	DB	57
   127 0000004A 2D                              	DB	45
   128 0000004B 34                              	DB	52
   129 0000004C 35                              	DB	53
   130 0000004D 36                              	DB	54
   131 0000004E 2B                              	DB	43
   132 0000004F 31                              	DB	49
   133 00000050 32                              	DB	50
   134 00000051 33                              	DB	51
   135 00000052 30                              	DB	48
   136 00000053 2E                              	DB	46
   137 00000054 00                              	DB	0
   138 00000055 00                              	DB	0
   139 00000056 00                              	DB	0
   140 00000057 00                              	DB	0
   141 00000058 00                              	DB	0
   142 00000059 00                              	DB	0
   143 0000005A 00                              	DB	0
   144 0000005B 00                              	DB	0
   145 0000005C 00                              	DB	0
   146 0000005D 00                              	DB	0
   147 0000005E 00                              	DB	0
   148 0000005F 00                              	DB	0
   149 00000060 00                              	DB	0
   150 00000061 00                              	DB	0
   151 00000062 00                              	DB	0
   152 00000063 00                              	DB	0
   153 00000064 00                              	DB	0
   154 00000065 00                              	DB	0
   155 00000066 00                              	DB	0
   156 00000067 00                              	DB	0
   157 00000068 00                              	DB	0
   158 00000069 00                              	DB	0
   159 0000006A 00                              	DB	0
   160 0000006B 00                              	DB	0
   161 0000006C 00                              	DB	0
   162 0000006D 00                              	DB	0
   163 0000006E 00                              	DB	0
   164 0000006F 00                              	DB	0
   165 00000070 00                              	DB	0
   166 00000071 00                              	DB	0
   167 00000072 00                              	DB	0
   168 00000073 5C                              	DB	92
   169 00000074 00                              	DB	0
   170 00000075 00                              	DB	0
   171 00000076 00                              	DB	0
   172 00000077 00                              	DB	0
   173 00000078 00                              	DB	0
   174 00000079 00                              	DB	0
   175 0000007A 00                              	DB	0
   176 0000007B 00                              	DB	0
   177 0000007C 00                              	DB	0
   178 0000007D 5C                              	DB	92
   179 0000007E 00                              	DB	0
   180 0000007F 00                              	DB	0
   181 00000080                                 _keytable1.1:
   182 00000080 00                              	DB	0
   183 00000081 00                              	DB	0
   184 00000082 21                              	DB	33
   185 00000083 22                              	DB	34
   186 00000084 23                              	DB	35
   187 00000085 24                              	DB	36
   188 00000086 25                              	DB	37
   189 00000087 26                              	DB	38
   190 00000088 27                              	DB	39
   191 00000089 28                              	DB	40
   192 0000008A 29                              	DB	41
   193 0000008B 7E                              	DB	126
   194 0000008C 3D                              	DB	61
   195 0000008D 7E                              	DB	126
   196 0000008E 00                              	DB	0
   197 0000008F 00                              	DB	0
   198 00000090 51                              	DB	81
   199 00000091 57                              	DB	87
   200 00000092 45                              	DB	69
   201 00000093 52                              	DB	82
   202 00000094 54                              	DB	84
   203 00000095 59                              	DB	89
   204 00000096 55                              	DB	85
   205 00000097 49                              	DB	73
   206 00000098 4F                              	DB	79
   207 00000099 50                              	DB	80
   208 0000009A 60                              	DB	96
   209 0000009B 7B                              	DB	123
   210 0000009C 00                              	DB	0
   211 0000009D 00                              	DB	0
   212 0000009E 41                              	DB	65
   213 0000009F 53                              	DB	83
   214 000000A0 44                              	DB	68
   215 000000A1 46                              	DB	70
   216 000000A2 47                              	DB	71
   217 000000A3 48                              	DB	72
   218 000000A4 4A                              	DB	74
   219 000000A5 4B                              	DB	75
   220 000000A6 4C                              	DB	76
   221 000000A7 2B                              	DB	43
   222 000000A8 2A                              	DB	42
   223 000000A9 00                              	DB	0
   224 000000AA 00                              	DB	0
   225 000000AB 7D                              	DB	125
   226 000000AC 5A                              	DB	90
   227 000000AD 58                              	DB	88
   228 000000AE 43                              	DB	67
   229 000000AF 56                              	DB	86
   230 000000B0 42                              	DB	66
   231 000000B1 4E                              	DB	78
   232 000000B2 4D                              	DB	77
   233 000000B3 3C                              	DB	60
   234 000000B4 3E                              	DB	62
   235 000000B5 3F                              	DB	63
   236 000000B6 00                              	DB	0
   237 000000B7 2A                              	DB	42
   238 000000B8 00                              	DB	0
   239 000000B9 20                              	DB	32
   240 000000BA 00                              	DB	0
   241 000000BB 00                              	DB	0
   242 000000BC 00                              	DB	0
   243 000000BD 00                              	DB	0
   244 000000BE 00                              	DB	0
   245 000000BF 00                              	DB	0
   246 000000C0 00                              	DB	0
   247 000000C1 00                              	DB	0
   248 000000C2 00                              	DB	0
   249 000000C3 00                              	DB	0
   250 000000C4 00                              	DB	0
   251 000000C5 00                              	DB	0
   252 000000C6 00                              	DB	0
   253 000000C7 37                              	DB	55
   254 000000C8 38                              	DB	56
   255 000000C9 39                              	DB	57
   256 000000CA 2D                              	DB	45
   257 000000CB 34                              	DB	52
   258 000000CC 35                              	DB	53
   259 000000CD 36                              	DB	54
   260 000000CE 2B                              	DB	43
   261 000000CF 31                              	DB	49
   262 000000D0 32                              	DB	50
   263 000000D1 33                              	DB	51
   264 000000D2 30                              	DB	48
   265 000000D3 2E                              	DB	46
   266 000000D4 00                              	DB	0
   267 000000D5 00                              	DB	0
   268 000000D6 00                              	DB	0
   269 000000D7 00                              	DB	0
   270 000000D8 00                              	DB	0
   271 000000D9 00                              	DB	0
   272 000000DA 00                              	DB	0
   273 000000DB 00                              	DB	0
   274 000000DC 00                              	DB	0
   275 000000DD 00                              	DB	0
   276 000000DE 00                              	DB	0
   277 000000DF 00                              	DB	0
   278 000000E0 00                              	DB	0
   279 000000E1 00                              	DB	0
   280 000000E2 00                              	DB	0
   281 000000E3 00                              	DB	0
   282 000000E4 00                              	DB	0
   283 000000E5 00                              	DB	0
   284 000000E6 00                              	DB	0
   285 000000E7 00                              	DB	0
   286 000000E8 00                              	DB	0
   287 000000E9 00                              	DB	0
   288 000000EA 00                              	DB	0
   289 000000EB 00                              	DB	0
   290 000000EC 00                              	DB	0
   291 000000ED 00                              	DB	0
   292 000000EE 00                              	DB	0
   293 000000EF 00                              	DB	0
   294 000000F0 00                              	DB	0
   295 000000F1 00                              	DB	0
   296 000000F2 00                              	DB	0
   297 000000F3 5F                              	DB	95
   298 000000F4 00                              	DB	0
   299 000000F5 00                              	DB	0
   300 000000F6 00                              	DB	0
   301 000000F7 00                              	DB	0
   302 000000F8 00                              	DB	0
   303 000000F9 00                              	DB	0
   304 000000FA 00                              	DB	0
   305 000000FB 00                              	DB	0
   306 000000FC 00                              	DB	0
   307 000000FD 7C                              	DB	124
   308 000000FE 00                              	DB	0
   309 000000FF 00                              	DB	0
   310 00000100                                 LC0:
   311 00000100 63 6F 6E 73 6F 6C 65 00         	DB	"console",0x00
   312 00000108                                 LC1:
   313 00000108 74 61 73 6B 5F 61 00            	DB	"task_a",0x00
   314 0000010F                                 LC3:
   315 0000010F 0A 42 72 65 61 6B 28 6B 65 79   	DB	0x0A,"Break(key) :",0x0A,0x00
       00000119 29 20 3A 0A 00 
   316 0000011E                                 LC2:
   317 0000011E 20 00                           	DB	" ",0x00
   318                                          [SECTION .text]
   319 00000000                                 	GLOBAL	_HariMain
   320 00000000                                 _HariMain:
   321 00000000 55                              	PUSH	EBP
   322 00000001 89 E5                           	MOV	EBP,ESP
   323 00000003 57                              	PUSH	EDI
   324 00000004 56                              	PUSH	ESI
   325 00000005 53                              	PUSH	EBX
   326 00000006 81 EC 00000448                  	SUB	ESP,1096
   327 0000000C C7 85 FFFFFBBC 00000000         	MOV	DWORD [-1092+EBP],0
   328 00000016 C7 85 FFFFFBB8 00000000         	MOV	DWORD [-1096+EBP],0
   329 00000020 A0 00000FF1                     	MOV	AL,BYTE [4081]
   330 00000025 C0 F8 04                        	SAR	AL,4
   331 00000028 89 C2                           	MOV	EDX,EAX
   332 0000002A 83 E2 07                        	AND	EDX,7
   333 0000002D 89 95 FFFFFBB4                  	MOV	DWORD [-1100+EBP],EDX
   334 00000033 C7 85 FFFFFBB0 FFFFFFFF         	MOV	DWORD [-1104+EBP],-1
   335 0000003D E8 [00000000]                   	CALL	_init_gdtidt
   336 00000042 E8 [00000000]                   	CALL	_init_pic
   337 00000047 E8 [00000000]                   	CALL	_io_sti
   338 0000004C 8D 85 FFFFFD84                  	LEA	EAX,DWORD [-636+EBP]
   339 00000052 6A 00                           	PUSH	0
   340 00000054 50                              	PUSH	EAX
   341 00000055 8D 45 A4                        	LEA	EAX,DWORD [-92+EBP]
   342 00000058 68 00000080                     	PUSH	128
   343 0000005D 50                              	PUSH	EAX
   344 0000005E E8 [00000000]                   	CALL	_fifo32_init
   345 00000063 E8 [00000000]                   	CALL	_init_pit
   346 00000068 8D 55 A4                        	LEA	EDX,DWORD [-92+EBP]
   347 0000006B 68 00000100                     	PUSH	256
   348 00000070 52                              	PUSH	EDX
   349 00000071 E8 [00000000]                   	CALL	_init_keyboard
   350 00000076 8D 85 FFFFFCF4                  	LEA	EAX,DWORD [-780+EBP]
   351 0000007C 50                              	PUSH	EAX
   352 0000007D 8D 45 A4                        	LEA	EAX,DWORD [-92+EBP]
   353 00000080 68 00000200                     	PUSH	512
   354 00000085 50                              	PUSH	EAX
   355 00000086 E8 [00000000]                   	CALL	_enable_mouse
   356 0000008B 83 C4 24                        	ADD	ESP,36
   357 0000008E 68 000000F8                     	PUSH	248
   358 00000093 6A 21                           	PUSH	33
   359 00000095 E8 [00000000]                   	CALL	_io_out8
   360 0000009A 68 000000EF                     	PUSH	239
   361 0000009F 68 000000A1                     	PUSH	161
   362 000000A4 E8 [00000000]                   	CALL	_io_out8
   363 000000A9 8D 55 84                        	LEA	EDX,DWORD [-124+EBP]
   364 000000AC 6A 00                           	PUSH	0
   365 000000AE 8D 85 FFFFFD04                  	LEA	EAX,DWORD [-764+EBP]
   366 000000B4 50                              	PUSH	EAX
   367 000000B5 6A 20                           	PUSH	32
   368 000000B7 52                              	PUSH	EDX
   369 000000B8 E8 [00000000]                   	CALL	_fifo32_init
   370 000000BD 83 C4 20                        	ADD	ESP,32
   371 000000C0 68 BFFFFFFF                     	PUSH	-1073741825
   372 000000C5 68 00400000                     	PUSH	4194304
   373 000000CA E8 [00000000]                   	CALL	_memtest
   374 000000CF 68 003C0000                     	PUSH	3932160
   375 000000D4 89 85 FFFFFBE0                  	MOV	DWORD [-1056+EBP],EAX
   376 000000DA E8 [00000000]                   	CALL	_memman_init
   377 000000DF 68 0009E000                     	PUSH	647168
   378 000000E4 68 00001000                     	PUSH	4096
   379 000000E9 68 003C0000                     	PUSH	3932160
   380 000000EE E8 [00000000]                   	CALL	_memman_free
   381 000000F3 8B 85 FFFFFBE0                  	MOV	EAX,DWORD [-1056+EBP]
   382 000000F9 2D 00400000                     	SUB	EAX,4194304
   383 000000FE 50                              	PUSH	EAX
   384 000000FF 68 00400000                     	PUSH	4194304
   385 00000104 68 003C0000                     	PUSH	3932160
   386 00000109 E8 [00000000]                   	CALL	_memman_free
   387 0000010E 83 C4 24                        	ADD	ESP,36
   388 00000111 E8 [00000000]                   	CALL	_init_palette
   389 00000116 0F BF 05 00000FF6               	MOVSX	EAX,WORD [4086]
   390 0000011D 50                              	PUSH	EAX
   391 0000011E 0F BF 05 00000FF4               	MOVSX	EAX,WORD [4084]
   392 00000125 50                              	PUSH	EAX
   393 00000126 FF 35 00000FF8                  	PUSH	DWORD [4088]
   394 0000012C 68 003C0000                     	PUSH	3932160
   395 00000131 E8 [00000000]                   	CALL	_shtctl_init
   396 00000136 68 003C0000                     	PUSH	3932160
   397 0000013B 89 C6                           	MOV	ESI,EAX
   398 0000013D E8 [00000000]                   	CALL	_task_init
   399 00000142 6A 02                           	PUSH	2
   400 00000144 6A 01                           	PUSH	1
   401 00000146 89 85 FFFFFBC8                  	MOV	DWORD [-1080+EBP],EAX
   402 0000014C 50                              	PUSH	EAX
   403 0000014D 89 45 BC                        	MOV	DWORD [-68+EBP],EAX
   404 00000150 E8 [00000000]                   	CALL	_task_run
   405 00000155 83 C4 20                        	ADD	ESP,32
   406 00000158 56                              	PUSH	ESI
   407 00000159 E8 [00000000]                   	CALL	_sheet_alloc
   408 0000015E 0F BF 15 00000FF6               	MOVSX	EDX,WORD [4086]
   409 00000165 89 85 FFFFFBD4                  	MOV	DWORD [-1068+EBP],EAX
   410 0000016B 0F BF 05 00000FF4               	MOVSX	EAX,WORD [4084]
   411 00000172 0F AF C2                        	IMUL	EAX,EDX
   412 00000175 50                              	PUSH	EAX
   413 00000176 68 003C0000                     	PUSH	3932160
   414 0000017B E8 [00000000]                   	CALL	_memman_alloc_4k
   415 00000180 6A FF                           	PUSH	-1
   416 00000182 89 C3                           	MOV	EBX,EAX
   417 00000184 0F BF 05 00000FF6               	MOVSX	EAX,WORD [4086]
   418 0000018B 50                              	PUSH	EAX
   419 0000018C 0F BF 05 00000FF4               	MOVSX	EAX,WORD [4084]
   420 00000193 50                              	PUSH	EAX
   421 00000194 53                              	PUSH	EBX
   422 00000195 FF B5 FFFFFBD4                  	PUSH	DWORD [-1068+EBP]
   423 0000019B E8 [00000000]                   	CALL	_sheet_setbuf
   424 000001A0 83 C4 20                        	ADD	ESP,32
   425 000001A3 0F BF 05 00000FF6               	MOVSX	EAX,WORD [4086]
   426 000001AA 50                              	PUSH	EAX
   427 000001AB 0F BF 05 00000FF4               	MOVSX	EAX,WORD [4084]
   428 000001B2 50                              	PUSH	EAX
   429 000001B3 53                              	PUSH	EBX
   430 000001B4 8D 9D FFFFFBF4                  	LEA	EBX,DWORD [-1036+EBP]
   431 000001BA E8 [00000000]                   	CALL	_init_screen8
   432 000001BF 56                              	PUSH	ESI
   433 000001C0 E8 [00000000]                   	CALL	_sheet_alloc
   434 000001C5 68 0000A500                     	PUSH	42240
   435 000001CA 68 003C0000                     	PUSH	3932160
   436 000001CF 89 85 FFFFFBCC                  	MOV	DWORD [-1076+EBP],EAX
   437 000001D5 E8 [00000000]                   	CALL	_memman_alloc_4k
   438 000001DA 6A FF                           	PUSH	-1
   439 000001DC 68 000000A5                     	PUSH	165
   440 000001E1 89 85 FFFFFBD8                  	MOV	DWORD [-1064+EBP],EAX
   441 000001E7 68 00000100                     	PUSH	256
   442 000001EC 50                              	PUSH	EAX
   443 000001ED FF B5 FFFFFBCC                  	PUSH	DWORD [-1076+EBP]
   444 000001F3 E8 [00000000]                   	CALL	_sheet_setbuf
   445 000001F8 83 C4 2C                        	ADD	ESP,44
   446 000001FB 6A 00                           	PUSH	0
   447 000001FD 68 [00000100]                   	PUSH	LC0
   448 00000202 68 000000A5                     	PUSH	165
   449 00000207 68 00000100                     	PUSH	256
   450 0000020C FF B5 FFFFFBD8                  	PUSH	DWORD [-1064+EBP]
   451 00000212 E8 [00000000]                   	CALL	_make_window8
   452 00000217 6A 00                           	PUSH	0
   453 00000219 68 00000080                     	PUSH	128
   454 0000021E 68 000000F0                     	PUSH	240
   455 00000223 6A 1C                           	PUSH	28
   456 00000225 6A 08                           	PUSH	8
   457 00000227 FF B5 FFFFFBCC                  	PUSH	DWORD [-1076+EBP]
   458 0000022D E8 [00000000]                   	CALL	_make_textbox8
   459 00000232 83 C4 2C                        	ADD	ESP,44
   460 00000235 E8 [00000000]                   	CALL	_task_alloc
   461 0000023A 68 00010000                     	PUSH	65536
   462 0000023F 68 003C0000                     	PUSH	3932160
   463 00000244 89 85 FFFFFBC4                  	MOV	DWORD [-1084+EBP],EAX
   464 0000024A E8 [00000000]                   	CALL	_memman_alloc_4k
   465 0000024F 8B 95 FFFFFBC4                  	MOV	EDX,DWORD [-1084+EBP]
   466 00000255 05 0000FFF4                     	ADD	EAX,65524
   467 0000025A 89 42 64                        	MOV	DWORD [100+EDX],EAX
   468 0000025D C7 42 4C [00000000]             	MOV	DWORD [76+EDX],_console_task
   469 00000264 C7 42 74 00000008               	MOV	DWORD [116+EDX],8
   470 0000026B C7 42 78 00000010               	MOV	DWORD [120+EDX],16
   471 00000272 C7 42 7C 00000008               	MOV	DWORD [124+EDX],8
   472 00000279 C7 82 00000080 00000008         	MOV	DWORD [128+EDX],8
   473 00000283 C7 82 00000084 00000008         	MOV	DWORD [132+EDX],8
   474 0000028D C7 82 00000088 00000008         	MOV	DWORD [136+EDX],8
   475 00000297 8B 95 FFFFFBCC                  	MOV	EDX,DWORD [-1076+EBP]
   476 0000029D 89 50 04                        	MOV	DWORD [4+EAX],EDX
   477 000002A0 8B 95 FFFFFBC4                  	MOV	EDX,DWORD [-1084+EBP]
   478 000002A6 8B 42 64                        	MOV	EAX,DWORD [100+EDX]
   479 000002A9 8B 95 FFFFFBE0                  	MOV	EDX,DWORD [-1056+EBP]
   480 000002AF 89 50 08                        	MOV	DWORD [8+EAX],EDX
   481 000002B2 6A 02                           	PUSH	2
   482 000002B4 6A 02                           	PUSH	2
   483 000002B6 FF B5 FFFFFBC4                  	PUSH	DWORD [-1084+EBP]
   484 000002BC E8 [00000000]                   	CALL	_task_run
   485 000002C1 56                              	PUSH	ESI
   486 000002C2 E8 [00000000]                   	CALL	_sheet_alloc
   487 000002C7 68 00002080                     	PUSH	8320
   488 000002CC 68 003C0000                     	PUSH	3932160
   489 000002D1 89 C7                           	MOV	EDI,EAX
   490 000002D3 E8 [00000000]                   	CALL	_memman_alloc_4k
   491 000002D8 83 C4 20                        	ADD	ESP,32
   492 000002DB 6A FF                           	PUSH	-1
   493 000002DD 89 85 FFFFFBDC                  	MOV	DWORD [-1060+EBP],EAX
   494 000002E3 6A 34                           	PUSH	52
   495 000002E5 68 00000090                     	PUSH	144
   496 000002EA 50                              	PUSH	EAX
   497 000002EB 57                              	PUSH	EDI
   498 000002EC E8 [00000000]                   	CALL	_sheet_setbuf
   499 000002F1 6A 01                           	PUSH	1
   500 000002F3 68 [00000108]                   	PUSH	LC1
   501 000002F8 6A 34                           	PUSH	52
   502 000002FA 68 00000090                     	PUSH	144
   503 000002FF FF B5 FFFFFBDC                  	PUSH	DWORD [-1060+EBP]
   504 00000305 E8 [00000000]                   	CALL	_make_window8
   505 0000030A 83 C4 28                        	ADD	ESP,40
   506 0000030D 6A 07                           	PUSH	7
   507 0000030F 6A 10                           	PUSH	16
   508 00000311 68 00000080                     	PUSH	128
   509 00000316 6A 1C                           	PUSH	28
   510 00000318 6A 08                           	PUSH	8
   511 0000031A 57                              	PUSH	EDI
   512 0000031B E8 [00000000]                   	CALL	_make_textbox8
   513 00000320 C7 85 FFFFFBE8 00000008         	MOV	DWORD [-1048+EBP],8
   514 0000032A C7 85 FFFFFBE4 00000007         	MOV	DWORD [-1052+EBP],7
   515 00000334 E8 [00000000]                   	CALL	_timer_alloc
   516 00000339 6A 01                           	PUSH	1
   517 0000033B 89 85 FFFFFBC0                  	MOV	DWORD [-1088+EBP],EAX
   518 00000341 8D 45 A4                        	LEA	EAX,DWORD [-92+EBP]
   519 00000344 50                              	PUSH	EAX
   520 00000345 FF B5 FFFFFBC0                  	PUSH	DWORD [-1088+EBP]
   521 0000034B E8 [00000000]                   	CALL	_timer_init
   522 00000350 83 C4 24                        	ADD	ESP,36
   523 00000353 6A 32                           	PUSH	50
   524 00000355 FF B5 FFFFFBC0                  	PUSH	DWORD [-1088+EBP]
   525 0000035B E8 [00000000]                   	CALL	_timer_settime
   526 00000360 56                              	PUSH	ESI
   527 00000361 E8 [00000000]                   	CALL	_sheet_alloc
   528 00000366 6A 63                           	PUSH	99
   529 00000368 6A 10                           	PUSH	16
   530 0000036A 6A 10                           	PUSH	16
   531 0000036C 89 85 FFFFFBD0                  	MOV	DWORD [-1072+EBP],EAX
   532 00000372 53                              	PUSH	EBX
   533 00000373 50                              	PUSH	EAX
   534 00000374 E8 [00000000]                   	CALL	_sheet_setbuf
   535 00000379 83 C4 20                        	ADD	ESP,32
   536 0000037C 6A 63                           	PUSH	99
   537 0000037E 53                              	PUSH	EBX
   538 0000037F BB 00000002                     	MOV	EBX,2
   539 00000384 E8 [00000000]                   	CALL	_init_mouse_cursor8
   540 00000389 0F BF 05 00000FF4               	MOVSX	EAX,WORD [4084]
   541 00000390 8D 48 F0                        	LEA	ECX,DWORD [-16+EAX]
   542 00000393 89 C8                           	MOV	EAX,ECX
   543 00000395 99                              	CDQ
   544 00000396 F7 FB                           	IDIV	EBX
   545 00000398 89 85 FFFFFBF0                  	MOV	DWORD [-1040+EBP],EAX
   546 0000039E 0F BF 05 00000FF6               	MOVSX	EAX,WORD [4086]
   547 000003A5 6A 00                           	PUSH	0
   548 000003A7 8D 48 D4                        	LEA	ECX,DWORD [-44+EAX]
   549 000003AA 6A 00                           	PUSH	0
   550 000003AC 89 C8                           	MOV	EAX,ECX
   551 000003AE 99                              	CDQ
   552 000003AF F7 FB                           	IDIV	EBX
   553 000003B1 FF B5 FFFFFBD4                  	PUSH	DWORD [-1068+EBP]
   554 000003B7 89 85 FFFFFBEC                  	MOV	DWORD [-1044+EBP],EAX
   555 000003BD E8 [00000000]                   	CALL	_sheet_slide
   556 000003C2 6A 04                           	PUSH	4
   557 000003C4 6A 20                           	PUSH	32
   558 000003C6 FF B5 FFFFFBCC                  	PUSH	DWORD [-1076+EBP]
   559 000003CC E8 [00000000]                   	CALL	_sheet_slide
   560 000003D1 83 C4 20                        	ADD	ESP,32
   561 000003D4 6A 38                           	PUSH	56
   562 000003D6 6A 40                           	PUSH	64
   563 000003D8 57                              	PUSH	EDI
   564 000003D9 E8 [00000000]                   	CALL	_sheet_slide
   565 000003DE FF B5 FFFFFBEC                  	PUSH	DWORD [-1044+EBP]
   566 000003E4 FF B5 FFFFFBF0                  	PUSH	DWORD [-1040+EBP]
   567 000003EA FF B5 FFFFFBD0                  	PUSH	DWORD [-1072+EBP]
   568 000003F0 E8 [00000000]                   	CALL	_sheet_slide
   569 000003F5 6A 00                           	PUSH	0
   570 000003F7 FF B5 FFFFFBD4                  	PUSH	DWORD [-1068+EBP]
   571 000003FD E8 [00000000]                   	CALL	_sheet_updown
   572 00000402 83 C4 20                        	ADD	ESP,32
   573 00000405 6A 01                           	PUSH	1
   574 00000407 FF B5 FFFFFBCC                  	PUSH	DWORD [-1076+EBP]
   575 0000040D E8 [00000000]                   	CALL	_sheet_updown
   576 00000412 6A 02                           	PUSH	2
   577 00000414 57                              	PUSH	EDI
   578 00000415 E8 [00000000]                   	CALL	_sheet_updown
   579 0000041A 6A 03                           	PUSH	3
   580 0000041C FF B5 FFFFFBD0                  	PUSH	DWORD [-1072+EBP]
   581 00000422 E8 [00000000]                   	CALL	_sheet_updown
   582 00000427 8D 55 84                        	LEA	EDX,DWORD [-124+EBP]
   583 0000042A 68 000000ED                     	PUSH	237
   584 0000042F 52                              	PUSH	EDX
   585 00000430 E8 [00000000]                   	CALL	_fifo32_put
   586 00000435 8D 45 84                        	LEA	EAX,DWORD [-124+EBP]
   587 00000438 83 C4 20                        	ADD	ESP,32
   588 0000043B FF B5 FFFFFBB4                  	PUSH	DWORD [-1100+EBP]
   589 00000441 50                              	PUSH	EAX
   590 00000442 E8 [00000000]                   	CALL	_fifo32_put
   591 00000447 59                              	POP	ECX
   592 00000448 5B                              	POP	EBX
   593 00000449                                 L2:
   594 00000449 8D 5D 84                        	LEA	EBX,DWORD [-124+EBP]
   595 0000044C 53                              	PUSH	EBX
   596 0000044D E8 [00000000]                   	CALL	_fifo32_status
   597 00000452 5A                              	POP	EDX
   598 00000453 85 C0                           	TEST	EAX,EAX
   599 00000455 7E 0D                           	JLE	L5
   600 00000457 83 BD FFFFFBB0 00               	CMP	DWORD [-1104+EBP],0
   601 0000045E 0F 88 00000674                  	JS	L58
   602 00000464                                 L5:
   603 00000464 8D 5D A4                        	LEA	EBX,DWORD [-92+EBP]
   604 00000467 E8 [00000000]                   	CALL	_io_cli
   605 0000046C 53                              	PUSH	EBX
   606 0000046D E8 [00000000]                   	CALL	_fifo32_status
   607 00000472 5E                              	POP	ESI
   608 00000473 85 C0                           	TEST	EAX,EAX
   609 00000475 0F 84 00000647                  	JE	L59
   610 0000047B 53                              	PUSH	EBX
   611 0000047C E8 [00000000]                   	CALL	_fifo32_get
   612 00000481 89 C6                           	MOV	ESI,EAX
   613 00000483 E8 [00000000]                   	CALL	_io_sti
   614 00000488 59                              	POP	ECX
   615 00000489 8D 86 FFFFFF00                  	LEA	EAX,DWORD [-256+ESI]
   616 0000048F 3D 000000FF                     	CMP	EAX,255
   617 00000494 0F 86 000001AC                  	JBE	L60
   618 0000049A 8D 86 FFFFFE00                  	LEA	EAX,DWORD [-512+ESI]
   619 000004A0 3D 000000FF                     	CMP	EAX,255
   620 000004A5 0F 86 000000C2                  	JBE	L61
   621 000004AB 83 FE 01                        	CMP	ESI,1
   622 000004AE 7F 99                           	JG	L2
   623 000004B0 85 F6                           	TEST	ESI,ESI
   624 000004B2 0F 84 00000088                  	JE	L51
   625 000004B8 6A 00                           	PUSH	0
   626 000004BA 53                              	PUSH	EBX
   627 000004BB FF B5 FFFFFBC0                  	PUSH	DWORD [-1088+EBP]
   628 000004C1 E8 [00000000]                   	CALL	_timer_init
   629 000004C6 83 C4 0C                        	ADD	ESP,12
   630 000004C9 83 BD FFFFFBE4 00               	CMP	DWORD [-1052+EBP],0
   631 000004D0 78 0A                           	JS	L53
   632 000004D2 C7 85 FFFFFBE4 00000000         	MOV	DWORD [-1052+EBP],0
   633 000004DC                                 L53:
   634 000004DC 6A 32                           	PUSH	50
   635 000004DE FF B5 FFFFFBC0                  	PUSH	DWORD [-1088+EBP]
   636 000004E4 E8 [00000000]                   	CALL	_timer_settime
   637 000004E9 58                              	POP	EAX
   638 000004EA 5A                              	POP	EDX
   639 000004EB 83 BD FFFFFBE4 00               	CMP	DWORD [-1052+EBP],0
   640 000004F2 0F 88 FFFFFF51                  	JS	L2
   641 000004F8 8B 85 FFFFFBE8                  	MOV	EAX,DWORD [-1048+EBP]
   642 000004FE 6A 2B                           	PUSH	43
   643 00000500 83 C0 07                        	ADD	EAX,7
   644 00000503 50                              	PUSH	EAX
   645 00000504 6A 1C                           	PUSH	28
   646 00000506 FF B5 FFFFFBE8                  	PUSH	DWORD [-1048+EBP]
   647 0000050C 0F B6 85 FFFFFBE4               	MOVZX	EAX,BYTE [-1052+EBP]
   648 00000513 50                              	PUSH	EAX
   649 00000514 FF 77 04                        	PUSH	DWORD [4+EDI]
   650 00000517 FF 37                           	PUSH	DWORD [EDI]
   651 00000519 E8 [00000000]                   	CALL	_boxfill8
   652 0000051E 8B 85 FFFFFBE8                  	MOV	EAX,DWORD [-1048+EBP]
   653 00000524 6A 2C                           	PUSH	44
   654 00000526 83 C0 08                        	ADD	EAX,8
   655 00000529 50                              	PUSH	EAX
   656 0000052A 6A 1C                           	PUSH	28
   657 0000052C FF B5 FFFFFBE8                  	PUSH	DWORD [-1048+EBP]
   658 00000532 57                              	PUSH	EDI
   659 00000533 E8 [00000000]                   	CALL	_sheet_refresh
   660 00000538 83 C4 30                        	ADD	ESP,48
   661 0000053B E9 FFFFFF09                     	JMP	L2
   662 00000540                                 L51:
   663 00000540 6A 01                           	PUSH	1
   664 00000542 53                              	PUSH	EBX
   665 00000543 FF B5 FFFFFBC0                  	PUSH	DWORD [-1088+EBP]
   666 00000549 E8 [00000000]                   	CALL	_timer_init
   667 0000054E 83 C4 0C                        	ADD	ESP,12
   668 00000551 83 BD FFFFFBE4 00               	CMP	DWORD [-1052+EBP],0
   669 00000558 0F 88 FFFFFF7E                  	JS	L53
   670 0000055E C7 85 FFFFFBE4 00000007         	MOV	DWORD [-1052+EBP],7
   671 00000568 E9 FFFFFF6F                     	JMP	L53
   672 0000056D                                 L61:
   673 0000056D 89 F2                           	MOV	EDX,ESI
   674 0000056F 0F B6 C2                        	MOVZX	EAX,DL
   675 00000572 50                              	PUSH	EAX
   676 00000573 8D 85 FFFFFCF4                  	LEA	EAX,DWORD [-780+EBP]
   677 00000579 50                              	PUSH	EAX
   678 0000057A E8 [00000000]                   	CALL	_mouse_decode
   679 0000057F 59                              	POP	ECX
   680 00000580 5B                              	POP	EBX
   681 00000581 85 C0                           	TEST	EAX,EAX
   682 00000583 0F 84 FFFFFEC0                  	JE	L2
   683 00000589 8B 85 FFFFFCFC                  	MOV	EAX,DWORD [-772+EBP]
   684 0000058F 8B 95 FFFFFCF8                  	MOV	EDX,DWORD [-776+EBP]
   685 00000595 01 85 FFFFFBEC                  	ADD	DWORD [-1044+EBP],EAX
   686 0000059B 01 95 FFFFFBF0                  	ADD	DWORD [-1040+EBP],EDX
   687 000005A1 0F 88 00000090                  	JS	L62
   688 000005A7                                 L44:
   689 000005A7 83 BD FFFFFBEC 00               	CMP	DWORD [-1044+EBP],0
   690 000005AE 78 78                           	JS	L63
   691 000005B0                                 L45:
   692 000005B0 0F BF 05 00000FF4               	MOVSX	EAX,WORD [4084]
   693 000005B7 48                              	DEC	EAX
   694 000005B8 39 85 FFFFFBF0                  	CMP	DWORD [-1040+EBP],EAX
   695 000005BE 7E 06                           	JLE	L46
   696 000005C0 89 85 FFFFFBF0                  	MOV	DWORD [-1040+EBP],EAX
   697 000005C6                                 L46:
   698 000005C6 0F BF 05 00000FF6               	MOVSX	EAX,WORD [4086]
   699 000005CD 48                              	DEC	EAX
   700 000005CE 39 85 FFFFFBEC                  	CMP	DWORD [-1044+EBP],EAX
   701 000005D4 7E 06                           	JLE	L47
   702 000005D6 89 85 FFFFFBEC                  	MOV	DWORD [-1044+EBP],EAX
   703 000005DC                                 L47:
   704 000005DC FF B5 FFFFFBEC                  	PUSH	DWORD [-1044+EBP]
   705 000005E2 FF B5 FFFFFBF0                  	PUSH	DWORD [-1040+EBP]
   706 000005E8 FF B5 FFFFFBD0                  	PUSH	DWORD [-1072+EBP]
   707 000005EE E8 [00000000]                   	CALL	_sheet_slide
   708 000005F3 83 C4 0C                        	ADD	ESP,12
   709 000005F6 F7 85 FFFFFD00 00000001         	TEST	DWORD [-768+EBP],1
   710 00000600 0F 84 FFFFFE43                  	JE	L2
   711 00000606 8B 85 FFFFFBEC                  	MOV	EAX,DWORD [-1044+EBP]
   712 0000060C 83 E8 08                        	SUB	EAX,8
   713 0000060F 50                              	PUSH	EAX
   714 00000610 8B 85 FFFFFBF0                  	MOV	EAX,DWORD [-1040+EBP]
   715 00000616 83 E8 50                        	SUB	EAX,80
   716 00000619 50                              	PUSH	EAX
   717 0000061A 57                              	PUSH	EDI
   718 0000061B E8 [00000000]                   	CALL	_sheet_slide
   719 00000620 83 C4 0C                        	ADD	ESP,12
   720 00000623 E9 FFFFFE21                     	JMP	L2
   721 00000628                                 L63:
   722 00000628 C7 85 FFFFFBEC 00000000         	MOV	DWORD [-1044+EBP],0
   723 00000632 E9 FFFFFF79                     	JMP	L45
   724 00000637                                 L62:
   725 00000637 C7 85 FFFFFBF0 00000000         	MOV	DWORD [-1040+EBP],0
   726 00000641 E9 FFFFFF61                     	JMP	L44
   727 00000646                                 L60:
   728 00000646 81 FE 0000017F                  	CMP	ESI,383
   729 0000064C 0F 8F 00000467                  	JG	L9
   730 00000652 83 BD FFFFFBB8 00               	CMP	DWORD [-1096+EBP],0
   731 00000659 0F 85 0000044F                  	JNE	L10
   732 0000065F 8A 86 [FFFFFF00]                	MOV	AL,BYTE [_keytable0.0-256+ESI]
   733 00000665                                 L57:
   734 00000665 88 45 C4                        	MOV	BYTE [-60+EBP],AL
   735 00000668                                 L12:
   736 00000668 8A 55 C4                        	MOV	DL,BYTE [-60+EBP]
   737 0000066B 8D 42 BF                        	LEA	EAX,DWORD [-65+EDX]
   738 0000066E 3C 19                           	CMP	AL,25
   739 00000670 77 1D                           	JA	L13
   740 00000672 F7 85 FFFFFBB4 00000004         	TEST	DWORD [-1100+EBP],4
   741 0000067C 0F 85 0000041D                  	JNE	L56
   742 00000682 83 BD FFFFFBB8 00               	CMP	DWORD [-1096+EBP],0
   743 00000689 0F 84 00000405                  	JE	L15
   744 0000068F                                 L13:
   745 0000068F 8A 45 C4                        	MOV	AL,BYTE [-60+EBP]
   746 00000692 84 C0                           	TEST	AL,AL
   747 00000694 74 3C                           	JE	L17
   748 00000696 83 BD FFFFFBBC 00               	CMP	DWORD [-1092+EBP],0
   749 0000069D 0F 85 000003D2                  	JNE	L18
   750 000006A3 83 BD FFFFFBE8 7F               	CMP	DWORD [-1048+EBP],127
   751 000006AA 7F 26                           	JG	L17
   752 000006AC 6A 01                           	PUSH	1
   753 000006AE 8D 45 C4                        	LEA	EAX,DWORD [-60+EBP]
   754 000006B1 50                              	PUSH	EAX
   755 000006B2 6A 07                           	PUSH	7
   756 000006B4 6A 00                           	PUSH	0
   757 000006B6 6A 1C                           	PUSH	28
   758 000006B8 FF B5 FFFFFBE8                  	PUSH	DWORD [-1048+EBP]
   759 000006BE 57                              	PUSH	EDI
   760 000006BF C6 45 C5 00                     	MOV	BYTE [-59+EBP],0
   761 000006C3 E8 [00000000]                   	CALL	_putfonts8_asc_sht
   762 000006C8 83 C4 1C                        	ADD	ESP,28
   763 000006CB 83 85 FFFFFBE8 08               	ADD	DWORD [-1048+EBP],8
   764 000006D2                                 L17:
   765 000006D2 81 FE 0000010E                  	CMP	ESI,270
   766 000006D8 0F 84 0000033E                  	JE	L64
   767 000006DE                                 L21:
   768 000006DE 81 FE 0000011C                  	CMP	ESI,284
   769 000006E4 0F 84 0000030A                  	JE	L65
   770 000006EA                                 L25:
   771 000006EA 81 FE 0000010F                  	CMP	ESI,271
   772 000006F0 0F 84 000001EB                  	JE	L66
   773 000006F6                                 L27:
   774 000006F6 81 FE 0000012A                  	CMP	ESI,298
   775 000006FC 0F 84 000001D3                  	JE	L67
   776 00000702                                 L30:
   777 00000702 81 FE 00000136                  	CMP	ESI,310
   778 00000708 0F 84 000001BB                  	JE	L68
   779 0000070E                                 L31:
   780 0000070E 81 FE 000001AA                  	CMP	ESI,426
   781 00000714 0F 84 000001A3                  	JE	L69
   782 0000071A                                 L32:
   783 0000071A 81 FE 000001B6                  	CMP	ESI,438
   784 00000720 0F 84 0000018B                  	JE	L70
   785 00000726                                 L33:
   786 00000726 81 FE 0000013A                  	CMP	ESI,314
   787 0000072C 0F 84 00000156                  	JE	L71
   788 00000732                                 L34:
   789 00000732 81 FE 00000145                  	CMP	ESI,325
   790 00000738 0F 84 00000121                  	JE	L72
   791 0000073E                                 L35:
   792 0000073E 81 FE 00000146                  	CMP	ESI,326
   793 00000744 0F 84 000000EC                  	JE	L73
   794 0000074A                                 L36:
   795 0000074A 81 FE 0000013B                  	CMP	ESI,315
   796 00000750 0F 84 00000089                  	JE	L74
   797 00000756                                 L37:
   798 00000756 81 FE 000001FA                  	CMP	ESI,506
   799 0000075C 74 72                           	JE	L75
   800 0000075E                                 L38:
   801 0000075E 81 FE 000001FE                  	CMP	ESI,510
   802 00000764 74 54                           	JE	L76
   803 00000766                                 L39:
   804 00000766 83 BD FFFFFBE4 00               	CMP	DWORD [-1052+EBP],0
   805 0000076D 78 29                           	JS	L40
   806 0000076F 8B 85 FFFFFBE8                  	MOV	EAX,DWORD [-1048+EBP]
   807 00000775 6A 2B                           	PUSH	43
   808 00000777 83 C0 07                        	ADD	EAX,7
   809 0000077A 50                              	PUSH	EAX
   810 0000077B 6A 1C                           	PUSH	28
   811 0000077D FF B5 FFFFFBE8                  	PUSH	DWORD [-1048+EBP]
   812 00000783 0F B6 85 FFFFFBE4               	MOVZX	EAX,BYTE [-1052+EBP]
   813 0000078A 50                              	PUSH	EAX
   814 0000078B FF 77 04                        	PUSH	DWORD [4+EDI]
   815 0000078E FF 37                           	PUSH	DWORD [EDI]
   816 00000790 E8 [00000000]                   	CALL	_boxfill8
   817 00000795 83 C4 1C                        	ADD	ESP,28
   818 00000798                                 L40:
   819 00000798 8B 85 FFFFFBE8                  	MOV	EAX,DWORD [-1048+EBP]
   820 0000079E 6A 2C                           	PUSH	44
   821 000007A0 83 C0 08                        	ADD	EAX,8
   822 000007A3 50                              	PUSH	EAX
   823 000007A4 6A 1C                           	PUSH	28
   824 000007A6 FF B5 FFFFFBE8                  	PUSH	DWORD [-1048+EBP]
   825 000007AC 57                              	PUSH	EDI
   826 000007AD E8 [00000000]                   	CALL	_sheet_refresh
   827 000007B2 83 C4 14                        	ADD	ESP,20
   828 000007B5 E9 FFFFFC8F                     	JMP	L2
   829 000007BA                                 L76:
   830 000007BA E8 [00000000]                   	CALL	_wait_KBC_sendready
   831 000007BF FF B5 FFFFFBB0                  	PUSH	DWORD [-1104+EBP]
   832 000007C5 6A 60                           	PUSH	96
   833 000007C7 E8 [00000000]                   	CALL	_io_out8
   834 000007CC 5E                              	POP	ESI
   835 000007CD 58                              	POP	EAX
   836 000007CE EB 96                           	JMP	L39
   837 000007D0                                 L75:
   838 000007D0 C7 85 FFFFFBB0 FFFFFFFF         	MOV	DWORD [-1104+EBP],-1
   839 000007DA E9 FFFFFF7F                     	JMP	L38
   840 000007DF                                 L74:
   841 000007DF 83 BD FFFFFBB8 00               	CMP	DWORD [-1096+EBP],0
   842 000007E6 0F 84 FFFFFF6A                  	JE	L37
   843 000007EC 8B 85 FFFFFBC4                  	MOV	EAX,DWORD [-1084+EBP]
   844 000007F2 83 78 34 00                     	CMP	DWORD [52+EAX],0
   845 000007F6 0F 84 FFFFFF5A                  	JE	L37
   846 000007FC 68 [0000010F]                   	PUSH	LC3
   847 00000801 FF 35 00000FEC                  	PUSH	DWORD [4076]
   848 00000807 E8 [00000000]                   	CALL	_cons_putstr0
   849 0000080C E8 [00000000]                   	CALL	_io_cli
   850 00000811 8B 95 FFFFFBC4                  	MOV	EDX,DWORD [-1084+EBP]
   851 00000817 8B 85 FFFFFBC4                  	MOV	EAX,DWORD [-1084+EBP]
   852 0000081D 83 C0 30                        	ADD	EAX,48
   853 00000820 89 42 54                        	MOV	DWORD [84+EDX],EAX
   854 00000823 C7 42 4C [00000000]             	MOV	DWORD [76+EDX],_asm_end_app
   855 0000082A E8 [00000000]                   	CALL	_io_sti
   856 0000082F 58                              	POP	EAX
   857 00000830 5A                              	POP	EDX
   858 00000831 E9 FFFFFF20                     	JMP	L37
   859 00000836                                 L73:
   860 00000836 68 000000ED                     	PUSH	237
   861 0000083B 8D 5D 84                        	LEA	EBX,DWORD [-124+EBP]
   862 0000083E 53                              	PUSH	EBX
   863 0000083F 83 B5 FFFFFBB4 01               	XOR	DWORD [-1100+EBP],1
   864 00000846 E8 [00000000]                   	CALL	_fifo32_put
   865 0000084B FF B5 FFFFFBB4                  	PUSH	DWORD [-1100+EBP]
   866 00000851 53                              	PUSH	EBX
   867 00000852 E8 [00000000]                   	CALL	_fifo32_put
   868 00000857 83 C4 10                        	ADD	ESP,16
   869 0000085A E9 FFFFFEEB                     	JMP	L36
   870 0000085F                                 L72:
   871 0000085F 68 000000ED                     	PUSH	237
   872 00000864 8D 5D 84                        	LEA	EBX,DWORD [-124+EBP]
   873 00000867 53                              	PUSH	EBX
   874 00000868 83 B5 FFFFFBB4 02               	XOR	DWORD [-1100+EBP],2
   875 0000086F E8 [00000000]                   	CALL	_fifo32_put
   876 00000874 FF B5 FFFFFBB4                  	PUSH	DWORD [-1100+EBP]
   877 0000087A 53                              	PUSH	EBX
   878 0000087B E8 [00000000]                   	CALL	_fifo32_put
   879 00000880 83 C4 10                        	ADD	ESP,16
   880 00000883 E9 FFFFFEB6                     	JMP	L35
   881 00000888                                 L71:
   882 00000888 68 000000ED                     	PUSH	237
   883 0000088D 8D 5D 84                        	LEA	EBX,DWORD [-124+EBP]
   884 00000890 53                              	PUSH	EBX
   885 00000891 83 B5 FFFFFBB4 04               	XOR	DWORD [-1100+EBP],4
   886 00000898 E8 [00000000]                   	CALL	_fifo32_put
   887 0000089D FF B5 FFFFFBB4                  	PUSH	DWORD [-1100+EBP]
   888 000008A3 53                              	PUSH	EBX
   889 000008A4 E8 [00000000]                   	CALL	_fifo32_put
   890 000008A9 83 C4 10                        	ADD	ESP,16
   891 000008AC E9 FFFFFE81                     	JMP	L34
   892 000008B1                                 L70:
   893 000008B1 83 A5 FFFFFBB8 FD               	AND	DWORD [-1096+EBP],-3
   894 000008B8 E9 FFFFFE69                     	JMP	L33
   895 000008BD                                 L69:
   896 000008BD 83 A5 FFFFFBB8 FE               	AND	DWORD [-1096+EBP],-2
   897 000008C4 E9 FFFFFE51                     	JMP	L32
   898 000008C9                                 L68:
   899 000008C9 83 8D FFFFFBB8 02               	OR	DWORD [-1096+EBP],2
   900 000008D0 E9 FFFFFE39                     	JMP	L31
   901 000008D5                                 L67:
   902 000008D5 83 8D FFFFFBB8 01               	OR	DWORD [-1096+EBP],1
   903 000008DC E9 FFFFFE21                     	JMP	L30
   904 000008E1                                 L66:
   905 000008E1 83 BD FFFFFBBC 00               	CMP	DWORD [-1092+EBP],0
   906 000008E8 0F 85 000000A7                  	JNE	L28
   907 000008EE 6A 00                           	PUSH	0
   908 000008F0 68 [00000108]                   	PUSH	LC1
   909 000008F5 FF 77 04                        	PUSH	DWORD [4+EDI]
   910 000008F8 FF B5 FFFFFBDC                  	PUSH	DWORD [-1060+EBP]
   911 000008FE C7 85 FFFFFBBC 00000001         	MOV	DWORD [-1092+EBP],1
   912 00000908 E8 [00000000]                   	CALL	_make_wtitle8
   913 0000090D 8B 95 FFFFFBCC                  	MOV	EDX,DWORD [-1076+EBP]
   914 00000913 6A 01                           	PUSH	1
   915 00000915 68 [00000100]                   	PUSH	LC0
   916 0000091A FF 72 04                        	PUSH	DWORD [4+EDX]
   917 0000091D FF B5 FFFFFBD8                  	PUSH	DWORD [-1064+EBP]
   918 00000923 E8 [00000000]                   	CALL	_make_wtitle8
   919 00000928 8B 85 FFFFFBE8                  	MOV	EAX,DWORD [-1048+EBP]
   920 0000092E 83 C4 20                        	ADD	ESP,32
   921 00000931 83 C0 07                        	ADD	EAX,7
   922 00000934 C7 85 FFFFFBE4 FFFFFFFF         	MOV	DWORD [-1052+EBP],-1
   923 0000093E 6A 2B                           	PUSH	43
   924 00000940 50                              	PUSH	EAX
   925 00000941 6A 1C                           	PUSH	28
   926 00000943 FF B5 FFFFFBE8                  	PUSH	DWORD [-1048+EBP]
   927 00000949 6A 07                           	PUSH	7
   928 0000094B FF 77 04                        	PUSH	DWORD [4+EDI]
   929 0000094E FF 37                           	PUSH	DWORD [EDI]
   930 00000950 E8 [00000000]                   	CALL	_boxfill8
   931 00000955 8B 85 FFFFFBC4                  	MOV	EAX,DWORD [-1084+EBP]
   932 0000095B 6A 02                           	PUSH	2
   933 0000095D 83 C0 10                        	ADD	EAX,16
   934 00000960 50                              	PUSH	EAX
   935 00000961 E8 [00000000]                   	CALL	_fifo32_put
   936 00000966 83 C4 24                        	ADD	ESP,36
   937 00000969                                 L29:
   938 00000969 6A 15                           	PUSH	21
   939 0000096B FF 77 04                        	PUSH	DWORD [4+EDI]
   940 0000096E 6A 00                           	PUSH	0
   941 00000970 6A 00                           	PUSH	0
   942 00000972 57                              	PUSH	EDI
   943 00000973 E8 [00000000]                   	CALL	_sheet_refresh
   944 00000978 8B 95 FFFFFBCC                  	MOV	EDX,DWORD [-1076+EBP]
   945 0000097E 6A 15                           	PUSH	21
   946 00000980 FF 72 04                        	PUSH	DWORD [4+EDX]
   947 00000983 6A 00                           	PUSH	0
   948 00000985 6A 00                           	PUSH	0
   949 00000987 52                              	PUSH	EDX
   950 00000988 E8 [00000000]                   	CALL	_sheet_refresh
   951 0000098D 83 C4 28                        	ADD	ESP,40
   952 00000990 E9 FFFFFD61                     	JMP	L27
   953 00000995                                 L28:
   954 00000995 6A 01                           	PUSH	1
   955 00000997 68 [00000108]                   	PUSH	LC1
   956 0000099C FF 77 04                        	PUSH	DWORD [4+EDI]
   957 0000099F FF B5 FFFFFBDC                  	PUSH	DWORD [-1060+EBP]
   958 000009A5 C7 85 FFFFFBBC 00000000         	MOV	DWORD [-1092+EBP],0
   959 000009AF E8 [00000000]                   	CALL	_make_wtitle8
   960 000009B4 8B 85 FFFFFBCC                  	MOV	EAX,DWORD [-1076+EBP]
   961 000009BA 6A 00                           	PUSH	0
   962 000009BC 68 [00000100]                   	PUSH	LC0
   963 000009C1 FF 70 04                        	PUSH	DWORD [4+EAX]
   964 000009C4 FF B5 FFFFFBD8                  	PUSH	DWORD [-1064+EBP]
   965 000009CA E8 [00000000]                   	CALL	_make_wtitle8
   966 000009CF 8B 85 FFFFFBC4                  	MOV	EAX,DWORD [-1084+EBP]
   967 000009D5 83 C4 20                        	ADD	ESP,32
   968 000009D8 83 C0 10                        	ADD	EAX,16
   969 000009DB C7 85 FFFFFBE4 00000000         	MOV	DWORD [-1052+EBP],0
   970 000009E5 6A 03                           	PUSH	3
   971 000009E7 50                              	PUSH	EAX
   972 000009E8 E8 [00000000]                   	CALL	_fifo32_put
   973 000009ED 59                              	POP	ECX
   974 000009EE 5B                              	POP	EBX
   975 000009EF E9 FFFFFF75                     	JMP	L29
   976 000009F4                                 L65:
   977 000009F4 83 BD FFFFFBBC 00               	CMP	DWORD [-1092+EBP],0
   978 000009FB 0F 84 FFFFFCE9                  	JE	L25
   979 00000A01 8B 85 FFFFFBC4                  	MOV	EAX,DWORD [-1084+EBP]
   980 00000A07 68 0000010A                     	PUSH	266
   981 00000A0C 83 C0 10                        	ADD	EAX,16
   982 00000A0F 50                              	PUSH	EAX
   983 00000A10 E8 [00000000]                   	CALL	_fifo32_put
   984 00000A15 58                              	POP	EAX
   985 00000A16 5A                              	POP	EDX
   986 00000A17 E9 FFFFFCCE                     	JMP	L25
   987 00000A1C                                 L64:
   988 00000A1C 83 BD FFFFFBBC 00               	CMP	DWORD [-1092+EBP],0
   989 00000A23 75 35                           	JNE	L22
   990 00000A25 83 BD FFFFFBE8 08               	CMP	DWORD [-1048+EBP],8
   991 00000A2C 0F 8E FFFFFCAC                  	JLE	L21
   992 00000A32 6A 01                           	PUSH	1
   993 00000A34 68 [0000011E]                   	PUSH	LC2
   994 00000A39 6A 07                           	PUSH	7
   995 00000A3B 6A 00                           	PUSH	0
   996 00000A3D 6A 1C                           	PUSH	28
   997 00000A3F FF B5 FFFFFBE8                  	PUSH	DWORD [-1048+EBP]
   998 00000A45 57                              	PUSH	EDI
   999 00000A46 E8 [00000000]                   	CALL	_putfonts8_asc_sht
  1000 00000A4B 83 C4 1C                        	ADD	ESP,28
  1001 00000A4E 83 AD FFFFFBE8 08               	SUB	DWORD [-1048+EBP],8
  1002 00000A55 E9 FFFFFC84                     	JMP	L21
  1003 00000A5A                                 L22:
  1004 00000A5A 8B 85 FFFFFBC4                  	MOV	EAX,DWORD [-1084+EBP]
  1005 00000A60 68 00000108                     	PUSH	264
  1006 00000A65 83 C0 10                        	ADD	EAX,16
  1007 00000A68 50                              	PUSH	EAX
  1008 00000A69 E8 [00000000]                   	CALL	_fifo32_put
  1009 00000A6E 59                              	POP	ECX
  1010 00000A6F 5B                              	POP	EBX
  1011 00000A70 E9 FFFFFC69                     	JMP	L21
  1012 00000A75                                 L18:
  1013 00000A75 0F BE C0                        	MOVSX	EAX,AL
  1014 00000A78 05 00000100                     	ADD	EAX,256
  1015 00000A7D 50                              	PUSH	EAX
  1016 00000A7E 8B 85 FFFFFBC4                  	MOV	EAX,DWORD [-1084+EBP]
  1017 00000A84 83 C0 10                        	ADD	EAX,16
  1018 00000A87 50                              	PUSH	EAX
  1019 00000A88 E8 [00000000]                   	CALL	_fifo32_put
  1020 00000A8D 58                              	POP	EAX
  1021 00000A8E 5A                              	POP	EDX
  1022 00000A8F E9 FFFFFC3E                     	JMP	L17
  1023 00000A94                                 L15:
  1024 00000A94 8D 42 20                        	LEA	EAX,DWORD [32+EDX]
  1025 00000A97 88 45 C4                        	MOV	BYTE [-60+EBP],AL
  1026 00000A9A E9 FFFFFBF0                     	JMP	L13
  1027 00000A9F                                 L56:
  1028 00000A9F 83 BD FFFFFBB8 00               	CMP	DWORD [-1096+EBP],0
  1029 00000AA6 0F 84 FFFFFBE3                  	JE	L13
  1030 00000AAC EB E6                           	JMP	L15
  1031 00000AAE                                 L10:
  1032 00000AAE 8A 86 [FFFFFF80]                	MOV	AL,BYTE [_keytable1.1-256+ESI]
  1033 00000AB4 E9 FFFFFBAC                     	JMP	L57
  1034 00000AB9                                 L9:
  1035 00000AB9 C6 45 C4 00                     	MOV	BYTE [-60+EBP],0
  1036 00000ABD E9 FFFFFBA6                     	JMP	L12
  1037 00000AC2                                 L59:
  1038 00000AC2 FF B5 FFFFFBC8                  	PUSH	DWORD [-1080+EBP]
  1039 00000AC8 E8 [00000000]                   	CALL	_task_sleep
  1040 00000ACD E8 [00000000]                   	CALL	_io_sti
  1041 00000AD2 5B                              	POP	EBX
  1042 00000AD3 E9 FFFFF971                     	JMP	L2
  1043 00000AD8                                 L58:
  1044 00000AD8 53                              	PUSH	EBX
  1045 00000AD9 E8 [00000000]                   	CALL	_fifo32_get
  1046 00000ADE 89 85 FFFFFBB0                  	MOV	DWORD [-1104+EBP],EAX
  1047 00000AE4 E8 [00000000]                   	CALL	_wait_KBC_sendready
  1048 00000AE9 FF B5 FFFFFBB0                  	PUSH	DWORD [-1104+EBP]
  1049 00000AEF 6A 60                           	PUSH	96
  1050 00000AF1 E8 [00000000]                   	CALL	_io_out8
  1051 00000AF6 83 C4 0C                        	ADD	ESP,12
  1052 00000AF9 E9 FFFFF966                     	JMP	L5
