     1 00000000                                 [FORMAT "WCOFF"]
     2 00000000                                 [INSTRSET "i486p"]
     3 00000000                                 [OPTIMIZE 1]
     4 00000000                                 [OPTION 1]
     5 00000000                                 [BITS 32]
     6 00000000                                 	EXTERN	_init_gdtidt
     7 00000000                                 	EXTERN	_init_pic
     8 00000000                                 	EXTERN	_io_sti
     9 00000000                                 	EXTERN	_fifo32_init
    10 00000000                                 	EXTERN	_init_pit
    11 00000000                                 	EXTERN	_init_keyboard
    12 00000000                                 	EXTERN	_enable_mouse
    13 00000000                                 	EXTERN	_io_out8
    14 00000000                                 	EXTERN	_memtest
    15 00000000                                 	EXTERN	_memman_init
    16 00000000                                 	EXTERN	_memman_free
    17 00000000                                 	EXTERN	_init_palette
    18 00000000                                 	EXTERN	_shtctl_init
    19 00000000                                 	EXTERN	_task_init
    20 00000000                                 	EXTERN	_task_run
    21 00000000                                 	EXTERN	_sheet_alloc
    22 00000000                                 	EXTERN	_memman_alloc_4k
    23 00000000                                 	EXTERN	_sheet_setbuf
    24 00000000                                 	EXTERN	_init_screen8
    25 00000000                                 	EXTERN	_task_alloc
    26 00000000                                 	EXTERN	_timer_alloc
    27 00000000                                 	EXTERN	_timer_init
    28 00000000                                 	EXTERN	_timer_settime
    29 00000000                                 	EXTERN	_init_mouse_cursor8
    30 00000000                                 	EXTERN	_sheet_slide
    31 00000000                                 	EXTERN	_sheet_updown
    32 00000000                                 	EXTERN	_sprintf
    33 00000000                                 	EXTERN	_memman_total
    34 00000000                                 	EXTERN	_io_cli
    35 00000000                                 	EXTERN	_fifo32_status
    36 00000000                                 	EXTERN	_fifo32_get
    37 00000000                                 	EXTERN	_boxfill8
    38 00000000                                 	EXTERN	_sheet_refresh
    39 00000000                                 	EXTERN	_mouse_decode
    40 00000000                                 	EXTERN	_keytable0.0
    41 00000000                                 	EXTERN	_fifo32_put
    42 00000000                                 	EXTERN	_keytable1.1
    43 00000000                                 	EXTERN	_task_sleep
    44 00000000                                 	EXTERN	_putfonts8_asc
    45 00000000                                 	EXTERN	_task_now
    46 00000000                                 [FILE "bootpack.c"]
    47                                          [SECTION .data]
    48 00000000                                 _keytable0.0:
    49 00000000 00                              	DB	0
    50 00000001 00                              	DB	0
    51 00000002 31                              	DB	49
    52 00000003 32                              	DB	50
    53 00000004 33                              	DB	51
    54 00000005 34                              	DB	52
    55 00000006 35                              	DB	53
    56 00000007 36                              	DB	54
    57 00000008 37                              	DB	55
    58 00000009 38                              	DB	56
    59 0000000A 39                              	DB	57
    60 0000000B 30                              	DB	48
    61 0000000C 2D                              	DB	45
    62 0000000D 5E                              	DB	94
    63 0000000E 00                              	DB	0
    64 0000000F 00                              	DB	0
    65 00000010 51                              	DB	81
    66 00000011 57                              	DB	87
    67 00000012 45                              	DB	69
    68 00000013 52                              	DB	82
    69 00000014 54                              	DB	84
    70 00000015 59                              	DB	89
    71 00000016 55                              	DB	85
    72 00000017 49                              	DB	73
    73 00000018 4F                              	DB	79
    74 00000019 50                              	DB	80
    75 0000001A 40                              	DB	64
    76 0000001B 5B                              	DB	91
    77 0000001C 00                              	DB	0
    78 0000001D 00                              	DB	0
    79 0000001E 41                              	DB	65
    80 0000001F 53                              	DB	83
    81 00000020 44                              	DB	68
    82 00000021 46                              	DB	70
    83 00000022 47                              	DB	71
    84 00000023 48                              	DB	72
    85 00000024 4A                              	DB	74
    86 00000025 4B                              	DB	75
    87 00000026 4C                              	DB	76
    88 00000027 3B                              	DB	59
    89 00000028 3A                              	DB	58
    90 00000029 00                              	DB	0
    91 0000002A 00                              	DB	0
    92 0000002B 5D                              	DB	93
    93 0000002C 5A                              	DB	90
    94 0000002D 58                              	DB	88
    95 0000002E 43                              	DB	67
    96 0000002F 56                              	DB	86
    97 00000030 42                              	DB	66
    98 00000031 4E                              	DB	78
    99 00000032 4D                              	DB	77
   100 00000033 2C                              	DB	44
   101 00000034 2E                              	DB	46
   102 00000035 2F                              	DB	47
   103 00000036 00                              	DB	0
   104 00000037 2A                              	DB	42
   105 00000038 00                              	DB	0
   106 00000039 20                              	DB	32
   107 0000003A 00                              	DB	0
   108 0000003B 00                              	DB	0
   109 0000003C 00                              	DB	0
   110 0000003D 00                              	DB	0
   111 0000003E 00                              	DB	0
   112 0000003F 00                              	DB	0
   113 00000040 00                              	DB	0
   114 00000041 00                              	DB	0
   115 00000042 00                              	DB	0
   116 00000043 00                              	DB	0
   117 00000044 00                              	DB	0
   118 00000045 00                              	DB	0
   119 00000046 00                              	DB	0
   120 00000047 37                              	DB	55
   121 00000048 38                              	DB	56
   122 00000049 39                              	DB	57
   123 0000004A 2D                              	DB	45
   124 0000004B 34                              	DB	52
   125 0000004C 35                              	DB	53
   126 0000004D 36                              	DB	54
   127 0000004E 2B                              	DB	43
   128 0000004F 31                              	DB	49
   129 00000050 32                              	DB	50
   130 00000051 33                              	DB	51
   131 00000052 30                              	DB	48
   132 00000053 2E                              	DB	46
   133 00000054 00                              	DB	0
   134 00000055 00                              	DB	0
   135 00000056 00                              	DB	0
   136 00000057 00                              	DB	0
   137 00000058 00                              	DB	0
   138 00000059 00                              	DB	0
   139 0000005A 00                              	DB	0
   140 0000005B 00                              	DB	0
   141 0000005C 00                              	DB	0
   142 0000005D 00                              	DB	0
   143 0000005E 00                              	DB	0
   144 0000005F 00                              	DB	0
   145 00000060 00                              	DB	0
   146 00000061 00                              	DB	0
   147 00000062 00                              	DB	0
   148 00000063 00                              	DB	0
   149 00000064 00                              	DB	0
   150 00000065 00                              	DB	0
   151 00000066 00                              	DB	0
   152 00000067 00                              	DB	0
   153 00000068 00                              	DB	0
   154 00000069 00                              	DB	0
   155 0000006A 00                              	DB	0
   156 0000006B 00                              	DB	0
   157 0000006C 00                              	DB	0
   158 0000006D 00                              	DB	0
   159 0000006E 00                              	DB	0
   160 0000006F 00                              	DB	0
   161 00000070 00                              	DB	0
   162 00000071 00                              	DB	0
   163 00000072 00                              	DB	0
   164 00000073 5C                              	DB	92
   165 00000074 00                              	DB	0
   166 00000075 00                              	DB	0
   167 00000076 00                              	DB	0
   168 00000077 00                              	DB	0
   169 00000078 00                              	DB	0
   170 00000079 00                              	DB	0
   171 0000007A 00                              	DB	0
   172 0000007B 00                              	DB	0
   173 0000007C 00                              	DB	0
   174 0000007D 5C                              	DB	92
   175 0000007E 00                              	DB	0
   176 0000007F 00                              	DB	0
   177 00000080                                 _keytable1.1:
   178 00000080 00                              	DB	0
   179 00000081 00                              	DB	0
   180 00000082 21                              	DB	33
   181 00000083 22                              	DB	34
   182 00000084 23                              	DB	35
   183 00000085 24                              	DB	36
   184 00000086 25                              	DB	37
   185 00000087 26                              	DB	38
   186 00000088 27                              	DB	39
   187 00000089 28                              	DB	40
   188 0000008A 29                              	DB	41
   189 0000008B 7E                              	DB	126
   190 0000008C 3D                              	DB	61
   191 0000008D 7E                              	DB	126
   192 0000008E 00                              	DB	0
   193 0000008F 00                              	DB	0
   194 00000090 51                              	DB	81
   195 00000091 57                              	DB	87
   196 00000092 45                              	DB	69
   197 00000093 52                              	DB	82
   198 00000094 54                              	DB	84
   199 00000095 59                              	DB	89
   200 00000096 55                              	DB	85
   201 00000097 49                              	DB	73
   202 00000098 4F                              	DB	79
   203 00000099 50                              	DB	80
   204 0000009A 60                              	DB	96
   205 0000009B 7B                              	DB	123
   206 0000009C 00                              	DB	0
   207 0000009D 00                              	DB	0
   208 0000009E 41                              	DB	65
   209 0000009F 53                              	DB	83
   210 000000A0 44                              	DB	68
   211 000000A1 46                              	DB	70
   212 000000A2 47                              	DB	71
   213 000000A3 48                              	DB	72
   214 000000A4 4A                              	DB	74
   215 000000A5 4B                              	DB	75
   216 000000A6 4C                              	DB	76
   217 000000A7 2B                              	DB	43
   218 000000A8 2A                              	DB	42
   219 000000A9 00                              	DB	0
   220 000000AA 00                              	DB	0
   221 000000AB 7D                              	DB	125
   222 000000AC 5A                              	DB	90
   223 000000AD 58                              	DB	88
   224 000000AE 43                              	DB	67
   225 000000AF 56                              	DB	86
   226 000000B0 42                              	DB	66
   227 000000B1 4E                              	DB	78
   228 000000B2 4D                              	DB	77
   229 000000B3 3C                              	DB	60
   230 000000B4 3E                              	DB	62
   231 000000B5 3F                              	DB	63
   232 000000B6 00                              	DB	0
   233 000000B7 2A                              	DB	42
   234 000000B8 00                              	DB	0
   235 000000B9 20                              	DB	32
   236 000000BA 00                              	DB	0
   237 000000BB 00                              	DB	0
   238 000000BC 00                              	DB	0
   239 000000BD 00                              	DB	0
   240 000000BE 00                              	DB	0
   241 000000BF 00                              	DB	0
   242 000000C0 00                              	DB	0
   243 000000C1 00                              	DB	0
   244 000000C2 00                              	DB	0
   245 000000C3 00                              	DB	0
   246 000000C4 00                              	DB	0
   247 000000C5 00                              	DB	0
   248 000000C6 00                              	DB	0
   249 000000C7 37                              	DB	55
   250 000000C8 38                              	DB	56
   251 000000C9 39                              	DB	57
   252 000000CA 2D                              	DB	45
   253 000000CB 34                              	DB	52
   254 000000CC 35                              	DB	53
   255 000000CD 36                              	DB	54
   256 000000CE 2B                              	DB	43
   257 000000CF 31                              	DB	49
   258 000000D0 32                              	DB	50
   259 000000D1 33                              	DB	51
   260 000000D2 30                              	DB	48
   261 000000D3 2E                              	DB	46
   262 000000D4 00                              	DB	0
   263 000000D5 00                              	DB	0
   264 000000D6 00                              	DB	0
   265 000000D7 00                              	DB	0
   266 000000D8 00                              	DB	0
   267 000000D9 00                              	DB	0
   268 000000DA 00                              	DB	0
   269 000000DB 00                              	DB	0
   270 000000DC 00                              	DB	0
   271 000000DD 00                              	DB	0
   272 000000DE 00                              	DB	0
   273 000000DF 00                              	DB	0
   274 000000E0 00                              	DB	0
   275 000000E1 00                              	DB	0
   276 000000E2 00                              	DB	0
   277 000000E3 00                              	DB	0
   278 000000E4 00                              	DB	0
   279 000000E5 00                              	DB	0
   280 000000E6 00                              	DB	0
   281 000000E7 00                              	DB	0
   282 000000E8 00                              	DB	0
   283 000000E9 00                              	DB	0
   284 000000EA 00                              	DB	0
   285 000000EB 00                              	DB	0
   286 000000EC 00                              	DB	0
   287 000000ED 00                              	DB	0
   288 000000EE 00                              	DB	0
   289 000000EF 00                              	DB	0
   290 000000F0 00                              	DB	0
   291 000000F1 00                              	DB	0
   292 000000F2 00                              	DB	0
   293 000000F3 5F                              	DB	95
   294 000000F4 00                              	DB	0
   295 000000F5 00                              	DB	0
   296 000000F6 00                              	DB	0
   297 000000F7 00                              	DB	0
   298 000000F8 00                              	DB	0
   299 000000F9 00                              	DB	0
   300 000000FA 00                              	DB	0
   301 000000FB 00                              	DB	0
   302 000000FC 00                              	DB	0
   303 000000FD 7C                              	DB	124
   304 000000FE 00                              	DB	0
   305 000000FF 00                              	DB	0
   306 00000100                                 LC0:
   307 00000100 63 6F 6E 73 6F 6C 65 00         	DB	"console",0x00
   308 00000108                                 LC1:
   309 00000108 74 61 73 6B 5F 61 00            	DB	"task_a",0x00
   310 0000010F                                 LC2:
   311 0000010F 28 25 33 64 2C 20 25 33 64 29   	DB	"(%3d, %3d)",0x00
       00000119 00 
   312 0000011A                                 LC3:
   313 0000011A 6D 65 6D 6F 72 79 20 25 64 4D   	DB	"memory %dMB   free : %dKB",0x00
       00000124 42 20 20 20 66 72 65 65 20 3A 
       0000012E 20 25 64 4B 42 00 
   314 00000134                                 LC6:
   315 00000134 5B 6C 63 72 20 25 34 64 20 25   	DB	"[lcr %4d %4d]",0x00
       0000013E 34 64 5D 00 
   316 00000142                                 LC4:
   317 00000142 25 30 32 58 00                  	DB	"%02X",0x00
   318 00000147                                 LC5:
   319 00000147 20 00                           	DB	" ",0x00
   320                                          [SECTION .text]
   321 00000000                                 	GLOBAL	_HariMain
   322 00000000                                 _HariMain:
   323 00000000 55                              	PUSH	EBP
   324 00000001 89 E5                           	MOV	EBP,ESP
   325 00000003 57                              	PUSH	EDI
   326 00000004 56                              	PUSH	ESI
   327 00000005 53                              	PUSH	EBX
   328 00000006 81 EC 000003A4                  	SUB	ESP,932
   329 0000000C C7 85 FFFFFC5C 00000000         	MOV	DWORD [-932+EBP],0
   330 00000016 C7 85 FFFFFC58 00000000         	MOV	DWORD [-936+EBP],0
   331 00000020 A0 00000FF1                     	MOV	AL,BYTE [4081]
   332 00000025 C0 F8 04                        	SAR	AL,4
   333 00000028 89 C2                           	MOV	EDX,EAX
   334 0000002A 83 E2 07                        	AND	EDX,7
   335 0000002D 89 95 FFFFFC54                  	MOV	DWORD [-940+EBP],EDX
   336 00000033 E8 [00000000]                   	CALL	_init_gdtidt
   337 00000038 E8 [00000000]                   	CALL	_init_pic
   338 0000003D E8 [00000000]                   	CALL	_io_sti
   339 00000042 8D 85 FFFFFDA4                  	LEA	EAX,DWORD [-604+EBP]
   340 00000048 6A 00                           	PUSH	0
   341 0000004A 50                              	PUSH	EAX
   342 0000004B 8D 45 D4                        	LEA	EAX,DWORD [-44+EBP]
   343 0000004E 68 00000080                     	PUSH	128
   344 00000053 50                              	PUSH	EAX
   345 00000054 E8 [00000000]                   	CALL	_fifo32_init
   346 00000059 E8 [00000000]                   	CALL	_init_pit
   347 0000005E 8D 55 D4                        	LEA	EDX,DWORD [-44+EBP]
   348 00000061 68 00000100                     	PUSH	256
   349 00000066 52                              	PUSH	EDX
   350 00000067 E8 [00000000]                   	CALL	_init_keyboard
   351 0000006C 8D 85 FFFFFD94                  	LEA	EAX,DWORD [-620+EBP]
   352 00000072 50                              	PUSH	EAX
   353 00000073 8D 45 D4                        	LEA	EAX,DWORD [-44+EBP]
   354 00000076 68 00000200                     	PUSH	512
   355 0000007B 50                              	PUSH	EAX
   356 0000007C E8 [00000000]                   	CALL	_enable_mouse
   357 00000081 83 C4 24                        	ADD	ESP,36
   358 00000084 68 000000F8                     	PUSH	248
   359 00000089 6A 21                           	PUSH	33
   360 0000008B E8 [00000000]                   	CALL	_io_out8
   361 00000090 68 000000EF                     	PUSH	239
   362 00000095 68 000000A1                     	PUSH	161
   363 0000009A E8 [00000000]                   	CALL	_io_out8
   364 0000009F 68 BFFFFFFF                     	PUSH	-1073741825
   365 000000A4 68 00400000                     	PUSH	4194304
   366 000000A9 E8 [00000000]                   	CALL	_memtest
   367 000000AE 68 003C0000                     	PUSH	3932160
   368 000000B3 89 85 FFFFFC80                  	MOV	DWORD [-896+EBP],EAX
   369 000000B9 E8 [00000000]                   	CALL	_memman_init
   370 000000BE 68 0009E000                     	PUSH	647168
   371 000000C3 68 00001000                     	PUSH	4096
   372 000000C8 68 003C0000                     	PUSH	3932160
   373 000000CD E8 [00000000]                   	CALL	_memman_free
   374 000000D2 8B 85 FFFFFC80                  	MOV	EAX,DWORD [-896+EBP]
   375 000000D8 83 C4 28                        	ADD	ESP,40
   376 000000DB 2D 00400000                     	SUB	EAX,4194304
   377 000000E0 50                              	PUSH	EAX
   378 000000E1 68 00400000                     	PUSH	4194304
   379 000000E6 68 003C0000                     	PUSH	3932160
   380 000000EB E8 [00000000]                   	CALL	_memman_free
   381 000000F0 E8 [00000000]                   	CALL	_init_palette
   382 000000F5 0F BF 05 00000FF6               	MOVSX	EAX,WORD [4086]
   383 000000FC 50                              	PUSH	EAX
   384 000000FD 0F BF 05 00000FF4               	MOVSX	EAX,WORD [4084]
   385 00000104 50                              	PUSH	EAX
   386 00000105 FF 35 00000FF8                  	PUSH	DWORD [4088]
   387 0000010B 68 003C0000                     	PUSH	3932160
   388 00000110 E8 [00000000]                   	CALL	_shtctl_init
   389 00000115 68 003C0000                     	PUSH	3932160
   390 0000011A 89 C6                           	MOV	ESI,EAX
   391 0000011C E8 [00000000]                   	CALL	_task_init
   392 00000121 83 C4 20                        	ADD	ESP,32
   393 00000124 89 85 FFFFFC68                  	MOV	DWORD [-920+EBP],EAX
   394 0000012A 89 45 EC                        	MOV	DWORD [-20+EBP],EAX
   395 0000012D 6A 02                           	PUSH	2
   396 0000012F 6A 01                           	PUSH	1
   397 00000131 50                              	PUSH	EAX
   398 00000132 E8 [00000000]                   	CALL	_task_run
   399 00000137 56                              	PUSH	ESI
   400 00000138 E8 [00000000]                   	CALL	_sheet_alloc
   401 0000013D 0F BF 15 00000FF6               	MOVSX	EDX,WORD [4086]
   402 00000144 89 85 FFFFFC74                  	MOV	DWORD [-908+EBP],EAX
   403 0000014A 0F BF 05 00000FF4               	MOVSX	EAX,WORD [4084]
   404 00000151 0F AF C2                        	IMUL	EAX,EDX
   405 00000154 50                              	PUSH	EAX
   406 00000155 68 003C0000                     	PUSH	3932160
   407 0000015A E8 [00000000]                   	CALL	_memman_alloc_4k
   408 0000015F 6A FF                           	PUSH	-1
   409 00000161 89 C3                           	MOV	EBX,EAX
   410 00000163 0F BF 05 00000FF6               	MOVSX	EAX,WORD [4086]
   411 0000016A 50                              	PUSH	EAX
   412 0000016B 0F BF 05 00000FF4               	MOVSX	EAX,WORD [4084]
   413 00000172 50                              	PUSH	EAX
   414 00000173 53                              	PUSH	EBX
   415 00000174 FF B5 FFFFFC74                  	PUSH	DWORD [-908+EBP]
   416 0000017A E8 [00000000]                   	CALL	_sheet_setbuf
   417 0000017F 83 C4 2C                        	ADD	ESP,44
   418 00000182 0F BF 05 00000FF6               	MOVSX	EAX,WORD [4086]
   419 00000189 50                              	PUSH	EAX
   420 0000018A 0F BF 05 00000FF4               	MOVSX	EAX,WORD [4084]
   421 00000191 50                              	PUSH	EAX
   422 00000192 53                              	PUSH	EBX
   423 00000193 8D 9D FFFFFC94                  	LEA	EBX,DWORD [-876+EBP]
   424 00000199 E8 [00000000]                   	CALL	_init_screen8
   425 0000019E 56                              	PUSH	ESI
   426 0000019F E8 [00000000]                   	CALL	_sheet_alloc
   427 000001A4 68 0000A500                     	PUSH	42240
   428 000001A9 68 003C0000                     	PUSH	3932160
   429 000001AE 89 85 FFFFFC6C                  	MOV	DWORD [-916+EBP],EAX
   430 000001B4 E8 [00000000]                   	CALL	_memman_alloc_4k
   431 000001B9 6A FF                           	PUSH	-1
   432 000001BB 68 000000A5                     	PUSH	165
   433 000001C0 89 85 FFFFFC78                  	MOV	DWORD [-904+EBP],EAX
   434 000001C6 68 00000100                     	PUSH	256
   435 000001CB 50                              	PUSH	EAX
   436 000001CC FF B5 FFFFFC6C                  	PUSH	DWORD [-916+EBP]
   437 000001D2 E8 [00000000]                   	CALL	_sheet_setbuf
   438 000001D7 83 C4 2C                        	ADD	ESP,44
   439 000001DA 6A 00                           	PUSH	0
   440 000001DC 68 [00000100]                   	PUSH	LC0
   441 000001E1 68 000000A5                     	PUSH	165
   442 000001E6 68 00000100                     	PUSH	256
   443 000001EB FF B5 FFFFFC78                  	PUSH	DWORD [-904+EBP]
   444 000001F1 E8 00000770                     	CALL	_make_window8
   445 000001F6 6A 00                           	PUSH	0
   446 000001F8 68 00000080                     	PUSH	128
   447 000001FD 68 000000F0                     	PUSH	240
   448 00000202 6A 1C                           	PUSH	28
   449 00000204 6A 08                           	PUSH	8
   450 00000206 FF B5 FFFFFC6C                  	PUSH	DWORD [-916+EBP]
   451 0000020C E8 00000994                     	CALL	_make_textbox8
   452 00000211 83 C4 2C                        	ADD	ESP,44
   453 00000214 E8 [00000000]                   	CALL	_task_alloc
   454 00000219 68 00010000                     	PUSH	65536
   455 0000021E 68 003C0000                     	PUSH	3932160
   456 00000223 89 85 FFFFFC64                  	MOV	DWORD [-924+EBP],EAX
   457 00000229 E8 [00000000]                   	CALL	_memman_alloc_4k
   458 0000022E 8B 95 FFFFFC64                  	MOV	EDX,DWORD [-924+EBP]
   459 00000234 05 0000FFF8                     	ADD	EAX,65528
   460 00000239 89 42 64                        	MOV	DWORD [100+EDX],EAX
   461 0000023C C7 42 4C [00000CDB]             	MOV	DWORD [76+EDX],_console_task
   462 00000243 C7 42 74 00000008               	MOV	DWORD [116+EDX],8
   463 0000024A C7 42 78 00000010               	MOV	DWORD [120+EDX],16
   464 00000251 C7 42 7C 00000008               	MOV	DWORD [124+EDX],8
   465 00000258 C7 82 00000080 00000008         	MOV	DWORD [128+EDX],8
   466 00000262 C7 82 00000084 00000008         	MOV	DWORD [132+EDX],8
   467 0000026C C7 82 00000088 00000008         	MOV	DWORD [136+EDX],8
   468 00000276 8B 95 FFFFFC6C                  	MOV	EDX,DWORD [-916+EBP]
   469 0000027C 89 50 04                        	MOV	DWORD [4+EAX],EDX
   470 0000027F 6A 02                           	PUSH	2
   471 00000281 6A 02                           	PUSH	2
   472 00000283 FF B5 FFFFFC64                  	PUSH	DWORD [-924+EBP]
   473 00000289 E8 [00000000]                   	CALL	_task_run
   474 0000028E 56                              	PUSH	ESI
   475 0000028F E8 [00000000]                   	CALL	_sheet_alloc
   476 00000294 68 00002080                     	PUSH	8320
   477 00000299 68 003C0000                     	PUSH	3932160
   478 0000029E 89 C7                           	MOV	EDI,EAX
   479 000002A0 E8 [00000000]                   	CALL	_memman_alloc_4k
   480 000002A5 83 C4 20                        	ADD	ESP,32
   481 000002A8 6A FF                           	PUSH	-1
   482 000002AA 89 85 FFFFFC7C                  	MOV	DWORD [-900+EBP],EAX
   483 000002B0 6A 34                           	PUSH	52
   484 000002B2 68 00000090                     	PUSH	144
   485 000002B7 50                              	PUSH	EAX
   486 000002B8 57                              	PUSH	EDI
   487 000002B9 E8 [00000000]                   	CALL	_sheet_setbuf
   488 000002BE 6A 01                           	PUSH	1
   489 000002C0 68 [00000108]                   	PUSH	LC1
   490 000002C5 6A 34                           	PUSH	52
   491 000002C7 68 00000090                     	PUSH	144
   492 000002CC FF B5 FFFFFC7C                  	PUSH	DWORD [-900+EBP]
   493 000002D2 E8 0000068F                     	CALL	_make_window8
   494 000002D7 83 C4 28                        	ADD	ESP,40
   495 000002DA 6A 07                           	PUSH	7
   496 000002DC 6A 10                           	PUSH	16
   497 000002DE 68 00000080                     	PUSH	128
   498 000002E3 6A 1C                           	PUSH	28
   499 000002E5 6A 08                           	PUSH	8
   500 000002E7 57                              	PUSH	EDI
   501 000002E8 E8 000008B8                     	CALL	_make_textbox8
   502 000002ED C7 85 FFFFFC88 00000008         	MOV	DWORD [-888+EBP],8
   503 000002F7 C7 85 FFFFFC84 00000007         	MOV	DWORD [-892+EBP],7
   504 00000301 E8 [00000000]                   	CALL	_timer_alloc
   505 00000306 6A 01                           	PUSH	1
   506 00000308 89 85 FFFFFC60                  	MOV	DWORD [-928+EBP],EAX
   507 0000030E 8D 45 D4                        	LEA	EAX,DWORD [-44+EBP]
   508 00000311 50                              	PUSH	EAX
   509 00000312 FF B5 FFFFFC60                  	PUSH	DWORD [-928+EBP]
   510 00000318 E8 [00000000]                   	CALL	_timer_init
   511 0000031D 83 C4 24                        	ADD	ESP,36
   512 00000320 6A 32                           	PUSH	50
   513 00000322 FF B5 FFFFFC60                  	PUSH	DWORD [-928+EBP]
   514 00000328 E8 [00000000]                   	CALL	_timer_settime
   515 0000032D 56                              	PUSH	ESI
   516 0000032E E8 [00000000]                   	CALL	_sheet_alloc
   517 00000333 6A 63                           	PUSH	99
   518 00000335 6A 10                           	PUSH	16
   519 00000337 6A 10                           	PUSH	16
   520 00000339 89 85 FFFFFC70                  	MOV	DWORD [-912+EBP],EAX
   521 0000033F 53                              	PUSH	EBX
   522 00000340 50                              	PUSH	EAX
   523 00000341 E8 [00000000]                   	CALL	_sheet_setbuf
   524 00000346 83 C4 20                        	ADD	ESP,32
   525 00000349 6A 63                           	PUSH	99
   526 0000034B 53                              	PUSH	EBX
   527 0000034C BB 00000002                     	MOV	EBX,2
   528 00000351 E8 [00000000]                   	CALL	_init_mouse_cursor8
   529 00000356 0F BF 05 00000FF4               	MOVSX	EAX,WORD [4084]
   530 0000035D 8D 48 F0                        	LEA	ECX,DWORD [-16+EAX]
   531 00000360 89 C8                           	MOV	EAX,ECX
   532 00000362 99                              	CDQ
   533 00000363 F7 FB                           	IDIV	EBX
   534 00000365 89 85 FFFFFC90                  	MOV	DWORD [-880+EBP],EAX
   535 0000036B 0F BF 05 00000FF6               	MOVSX	EAX,WORD [4086]
   536 00000372 6A 00                           	PUSH	0
   537 00000374 8D 48 D4                        	LEA	ECX,DWORD [-44+EAX]
   538 00000377 6A 00                           	PUSH	0
   539 00000379 89 C8                           	MOV	EAX,ECX
   540 0000037B 99                              	CDQ
   541 0000037C F7 FB                           	IDIV	EBX
   542 0000037E FF B5 FFFFFC74                  	PUSH	DWORD [-908+EBP]
   543 00000384 89 85 FFFFFC8C                  	MOV	DWORD [-884+EBP],EAX
   544 0000038A 8D 5D A4                        	LEA	EBX,DWORD [-92+EBP]
   545 0000038D E8 [00000000]                   	CALL	_sheet_slide
   546 00000392 6A 04                           	PUSH	4
   547 00000394 6A 20                           	PUSH	32
   548 00000396 FF B5 FFFFFC6C                  	PUSH	DWORD [-916+EBP]
   549 0000039C E8 [00000000]                   	CALL	_sheet_slide
   550 000003A1 83 C4 20                        	ADD	ESP,32
   551 000003A4 6A 38                           	PUSH	56
   552 000003A6 6A 40                           	PUSH	64
   553 000003A8 57                              	PUSH	EDI
   554 000003A9 E8 [00000000]                   	CALL	_sheet_slide
   555 000003AE FF B5 FFFFFC8C                  	PUSH	DWORD [-884+EBP]
   556 000003B4 FF B5 FFFFFC90                  	PUSH	DWORD [-880+EBP]
   557 000003BA FF B5 FFFFFC70                  	PUSH	DWORD [-912+EBP]
   558 000003C0 E8 [00000000]                   	CALL	_sheet_slide
   559 000003C5 6A 00                           	PUSH	0
   560 000003C7 FF B5 FFFFFC74                  	PUSH	DWORD [-908+EBP]
   561 000003CD E8 [00000000]                   	CALL	_sheet_updown
   562 000003D2 83 C4 20                        	ADD	ESP,32
   563 000003D5 6A 01                           	PUSH	1
   564 000003D7 FF B5 FFFFFC6C                  	PUSH	DWORD [-916+EBP]
   565 000003DD E8 [00000000]                   	CALL	_sheet_updown
   566 000003E2 6A 02                           	PUSH	2
   567 000003E4 57                              	PUSH	EDI
   568 000003E5 E8 [00000000]                   	CALL	_sheet_updown
   569 000003EA 6A 03                           	PUSH	3
   570 000003EC FF B5 FFFFFC70                  	PUSH	DWORD [-912+EBP]
   571 000003F2 E8 [00000000]                   	CALL	_sheet_updown
   572 000003F7 FF B5 FFFFFC8C                  	PUSH	DWORD [-884+EBP]
   573 000003FD FF B5 FFFFFC90                  	PUSH	DWORD [-880+EBP]
   574 00000403 68 [0000010F]                   	PUSH	LC2
   575 00000408 53                              	PUSH	EBX
   576 00000409 E8 [00000000]                   	CALL	_sprintf
   577 0000040E 83 C4 28                        	ADD	ESP,40
   578 00000411 6A 0A                           	PUSH	10
   579 00000413 53                              	PUSH	EBX
   580 00000414 6A 0E                           	PUSH	14
   581 00000416 6A 07                           	PUSH	7
   582 00000418 6A 00                           	PUSH	0
   583 0000041A 6A 00                           	PUSH	0
   584 0000041C FF B5 FFFFFC74                  	PUSH	DWORD [-908+EBP]
   585 00000422 E8 000006F7                     	CALL	_putfonts8_asc_sht
   586 00000427 68 003C0000                     	PUSH	3932160
   587 0000042C E8 [00000000]                   	CALL	_memman_total
   588 00000431 C1 AD FFFFFC80 14               	SHR	DWORD [-896+EBP],20
   589 00000438 C1 E8 0A                        	SHR	EAX,10
   590 0000043B 89 04 24                        	MOV	DWORD [ESP],EAX
   591 0000043E FF B5 FFFFFC80                  	PUSH	DWORD [-896+EBP]
   592 00000444 68 [0000011A]                   	PUSH	LC3
   593 00000449 53                              	PUSH	EBX
   594 0000044A E8 [00000000]                   	CALL	_sprintf
   595 0000044F 83 C4 2C                        	ADD	ESP,44
   596 00000452 6A 28                           	PUSH	40
   597 00000454 53                              	PUSH	EBX
   598 00000455 6A 0E                           	PUSH	14
   599 00000457 6A 07                           	PUSH	7
   600 00000459 6A 20                           	PUSH	32
   601 0000045B 6A 00                           	PUSH	0
   602 0000045D FF B5 FFFFFC74                  	PUSH	DWORD [-908+EBP]
   603 00000463 E8 000006B6                     	CALL	_putfonts8_asc_sht
   604 00000468 83 C4 1C                        	ADD	ESP,28
   605 0000046B                                 L2:
   606 0000046B 8D 5D D4                        	LEA	EBX,DWORD [-44+EBP]
   607 0000046E E8 [00000000]                   	CALL	_io_cli
   608 00000473 53                              	PUSH	EBX
   609 00000474 E8 [00000000]                   	CALL	_fifo32_status
   610 00000479 5E                              	POP	ESI
   611 0000047A 85 C0                           	TEST	EAX,EAX
   612 0000047C 0F 84 000004CE                  	JE	L50
   613 00000482 53                              	PUSH	EBX
   614 00000483 E8 [00000000]                   	CALL	_fifo32_get
   615 00000488 89 C6                           	MOV	ESI,EAX
   616 0000048A E8 [00000000]                   	CALL	_io_sti
   617 0000048F 59                              	POP	ECX
   618 00000490 8D 86 FFFFFF00                  	LEA	EAX,DWORD [-256+ESI]
   619 00000496 3D 000000FF                     	CMP	EAX,255
   620 0000049B 0F 86 0000020D                  	JBE	L51
   621 000004A1 8D 86 FFFFFE00                  	LEA	EAX,DWORD [-512+ESI]
   622 000004A7 3D 000000FF                     	CMP	EAX,255
   623 000004AC 0F 86 00000094                  	JBE	L52
   624 000004B2 83 FE 01                        	CMP	ESI,1
   625 000004B5 7F B4                           	JG	L2
   626 000004B7 85 F6                           	TEST	ESI,ESI
   627 000004B9 74 71                           	JE	L44
   628 000004BB 6A 00                           	PUSH	0
   629 000004BD 53                              	PUSH	EBX
   630 000004BE FF B5 FFFFFC60                  	PUSH	DWORD [-928+EBP]
   631 000004C4 E8 [00000000]                   	CALL	_timer_init
   632 000004C9 C7 85 FFFFFC84 00000000         	MOV	DWORD [-892+EBP],0
   633 000004D3                                 L49:
   634 000004D3 83 C4 0C                        	ADD	ESP,12
   635 000004D6 6A 32                           	PUSH	50
   636 000004D8 FF B5 FFFFFC60                  	PUSH	DWORD [-928+EBP]
   637 000004DE E8 [00000000]                   	CALL	_timer_settime
   638 000004E3 8B 85 FFFFFC88                  	MOV	EAX,DWORD [-888+EBP]
   639 000004E9 6A 2B                           	PUSH	43
   640 000004EB 83 C0 07                        	ADD	EAX,7
   641 000004EE 50                              	PUSH	EAX
   642 000004EF 6A 1C                           	PUSH	28
   643 000004F1 FF B5 FFFFFC88                  	PUSH	DWORD [-888+EBP]
   644 000004F7 FF B5 FFFFFC84                  	PUSH	DWORD [-892+EBP]
   645 000004FD FF 77 04                        	PUSH	DWORD [4+EDI]
   646 00000500 FF 37                           	PUSH	DWORD [EDI]
   647 00000502 E8 [00000000]                   	CALL	_boxfill8
   648 00000507 8B 85 FFFFFC88                  	MOV	EAX,DWORD [-888+EBP]
   649 0000050D 83 C4 24                        	ADD	ESP,36
   650 00000510 83 C0 08                        	ADD	EAX,8
   651 00000513 6A 2C                           	PUSH	44
   652 00000515 50                              	PUSH	EAX
   653 00000516 6A 1C                           	PUSH	28
   654 00000518 FF B5 FFFFFC88                  	PUSH	DWORD [-888+EBP]
   655 0000051E 57                              	PUSH	EDI
   656 0000051F E8 [00000000]                   	CALL	_sheet_refresh
   657 00000524 83 C4 14                        	ADD	ESP,20
   658 00000527 E9 FFFFFF3F                     	JMP	L2
   659 0000052C                                 L44:
   660 0000052C 6A 01                           	PUSH	1
   661 0000052E 53                              	PUSH	EBX
   662 0000052F FF B5 FFFFFC60                  	PUSH	DWORD [-928+EBP]
   663 00000535 E8 [00000000]                   	CALL	_timer_init
   664 0000053A C7 85 FFFFFC84 00000007         	MOV	DWORD [-892+EBP],7
   665 00000544 EB 8D                           	JMP	L49
   666 00000546                                 L52:
   667 00000546 89 F2                           	MOV	EDX,ESI
   668 00000548 0F B6 C2                        	MOVZX	EAX,DL
   669 0000054B 50                              	PUSH	EAX
   670 0000054C 8D 85 FFFFFD94                  	LEA	EAX,DWORD [-620+EBP]
   671 00000552 50                              	PUSH	EAX
   672 00000553 E8 [00000000]                   	CALL	_mouse_decode
   673 00000558 5A                              	POP	EDX
   674 00000559 59                              	POP	ECX
   675 0000055A 85 C0                           	TEST	EAX,EAX
   676 0000055C 0F 84 FFFFFF09                  	JE	L2
   677 00000562 FF B5 FFFFFD9C                  	PUSH	DWORD [-612+EBP]
   678 00000568 FF B5 FFFFFD98                  	PUSH	DWORD [-616+EBP]
   679 0000056E 68 [00000134]                   	PUSH	LC6
   680 00000573 8D 5D A4                        	LEA	EBX,DWORD [-92+EBP]
   681 00000576 53                              	PUSH	EBX
   682 00000577 E8 [00000000]                   	CALL	_sprintf
   683 0000057C 83 C4 10                        	ADD	ESP,16
   684 0000057F 8B 85 FFFFFDA0                  	MOV	EAX,DWORD [-608+EBP]
   685 00000585 A9 00000001                     	TEST	EAX,1
   686 0000058A 74 04                           	JE	L34
   687 0000058C C6 45 A5 4C                     	MOV	BYTE [-91+EBP],76
   688 00000590                                 L34:
   689 00000590 A9 00000002                     	TEST	EAX,2
   690 00000595 74 04                           	JE	L35
   691 00000597 C6 45 A7 52                     	MOV	BYTE [-89+EBP],82
   692 0000059B                                 L35:
   693 0000059B 83 E0 04                        	AND	EAX,4
   694 0000059E 74 04                           	JE	L36
   695 000005A0 C6 45 A6 43                     	MOV	BYTE [-90+EBP],67
   696 000005A4                                 L36:
   697 000005A4 6A 0F                           	PUSH	15
   698 000005A6 53                              	PUSH	EBX
   699 000005A7 6A 0E                           	PUSH	14
   700 000005A9 6A 07                           	PUSH	7
   701 000005AB 6A 10                           	PUSH	16
   702 000005AD 6A 20                           	PUSH	32
   703 000005AF FF B5 FFFFFC74                  	PUSH	DWORD [-908+EBP]
   704 000005B5 E8 00000564                     	CALL	_putfonts8_asc_sht
   705 000005BA 8B 95 FFFFFD98                  	MOV	EDX,DWORD [-616+EBP]
   706 000005C0 8B 85 FFFFFD9C                  	MOV	EAX,DWORD [-612+EBP]
   707 000005C6 83 C4 1C                        	ADD	ESP,28
   708 000005C9 01 85 FFFFFC8C                  	ADD	DWORD [-884+EBP],EAX
   709 000005CF 01 95 FFFFFC90                  	ADD	DWORD [-880+EBP],EDX
   710 000005D5 0F 88 000000C4                  	JS	L53
   711 000005DB                                 L37:
   712 000005DB 83 BD FFFFFC8C 00               	CMP	DWORD [-884+EBP],0
   713 000005E2 0F 88 000000A8                  	JS	L54
   714 000005E8                                 L38:
   715 000005E8 0F BF 05 00000FF4               	MOVSX	EAX,WORD [4084]
   716 000005EF 48                              	DEC	EAX
   717 000005F0 39 85 FFFFFC90                  	CMP	DWORD [-880+EBP],EAX
   718 000005F6 7E 06                           	JLE	L39
   719 000005F8 89 85 FFFFFC90                  	MOV	DWORD [-880+EBP],EAX
   720 000005FE                                 L39:
   721 000005FE 0F BF 05 00000FF6               	MOVSX	EAX,WORD [4086]
   722 00000605 48                              	DEC	EAX
   723 00000606 39 85 FFFFFC8C                  	CMP	DWORD [-884+EBP],EAX
   724 0000060C 7E 06                           	JLE	L40
   725 0000060E 89 85 FFFFFC8C                  	MOV	DWORD [-884+EBP],EAX
   726 00000614                                 L40:
   727 00000614 FF B5 FFFFFC8C                  	PUSH	DWORD [-884+EBP]
   728 0000061A FF B5 FFFFFC90                  	PUSH	DWORD [-880+EBP]
   729 00000620 68 [0000010F]                   	PUSH	LC2
   730 00000625 53                              	PUSH	EBX
   731 00000626 E8 [00000000]                   	CALL	_sprintf
   732 0000062B 6A 0A                           	PUSH	10
   733 0000062D 53                              	PUSH	EBX
   734 0000062E 6A 0E                           	PUSH	14
   735 00000630 6A 07                           	PUSH	7
   736 00000632 6A 00                           	PUSH	0
   737 00000634 6A 00                           	PUSH	0
   738 00000636 FF B5 FFFFFC74                  	PUSH	DWORD [-908+EBP]
   739 0000063C E8 000004DD                     	CALL	_putfonts8_asc_sht
   740 00000641 83 C4 2C                        	ADD	ESP,44
   741 00000644 FF B5 FFFFFC8C                  	PUSH	DWORD [-884+EBP]
   742 0000064A FF B5 FFFFFC90                  	PUSH	DWORD [-880+EBP]
   743 00000650 FF B5 FFFFFC70                  	PUSH	DWORD [-912+EBP]
   744 00000656 E8 [00000000]                   	CALL	_sheet_slide
   745 0000065B 83 C4 0C                        	ADD	ESP,12
   746 0000065E F7 85 FFFFFDA0 00000001         	TEST	DWORD [-608+EBP],1
   747 00000668 0F 84 FFFFFDFD                  	JE	L2
   748 0000066E 8B 85 FFFFFC8C                  	MOV	EAX,DWORD [-884+EBP]
   749 00000674 83 E8 08                        	SUB	EAX,8
   750 00000677 50                              	PUSH	EAX
   751 00000678 8B 85 FFFFFC90                  	MOV	EAX,DWORD [-880+EBP]
   752 0000067E 83 E8 50                        	SUB	EAX,80
   753 00000681 50                              	PUSH	EAX
   754 00000682 57                              	PUSH	EDI
   755 00000683 E8 [00000000]                   	CALL	_sheet_slide
   756 00000688 83 C4 0C                        	ADD	ESP,12
   757 0000068B E9 FFFFFDDB                     	JMP	L2
   758 00000690                                 L54:
   759 00000690 C7 85 FFFFFC8C 00000000         	MOV	DWORD [-884+EBP],0
   760 0000069A E9 FFFFFF49                     	JMP	L38
   761 0000069F                                 L53:
   762 0000069F C7 85 FFFFFC90 00000000         	MOV	DWORD [-880+EBP],0
   763 000006A9 E9 FFFFFF2D                     	JMP	L37
   764 000006AE                                 L51:
   765 000006AE 50                              	PUSH	EAX
   766 000006AF 8D 5D A4                        	LEA	EBX,DWORD [-92+EBP]
   767 000006B2 68 [00000142]                   	PUSH	LC4
   768 000006B7 53                              	PUSH	EBX
   769 000006B8 E8 [00000000]                   	CALL	_sprintf
   770 000006BD 6A 02                           	PUSH	2
   771 000006BF 53                              	PUSH	EBX
   772 000006C0 6A 0E                           	PUSH	14
   773 000006C2 6A 07                           	PUSH	7
   774 000006C4 6A 10                           	PUSH	16
   775 000006C6 6A 00                           	PUSH	0
   776 000006C8 FF B5 FFFFFC74                  	PUSH	DWORD [-908+EBP]
   777 000006CE E8 0000044B                     	CALL	_putfonts8_asc_sht
   778 000006D3 83 C4 28                        	ADD	ESP,40
   779 000006D6 81 FE 0000017F                  	CMP	ESI,383
   780 000006DC 0F 8F 00000265                  	JG	L8
   781 000006E2 83 BD FFFFFC58 00               	CMP	DWORD [-936+EBP],0
   782 000006E9 0F 85 0000024D                  	JNE	L9
   783 000006EF 8A 86 [FFFFFF00]                	MOV	AL,BYTE [_keytable0.0-256+ESI]
   784 000006F5                                 L47:
   785 000006F5 88 45 A4                        	MOV	BYTE [-92+EBP],AL
   786 000006F8                                 L11:
   787 000006F8 8A 55 A4                        	MOV	DL,BYTE [-92+EBP]
   788 000006FB 8D 42 BF                        	LEA	EAX,DWORD [-65+EDX]
   789 000006FE 3C 19                           	CMP	AL,25
   790 00000700 77 1D                           	JA	L12
   791 00000702 F7 85 FFFFFC54 00000004         	TEST	DWORD [-940+EBP],4
   792 0000070C 0F 85 0000021B                  	JNE	L46
   793 00000712 83 BD FFFFFC58 00               	CMP	DWORD [-936+EBP],0
   794 00000719 0F 84 00000203                  	JE	L14
   795 0000071F                                 L12:
   796 0000071F 8A 45 A4                        	MOV	AL,BYTE [-92+EBP]
   797 00000722 84 C0                           	TEST	AL,AL
   798 00000724 74 3C                           	JE	L16
   799 00000726 83 BD FFFFFC5C 00               	CMP	DWORD [-932+EBP],0
   800 0000072D 0F 85 000001D0                  	JNE	L17
   801 00000733 83 BD FFFFFC88 7F               	CMP	DWORD [-888+EBP],127
   802 0000073A 7F 26                           	JG	L16
   803 0000073C 6A 01                           	PUSH	1
   804 0000073E 8D 45 A4                        	LEA	EAX,DWORD [-92+EBP]
   805 00000741 50                              	PUSH	EAX
   806 00000742 6A 07                           	PUSH	7
   807 00000744 6A 00                           	PUSH	0
   808 00000746 6A 1C                           	PUSH	28
   809 00000748 FF B5 FFFFFC88                  	PUSH	DWORD [-888+EBP]
   810 0000074E 57                              	PUSH	EDI
   811 0000074F C6 45 A5 00                     	MOV	BYTE [-91+EBP],0
   812 00000753 E8 000003C6                     	CALL	_putfonts8_asc_sht
   813 00000758 83 C4 1C                        	ADD	ESP,28
   814 0000075B 83 85 FFFFFC88 08               	ADD	DWORD [-888+EBP],8
   815 00000762                                 L16:
   816 00000762 81 FE 0000010E                  	CMP	ESI,270
   817 00000768 0F 84 0000013C                  	JE	L55
   818 0000076E                                 L20:
   819 0000076E 81 FE 0000010F                  	CMP	ESI,271
   820 00000774 0F 84 0000008D                  	JE	L56
   821 0000077A                                 L24:
   822 0000077A 81 FE 0000012A                  	CMP	ESI,298
   823 00000780 74 79                           	JE	L57
   824 00000782                                 L27:
   825 00000782 81 FE 00000136                  	CMP	ESI,310
   826 00000788 74 68                           	JE	L58
   827 0000078A                                 L28:
   828 0000078A 81 FE 000001AA                  	CMP	ESI,426
   829 00000790 74 57                           	JE	L59
   830 00000792                                 L29:
   831 00000792 81 FE 000001B6                  	CMP	ESI,438
   832 00000798 74 46                           	JE	L60
   833 0000079A                                 L30:
   834 0000079A 8B 85 FFFFFC88                  	MOV	EAX,DWORD [-888+EBP]
   835 000007A0 6A 2B                           	PUSH	43
   836 000007A2 83 C0 07                        	ADD	EAX,7
   837 000007A5 50                              	PUSH	EAX
   838 000007A6 6A 1C                           	PUSH	28
   839 000007A8 FF B5 FFFFFC88                  	PUSH	DWORD [-888+EBP]
   840 000007AE FF B5 FFFFFC84                  	PUSH	DWORD [-892+EBP]
   841 000007B4 FF 77 04                        	PUSH	DWORD [4+EDI]
   842 000007B7 FF 37                           	PUSH	DWORD [EDI]
   843 000007B9 E8 [00000000]                   	CALL	_boxfill8
   844 000007BE 8B 85 FFFFFC88                  	MOV	EAX,DWORD [-888+EBP]
   845 000007C4 6A 2C                           	PUSH	44
   846 000007C6 83 C0 08                        	ADD	EAX,8
   847 000007C9 50                              	PUSH	EAX
   848 000007CA 6A 1C                           	PUSH	28
   849 000007CC FF B5 FFFFFC88                  	PUSH	DWORD [-888+EBP]
   850 000007D2 57                              	PUSH	EDI
   851 000007D3 E8 [00000000]                   	CALL	_sheet_refresh
   852 000007D8 83 C4 30                        	ADD	ESP,48
   853 000007DB E9 FFFFFC8B                     	JMP	L2
   854 000007E0                                 L60:
   855 000007E0 83 A5 FFFFFC58 FD               	AND	DWORD [-936+EBP],-3
   856 000007E7 EB B1                           	JMP	L30
   857 000007E9                                 L59:
   858 000007E9 83 A5 FFFFFC58 FE               	AND	DWORD [-936+EBP],-2
   859 000007F0 EB A0                           	JMP	L29
   860 000007F2                                 L58:
   861 000007F2 83 8D FFFFFC58 02               	OR	DWORD [-936+EBP],2
   862 000007F9 EB 8F                           	JMP	L28
   863 000007FB                                 L57:
   864 000007FB 83 8D FFFFFC58 01               	OR	DWORD [-936+EBP],1
   865 00000802 E9 FFFFFF7B                     	JMP	L27
   866 00000807                                 L56:
   867 00000807 83 BD FFFFFC5C 00               	CMP	DWORD [-932+EBP],0
   868 0000080E 75 69                           	JNE	L25
   869 00000810 6A 00                           	PUSH	0
   870 00000812 68 [00000108]                   	PUSH	LC1
   871 00000817 FF 77 04                        	PUSH	DWORD [4+EDI]
   872 0000081A FF B5 FFFFFC7C                  	PUSH	DWORD [-900+EBP]
   873 00000820 C7 85 FFFFFC5C 00000001         	MOV	DWORD [-932+EBP],1
   874 0000082A E8 0000023E                     	CALL	_make_wtitle8
   875 0000082F 8B 95 FFFFFC6C                  	MOV	EDX,DWORD [-916+EBP]
   876 00000835 6A 01                           	PUSH	1
   877 00000837 68 [00000100]                   	PUSH	LC0
   878 0000083C FF 72 04                        	PUSH	DWORD [4+EDX]
   879 0000083F                                 L48:
   880 0000083F FF B5 FFFFFC78                  	PUSH	DWORD [-904+EBP]
   881 00000845 E8 00000223                     	CALL	_make_wtitle8
   882 0000084A 83 C4 20                        	ADD	ESP,32
   883 0000084D 6A 15                           	PUSH	21
   884 0000084F FF 77 04                        	PUSH	DWORD [4+EDI]
   885 00000852 6A 00                           	PUSH	0
   886 00000854 6A 00                           	PUSH	0
   887 00000856 57                              	PUSH	EDI
   888 00000857 E8 [00000000]                   	CALL	_sheet_refresh
   889 0000085C 8B 95 FFFFFC6C                  	MOV	EDX,DWORD [-916+EBP]
   890 00000862 6A 15                           	PUSH	21
   891 00000864 FF 72 04                        	PUSH	DWORD [4+EDX]
   892 00000867 6A 00                           	PUSH	0
   893 00000869 6A 00                           	PUSH	0
   894 0000086B 52                              	PUSH	EDX
   895 0000086C E8 [00000000]                   	CALL	_sheet_refresh
   896 00000871 83 C4 28                        	ADD	ESP,40
   897 00000874 E9 FFFFFF01                     	JMP	L24
   898 00000879                                 L25:
   899 00000879 6A 01                           	PUSH	1
   900 0000087B 68 [00000108]                   	PUSH	LC1
   901 00000880 FF 77 04                        	PUSH	DWORD [4+EDI]
   902 00000883 FF B5 FFFFFC7C                  	PUSH	DWORD [-900+EBP]
   903 00000889 C7 85 FFFFFC5C 00000000         	MOV	DWORD [-932+EBP],0
   904 00000893 E8 000001D5                     	CALL	_make_wtitle8
   905 00000898 8B 85 FFFFFC6C                  	MOV	EAX,DWORD [-916+EBP]
   906 0000089E 6A 00                           	PUSH	0
   907 000008A0 68 [00000100]                   	PUSH	LC0
   908 000008A5 FF 70 04                        	PUSH	DWORD [4+EAX]
   909 000008A8 EB 95                           	JMP	L48
   910 000008AA                                 L55:
   911 000008AA 83 BD FFFFFC5C 00               	CMP	DWORD [-932+EBP],0
   912 000008B1 75 35                           	JNE	L21
   913 000008B3 83 BD FFFFFC88 08               	CMP	DWORD [-888+EBP],8
   914 000008BA 0F 8E FFFFFEAE                  	JLE	L20
   915 000008C0 6A 01                           	PUSH	1
   916 000008C2 68 [00000147]                   	PUSH	LC5
   917 000008C7 6A 07                           	PUSH	7
   918 000008C9 6A 00                           	PUSH	0
   919 000008CB 6A 1C                           	PUSH	28
   920 000008CD FF B5 FFFFFC88                  	PUSH	DWORD [-888+EBP]
   921 000008D3 57                              	PUSH	EDI
   922 000008D4 E8 00000245                     	CALL	_putfonts8_asc_sht
   923 000008D9 83 C4 1C                        	ADD	ESP,28
   924 000008DC 83 AD FFFFFC88 08               	SUB	DWORD [-888+EBP],8
   925 000008E3 E9 FFFFFE86                     	JMP	L20
   926 000008E8                                 L21:
   927 000008E8 8B 85 FFFFFC64                  	MOV	EAX,DWORD [-924+EBP]
   928 000008EE 68 00000108                     	PUSH	264
   929 000008F3 83 C0 10                        	ADD	EAX,16
   930 000008F6 50                              	PUSH	EAX
   931 000008F7 E8 [00000000]                   	CALL	_fifo32_put
   932 000008FC 5B                              	POP	EBX
   933 000008FD 58                              	POP	EAX
   934 000008FE E9 FFFFFE6B                     	JMP	L20
   935 00000903                                 L17:
   936 00000903 0F BE C0                        	MOVSX	EAX,AL
   937 00000906 05 00000100                     	ADD	EAX,256
   938 0000090B 50                              	PUSH	EAX
   939 0000090C 8B 85 FFFFFC64                  	MOV	EAX,DWORD [-924+EBP]
   940 00000912 83 C0 10                        	ADD	EAX,16
   941 00000915 50                              	PUSH	EAX
   942 00000916 E8 [00000000]                   	CALL	_fifo32_put
   943 0000091B 58                              	POP	EAX
   944 0000091C 5A                              	POP	EDX
   945 0000091D E9 FFFFFE40                     	JMP	L16
   946 00000922                                 L14:
   947 00000922 8D 42 20                        	LEA	EAX,DWORD [32+EDX]
   948 00000925 88 45 A4                        	MOV	BYTE [-92+EBP],AL
   949 00000928 E9 FFFFFDF2                     	JMP	L12
   950 0000092D                                 L46:
   951 0000092D 83 BD FFFFFC58 00               	CMP	DWORD [-936+EBP],0
   952 00000934 0F 84 FFFFFDE5                  	JE	L12
   953 0000093A EB E6                           	JMP	L14
   954 0000093C                                 L9:
   955 0000093C 8A 86 [FFFFFF80]                	MOV	AL,BYTE [_keytable1.1-256+ESI]
   956 00000942 E9 FFFFFDAE                     	JMP	L47
   957 00000947                                 L8:
   958 00000947 C6 45 A4 00                     	MOV	BYTE [-92+EBP],0
   959 0000094B E9 FFFFFDA8                     	JMP	L11
   960 00000950                                 L50:
   961 00000950 FF B5 FFFFFC68                  	PUSH	DWORD [-920+EBP]
   962 00000956 E8 [00000000]                   	CALL	_task_sleep
   963 0000095B E8 [00000000]                   	CALL	_io_sti
   964 00000960 5B                              	POP	EBX
   965 00000961 E9 FFFFFB05                     	JMP	L2
   966 00000966                                 	GLOBAL	_make_window8
   967 00000966                                 _make_window8:
   968 00000966 55                              	PUSH	EBP
   969 00000967 89 E5                           	MOV	EBP,ESP
   970 00000969 57                              	PUSH	EDI
   971 0000096A 56                              	PUSH	ESI
   972 0000096B 53                              	PUSH	EBX
   973 0000096C 83 EC 18                        	SUB	ESP,24
   974 0000096F 8B 45 10                        	MOV	EAX,DWORD [16+EBP]
   975 00000972 8B 5D 0C                        	MOV	EBX,DWORD [12+EBP]
   976 00000975 89 45 F0                        	MOV	DWORD [-16+EBP],EAX
   977 00000978 8B 75 08                        	MOV	ESI,DWORD [8+EBP]
   978 0000097B 8B 45 14                        	MOV	EAX,DWORD [20+EBP]
   979 0000097E 89 45 EC                        	MOV	DWORD [-20+EBP],EAX
   980 00000981 0F BE 45 18                     	MOVSX	EAX,BYTE [24+EBP]
   981 00000985 89 45 E8                        	MOV	DWORD [-24+EBP],EAX
   982 00000988 8D 43 FF                        	LEA	EAX,DWORD [-1+EBX]
   983 0000098B 6A 00                           	PUSH	0
   984 0000098D 89 45 E4                        	MOV	DWORD [-28+EBP],EAX
   985 00000990 50                              	PUSH	EAX
   986 00000991 6A 00                           	PUSH	0
   987 00000993 6A 00                           	PUSH	0
   988 00000995 6A 08                           	PUSH	8
   989 00000997 53                              	PUSH	EBX
   990 00000998 56                              	PUSH	ESI
   991 00000999 E8 [00000000]                   	CALL	_boxfill8
   992 0000099E 8D 43 FE                        	LEA	EAX,DWORD [-2+EBX]
   993 000009A1 6A 01                           	PUSH	1
   994 000009A3 89 45 E0                        	MOV	DWORD [-32+EBP],EAX
   995 000009A6 50                              	PUSH	EAX
   996 000009A7 6A 01                           	PUSH	1
   997 000009A9 6A 01                           	PUSH	1
   998 000009AB 6A 07                           	PUSH	7
   999 000009AD 53                              	PUSH	EBX
  1000 000009AE 56                              	PUSH	ESI
  1001 000009AF E8 [00000000]                   	CALL	_boxfill8
  1002 000009B4 8B 45 F0                        	MOV	EAX,DWORD [-16+EBP]
  1003 000009B7 83 C4 38                        	ADD	ESP,56
  1004 000009BA 48                              	DEC	EAX
  1005 000009BB 89 45 DC                        	MOV	DWORD [-36+EBP],EAX
  1006 000009BE 50                              	PUSH	EAX
  1007 000009BF 6A 00                           	PUSH	0
  1008 000009C1 6A 00                           	PUSH	0
  1009 000009C3 6A 00                           	PUSH	0
  1010 000009C5 6A 08                           	PUSH	8
  1011 000009C7 53                              	PUSH	EBX
  1012 000009C8 56                              	PUSH	ESI
  1013 000009C9 E8 [00000000]                   	CALL	_boxfill8
  1014 000009CE 8B 7D F0                        	MOV	EDI,DWORD [-16+EBP]
  1015 000009D1 83 EF 02                        	SUB	EDI,2
  1016 000009D4 57                              	PUSH	EDI
  1017 000009D5 6A 01                           	PUSH	1
  1018 000009D7 6A 01                           	PUSH	1
  1019 000009D9 6A 01                           	PUSH	1
  1020 000009DB 6A 07                           	PUSH	7
  1021 000009DD 53                              	PUSH	EBX
  1022 000009DE 56                              	PUSH	ESI
  1023 000009DF E8 [00000000]                   	CALL	_boxfill8
  1024 000009E4 83 C4 38                        	ADD	ESP,56
  1025 000009E7 57                              	PUSH	EDI
  1026 000009E8 FF 75 E0                        	PUSH	DWORD [-32+EBP]
  1027 000009EB 6A 01                           	PUSH	1
  1028 000009ED FF 75 E0                        	PUSH	DWORD [-32+EBP]
  1029 000009F0 6A 0F                           	PUSH	15
  1030 000009F2 53                              	PUSH	EBX
  1031 000009F3 56                              	PUSH	ESI
  1032 000009F4 E8 [00000000]                   	CALL	_boxfill8
  1033 000009F9 FF 75 DC                        	PUSH	DWORD [-36+EBP]
  1034 000009FC FF 75 E4                        	PUSH	DWORD [-28+EBP]
  1035 000009FF 6A 00                           	PUSH	0
  1036 00000A01 FF 75 E4                        	PUSH	DWORD [-28+EBP]
  1037 00000A04 6A 00                           	PUSH	0
  1038 00000A06 53                              	PUSH	EBX
  1039 00000A07 56                              	PUSH	ESI
  1040 00000A08 E8 [00000000]                   	CALL	_boxfill8
  1041 00000A0D 8B 45 F0                        	MOV	EAX,DWORD [-16+EBP]
  1042 00000A10 83 C4 38                        	ADD	ESP,56
  1043 00000A13 83 E8 03                        	SUB	EAX,3
  1044 00000A16 50                              	PUSH	EAX
  1045 00000A17 8D 43 FD                        	LEA	EAX,DWORD [-3+EBX]
  1046 00000A1A 50                              	PUSH	EAX
  1047 00000A1B 6A 02                           	PUSH	2
  1048 00000A1D 6A 02                           	PUSH	2
  1049 00000A1F 6A 08                           	PUSH	8
  1050 00000A21 53                              	PUSH	EBX
  1051 00000A22 56                              	PUSH	ESI
  1052 00000A23 E8 [00000000]                   	CALL	_boxfill8
  1053 00000A28 57                              	PUSH	EDI
  1054 00000A29 FF 75 E0                        	PUSH	DWORD [-32+EBP]
  1055 00000A2C 57                              	PUSH	EDI
  1056 00000A2D 6A 01                           	PUSH	1
  1057 00000A2F 6A 0F                           	PUSH	15
  1058 00000A31 53                              	PUSH	EBX
  1059 00000A32 56                              	PUSH	ESI
  1060 00000A33 E8 [00000000]                   	CALL	_boxfill8
  1061 00000A38 83 C4 38                        	ADD	ESP,56
  1062 00000A3B FF 75 DC                        	PUSH	DWORD [-36+EBP]
  1063 00000A3E FF 75 E4                        	PUSH	DWORD [-28+EBP]
  1064 00000A41 FF 75 DC                        	PUSH	DWORD [-36+EBP]
  1065 00000A44 6A 00                           	PUSH	0
  1066 00000A46 6A 00                           	PUSH	0
  1067 00000A48 53                              	PUSH	EBX
  1068 00000A49 56                              	PUSH	ESI
  1069 00000A4A E8 [00000000]                   	CALL	_boxfill8
  1070 00000A4F 89 75 08                        	MOV	DWORD [8+EBP],ESI
  1071 00000A52 8B 45 E8                        	MOV	EAX,DWORD [-24+EBP]
  1072 00000A55 89 5D 0C                        	MOV	DWORD [12+EBP],EBX
  1073 00000A58 89 45 14                        	MOV	DWORD [20+EBP],EAX
  1074 00000A5B 83 C4 1C                        	ADD	ESP,28
  1075 00000A5E 8B 45 EC                        	MOV	EAX,DWORD [-20+EBP]
  1076 00000A61 89 45 10                        	MOV	DWORD [16+EBP],EAX
  1077 00000A64 8D 65 F4                        	LEA	ESP,DWORD [-12+EBP]
  1078 00000A67 5B                              	POP	EBX
  1079 00000A68 5E                              	POP	ESI
  1080 00000A69 5F                              	POP	EDI
  1081 00000A6A 5D                              	POP	EBP
  1082 00000A6B EB 00                           	JMP	_make_wtitle8
  1083                                          [SECTION .data]
  1084 00000149                                 _closebtn.2:
  1085 00000149 4F 4F 4F 4F 4F 4F 4F 4F 4F 4F   	DB	"OOOOOOOOOOOOOOO@"
       00000153 4F 4F 4F 4F 4F 40 
  1086 00000159 4F 51 51 51 51 51 51 51 51 51   	DB	"OQQQQQQQQQQQQQ$@"
       00000163 51 51 51 51 24 40 
  1087 00000169 4F 51 51 51 51 51 51 51 51 51   	DB	"OQQQQQQQQQQQQQ$@"
       00000173 51 51 51 51 24 40 
  1088 00000179 4F 51 51 51 40 40 51 51 51 51   	DB	"OQQQ@@QQQQ@@QQ$@"
       00000183 40 40 51 51 24 40 
  1089 00000189 4F 51 51 51 51 40 40 51 51 40   	DB	"OQQQQ@@QQ@@QQQ$@"
       00000193 40 51 51 51 24 40 
  1090 00000199 4F 51 51 51 51 51 40 40 40 40   	DB	"OQQQQQ@@@@QQQQ$@"
       000001A3 51 51 51 51 24 40 
  1091 000001A9 4F 51 51 51 51 51 51 40 40 51   	DB	"OQQQQQQ@@QQQQQ$@"
       000001B3 51 51 51 51 24 40 
  1092 000001B9 4F 51 51 51 51 51 40 40 40 40   	DB	"OQQQQQ@@@@QQQQ$@"
       000001C3 51 51 51 51 24 40 
  1093 000001C9 4F 51 51 51 51 40 40 51 51 40   	DB	"OQQQQ@@QQ@@QQQ$@"
       000001D3 40 51 51 51 24 40 
  1094 000001D9 4F 51 51 51 40 40 51 51 51 51   	DB	"OQQQ@@QQQQ@@QQ$@"
       000001E3 40 40 51 51 24 40 
  1095 000001E9 4F 51 51 51 51 51 51 51 51 51   	DB	"OQQQQQQQQQQQQQ$@"
       000001F3 51 51 51 51 24 40 
  1096 000001F9 4F 51 51 51 51 51 51 51 51 51   	DB	"OQQQQQQQQQQQQQ$@"
       00000203 51 51 51 51 24 40 
  1097 00000209 4F 24 24 24 24 24 24 24 24 24   	DB	"O$$$$$$$$$$$$$$@"
       00000213 24 24 24 24 24 40 
  1098 00000219 40 40 40 40 40 40 40 40 40 40   	DB	"@@@@@@@@@@@@@@@@"
       00000223 40 40 40 40 40 40 
  1099                                          [SECTION .text]
  1100 00000A6D                                 	GLOBAL	_make_wtitle8
  1101 00000A6D                                 _make_wtitle8:
  1102 00000A6D 55                              	PUSH	EBP
  1103 00000A6E 89 E5                           	MOV	EBP,ESP
  1104 00000A70 57                              	PUSH	EDI
  1105 00000A71 56                              	PUSH	ESI
  1106 00000A72 53                              	PUSH	EBX
  1107 00000A73 57                              	PUSH	EDI
  1108 00000A74 80 7D 14 00                     	CMP	BYTE [20+EBP],0
  1109 00000A78 0F 84 00000097                  	JE	L63
  1110 00000A7E B3 07                           	MOV	BL,7
  1111 00000A80 B2 0C                           	MOV	DL,12
  1112 00000A82                                 L64:
  1113 00000A82 8B 45 0C                        	MOV	EAX,DWORD [12+EBP]
  1114 00000A85 6A 14                           	PUSH	20
  1115 00000A87 83 E8 04                        	SUB	EAX,4
  1116 00000A8A 31 FF                           	XOR	EDI,EDI
  1117 00000A8C 50                              	PUSH	EAX
  1118 00000A8D 6A 03                           	PUSH	3
  1119 00000A8F 6A 03                           	PUSH	3
  1120 00000A91 0F B6 C2                        	MOVZX	EAX,DL
  1121 00000A94 50                              	PUSH	EAX
  1122 00000A95 FF 75 0C                        	PUSH	DWORD [12+EBP]
  1123 00000A98 FF 75 08                        	PUSH	DWORD [8+EBP]
  1124 00000A9B E8 [00000000]                   	CALL	_boxfill8
  1125 00000AA0 FF 75 10                        	PUSH	DWORD [16+EBP]
  1126 00000AA3 0F BE C3                        	MOVSX	EAX,BL
  1127 00000AA6 50                              	PUSH	EAX
  1128 00000AA7 6A 04                           	PUSH	4
  1129 00000AA9 6A 18                           	PUSH	24
  1130 00000AAB FF 75 0C                        	PUSH	DWORD [12+EBP]
  1131 00000AAE FF 75 08                        	PUSH	DWORD [8+EBP]
  1132 00000AB1 E8 [00000000]                   	CALL	_putfonts8_asc
  1133 00000AB6 83 C4 34                        	ADD	ESP,52
  1134 00000AB9 6B 5D 0C 05                     	IMUL	EBX,DWORD [12+EBP],5
  1135 00000ABD C7 45 F0 00000000               	MOV	DWORD [-16+EBP],0
  1136 00000AC4                                 L80:
  1137 00000AC4 8B 45 0C                        	MOV	EAX,DWORD [12+EBP]
  1138 00000AC7 8B 55 08                        	MOV	EDX,DWORD [8+EBP]
  1139 00000ACA 01 D8                           	ADD	EAX,EBX
  1140 00000ACC 31 F6                           	XOR	ESI,ESI
  1141 00000ACE 8D 4C 02 EB                     	LEA	ECX,DWORD [-21+EDX+EAX*1]
  1142 00000AD2                                 L79:
  1143 00000AD2 8A 94 3E [00000149]             	MOV	DL,BYTE [_closebtn.2+ESI+EDI*1]
  1144 00000AD9 80 FA 40                        	CMP	DL,64
  1145 00000ADC 74 33                           	JE	L85
  1146 00000ADE 80 FA 24                        	CMP	DL,36
  1147 00000AE1 74 2A                           	JE	L86
  1148 00000AE3 80 FA 51                        	CMP	DL,81
  1149 00000AE6 B2 08                           	MOV	DL,8
  1150 00000AE8 0F 95 C0                        	SETNE	AL
  1151 00000AEB 28 C2                           	SUB	DL,AL
  1152 00000AED                                 L74:
  1153 00000AED 46                              	INC	ESI
  1154 00000AEE 88 11                           	MOV	BYTE [ECX],DL
  1155 00000AF0 41                              	INC	ECX
  1156 00000AF1 83 FE 0F                        	CMP	ESI,15
  1157 00000AF4 7E DC                           	JLE	L79
  1158 00000AF6 FF 45 F0                        	INC	DWORD [-16+EBP]
  1159 00000AF9 83 C7 10                        	ADD	EDI,16
  1160 00000AFC 03 5D 0C                        	ADD	EBX,DWORD [12+EBP]
  1161 00000AFF 83 7D F0 0D                     	CMP	DWORD [-16+EBP],13
  1162 00000B03 7E BF                           	JLE	L80
  1163 00000B05 8D 65 F4                        	LEA	ESP,DWORD [-12+EBP]
  1164 00000B08 5B                              	POP	EBX
  1165 00000B09 5E                              	POP	ESI
  1166 00000B0A 5F                              	POP	EDI
  1167 00000B0B 5D                              	POP	EBP
  1168 00000B0C C3                              	RET
  1169 00000B0D                                 L86:
  1170 00000B0D B2 0F                           	MOV	DL,15
  1171 00000B0F EB DC                           	JMP	L74
  1172 00000B11                                 L85:
  1173 00000B11 31 D2                           	XOR	EDX,EDX
  1174 00000B13 EB D8                           	JMP	L74
  1175 00000B15                                 L63:
  1176 00000B15 B3 08                           	MOV	BL,8
  1177 00000B17 B2 0F                           	MOV	DL,15
  1178 00000B19 E9 FFFFFF64                     	JMP	L64
  1179 00000B1E                                 	GLOBAL	_putfonts8_asc_sht
  1180 00000B1E                                 _putfonts8_asc_sht:
  1181 00000B1E 55                              	PUSH	EBP
  1182 00000B1F 89 E5                           	MOV	EBP,ESP
  1183 00000B21 57                              	PUSH	EDI
  1184 00000B22 56                              	PUSH	ESI
  1185 00000B23 53                              	PUSH	EBX
  1186 00000B24 83 EC 0C                        	SUB	ESP,12
  1187 00000B27 8B 45 08                        	MOV	EAX,DWORD [8+EBP]
  1188 00000B2A 8B 7D 10                        	MOV	EDI,DWORD [16+EBP]
  1189 00000B2D 89 45 F0                        	MOV	DWORD [-16+EBP],EAX
  1190 00000B30 8B 5D 14                        	MOV	EBX,DWORD [20+EBP]
  1191 00000B33 8B 45 0C                        	MOV	EAX,DWORD [12+EBP]
  1192 00000B36 89 45 EC                        	MOV	DWORD [-20+EBP],EAX
  1193 00000B39 8B 45 1C                        	MOV	EAX,DWORD [28+EBP]
  1194 00000B3C 89 45 E8                        	MOV	DWORD [-24+EBP],EAX
  1195 00000B3F 8D 47 0F                        	LEA	EAX,DWORD [15+EDI]
  1196 00000B42 50                              	PUSH	EAX
  1197 00000B43 8B 45 EC                        	MOV	EAX,DWORD [-20+EBP]
  1198 00000B46 8B 75 20                        	MOV	ESI,DWORD [32+EBP]
  1199 00000B49 0F BE DB                        	MOVSX	EBX,BL
  1200 00000B4C 8D 34 F0                        	LEA	ESI,DWORD [EAX+ESI*8]
  1201 00000B4F 8D 46 FF                        	LEA	EAX,DWORD [-1+ESI]
  1202 00000B52 50                              	PUSH	EAX
  1203 00000B53 57                              	PUSH	EDI
  1204 00000B54 FF 75 EC                        	PUSH	DWORD [-20+EBP]
  1205 00000B57 0F B6 45 18                     	MOVZX	EAX,BYTE [24+EBP]
  1206 00000B5B 50                              	PUSH	EAX
  1207 00000B5C 8B 45 F0                        	MOV	EAX,DWORD [-16+EBP]
  1208 00000B5F FF 70 04                        	PUSH	DWORD [4+EAX]
  1209 00000B62 FF 30                           	PUSH	DWORD [EAX]
  1210 00000B64 E8 [00000000]                   	CALL	_boxfill8
  1211 00000B69 FF 75 E8                        	PUSH	DWORD [-24+EBP]
  1212 00000B6C 53                              	PUSH	EBX
  1213 00000B6D 57                              	PUSH	EDI
  1214 00000B6E FF 75 EC                        	PUSH	DWORD [-20+EBP]
  1215 00000B71 8B 45 F0                        	MOV	EAX,DWORD [-16+EBP]
  1216 00000B74 FF 70 04                        	PUSH	DWORD [4+EAX]
  1217 00000B77 FF 30                           	PUSH	DWORD [EAX]
  1218 00000B79 E8 [00000000]                   	CALL	_putfonts8_asc
  1219 00000B7E 89 7D 10                        	MOV	DWORD [16+EBP],EDI
  1220 00000B81 8D 47 10                        	LEA	EAX,DWORD [16+EDI]
  1221 00000B84 89 75 14                        	MOV	DWORD [20+EBP],ESI
  1222 00000B87 89 45 18                        	MOV	DWORD [24+EBP],EAX
  1223 00000B8A 83 C4 34                        	ADD	ESP,52
  1224 00000B8D 8B 45 EC                        	MOV	EAX,DWORD [-20+EBP]
  1225 00000B90 89 45 0C                        	MOV	DWORD [12+EBP],EAX
  1226 00000B93 8B 45 F0                        	MOV	EAX,DWORD [-16+EBP]
  1227 00000B96 89 45 08                        	MOV	DWORD [8+EBP],EAX
  1228 00000B99 8D 65 F4                        	LEA	ESP,DWORD [-12+EBP]
  1229 00000B9C 5B                              	POP	EBX
  1230 00000B9D 5E                              	POP	ESI
  1231 00000B9E 5F                              	POP	EDI
  1232 00000B9F 5D                              	POP	EBP
  1233 00000BA0 E9 [00000000]                   	JMP	_sheet_refresh
  1234 00000BA5                                 	GLOBAL	_make_textbox8
  1235 00000BA5                                 _make_textbox8:
  1236 00000BA5 55                              	PUSH	EBP
  1237 00000BA6 89 E5                           	MOV	EBP,ESP
  1238 00000BA8 57                              	PUSH	EDI
  1239 00000BA9 56                              	PUSH	ESI
  1240 00000BAA 53                              	PUSH	EBX
  1241 00000BAB 83 EC 14                        	SUB	ESP,20
  1242 00000BAE 8B 45 0C                        	MOV	EAX,DWORD [12+EBP]
  1243 00000BB1 8B 75 10                        	MOV	ESI,DWORD [16+EBP]
  1244 00000BB4 03 45 14                        	ADD	EAX,DWORD [20+EBP]
  1245 00000BB7 83 EE 03                        	SUB	ESI,3
  1246 00000BBA 56                              	PUSH	ESI
  1247 00000BBB 89 45 F0                        	MOV	DWORD [-16+EBP],EAX
  1248 00000BBE 8B 45 10                        	MOV	EAX,DWORD [16+EBP]
  1249 00000BC1 03 45 18                        	ADD	EAX,DWORD [24+EBP]
  1250 00000BC4 89 45 EC                        	MOV	DWORD [-20+EBP],EAX
  1251 00000BC7 8B 45 F0                        	MOV	EAX,DWORD [-16+EBP]
  1252 00000BCA 40                              	INC	EAX
  1253 00000BCB 50                              	PUSH	EAX
  1254 00000BCC 89 45 E8                        	MOV	DWORD [-24+EBP],EAX
  1255 00000BCF 8B 45 0C                        	MOV	EAX,DWORD [12+EBP]
  1256 00000BD2 56                              	PUSH	ESI
  1257 00000BD3 83 E8 02                        	SUB	EAX,2
  1258 00000BD6 50                              	PUSH	EAX
  1259 00000BD7 89 45 E4                        	MOV	DWORD [-28+EBP],EAX
  1260 00000BDA 8B 45 08                        	MOV	EAX,DWORD [8+EBP]
  1261 00000BDD 6A 0F                           	PUSH	15
  1262 00000BDF FF 70 04                        	PUSH	DWORD [4+EAX]
  1263 00000BE2 FF 30                           	PUSH	DWORD [EAX]
  1264 00000BE4 E8 [00000000]                   	CALL	_boxfill8
  1265 00000BE9 8B 7D 0C                        	MOV	EDI,DWORD [12+EBP]
  1266 00000BEC 8B 45 EC                        	MOV	EAX,DWORD [-20+EBP]
  1267 00000BEF 83 EF 03                        	SUB	EDI,3
  1268 00000BF2 40                              	INC	EAX
  1269 00000BF3 50                              	PUSH	EAX
  1270 00000BF4 89 45 E0                        	MOV	DWORD [-32+EBP],EAX
  1271 00000BF7 57                              	PUSH	EDI
  1272 00000BF8 8B 45 08                        	MOV	EAX,DWORD [8+EBP]
  1273 00000BFB 56                              	PUSH	ESI
  1274 00000BFC 57                              	PUSH	EDI
  1275 00000BFD 6A 0F                           	PUSH	15
  1276 00000BFF FF 70 04                        	PUSH	DWORD [4+EAX]
  1277 00000C02 FF 30                           	PUSH	DWORD [EAX]
  1278 00000C04 E8 [00000000]                   	CALL	_boxfill8
  1279 00000C09 8B 45 08                        	MOV	EAX,DWORD [8+EBP]
  1280 00000C0C 83 C4 38                        	ADD	ESP,56
  1281 00000C0F 8B 5D EC                        	MOV	EBX,DWORD [-20+EBP]
  1282 00000C12 83 C3 02                        	ADD	EBX,2
  1283 00000C15 53                              	PUSH	EBX
  1284 00000C16 FF 75 E8                        	PUSH	DWORD [-24+EBP]
  1285 00000C19 53                              	PUSH	EBX
  1286 00000C1A 57                              	PUSH	EDI
  1287 00000C1B 6A 07                           	PUSH	7
  1288 00000C1D FF 70 04                        	PUSH	DWORD [4+EAX]
  1289 00000C20 FF 30                           	PUSH	DWORD [EAX]
  1290 00000C22 E8 [00000000]                   	CALL	_boxfill8
  1291 00000C27 8B 45 F0                        	MOV	EAX,DWORD [-16+EBP]
  1292 00000C2A 53                              	PUSH	EBX
  1293 00000C2B 83 C0 02                        	ADD	EAX,2
  1294 00000C2E 50                              	PUSH	EAX
  1295 00000C2F 56                              	PUSH	ESI
  1296 00000C30 50                              	PUSH	EAX
  1297 00000C31 8B 45 08                        	MOV	EAX,DWORD [8+EBP]
  1298 00000C34 6A 07                           	PUSH	7
  1299 00000C36 FF 70 04                        	PUSH	DWORD [4+EAX]
  1300 00000C39 FF 30                           	PUSH	DWORD [EAX]
  1301 00000C3B E8 [00000000]                   	CALL	_boxfill8
  1302 00000C40 8B 45 08                        	MOV	EAX,DWORD [8+EBP]
  1303 00000C43 83 C4 38                        	ADD	ESP,56
  1304 00000C46 8B 5D 10                        	MOV	EBX,DWORD [16+EBP]
  1305 00000C49 83 EB 02                        	SUB	EBX,2
  1306 00000C4C 8B 7D 0C                        	MOV	EDI,DWORD [12+EBP]
  1307 00000C4F 53                              	PUSH	EBX
  1308 00000C50 4F                              	DEC	EDI
  1309 00000C51 FF 75 F0                        	PUSH	DWORD [-16+EBP]
  1310 00000C54 53                              	PUSH	EBX
  1311 00000C55 57                              	PUSH	EDI
  1312 00000C56 6A 00                           	PUSH	0
  1313 00000C58 FF 70 04                        	PUSH	DWORD [4+EAX]
  1314 00000C5B FF 30                           	PUSH	DWORD [EAX]
  1315 00000C5D E8 [00000000]                   	CALL	_boxfill8
  1316 00000C62 8B 45 08                        	MOV	EAX,DWORD [8+EBP]
  1317 00000C65 FF 75 EC                        	PUSH	DWORD [-20+EBP]
  1318 00000C68 FF 75 E4                        	PUSH	DWORD [-28+EBP]
  1319 00000C6B 53                              	PUSH	EBX
  1320 00000C6C FF 75 E4                        	PUSH	DWORD [-28+EBP]
  1321 00000C6F 6A 00                           	PUSH	0
  1322 00000C71 FF 70 04                        	PUSH	DWORD [4+EAX]
  1323 00000C74 FF 30                           	PUSH	DWORD [EAX]
  1324 00000C76 E8 [00000000]                   	CALL	_boxfill8
  1325 00000C7B 8B 45 08                        	MOV	EAX,DWORD [8+EBP]
  1326 00000C7E 83 C4 38                        	ADD	ESP,56
  1327 00000C81 FF 75 E0                        	PUSH	DWORD [-32+EBP]
  1328 00000C84 FF 75 F0                        	PUSH	DWORD [-16+EBP]
  1329 00000C87 FF 75 E0                        	PUSH	DWORD [-32+EBP]
  1330 00000C8A FF 75 E4                        	PUSH	DWORD [-28+EBP]
  1331 00000C8D 6A 08                           	PUSH	8
  1332 00000C8F FF 70 04                        	PUSH	DWORD [4+EAX]
  1333 00000C92 FF 30                           	PUSH	DWORD [EAX]
  1334 00000C94 E8 [00000000]                   	CALL	_boxfill8
  1335 00000C99 8B 45 08                        	MOV	EAX,DWORD [8+EBP]
  1336 00000C9C FF 75 E0                        	PUSH	DWORD [-32+EBP]
  1337 00000C9F FF 75 E8                        	PUSH	DWORD [-24+EBP]
  1338 00000CA2 53                              	PUSH	EBX
  1339 00000CA3 FF 75 E8                        	PUSH	DWORD [-24+EBP]
  1340 00000CA6 6A 08                           	PUSH	8
  1341 00000CA8 FF 70 04                        	PUSH	DWORD [4+EAX]
  1342 00000CAB FF 30                           	PUSH	DWORD [EAX]
  1343 00000CAD E8 [00000000]                   	CALL	_boxfill8
  1344 00000CB2 8B 45 10                        	MOV	EAX,DWORD [16+EBP]
  1345 00000CB5 83 C4 38                        	ADD	ESP,56
  1346 00000CB8 48                              	DEC	EAX
  1347 00000CB9 FF 75 EC                        	PUSH	DWORD [-20+EBP]
  1348 00000CBC FF 75 F0                        	PUSH	DWORD [-16+EBP]
  1349 00000CBF 50                              	PUSH	EAX
  1350 00000CC0 57                              	PUSH	EDI
  1351 00000CC1 0F B6 45 1C                     	MOVZX	EAX,BYTE [28+EBP]
  1352 00000CC5 50                              	PUSH	EAX
  1353 00000CC6 8B 45 08                        	MOV	EAX,DWORD [8+EBP]
  1354 00000CC9 FF 70 04                        	PUSH	DWORD [4+EAX]
  1355 00000CCC FF 30                           	PUSH	DWORD [EAX]
  1356 00000CCE E8 [00000000]                   	CALL	_boxfill8
  1357 00000CD3 8D 65 F4                        	LEA	ESP,DWORD [-12+EBP]
  1358 00000CD6 5B                              	POP	EBX
  1359 00000CD7 5E                              	POP	ESI
  1360 00000CD8 5F                              	POP	EDI
  1361 00000CD9 5D                              	POP	EBP
  1362 00000CDA C3                              	RET
  1363                                          [SECTION .data]
  1364 00000229                                 LC7:
  1365 00000229 3E 00                           	DB	">",0x00
  1366                                          [SECTION .text]
  1367 00000CDB                                 	GLOBAL	_console_task
  1368 00000CDB                                 _console_task:
  1369 00000CDB 55                              	PUSH	EBP
  1370 00000CDC 89 E5                           	MOV	EBP,ESP
  1371 00000CDE 57                              	PUSH	EDI
  1372 00000CDF 56                              	PUSH	ESI
  1373 00000CE0 BF 00000010                     	MOV	EDI,16
  1374 00000CE5 53                              	PUSH	EBX
  1375 00000CE6 81 EC 00000210                  	SUB	ESP,528
  1376 00000CEC E8 [00000000]                   	CALL	_task_now
  1377 00000CF1 C7 85 FFFFFDE4 00000000         	MOV	DWORD [-540+EBP],0
  1378 00000CFB 50                              	PUSH	EAX
  1379 00000CFC 89 85 FFFFFDE8                  	MOV	DWORD [-536+EBP],EAX
  1380 00000D02 8D 85 FFFFFDF4                  	LEA	EAX,DWORD [-524+EBP]
  1381 00000D08 8B 9D FFFFFDE8                  	MOV	EBX,DWORD [-536+EBP]
  1382 00000D0E 50                              	PUSH	EAX
  1383 00000D0F 83 C3 10                        	ADD	EBX,16
  1384 00000D12 68 00000080                     	PUSH	128
  1385 00000D17 53                              	PUSH	EBX
  1386 00000D18 E8 [00000000]                   	CALL	_fifo32_init
  1387 00000D1D E8 [00000000]                   	CALL	_timer_alloc
  1388 00000D22 6A 01                           	PUSH	1
  1389 00000D24 53                              	PUSH	EBX
  1390 00000D25 50                              	PUSH	EAX
  1391 00000D26 89 85 FFFFFDEC                  	MOV	DWORD [-532+EBP],EAX
  1392 00000D2C E8 [00000000]                   	CALL	_timer_init
  1393 00000D31 6A 32                           	PUSH	50
  1394 00000D33 FF B5 FFFFFDEC                  	PUSH	DWORD [-532+EBP]
  1395 00000D39 E8 [00000000]                   	CALL	_timer_settime
  1396 00000D3E 83 C4 24                        	ADD	ESP,36
  1397 00000D41 6A 01                           	PUSH	1
  1398 00000D43 68 [00000229]                   	PUSH	LC7
  1399 00000D48 6A 00                           	PUSH	0
  1400 00000D4A 6A 07                           	PUSH	7
  1401 00000D4C 6A 1C                           	PUSH	28
  1402 00000D4E 6A 08                           	PUSH	8
  1403 00000D50 FF 75 08                        	PUSH	DWORD [8+EBP]
  1404 00000D53 E8 FFFFFDC6                     	CALL	_putfonts8_asc_sht
  1405 00000D58 83 C4 1C                        	ADD	ESP,28
  1406 00000D5B                                 L90:
  1407 00000D5B E8 [00000000]                   	CALL	_io_cli
  1408 00000D60 8B 9D FFFFFDE8                  	MOV	EBX,DWORD [-536+EBP]
  1409 00000D66 83 C3 10                        	ADD	EBX,16
  1410 00000D69 53                              	PUSH	EBX
  1411 00000D6A E8 [00000000]                   	CALL	_fifo32_status
  1412 00000D6F 5E                              	POP	ESI
  1413 00000D70 85 C0                           	TEST	EAX,EAX
  1414 00000D72 0F 84 00000103                  	JE	L105
  1415 00000D78 53                              	PUSH	EBX
  1416 00000D79 E8 [00000000]                   	CALL	_fifo32_get
  1417 00000D7E 89 C6                           	MOV	ESI,EAX
  1418 00000D80 E8 [00000000]                   	CALL	_io_sti
  1419 00000D85 59                              	POP	ECX
  1420 00000D86 83 FE 01                        	CMP	ESI,1
  1421 00000D89 0F 8E 0000009F                  	JLE	L106
  1422 00000D8F                                 L95:
  1423 00000D8F 8D 86 FFFFFF00                  	LEA	EAX,DWORD [-256+ESI]
  1424 00000D95 3D 000000FF                     	CMP	EAX,255
  1425 00000D9A 77 3D                           	JA	L98
  1426 00000D9C 81 FE 00000108                  	CMP	ESI,264
  1427 00000DA2 74 6A                           	JE	L107
  1428 00000DA4 81 FF 000000EF                  	CMP	EDI,239
  1429 00000DAA 7F 2D                           	JG	L98
  1430 00000DAC 89 F0                           	MOV	EAX,ESI
  1431 00000DAE 6A 01                           	PUSH	1
  1432 00000DB0 88 85 FFFFFDF2                  	MOV	BYTE [-526+EBP],AL
  1433 00000DB6 8D 85 FFFFFDF2                  	LEA	EAX,DWORD [-526+EBP]
  1434 00000DBC 50                              	PUSH	EAX
  1435 00000DBD 6A 00                           	PUSH	0
  1436 00000DBF 6A 07                           	PUSH	7
  1437 00000DC1 6A 1C                           	PUSH	28
  1438 00000DC3 57                              	PUSH	EDI
  1439 00000DC4 83 C7 08                        	ADD	EDI,8
  1440 00000DC7 FF 75 08                        	PUSH	DWORD [8+EBP]
  1441 00000DCA C6 85 FFFFFDF3 00               	MOV	BYTE [-525+EBP],0
  1442 00000DD1 E8 FFFFFD48                     	CALL	_putfonts8_asc_sht
  1443 00000DD6                                 L104:
  1444 00000DD6 83 C4 1C                        	ADD	ESP,28
  1445 00000DD9                                 L98:
  1446 00000DD9 6A 2B                           	PUSH	43
  1447 00000DDB 8D 47 07                        	LEA	EAX,DWORD [7+EDI]
  1448 00000DDE 50                              	PUSH	EAX
  1449 00000DDF 8B 45 08                        	MOV	EAX,DWORD [8+EBP]
  1450 00000DE2 6A 1C                           	PUSH	28
  1451 00000DE4 57                              	PUSH	EDI
  1452 00000DE5 FF B5 FFFFFDE4                  	PUSH	DWORD [-540+EBP]
  1453 00000DEB FF 70 04                        	PUSH	DWORD [4+EAX]
  1454 00000DEE FF 30                           	PUSH	DWORD [EAX]
  1455 00000DF0 E8 [00000000]                   	CALL	_boxfill8
  1456 00000DF5 8D 47 08                        	LEA	EAX,DWORD [8+EDI]
  1457 00000DF8 6A 2C                           	PUSH	44
  1458 00000DFA 50                              	PUSH	EAX
  1459 00000DFB 6A 1C                           	PUSH	28
  1460 00000DFD 57                              	PUSH	EDI
  1461 00000DFE FF 75 08                        	PUSH	DWORD [8+EBP]
  1462 00000E01 E8 [00000000]                   	CALL	_sheet_refresh
  1463 00000E06 83 C4 30                        	ADD	ESP,48
  1464 00000E09 E9 FFFFFF4D                     	JMP	L90
  1465 00000E0E                                 L107:
  1466 00000E0E 83 FF 10                        	CMP	EDI,16
  1467 00000E11 7E C6                           	JLE	L98
  1468 00000E13 6A 01                           	PUSH	1
  1469 00000E15 68 [00000147]                   	PUSH	LC5
  1470 00000E1A 6A 00                           	PUSH	0
  1471 00000E1C 6A 07                           	PUSH	7
  1472 00000E1E 6A 1C                           	PUSH	28
  1473 00000E20 57                              	PUSH	EDI
  1474 00000E21 83 EF 08                        	SUB	EDI,8
  1475 00000E24 FF 75 08                        	PUSH	DWORD [8+EBP]
  1476 00000E27 E8 FFFFFCF2                     	CALL	_putfonts8_asc_sht
  1477 00000E2C EB A8                           	JMP	L104
  1478 00000E2E                                 L106:
  1479 00000E2E 85 F6                           	TEST	ESI,ESI
  1480 00000E30 74 2F                           	JE	L96
  1481 00000E32 6A 00                           	PUSH	0
  1482 00000E34 53                              	PUSH	EBX
  1483 00000E35 FF B5 FFFFFDEC                  	PUSH	DWORD [-532+EBP]
  1484 00000E3B E8 [00000000]                   	CALL	_timer_init
  1485 00000E40 C7 85 FFFFFDE4 00000007         	MOV	DWORD [-540+EBP],7
  1486 00000E4A                                 L103:
  1487 00000E4A 83 C4 0C                        	ADD	ESP,12
  1488 00000E4D 6A 32                           	PUSH	50
  1489 00000E4F FF B5 FFFFFDEC                  	PUSH	DWORD [-532+EBP]
  1490 00000E55 E8 [00000000]                   	CALL	_timer_settime
  1491 00000E5A 58                              	POP	EAX
  1492 00000E5B 5A                              	POP	EDX
  1493 00000E5C E9 FFFFFF2E                     	JMP	L95
  1494 00000E61                                 L96:
  1495 00000E61 6A 01                           	PUSH	1
  1496 00000E63 53                              	PUSH	EBX
  1497 00000E64 FF B5 FFFFFDEC                  	PUSH	DWORD [-532+EBP]
  1498 00000E6A E8 [00000000]                   	CALL	_timer_init
  1499 00000E6F C7 85 FFFFFDE4 00000000         	MOV	DWORD [-540+EBP],0
  1500 00000E79 EB CF                           	JMP	L103
  1501 00000E7B                                 L105:
  1502 00000E7B FF B5 FFFFFDE8                  	PUSH	DWORD [-536+EBP]
  1503 00000E81 E8 [00000000]                   	CALL	_task_sleep
  1504 00000E86 E8 [00000000]                   	CALL	_io_sti
  1505 00000E8B 5B                              	POP	EBX
  1506 00000E8C E9 FFFFFECA                     	JMP	L90
