     1 00000000                                 [FORMAT "WCOFF"]
     2 00000000                                 [INSTRSET "i486p"]
     3 00000000                                 [OPTIMIZE 1]
     4 00000000                                 [OPTION 1]
     5 00000000                                 [BITS 32]
     6 00000000                                 	EXTERN	_init_gdtidt
     7 00000000                                 	EXTERN	_init_pic
     8 00000000                                 	EXTERN	_io_sti
     9 00000000                                 	EXTERN	_fifo32_init
    10 00000000                                 	EXTERN	_init_pit
    11 00000000                                 	EXTERN	_init_keyboard
    12 00000000                                 	EXTERN	_enable_mouse
    13 00000000                                 	EXTERN	_io_out8
    14 00000000                                 	EXTERN	_timer_alloc
    15 00000000                                 	EXTERN	_timer_init
    16 00000000                                 	EXTERN	_timer_settime
    17 00000000                                 	EXTERN	_memtest
    18 00000000                                 	EXTERN	_memman_init
    19 00000000                                 	EXTERN	_memman_free
    20 00000000                                 	EXTERN	_init_palette
    21 00000000                                 	EXTERN	_shtctl_init
    22 00000000                                 	EXTERN	_sheet_alloc
    23 00000000                                 	EXTERN	_memman_alloc_4k
    24 00000000                                 	EXTERN	_sheet_setbuf
    25 00000000                                 	EXTERN	_init_screen8
    26 00000000                                 	EXTERN	_init_mouse_cursor8
    27 00000000                                 	EXTERN	_sheet_slide
    28 00000000                                 	EXTERN	_sheet_updown
    29 00000000                                 	EXTERN	_sprintf
    30 00000000                                 	EXTERN	_memman_total
    31 00000000                                 	EXTERN	_set_segmdesc
    32 00000000                                 	EXTERN	_load_tr
    33 00000000                                 	EXTERN	_io_cli
    34 00000000                                 	EXTERN	_fifo32_status
    35 00000000                                 	EXTERN	_fifo32_get
    36 00000000                                 	EXTERN	_boxfill8
    37 00000000                                 	EXTERN	_sheet_refresh
    38 00000000                                 	EXTERN	_mouse_decode
    39 00000000                                 	EXTERN	_keytable.0
    40 00000000                                 	EXTERN	_farjmp
    41 00000000                                 	EXTERN	_io_stihlt
    42 00000000                                 	EXTERN	_putfonts8_asc
    43 00000000                                 	EXTERN	_io_hlt
    44 00000000                                 [FILE "bootpack.c"]
    45                                          [SECTION .data]
    46 00000000                                 _keytable.0:
    47 00000000 00                              	DB	0
    48 00000001 00                              	DB	0
    49 00000002 31                              	DB	49
    50 00000003 32                              	DB	50
    51 00000004 33                              	DB	51
    52 00000005 34                              	DB	52
    53 00000006 35                              	DB	53
    54 00000007 36                              	DB	54
    55 00000008 37                              	DB	55
    56 00000009 38                              	DB	56
    57 0000000A 39                              	DB	57
    58 0000000B 30                              	DB	48
    59 0000000C 2D                              	DB	45
    60 0000000D 5E                              	DB	94
    61 0000000E 00                              	DB	0
    62 0000000F 00                              	DB	0
    63 00000010 51                              	DB	81
    64 00000011 57                              	DB	87
    65 00000012 45                              	DB	69
    66 00000013 52                              	DB	82
    67 00000014 54                              	DB	84
    68 00000015 59                              	DB	89
    69 00000016 55                              	DB	85
    70 00000017 49                              	DB	73
    71 00000018 4F                              	DB	79
    72 00000019 50                              	DB	80
    73 0000001A 40                              	DB	64
    74 0000001B 5B                              	DB	91
    75 0000001C 00                              	DB	0
    76 0000001D 00                              	DB	0
    77 0000001E 41                              	DB	65
    78 0000001F 53                              	DB	83
    79 00000020 44                              	DB	68
    80 00000021 46                              	DB	70
    81 00000022 47                              	DB	71
    82 00000023 48                              	DB	72
    83 00000024 4A                              	DB	74
    84 00000025 4B                              	DB	75
    85 00000026 4C                              	DB	76
    86 00000027 3B                              	DB	59
    87 00000028 3A                              	DB	58
    88 00000029 00                              	DB	0
    89 0000002A 00                              	DB	0
    90 0000002B 5D                              	DB	93
    91 0000002C 5A                              	DB	90
    92 0000002D 58                              	DB	88
    93 0000002E 43                              	DB	67
    94 0000002F 56                              	DB	86
    95 00000030 42                              	DB	66
    96 00000031 4E                              	DB	78
    97 00000032 4D                              	DB	77
    98 00000033 2C                              	DB	44
    99 00000034 2E                              	DB	46
   100 00000035 2F                              	DB	47
   101 00000036 00                              	DB	0
   102 00000037 2A                              	DB	42
   103 00000038 00                              	DB	0
   104 00000039 20                              	DB	32
   105 0000003A 00                              	DB	0
   106 0000003B 00                              	DB	0
   107 0000003C 00                              	DB	0
   108 0000003D 00                              	DB	0
   109 0000003E 00                              	DB	0
   110 0000003F 00                              	DB	0
   111 00000040 00                              	DB	0
   112 00000041 00                              	DB	0
   113 00000042 00                              	DB	0
   114 00000043 00                              	DB	0
   115 00000044 00                              	DB	0
   116 00000045 00                              	DB	0
   117 00000046 00                              	DB	0
   118 00000047 37                              	DB	55
   119 00000048 38                              	DB	56
   120 00000049 39                              	DB	57
   121 0000004A 2D                              	DB	45
   122 0000004B 34                              	DB	52
   123 0000004C 35                              	DB	53
   124 0000004D 36                              	DB	54
   125 0000004E 2B                              	DB	43
   126 0000004F 31                              	DB	49
   127 00000050 32                              	DB	50
   128 00000051 33                              	DB	51
   129 00000052 30                              	DB	48
   130 00000053 2E                              	DB	46
   131 00000054                                 LC0:
   132 00000054 77 69 6E 64 6F 77 00            	DB	"window",0x00
   133 0000005B                                 LC1:
   134 0000005B 28 25 33 64 2C 20 25 33 64 29   	DB	"(%3d, %3d)",0x00
       00000065 00 
   135 00000066                                 LC2:
   136 00000066 6D 65 6D 6F 72 79 20 25 64 4D   	DB	"memory %dMB   free : %dKB",0x00
       00000070 42 20 20 20 66 72 65 65 20 3A 
       0000007A 20 25 64 4B 42 00 
   137 00000080                                 LC7:
   138 00000080 33 5B 73 65 63 5D 00            	DB	"3[sec]",0x00
   139 00000087                                 LC6:
   140 00000087 31 30 5B 73 65 63 5D 00         	DB	"10[sec]",0x00
   141 0000008F                                 LC5:
   142 0000008F 5B 6C 63 72 20 25 34 64 20 25   	DB	"[lcr %4d %4d]",0x00
       00000099 34 64 5D 00 
   143 0000009D                                 LC3:
   144 0000009D 25 30 32 58 00                  	DB	"%02X",0x00
   145 000000A2                                 LC4:
   146 000000A2 20 00                           	DB	" ",0x00
   147                                          [SECTION .text]
   148 00000000                                 	GLOBAL	_HariMain
   149 00000000                                 _HariMain:
   150 00000000 55                              	PUSH	EBP
   151 00000001 89 E5                           	MOV	EBP,ESP
   152 00000003 57                              	PUSH	EDI
   153 00000004 56                              	PUSH	ESI
   154 00000005 53                              	PUSH	EBX
   155 00000006 8D 75 D4                        	LEA	ESI,DWORD [-44+EBP]
   156 00000009 81 EC 0000046C                  	SUB	ESP,1132
   157 0000000F E8 [00000000]                   	CALL	_init_gdtidt
   158 00000014 E8 [00000000]                   	CALL	_init_pic
   159 00000019 E8 [00000000]                   	CALL	_io_sti
   160 0000001E 8D 85 FFFFFDA4                  	LEA	EAX,DWORD [-604+EBP]
   161 00000024 50                              	PUSH	EAX
   162 00000025 68 00000080                     	PUSH	128
   163 0000002A 56                              	PUSH	ESI
   164 0000002B E8 [00000000]                   	CALL	_fifo32_init
   165 00000030 E8 [00000000]                   	CALL	_init_pit
   166 00000035 68 00000100                     	PUSH	256
   167 0000003A 56                              	PUSH	ESI
   168 0000003B E8 [00000000]                   	CALL	_init_keyboard
   169 00000040 8D 85 FFFFFD94                  	LEA	EAX,DWORD [-620+EBP]
   170 00000046 50                              	PUSH	EAX
   171 00000047 68 00000200                     	PUSH	512
   172 0000004C 56                              	PUSH	ESI
   173 0000004D E8 [00000000]                   	CALL	_enable_mouse
   174 00000052 83 C4 20                        	ADD	ESP,32
   175 00000055 68 000000F8                     	PUSH	248
   176 0000005A 6A 21                           	PUSH	33
   177 0000005C E8 [00000000]                   	CALL	_io_out8
   178 00000061 68 000000EF                     	PUSH	239
   179 00000066 68 000000A1                     	PUSH	161
   180 0000006B E8 [00000000]                   	CALL	_io_out8
   181 00000070 E8 [00000000]                   	CALL	_timer_alloc
   182 00000075 6A 0A                           	PUSH	10
   183 00000077 56                              	PUSH	ESI
   184 00000078 89 C3                           	MOV	EBX,EAX
   185 0000007A 50                              	PUSH	EAX
   186 0000007B E8 [00000000]                   	CALL	_timer_init
   187 00000080 68 000003E8                     	PUSH	1000
   188 00000085 53                              	PUSH	EBX
   189 00000086 E8 [00000000]                   	CALL	_timer_settime
   190 0000008B 83 C4 24                        	ADD	ESP,36
   191 0000008E E8 [00000000]                   	CALL	_timer_alloc
   192 00000093 6A 03                           	PUSH	3
   193 00000095 89 C3                           	MOV	EBX,EAX
   194 00000097 56                              	PUSH	ESI
   195 00000098 50                              	PUSH	EAX
   196 00000099 E8 [00000000]                   	CALL	_timer_init
   197 0000009E 68 0000012C                     	PUSH	300
   198 000000A3 53                              	PUSH	EBX
   199 000000A4 E8 [00000000]                   	CALL	_timer_settime
   200 000000A9 E8 [00000000]                   	CALL	_timer_alloc
   201 000000AE 6A 01                           	PUSH	1
   202 000000B0 56                              	PUSH	ESI
   203 000000B1 50                              	PUSH	EAX
   204 000000B2 89 85 FFFFFBB0                  	MOV	DWORD [-1104+EBP],EAX
   205 000000B8 E8 [00000000]                   	CALL	_timer_init
   206 000000BD 83 C4 20                        	ADD	ESP,32
   207 000000C0 6A 32                           	PUSH	50
   208 000000C2 FF B5 FFFFFBB0                  	PUSH	DWORD [-1104+EBP]
   209 000000C8 E8 [00000000]                   	CALL	_timer_settime
   210 000000CD E8 [00000000]                   	CALL	_timer_alloc
   211 000000D2 6A 02                           	PUSH	2
   212 000000D4 56                              	PUSH	ESI
   213 000000D5 50                              	PUSH	EAX
   214 000000D6 89 85 FFFFFBAC                  	MOV	DWORD [-1108+EBP],EAX
   215 000000DC E8 [00000000]                   	CALL	_timer_init
   216 000000E1 6A 02                           	PUSH	2
   217 000000E3 FF B5 FFFFFBAC                  	PUSH	DWORD [-1108+EBP]
   218 000000E9 E8 [00000000]                   	CALL	_timer_settime
   219 000000EE 68 BFFFFFFF                     	PUSH	-1073741825
   220 000000F3 68 00400000                     	PUSH	4194304
   221 000000F8 E8 [00000000]                   	CALL	_memtest
   222 000000FD 83 C4 24                        	ADD	ESP,36
   223 00000100 68 003C0000                     	PUSH	3932160
   224 00000105 89 85 FFFFFB9C                  	MOV	DWORD [-1124+EBP],EAX
   225 0000010B E8 [00000000]                   	CALL	_memman_init
   226 00000110 68 0009E000                     	PUSH	647168
   227 00000115 68 00001000                     	PUSH	4096
   228 0000011A 68 003C0000                     	PUSH	3932160
   229 0000011F E8 [00000000]                   	CALL	_memman_free
   230 00000124 8B 85 FFFFFB9C                  	MOV	EAX,DWORD [-1124+EBP]
   231 0000012A 2D 00400000                     	SUB	EAX,4194304
   232 0000012F 50                              	PUSH	EAX
   233 00000130 68 00400000                     	PUSH	4194304
   234 00000135 68 003C0000                     	PUSH	3932160
   235 0000013A E8 [00000000]                   	CALL	_memman_free
   236 0000013F E8 [00000000]                   	CALL	_init_palette
   237 00000144 0F BF 05 00000FF6               	MOVSX	EAX,WORD [4086]
   238 0000014B 50                              	PUSH	EAX
   239 0000014C 0F BF 05 00000FF4               	MOVSX	EAX,WORD [4084]
   240 00000153 50                              	PUSH	EAX
   241 00000154 FF 35 00000FF8                  	PUSH	DWORD [4088]
   242 0000015A 68 003C0000                     	PUSH	3932160
   243 0000015F E8 [00000000]                   	CALL	_shtctl_init
   244 00000164 83 C4 2C                        	ADD	ESP,44
   245 00000167 89 C3                           	MOV	EBX,EAX
   246 00000169 50                              	PUSH	EAX
   247 0000016A E8 [00000000]                   	CALL	_sheet_alloc
   248 0000016F A3 00000FEC                     	MOV	DWORD [4076],EAX
   249 00000174 53                              	PUSH	EBX
   250 00000175 89 85 FFFFFB98                  	MOV	DWORD [-1128+EBP],EAX
   251 0000017B E8 [00000000]                   	CALL	_sheet_alloc
   252 00000180 53                              	PUSH	EBX
   253 00000181 8D 9D FFFFFC94                  	LEA	EBX,DWORD [-876+EBP]
   254 00000187 89 85 FFFFFB94                  	MOV	DWORD [-1132+EBP],EAX
   255 0000018D E8 [00000000]                   	CALL	_sheet_alloc
   256 00000192 0F BF 15 00000FF6               	MOVSX	EDX,WORD [4086]
   257 00000199 89 85 FFFFFB90                  	MOV	DWORD [-1136+EBP],EAX
   258 0000019F 0F BF 05 00000FF4               	MOVSX	EAX,WORD [4084]
   259 000001A6 0F AF C2                        	IMUL	EAX,EDX
   260 000001A9 50                              	PUSH	EAX
   261 000001AA 68 003C0000                     	PUSH	3932160
   262 000001AF E8 [00000000]                   	CALL	_memman_alloc_4k
   263 000001B4 68 00002080                     	PUSH	8320
   264 000001B9 68 003C0000                     	PUSH	3932160
   265 000001BE 89 C6                           	MOV	ESI,EAX
   266 000001C0 E8 [00000000]                   	CALL	_memman_alloc_4k
   267 000001C5 6A FF                           	PUSH	-1
   268 000001C7 89 C7                           	MOV	EDI,EAX
   269 000001C9 0F BF 05 00000FF6               	MOVSX	EAX,WORD [4086]
   270 000001D0 50                              	PUSH	EAX
   271 000001D1 0F BF 05 00000FF4               	MOVSX	EAX,WORD [4084]
   272 000001D8 50                              	PUSH	EAX
   273 000001D9 56                              	PUSH	ESI
   274 000001DA FF B5 FFFFFB98                  	PUSH	DWORD [-1128+EBP]
   275 000001E0 E8 [00000000]                   	CALL	_sheet_setbuf
   276 000001E5 83 C4 30                        	ADD	ESP,48
   277 000001E8 6A 63                           	PUSH	99
   278 000001EA 6A 10                           	PUSH	16
   279 000001EC 6A 10                           	PUSH	16
   280 000001EE 53                              	PUSH	EBX
   281 000001EF FF B5 FFFFFB94                  	PUSH	DWORD [-1132+EBP]
   282 000001F5 E8 [00000000]                   	CALL	_sheet_setbuf
   283 000001FA 6A FF                           	PUSH	-1
   284 000001FC 6A 34                           	PUSH	52
   285 000001FE 68 000000A0                     	PUSH	160
   286 00000203 57                              	PUSH	EDI
   287 00000204 FF B5 FFFFFB90                  	PUSH	DWORD [-1136+EBP]
   288 0000020A E8 [00000000]                   	CALL	_sheet_setbuf
   289 0000020F 83 C4 28                        	ADD	ESP,40
   290 00000212 0F BF 05 00000FF6               	MOVSX	EAX,WORD [4086]
   291 00000219 50                              	PUSH	EAX
   292 0000021A 0F BF 05 00000FF4               	MOVSX	EAX,WORD [4084]
   293 00000221 50                              	PUSH	EAX
   294 00000222 56                              	PUSH	ESI
   295 00000223 E8 [00000000]                   	CALL	_init_screen8
   296 00000228 6A 63                           	PUSH	99
   297 0000022A 53                              	PUSH	EBX
   298 0000022B BB 00000002                     	MOV	EBX,2
   299 00000230 E8 [00000000]                   	CALL	_init_mouse_cursor8
   300 00000235 68 [00000054]                   	PUSH	LC0
   301 0000023A 6A 34                           	PUSH	52
   302 0000023C 68 000000A0                     	PUSH	160
   303 00000241 57                              	PUSH	EDI
   304 00000242 E8 000005CB                     	CALL	_make_window8
   305 00000247 83 C4 24                        	ADD	ESP,36
   306 0000024A 6A 07                           	PUSH	7
   307 0000024C 6A 10                           	PUSH	16
   308 0000024E 68 00000090                     	PUSH	144
   309 00000253 6A 1C                           	PUSH	28
   310 00000255 6A 08                           	PUSH	8
   311 00000257 FF B5 FFFFFB90                  	PUSH	DWORD [-1136+EBP]
   312 0000025D E8 000007A3                     	CALL	_make_textbox8
   313 00000262 6A 00                           	PUSH	0
   314 00000264 6A 00                           	PUSH	0
   315 00000266 FF B5 FFFFFB98                  	PUSH	DWORD [-1128+EBP]
   316 0000026C C7 85 FFFFFBA4 00000008         	MOV	DWORD [-1116+EBP],8
   317 00000276 C7 85 FFFFFBA0 00000007         	MOV	DWORD [-1120+EBP],7
   318 00000280 E8 [00000000]                   	CALL	_sheet_slide
   319 00000285 83 C4 24                        	ADD	ESP,36
   320 00000288 0F BF 05 00000FF4               	MOVSX	EAX,WORD [4084]
   321 0000028F 8D 48 F0                        	LEA	ECX,DWORD [-16+EAX]
   322 00000292 89 C8                           	MOV	EAX,ECX
   323 00000294 99                              	CDQ
   324 00000295 F7 FB                           	IDIV	EBX
   325 00000297 89 85 FFFFFBA8                  	MOV	DWORD [-1112+EBP],EAX
   326 0000029D 0F BF 05 00000FF6               	MOVSX	EAX,WORD [4086]
   327 000002A4 8D 48 D4                        	LEA	ECX,DWORD [-44+EAX]
   328 000002A7 89 C8                           	MOV	EAX,ECX
   329 000002A9 99                              	CDQ
   330 000002AA F7 FB                           	IDIV	EBX
   331 000002AC 50                              	PUSH	EAX
   332 000002AD 89 C7                           	MOV	EDI,EAX
   333 000002AF FF B5 FFFFFBA8                  	PUSH	DWORD [-1112+EBP]
   334 000002B5 FF B5 FFFFFB94                  	PUSH	DWORD [-1132+EBP]
   335 000002BB 8D 5D A4                        	LEA	EBX,DWORD [-92+EBP]
   336 000002BE E8 [00000000]                   	CALL	_sheet_slide
   337 000002C3 6A 48                           	PUSH	72
   338 000002C5 6A 50                           	PUSH	80
   339 000002C7 FF B5 FFFFFB90                  	PUSH	DWORD [-1136+EBP]
   340 000002CD E8 [00000000]                   	CALL	_sheet_slide
   341 000002D2 6A 00                           	PUSH	0
   342 000002D4 FF B5 FFFFFB98                  	PUSH	DWORD [-1128+EBP]
   343 000002DA E8 [00000000]                   	CALL	_sheet_updown
   344 000002DF 83 C4 20                        	ADD	ESP,32
   345 000002E2 6A 01                           	PUSH	1
   346 000002E4 FF B5 FFFFFB90                  	PUSH	DWORD [-1136+EBP]
   347 000002EA E8 [00000000]                   	CALL	_sheet_updown
   348 000002EF 6A 02                           	PUSH	2
   349 000002F1 FF B5 FFFFFB94                  	PUSH	DWORD [-1132+EBP]
   350 000002F7 E8 [00000000]                   	CALL	_sheet_updown
   351 000002FC 57                              	PUSH	EDI
   352 000002FD FF B5 FFFFFBA8                  	PUSH	DWORD [-1112+EBP]
   353 00000303 68 [0000005B]                   	PUSH	LC1
   354 00000308 53                              	PUSH	EBX
   355 00000309 E8 [00000000]                   	CALL	_sprintf
   356 0000030E 83 C4 20                        	ADD	ESP,32
   357 00000311 6A 0A                           	PUSH	10
   358 00000313 53                              	PUSH	EBX
   359 00000314 6A 0E                           	PUSH	14
   360 00000316 6A 07                           	PUSH	7
   361 00000318 6A 00                           	PUSH	0
   362 0000031A 6A 00                           	PUSH	0
   363 0000031C FF B5 FFFFFB98                  	PUSH	DWORD [-1128+EBP]
   364 00000322 E8 00000657                     	CALL	_putfonts8_asc_sht
   365 00000327 68 003C0000                     	PUSH	3932160
   366 0000032C E8 [00000000]                   	CALL	_memman_total
   367 00000331 C1 AD FFFFFB9C 14               	SHR	DWORD [-1124+EBP],20
   368 00000338 C1 E8 0A                        	SHR	EAX,10
   369 0000033B 89 04 24                        	MOV	DWORD [ESP],EAX
   370 0000033E FF B5 FFFFFB9C                  	PUSH	DWORD [-1124+EBP]
   371 00000344 68 [00000066]                   	PUSH	LC2
   372 00000349 53                              	PUSH	EBX
   373 0000034A E8 [00000000]                   	CALL	_sprintf
   374 0000034F 83 C4 2C                        	ADD	ESP,44
   375 00000352 6A 28                           	PUSH	40
   376 00000354 53                              	PUSH	EBX
   377 00000355 6A 0E                           	PUSH	14
   378 00000357 6A 07                           	PUSH	7
   379 00000359 6A 20                           	PUSH	32
   380 0000035B 6A 00                           	PUSH	0
   381 0000035D FF B5 FFFFFB98                  	PUSH	DWORD [-1128+EBP]
   382 00000363 E8 00000616                     	CALL	_putfonts8_asc_sht
   383 00000368 8D 85 FFFFFC24                  	LEA	EAX,DWORD [-988+EBP]
   384 0000036E 68 00000089                     	PUSH	137
   385 00000373 50                              	PUSH	EAX
   386 00000374 6A 67                           	PUSH	103
   387 00000376 68 00270018                     	PUSH	2555928
   388 0000037B C7 85 FFFFFC84 00000000         	MOV	DWORD [-892+EBP],0
   389 00000385 C7 85 FFFFFC88 40000000         	MOV	DWORD [-888+EBP],1073741824
   390 0000038F C7 85 FFFFFC14 00000000         	MOV	DWORD [-1004+EBP],0
   391 00000399 C7 85 FFFFFC18 40000000         	MOV	DWORD [-1000+EBP],1073741824
   392 000003A3 E8 [00000000]                   	CALL	_set_segmdesc
   393 000003A8 8D 85 FFFFFBB4                  	LEA	EAX,DWORD [-1100+EBP]
   394 000003AE 83 C4 2C                        	ADD	ESP,44
   395 000003B1 68 00000089                     	PUSH	137
   396 000003B6 50                              	PUSH	EAX
   397 000003B7 6A 67                           	PUSH	103
   398 000003B9 68 00270020                     	PUSH	2555936
   399 000003BE E8 [00000000]                   	CALL	_set_segmdesc
   400 000003C3 6A 18                           	PUSH	24
   401 000003C5 E8 [00000000]                   	CALL	_load_tr
   402 000003CA 68 00010000                     	PUSH	65536
   403 000003CF 68 003C0000                     	PUSH	3932160
   404 000003D4 E8 [00000000]                   	CALL	_memman_alloc_4k
   405 000003D9 05 00010000                     	ADD	EAX,65536
   406 000003DE C7 85 FFFFFBD4 [00000B3B]       	MOV	DWORD [-1068+EBP],_task_b_main
   407 000003E8 C7 85 FFFFFBD8 00000202         	MOV	DWORD [-1064+EBP],514
   408 000003F2 C7 85 FFFFFBDC 00000000         	MOV	DWORD [-1060+EBP],0
   409 000003FC C7 85 FFFFFBE0 00000000         	MOV	DWORD [-1056+EBP],0
   410 00000406 C7 85 FFFFFBE4 00000000         	MOV	DWORD [-1052+EBP],0
   411 00000410 C7 85 FFFFFBE8 00000000         	MOV	DWORD [-1048+EBP],0
   412 0000041A 89 85 FFFFFBEC                  	MOV	DWORD [-1044+EBP],EAX
   413 00000420 C7 85 FFFFFBF0 00000000         	MOV	DWORD [-1040+EBP],0
   414 0000042A C7 85 FFFFFBF4 00000000         	MOV	DWORD [-1036+EBP],0
   415 00000434 C7 85 FFFFFBF8 00000000         	MOV	DWORD [-1032+EBP],0
   416 0000043E C7 85 FFFFFBFC 00000008         	MOV	DWORD [-1028+EBP],8
   417 00000448 C7 85 FFFFFC00 00000010         	MOV	DWORD [-1024+EBP],16
   418 00000452 C7 85 FFFFFC04 00000008         	MOV	DWORD [-1020+EBP],8
   419 0000045C C7 85 FFFFFC08 00000008         	MOV	DWORD [-1016+EBP],8
   420 00000466 C7 85 FFFFFC0C 00000008         	MOV	DWORD [-1012+EBP],8
   421 00000470 C7 85 FFFFFC10 00000008         	MOV	DWORD [-1008+EBP],8
   422 0000047A                                 L32:
   423 0000047A 83 C4 1C                        	ADD	ESP,28
   424 0000047D                                 L2:
   425 0000047D 8D 75 D4                        	LEA	ESI,DWORD [-44+EBP]
   426 00000480 E8 [00000000]                   	CALL	_io_cli
   427 00000485 56                              	PUSH	ESI
   428 00000486 E8 [00000000]                   	CALL	_fifo32_status
   429 0000048B 5A                              	POP	EDX
   430 0000048C 85 C0                           	TEST	EAX,EAX
   431 0000048E 0F 84 00000374                  	JE	L35
   432 00000494 56                              	PUSH	ESI
   433 00000495 E8 [00000000]                   	CALL	_fifo32_get
   434 0000049A 89 C3                           	MOV	EBX,EAX
   435 0000049C E8 [00000000]                   	CALL	_io_sti
   436 000004A1 58                              	POP	EAX
   437 000004A2 83 FB 02                        	CMP	EBX,2
   438 000004A5 0F 84 0000033F                  	JE	L36
   439 000004AB 8D 83 FFFFFF00                  	LEA	EAX,DWORD [-256+EBX]
   440 000004B1 3D 000000FF                     	CMP	EAX,255
   441 000004B6 0F 86 00000233                  	JBE	L37
   442 000004BC 8D 83 FFFFFE00                  	LEA	EAX,DWORD [-512+EBX]
   443 000004C2 3D 000000FF                     	CMP	EAX,255
   444 000004C7 0F 86 000000E2                  	JBE	L38
   445 000004CD 83 FB 0A                        	CMP	EBX,10
   446 000004D0 0F 84 000000CA                  	JE	L39
   447 000004D6 83 FB 03                        	CMP	EBX,3
   448 000004D9 0F 84 000000A2                  	JE	L40
   449 000004DF 83 FB 01                        	CMP	EBX,1
   450 000004E2 7F 99                           	JG	L2
   451 000004E4 85 DB                           	TEST	EBX,EBX
   452 000004E6 74 7C                           	JE	L30
   453 000004E8 6A 00                           	PUSH	0
   454 000004EA 56                              	PUSH	ESI
   455 000004EB FF B5 FFFFFBB0                  	PUSH	DWORD [-1104+EBP]
   456 000004F1 E8 [00000000]                   	CALL	_timer_init
   457 000004F6 C7 85 FFFFFBA0 00000000         	MOV	DWORD [-1120+EBP],0
   458 00000500                                 L34:
   459 00000500 83 C4 0C                        	ADD	ESP,12
   460 00000503 6A 32                           	PUSH	50
   461 00000505 FF B5 FFFFFBB0                  	PUSH	DWORD [-1104+EBP]
   462 0000050B E8 [00000000]                   	CALL	_timer_settime
   463 00000510 8B 95 FFFFFB90                  	MOV	EDX,DWORD [-1136+EBP]
   464 00000516 8B 85 FFFFFBA4                  	MOV	EAX,DWORD [-1116+EBP]
   465 0000051C 6A 2B                           	PUSH	43
   466 0000051E 83 C0 07                        	ADD	EAX,7
   467 00000521 50                              	PUSH	EAX
   468 00000522 6A 1C                           	PUSH	28
   469 00000524 FF B5 FFFFFBA4                  	PUSH	DWORD [-1116+EBP]
   470 0000052A FF B5 FFFFFBA0                  	PUSH	DWORD [-1120+EBP]
   471 00000530 FF 72 04                        	PUSH	DWORD [4+EDX]
   472 00000533 FF 32                           	PUSH	DWORD [EDX]
   473 00000535 E8 [00000000]                   	CALL	_boxfill8
   474 0000053A 8B 85 FFFFFBA4                  	MOV	EAX,DWORD [-1116+EBP]
   475 00000540 83 C4 24                        	ADD	ESP,36
   476 00000543 83 C0 08                        	ADD	EAX,8
   477 00000546 6A 2C                           	PUSH	44
   478 00000548 50                              	PUSH	EAX
   479 00000549 6A 1C                           	PUSH	28
   480 0000054B FF B5 FFFFFBA4                  	PUSH	DWORD [-1116+EBP]
   481 00000551 FF B5 FFFFFB90                  	PUSH	DWORD [-1136+EBP]
   482 00000557 E8 [00000000]                   	CALL	_sheet_refresh
   483 0000055C 83 C4 14                        	ADD	ESP,20
   484 0000055F E9 FFFFFF19                     	JMP	L2
   485 00000564                                 L30:
   486 00000564 6A 01                           	PUSH	1
   487 00000566 56                              	PUSH	ESI
   488 00000567 FF B5 FFFFFBB0                  	PUSH	DWORD [-1104+EBP]
   489 0000056D E8 [00000000]                   	CALL	_timer_init
   490 00000572 C7 85 FFFFFBA0 00000007         	MOV	DWORD [-1120+EBP],7
   491 0000057C E9 FFFFFF7F                     	JMP	L34
   492 00000581                                 L40:
   493 00000581 6A 06                           	PUSH	6
   494 00000583 68 [00000080]                   	PUSH	LC7
   495 00000588 6A 0E                           	PUSH	14
   496 0000058A 6A 07                           	PUSH	7
   497 0000058C 6A 50                           	PUSH	80
   498 0000058E                                 L33:
   499 0000058E 6A 00                           	PUSH	0
   500 00000590 FF B5 FFFFFB98                  	PUSH	DWORD [-1128+EBP]
   501 00000596 E8 000003E3                     	CALL	_putfonts8_asc_sht
   502 0000059B E9 FFFFFEDA                     	JMP	L32
   503 000005A0                                 L39:
   504 000005A0 6A 07                           	PUSH	7
   505 000005A2 68 [00000087]                   	PUSH	LC6
   506 000005A7 6A 0E                           	PUSH	14
   507 000005A9 6A 07                           	PUSH	7
   508 000005AB 6A 40                           	PUSH	64
   509 000005AD EB DF                           	JMP	L33
   510 000005AF                                 L38:
   511 000005AF 0F B6 C3                        	MOVZX	EAX,BL
   512 000005B2 50                              	PUSH	EAX
   513 000005B3 8D 85 FFFFFD94                  	LEA	EAX,DWORD [-620+EBP]
   514 000005B9 50                              	PUSH	EAX
   515 000005BA E8 [00000000]                   	CALL	_mouse_decode
   516 000005BF 5A                              	POP	EDX
   517 000005C0 59                              	POP	ECX
   518 000005C1 85 C0                           	TEST	EAX,EAX
   519 000005C3 0F 84 FFFFFEB4                  	JE	L2
   520 000005C9 FF B5 FFFFFD9C                  	PUSH	DWORD [-612+EBP]
   521 000005CF FF B5 FFFFFD98                  	PUSH	DWORD [-616+EBP]
   522 000005D5 68 [0000008F]                   	PUSH	LC5
   523 000005DA 8D 5D A4                        	LEA	EBX,DWORD [-92+EBP]
   524 000005DD 53                              	PUSH	EBX
   525 000005DE E8 [00000000]                   	CALL	_sprintf
   526 000005E3 83 C4 10                        	ADD	ESP,16
   527 000005E6 8B 85 FFFFFDA0                  	MOV	EAX,DWORD [-608+EBP]
   528 000005EC A9 00000001                     	TEST	EAX,1
   529 000005F1 74 04                           	JE	L16
   530 000005F3 C6 45 A5 4C                     	MOV	BYTE [-91+EBP],76
   531 000005F7                                 L16:
   532 000005F7 A9 00000002                     	TEST	EAX,2
   533 000005FC 74 04                           	JE	L17
   534 000005FE C6 45 A7 52                     	MOV	BYTE [-89+EBP],82
   535 00000602                                 L17:
   536 00000602 83 E0 04                        	AND	EAX,4
   537 00000605 74 04                           	JE	L18
   538 00000607 C6 45 A6 43                     	MOV	BYTE [-90+EBP],67
   539 0000060B                                 L18:
   540 0000060B 6A 0F                           	PUSH	15
   541 0000060D 53                              	PUSH	EBX
   542 0000060E 6A 0E                           	PUSH	14
   543 00000610 6A 07                           	PUSH	7
   544 00000612 6A 10                           	PUSH	16
   545 00000614 6A 20                           	PUSH	32
   546 00000616 FF B5 FFFFFB98                  	PUSH	DWORD [-1128+EBP]
   547 0000061C E8 0000035D                     	CALL	_putfonts8_asc_sht
   548 00000621 8B 85 FFFFFD98                  	MOV	EAX,DWORD [-616+EBP]
   549 00000627 03 BD FFFFFD9C                  	ADD	EDI,DWORD [-612+EBP]
   550 0000062D 83 C4 1C                        	ADD	ESP,28
   551 00000630 01 85 FFFFFBA8                  	ADD	DWORD [-1112+EBP],EAX
   552 00000636 0F 88 000000A4                  	JS	L41
   553 0000063C                                 L19:
   554 0000063C 85 FF                           	TEST	EDI,EDI
   555 0000063E 0F 88 00000095                  	JS	L42
   556 00000644                                 L20:
   557 00000644 0F BF 05 00000FF4               	MOVSX	EAX,WORD [4084]
   558 0000064B 48                              	DEC	EAX
   559 0000064C 39 85 FFFFFBA8                  	CMP	DWORD [-1112+EBP],EAX
   560 00000652 7E 06                           	JLE	L21
   561 00000654 89 85 FFFFFBA8                  	MOV	DWORD [-1112+EBP],EAX
   562 0000065A                                 L21:
   563 0000065A 0F BF 05 00000FF6               	MOVSX	EAX,WORD [4086]
   564 00000661 48                              	DEC	EAX
   565 00000662 39 C7                           	CMP	EDI,EAX
   566 00000664 7E 02                           	JLE	L22
   567 00000666 89 C7                           	MOV	EDI,EAX
   568 00000668                                 L22:
   569 00000668 57                              	PUSH	EDI
   570 00000669 FF B5 FFFFFBA8                  	PUSH	DWORD [-1112+EBP]
   571 0000066F 68 [0000005B]                   	PUSH	LC1
   572 00000674 53                              	PUSH	EBX
   573 00000675 E8 [00000000]                   	CALL	_sprintf
   574 0000067A 6A 0A                           	PUSH	10
   575 0000067C 53                              	PUSH	EBX
   576 0000067D 6A 0E                           	PUSH	14
   577 0000067F 6A 07                           	PUSH	7
   578 00000681 6A 00                           	PUSH	0
   579 00000683 6A 00                           	PUSH	0
   580 00000685 FF B5 FFFFFB98                  	PUSH	DWORD [-1128+EBP]
   581 0000068B E8 000002EE                     	CALL	_putfonts8_asc_sht
   582 00000690 83 C4 2C                        	ADD	ESP,44
   583 00000693 57                              	PUSH	EDI
   584 00000694 FF B5 FFFFFBA8                  	PUSH	DWORD [-1112+EBP]
   585 0000069A FF B5 FFFFFB94                  	PUSH	DWORD [-1132+EBP]
   586 000006A0 E8 [00000000]                   	CALL	_sheet_slide
   587 000006A5 83 C4 0C                        	ADD	ESP,12
   588 000006A8 F7 85 FFFFFDA0 00000001         	TEST	DWORD [-608+EBP],1
   589 000006B2 0F 84 FFFFFDC5                  	JE	L2
   590 000006B8 8D 47 F8                        	LEA	EAX,DWORD [-8+EDI]
   591 000006BB 50                              	PUSH	EAX
   592 000006BC 8B 85 FFFFFBA8                  	MOV	EAX,DWORD [-1112+EBP]
   593 000006C2 83 E8 50                        	SUB	EAX,80
   594 000006C5 50                              	PUSH	EAX
   595 000006C6 FF B5 FFFFFB90                  	PUSH	DWORD [-1136+EBP]
   596 000006CC E8 [00000000]                   	CALL	_sheet_slide
   597 000006D1 83 C4 0C                        	ADD	ESP,12
   598 000006D4 E9 FFFFFDA4                     	JMP	L2
   599 000006D9                                 L42:
   600 000006D9 31 FF                           	XOR	EDI,EDI
   601 000006DB E9 FFFFFF64                     	JMP	L20
   602 000006E0                                 L41:
   603 000006E0 C7 85 FFFFFBA8 00000000         	MOV	DWORD [-1112+EBP],0
   604 000006EA E9 FFFFFF4D                     	JMP	L19
   605 000006EF                                 L37:
   606 000006EF 50                              	PUSH	EAX
   607 000006F0 8D 75 A4                        	LEA	ESI,DWORD [-92+EBP]
   608 000006F3 68 [0000009D]                   	PUSH	LC3
   609 000006F8 56                              	PUSH	ESI
   610 000006F9 E8 [00000000]                   	CALL	_sprintf
   611 000006FE 6A 02                           	PUSH	2
   612 00000700 56                              	PUSH	ESI
   613 00000701 6A 0E                           	PUSH	14
   614 00000703 6A 07                           	PUSH	7
   615 00000705 6A 10                           	PUSH	16
   616 00000707 6A 00                           	PUSH	0
   617 00000709 FF B5 FFFFFB98                  	PUSH	DWORD [-1128+EBP]
   618 0000070F E8 0000026A                     	CALL	_putfonts8_asc_sht
   619 00000714 83 C4 28                        	ADD	ESP,40
   620 00000717 81 FB 00000153                  	CMP	EBX,339
   621 0000071D 7F 41                           	JG	L10
   622 0000071F 8A 83 [FFFFFF00]                	MOV	AL,BYTE [_keytable.0-256+EBX]
   623 00000725 84 C0                           	TEST	AL,AL
   624 00000727 74 37                           	JE	L10
   625 00000729 81 BD FFFFFBA4 0000008F         	CMP	DWORD [-1116+EBP],143
   626 00000733 7F 2B                           	JG	L10
   627 00000735 6A 01                           	PUSH	1
   628 00000737 88 45 A4                        	MOV	BYTE [-92+EBP],AL
   629 0000073A 56                              	PUSH	ESI
   630 0000073B 6A 07                           	PUSH	7
   631 0000073D 6A 00                           	PUSH	0
   632 0000073F 6A 1C                           	PUSH	28
   633 00000741 FF B5 FFFFFBA4                  	PUSH	DWORD [-1116+EBP]
   634 00000747 FF B5 FFFFFB90                  	PUSH	DWORD [-1136+EBP]
   635 0000074D C6 45 A5 00                     	MOV	BYTE [-91+EBP],0
   636 00000751 E8 00000228                     	CALL	_putfonts8_asc_sht
   637 00000756 83 C4 1C                        	ADD	ESP,28
   638 00000759 83 85 FFFFFBA4 08               	ADD	DWORD [-1116+EBP],8
   639 00000760                                 L10:
   640 00000760 81 FB 0000010E                  	CMP	EBX,270
   641 00000766 74 4C                           	JE	L43
   642 00000768                                 L12:
   643 00000768 8B 85 FFFFFBA4                  	MOV	EAX,DWORD [-1116+EBP]
   644 0000076E 6A 2B                           	PUSH	43
   645 00000770 83 C0 07                        	ADD	EAX,7
   646 00000773 8B 9D FFFFFB90                  	MOV	EBX,DWORD [-1136+EBP]
   647 00000779 50                              	PUSH	EAX
   648 0000077A 6A 1C                           	PUSH	28
   649 0000077C FF B5 FFFFFBA4                  	PUSH	DWORD [-1116+EBP]
   650 00000782 FF B5 FFFFFBA0                  	PUSH	DWORD [-1120+EBP]
   651 00000788 FF 73 04                        	PUSH	DWORD [4+EBX]
   652 0000078B FF 33                           	PUSH	DWORD [EBX]
   653 0000078D E8 [00000000]                   	CALL	_boxfill8
   654 00000792 8B 85 FFFFFBA4                  	MOV	EAX,DWORD [-1116+EBP]
   655 00000798 6A 2C                           	PUSH	44
   656 0000079A 83 C0 08                        	ADD	EAX,8
   657 0000079D 50                              	PUSH	EAX
   658 0000079E 6A 1C                           	PUSH	28
   659 000007A0 FF B5 FFFFFBA4                  	PUSH	DWORD [-1116+EBP]
   660 000007A6 53                              	PUSH	EBX
   661 000007A7 E8 [00000000]                   	CALL	_sheet_refresh
   662 000007AC 83 C4 30                        	ADD	ESP,48
   663 000007AF E9 FFFFFCC9                     	JMP	L2
   664 000007B4                                 L43:
   665 000007B4 83 BD FFFFFBA4 08               	CMP	DWORD [-1116+EBP],8
   666 000007BB 7E AB                           	JLE	L12
   667 000007BD 6A 01                           	PUSH	1
   668 000007BF 68 [000000A2]                   	PUSH	LC4
   669 000007C4 6A 07                           	PUSH	7
   670 000007C6 6A 00                           	PUSH	0
   671 000007C8 6A 1C                           	PUSH	28
   672 000007CA FF B5 FFFFFBA4                  	PUSH	DWORD [-1116+EBP]
   673 000007D0 FF B5 FFFFFB90                  	PUSH	DWORD [-1136+EBP]
   674 000007D6 E8 000001A3                     	CALL	_putfonts8_asc_sht
   675 000007DB 83 C4 1C                        	ADD	ESP,28
   676 000007DE 83 AD FFFFFBA4 08               	SUB	DWORD [-1116+EBP],8
   677 000007E5 E9 FFFFFF7E                     	JMP	L12
   678 000007EA                                 L36:
   679 000007EA 6A 20                           	PUSH	32
   680 000007EC 6A 00                           	PUSH	0
   681 000007EE E8 [00000000]                   	CALL	_farjmp
   682 000007F3 6A 02                           	PUSH	2
   683 000007F5 FF B5 FFFFFBAC                  	PUSH	DWORD [-1108+EBP]
   684 000007FB E8 [00000000]                   	CALL	_timer_settime
   685 00000800 83 C4 10                        	ADD	ESP,16
   686 00000803 E9 FFFFFC75                     	JMP	L2
   687 00000808                                 L35:
   688 00000808 E8 [00000000]                   	CALL	_io_stihlt
   689 0000080D E9 FFFFFC6B                     	JMP	L2
   690                                          [SECTION .data]
   691 000000A4                                 _closebtn.1:
   692 000000A4 4F 4F 4F 4F 4F 4F 4F 4F 4F 4F   	DB	"OOOOOOOOOOOOOOO@"
       000000AE 4F 4F 4F 4F 4F 40 
   693 000000B4 4F 51 51 51 51 51 51 51 51 51   	DB	"OQQQQQQQQQQQQQ$@"
       000000BE 51 51 51 51 24 40 
   694 000000C4 4F 51 51 51 51 51 51 51 51 51   	DB	"OQQQQQQQQQQQQQ$@"
       000000CE 51 51 51 51 24 40 
   695 000000D4 4F 51 51 51 40 40 51 51 51 51   	DB	"OQQQ@@QQQQ@@QQ$@"
       000000DE 40 40 51 51 24 40 
   696 000000E4 4F 51 51 51 51 40 40 51 51 40   	DB	"OQQQQ@@QQ@@QQQ$@"
       000000EE 40 51 51 51 24 40 
   697 000000F4 4F 51 51 51 51 51 40 40 40 40   	DB	"OQQQQQ@@@@QQQQ$@"
       000000FE 51 51 51 51 24 40 
   698 00000104 4F 51 51 51 51 51 51 40 40 51   	DB	"OQQQQQQ@@QQQQQ$@"
       0000010E 51 51 51 51 24 40 
   699 00000114 4F 51 51 51 51 51 40 40 40 40   	DB	"OQQQQQ@@@@QQQQ$@"
       0000011E 51 51 51 51 24 40 
   700 00000124 4F 51 51 51 51 40 40 51 51 40   	DB	"OQQQQ@@QQ@@QQQ$@"
       0000012E 40 51 51 51 24 40 
   701 00000134 4F 51 51 51 40 40 51 51 51 51   	DB	"OQQQ@@QQQQ@@QQ$@"
       0000013E 40 40 51 51 24 40 
   702 00000144 4F 51 51 51 51 51 51 51 51 51   	DB	"OQQQQQQQQQQQQQ$@"
       0000014E 51 51 51 51 24 40 
   703 00000154 4F 51 51 51 51 51 51 51 51 51   	DB	"OQQQQQQQQQQQQQ$@"
       0000015E 51 51 51 51 24 40 
   704 00000164 4F 24 24 24 24 24 24 24 24 24   	DB	"O$$$$$$$$$$$$$$@"
       0000016E 24 24 24 24 24 40 
   705 00000174 40 40 40 40 40 40 40 40 40 40   	DB	"@@@@@@@@@@@@@@@@"
       0000017E 40 40 40 40 40 40 
   706                                          [SECTION .text]
   707 00000812                                 	GLOBAL	_make_window8
   708 00000812                                 _make_window8:
   709 00000812 55                              	PUSH	EBP
   710 00000813 89 E5                           	MOV	EBP,ESP
   711 00000815 57                              	PUSH	EDI
   712 00000816 56                              	PUSH	ESI
   713 00000817 53                              	PUSH	EBX
   714 00000818 83 EC 14                        	SUB	ESP,20
   715 0000081B 8B 5D 0C                        	MOV	EBX,DWORD [12+EBP]
   716 0000081E 6A 00                           	PUSH	0
   717 00000820 8D 43 FF                        	LEA	EAX,DWORD [-1+EBX]
   718 00000823 8D 7B FE                        	LEA	EDI,DWORD [-2+EBX]
   719 00000826 50                              	PUSH	EAX
   720 00000827 89 45 EC                        	MOV	DWORD [-20+EBP],EAX
   721 0000082A 6A 00                           	PUSH	0
   722 0000082C 6A 00                           	PUSH	0
   723 0000082E 6A 08                           	PUSH	8
   724 00000830 53                              	PUSH	EBX
   725 00000831 FF 75 08                        	PUSH	DWORD [8+EBP]
   726 00000834 E8 [00000000]                   	CALL	_boxfill8
   727 00000839 6A 01                           	PUSH	1
   728 0000083B 57                              	PUSH	EDI
   729 0000083C 6A 01                           	PUSH	1
   730 0000083E 6A 01                           	PUSH	1
   731 00000840 6A 07                           	PUSH	7
   732 00000842 53                              	PUSH	EBX
   733 00000843 FF 75 08                        	PUSH	DWORD [8+EBP]
   734 00000846 E8 [00000000]                   	CALL	_boxfill8
   735 0000084B 8B 55 10                        	MOV	EDX,DWORD [16+EBP]
   736 0000084E 83 C4 38                        	ADD	ESP,56
   737 00000851 4A                              	DEC	EDX
   738 00000852 89 55 E8                        	MOV	DWORD [-24+EBP],EDX
   739 00000855 52                              	PUSH	EDX
   740 00000856 6A 00                           	PUSH	0
   741 00000858 6A 00                           	PUSH	0
   742 0000085A 6A 00                           	PUSH	0
   743 0000085C 6A 08                           	PUSH	8
   744 0000085E 53                              	PUSH	EBX
   745 0000085F FF 75 08                        	PUSH	DWORD [8+EBP]
   746 00000862 E8 [00000000]                   	CALL	_boxfill8
   747 00000867 8B 75 10                        	MOV	ESI,DWORD [16+EBP]
   748 0000086A 83 EE 02                        	SUB	ESI,2
   749 0000086D 56                              	PUSH	ESI
   750 0000086E 6A 01                           	PUSH	1
   751 00000870 6A 01                           	PUSH	1
   752 00000872 6A 01                           	PUSH	1
   753 00000874 6A 07                           	PUSH	7
   754 00000876 53                              	PUSH	EBX
   755 00000877 FF 75 08                        	PUSH	DWORD [8+EBP]
   756 0000087A E8 [00000000]                   	CALL	_boxfill8
   757 0000087F 83 C4 38                        	ADD	ESP,56
   758 00000882 56                              	PUSH	ESI
   759 00000883 57                              	PUSH	EDI
   760 00000884 6A 01                           	PUSH	1
   761 00000886 57                              	PUSH	EDI
   762 00000887 6A 0F                           	PUSH	15
   763 00000889 53                              	PUSH	EBX
   764 0000088A FF 75 08                        	PUSH	DWORD [8+EBP]
   765 0000088D E8 [00000000]                   	CALL	_boxfill8
   766 00000892 FF 75 E8                        	PUSH	DWORD [-24+EBP]
   767 00000895 FF 75 EC                        	PUSH	DWORD [-20+EBP]
   768 00000898 6A 00                           	PUSH	0
   769 0000089A FF 75 EC                        	PUSH	DWORD [-20+EBP]
   770 0000089D 6A 00                           	PUSH	0
   771 0000089F 53                              	PUSH	EBX
   772 000008A0 FF 75 08                        	PUSH	DWORD [8+EBP]
   773 000008A3 E8 [00000000]                   	CALL	_boxfill8
   774 000008A8 8B 45 10                        	MOV	EAX,DWORD [16+EBP]
   775 000008AB 83 C4 38                        	ADD	ESP,56
   776 000008AE 83 E8 03                        	SUB	EAX,3
   777 000008B1 50                              	PUSH	EAX
   778 000008B2 8D 43 FD                        	LEA	EAX,DWORD [-3+EBX]
   779 000008B5 50                              	PUSH	EAX
   780 000008B6 6A 02                           	PUSH	2
   781 000008B8 6A 02                           	PUSH	2
   782 000008BA 6A 08                           	PUSH	8
   783 000008BC 53                              	PUSH	EBX
   784 000008BD FF 75 08                        	PUSH	DWORD [8+EBP]
   785 000008C0 E8 [00000000]                   	CALL	_boxfill8
   786 000008C5 8D 43 FC                        	LEA	EAX,DWORD [-4+EBX]
   787 000008C8 6A 14                           	PUSH	20
   788 000008CA 50                              	PUSH	EAX
   789 000008CB 6A 03                           	PUSH	3
   790 000008CD 6A 03                           	PUSH	3
   791 000008CF 6A 0C                           	PUSH	12
   792 000008D1 53                              	PUSH	EBX
   793 000008D2 FF 75 08                        	PUSH	DWORD [8+EBP]
   794 000008D5 E8 [00000000]                   	CALL	_boxfill8
   795 000008DA 83 C4 38                        	ADD	ESP,56
   796 000008DD 56                              	PUSH	ESI
   797 000008DE 57                              	PUSH	EDI
   798 000008DF 56                              	PUSH	ESI
   799 000008E0 6A 01                           	PUSH	1
   800 000008E2 6A 0F                           	PUSH	15
   801 000008E4 53                              	PUSH	EBX
   802 000008E5 FF 75 08                        	PUSH	DWORD [8+EBP]
   803 000008E8 E8 [00000000]                   	CALL	_boxfill8
   804 000008ED FF 75 E8                        	PUSH	DWORD [-24+EBP]
   805 000008F0 FF 75 EC                        	PUSH	DWORD [-20+EBP]
   806 000008F3 FF 75 E8                        	PUSH	DWORD [-24+EBP]
   807 000008F6 6A 00                           	PUSH	0
   808 000008F8 6A 00                           	PUSH	0
   809 000008FA 6B F3 05                        	IMUL	ESI,EBX,5
   810 000008FD 53                              	PUSH	EBX
   811 000008FE FF 75 08                        	PUSH	DWORD [8+EBP]
   812 00000901 E8 [00000000]                   	CALL	_boxfill8
   813 00000906 83 C4 38                        	ADD	ESP,56
   814 00000909 FF 75 14                        	PUSH	DWORD [20+EBP]
   815 0000090C 6A 07                           	PUSH	7
   816 0000090E 6A 04                           	PUSH	4
   817 00000910 6A 18                           	PUSH	24
   818 00000912 53                              	PUSH	EBX
   819 00000913 FF 75 08                        	PUSH	DWORD [8+EBP]
   820 00000916 E8 [00000000]                   	CALL	_putfonts8_asc
   821 0000091B 83 C4 18                        	ADD	ESP,24
   822 0000091E C7 45 F0 00000000               	MOV	DWORD [-16+EBP],0
   823 00000925 C7 45 E0 00000000               	MOV	DWORD [-32+EBP],0
   824 0000092C                                 L60:
   825 0000092C 8D 04 1E                        	LEA	EAX,DWORD [ESI+EBX*1]
   826 0000092F 8B 55 08                        	MOV	EDX,DWORD [8+EBP]
   827 00000932 31 FF                           	XOR	EDI,EDI
   828 00000934 8D 4C 02 EB                     	LEA	ECX,DWORD [-21+EDX+EAX*1]
   829 00000938                                 L59:
   830 00000938 8B 45 E0                        	MOV	EAX,DWORD [-32+EBP]
   831 0000093B 8A 94 07 [000000A4]             	MOV	DL,BYTE [_closebtn.1+EDI+EAX*1]
   832 00000942 80 FA 40                        	CMP	DL,64
   833 00000945 74 33                           	JE	L65
   834 00000947 80 FA 24                        	CMP	DL,36
   835 0000094A 74 2A                           	JE	L66
   836 0000094C 80 FA 51                        	CMP	DL,81
   837 0000094F B2 08                           	MOV	DL,8
   838 00000951 0F 95 C0                        	SETNE	AL
   839 00000954 28 C2                           	SUB	DL,AL
   840 00000956                                 L54:
   841 00000956 47                              	INC	EDI
   842 00000957 88 11                           	MOV	BYTE [ECX],DL
   843 00000959 41                              	INC	ECX
   844 0000095A 83 FF 0F                        	CMP	EDI,15
   845 0000095D 7E D9                           	JLE	L59
   846 0000095F FF 45 F0                        	INC	DWORD [-16+EBP]
   847 00000962 01 DE                           	ADD	ESI,EBX
   848 00000964 83 45 E0 10                     	ADD	DWORD [-32+EBP],16
   849 00000968 83 7D F0 0D                     	CMP	DWORD [-16+EBP],13
   850 0000096C 7E BE                           	JLE	L60
   851 0000096E 8D 65 F4                        	LEA	ESP,DWORD [-12+EBP]
   852 00000971 5B                              	POP	EBX
   853 00000972 5E                              	POP	ESI
   854 00000973 5F                              	POP	EDI
   855 00000974 5D                              	POP	EBP
   856 00000975 C3                              	RET
   857 00000976                                 L66:
   858 00000976 B2 0F                           	MOV	DL,15
   859 00000978 EB DC                           	JMP	L54
   860 0000097A                                 L65:
   861 0000097A 31 D2                           	XOR	EDX,EDX
   862 0000097C EB D8                           	JMP	L54
   863 0000097E                                 	GLOBAL	_putfonts8_asc_sht
   864 0000097E                                 _putfonts8_asc_sht:
   865 0000097E 55                              	PUSH	EBP
   866 0000097F 89 E5                           	MOV	EBP,ESP
   867 00000981 57                              	PUSH	EDI
   868 00000982 56                              	PUSH	ESI
   869 00000983 53                              	PUSH	EBX
   870 00000984 83 EC 0C                        	SUB	ESP,12
   871 00000987 8B 45 08                        	MOV	EAX,DWORD [8+EBP]
   872 0000098A 8B 7D 10                        	MOV	EDI,DWORD [16+EBP]
   873 0000098D 89 45 F0                        	MOV	DWORD [-16+EBP],EAX
   874 00000990 8B 5D 14                        	MOV	EBX,DWORD [20+EBP]
   875 00000993 8B 45 0C                        	MOV	EAX,DWORD [12+EBP]
   876 00000996 89 45 EC                        	MOV	DWORD [-20+EBP],EAX
   877 00000999 8B 45 1C                        	MOV	EAX,DWORD [28+EBP]
   878 0000099C 89 45 E8                        	MOV	DWORD [-24+EBP],EAX
   879 0000099F 8D 47 0F                        	LEA	EAX,DWORD [15+EDI]
   880 000009A2 50                              	PUSH	EAX
   881 000009A3 8B 45 EC                        	MOV	EAX,DWORD [-20+EBP]
   882 000009A6 8B 75 20                        	MOV	ESI,DWORD [32+EBP]
   883 000009A9 0F BE DB                        	MOVSX	EBX,BL
   884 000009AC 8D 34 F0                        	LEA	ESI,DWORD [EAX+ESI*8]
   885 000009AF 8D 46 FF                        	LEA	EAX,DWORD [-1+ESI]
   886 000009B2 50                              	PUSH	EAX
   887 000009B3 57                              	PUSH	EDI
   888 000009B4 FF 75 EC                        	PUSH	DWORD [-20+EBP]
   889 000009B7 0F B6 45 18                     	MOVZX	EAX,BYTE [24+EBP]
   890 000009BB 50                              	PUSH	EAX
   891 000009BC 8B 45 F0                        	MOV	EAX,DWORD [-16+EBP]
   892 000009BF FF 70 04                        	PUSH	DWORD [4+EAX]
   893 000009C2 FF 30                           	PUSH	DWORD [EAX]
   894 000009C4 E8 [00000000]                   	CALL	_boxfill8
   895 000009C9 FF 75 E8                        	PUSH	DWORD [-24+EBP]
   896 000009CC 53                              	PUSH	EBX
   897 000009CD 57                              	PUSH	EDI
   898 000009CE FF 75 EC                        	PUSH	DWORD [-20+EBP]
   899 000009D1 8B 45 F0                        	MOV	EAX,DWORD [-16+EBP]
   900 000009D4 FF 70 04                        	PUSH	DWORD [4+EAX]
   901 000009D7 FF 30                           	PUSH	DWORD [EAX]
   902 000009D9 E8 [00000000]                   	CALL	_putfonts8_asc
   903 000009DE 89 7D 10                        	MOV	DWORD [16+EBP],EDI
   904 000009E1 8D 47 10                        	LEA	EAX,DWORD [16+EDI]
   905 000009E4 89 75 14                        	MOV	DWORD [20+EBP],ESI
   906 000009E7 89 45 18                        	MOV	DWORD [24+EBP],EAX
   907 000009EA 83 C4 34                        	ADD	ESP,52
   908 000009ED 8B 45 EC                        	MOV	EAX,DWORD [-20+EBP]
   909 000009F0 89 45 0C                        	MOV	DWORD [12+EBP],EAX
   910 000009F3 8B 45 F0                        	MOV	EAX,DWORD [-16+EBP]
   911 000009F6 89 45 08                        	MOV	DWORD [8+EBP],EAX
   912 000009F9 8D 65 F4                        	LEA	ESP,DWORD [-12+EBP]
   913 000009FC 5B                              	POP	EBX
   914 000009FD 5E                              	POP	ESI
   915 000009FE 5F                              	POP	EDI
   916 000009FF 5D                              	POP	EBP
   917 00000A00 E9 [00000000]                   	JMP	_sheet_refresh
   918 00000A05                                 	GLOBAL	_make_textbox8
   919 00000A05                                 _make_textbox8:
   920 00000A05 55                              	PUSH	EBP
   921 00000A06 89 E5                           	MOV	EBP,ESP
   922 00000A08 57                              	PUSH	EDI
   923 00000A09 56                              	PUSH	ESI
   924 00000A0A 53                              	PUSH	EBX
   925 00000A0B 83 EC 14                        	SUB	ESP,20
   926 00000A0E 8B 45 0C                        	MOV	EAX,DWORD [12+EBP]
   927 00000A11 8B 75 10                        	MOV	ESI,DWORD [16+EBP]
   928 00000A14 03 45 14                        	ADD	EAX,DWORD [20+EBP]
   929 00000A17 83 EE 03                        	SUB	ESI,3
   930 00000A1A 56                              	PUSH	ESI
   931 00000A1B 89 45 F0                        	MOV	DWORD [-16+EBP],EAX
   932 00000A1E 8B 45 10                        	MOV	EAX,DWORD [16+EBP]
   933 00000A21 03 45 18                        	ADD	EAX,DWORD [24+EBP]
   934 00000A24 89 45 EC                        	MOV	DWORD [-20+EBP],EAX
   935 00000A27 8B 45 F0                        	MOV	EAX,DWORD [-16+EBP]
   936 00000A2A 40                              	INC	EAX
   937 00000A2B 50                              	PUSH	EAX
   938 00000A2C 89 45 E8                        	MOV	DWORD [-24+EBP],EAX
   939 00000A2F 8B 45 0C                        	MOV	EAX,DWORD [12+EBP]
   940 00000A32 56                              	PUSH	ESI
   941 00000A33 83 E8 02                        	SUB	EAX,2
   942 00000A36 50                              	PUSH	EAX
   943 00000A37 89 45 E4                        	MOV	DWORD [-28+EBP],EAX
   944 00000A3A 8B 45 08                        	MOV	EAX,DWORD [8+EBP]
   945 00000A3D 6A 0F                           	PUSH	15
   946 00000A3F FF 70 04                        	PUSH	DWORD [4+EAX]
   947 00000A42 FF 30                           	PUSH	DWORD [EAX]
   948 00000A44 E8 [00000000]                   	CALL	_boxfill8
   949 00000A49 8B 7D 0C                        	MOV	EDI,DWORD [12+EBP]
   950 00000A4C 8B 45 EC                        	MOV	EAX,DWORD [-20+EBP]
   951 00000A4F 83 EF 03                        	SUB	EDI,3
   952 00000A52 40                              	INC	EAX
   953 00000A53 50                              	PUSH	EAX
   954 00000A54 89 45 E0                        	MOV	DWORD [-32+EBP],EAX
   955 00000A57 57                              	PUSH	EDI
   956 00000A58 8B 45 08                        	MOV	EAX,DWORD [8+EBP]
   957 00000A5B 56                              	PUSH	ESI
   958 00000A5C 57                              	PUSH	EDI
   959 00000A5D 6A 0F                           	PUSH	15
   960 00000A5F FF 70 04                        	PUSH	DWORD [4+EAX]
   961 00000A62 FF 30                           	PUSH	DWORD [EAX]
   962 00000A64 E8 [00000000]                   	CALL	_boxfill8
   963 00000A69 8B 45 08                        	MOV	EAX,DWORD [8+EBP]
   964 00000A6C 83 C4 38                        	ADD	ESP,56
   965 00000A6F 8B 5D EC                        	MOV	EBX,DWORD [-20+EBP]
   966 00000A72 83 C3 02                        	ADD	EBX,2
   967 00000A75 53                              	PUSH	EBX
   968 00000A76 FF 75 E8                        	PUSH	DWORD [-24+EBP]
   969 00000A79 53                              	PUSH	EBX
   970 00000A7A 57                              	PUSH	EDI
   971 00000A7B 6A 07                           	PUSH	7
   972 00000A7D FF 70 04                        	PUSH	DWORD [4+EAX]
   973 00000A80 FF 30                           	PUSH	DWORD [EAX]
   974 00000A82 E8 [00000000]                   	CALL	_boxfill8
   975 00000A87 8B 45 F0                        	MOV	EAX,DWORD [-16+EBP]
   976 00000A8A 53                              	PUSH	EBX
   977 00000A8B 83 C0 02                        	ADD	EAX,2
   978 00000A8E 50                              	PUSH	EAX
   979 00000A8F 56                              	PUSH	ESI
   980 00000A90 50                              	PUSH	EAX
   981 00000A91 8B 45 08                        	MOV	EAX,DWORD [8+EBP]
   982 00000A94 6A 07                           	PUSH	7
   983 00000A96 FF 70 04                        	PUSH	DWORD [4+EAX]
   984 00000A99 FF 30                           	PUSH	DWORD [EAX]
   985 00000A9B E8 [00000000]                   	CALL	_boxfill8
   986 00000AA0 8B 45 08                        	MOV	EAX,DWORD [8+EBP]
   987 00000AA3 83 C4 38                        	ADD	ESP,56
   988 00000AA6 8B 5D 10                        	MOV	EBX,DWORD [16+EBP]
   989 00000AA9 83 EB 02                        	SUB	EBX,2
   990 00000AAC 8B 7D 0C                        	MOV	EDI,DWORD [12+EBP]
   991 00000AAF 53                              	PUSH	EBX
   992 00000AB0 4F                              	DEC	EDI
   993 00000AB1 FF 75 F0                        	PUSH	DWORD [-16+EBP]
   994 00000AB4 53                              	PUSH	EBX
   995 00000AB5 57                              	PUSH	EDI
   996 00000AB6 6A 00                           	PUSH	0
   997 00000AB8 FF 70 04                        	PUSH	DWORD [4+EAX]
   998 00000ABB FF 30                           	PUSH	DWORD [EAX]
   999 00000ABD E8 [00000000]                   	CALL	_boxfill8
  1000 00000AC2 8B 45 08                        	MOV	EAX,DWORD [8+EBP]
  1001 00000AC5 FF 75 EC                        	PUSH	DWORD [-20+EBP]
  1002 00000AC8 FF 75 E4                        	PUSH	DWORD [-28+EBP]
  1003 00000ACB 53                              	PUSH	EBX
  1004 00000ACC FF 75 E4                        	PUSH	DWORD [-28+EBP]
  1005 00000ACF 6A 00                           	PUSH	0
  1006 00000AD1 FF 70 04                        	PUSH	DWORD [4+EAX]
  1007 00000AD4 FF 30                           	PUSH	DWORD [EAX]
  1008 00000AD6 E8 [00000000]                   	CALL	_boxfill8
  1009 00000ADB 8B 45 08                        	MOV	EAX,DWORD [8+EBP]
  1010 00000ADE 83 C4 38                        	ADD	ESP,56
  1011 00000AE1 FF 75 E0                        	PUSH	DWORD [-32+EBP]
  1012 00000AE4 FF 75 F0                        	PUSH	DWORD [-16+EBP]
  1013 00000AE7 FF 75 E0                        	PUSH	DWORD [-32+EBP]
  1014 00000AEA FF 75 E4                        	PUSH	DWORD [-28+EBP]
  1015 00000AED 6A 08                           	PUSH	8
  1016 00000AEF FF 70 04                        	PUSH	DWORD [4+EAX]
  1017 00000AF2 FF 30                           	PUSH	DWORD [EAX]
  1018 00000AF4 E8 [00000000]                   	CALL	_boxfill8
  1019 00000AF9 8B 45 08                        	MOV	EAX,DWORD [8+EBP]
  1020 00000AFC FF 75 E0                        	PUSH	DWORD [-32+EBP]
  1021 00000AFF FF 75 E8                        	PUSH	DWORD [-24+EBP]
  1022 00000B02 53                              	PUSH	EBX
  1023 00000B03 FF 75 E8                        	PUSH	DWORD [-24+EBP]
  1024 00000B06 6A 08                           	PUSH	8
  1025 00000B08 FF 70 04                        	PUSH	DWORD [4+EAX]
  1026 00000B0B FF 30                           	PUSH	DWORD [EAX]
  1027 00000B0D E8 [00000000]                   	CALL	_boxfill8
  1028 00000B12 8B 45 10                        	MOV	EAX,DWORD [16+EBP]
  1029 00000B15 83 C4 38                        	ADD	ESP,56
  1030 00000B18 48                              	DEC	EAX
  1031 00000B19 FF 75 EC                        	PUSH	DWORD [-20+EBP]
  1032 00000B1C FF 75 F0                        	PUSH	DWORD [-16+EBP]
  1033 00000B1F 50                              	PUSH	EAX
  1034 00000B20 57                              	PUSH	EDI
  1035 00000B21 0F B6 45 1C                     	MOVZX	EAX,BYTE [28+EBP]
  1036 00000B25 50                              	PUSH	EAX
  1037 00000B26 8B 45 08                        	MOV	EAX,DWORD [8+EBP]
  1038 00000B29 FF 70 04                        	PUSH	DWORD [4+EAX]
  1039 00000B2C FF 30                           	PUSH	DWORD [EAX]
  1040 00000B2E E8 [00000000]                   	CALL	_boxfill8
  1041 00000B33 8D 65 F4                        	LEA	ESP,DWORD [-12+EBP]
  1042 00000B36 5B                              	POP	EBX
  1043 00000B37 5E                              	POP	ESI
  1044 00000B38 5F                              	POP	EDI
  1045 00000B39 5D                              	POP	EBP
  1046 00000B3A C3                              	RET
  1047                                          [SECTION .data]
  1048 00000184                                 LC8:
  1049 00000184 25 64 00                        	DB	"%d",0x00
  1050                                          [SECTION .text]
  1051 00000B3B                                 	GLOBAL	_task_b_main
  1052 00000B3B                                 _task_b_main:
  1053 00000B3B 55                              	PUSH	EBP
  1054 00000B3C 89 E5                           	MOV	EBP,ESP
  1055 00000B3E 57                              	PUSH	EDI
  1056 00000B3F 56                              	PUSH	ESI
  1057 00000B40 31 FF                           	XOR	EDI,EDI
  1058 00000B42 53                              	PUSH	EBX
  1059 00000B43 8D 85 FFFFFDD4                  	LEA	EAX,DWORD [-556+EBP]
  1060 00000B49 81 EC 00000234                  	SUB	ESP,564
  1061 00000B4F 8D 5D D4                        	LEA	EBX,DWORD [-44+EBP]
  1062 00000B52 50                              	PUSH	EAX
  1063 00000B53 68 00000080                     	PUSH	128
  1064 00000B58 53                              	PUSH	EBX
  1065 00000B59 E8 [00000000]                   	CALL	_fifo32_init
  1066 00000B5E E8 [00000000]                   	CALL	_timer_alloc
  1067 00000B63 6A 01                           	PUSH	1
  1068 00000B65 53                              	PUSH	EBX
  1069 00000B66 89 C6                           	MOV	ESI,EAX
  1070 00000B68 50                              	PUSH	EAX
  1071 00000B69 E8 [00000000]                   	CALL	_timer_init
  1072 00000B6E 6A 02                           	PUSH	2
  1073 00000B70 56                              	PUSH	ESI
  1074 00000B71 E8 [00000000]                   	CALL	_timer_settime
  1075 00000B76 83 C4 20                        	ADD	ESP,32
  1076 00000B79 A1 00000FEC                     	MOV	EAX,DWORD [4076]
  1077 00000B7E 89 85 FFFFFDC0                  	MOV	DWORD [-576+EBP],EAX
  1078 00000B84                                 L70:
  1079 00000B84 47                              	INC	EDI
  1080 00000B85 E8 [00000000]                   	CALL	_io_cli
  1081 00000B8A 57                              	PUSH	EDI
  1082 00000B8B 8D 9D FFFFFDC4                  	LEA	EBX,DWORD [-572+EBP]
  1083 00000B91 68 [00000184]                   	PUSH	LC8
  1084 00000B96 53                              	PUSH	EBX
  1085 00000B97 E8 [00000000]                   	CALL	_sprintf
  1086 00000B9C 6A 0A                           	PUSH	10
  1087 00000B9E 53                              	PUSH	EBX
  1088 00000B9F 8D 5D D4                        	LEA	EBX,DWORD [-44+EBP]
  1089 00000BA2 6A 0E                           	PUSH	14
  1090 00000BA4 6A 07                           	PUSH	7
  1091 00000BA6 68 00000090                     	PUSH	144
  1092 00000BAB 6A 00                           	PUSH	0
  1093 00000BAD FF B5 FFFFFDC0                  	PUSH	DWORD [-576+EBP]
  1094 00000BB3 E8 FFFFFDC6                     	CALL	_putfonts8_asc_sht
  1095 00000BB8 83 C4 28                        	ADD	ESP,40
  1096 00000BBB 53                              	PUSH	EBX
  1097 00000BBC E8 [00000000]                   	CALL	_fifo32_status
  1098 00000BC1 5A                              	POP	EDX
  1099 00000BC2 85 C0                           	TEST	EAX,EAX
  1100 00000BC4 74 27                           	JE	L76
  1101 00000BC6 53                              	PUSH	EBX
  1102 00000BC7 E8 [00000000]                   	CALL	_fifo32_get
  1103 00000BCC 89 C3                           	MOV	EBX,EAX
  1104 00000BCE E8 [00000000]                   	CALL	_io_sti
  1105 00000BD3 59                              	POP	ECX
  1106 00000BD4 4B                              	DEC	EBX
  1107 00000BD5 75 AD                           	JNE	L70
  1108 00000BD7 6A 18                           	PUSH	24
  1109 00000BD9 6A 00                           	PUSH	0
  1110 00000BDB E8 [00000000]                   	CALL	_farjmp
  1111 00000BE0 6A 02                           	PUSH	2
  1112 00000BE2 56                              	PUSH	ESI
  1113 00000BE3 E8 [00000000]                   	CALL	_timer_settime
  1114 00000BE8 83 C4 10                        	ADD	ESP,16
  1115 00000BEB EB 97                           	JMP	L70
  1116 00000BED                                 L76:
  1117 00000BED E8 [00000000]                   	CALL	_io_sti
  1118 00000BF2 E8 [00000000]                   	CALL	_io_hlt
  1119 00000BF7 EB 8B                           	JMP	L70
